mmap(NULL, 8192, PROT_READ|PROT_WRITE, MAP_PRIVATE|MAP_ANONYMOUS, -1, 0) = 0x7197f3ff3000
openat(AT_FDCWD, "/usr/local/cuda/lib64/glibc-hwcaps/x86-64-v4/libcuda.so.1", O_RDONLY|O_CLOEXEC) = -1 ENOENT (No such file or directory)
openat(AT_FDCWD, "/usr/local/cuda/lib64/glibc-hwcaps/x86-64-v3/libcuda.so.1", O_RDONLY|O_CLOEXEC) = -1 ENOENT (No such file or directory)
openat(AT_FDCWD, "/usr/local/cuda/lib64/glibc-hwcaps/x86-64-v2/libcuda.so.1", O_RDONLY|O_CLOEXEC) = -1 ENOENT (No such file or directory)
openat(AT_FDCWD, "/usr/local/cuda/lib64/tls/haswell/avx512_1/x86_64/libcuda.so.1", O_RDONLY|O_CLOEXEC) = -1 ENOENT (No such file or directory)
openat(AT_FDCWD, "/usr/local/cuda/lib64/tls/haswell/avx512_1/libcuda.so.1", O_RDONLY|O_CLOEXEC) = -1 ENOENT (No such file or directory)
openat(AT_FDCWD, "/usr/local/cuda/lib64/tls/haswell/x86_64/libcuda.so.1", O_RDONLY|O_CLOEXEC) = -1 ENOENT (No such file or directory)
openat(AT_FDCWD, "/usr/local/cuda/lib64/tls/haswell/libcuda.so.1", O_RDONLY|O_CLOEXEC) = -1 ENOENT (No such file or directory)
openat(AT_FDCWD, "/usr/local/cuda/lib64/tls/avx512_1/x86_64/libcuda.so.1", O_RDONLY|O_CLOEXEC) = -1 ENOENT (No such file or directory)
openat(AT_FDCWD, "/usr/local/cuda/lib64/tls/avx512_1/libcuda.so.1", O_RDONLY|O_CLOEXEC) = -1 ENOENT (No such file or directory)
openat(AT_FDCWD, "/usr/local/cuda/lib64/tls/x86_64/libcuda.so.1", O_RDONLY|O_CLOEXEC) = -1 ENOENT (No such file or directory)
openat(AT_FDCWD, "/usr/local/cuda/lib64/tls/libcuda.so.1", O_RDONLY|O_CLOEXEC) = -1 ENOENT (No such file or directory)
openat(AT_FDCWD, "/usr/local/cuda/lib64/haswell/avx512_1/x86_64/libcuda.so.1", O_RDONLY|O_CLOEXEC) = -1 ENOENT (No such file or directory)
openat(AT_FDCWD, "/usr/local/cuda/lib64/haswell/avx512_1/libcuda.so.1", O_RDONLY|O_CLOEXEC) = -1 ENOENT (No such file or directory)
openat(AT_FDCWD, "/usr/local/cuda/lib64/haswell/x86_64/libcuda.so.1", O_RDONLY|O_CLOEXEC) = -1 ENOENT (No such file or directory)
openat(AT_FDCWD, "/usr/local/cuda/lib64/haswell/libcuda.so.1", O_RDONLY|O_CLOEXEC) = -1 ENOENT (No such file or directory)
openat(AT_FDCWD, "/usr/local/cuda/lib64/avx512_1/x86_64/libcuda.so.1", O_RDONLY|O_CLOEXEC) = -1 ENOENT (No such file or directory)
openat(AT_FDCWD, "/usr/local/cuda/lib64/avx512_1/libcuda.so.1", O_RDONLY|O_CLOEXEC) = -1 ENOENT (No such file or directory)
openat(AT_FDCWD, "/usr/local/cuda/lib64/x86_64/libcuda.so.1", O_RDONLY|O_CLOEXEC) = -1 ENOENT (No such file or directory)
openat(AT_FDCWD, "/usr/local/cuda/lib64/libcuda.so.1", O_RDONLY|O_CLOEXEC) = -1 ENOENT (No such file or directory)
openat(AT_FDCWD, "/usr/local/cuda-12.5/lib64/glibc-hwcaps/x86-64-v4/libcuda.so.1", O_RDONLY|O_CLOEXEC) = -1 ENOENT (No such file or directory)
openat(AT_FDCWD, "/usr/local/cuda-12.5/lib64/glibc-hwcaps/x86-64-v3/libcuda.so.1", O_RDONLY|O_CLOEXEC) = -1 ENOENT (No such file or directory)
openat(AT_FDCWD, "/usr/local/cuda-12.5/lib64/glibc-hwcaps/x86-64-v2/libcuda.so.1", O_RDONLY|O_CLOEXEC) = -1 ENOENT (No such file or directory)
openat(AT_FDCWD, "/usr/local/cuda-12.5/lib64/tls/haswell/avx512_1/x86_64/libcuda.so.1", O_RDONLY|O_CLOEXEC) = -1 ENOENT (No such file or directory)
openat(AT_FDCWD, "/usr/local/cuda-12.5/lib64/tls/haswell/avx512_1/libcuda.so.1", O_RDONLY|O_CLOEXEC) = -1 ENOENT (No such file or directory)
openat(AT_FDCWD, "/usr/local/cuda-12.5/lib64/tls/haswell/x86_64/libcuda.so.1", O_RDONLY|O_CLOEXEC) = -1 ENOENT (No such file or directory)
openat(AT_FDCWD, "/usr/local/cuda-12.5/lib64/tls/haswell/libcuda.so.1", O_RDONLY|O_CLOEXEC) = -1 ENOENT (No such file or directory)
openat(AT_FDCWD, "/usr/local/cuda-12.5/lib64/tls/avx512_1/x86_64/libcuda.so.1", O_RDONLY|O_CLOEXEC) = -1 ENOENT (No such file or directory)
openat(AT_FDCWD, "/usr/local/cuda-12.5/lib64/tls/avx512_1/libcuda.so.1", O_RDONLY|O_CLOEXEC) = -1 ENOENT (No such file or directory)
openat(AT_FDCWD, "/usr/local/cuda-12.5/lib64/tls/x86_64/libcuda.so.1", O_RDONLY|O_CLOEXEC) = -1 ENOENT (No such file or directory)
openat(AT_FDCWD, "/usr/local/cuda-12.5/lib64/tls/libcuda.so.1", O_RDONLY|O_CLOEXEC) = -1 ENOENT (No such file or directory)
openat(AT_FDCWD, "/usr/local/cuda-12.5/lib64/haswell/avx512_1/x86_64/libcuda.so.1", O_RDONLY|O_CLOEXEC) = -1 ENOENT (No such file or directory)
openat(AT_FDCWD, "/usr/local/cuda-12.5/lib64/haswell/avx512_1/libcuda.so.1", O_RDONLY|O_CLOEXEC) = -1 ENOENT (No such file or directory)
openat(AT_FDCWD, "/usr/local/cuda-12.5/lib64/haswell/x86_64/libcuda.so.1", O_RDONLY|O_CLOEXEC) = -1 ENOENT (No such file or directory)
openat(AT_FDCWD, "/usr/local/cuda-12.5/lib64/haswell/libcuda.so.1", O_RDONLY|O_CLOEXEC) = -1 ENOENT (No such file or directory)
openat(AT_FDCWD, "/usr/local/cuda-12.5/lib64/avx512_1/x86_64/libcuda.so.1", O_RDONLY|O_CLOEXEC) = -1 ENOENT (No such file or directory)
openat(AT_FDCWD, "/usr/local/cuda-12.5/lib64/avx512_1/libcuda.so.1", O_RDONLY|O_CLOEXEC) = -1 ENOENT (No such file or directory)
openat(AT_FDCWD, "/usr/local/cuda-12.5/lib64/x86_64/libcuda.so.1", O_RDONLY|O_CLOEXEC) = -1 ENOENT (No such file or directory)
openat(AT_FDCWD, "/usr/local/cuda-12.5/lib64/libcuda.so.1", O_RDONLY|O_CLOEXEC) = -1 ENOENT (No such file or directory)
openat(AT_FDCWD, "/etc/ld.so.cache", O_RDONLY|O_CLOEXEC) = 5
mmap(NULL, 114616, PROT_READ, MAP_PRIVATE, 5, 0) = 0x7197f3fd7000
openat(AT_FDCWD, "/lib/x86_64-linux-gnu/libcuda.so.1", O_RDONLY|O_CLOEXEC) = 5
read(5, "\177ELF\2\1\1\0\0\0\0\0\0\0\0\0\3\0>\0\1\0\0\0@\376\n\0\0\0\0\0"..., 832) = 832
mmap(NULL, 28517280, PROT_READ, MAP_PRIVATE|MAP_DENYWRITE, 5, 0) = 0x7197f2400000
mmap(0x7197f24af000, 4759552, PROT_READ|PROT_EXEC, MAP_PRIVATE|MAP_FIXED|MAP_DENYWRITE, 5, 0xaf000) = 0x7197f24af000
mmap(0x7197f2939000, 21852160, PROT_READ, MAP_PRIVATE|MAP_FIXED|MAP_DENYWRITE, 5, 0x539000) = 0x7197f2939000
mmap(0x7197f3e11000, 765952, PROT_READ|PROT_WRITE, MAP_PRIVATE|MAP_FIXED|MAP_DENYWRITE, 5, 0x1a10000) = 0x7197f3e11000
mmap(0x7197f3ecc000, 418720, PROT_READ|PROT_WRITE, MAP_PRIVATE|MAP_FIXED|MAP_ANONYMOUS, -1, 0) = 0x7197f3ecc000
openat(AT_FDCWD, "/usr/local/cuda-12.5/lib64/libc.so.6", O_RDONLY|O_CLOEXEC) = -1 ENOENT (No such file or directory)
openat(AT_FDCWD, "/lib/x86_64-linux-gnu/libc.so.6", O_RDONLY|O_CLOEXEC) = 5
read(5, "\177ELF\2\1\1\3\0\0\0\0\0\0\0\0\3\0>\0\1\0\0\0P\237\2\0\0\0\0\0"..., 832) = 832
mmap(NULL, 2264656, PROT_READ, MAP_PRIVATE|MAP_DENYWRITE, 5, 0) = 0x7197f2000000
mmap(0x7197f2028000, 1658880, PROT_READ|PROT_EXEC, MAP_PRIVATE|MAP_FIXED|MAP_DENYWRITE, 5, 0x28000) = 0x7197f2028000
mmap(0x7197f21bd000, 360448, PROT_READ, MAP_PRIVATE|MAP_FIXED|MAP_DENYWRITE, 5, 0x1bd000) = 0x7197f21bd000
mmap(0x7197f2216000, 24576, PROT_READ|PROT_WRITE, MAP_PRIVATE|MAP_FIXED|MAP_DENYWRITE, 5, 0x215000) = 0x7197f2216000
mmap(0x7197f221c000, 52816, PROT_READ|PROT_WRITE, MAP_PRIVATE|MAP_FIXED|MAP_ANONYMOUS, -1, 0) = 0x7197f221c000
openat(AT_FDCWD, "/usr/local/cuda-12.5/lib64/libm.so.6", O_RDONLY|O_CLOEXEC) = -1 ENOENT (No such file or directory)
openat(AT_FDCWD, "/lib/x86_64-linux-gnu/libm.so.6", O_RDONLY|O_CLOEXEC) = 5
read(5, "\177ELF\2\1\1\3\0\0\0\0\0\0\0\0\3\0>\0\1\0\0\0\0\0\0\0\0\0\0\0"..., 832) = 832
mmap(NULL, 942344, PROT_READ, MAP_PRIVATE|MAP_DENYWRITE, 5, 0) = 0x7197f2319000
mmap(0x7197f2327000, 507904, PROT_READ|PROT_EXEC, MAP_PRIVATE|MAP_FIXED|MAP_DENYWRITE, 5, 0xe000) = 0x7197f2327000
mmap(0x7197f23a3000, 372736, PROT_READ, MAP_PRIVATE|MAP_FIXED|MAP_DENYWRITE, 5, 0x8a000) = 0x7197f23a3000
mmap(0x7197f23fe000, 8192, PROT_READ|PROT_WRITE, MAP_PRIVATE|MAP_FIXED|MAP_DENYWRITE, 5, 0xe4000) = 0x7197f23fe000
openat(AT_FDCWD, "/usr/local/cuda-12.5/lib64/libdl.so.2", O_RDONLY|O_CLOEXEC) = -1 ENOENT (No such file or directory)
openat(AT_FDCWD, "/lib/x86_64-linux-gnu/libdl.so.2", O_RDONLY|O_CLOEXEC) = 5
read(5, "\177ELF\2\1\1\0\0\0\0\0\0\0\0\0\3\0>\0\1\0\0\0\0\0\0\0\0\0\0\0"..., 832) = 832
mmap(NULL, 16424, PROT_READ, MAP_PRIVATE|MAP_DENYWRITE, 5, 0) = 0x7197f3fd2000
mmap(0x7197f3fd3000, 4096, PROT_READ|PROT_EXEC, MAP_PRIVATE|MAP_FIXED|MAP_DENYWRITE, 5, 0x1000) = 0x7197f3fd3000
mmap(0x7197f3fd4000, 4096, PROT_READ, MAP_PRIVATE|MAP_FIXED|MAP_DENYWRITE, 5, 0x2000) = 0x7197f3fd4000
mmap(0x7197f3fd5000, 8192, PROT_READ|PROT_WRITE, MAP_PRIVATE|MAP_FIXED|MAP_DENYWRITE, 5, 0x2000) = 0x7197f3fd5000
openat(AT_FDCWD, "/usr/local/cuda-12.5/lib64/libpthread.so.0", O_RDONLY|O_CLOEXEC) = -1 ENOENT (No such file or directory)
openat(AT_FDCWD, "/lib/x86_64-linux-gnu/libpthread.so.0", O_RDONLY|O_CLOEXEC) = 5
read(5, "\177ELF\2\1\1\0\0\0\0\0\0\0\0\0\3\0>\0\1\0\0\0\0\0\0\0\0\0\0\0"..., 832) = 832
mmap(NULL, 16424, PROT_READ, MAP_PRIVATE|MAP_DENYWRITE, 5, 0) = 0x7197f3fcd000
mmap(0x7197f3fce000, 4096, PROT_READ|PROT_EXEC, MAP_PRIVATE|MAP_FIXED|MAP_DENYWRITE, 5, 0x1000) = 0x7197f3fce000
mmap(0x7197f3fcf000, 4096, PROT_READ, MAP_PRIVATE|MAP_FIXED|MAP_DENYWRITE, 5, 0x2000) = 0x7197f3fcf000
mmap(0x7197f3fd0000, 8192, PROT_READ|PROT_WRITE, MAP_PRIVATE|MAP_FIXED|MAP_DENYWRITE, 5, 0x2000) = 0x7197f3fd0000
openat(AT_FDCWD, "/usr/local/cuda-12.5/lib64/librt.so.1", O_RDONLY|O_CLOEXEC) = -1 ENOENT (No such file or directory)
openat(AT_FDCWD, "/lib/x86_64-linux-gnu/librt.so.1", O_RDONLY|O_CLOEXEC) = 5
read(5, "\177ELF\2\1\1\0\0\0\0\0\0\0\0\0\3\0>\0\1\0\0\0\0\0\0\0\0\0\0\0"..., 832) = 832
mmap(NULL, 8192, PROT_READ|PROT_WRITE, MAP_PRIVATE|MAP_ANONYMOUS, -1, 0) = 0x7197f3fcb000
mmap(NULL, 16440, PROT_READ, MAP_PRIVATE|MAP_DENYWRITE, 5, 0) = 0x7197f3fc6000
mmap(0x7197f3fc7000, 4096, PROT_READ|PROT_EXEC, MAP_PRIVATE|MAP_FIXED|MAP_DENYWRITE, 5, 0x1000) = 0x7197f3fc7000
mmap(0x7197f3fc8000, 4096, PROT_READ, MAP_PRIVATE|MAP_FIXED|MAP_DENYWRITE, 5, 0x2000) = 0x7197f3fc8000
mmap(0x7197f3fc9000, 8192, PROT_READ|PROT_WRITE, MAP_PRIVATE|MAP_FIXED|MAP_DENYWRITE, 5, 0x2000) = 0x7197f3fc9000
mmap(NULL, 20480, PROT_READ|PROT_WRITE, MAP_PRIVATE|MAP_ANONYMOUS, -1, 0) = 0x7197f3fc1000
munmap(0x7197f3fd7000, 114616)          = 0
openat(AT_FDCWD, "/sys/devices/system/cpu/online", O_RDONLY|O_CLOEXEC) = 5
read(5, "0-63\n", 1024)                 = 5
openat(AT_FDCWD, "/sys/devices/system/cpu/online", O_RDONLY|O_CLOEXEC) = 5
read(5, "0-63\n", 1024)                 = 5
openat(AT_FDCWD, "/proc/sys/vm/mmap_min_addr", O_RDONLY) = 5
read(5, "65536\n", 1024)                = 6
openat(AT_FDCWD, "/proc/cpuinfo", O_RDONLY) = 5
read(5, "processor\t: 0\nvendor_id\t: Genuin"..., 1024) = 1024
read(5, "b intel_pt avx512cd sha_ni avx51"..., 1024) = 1024
openat(AT_FDCWD, "/proc/self/maps", O_RDONLY) = 5
read(5, "643488a49000-643488a53000 r--p 0"..., 1024) = 1024
read(5, "r/lib/x86_64-linux-gnu/libc.so.6"..., 1024) = 1024
read(5, "   /usr/lib/x86_64-linux-gnu/lib"..., 1024) = 1024
read(5, "                /usr/lib/x86_64-"..., 1024) = 1024
read(5, "f3fd3000 r--p 00000000 00:1b 193"..., 1024) = 1024
read(5, "x86_64-linux-gnu/ld-linux-x86-64"..., 1024) = 483
openat(AT_FDCWD, "/sys/devices/system/cpu/online", O_RDONLY|O_CLOEXEC) = 5
read(5, "0-63\n", 1024)                 = 5
mmap(NULL, 8392704, PROT_NONE, MAP_PRIVATE|MAP_ANONYMOUS|MAP_STACK, -1, 0) = 0x7197f17ff000
openat(AT_FDCWD, "/proc/self/task/3940929/comm", O_WRONLY|O_CREAT|O_TRUNC, 0666) = 10
write(10, "cuda00001c00008", 15)        = 15
write(5, "\1\0\0\0\0\0\0\0", 8)         = 8
openat(AT_FDCWD, "/dev/shm/cuda_injection_path_shm", O_RDWR|O_NOFOLLOW|O_CLOEXEC) = -1 ENOENT (No such file or directory)
openat(AT_FDCWD, "/home/pulak/.nv/nvidia-application-profile-globals-rc", O_RDONLY) = -1 ENOENT (No such file or directory)
openat(AT_FDCWD, "/home/pulak/.nv/nvidia-application-profiles-rc", O_RDONLY) = -1 ENOENT (No such file or directory)
openat(AT_FDCWD, "/home/pulak/.nv/nvidia-application-profiles-rc.d", O_RDONLY) = -1 ENOENT (No such file or directory)
openat(AT_FDCWD, "/etc/nvidia/nvidia-application-profiles-rc", O_RDONLY) = -1 ENOENT (No such file or directory)
openat(AT_FDCWD, "/etc/nvidia/nvidia-application-profiles-rc.d/", O_RDONLY) = -1 ENOENT (No such file or directory)
openat(AT_FDCWD, "/usr/share/nvidia/nvidia-application-profiles-555.42.06-rc", O_RDONLY) = 10
read(10, "# Application profiles for the N"..., 16384) = 16384
read(10, "    { \"pattern\": { \"feature\":\"cm"..., 4096) = 2468
openat(AT_FDCWD, "/usr/share/nvidia/nvidia-application-profiles-rc", O_RDONLY) = -1 ENOENT (No such file or directory)
openat(AT_FDCWD, "/proc/self/cmdline", O_RDONLY) = 10
read(10, "./programs/cu_device_get\0", 4096) = 25
read(10, "", 3072)                      = 0
mmap(NULL, 135168, PROT_READ|PROT_WRITE, MAP_PRIVATE|MAP_ANONYMOUS, -1, 0) = 0x7197f3fa0000
openat(AT_FDCWD, "/proc/modules", O_RDONLY) = 10
read(10, "tcp_diag 12288 0 - Live 0x000000"..., 1024) = 1024
read(10, "0000000\nnetfs 512000 1 nfs, Live"..., 1024) = 1024
read(10, " 0x0000000000000000\nrdma_cm 1474"..., 1024) = 1024
read(10, "00000000\nledtrig_audio 12288 1 d"..., 1024) = 1024
read(10, "cdbas 20480 1 dell_smbios, Live "..., 1024) = 1024
read(10, "00\nmtd 98304 4 cmdlinepart,spi_n"..., 1024) = 1024
openat(AT_FDCWD, "/proc/driver/nvidia/params", O_RDONLY) = 10
read(10, "ResmanDebugLevel: 4294967295\nRmL"..., 1024) = 945
openat(AT_FDCWD, "/proc/driver/nvidia/params", O_RDONLY) = 10
read(10, "ResmanDebugLevel: 4294967295\nRmL"..., 1024) = 945
openat(AT_FDCWD, "/dev/nvidiactl", O_RDWR) = 10
openat(AT_FDCWD, "/sys/devices/system/memory/block_size_bytes", O_RDONLY) = 11
read(11, "80000000\n", 99)              = 9
ioctl(10, _IOC(_IOC_READ|_IOC_WRITE, 0x46, 0xd6, 0x8), 0x7fff81b9ca60) = 0
ioctl(10, _IOC(_IOC_READ|_IOC_WRITE, 0x46, 0xc8, 0x900), 0x7197f3f1aae0) = 0
openat(AT_FDCWD, "/proc/driver/nvidia/params", O_RDONLY) = 11
read(11, "ResmanDebugLevel: 4294967295\nRmL"..., 1024) = 945
ioctl(10, _IOC(_IOC_READ|_IOC_WRITE, 0x46, 0x2b, 0x20), 0x7fff81b9cbb0) = 0
ioctl(10, _IOC(_IOC_READ|_IOC_WRITE, 0x46, 0x2a, 0x20), 0x7fff81b9bab0) = 0
ioctl(10, _IOC(_IOC_READ|_IOC_WRITE, 0x46, 0x29, 0x10), 0x7fff81b9cb90) = 0
openat(AT_FDCWD, "/proc/modules", O_RDONLY) = 10
read(10, "tcp_diag 12288 0 - Live 0x000000"..., 1024) = 1024
read(10, "0000000\nnetfs 512000 1 nfs, Live"..., 1024) = 1024
read(10, " 0x0000000000000000\nrdma_cm 1474"..., 1024) = 1024
read(10, "00000000\nledtrig_audio 12288 1 d"..., 1024) = 1024
read(10, "cdbas 20480 1 dell_smbios, Live "..., 1024) = 1024
read(10, "00\nmtd 98304 4 cmdlinepart,spi_n"..., 1024) = 1024
openat(AT_FDCWD, "/proc/driver/nvidia/params", O_RDONLY) = 10
read(10, "ResmanDebugLevel: 4294967295\nRmL"..., 1024) = 945
openat(AT_FDCWD, "/proc/driver/nvidia/params", O_RDONLY) = 10
read(10, "ResmanDebugLevel: 4294967295\nRmL"..., 1024) = 945
openat(AT_FDCWD, "/dev/nvidiactl", O_RDWR) = 10
openat(AT_FDCWD, "/sys/devices/system/memory/block_size_bytes", O_RDONLY) = 11
read(11, "80000000\n", 99)              = 9
ioctl(10, _IOC(_IOC_READ|_IOC_WRITE, 0x46, 0xd6, 0x8), 0x7fff81b9d020) = 0
ioctl(10, _IOC(_IOC_READ|_IOC_WRITE, 0x46, 0xc8, 0x900), 0x7197f3f1aae0) = 0
openat(AT_FDCWD, "/proc/driver/nvidia/params", O_RDONLY) = 11
read(11, "ResmanDebugLevel: 4294967295\nRmL"..., 1024) = 945
ioctl(10, _IOC(_IOC_READ|_IOC_WRITE, 0x46, 0x2b, 0x20), 0x7fff81b9d170) = 0
ioctl(10, _IOC(_IOC_READ|_IOC_WRITE, 0x46, 0x2a, 0x20), 0x7fff81b9c030) = 0
ioctl(10, _IOC(_IOC_READ|_IOC_WRITE, 0x46, 0x2a, 0x20), 0x7fff81b9c030) = 0
ioctl(10, _IOC(_IOC_READ|_IOC_WRITE, 0x46, 0x2b, 0x30), 0x7fff81b9d160) = 0
ioctl(10, _IOC(_IOC_READ|_IOC_WRITE, 0x46, 0x2a, 0x20), 0x7fff81b9c040) = 0
openat(AT_FDCWD, "/sys/devices/system/cpu/online", O_RDONLY|O_CLOEXEC) = 11
read(11, "0-63\n", 1024)                = 5
openat(AT_FDCWD, "/proc/self/status", O_RDONLY) = 11
read(11, "Name:\tcu_device_get\nUmask:\t0002\n"..., 1024) = 1024
read(11, "onIndirectBranch:\tconditional en"..., 1024) = 529
openat(AT_FDCWD, "/sys/devices/system/node", O_RDONLY|O_NONBLOCK|O_CLOEXEC|O_DIRECTORY) = 11
openat(AT_FDCWD, "/sys/devices/system/node/node0/cpumap", O_RDONLY) = 12
read(12, "55555555,55555555\n", 4096)   = 18
openat(AT_FDCWD, "/sys/devices/system/node/node1/cpumap", O_RDONLY) = 12
read(12, "aaaaaaaa,aaaaaaaa\n", 4096)   = 18
openat(AT_FDCWD, "/proc/modules", O_RDONLY) = 11
read(11, "tcp_diag 12288 0 - Live 0x000000"..., 1024) = 1024
read(11, "0000000\nnetfs 512000 1 nfs, Live"..., 1024) = 1024
openat(AT_FDCWD, "/proc/devices", O_RDONLY) = 11
read(11, "Character devices:\n  1 mem\n  4 /"..., 1024) = 985
openat(AT_FDCWD, "/dev/nvidia-uvm", O_RDWR|O_CLOEXEC) = 11
openat(AT_FDCWD, "/dev/nvidia-uvm", O_RDWR|O_CLOEXEC) = 12
ioctl(11, _IOC(_IOC_NONE, 0, 0x1, 0x3000), 0x7fff81b9d170) = 0
ioctl(12, _IOC(_IOC_NONE, 0, 0x4b, 0), 0x7fff81b9d170) = 0
ioctl(11, _IOC(_IOC_NONE, 0, 0x27, 0), 0x7fff81b9d170) = 0
ioctl(10, _IOC(_IOC_READ|_IOC_WRITE, 0x46, 0x2a, 0x20), 0x7fff81b9a1e0) = 0
ioctl(10, _IOC(_IOC_READ|_IOC_WRITE, 0x46, 0x2a, 0x20), 0x7fff81b99a10) = 0
ioctl(10, _IOC(_IOC_READ|_IOC_WRITE, 0x46, 0x2a, 0x20), 0x7fff81b9a120) = 0
openat(AT_FDCWD, "/proc/driver/nvidia/params", O_RDONLY) = 13
read(13, "ResmanDebugLevel: 4294967295\nRmL"..., 1024) = 945
openat(AT_FDCWD, "/proc/driver/nvidia/params", O_RDONLY) = 13
read(13, "ResmanDebugLevel: 4294967295\nRmL"..., 1024) = 945
openat(AT_FDCWD, "/dev/nvidia0", O_RDWR|O_CLOEXEC) = 13
ioctl(10, _IOC(_IOC_READ|_IOC_WRITE, 0x46, 0x2a, 0x20), 0x7fff81b9a120) = 0
openat(AT_FDCWD, "/proc/driver/nvidia/params", O_RDONLY) = 14
read(14, "ResmanDebugLevel: 4294967295\nRmL"..., 1024) = 945
openat(AT_FDCWD, "/proc/driver/nvidia/params", O_RDONLY) = 14
read(14, "ResmanDebugLevel: 4294967295\nRmL"..., 1024) = 945
openat(AT_FDCWD, "/dev/nvidia1", O_RDWR|O_CLOEXEC) = 14
ioctl(10, _IOC(_IOC_READ|_IOC_WRITE, 0x46, 0x2a, 0x20), 0x7fff81b9a120) = 0
openat(AT_FDCWD, "/proc/driver/nvidia/params", O_RDONLY) = 15
read(15, "ResmanDebugLevel: 4294967295\nRmL"..., 1024) = 945
openat(AT_FDCWD, "/proc/driver/nvidia/params", O_RDONLY) = 15
read(15, "ResmanDebugLevel: 4294967295\nRmL"..., 1024) = 945
openat(AT_FDCWD, "/dev/nvidia2", O_RDWR|O_CLOEXEC) = 15
ioctl(10, _IOC(_IOC_READ|_IOC_WRITE, 0x46, 0x2a, 0x20), 0x7fff81b9a120) = 0
openat(AT_FDCWD, "/proc/driver/nvidia/params", O_RDONLY) = 16
read(16, "ResmanDebugLevel: 4294967295\nRmL"..., 1024) = 945
openat(AT_FDCWD, "/proc/driver/nvidia/params", O_RDONLY) = 16
read(16, "ResmanDebugLevel: 4294967295\nRmL"..., 1024) = 945
openat(AT_FDCWD, "/dev/nvidia3", O_RDWR|O_CLOEXEC) = 16
ioctl(10, _IOC(_IOC_READ|_IOC_WRITE, 0x46, 0x2a, 0x20), 0x7fff81b9a2e0) = 0
ioctl(10, _IOC(_IOC_READ|_IOC_WRITE, 0x46, 0x2a, 0x20), 0x7fff81b9a2d0) = 0
ioctl(10, _IOC(_IOC_READ|_IOC_WRITE, 0x46, 0x29, 0x10), 0x7fff81b9b370) = 0
ioctl(10, _IOC(_IOC_READ|_IOC_WRITE, 0x46, 0x2a, 0x20), 0x7fff81b9a160) = 0
ioctl(10, _IOC(_IOC_READ|_IOC_WRITE, 0x46, 0x2a, 0x20), 0x7fff81b9a160) = 0
openat(AT_FDCWD, "/proc/driver/nvidia/params", O_RDONLY) = 18
read(18, "ResmanDebugLevel: 4294967295\nRmL"..., 1024) = 945
openat(AT_FDCWD, "/proc/driver/nvidia/params", O_RDONLY) = 18
read(18, "ResmanDebugLevel: 4294967295\nRmL"..., 1024) = 945
openat(AT_FDCWD, "/dev/nvidia0", O_RDWR|O_CLOEXEC) = 18
ioctl(18, _IOC(_IOC_READ|_IOC_WRITE, 0x46, 0xc9, 0x4), 0x7fff81b9b2e0) = 0
ioctl(18, _IOC(_IOC_READ|_IOC_WRITE, 0x46, 0xd7, 0x230), 0x7fff81b9b060) = 0
ioctl(10, _IOC(_IOC_READ|_IOC_WRITE, 0x46, 0x2b, 0x30), 0x7fff81b9b3b0) = 0
ioctl(10, _IOC(_IOC_READ|_IOC_WRITE, 0x46, 0x2a, 0x20), 0x7fff81b9a2e0) = 0
ioctl(10, _IOC(_IOC_READ|_IOC_WRITE, 0x46, 0x2a, 0x20), 0x7fff81b9a140) = 0
ioctl(10, _IOC(_IOC_READ|_IOC_WRITE, 0x46, 0x2a, 0x20), 0x7fff81b9a2e0) = 0
ioctl(10, _IOC(_IOC_READ|_IOC_WRITE, 0x46, 0x2a, 0x20), 0x7fff81b9a250) = 0
ioctl(10, _IOC(_IOC_READ|_IOC_WRITE, 0x46, 0x2a, 0x20), 0x7fff81b9a150) = 0
ioctl(10, _IOC(_IOC_READ|_IOC_WRITE, 0x46, 0x2a, 0x20), 0x7fff81b9a150) = 0
openat(AT_FDCWD, "/proc/driver/nvidia/params", O_RDONLY) = 19
read(19, "ResmanDebugLevel: 4294967295\nRmL"..., 1024) = 945
openat(AT_FDCWD, "/proc/driver/nvidia/params", O_RDONLY) = 19
read(19, "ResmanDebugLevel: 4294967295\nRmL"..., 1024) = 945
openat(AT_FDCWD, "/dev/nvidia0", O_RDWR|O_CLOEXEC) = 19
ioctl(19, _IOC(_IOC_READ|_IOC_WRITE, 0x46, 0xc9, 0x4), 0x7fff81b9b2d0) = 0
ioctl(10, _IOC(_IOC_READ|_IOC_WRITE, 0x46, 0x2b, 0x30), 0x7fff81b9b3e0) = 0
ioctl(10, _IOC(_IOC_READ|_IOC_WRITE, 0x46, 0x2b, 0x30), 0x7fff81b9b400) = 0
ioctl(10, _IOC(_IOC_READ|_IOC_WRITE, 0x46, 0x2a, 0x20), 0x7fff81b9a130) = 0
ioctl(10, _IOC(_IOC_READ|_IOC_WRITE, 0x46, 0x2a, 0x20), 0x7fff81b99c30) = 0
ioctl(10, _IOC(_IOC_READ|_IOC_WRITE, 0x46, 0x2a, 0x20), 0x7fff81b9a1e0) = 0
ioctl(10, _IOC(_IOC_READ|_IOC_WRITE, 0x46, 0x2a, 0x20), 0x7fff81b99850) = 0
ioctl(10, _IOC(_IOC_READ|_IOC_WRITE, 0x46, 0x2a, 0x20), 0x7fff81b99040) = 0
ioctl(10, _IOC(_IOC_READ|_IOC_WRITE, 0x46, 0x2a, 0x20), 0x7fff81b99690) = 0
ioctl(10, _IOC(_IOC_READ|_IOC_WRITE, 0x46, 0x2a, 0x20), 0x7fff81b99f00) = 0
ioctl(10, _IOC(_IOC_READ|_IOC_WRITE, 0x46, 0x2a, 0x20), 0x7fff81b9a0d0) = 0
ioctl(10, _IOC(_IOC_READ|_IOC_WRITE, 0x46, 0x2a, 0x20), 0x7fff81b99dc0) = 0
ioctl(10, _IOC(_IOC_READ|_IOC_WRITE, 0x46, 0x2a, 0x20), 0x7fff81b99dc0) = 0
ioctl(10, _IOC(_IOC_READ|_IOC_WRITE, 0x46, 0x2a, 0x20), 0x7fff81b99dc0) = 0
ioctl(10, _IOC(_IOC_READ|_IOC_WRITE, 0x46, 0x2a, 0x20), 0x7fff81b99dc0) = 0
ioctl(10, _IOC(_IOC_READ|_IOC_WRITE, 0x46, 0x2a, 0x20), 0x7fff81b99dc0) = 0
ioctl(10, _IOC(_IOC_READ|_IOC_WRITE, 0x46, 0x2a, 0x20), 0x7fff81b99c10) = 0
ioctl(10, _IOC(_IOC_READ|_IOC_WRITE, 0x46, 0x2a, 0x20), 0x7fff81b99f20) = 0
ioctl(10, _IOC(_IOC_READ|_IOC_WRITE, 0x46, 0x2a, 0x20), 0x7fff81b99fc0) = 0
ioctl(10, _IOC(_IOC_READ|_IOC_WRITE, 0x46, 0x2a, 0x20), 0x7fff81b9a0d0) = 0
ioctl(10, _IOC(_IOC_READ|_IOC_WRITE, 0x46, 0x2a, 0x20), 0x7fff81b9a0d0) = 0
openat(AT_FDCWD, "/dev/nvidia0", O_RDWR|O_CLOEXEC) = 22
ioctl(22, _IOC(_IOC_READ|_IOC_WRITE, 0x46, 0xc9, 0x4), 0x7fff81b9b190) = 0
ioctl(22, _IOC(_IOC_READ|_IOC_WRITE, 0x46, 0xce, 0x10), 0x7fff81b9b180) = 0
ioctl(10, _IOC(_IOC_READ|_IOC_WRITE, 0x46, 0x2a, 0x20), 0x7fff81b99e20) = 0
ioctl(10, _IOC(_IOC_READ|_IOC_WRITE, 0x46, 0x2a, 0x20), 0x7fff81b9a000) = 0
ioctl(10, _IOC(_IOC_READ|_IOC_WRITE, 0x46, 0x2a, 0x20), 0x7fff81b9a000) = 0
ioctl(10, _IOC(_IOC_READ|_IOC_WRITE, 0x46, 0x2a, 0x20), 0x7fff81b9a000) = 0
ioctl(10, _IOC(_IOC_READ|_IOC_WRITE, 0x46, 0x2a, 0x20), 0x7fff81b9a000) = 0
ioctl(10, _IOC(_IOC_READ|_IOC_WRITE, 0x46, 0x2a, 0x20), 0x7fff81b9a000) = 0
ioctl(10, _IOC(_IOC_READ|_IOC_WRITE, 0x46, 0x2a, 0x20), 0x7fff81b9a000) = 0
ioctl(10, _IOC(_IOC_READ|_IOC_WRITE, 0x46, 0x2a, 0x20), 0x7fff81b9a000) = 0
ioctl(10, _IOC(_IOC_READ|_IOC_WRITE, 0x46, 0x2a, 0x20), 0x7fff81b99ff0) = 0
ioctl(10, _IOC(_IOC_READ|_IOC_WRITE, 0x46, 0x2a, 0x20), 0x7fff81b99f70) = 0
ioctl(10, _IOC(_IOC_READ|_IOC_WRITE, 0x46, 0x2a, 0x20), 0x7fff81b99f00) = 0
ioctl(10, _IOC(_IOC_READ|_IOC_WRITE, 0x46, 0x2a, 0x20), 0x7fff81b97a50) = 0
ioctl(10, _IOC(_IOC_READ|_IOC_WRITE, 0x46, 0x2a, 0x20), 0x7fff81b98b00) = 0
ioctl(10, _IOC(_IOC_READ|_IOC_WRITE, 0x46, 0x2a, 0x20), 0x7fff81b9a100) = 0
ioctl(10, _IOC(_IOC_READ|_IOC_WRITE, 0x46, 0x2a, 0x20), 0x7fff81b99f50) = 0
ioctl(10, _IOC(_IOC_READ|_IOC_WRITE, 0x46, 0x2b, 0x30), 0x7fff81b9b170) = 0
ioctl(10, _IOC(_IOC_READ|_IOC_WRITE, 0x46, 0x2a, 0x20), 0x7fff81b99f40) = 0
openat(AT_FDCWD, "/dev/nvidia0", O_RDWR|O_CLOEXEC) = 23
ioctl(10, _IOC(_IOC_READ|_IOC_WRITE, 0x46, 0x4e, 0x38), 0x7fff81b9b100) = 0
mmap(NULL, 65536, PROT_WRITE, MAP_SHARED, 23, 0) = 0x7197f3fe3000
ioctl(10, _IOC(_IOC_READ|_IOC_WRITE, 0x46, 0x2b, 0x30), 0x7fff81b9b180) = 0
ioctl(10, _IOC(_IOC_READ|_IOC_WRITE, 0x46, 0x2a, 0x20), 0x7fff81b9a100) = 0
ioctl(10, _IOC(_IOC_READ|_IOC_WRITE, 0x46, 0x2a, 0x20), 0x7fff81b9a0a0) = 0
ioctl(10, _IOC(_IOC_READ|_IOC_WRITE, 0x46, 0x2b, 0x30), 0x7fff81b9b1f0) = 0
ioctl(10, _IOC(_IOC_READ|_IOC_WRITE, 0x46, 0x2b, 0x30), 0x7fff81b9b1f0) = 0
ioctl(10, _IOC(_IOC_READ|_IOC_WRITE, 0x46, 0x2a, 0x20), 0x7fff81b9a0d0) = 0
ioctl(10, _IOC(_IOC_READ|_IOC_WRITE, 0x46, 0x2a, 0x20), 0x7fff81b9a030) = 0
ioctl(10, _IOC(_IOC_READ|_IOC_WRITE, 0x46, 0x2a, 0x20), 0x7fff81b9a030) = 0
ioctl(10, _IOC(_IOC_READ|_IOC_WRITE, 0x46, 0x2a, 0x20), 0x7fff81b9a130) = 0
ioctl(10, _IOC(_IOC_READ|_IOC_WRITE, 0x46, 0x2a, 0x20), 0x7fff81b99ff0) = 0
openat(AT_FDCWD, "/sys/bus/pci/devices/0000:17:00.0/numa_node", O_RDONLY) = 23
read(23, "0\n", 4096)                   = 2
ioctl(10, _IOC(_IOC_READ|_IOC_WRITE, 0x46, 0x2a, 0x20), 0x7fff81b9a2d0) = 0
ioctl(10, _IOC(_IOC_READ|_IOC_WRITE, 0x46, 0x29, 0x10), 0x7fff81b9b370) = 0
ioctl(10, _IOC(_IOC_READ|_IOC_WRITE, 0x46, 0x2a, 0x20), 0x7fff81b9a160) = 0
ioctl(10, _IOC(_IOC_READ|_IOC_WRITE, 0x46, 0x2a, 0x20), 0x7fff81b9a160) = 0
ioctl(10, _IOC(_IOC_READ|_IOC_WRITE, 0x46, 0x2a, 0x20), 0x7fff81b9a160) = 0
openat(AT_FDCWD, "/proc/driver/nvidia/params", O_RDONLY) = 23
read(23, "ResmanDebugLevel: 4294967295\nRmL"..., 1024) = 945
openat(AT_FDCWD, "/proc/driver/nvidia/params", O_RDONLY) = 23
read(23, "ResmanDebugLevel: 4294967295\nRmL"..., 1024) = 945
openat(AT_FDCWD, "/dev/nvidia1", O_RDWR|O_CLOEXEC) = 23
ioctl(23, _IOC(_IOC_READ|_IOC_WRITE, 0x46, 0xc9, 0x4), 0x7fff81b9b2e0) = 0
ioctl(23, _IOC(_IOC_READ|_IOC_WRITE, 0x46, 0xd7, 0x230), 0x7fff81b9b060) = 0
ioctl(10, _IOC(_IOC_READ|_IOC_WRITE, 0x46, 0x2b, 0x30), 0x7fff81b9b3b0) = 0
ioctl(10, _IOC(_IOC_READ|_IOC_WRITE, 0x46, 0x2a, 0x20), 0x7fff81b9a2e0) = 0
ioctl(10, _IOC(_IOC_READ|_IOC_WRITE, 0x46, 0x2a, 0x20), 0x7fff81b9a140) = 0
ioctl(10, _IOC(_IOC_READ|_IOC_WRITE, 0x46, 0x2a, 0x20), 0x7fff81b9a2e0) = 0
ioctl(10, _IOC(_IOC_READ|_IOC_WRITE, 0x46, 0x2a, 0x20), 0x7fff81b9a250) = 0
ioctl(10, _IOC(_IOC_READ|_IOC_WRITE, 0x46, 0x2a, 0x20), 0x7fff81b9a150) = 0
ioctl(10, _IOC(_IOC_READ|_IOC_WRITE, 0x46, 0x2a, 0x20), 0x7fff81b9a150) = 0
ioctl(10, _IOC(_IOC_READ|_IOC_WRITE, 0x46, 0x2a, 0x20), 0x7fff81b9a150) = 0
openat(AT_FDCWD, "/proc/driver/nvidia/params", O_RDONLY) = 24
read(24, "ResmanDebugLevel: 4294967295\nRmL"..., 1024) = 945
openat(AT_FDCWD, "/proc/driver/nvidia/params", O_RDONLY) = 24
read(24, "ResmanDebugLevel: 4294967295\nRmL"..., 1024) = 945
openat(AT_FDCWD, "/dev/nvidia1", O_RDWR|O_CLOEXEC) = 24
ioctl(24, _IOC(_IOC_READ|_IOC_WRITE, 0x46, 0xc9, 0x4), 0x7fff81b9b2d0) = 0
ioctl(10, _IOC(_IOC_READ|_IOC_WRITE, 0x46, 0x2b, 0x30), 0x7fff81b9b3e0) = 0
ioctl(10, _IOC(_IOC_READ|_IOC_WRITE, 0x46, 0x2b, 0x30), 0x7fff81b9b400) = 0
ioctl(10, _IOC(_IOC_READ|_IOC_WRITE, 0x46, 0x2a, 0x20), 0x7fff81b9a130) = 0
ioctl(10, _IOC(_IOC_READ|_IOC_WRITE, 0x46, 0x2a, 0x20), 0x7fff81b99c30) = 0
ioctl(10, _IOC(_IOC_READ|_IOC_WRITE, 0x46, 0x2a, 0x20), 0x7fff81b9a1e0) = 0
ioctl(10, _IOC(_IOC_READ|_IOC_WRITE, 0x46, 0x2a, 0x20), 0x7fff81b99850) = 0
ioctl(10, _IOC(_IOC_READ|_IOC_WRITE, 0x46, 0x2a, 0x20), 0x7fff81b99040) = 0
ioctl(10, _IOC(_IOC_READ|_IOC_WRITE, 0x46, 0x2a, 0x20), 0x7fff81b99690) = 0
ioctl(10, _IOC(_IOC_READ|_IOC_WRITE, 0x46, 0x2a, 0x20), 0x7fff81b99f00) = 0
ioctl(10, _IOC(_IOC_READ|_IOC_WRITE, 0x46, 0x2a, 0x20), 0x7fff81b9a0d0) = 0
ioctl(10, _IOC(_IOC_READ|_IOC_WRITE, 0x46, 0x2a, 0x20), 0x7fff81b99dc0) = 0
ioctl(10, _IOC(_IOC_READ|_IOC_WRITE, 0x46, 0x2a, 0x20), 0x7fff81b99dc0) = 0
ioctl(10, _IOC(_IOC_READ|_IOC_WRITE, 0x46, 0x2a, 0x20), 0x7fff81b99dc0) = 0
ioctl(10, _IOC(_IOC_READ|_IOC_WRITE, 0x46, 0x2a, 0x20), 0x7fff81b99dc0) = 0
ioctl(10, _IOC(_IOC_READ|_IOC_WRITE, 0x46, 0x2a, 0x20), 0x7fff81b99dc0) = 0
ioctl(10, _IOC(_IOC_READ|_IOC_WRITE, 0x46, 0x2a, 0x20), 0x7fff81b99c10) = 0
ioctl(10, _IOC(_IOC_READ|_IOC_WRITE, 0x46, 0x2a, 0x20), 0x7fff81b99f20) = 0
ioctl(10, _IOC(_IOC_READ|_IOC_WRITE, 0x46, 0x2a, 0x20), 0x7fff81b99fc0) = 0
ioctl(10, _IOC(_IOC_READ|_IOC_WRITE, 0x46, 0x2a, 0x20), 0x7fff81b9a0d0) = 0
ioctl(10, _IOC(_IOC_READ|_IOC_WRITE, 0x46, 0x2a, 0x20), 0x7fff81b9a0d0) = 0
openat(AT_FDCWD, "/dev/nvidia1", O_RDWR|O_CLOEXEC) = 25
ioctl(25, _IOC(_IOC_READ|_IOC_WRITE, 0x46, 0xc9, 0x4), 0x7fff81b9b190) = 0
ioctl(25, _IOC(_IOC_READ|_IOC_WRITE, 0x46, 0xce, 0x10), 0x7fff81b9b180) = 0
ioctl(10, _IOC(_IOC_READ|_IOC_WRITE, 0x46, 0x2a, 0x20), 0x7fff81b99e20) = 0
ioctl(10, _IOC(_IOC_READ|_IOC_WRITE, 0x46, 0x2a, 0x20), 0x7fff81b9a000) = 0
ioctl(10, _IOC(_IOC_READ|_IOC_WRITE, 0x46, 0x2a, 0x20), 0x7fff81b9a000) = 0
ioctl(10, _IOC(_IOC_READ|_IOC_WRITE, 0x46, 0x2a, 0x20), 0x7fff81b9a000) = 0
ioctl(10, _IOC(_IOC_READ|_IOC_WRITE, 0x46, 0x2a, 0x20), 0x7fff81b9a000) = 0
ioctl(10, _IOC(_IOC_READ|_IOC_WRITE, 0x46, 0x2a, 0x20), 0x7fff81b9a000) = 0
ioctl(10, _IOC(_IOC_READ|_IOC_WRITE, 0x46, 0x2a, 0x20), 0x7fff81b9a000) = 0
ioctl(10, _IOC(_IOC_READ|_IOC_WRITE, 0x46, 0x2a, 0x20), 0x7fff81b9a000) = 0
ioctl(10, _IOC(_IOC_READ|_IOC_WRITE, 0x46, 0x2a, 0x20), 0x7fff81b99ff0) = 0
ioctl(10, _IOC(_IOC_READ|_IOC_WRITE, 0x46, 0x2a, 0x20), 0x7fff81b99f70) = 0
ioctl(10, _IOC(_IOC_READ|_IOC_WRITE, 0x46, 0x2a, 0x20), 0x7fff81b99f00) = 0
ioctl(10, _IOC(_IOC_READ|_IOC_WRITE, 0x46, 0x2a, 0x20), 0x7fff81b97a50) = 0
ioctl(10, _IOC(_IOC_READ|_IOC_WRITE, 0x46, 0x2a, 0x20), 0x7fff81b98b00) = 0
ioctl(10, _IOC(_IOC_READ|_IOC_WRITE, 0x46, 0x2a, 0x20), 0x7fff81b9a100) = 0
ioctl(10, _IOC(_IOC_READ|_IOC_WRITE, 0x46, 0x2a, 0x20), 0x7fff81b99f50) = 0
ioctl(10, _IOC(_IOC_READ|_IOC_WRITE, 0x46, 0x2b, 0x30), 0x7fff81b9b170) = 0
ioctl(10, _IOC(_IOC_READ|_IOC_WRITE, 0x46, 0x2a, 0x20), 0x7fff81b99f40) = 0
openat(AT_FDCWD, "/dev/nvidia1", O_RDWR|O_CLOEXEC) = 26
ioctl(10, _IOC(_IOC_READ|_IOC_WRITE, 0x46, 0x4e, 0x38), 0x7fff81b9b100) = 0
mmap(NULL, 65536, PROT_WRITE, MAP_SHARED, 26, 0) = 0x7197f3f90000
ioctl(10, _IOC(_IOC_READ|_IOC_WRITE, 0x46, 0x2b, 0x30), 0x7fff81b9b180) = 0
ioctl(10, _IOC(_IOC_READ|_IOC_WRITE, 0x46, 0x2a, 0x20), 0x7fff81b9a100) = 0
ioctl(10, _IOC(_IOC_READ|_IOC_WRITE, 0x46, 0x2a, 0x20), 0x7fff81b9a0a0) = 0
ioctl(10, _IOC(_IOC_READ|_IOC_WRITE, 0x46, 0x2b, 0x30), 0x7fff81b9b1f0) = 0
ioctl(10, _IOC(_IOC_READ|_IOC_WRITE, 0x46, 0x2b, 0x30), 0x7fff81b9b1f0) = 0
ioctl(10, _IOC(_IOC_READ|_IOC_WRITE, 0x46, 0x2a, 0x20), 0x7fff81b9a0d0) = 0
ioctl(10, _IOC(_IOC_READ|_IOC_WRITE, 0x46, 0x2a, 0x20), 0x7fff81b9a030) = 0
ioctl(10, _IOC(_IOC_READ|_IOC_WRITE, 0x46, 0x2a, 0x20), 0x7fff81b9a030) = 0
ioctl(10, _IOC(_IOC_READ|_IOC_WRITE, 0x46, 0x2a, 0x20), 0x7fff81b9a130) = 0
ioctl(10, _IOC(_IOC_READ|_IOC_WRITE, 0x46, 0x2a, 0x20), 0x7fff81b99ff0) = 0
openat(AT_FDCWD, "/sys/bus/pci/devices/0000:65:00.0/numa_node", O_RDONLY) = 26
read(26, "0\n", 4096)                   = 2
ioctl(10, _IOC(_IOC_READ|_IOC_WRITE, 0x46, 0x2a, 0x20), 0x7fff81b9a2d0) = 0
ioctl(10, _IOC(_IOC_READ|_IOC_WRITE, 0x46, 0x29, 0x10), 0x7fff81b9b370) = 0
ioctl(10, _IOC(_IOC_READ|_IOC_WRITE, 0x46, 0x2a, 0x20), 0x7fff81b9a160) = 0
ioctl(10, _IOC(_IOC_READ|_IOC_WRITE, 0x46, 0x2a, 0x20), 0x7fff81b9a160) = 0
ioctl(10, _IOC(_IOC_READ|_IOC_WRITE, 0x46, 0x2a, 0x20), 0x7fff81b9a160) = 0
ioctl(10, _IOC(_IOC_READ|_IOC_WRITE, 0x46, 0x2a, 0x20), 0x7fff81b9a160) = 0
openat(AT_FDCWD, "/proc/driver/nvidia/params", O_RDONLY) = 26
read(26, "ResmanDebugLevel: 4294967295\nRmL"..., 1024) = 945
openat(AT_FDCWD, "/proc/driver/nvidia/params", O_RDONLY) = 26
read(26, "ResmanDebugLevel: 4294967295\nRmL"..., 1024) = 945
openat(AT_FDCWD, "/dev/nvidia2", O_RDWR|O_CLOEXEC) = 26
ioctl(26, _IOC(_IOC_READ|_IOC_WRITE, 0x46, 0xc9, 0x4), 0x7fff81b9b2e0) = 0
ioctl(26, _IOC(_IOC_READ|_IOC_WRITE, 0x46, 0xd7, 0x230), 0x7fff81b9b060) = 0
ioctl(10, _IOC(_IOC_READ|_IOC_WRITE, 0x46, 0x2b, 0x30), 0x7fff81b9b3b0) = 0
ioctl(10, _IOC(_IOC_READ|_IOC_WRITE, 0x46, 0x2a, 0x20), 0x7fff81b9a2e0) = 0
ioctl(10, _IOC(_IOC_READ|_IOC_WRITE, 0x46, 0x2a, 0x20), 0x7fff81b9a140) = 0
ioctl(10, _IOC(_IOC_READ|_IOC_WRITE, 0x46, 0x2a, 0x20), 0x7fff81b9a2e0) = 0
ioctl(10, _IOC(_IOC_READ|_IOC_WRITE, 0x46, 0x2a, 0x20), 0x7fff81b9a250) = 0
ioctl(10, _IOC(_IOC_READ|_IOC_WRITE, 0x46, 0x2a, 0x20), 0x7fff81b9a150) = 0
ioctl(10, _IOC(_IOC_READ|_IOC_WRITE, 0x46, 0x2a, 0x20), 0x7fff81b9a150) = 0
ioctl(10, _IOC(_IOC_READ|_IOC_WRITE, 0x46, 0x2a, 0x20), 0x7fff81b9a150) = 0
ioctl(10, _IOC(_IOC_READ|_IOC_WRITE, 0x46, 0x2a, 0x20), 0x7fff81b9a150) = 0
openat(AT_FDCWD, "/proc/driver/nvidia/params", O_RDONLY) = 27
read(27, "ResmanDebugLevel: 4294967295\nRmL"..., 1024) = 945
openat(AT_FDCWD, "/proc/driver/nvidia/params", O_RDONLY) = 27
read(27, "ResmanDebugLevel: 4294967295\nRmL"..., 1024) = 945
openat(AT_FDCWD, "/dev/nvidia2", O_RDWR|O_CLOEXEC) = 27
ioctl(27, _IOC(_IOC_READ|_IOC_WRITE, 0x46, 0xc9, 0x4), 0x7fff81b9b2d0) = 0
ioctl(10, _IOC(_IOC_READ|_IOC_WRITE, 0x46, 0x2b, 0x30), 0x7fff81b9b3e0) = 0
ioctl(10, _IOC(_IOC_READ|_IOC_WRITE, 0x46, 0x2b, 0x30), 0x7fff81b9b400) = 0
ioctl(10, _IOC(_IOC_READ|_IOC_WRITE, 0x46, 0x2a, 0x20), 0x7fff81b9a130) = 0
ioctl(10, _IOC(_IOC_READ|_IOC_WRITE, 0x46, 0x2a, 0x20), 0x7fff81b99c30) = 0
ioctl(10, _IOC(_IOC_READ|_IOC_WRITE, 0x46, 0x2a, 0x20), 0x7fff81b9a1e0) = 0
ioctl(10, _IOC(_IOC_READ|_IOC_WRITE, 0x46, 0x2a, 0x20), 0x7fff81b99850) = 0
ioctl(10, _IOC(_IOC_READ|_IOC_WRITE, 0x46, 0x2a, 0x20), 0x7fff81b99040) = 0
ioctl(10, _IOC(_IOC_READ|_IOC_WRITE, 0x46, 0x2a, 0x20), 0x7fff81b99690) = 0
ioctl(10, _IOC(_IOC_READ|_IOC_WRITE, 0x46, 0x2a, 0x20), 0x7fff81b99f00) = 0
ioctl(10, _IOC(_IOC_READ|_IOC_WRITE, 0x46, 0x2a, 0x20), 0x7fff81b9a0d0) = 0
ioctl(10, _IOC(_IOC_READ|_IOC_WRITE, 0x46, 0x2a, 0x20), 0x7fff81b99dc0) = 0
ioctl(10, _IOC(_IOC_READ|_IOC_WRITE, 0x46, 0x2a, 0x20), 0x7fff81b99dc0) = 0
ioctl(10, _IOC(_IOC_READ|_IOC_WRITE, 0x46, 0x2a, 0x20), 0x7fff81b99dc0) = 0
ioctl(10, _IOC(_IOC_READ|_IOC_WRITE, 0x46, 0x2a, 0x20), 0x7fff81b99dc0) = 0
ioctl(10, _IOC(_IOC_READ|_IOC_WRITE, 0x46, 0x2a, 0x20), 0x7fff81b99dc0) = 0
ioctl(10, _IOC(_IOC_READ|_IOC_WRITE, 0x46, 0x2a, 0x20), 0x7fff81b99c10) = 0
ioctl(10, _IOC(_IOC_READ|_IOC_WRITE, 0x46, 0x2a, 0x20), 0x7fff81b99f20) = 0
ioctl(10, _IOC(_IOC_READ|_IOC_WRITE, 0x46, 0x2a, 0x20), 0x7fff81b99fc0) = 0
ioctl(10, _IOC(_IOC_READ|_IOC_WRITE, 0x46, 0x2a, 0x20), 0x7fff81b9a0d0) = 0
ioctl(10, _IOC(_IOC_READ|_IOC_WRITE, 0x46, 0x2a, 0x20), 0x7fff81b9a0d0) = 0
openat(AT_FDCWD, "/dev/nvidia2", O_RDWR|O_CLOEXEC) = 28
ioctl(28, _IOC(_IOC_READ|_IOC_WRITE, 0x46, 0xc9, 0x4), 0x7fff81b9b190) = 0
ioctl(28, _IOC(_IOC_READ|_IOC_WRITE, 0x46, 0xce, 0x10), 0x7fff81b9b180) = 0
ioctl(10, _IOC(_IOC_READ|_IOC_WRITE, 0x46, 0x2a, 0x20), 0x7fff81b99e20) = 0
ioctl(10, _IOC(_IOC_READ|_IOC_WRITE, 0x46, 0x2a, 0x20), 0x7fff81b9a000) = 0
ioctl(10, _IOC(_IOC_READ|_IOC_WRITE, 0x46, 0x2a, 0x20), 0x7fff81b9a000) = 0
ioctl(10, _IOC(_IOC_READ|_IOC_WRITE, 0x46, 0x2a, 0x20), 0x7fff81b9a000) = 0
ioctl(10, _IOC(_IOC_READ|_IOC_WRITE, 0x46, 0x2a, 0x20), 0x7fff81b9a000) = 0
ioctl(10, _IOC(_IOC_READ|_IOC_WRITE, 0x46, 0x2a, 0x20), 0x7fff81b9a000) = 0
ioctl(10, _IOC(_IOC_READ|_IOC_WRITE, 0x46, 0x2a, 0x20), 0x7fff81b9a000) = 0
ioctl(10, _IOC(_IOC_READ|_IOC_WRITE, 0x46, 0x2a, 0x20), 0x7fff81b9a000) = 0
ioctl(10, _IOC(_IOC_READ|_IOC_WRITE, 0x46, 0x2a, 0x20), 0x7fff81b99ff0) = 0
ioctl(10, _IOC(_IOC_READ|_IOC_WRITE, 0x46, 0x2a, 0x20), 0x7fff81b99f70) = 0
ioctl(10, _IOC(_IOC_READ|_IOC_WRITE, 0x46, 0x2a, 0x20), 0x7fff81b99f00) = 0
ioctl(10, _IOC(_IOC_READ|_IOC_WRITE, 0x46, 0x2a, 0x20), 0x7fff81b97a50) = 0
ioctl(10, _IOC(_IOC_READ|_IOC_WRITE, 0x46, 0x2a, 0x20), 0x7fff81b98b00) = 0
ioctl(10, _IOC(_IOC_READ|_IOC_WRITE, 0x46, 0x2a, 0x20), 0x7fff81b9a100) = 0
ioctl(10, _IOC(_IOC_READ|_IOC_WRITE, 0x46, 0x2a, 0x20), 0x7fff81b99f50) = 0
ioctl(10, _IOC(_IOC_READ|_IOC_WRITE, 0x46, 0x2b, 0x30), 0x7fff81b9b170) = 0
ioctl(10, _IOC(_IOC_READ|_IOC_WRITE, 0x46, 0x2a, 0x20), 0x7fff81b99f40) = 0
openat(AT_FDCWD, "/dev/nvidia2", O_RDWR|O_CLOEXEC) = 29
ioctl(10, _IOC(_IOC_READ|_IOC_WRITE, 0x46, 0x4e, 0x38), 0x7fff81b9b100) = 0
mmap(NULL, 65536, PROT_WRITE, MAP_SHARED, 29, 0) = 0x7197f3f80000
ioctl(10, _IOC(_IOC_READ|_IOC_WRITE, 0x46, 0x2b, 0x30), 0x7fff81b9b180) = 0
ioctl(10, _IOC(_IOC_READ|_IOC_WRITE, 0x46, 0x2a, 0x20), 0x7fff81b9a100) = 0
ioctl(10, _IOC(_IOC_READ|_IOC_WRITE, 0x46, 0x2a, 0x20), 0x7fff81b9a0a0) = 0
ioctl(10, _IOC(_IOC_READ|_IOC_WRITE, 0x46, 0x2b, 0x30), 0x7fff81b9b1f0) = 0
ioctl(10, _IOC(_IOC_READ|_IOC_WRITE, 0x46, 0x2b, 0x30), 0x7fff81b9b1f0) = 0
ioctl(10, _IOC(_IOC_READ|_IOC_WRITE, 0x46, 0x2a, 0x20), 0x7fff81b9a0d0) = 0
ioctl(10, _IOC(_IOC_READ|_IOC_WRITE, 0x46, 0x2a, 0x20), 0x7fff81b9a030) = 0
ioctl(10, _IOC(_IOC_READ|_IOC_WRITE, 0x46, 0x2a, 0x20), 0x7fff81b9a030) = 0
ioctl(10, _IOC(_IOC_READ|_IOC_WRITE, 0x46, 0x2a, 0x20), 0x7fff81b9a130) = 0
ioctl(10, _IOC(_IOC_READ|_IOC_WRITE, 0x46, 0x2a, 0x20), 0x7fff81b99ff0) = 0
openat(AT_FDCWD, "/sys/bus/pci/devices/0000:ca:00.0/numa_node", O_RDONLY) = 29
read(29, "1\n", 4096)                   = 2
ioctl(10, _IOC(_IOC_READ|_IOC_WRITE, 0x46, 0x2a, 0x20), 0x7fff81b9a2d0) = 0
ioctl(10, _IOC(_IOC_READ|_IOC_WRITE, 0x46, 0x29, 0x10), 0x7fff81b9b370) = 0
ioctl(10, _IOC(_IOC_READ|_IOC_WRITE, 0x46, 0x2a, 0x20), 0x7fff81b9a160) = 0
ioctl(10, _IOC(_IOC_READ|_IOC_WRITE, 0x46, 0x2a, 0x20), 0x7fff81b9a160) = 0
ioctl(10, _IOC(_IOC_READ|_IOC_WRITE, 0x46, 0x2a, 0x20), 0x7fff81b9a160) = 0
ioctl(10, _IOC(_IOC_READ|_IOC_WRITE, 0x46, 0x2a, 0x20), 0x7fff81b9a160) = 0
ioctl(10, _IOC(_IOC_READ|_IOC_WRITE, 0x46, 0x2a, 0x20), 0x7fff81b9a160) = 0
openat(AT_FDCWD, "/proc/driver/nvidia/params", O_RDONLY) = 29
read(29, "ResmanDebugLevel: 4294967295\nRmL"..., 1024) = 945
openat(AT_FDCWD, "/proc/driver/nvidia/params", O_RDONLY) = 29
read(29, "ResmanDebugLevel: 4294967295\nRmL"..., 1024) = 945
openat(AT_FDCWD, "/dev/nvidia3", O_RDWR|O_CLOEXEC) = 29
ioctl(29, _IOC(_IOC_READ|_IOC_WRITE, 0x46, 0xc9, 0x4), 0x7fff81b9b2e0) = 0
ioctl(29, _IOC(_IOC_READ|_IOC_WRITE, 0x46, 0xd7, 0x230), 0x7fff81b9b060) = 0
ioctl(10, _IOC(_IOC_READ|_IOC_WRITE, 0x46, 0x2b, 0x30), 0x7fff81b9b3b0) = 0
ioctl(10, _IOC(_IOC_READ|_IOC_WRITE, 0x46, 0x2a, 0x20), 0x7fff81b9a2e0) = 0
ioctl(10, _IOC(_IOC_READ|_IOC_WRITE, 0x46, 0x2a, 0x20), 0x7fff81b9a140) = 0
ioctl(10, _IOC(_IOC_READ|_IOC_WRITE, 0x46, 0x2a, 0x20), 0x7fff81b9a2e0) = 0
ioctl(10, _IOC(_IOC_READ|_IOC_WRITE, 0x46, 0x2a, 0x20), 0x7fff81b9a250) = 0
ioctl(10, _IOC(_IOC_READ|_IOC_WRITE, 0x46, 0x2a, 0x20), 0x7fff81b9a150) = 0
ioctl(10, _IOC(_IOC_READ|_IOC_WRITE, 0x46, 0x2a, 0x20), 0x7fff81b9a150) = 0
ioctl(10, _IOC(_IOC_READ|_IOC_WRITE, 0x46, 0x2a, 0x20), 0x7fff81b9a150) = 0
ioctl(10, _IOC(_IOC_READ|_IOC_WRITE, 0x46, 0x2a, 0x20), 0x7fff81b9a150) = 0
ioctl(10, _IOC(_IOC_READ|_IOC_WRITE, 0x46, 0x2a, 0x20), 0x7fff81b9a150) = 0
openat(AT_FDCWD, "/proc/driver/nvidia/params", O_RDONLY) = 30
read(30, "ResmanDebugLevel: 4294967295\nRmL"..., 1024) = 945
openat(AT_FDCWD, "/proc/driver/nvidia/params", O_RDONLY) = 30
read(30, "ResmanDebugLevel: 4294967295\nRmL"..., 1024) = 945
openat(AT_FDCWD, "/dev/nvidia3", O_RDWR|O_CLOEXEC) = 30
ioctl(30, _IOC(_IOC_READ|_IOC_WRITE, 0x46, 0xc9, 0x4), 0x7fff81b9b2d0) = 0
ioctl(10, _IOC(_IOC_READ|_IOC_WRITE, 0x46, 0x2b, 0x30), 0x7fff81b9b3e0) = 0
ioctl(10, _IOC(_IOC_READ|_IOC_WRITE, 0x46, 0x2b, 0x30), 0x7fff81b9b400) = 0
ioctl(10, _IOC(_IOC_READ|_IOC_WRITE, 0x46, 0x2a, 0x20), 0x7fff81b9a130) = 0
ioctl(10, _IOC(_IOC_READ|_IOC_WRITE, 0x46, 0x2a, 0x20), 0x7fff81b99c30) = 0
ioctl(10, _IOC(_IOC_READ|_IOC_WRITE, 0x46, 0x2a, 0x20), 0x7fff81b9a1e0) = 0
ioctl(10, _IOC(_IOC_READ|_IOC_WRITE, 0x46, 0x2a, 0x20), 0x7fff81b99850) = 0
ioctl(10, _IOC(_IOC_READ|_IOC_WRITE, 0x46, 0x2a, 0x20), 0x7fff81b99040) = 0
ioctl(10, _IOC(_IOC_READ|_IOC_WRITE, 0x46, 0x2a, 0x20), 0x7fff81b99690) = 0
ioctl(10, _IOC(_IOC_READ|_IOC_WRITE, 0x46, 0x2a, 0x20), 0x7fff81b99f00) = 0
ioctl(10, _IOC(_IOC_READ|_IOC_WRITE, 0x46, 0x2a, 0x20), 0x7fff81b9a0d0) = 0
ioctl(10, _IOC(_IOC_READ|_IOC_WRITE, 0x46, 0x2a, 0x20), 0x7fff81b99dc0) = 0
ioctl(10, _IOC(_IOC_READ|_IOC_WRITE, 0x46, 0x2a, 0x20), 0x7fff81b99dc0) = 0
ioctl(10, _IOC(_IOC_READ|_IOC_WRITE, 0x46, 0x2a, 0x20), 0x7fff81b99dc0) = 0
ioctl(10, _IOC(_IOC_READ|_IOC_WRITE, 0x46, 0x2a, 0x20), 0x7fff81b99dc0) = 0
ioctl(10, _IOC(_IOC_READ|_IOC_WRITE, 0x46, 0x2a, 0x20), 0x7fff81b99dc0) = 0
ioctl(10, _IOC(_IOC_READ|_IOC_WRITE, 0x46, 0x2a, 0x20), 0x7fff81b99c10) = 0
ioctl(10, _IOC(_IOC_READ|_IOC_WRITE, 0x46, 0x2a, 0x20), 0x7fff81b99f20) = 0
ioctl(10, _IOC(_IOC_READ|_IOC_WRITE, 0x46, 0x2a, 0x20), 0x7fff81b99fc0) = 0
ioctl(10, _IOC(_IOC_READ|_IOC_WRITE, 0x46, 0x2a, 0x20), 0x7fff81b9a0d0) = 0
ioctl(10, _IOC(_IOC_READ|_IOC_WRITE, 0x46, 0x2a, 0x20), 0x7fff81b9a0d0) = 0
openat(AT_FDCWD, "/dev/nvidia3", O_RDWR|O_CLOEXEC) = 31
ioctl(31, _IOC(_IOC_READ|_IOC_WRITE, 0x46, 0xc9, 0x4), 0x7fff81b9b190) = 0
ioctl(31, _IOC(_IOC_READ|_IOC_WRITE, 0x46, 0xce, 0x10), 0x7fff81b9b180) = 0
ioctl(10, _IOC(_IOC_READ|_IOC_WRITE, 0x46, 0x2a, 0x20), 0x7fff81b99e20) = 0
ioctl(10, _IOC(_IOC_READ|_IOC_WRITE, 0x46, 0x2a, 0x20), 0x7fff81b9a000) = 0
ioctl(10, _IOC(_IOC_READ|_IOC_WRITE, 0x46, 0x2a, 0x20), 0x7fff81b9a000) = 0
ioctl(10, _IOC(_IOC_READ|_IOC_WRITE, 0x46, 0x2a, 0x20), 0x7fff81b9a000) = 0
ioctl(10, _IOC(_IOC_READ|_IOC_WRITE, 0x46, 0x2a, 0x20), 0x7fff81b9a000) = 0
ioctl(10, _IOC(_IOC_READ|_IOC_WRITE, 0x46, 0x2a, 0x20), 0x7fff81b9a000) = 0
ioctl(10, _IOC(_IOC_READ|_IOC_WRITE, 0x46, 0x2a, 0x20), 0x7fff81b9a000) = 0
ioctl(10, _IOC(_IOC_READ|_IOC_WRITE, 0x46, 0x2a, 0x20), 0x7fff81b9a000) = 0
ioctl(10, _IOC(_IOC_READ|_IOC_WRITE, 0x46, 0x2a, 0x20), 0x7fff81b99ff0) = 0
ioctl(10, _IOC(_IOC_READ|_IOC_WRITE, 0x46, 0x2a, 0x20), 0x7fff81b99f70) = 0
ioctl(10, _IOC(_IOC_READ|_IOC_WRITE, 0x46, 0x2a, 0x20), 0x7fff81b99f00) = 0
ioctl(10, _IOC(_IOC_READ|_IOC_WRITE, 0x46, 0x2a, 0x20), 0x7fff81b97a50) = 0
ioctl(10, _IOC(_IOC_READ|_IOC_WRITE, 0x46, 0x2a, 0x20), 0x7fff81b98b00) = 0
ioctl(10, _IOC(_IOC_READ|_IOC_WRITE, 0x46, 0x2a, 0x20), 0x7fff81b9a100) = 0
ioctl(10, _IOC(_IOC_READ|_IOC_WRITE, 0x46, 0x2a, 0x20), 0x7fff81b99f50) = 0
ioctl(10, _IOC(_IOC_READ|_IOC_WRITE, 0x46, 0x2b, 0x30), 0x7fff81b9b170) = 0
ioctl(10, _IOC(_IOC_READ|_IOC_WRITE, 0x46, 0x2a, 0x20), 0x7fff81b99f40) = 0
openat(AT_FDCWD, "/dev/nvidia3", O_RDWR|O_CLOEXEC) = 34
ioctl(10, _IOC(_IOC_READ|_IOC_WRITE, 0x46, 0x4e, 0x38), 0x7fff81b9b100) = 0
mmap(NULL, 65536, PROT_WRITE, MAP_SHARED, 34, 0) = 0x7197f3f70000
ioctl(10, _IOC(_IOC_READ|_IOC_WRITE, 0x46, 0x2b, 0x30), 0x7fff81b9b180) = 0
ioctl(10, _IOC(_IOC_READ|_IOC_WRITE, 0x46, 0x2a, 0x20), 0x7fff81b9a100) = 0
ioctl(10, _IOC(_IOC_READ|_IOC_WRITE, 0x46, 0x2a, 0x20), 0x7fff81b9a0a0) = 0
ioctl(10, _IOC(_IOC_READ|_IOC_WRITE, 0x46, 0x2b, 0x30), 0x7fff81b9b1f0) = 0
ioctl(10, _IOC(_IOC_READ|_IOC_WRITE, 0x46, 0x2b, 0x30), 0x7fff81b9b1f0) = 0
ioctl(10, _IOC(_IOC_READ|_IOC_WRITE, 0x46, 0x2a, 0x20), 0x7fff81b9a0d0) = 0
ioctl(10, _IOC(_IOC_READ|_IOC_WRITE, 0x46, 0x2a, 0x20), 0x7fff81b9a030) = 0
ioctl(10, _IOC(_IOC_READ|_IOC_WRITE, 0x46, 0x2a, 0x20), 0x7fff81b9a030) = 0
ioctl(10, _IOC(_IOC_READ|_IOC_WRITE, 0x46, 0x2a, 0x20), 0x7fff81b9a130) = 0
ioctl(10, _IOC(_IOC_READ|_IOC_WRITE, 0x46, 0x2a, 0x20), 0x7fff81b99ff0) = 0
openat(AT_FDCWD, "/sys/bus/pci/devices/0000:e3:00.0/numa_node", O_RDONLY) = 34
read(34, "1\n", 4096)                   = 2
ioctl(10, _IOC(_IOC_READ|_IOC_WRITE, 0x46, 0x2a, 0x20), 0x7fff81b9a2e0) = 0
mmap(NULL, 100663296, PROT_NONE, MAP_PRIVATE|MAP_ANONYMOUS, -1, 0) = 0x7197e6000000
ioctl(10, _IOC(_IOC_READ|_IOC_WRITE, 0x46, 0x2a, 0x20), 0x7fff81b9b440) = 0
ioctl(10, _IOC(_IOC_READ|_IOC_WRITE, 0x46, 0x2a, 0x20), 0x7fff81b9b440) = 0
ioctl(10, _IOC(_IOC_READ|_IOC_WRITE, 0x46, 0x2a, 0x20), 0x7fff81b9b440) = 0
ioctl(10, _IOC(_IOC_READ|_IOC_WRITE, 0x46, 0x2a, 0x20), 0x7fff81b9b440) = 0
ioctl(10, _IOC(_IOC_READ|_IOC_WRITE, 0x46, 0x2a, 0x20), 0x7fff81b9b440) = 0
ioctl(10, _IOC(_IOC_READ|_IOC_WRITE, 0x46, 0x2a, 0x20), 0x7fff81b9b440) = 0
ioctl(10, _IOC(_IOC_READ|_IOC_WRITE, 0x46, 0x2a, 0x20), 0x7fff81b9b440) = 0
ioctl(10, _IOC(_IOC_READ|_IOC_WRITE, 0x46, 0x2a, 0x20), 0x7fff81b9b440) = 0
mmap(NULL, 2465792, PROT_READ|PROT_WRITE, MAP_PRIVATE|MAP_ANONYMOUS, -1, 0) = 0x7197f15a5000
ioctl(10, _IOC(_IOC_READ|_IOC_WRITE, 0x46, 0x2a, 0x20), 0x7fff81b9a590) = 0
ioctl(10, _IOC(_IOC_READ|_IOC_WRITE, 0x46, 0x2a, 0x20), 0x7fff81b9a590) = 0
ioctl(10, _IOC(_IOC_READ|_IOC_WRITE, 0x46, 0x2a, 0x20), 0x7fff81b9a590) = 0
ioctl(10, _IOC(_IOC_READ|_IOC_WRITE, 0x46, 0x2a, 0x20), 0x7fff81b9a590) = 0
ioctl(10, _IOC(_IOC_READ|_IOC_WRITE, 0x46, 0x2a, 0x20), 0x7fff81b9a590) = 0
ioctl(10, _IOC(_IOC_READ|_IOC_WRITE, 0x46, 0x2a, 0x20), 0x7fff81b9ae10) = 0
ioctl(10, _IOC(_IOC_READ|_IOC_WRITE, 0x46, 0x2a, 0x20), 0x7fff81b99610) = 0
ioctl(10, _IOC(_IOC_READ|_IOC_WRITE, 0x46, 0x2a, 0x20), 0x7fff81b9ae10) = 0
ioctl(10, _IOC(_IOC_READ|_IOC_WRITE, 0x46, 0x2a, 0x20), 0x7fff81b99610) = 0
ioctl(10, _IOC(_IOC_READ|_IOC_WRITE, 0x46, 0x2a, 0x20), 0x7fff81b9ae10) = 0
ioctl(10, _IOC(_IOC_READ|_IOC_WRITE, 0x46, 0x2a, 0x20), 0x7fff81b99610) = 0
ioctl(10, _IOC(_IOC_READ|_IOC_WRITE, 0x46, 0x2a, 0x20), 0x7fff81b9ae10) = 0
ioctl(10, _IOC(_IOC_READ|_IOC_WRITE, 0x46, 0x2a, 0x20), 0x7fff81b99610) = 0
mmap(NULL, 659456, PROT_READ|PROT_WRITE, MAP_PRIVATE|MAP_ANONYMOUS, -1, 0) = 0x7197f2278000
ioctl(11, _IOC(_IOC_NONE, 0, 0x25, 0), 0x7fff81b9cce0) = 0
ioctl(11, _IOC(_IOC_NONE, 0, 0x46, 0), 0x7fff81b9cd50) = 0
ioctl(11, _IOC(_IOC_NONE, 0, 0x25, 0), 0x7fff81b9cce0) = 0
ioctl(11, _IOC(_IOC_NONE, 0, 0x46, 0), 0x7fff81b9cd50) = 0
ioctl(11, _IOC(_IOC_NONE, 0, 0x25, 0), 0x7fff81b9cce0) = 0
ioctl(11, _IOC(_IOC_NONE, 0, 0x46, 0), 0x7fff81b9cd50) = 0
ioctl(11, _IOC(_IOC_NONE, 0, 0x25, 0), 0x7fff81b9cce0) = 0
ioctl(11, _IOC(_IOC_NONE, 0, 0x46, 0), 0x7fff81b9cd50) = 0
ioctl(11, _IOC(_IOC_NONE, 0, 0x17, 0), 0x7fff81b9d1b0) = 0
ioctl(10, _IOC(_IOC_READ|_IOC_WRITE, 0x46, 0x2b, 0x30), 0x7fff81b9cf10) = 0
ioctl(10, _IOC(_IOC_READ|_IOC_WRITE, 0x46, 0x2b, 0x30), 0x7fff81b9cf10) = 0
ioctl(10, _IOC(_IOC_READ|_IOC_WRITE, 0x46, 0x2b, 0x30), 0x7fff81b9cf10) = 0
ioctl(10, _IOC(_IOC_READ|_IOC_WRITE, 0x46, 0x2b, 0x30), 0x7fff81b9cf10) = 0
mmap(0x200000000, 17181966336, PROT_NONE, MAP_PRIVATE|MAP_ANONYMOUS, -1, 0) = 0x200000000
mmap(NULL, 536866816, PROT_NONE, MAP_PRIVATE|MAP_ANONYMOUS, -1, 0) = 0x7197c6001000
munmap(0x7197c6001000, 167768064)       = 0
munmap(0x7197e0000000, 100663296)       = 0
ioctl(10, _IOC(_IOC_READ|_IOC_WRITE, 0x46, 0x2b, 0x30), 0x7fff81b9d150) = 0
ioctl(10, _IOC(_IOC_READ|_IOC_WRITE, 0x46, 0x2a, 0x20), 0x7fff81b9c030) = 0
ioctl(10, _IOC(_IOC_READ|_IOC_WRITE, 0x46, 0x2b, 0x30), 0x7fff81b9d150) = 0
ioctl(10, _IOC(_IOC_READ|_IOC_WRITE, 0x46, 0x2a, 0x20), 0x7fff81b9c030) = 0
ioctl(10, _IOC(_IOC_READ|_IOC_WRITE, 0x46, 0x2b, 0x30), 0x7fff81b9d150) = 0
ioctl(10, _IOC(_IOC_READ|_IOC_WRITE, 0x46, 0x2a, 0x20), 0x7fff81b9c030) = 0
ioctl(10, _IOC(_IOC_READ|_IOC_WRITE, 0x46, 0x2b, 0x30), 0x7fff81b9d150) = 0
ioctl(10, _IOC(_IOC_READ|_IOC_WRITE, 0x46, 0x2a, 0x20), 0x7fff81b9c030) = 0
mmap(NULL, 16912384, PROT_NONE, MAP_PRIVATE|MAP_ANONYMOUS, -1, 0) = 0x7197f0584000
mmap(NULL, 16912384, PROT_NONE, MAP_PRIVATE|MAP_ANONYMOUS, -1, 0) = 0x7197e4fdf000
mmap(NULL, 16912384, PROT_NONE, MAP_PRIVATE|MAP_ANONYMOUS, -1, 0) = 0x7197e3fbe000
mmap(NULL, 16912384, PROT_NONE, MAP_PRIVATE|MAP_ANONYMOUS, -1, 0) = 0x7197e2f9d000
write(5, "\1\0\0\0\0\0\0\0", 8)         = 8
write(1, "cuDeviceGet OK, device=0\n", 25) = 25
+++ exited with 0 +++
