3112970 openat(AT_FDCWD, "/etc/ld.so.cache", O_RDONLY|O_CLOEXEC) = 5
3112970 close(5)                        = 0
3112970 openat(AT_FDCWD, "/lib/x86_64-linux-gnu/libcuda.so.1", O_RDONLY|O_CLOEXEC) = 5
3112970 close(5)                        = 0
3112970 openat(AT_FDCWD, "/lib/x86_64-linux-gnu/libc.so.6", O_RDONLY|O_CLOEXEC) = 5
3112970 close(5)                        = 0
3112970 openat(AT_FDCWD, "/lib/x86_64-linux-gnu/libm.so.6", O_RDONLY|O_CLOEXEC) = 5
3112970 close(5)                        = 0
3112970 openat(AT_FDCWD, "/lib/x86_64-linux-gnu/libdl.so.2", O_RDONLY|O_CLOEXEC) = 5
3112970 close(5)                        = 0
3112970 openat(AT_FDCWD, "/lib/x86_64-linux-gnu/libpthread.so.0", O_RDONLY|O_CLOEXEC) = 5
3112970 close(5)                        = 0
3112970 openat(AT_FDCWD, "/lib/x86_64-linux-gnu/librt.so.1", O_RDONLY|O_CLOEXEC) = 5
3112970 close(5)                        = 0
3112970 openat(AT_FDCWD, "/sys/devices/system/cpu/online", O_RDONLY|O_CLOEXEC) = 5
3112970 close(5)                        = 0
3112970 openat(AT_FDCWD, "/sys/devices/system/cpu/online", O_RDONLY|O_CLOEXEC) = 5
3112970 close(5)                        = 0
3112970 openat(AT_FDCWD, "/proc/sys/vm/mmap_min_addr", O_RDONLY) = 5
3112970 close(5)                        = 0
3112970 openat(AT_FDCWD, "/proc/cpuinfo", O_RDONLY) = 5
3112970 close(5)                        = 0
3112970 openat(AT_FDCWD, "/proc/self/maps", O_RDONLY) = 5
3112970 close(5)                        = 0
3112970 openat(AT_FDCWD, "/sys/devices/system/cpu/online", O_RDONLY|O_CLOEXEC) = 5
3112970 close(5)                        = 0
3112970 openat(AT_FDCWD, "/proc/self/task/3112971/comm", O_WRONLY|O_CREAT|O_TRUNC, 0666) = 10
3112970 close(10)                       = 0
3112970 openat(AT_FDCWD, "/dev/shm/cuda_injection_path_shm", O_RDWR|O_NOFOLLOW|O_CLOEXEC) = -1 ENOENT (No such file or directory)
3112970 openat(AT_FDCWD, "/home/pm3371/.nv/nvidia-application-profile-globals-rc", O_RDONLY) = -1 ENOENT (No such file or directory)
3112970 openat(AT_FDCWD, "/home/pm3371/.nv/nvidia-application-profiles-rc", O_RDONLY) = -1 ENOENT (No such file or directory)
3112970 openat(AT_FDCWD, "/home/pm3371/.nv/nvidia-application-profiles-rc.d", O_RDONLY) = -1 ENOENT (No such file or directory)
3112970 openat(AT_FDCWD, "/etc/nvidia/nvidia-application-profiles-rc", O_RDONLY) = -1 ENOENT (No such file or directory)
3112970 openat(AT_FDCWD, "/etc/nvidia/nvidia-application-profiles-rc.d/", O_RDONLY) = -1 ENOENT (No such file or directory)
3112970 openat(AT_FDCWD, "/usr/share/nvidia/nvidia-application-profiles-555.42.02-rc", O_RDONLY) = 10
3112970 close(10)                       = 0
3112970 openat(AT_FDCWD, "/usr/share/nvidia/nvidia-application-profiles-rc", O_RDONLY) = -1 ENOENT (No such file or directory)
3112970 openat(AT_FDCWD, "/proc/self/cmdline", O_RDONLY) = 10
3112970 close(10)                       = 0
3112970 close(10)                       = 0
3112970 openat(AT_FDCWD, "/proc/modules", O_RDONLY) = 10
3112970 close(10)                       = 0
3112970 openat(AT_FDCWD, "/proc/driver/nvidia/params", O_RDONLY) = 10
3112970 close(10)                       = 0
3112970 openat(AT_FDCWD, "/dev/nvidiactl", O_RDWR) = 10
3112970 openat(AT_FDCWD, "/sys/devices/system/memory/block_size_bytes", O_RDONLY) = 11
3112970 close(11)                       = 0
3112970 ioctl(10, _IOC(_IOC_READ|_IOC_WRITE, 0x46, 0xd6, 0x8), 0x7ffc11351390) = 0
3112970 ioctl(10, _IOC(_IOC_READ|_IOC_WRITE, 0x46, 0xc8, 0x900), 0x7fac44921ae0) = 0
3112970 openat(AT_FDCWD, "/proc/driver/nvidia/params", O_RDONLY) = 11
3112970 close(11)                       = 0
3112970 ioctl(10, _IOC(_IOC_READ|_IOC_WRITE, 0x46, 0x2b, 0x20), 0x7ffc113514e0) = 0
3112970 ioctl(10, _IOC(_IOC_READ|_IOC_WRITE, 0x46, 0x2a, 0x20), 0x7ffc113503e0) = 0
3112970 ioctl(10, _IOC(_IOC_READ|_IOC_WRITE, 0x46, 0x29, 0x10), 0x7ffc113514c0) = 0
3112970 close(10)                       = 0
3112970 openat(AT_FDCWD, "/proc/modules", O_RDONLY) = 10
3112970 close(10)                       = 0
3112970 openat(AT_FDCWD, "/proc/driver/nvidia/params", O_RDONLY) = 10
3112970 close(10)                       = 0
3112970 openat(AT_FDCWD, "/dev/nvidiactl", O_RDWR) = 10
3112970 openat(AT_FDCWD, "/sys/devices/system/memory/block_size_bytes", O_RDONLY) = 11
3112970 close(11)                       = 0
3112970 ioctl(10, _IOC(_IOC_READ|_IOC_WRITE, 0x46, 0xd6, 0x8), 0x7ffc11351950) = 0
3112970 ioctl(10, _IOC(_IOC_READ|_IOC_WRITE, 0x46, 0xc8, 0x900), 0x7fac44921ae0) = 0
3112970 openat(AT_FDCWD, "/proc/driver/nvidia/params", O_RDONLY) = 11
3112970 close(11)                       = 0
3112970 ioctl(10, _IOC(_IOC_READ|_IOC_WRITE, 0x46, 0x2b, 0x20), 0x7ffc11351aa0) = 0
3112970 ioctl(10, _IOC(_IOC_READ|_IOC_WRITE, 0x46, 0x2a, 0x20), 0x7ffc11350960) = 0
3112970 ioctl(10, _IOC(_IOC_READ|_IOC_WRITE, 0x46, 0x2a, 0x20), 0x7ffc11350960) = 0
3112970 ioctl(10, _IOC(_IOC_READ|_IOC_WRITE, 0x46, 0x2b, 0x30), 0x7ffc11351a90) = 0
3112970 ioctl(10, _IOC(_IOC_READ|_IOC_WRITE, 0x46, 0x2a, 0x20), 0x7ffc11350970) = 0
3112970 openat(AT_FDCWD, "/sys/devices/system/cpu/online", O_RDONLY|O_CLOEXEC) = 11
3112970 close(11)                       = 0
3112970 openat(AT_FDCWD, "/proc/self/status", O_RDONLY) = 11
3112970 close(11)                       = 0
3112970 openat(AT_FDCWD, "/sys/devices/system/node", O_RDONLY|O_NONBLOCK|O_CLOEXEC|O_DIRECTORY) = 11
3112970 openat(AT_FDCWD, "/sys/devices/system/node/node0/cpumap", O_RDONLY) = 12
3112970 close(12)                       = 0
3112970 openat(AT_FDCWD, "/sys/devices/system/node/node1/cpumap", O_RDONLY) = 12
3112970 close(12)                       = 0
3112970 close(11)                       = 0
3112970 openat(AT_FDCWD, "/proc/modules", O_RDONLY) = 11
3112970 close(11)                       = 0
3112970 openat(AT_FDCWD, "/proc/devices", O_RDONLY) = 11
3112970 close(11)                       = 0
3112970 openat(AT_FDCWD, "/dev/nvidia-uvm", O_RDWR|O_CLOEXEC) = 11
3112970 openat(AT_FDCWD, "/dev/nvidia-uvm", O_RDWR|O_CLOEXEC) = 12
3112970 ioctl(11, _IOC(_IOC_NONE, 0, 0x1, 0x3000), 0x7ffc11351aa0) = 0
3112970 ioctl(12, _IOC(_IOC_NONE, 0, 0x4b, 0), 0x7ffc11351aa0) = 0
3112970 close(12)                       = 0
3112970 ioctl(11, _IOC(_IOC_NONE, 0, 0x27, 0), 0x7ffc11351aa0) = 0
3112970 ioctl(10, _IOC(_IOC_READ|_IOC_WRITE, 0x46, 0x2a, 0x20), 0x7ffc1134eb10) = 0
3112970 ioctl(10, _IOC(_IOC_READ|_IOC_WRITE, 0x46, 0x2a, 0x20), 0x7ffc1134e340) = 0
3112970 ioctl(10, _IOC(_IOC_READ|_IOC_WRITE, 0x46, 0x2a, 0x20), 0x7ffc1134ea50) = 0
3112970 openat(AT_FDCWD, "/proc/driver/nvidia/params", O_RDONLY) = 12
3112970 close(12)                       = 0
3112970 openat(AT_FDCWD, "/dev/nvidia0", O_RDWR|O_CLOEXEC) = 12
3112970 ioctl(10, _IOC(_IOC_READ|_IOC_WRITE, 0x46, 0x2a, 0x20), 0x7ffc1134ea50) = 0
3112970 openat(AT_FDCWD, "/proc/driver/nvidia/params", O_RDONLY) = 13
3112970 close(13)                       = 0
3112970 openat(AT_FDCWD, "/dev/nvidia1", O_RDWR|O_CLOEXEC) = 13
3112970 ioctl(10, _IOC(_IOC_READ|_IOC_WRITE, 0x46, 0x2a, 0x20), 0x7ffc1134ea50) = 0
3112970 openat(AT_FDCWD, "/proc/driver/nvidia/params", O_RDONLY) = 14
3112970 close(14)                       = 0
3112970 openat(AT_FDCWD, "/dev/nvidia2", O_RDWR|O_CLOEXEC) = 14
3112970 ioctl(10, _IOC(_IOC_READ|_IOC_WRITE, 0x46, 0x2a, 0x20), 0x7ffc1134ea50) = 0
3112970 openat(AT_FDCWD, "/proc/driver/nvidia/params", O_RDONLY) = 15
3112970 close(15)                       = 0
3112970 openat(AT_FDCWD, "/dev/nvidia3", O_RDWR|O_CLOEXEC) = -1 EIO (Input/output error)
3112970 openat(AT_FDCWD, "/dev/nvidia3", O_RDWR) = -1 EIO (Input/output error)
3112970 ioctl(10, _IOC(_IOC_READ|_IOC_WRITE, 0x46, 0xd1, 0xc), 0x7ffc1134e924) = 0
3112970 ioctl(10, _IOC(_IOC_READ|_IOC_WRITE, 0x46, 0x2a, 0x20), 0x7ffc1134ec10) = 0
3112970 ioctl(10, _IOC(_IOC_READ|_IOC_WRITE, 0x46, 0x2a, 0x20), 0x7ffc1134ec00) = 0
3112970 ioctl(10, _IOC(_IOC_READ|_IOC_WRITE, 0x46, 0x29, 0x10), 0x7ffc1134fca0) = 0
3112970 ioctl(10, _IOC(_IOC_READ|_IOC_WRITE, 0x46, 0x2a, 0x20), 0x7ffc1134ea90) = 0
3112970 ioctl(10, _IOC(_IOC_READ|_IOC_WRITE, 0x46, 0x2a, 0x20), 0x7ffc1134ea90) = 0
3112970 openat(AT_FDCWD, "/proc/driver/nvidia/params", O_RDONLY) = 15
3112970 close(15)                       = 0
3112970 openat(AT_FDCWD, "/dev/nvidia0", O_RDWR|O_CLOEXEC) = 15
3112970 ioctl(15, _IOC(_IOC_READ|_IOC_WRITE, 0x46, 0xc9, 0x4), 0x7ffc1134fc10) = 0
3112970 ioctl(15, _IOC(_IOC_READ|_IOC_WRITE, 0x46, 0xd7, 0x230), 0x7ffc1134f990) = 0
3112970 ioctl(10, _IOC(_IOC_READ|_IOC_WRITE, 0x46, 0x2b, 0x30), 0x7ffc1134fce0) = 0
3112970 ioctl(10, _IOC(_IOC_READ|_IOC_WRITE, 0x46, 0x2a, 0x20), 0x7ffc1134ec10) = 0
3112970 ioctl(10, _IOC(_IOC_READ|_IOC_WRITE, 0x46, 0x2a, 0x20), 0x7ffc1134ea70) = 0
3112970 ioctl(10, _IOC(_IOC_READ|_IOC_WRITE, 0x46, 0x2a, 0x20), 0x7ffc1134ec10) = 0
3112970 ioctl(10, _IOC(_IOC_READ|_IOC_WRITE, 0x46, 0x2a, 0x20), 0x7ffc1134eb80) = 0
3112970 ioctl(10, _IOC(_IOC_READ|_IOC_WRITE, 0x46, 0x2a, 0x20), 0x7ffc1134ea80) = 0
3112970 ioctl(10, _IOC(_IOC_READ|_IOC_WRITE, 0x46, 0x2a, 0x20), 0x7ffc1134ea80) = 0
3112970 openat(AT_FDCWD, "/proc/driver/nvidia/params", O_RDONLY) = 16
3112970 close(16)                       = 0
3112970 openat(AT_FDCWD, "/dev/nvidia0", O_RDWR|O_CLOEXEC) = 16
3112970 ioctl(16, _IOC(_IOC_READ|_IOC_WRITE, 0x46, 0xc9, 0x4), 0x7ffc1134fc00) = 0
3112970 ioctl(10, _IOC(_IOC_READ|_IOC_WRITE, 0x46, 0x2b, 0x30), 0x7ffc1134fd10) = 0
3112970 ioctl(10, _IOC(_IOC_READ|_IOC_WRITE, 0x46, 0x2b, 0x30), 0x7ffc1134fd30) = 0
3112970 ioctl(10, _IOC(_IOC_READ|_IOC_WRITE, 0x46, 0x2a, 0x20), 0x7ffc1134ea60) = 0
3112970 ioctl(10, _IOC(_IOC_READ|_IOC_WRITE, 0x46, 0x2a, 0x20), 0x7ffc1134e560) = 0
3112970 ioctl(10, _IOC(_IOC_READ|_IOC_WRITE, 0x46, 0x2a, 0x20), 0x7ffc1134eb10) = 0
3112970 ioctl(10, _IOC(_IOC_READ|_IOC_WRITE, 0x46, 0x2a, 0x20), 0x7ffc1134e180) = 0
3112970 ioctl(10, _IOC(_IOC_READ|_IOC_WRITE, 0x46, 0x2a, 0x20), 0x7ffc1134d970) = 0
3112970 ioctl(10, _IOC(_IOC_READ|_IOC_WRITE, 0x46, 0x2a, 0x20), 0x7ffc1134dfc0) = 0
3112970 ioctl(10, _IOC(_IOC_READ|_IOC_WRITE, 0x46, 0x2a, 0x20), 0x7ffc1134e830) = 0
3112970 ioctl(10, _IOC(_IOC_READ|_IOC_WRITE, 0x46, 0x2a, 0x20), 0x7ffc1134ea00) = 0
3112970 ioctl(10, _IOC(_IOC_READ|_IOC_WRITE, 0x46, 0x2a, 0x20), 0x7ffc1134e6f0) = 0
3112970 ioctl(10, _IOC(_IOC_READ|_IOC_WRITE, 0x46, 0x2a, 0x20), 0x7ffc1134e6f0) = 0
3112970 ioctl(10, _IOC(_IOC_READ|_IOC_WRITE, 0x46, 0x2a, 0x20), 0x7ffc1134e6f0) = 0
3112970 ioctl(10, _IOC(_IOC_READ|_IOC_WRITE, 0x46, 0x2a, 0x20), 0x7ffc1134e6f0) = 0
3112970 ioctl(10, _IOC(_IOC_READ|_IOC_WRITE, 0x46, 0x2a, 0x20), 0x7ffc1134e6f0) = 0
3112970 ioctl(10, _IOC(_IOC_READ|_IOC_WRITE, 0x46, 0x2a, 0x20), 0x7ffc1134e540) = 0
3112970 ioctl(10, _IOC(_IOC_READ|_IOC_WRITE, 0x46, 0x2a, 0x20), 0x7ffc1134e850) = 0
3112970 ioctl(10, _IOC(_IOC_READ|_IOC_WRITE, 0x46, 0x2a, 0x20), 0x7ffc1134e8f0) = 0
3112970 ioctl(10, _IOC(_IOC_READ|_IOC_WRITE, 0x46, 0x2a, 0x20), 0x7ffc1134ea00) = 0
3112970 ioctl(10, _IOC(_IOC_READ|_IOC_WRITE, 0x46, 0x2a, 0x20), 0x7ffc1134ea00) = 0
3112970 ioctl(10, _IOC(_IOC_READ|_IOC_WRITE, 0x46, 0x2a, 0x20), 0x7ffc1134e750) = 0
3112970 ioctl(10, _IOC(_IOC_READ|_IOC_WRITE, 0x46, 0x2a, 0x20), 0x7ffc1134e930) = 0
3112970 ioctl(10, _IOC(_IOC_READ|_IOC_WRITE, 0x46, 0x2a, 0x20), 0x7ffc1134e930) = 0
3112970 ioctl(10, _IOC(_IOC_READ|_IOC_WRITE, 0x46, 0x2a, 0x20), 0x7ffc1134e930) = 0
3112970 ioctl(10, _IOC(_IOC_READ|_IOC_WRITE, 0x46, 0x2a, 0x20), 0x7ffc1134e930) = 0
3112970 ioctl(10, _IOC(_IOC_READ|_IOC_WRITE, 0x46, 0x2a, 0x20), 0x7ffc1134e930) = 0
3112970 ioctl(10, _IOC(_IOC_READ|_IOC_WRITE, 0x46, 0x2a, 0x20), 0x7ffc1134e930) = 0
3112970 ioctl(10, _IOC(_IOC_READ|_IOC_WRITE, 0x46, 0x2a, 0x20), 0x7ffc1134e930) = 0
3112970 ioctl(10, _IOC(_IOC_READ|_IOC_WRITE, 0x46, 0x2a, 0x20), 0x7ffc1134e920) = 0
3112970 ioctl(10, _IOC(_IOC_READ|_IOC_WRITE, 0x46, 0x2a, 0x20), 0x7ffc1134e8a0) = 0
3112970 ioctl(10, _IOC(_IOC_READ|_IOC_WRITE, 0x46, 0x2a, 0x20), 0x7ffc1134c380) = 0
3112970 ioctl(10, _IOC(_IOC_READ|_IOC_WRITE, 0x46, 0x2a, 0x20), 0x7ffc1134d430) = 0
3112970 ioctl(10, _IOC(_IOC_READ|_IOC_WRITE, 0x46, 0x2a, 0x20), 0x7ffc1134ea30) = 0
3112970 ioctl(10, _IOC(_IOC_READ|_IOC_WRITE, 0x46, 0x2a, 0x20), 0x7ffc1134e880) = 0
3112970 ioctl(10, _IOC(_IOC_READ|_IOC_WRITE, 0x46, 0x2b, 0x30), 0x7ffc1134faa0) = 0
3112970 ioctl(10, _IOC(_IOC_READ|_IOC_WRITE, 0x46, 0x2a, 0x20), 0x7ffc1134e870) = 0
3112970 openat(AT_FDCWD, "/dev/nvidia0", O_RDWR|O_CLOEXEC) = 18
3112970 ioctl(10, _IOC(_IOC_READ|_IOC_WRITE, 0x46, 0x4e, 0x38), 0x7ffc1134fa30) = 0
3112970 close(18)                       = 0
3112970 ioctl(10, _IOC(_IOC_READ|_IOC_WRITE, 0x46, 0x2a, 0x20), 0x7ffc1134e9d0) = 0
3112970 ioctl(10, _IOC(_IOC_READ|_IOC_WRITE, 0x46, 0x2b, 0x30), 0x7ffc1134fb20) = 0
3112970 ioctl(10, _IOC(_IOC_READ|_IOC_WRITE, 0x46, 0x2b, 0x30), 0x7ffc1134fb20) = 0
3112970 ioctl(10, _IOC(_IOC_READ|_IOC_WRITE, 0x46, 0x2a, 0x20), 0x7ffc1134ea00) = 0
3112970 ioctl(10, _IOC(_IOC_READ|_IOC_WRITE, 0x46, 0x2a, 0x20), 0x7ffc1134e960) = 0
3112970 ioctl(10, _IOC(_IOC_READ|_IOC_WRITE, 0x46, 0x2a, 0x20), 0x7ffc1134e960) = 0
3112970 ioctl(10, _IOC(_IOC_READ|_IOC_WRITE, 0x46, 0x2a, 0x20), 0x7ffc1134ea60) = 0
3112970 ioctl(10, _IOC(_IOC_READ|_IOC_WRITE, 0x46, 0x2a, 0x20), 0x7ffc1134e920) = 0
3112970 openat(AT_FDCWD, "/sys/bus/pci/devices/0000:3f:00.0/numa_node", O_RDONLY) = 18
3112970 close(18)                       = 0
3112970 ioctl(10, _IOC(_IOC_READ|_IOC_WRITE, 0x46, 0x2a, 0x20), 0x7ffc1134ec00) = 0
3112970 ioctl(10, _IOC(_IOC_READ|_IOC_WRITE, 0x46, 0x29, 0x10), 0x7ffc1134fca0) = 0
3112970 ioctl(10, _IOC(_IOC_READ|_IOC_WRITE, 0x46, 0x2a, 0x20), 0x7ffc1134ea90) = 0
3112970 ioctl(10, _IOC(_IOC_READ|_IOC_WRITE, 0x46, 0x2a, 0x20), 0x7ffc1134ea90) = 0
3112970 ioctl(10, _IOC(_IOC_READ|_IOC_WRITE, 0x46, 0x2a, 0x20), 0x7ffc1134ea90) = 0
3112970 openat(AT_FDCWD, "/proc/driver/nvidia/params", O_RDONLY) = 18
3112970 close(18)                       = 0
3112970 openat(AT_FDCWD, "/dev/nvidia1", O_RDWR|O_CLOEXEC) = 18
3112970 ioctl(18, _IOC(_IOC_READ|_IOC_WRITE, 0x46, 0xc9, 0x4), 0x7ffc1134fc10) = 0
3112970 ioctl(18, _IOC(_IOC_READ|_IOC_WRITE, 0x46, 0xd7, 0x230), 0x7ffc1134f990) = 0
3112970 ioctl(10, _IOC(_IOC_READ|_IOC_WRITE, 0x46, 0x2b, 0x30), 0x7ffc1134fce0) = 0
3112970 ioctl(10, _IOC(_IOC_READ|_IOC_WRITE, 0x46, 0x2a, 0x20), 0x7ffc1134ec10) = 0
3112970 ioctl(10, _IOC(_IOC_READ|_IOC_WRITE, 0x46, 0x2a, 0x20), 0x7ffc1134ea70) = 0
3112970 ioctl(10, _IOC(_IOC_READ|_IOC_WRITE, 0x46, 0x2a, 0x20), 0x7ffc1134ec10) = 0
3112970 ioctl(10, _IOC(_IOC_READ|_IOC_WRITE, 0x46, 0x2a, 0x20), 0x7ffc1134eb80) = 0
3112970 ioctl(10, _IOC(_IOC_READ|_IOC_WRITE, 0x46, 0x2a, 0x20), 0x7ffc1134ea80) = 0
3112970 ioctl(10, _IOC(_IOC_READ|_IOC_WRITE, 0x46, 0x2a, 0x20), 0x7ffc1134ea80) = 0
3112970 ioctl(10, _IOC(_IOC_READ|_IOC_WRITE, 0x46, 0x2a, 0x20), 0x7ffc1134ea80) = 0
3112970 openat(AT_FDCWD, "/proc/driver/nvidia/params", O_RDONLY) = 19
3112970 close(19)                       = 0
3112970 openat(AT_FDCWD, "/dev/nvidia1", O_RDWR|O_CLOEXEC) = 19
3112970 ioctl(19, _IOC(_IOC_READ|_IOC_WRITE, 0x46, 0xc9, 0x4), 0x7ffc1134fc00) = 0
3112970 ioctl(10, _IOC(_IOC_READ|_IOC_WRITE, 0x46, 0x2b, 0x30), 0x7ffc1134fd10) = 0
3112970 ioctl(10, _IOC(_IOC_READ|_IOC_WRITE, 0x46, 0x2b, 0x30), 0x7ffc1134fd30) = 0
3112970 ioctl(10, _IOC(_IOC_READ|_IOC_WRITE, 0x46, 0x2a, 0x20), 0x7ffc1134ea60) = 0
3112970 ioctl(10, _IOC(_IOC_READ|_IOC_WRITE, 0x46, 0x2a, 0x20), 0x7ffc1134e560) = 0
3112970 ioctl(10, _IOC(_IOC_READ|_IOC_WRITE, 0x46, 0x2a, 0x20), 0x7ffc1134eb10) = 0
3112970 ioctl(10, _IOC(_IOC_READ|_IOC_WRITE, 0x46, 0x2a, 0x20), 0x7ffc1134e180) = 0
3112970 ioctl(10, _IOC(_IOC_READ|_IOC_WRITE, 0x46, 0x2a, 0x20), 0x7ffc1134d970) = 0
3112970 ioctl(10, _IOC(_IOC_READ|_IOC_WRITE, 0x46, 0x2a, 0x20), 0x7ffc1134dfc0) = 0
3112970 ioctl(10, _IOC(_IOC_READ|_IOC_WRITE, 0x46, 0x2a, 0x20), 0x7ffc1134e830) = 0
3112970 ioctl(10, _IOC(_IOC_READ|_IOC_WRITE, 0x46, 0x2a, 0x20), 0x7ffc1134ea00) = 0
3112970 ioctl(10, _IOC(_IOC_READ|_IOC_WRITE, 0x46, 0x2a, 0x20), 0x7ffc1134e6f0) = 0
3112970 ioctl(10, _IOC(_IOC_READ|_IOC_WRITE, 0x46, 0x2a, 0x20), 0x7ffc1134e6f0) = 0
3112970 ioctl(10, _IOC(_IOC_READ|_IOC_WRITE, 0x46, 0x2a, 0x20), 0x7ffc1134e6f0) = 0
3112970 ioctl(10, _IOC(_IOC_READ|_IOC_WRITE, 0x46, 0x2a, 0x20), 0x7ffc1134e6f0) = 0
3112970 ioctl(10, _IOC(_IOC_READ|_IOC_WRITE, 0x46, 0x2a, 0x20), 0x7ffc1134e6f0) = 0
3112970 ioctl(10, _IOC(_IOC_READ|_IOC_WRITE, 0x46, 0x2a, 0x20), 0x7ffc1134e540) = 0
3112970 ioctl(10, _IOC(_IOC_READ|_IOC_WRITE, 0x46, 0x2a, 0x20), 0x7ffc1134e850) = 0
3112970 ioctl(10, _IOC(_IOC_READ|_IOC_WRITE, 0x46, 0x2a, 0x20), 0x7ffc1134e8f0) = 0
3112970 ioctl(10, _IOC(_IOC_READ|_IOC_WRITE, 0x46, 0x2a, 0x20), 0x7ffc1134ea00) = 0
3112970 ioctl(10, _IOC(_IOC_READ|_IOC_WRITE, 0x46, 0x2a, 0x20), 0x7ffc1134ea00) = 0
3112970 ioctl(10, _IOC(_IOC_READ|_IOC_WRITE, 0x46, 0x2a, 0x20), 0x7ffc1134e750) = 0
3112970 ioctl(10, _IOC(_IOC_READ|_IOC_WRITE, 0x46, 0x2a, 0x20), 0x7ffc1134e930) = 0
3112970 ioctl(10, _IOC(_IOC_READ|_IOC_WRITE, 0x46, 0x2a, 0x20), 0x7ffc1134e930) = 0
3112970 ioctl(10, _IOC(_IOC_READ|_IOC_WRITE, 0x46, 0x2a, 0x20), 0x7ffc1134e930) = 0
3112970 ioctl(10, _IOC(_IOC_READ|_IOC_WRITE, 0x46, 0x2a, 0x20), 0x7ffc1134e930) = 0
3112970 ioctl(10, _IOC(_IOC_READ|_IOC_WRITE, 0x46, 0x2a, 0x20), 0x7ffc1134e930) = 0
3112970 ioctl(10, _IOC(_IOC_READ|_IOC_WRITE, 0x46, 0x2a, 0x20), 0x7ffc1134e930) = 0
3112970 ioctl(10, _IOC(_IOC_READ|_IOC_WRITE, 0x46, 0x2a, 0x20), 0x7ffc1134e930) = 0
3112970 ioctl(10, _IOC(_IOC_READ|_IOC_WRITE, 0x46, 0x2a, 0x20), 0x7ffc1134e920) = 0
3112970 ioctl(10, _IOC(_IOC_READ|_IOC_WRITE, 0x46, 0x2a, 0x20), 0x7ffc1134e8a0) = 0
3112970 ioctl(10, _IOC(_IOC_READ|_IOC_WRITE, 0x46, 0x2a, 0x20), 0x7ffc1134c380) = 0
3112970 ioctl(10, _IOC(_IOC_READ|_IOC_WRITE, 0x46, 0x2a, 0x20), 0x7ffc1134d430) = 0
3112970 ioctl(10, _IOC(_IOC_READ|_IOC_WRITE, 0x46, 0x2a, 0x20), 0x7ffc1134ea30) = 0
3112970 ioctl(10, _IOC(_IOC_READ|_IOC_WRITE, 0x46, 0x2a, 0x20), 0x7ffc1134e880) = 0
3112970 ioctl(10, _IOC(_IOC_READ|_IOC_WRITE, 0x46, 0x2b, 0x30), 0x7ffc1134faa0) = 0
3112970 ioctl(10, _IOC(_IOC_READ|_IOC_WRITE, 0x46, 0x2a, 0x20), 0x7ffc1134e870) = 0
3112970 openat(AT_FDCWD, "/dev/nvidia1", O_RDWR|O_CLOEXEC) = 22
3112970 ioctl(10, _IOC(_IOC_READ|_IOC_WRITE, 0x46, 0x4e, 0x38), 0x7ffc1134fa30) = 0
3112970 close(22)                       = 0
3112970 ioctl(10, _IOC(_IOC_READ|_IOC_WRITE, 0x46, 0x2a, 0x20), 0x7ffc1134e9d0) = 0
3112970 ioctl(10, _IOC(_IOC_READ|_IOC_WRITE, 0x46, 0x2b, 0x30), 0x7ffc1134fb20) = 0
3112970 ioctl(10, _IOC(_IOC_READ|_IOC_WRITE, 0x46, 0x2b, 0x30), 0x7ffc1134fb20) = 0
3112970 ioctl(10, _IOC(_IOC_READ|_IOC_WRITE, 0x46, 0x2a, 0x20), 0x7ffc1134ea00) = 0
3112970 ioctl(10, _IOC(_IOC_READ|_IOC_WRITE, 0x46, 0x2a, 0x20), 0x7ffc1134e960) = 0
3112970 ioctl(10, _IOC(_IOC_READ|_IOC_WRITE, 0x46, 0x2a, 0x20), 0x7ffc1134e960) = 0
3112970 ioctl(10, _IOC(_IOC_READ|_IOC_WRITE, 0x46, 0x2a, 0x20), 0x7ffc1134ea60) = 0
3112970 ioctl(10, _IOC(_IOC_READ|_IOC_WRITE, 0x46, 0x2a, 0x20), 0x7ffc1134e920) = 0
3112970 openat(AT_FDCWD, "/sys/bus/pci/devices/0000:40:00.0/numa_node", O_RDONLY) = 22
3112970 close(22)                       = 0
3112970 ioctl(10, _IOC(_IOC_READ|_IOC_WRITE, 0x46, 0x2a, 0x20), 0x7ffc1134ec00) = 0
3112970 ioctl(10, _IOC(_IOC_READ|_IOC_WRITE, 0x46, 0x29, 0x10), 0x7ffc1134fca0) = 0
3112970 ioctl(10, _IOC(_IOC_READ|_IOC_WRITE, 0x46, 0x2a, 0x20), 0x7ffc1134ea90) = 0
3112970 ioctl(10, _IOC(_IOC_READ|_IOC_WRITE, 0x46, 0x2a, 0x20), 0x7ffc1134ea90) = 0
3112970 ioctl(10, _IOC(_IOC_READ|_IOC_WRITE, 0x46, 0x2a, 0x20), 0x7ffc1134ea90) = 0
3112970 ioctl(10, _IOC(_IOC_READ|_IOC_WRITE, 0x46, 0x2a, 0x20), 0x7ffc1134ea90) = 0
3112970 openat(AT_FDCWD, "/proc/driver/nvidia/params", O_RDONLY) = 22
3112970 close(22)                       = 0
3112970 openat(AT_FDCWD, "/dev/nvidia2", O_RDWR|O_CLOEXEC) = 22
3112970 ioctl(22, _IOC(_IOC_READ|_IOC_WRITE, 0x46, 0xc9, 0x4), 0x7ffc1134fc10) = 0
3112970 ioctl(22, _IOC(_IOC_READ|_IOC_WRITE, 0x46, 0xd7, 0x230), 0x7ffc1134f990) = 0
3112970 ioctl(10, _IOC(_IOC_READ|_IOC_WRITE, 0x46, 0x2b, 0x30), 0x7ffc1134fce0) = 0
3112970 ioctl(10, _IOC(_IOC_READ|_IOC_WRITE, 0x46, 0x2a, 0x20), 0x7ffc1134ec10) = 0
3112970 ioctl(10, _IOC(_IOC_READ|_IOC_WRITE, 0x46, 0x2a, 0x20), 0x7ffc1134ea70) = 0
3112970 ioctl(10, _IOC(_IOC_READ|_IOC_WRITE, 0x46, 0x2a, 0x20), 0x7ffc1134ec10) = 0
3112970 ioctl(10, _IOC(_IOC_READ|_IOC_WRITE, 0x46, 0x2a, 0x20), 0x7ffc1134eb80) = 0
3112970 ioctl(10, _IOC(_IOC_READ|_IOC_WRITE, 0x46, 0x2a, 0x20), 0x7ffc1134ea80) = 0
3112970 ioctl(10, _IOC(_IOC_READ|_IOC_WRITE, 0x46, 0x2a, 0x20), 0x7ffc1134ea80) = 0
3112970 ioctl(10, _IOC(_IOC_READ|_IOC_WRITE, 0x46, 0x2a, 0x20), 0x7ffc1134ea80) = 0
3112970 ioctl(10, _IOC(_IOC_READ|_IOC_WRITE, 0x46, 0x2a, 0x20), 0x7ffc1134ea80) = 0
3112970 openat(AT_FDCWD, "/proc/driver/nvidia/params", O_RDONLY) = 23
3112970 close(23)                       = 0
3112970 openat(AT_FDCWD, "/dev/nvidia2", O_RDWR|O_CLOEXEC) = 23
3112970 ioctl(23, _IOC(_IOC_READ|_IOC_WRITE, 0x46, 0xc9, 0x4), 0x7ffc1134fc00) = 0
3112970 ioctl(10, _IOC(_IOC_READ|_IOC_WRITE, 0x46, 0x2b, 0x30), 0x7ffc1134fd10) = 0
3112970 ioctl(10, _IOC(_IOC_READ|_IOC_WRITE, 0x46, 0x2b, 0x30), 0x7ffc1134fd30) = 0
3112970 ioctl(10, _IOC(_IOC_READ|_IOC_WRITE, 0x46, 0x2a, 0x20), 0x7ffc1134ea60) = 0
3112970 ioctl(10, _IOC(_IOC_READ|_IOC_WRITE, 0x46, 0x2a, 0x20), 0x7ffc1134e560) = 0
3112970 ioctl(10, _IOC(_IOC_READ|_IOC_WRITE, 0x46, 0x2a, 0x20), 0x7ffc1134eb10) = 0
3112970 ioctl(10, _IOC(_IOC_READ|_IOC_WRITE, 0x46, 0x2a, 0x20), 0x7ffc1134e180) = 0
3112970 ioctl(10, _IOC(_IOC_READ|_IOC_WRITE, 0x46, 0x2a, 0x20), 0x7ffc1134d970) = 0
3112970 ioctl(10, _IOC(_IOC_READ|_IOC_WRITE, 0x46, 0x2a, 0x20), 0x7ffc1134dfc0) = 0
3112970 ioctl(10, _IOC(_IOC_READ|_IOC_WRITE, 0x46, 0x2a, 0x20), 0x7ffc1134e830) = 0
3112970 ioctl(10, _IOC(_IOC_READ|_IOC_WRITE, 0x46, 0x2a, 0x20), 0x7ffc1134ea00) = 0
3112970 ioctl(10, _IOC(_IOC_READ|_IOC_WRITE, 0x46, 0x2a, 0x20), 0x7ffc1134e6f0) = 0
3112970 ioctl(10, _IOC(_IOC_READ|_IOC_WRITE, 0x46, 0x2a, 0x20), 0x7ffc1134e6f0) = 0
3112970 ioctl(10, _IOC(_IOC_READ|_IOC_WRITE, 0x46, 0x2a, 0x20), 0x7ffc1134e6f0) = 0
3112970 ioctl(10, _IOC(_IOC_READ|_IOC_WRITE, 0x46, 0x2a, 0x20), 0x7ffc1134e6f0) = 0
3112970 ioctl(10, _IOC(_IOC_READ|_IOC_WRITE, 0x46, 0x2a, 0x20), 0x7ffc1134e6f0) = 0
3112970 ioctl(10, _IOC(_IOC_READ|_IOC_WRITE, 0x46, 0x2a, 0x20), 0x7ffc1134e540) = 0
3112970 ioctl(10, _IOC(_IOC_READ|_IOC_WRITE, 0x46, 0x2a, 0x20), 0x7ffc1134e850) = 0
3112970 ioctl(10, _IOC(_IOC_READ|_IOC_WRITE, 0x46, 0x2a, 0x20), 0x7ffc1134e8f0) = 0
3112970 ioctl(10, _IOC(_IOC_READ|_IOC_WRITE, 0x46, 0x2a, 0x20), 0x7ffc1134ea00) = 0
3112970 ioctl(10, _IOC(_IOC_READ|_IOC_WRITE, 0x46, 0x2a, 0x20), 0x7ffc1134ea00) = 0
3112970 ioctl(10, _IOC(_IOC_READ|_IOC_WRITE, 0x46, 0x2a, 0x20), 0x7ffc1134e750) = 0
3112970 ioctl(10, _IOC(_IOC_READ|_IOC_WRITE, 0x46, 0x2a, 0x20), 0x7ffc1134e930) = 0
3112970 ioctl(10, _IOC(_IOC_READ|_IOC_WRITE, 0x46, 0x2a, 0x20), 0x7ffc1134e930) = 0
3112970 ioctl(10, _IOC(_IOC_READ|_IOC_WRITE, 0x46, 0x2a, 0x20), 0x7ffc1134e930) = 0
3112970 ioctl(10, _IOC(_IOC_READ|_IOC_WRITE, 0x46, 0x2a, 0x20), 0x7ffc1134e930) = 0
3112970 ioctl(10, _IOC(_IOC_READ|_IOC_WRITE, 0x46, 0x2a, 0x20), 0x7ffc1134e930) = 0
3112970 ioctl(10, _IOC(_IOC_READ|_IOC_WRITE, 0x46, 0x2a, 0x20), 0x7ffc1134e930) = 0
3112970 ioctl(10, _IOC(_IOC_READ|_IOC_WRITE, 0x46, 0x2a, 0x20), 0x7ffc1134e930) = 0
3112970 ioctl(10, _IOC(_IOC_READ|_IOC_WRITE, 0x46, 0x2a, 0x20), 0x7ffc1134e920) = 0
3112970 ioctl(10, _IOC(_IOC_READ|_IOC_WRITE, 0x46, 0x2a, 0x20), 0x7ffc1134e8a0) = 0
3112970 ioctl(10, _IOC(_IOC_READ|_IOC_WRITE, 0x46, 0x2a, 0x20), 0x7ffc1134c380) = 0
3112970 ioctl(10, _IOC(_IOC_READ|_IOC_WRITE, 0x46, 0x2a, 0x20), 0x7ffc1134d430) = 0
3112970 ioctl(10, _IOC(_IOC_READ|_IOC_WRITE, 0x46, 0x2a, 0x20), 0x7ffc1134ea30) = 0
3112970 ioctl(10, _IOC(_IOC_READ|_IOC_WRITE, 0x46, 0x2a, 0x20), 0x7ffc1134e880) = 0
3112970 ioctl(10, _IOC(_IOC_READ|_IOC_WRITE, 0x46, 0x2b, 0x30), 0x7ffc1134faa0) = 0
3112970 ioctl(10, _IOC(_IOC_READ|_IOC_WRITE, 0x46, 0x2a, 0x20), 0x7ffc1134e870) = 0
3112970 openat(AT_FDCWD, "/dev/nvidia2", O_RDWR|O_CLOEXEC) = 24
3112970 ioctl(10, _IOC(_IOC_READ|_IOC_WRITE, 0x46, 0x4e, 0x38), 0x7ffc1134fa30) = 0
3112970 close(24)                       = 0
3112970 ioctl(10, _IOC(_IOC_READ|_IOC_WRITE, 0x46, 0x2a, 0x20), 0x7ffc1134e9d0) = 0
3112970 ioctl(10, _IOC(_IOC_READ|_IOC_WRITE, 0x46, 0x2b, 0x30), 0x7ffc1134fb20) = 0
3112970 ioctl(10, _IOC(_IOC_READ|_IOC_WRITE, 0x46, 0x2b, 0x30), 0x7ffc1134fb20) = 0
3112970 ioctl(10, _IOC(_IOC_READ|_IOC_WRITE, 0x46, 0x2a, 0x20), 0x7ffc1134ea00) = 0
3112970 ioctl(10, _IOC(_IOC_READ|_IOC_WRITE, 0x46, 0x2a, 0x20), 0x7ffc1134e960) = 0
3112970 ioctl(10, _IOC(_IOC_READ|_IOC_WRITE, 0x46, 0x2a, 0x20), 0x7ffc1134e960) = 0
3112970 ioctl(10, _IOC(_IOC_READ|_IOC_WRITE, 0x46, 0x2a, 0x20), 0x7ffc1134ea60) = 0
3112970 ioctl(10, _IOC(_IOC_READ|_IOC_WRITE, 0x46, 0x2a, 0x20), 0x7ffc1134e920) = 0
3112970 openat(AT_FDCWD, "/sys/bus/pci/devices/0000:60:00.0/numa_node", O_RDONLY) = 24
3112970 close(24)                       = 0
3112970 ioctl(10, _IOC(_IOC_READ|_IOC_WRITE, 0x46, 0x2a, 0x20), 0x7ffc1134ec10) = 0
3112970 ioctl(10, _IOC(_IOC_READ|_IOC_WRITE, 0x46, 0x2a, 0x20), 0x7ffc1134fd70) = 0
3112970 ioctl(10, _IOC(_IOC_READ|_IOC_WRITE, 0x46, 0x2a, 0x20), 0x7ffc1134fd70) = 0
3112970 ioctl(10, _IOC(_IOC_READ|_IOC_WRITE, 0x46, 0x2a, 0x20), 0x7ffc1134fd70) = 0
3112970 ioctl(10, _IOC(_IOC_READ|_IOC_WRITE, 0x46, 0x2a, 0x20), 0x7ffc1134fd70) = 0
3112970 ioctl(10, _IOC(_IOC_READ|_IOC_WRITE, 0x46, 0x2a, 0x20), 0x7ffc1134fd70) = 0
3112970 ioctl(10, _IOC(_IOC_READ|_IOC_WRITE, 0x46, 0x2a, 0x20), 0x7ffc1134fd70) = 0
3112970 ioctl(10, _IOC(_IOC_READ|_IOC_WRITE, 0x46, 0x2a, 0x20), 0x7ffc1134eec0) = 0
3112970 ioctl(10, _IOC(_IOC_READ|_IOC_WRITE, 0x46, 0x2a, 0x20), 0x7ffc1134eec0) = 0
3112970 ioctl(10, _IOC(_IOC_READ|_IOC_WRITE, 0x46, 0x2a, 0x20), 0x7ffc1134eec0) = 0
3112970 ioctl(10, _IOC(_IOC_READ|_IOC_WRITE, 0x46, 0x2a, 0x20), 0x7ffc1134eec0) = 0
3112970 ioctl(10, _IOC(_IOC_READ|_IOC_WRITE, 0x46, 0x2a, 0x20), 0x7ffc1134df40) = 0
3112970 ioctl(10, _IOC(_IOC_READ|_IOC_WRITE, 0x46, 0x2a, 0x20), 0x7ffc1134f740) = 0
3112970 ioctl(10, _IOC(_IOC_READ|_IOC_WRITE, 0x46, 0x2a, 0x20), 0x7ffc1134df40) = 0
3112970 ioctl(10, _IOC(_IOC_READ|_IOC_WRITE, 0x46, 0x2a, 0x20), 0x7ffc1134f740) = 0
3112970 ioctl(10, _IOC(_IOC_READ|_IOC_WRITE, 0x46, 0x2a, 0x20), 0x7ffc1134f740) = 0
3112970 ioctl(10, _IOC(_IOC_READ|_IOC_WRITE, 0x46, 0x2a, 0x20), 0x7ffc1134df40) = 0
3112970 ioctl(11, _IOC(_IOC_NONE, 0, 0x25, 0), 0x7ffc11351610) = 0
3112970 ioctl(11, _IOC(_IOC_NONE, 0, 0x25, 0), 0x7ffc11351610) = 0
3112970 ioctl(11, _IOC(_IOC_NONE, 0, 0x25, 0), 0x7ffc11351610) = 0
3112970 ioctl(11, _IOC(_IOC_NONE, 0, 0x17, 0), 0x7ffc11351ae0) = 0
3112970 ioctl(10, _IOC(_IOC_READ|_IOC_WRITE, 0x46, 0x2b, 0x30), 0x7ffc11351840) = 0
3112970 ioctl(10, _IOC(_IOC_READ|_IOC_WRITE, 0x46, 0x2b, 0x30), 0x7ffc11351840) = 0
3112970 ioctl(10, _IOC(_IOC_READ|_IOC_WRITE, 0x46, 0x2b, 0x30), 0x7ffc11351840) = 0
3112970 ioctl(10, _IOC(_IOC_READ|_IOC_WRITE, 0x46, 0x2a, 0x20), 0x7ffc113500b0) = 0
3112970 ioctl(10, _IOC(_IOC_READ|_IOC_WRITE, 0x46, 0x2a, 0x20), 0x7ffc113500c0) = 0
3112970 ioctl(10, _IOC(_IOC_READ|_IOC_WRITE, 0x46, 0x2a, 0x20), 0x7ffc113500f0) = 0
3112970 ioctl(11, _IOC(_IOC_NONE, 0, 0x19, 0), 0x7ffc113511d0) = 0
3112970 ioctl(10, _IOC(_IOC_READ|_IOC_WRITE, 0x46, 0x2b, 0x30), 0x7ffc113504a0) = 0
3112970 ioctl(11, _IOC(_IOC_NONE, 0, 0x49, 0), 0x7ffc11350180) = 0
3112970 ioctl(11, _IOC(_IOC_NONE, 0, 0x21, 0), 0x7ffc1134dd70) = 0
3112970 ioctl(10, _IOC(_IOC_READ|_IOC_WRITE, 0x46, 0x2b, 0x30), 0x7ffc11350380) = 0
3112970 ioctl(11, _IOC(_IOC_NONE, 0, 0x49, 0), 0x7ffc11350060) = 0
3112970 ioctl(11, _IOC(_IOC_NONE, 0, 0x21, 0), 0x7ffc1134dc50) = 0
3112970 ioctl(10, _IOC(_IOC_READ|_IOC_WRITE, 0x46, 0x2b, 0x30), 0x7ffc11350380) = 0
3112970 ioctl(11, _IOC(_IOC_NONE, 0, 0x49, 0), 0x7ffc11350060) = 0
3112970 ioctl(11, _IOC(_IOC_NONE, 0, 0x21, 0), 0x7ffc1134dc50) = 0
3112970 ioctl(10, _IOC(_IOC_READ|_IOC_WRITE, 0x46, 0x2b, 0x30), 0x7ffc11350580) = 0
3112970 ioctl(11, _IOC(_IOC_NONE, 0, 0x49, 0), 0x7ffc11350260) = 0
3112970 ioctl(11, _IOC(_IOC_NONE, 0, 0x21, 0), 0x7ffc1134de50) = 0
3112970 ioctl(10, _IOC(_IOC_READ|_IOC_WRITE, 0x46, 0x2b, 0x30), 0x7ffc11350e60) = 0
3112970 ioctl(10, _IOC(_IOC_READ|_IOC_WRITE, 0x46, 0x2b, 0x30), 0x7ffc11350e50) = 0
3112970 ioctl(10, _IOC(_IOC_READ|_IOC_WRITE, 0x46, 0x2b, 0x30), 0x7ffc1134fd30) = 0
3112970 ioctl(10, _IOC(_IOC_READ|_IOC_WRITE, 0x46, 0x2a, 0x20), 0x7ffc1134ebf0) = 0
3112970 openat(AT_FDCWD, "/dev/nvidia0", O_RDWR|O_CLOEXEC) = 26
3112970 ioctl(10, _IOC(_IOC_READ|_IOC_WRITE, 0x46, 0x4e, 0x38), 0x7ffc1134fdb0) = 0
3112970 ioctl(10, _IOC(_IOC_READ|_IOC_WRITE, 0x46, 0x5e, 0x28), 0x7ffc1134fd80) = 0
3112970 close(26)                       = 0
3112970 ioctl(11, _IOC(_IOC_NONE, 0, 0x49, 0), 0x7ffc1134fa10) = 0
3112970 ioctl(11, _IOC(_IOC_NONE, 0, 0x21, 0), 0x7ffc1134d600) = 0
3112970 ioctl(10, _IOC(_IOC_READ|_IOC_WRITE, 0x46, 0x2b, 0x30), 0x7ffc1134fb50) = 0
3112970 ioctl(10, _IOC(_IOC_READ|_IOC_WRITE, 0x46, 0x2a, 0x20), 0x7ffc1134ea10) = 0
3112970 openat(AT_FDCWD, "/dev/nvidiactl", O_RDWR|O_CLOEXEC) = 26
3112970 ioctl(10, _IOC(_IOC_READ|_IOC_WRITE, 0x46, 0x4e, 0x38), 0x7ffc1134fbd0) = 0
3112970 close(26)                       = 0
3112970 ioctl(11, _IOC(_IOC_NONE, 0, 0x49, 0), 0x7ffc1134f830) = 0
3112970 ioctl(11, _IOC(_IOC_NONE, 0, 0x21, 0), 0x7ffc1134d420) = 0
3112970 ioctl(10, _IOC(_IOC_READ|_IOC_WRITE, 0x46, 0x2b, 0x30), 0x7ffc1134feb0) = 0
3112970 ioctl(10, _IOC(_IOC_READ|_IOC_WRITE, 0x46, 0x2a, 0x20), 0x7ffc1134ed70) = 0
3112970 openat(AT_FDCWD, "/dev/nvidiactl", O_RDWR|O_CLOEXEC) = 26
3112970 ioctl(10, _IOC(_IOC_READ|_IOC_WRITE, 0x46, 0x4e, 0x38), 0x7ffc1134ff30) = 0
3112970 close(26)                       = 0
3112970 ioctl(10, _IOC(_IOC_READ|_IOC_WRITE, 0x46, 0x2b, 0x30), 0x7ffc11350850) = 0
3112970 ioctl(10, _IOC(_IOC_READ|_IOC_WRITE, 0x46, 0x2a, 0x20), 0x7ffc1134f8c0) = 0
3112970 ioctl(10, _IOC(_IOC_READ|_IOC_WRITE, 0x46, 0x2b, 0x30), 0x7ffc11350960) = 0
3112970 ioctl(10, _IOC(_IOC_READ|_IOC_WRITE, 0x46, 0x2a, 0x20), 0x7ffc1134f880) = 0
3112970 ioctl(10, _IOC(_IOC_READ|_IOC_WRITE, 0x46, 0x2b, 0x30), 0x7ffc11350960) = 0
3112970 ioctl(10, _IOC(_IOC_READ|_IOC_WRITE, 0x46, 0x2a, 0x20), 0x7ffc1134f880) = 0
3112970 ioctl(10, _IOC(_IOC_READ|_IOC_WRITE, 0x46, 0x2a, 0x20), 0x7ffc1134f8d0) = 0
3112970 ioctl(10, _IOC(_IOC_READ|_IOC_WRITE, 0x46, 0x2a, 0x20), 0x7ffc1134f8d0) = 0
3112970 ioctl(10, _IOC(_IOC_READ|_IOC_WRITE, 0x46, 0x2b, 0x30), 0x7ffc11350250) = 0
3112970 ioctl(10, _IOC(_IOC_READ|_IOC_WRITE, 0x46, 0x2a, 0x20), 0x7ffc1134f110) = 0
3112970 openat(AT_FDCWD, "/dev/nvidiactl", O_RDWR|O_CLOEXEC) = 26
3112970 ioctl(10, _IOC(_IOC_READ|_IOC_WRITE, 0x46, 0x4e, 0x38), 0x7ffc113502d0) = 0
3112970 close(26)                       = 0
3112970 ioctl(11, _IOC(_IOC_NONE, 0, 0x49, 0), 0x7ffc1134ff30) = 0
3112970 ioctl(11, _IOC(_IOC_NONE, 0, 0x21, 0), 0x7ffc1134db20) = 0
3112970 ioctl(10, _IOC(_IOC_READ|_IOC_WRITE, 0x46, 0x2b, 0x30), 0x7ffc1134feb0) = 0
3112970 ioctl(10, _IOC(_IOC_READ|_IOC_WRITE, 0x46, 0x2a, 0x20), 0x7ffc1134ed70) = 0
3112970 openat(AT_FDCWD, "/dev/nvidiactl", O_RDWR|O_CLOEXEC) = 26
3112970 ioctl(10, _IOC(_IOC_READ|_IOC_WRITE, 0x46, 0x4e, 0x38), 0x7ffc1134ff30) = 0
3112970 close(26)                       = 0
3112970 ioctl(10, _IOC(_IOC_READ|_IOC_WRITE, 0x46, 0x2b, 0x30), 0x7ffc11350850) = 0
3112970 ioctl(10, _IOC(_IOC_READ|_IOC_WRITE, 0x46, 0x2a, 0x20), 0x7ffc1134f8c0) = 0
3112970 ioctl(10, _IOC(_IOC_READ|_IOC_WRITE, 0x46, 0x2b, 0x30), 0x7ffc11350960) = 0
3112970 ioctl(10, _IOC(_IOC_READ|_IOC_WRITE, 0x46, 0x2a, 0x20), 0x7ffc1134f880) = 0
3112970 ioctl(10, _IOC(_IOC_READ|_IOC_WRITE, 0x46, 0x2b, 0x30), 0x7ffc11350960) = 0
3112970 ioctl(10, _IOC(_IOC_READ|_IOC_WRITE, 0x46, 0x2a, 0x20), 0x7ffc1134f880) = 0
3112970 ioctl(10, _IOC(_IOC_READ|_IOC_WRITE, 0x46, 0x2a, 0x20), 0x7ffc1134f8d0) = 0
3112970 ioctl(10, _IOC(_IOC_READ|_IOC_WRITE, 0x46, 0x2a, 0x20), 0x7ffc1134f8d0) = 0
3112970 ioctl(10, _IOC(_IOC_READ|_IOC_WRITE, 0x46, 0x2b, 0x30), 0x7ffc1134feb0) = 0
3112970 ioctl(10, _IOC(_IOC_READ|_IOC_WRITE, 0x46, 0x2a, 0x20), 0x7ffc1134ed70) = 0
3112970 openat(AT_FDCWD, "/dev/nvidiactl", O_RDWR|O_CLOEXEC) = 26
3112970 ioctl(10, _IOC(_IOC_READ|_IOC_WRITE, 0x46, 0x4e, 0x38), 0x7ffc1134ff30) = 0
3112970 close(26)                       = 0
3112970 ioctl(10, _IOC(_IOC_READ|_IOC_WRITE, 0x46, 0x2b, 0x30), 0x7ffc11350850) = 0
3112970 ioctl(10, _IOC(_IOC_READ|_IOC_WRITE, 0x46, 0x2a, 0x20), 0x7ffc1134f8c0) = 0
3112970 ioctl(10, _IOC(_IOC_READ|_IOC_WRITE, 0x46, 0x2b, 0x30), 0x7ffc11350960) = 0
3112970 ioctl(10, _IOC(_IOC_READ|_IOC_WRITE, 0x46, 0x2a, 0x20), 0x7ffc1134f880) = 0
3112970 ioctl(10, _IOC(_IOC_READ|_IOC_WRITE, 0x46, 0x2b, 0x30), 0x7ffc11350960) = 0
3112970 ioctl(10, _IOC(_IOC_READ|_IOC_WRITE, 0x46, 0x2a, 0x20), 0x7ffc1134f880) = 0
3112970 ioctl(10, _IOC(_IOC_READ|_IOC_WRITE, 0x46, 0x2a, 0x20), 0x7ffc1134f8d0) = 0
3112970 ioctl(10, _IOC(_IOC_READ|_IOC_WRITE, 0x46, 0x2a, 0x20), 0x7ffc1134f8d0) = 0
3112970 ioctl(10, _IOC(_IOC_READ|_IOC_WRITE, 0x46, 0x2b, 0x30), 0x7ffc1134feb0) = 0
3112970 ioctl(10, _IOC(_IOC_READ|_IOC_WRITE, 0x46, 0x2a, 0x20), 0x7ffc1134ed70) = 0
3112970 openat(AT_FDCWD, "/dev/nvidiactl", O_RDWR|O_CLOEXEC) = 26
3112970 ioctl(10, _IOC(_IOC_READ|_IOC_WRITE, 0x46, 0x4e, 0x38), 0x7ffc1134ff30) = 0
3112970 close(26)                       = 0
3112970 ioctl(10, _IOC(_IOC_READ|_IOC_WRITE, 0x46, 0x2b, 0x30), 0x7ffc11350850) = 0
3112970 ioctl(10, _IOC(_IOC_READ|_IOC_WRITE, 0x46, 0x2a, 0x20), 0x7ffc1134f8c0) = 0
3112970 ioctl(10, _IOC(_IOC_READ|_IOC_WRITE, 0x46, 0x2b, 0x30), 0x7ffc11350960) = 0
3112970 ioctl(10, _IOC(_IOC_READ|_IOC_WRITE, 0x46, 0x2a, 0x20), 0x7ffc1134f880) = 0
3112970 ioctl(10, _IOC(_IOC_READ|_IOC_WRITE, 0x46, 0x2b, 0x30), 0x7ffc11350960) = 0
3112970 ioctl(10, _IOC(_IOC_READ|_IOC_WRITE, 0x46, 0x2a, 0x20), 0x7ffc1134f880) = 0
3112970 ioctl(10, _IOC(_IOC_READ|_IOC_WRITE, 0x46, 0x2a, 0x20), 0x7ffc1134f8d0) = 0
3112970 ioctl(10, _IOC(_IOC_READ|_IOC_WRITE, 0x46, 0x2a, 0x20), 0x7ffc1134f8d0) = 0
3112970 ioctl(10, _IOC(_IOC_READ|_IOC_WRITE, 0x46, 0x2b, 0x30), 0x7ffc1134feb0) = 0
3112970 ioctl(10, _IOC(_IOC_READ|_IOC_WRITE, 0x46, 0x2a, 0x20), 0x7ffc1134ed70) = 0
3112970 openat(AT_FDCWD, "/dev/nvidiactl", O_RDWR|O_CLOEXEC) = 26
3112970 ioctl(10, _IOC(_IOC_READ|_IOC_WRITE, 0x46, 0x4e, 0x38), 0x7ffc1134ff30) = 0
3112970 close(26)                       = 0
3112970 ioctl(10, _IOC(_IOC_READ|_IOC_WRITE, 0x46, 0x2b, 0x30), 0x7ffc11350850) = 0
3112970 ioctl(10, _IOC(_IOC_READ|_IOC_WRITE, 0x46, 0x2a, 0x20), 0x7ffc1134f8c0) = 0
3112970 ioctl(10, _IOC(_IOC_READ|_IOC_WRITE, 0x46, 0x2b, 0x30), 0x7ffc11350960) = 0
3112970 ioctl(10, _IOC(_IOC_READ|_IOC_WRITE, 0x46, 0x2a, 0x20), 0x7ffc1134f880) = 0
3112970 ioctl(10, _IOC(_IOC_READ|_IOC_WRITE, 0x46, 0x2b, 0x30), 0x7ffc11350960) = 0
3112970 ioctl(10, _IOC(_IOC_READ|_IOC_WRITE, 0x46, 0x2a, 0x20), 0x7ffc1134f880) = 0
3112970 ioctl(10, _IOC(_IOC_READ|_IOC_WRITE, 0x46, 0x2a, 0x20), 0x7ffc1134f8d0) = 0
3112970 ioctl(10, _IOC(_IOC_READ|_IOC_WRITE, 0x46, 0x2a, 0x20), 0x7ffc1134f8d0) = 0
3112970 ioctl(10, _IOC(_IOC_READ|_IOC_WRITE, 0x46, 0x2b, 0x30), 0x7ffc1134feb0) = 0
3112970 ioctl(10, _IOC(_IOC_READ|_IOC_WRITE, 0x46, 0x2a, 0x20), 0x7ffc1134ed70) = 0
3112970 openat(AT_FDCWD, "/dev/nvidiactl", O_RDWR|O_CLOEXEC) = 26
3112970 ioctl(10, _IOC(_IOC_READ|_IOC_WRITE, 0x46, 0x4e, 0x38), 0x7ffc1134ff30) = 0
3112970 close(26)                       = 0
3112970 ioctl(10, _IOC(_IOC_READ|_IOC_WRITE, 0x46, 0x2b, 0x30), 0x7ffc11350850) = 0
3112970 ioctl(10, _IOC(_IOC_READ|_IOC_WRITE, 0x46, 0x2a, 0x20), 0x7ffc1134f8c0) = 0
3112970 ioctl(10, _IOC(_IOC_READ|_IOC_WRITE, 0x46, 0x2b, 0x30), 0x7ffc11350960) = 0
3112970 ioctl(10, _IOC(_IOC_READ|_IOC_WRITE, 0x46, 0x2a, 0x20), 0x7ffc1134f880) = 0
3112970 ioctl(10, _IOC(_IOC_READ|_IOC_WRITE, 0x46, 0x2b, 0x30), 0x7ffc11350960) = 0
3112970 ioctl(10, _IOC(_IOC_READ|_IOC_WRITE, 0x46, 0x2a, 0x20), 0x7ffc1134f880) = 0
3112970 ioctl(10, _IOC(_IOC_READ|_IOC_WRITE, 0x46, 0x2a, 0x20), 0x7ffc1134f8d0) = 0
3112970 ioctl(10, _IOC(_IOC_READ|_IOC_WRITE, 0x46, 0x2a, 0x20), 0x7ffc1134f8d0) = 0
3112970 ioctl(10, _IOC(_IOC_READ|_IOC_WRITE, 0x46, 0x2b, 0x30), 0x7ffc1134feb0) = 0
3112970 ioctl(10, _IOC(_IOC_READ|_IOC_WRITE, 0x46, 0x2a, 0x20), 0x7ffc1134ed70) = 0
3112970 openat(AT_FDCWD, "/dev/nvidiactl", O_RDWR|O_CLOEXEC) = 26
3112970 ioctl(10, _IOC(_IOC_READ|_IOC_WRITE, 0x46, 0x4e, 0x38), 0x7ffc1134ff30) = 0
3112970 close(26)                       = 0
3112970 ioctl(10, _IOC(_IOC_READ|_IOC_WRITE, 0x46, 0x2b, 0x30), 0x7ffc11350850) = 0
3112970 ioctl(10, _IOC(_IOC_READ|_IOC_WRITE, 0x46, 0x2a, 0x20), 0x7ffc1134f8c0) = 0
3112970 ioctl(10, _IOC(_IOC_READ|_IOC_WRITE, 0x46, 0x2b, 0x30), 0x7ffc11350960) = 0
3112970 ioctl(10, _IOC(_IOC_READ|_IOC_WRITE, 0x46, 0x2a, 0x20), 0x7ffc1134f880) = 0
3112970 ioctl(10, _IOC(_IOC_READ|_IOC_WRITE, 0x46, 0x2b, 0x30), 0x7ffc11350960) = 0
3112970 ioctl(10, _IOC(_IOC_READ|_IOC_WRITE, 0x46, 0x2a, 0x20), 0x7ffc1134f880) = 0
3112970 ioctl(10, _IOC(_IOC_READ|_IOC_WRITE, 0x46, 0x2a, 0x20), 0x7ffc1134f8d0) = 0
3112970 ioctl(10, _IOC(_IOC_READ|_IOC_WRITE, 0x46, 0x2a, 0x20), 0x7ffc1134f8d0) = 0
3112970 ioctl(10, _IOC(_IOC_READ|_IOC_WRITE, 0x46, 0x2b, 0x30), 0x7ffc1134feb0) = 0
3112970 ioctl(10, _IOC(_IOC_READ|_IOC_WRITE, 0x46, 0x2a, 0x20), 0x7ffc1134ed70) = 0
3112970 openat(AT_FDCWD, "/dev/nvidiactl", O_RDWR|O_CLOEXEC) = 26
3112970 ioctl(10, _IOC(_IOC_READ|_IOC_WRITE, 0x46, 0x4e, 0x38), 0x7ffc1134ff30) = 0
3112970 close(26)                       = 0
3112970 ioctl(10, _IOC(_IOC_READ|_IOC_WRITE, 0x46, 0x2b, 0x30), 0x7ffc11350850) = 0
3112970 ioctl(10, _IOC(_IOC_READ|_IOC_WRITE, 0x46, 0x2a, 0x20), 0x7ffc1134f8c0) = 0
3112970 ioctl(10, _IOC(_IOC_READ|_IOC_WRITE, 0x46, 0x2b, 0x30), 0x7ffc11350960) = 0
3112970 ioctl(10, _IOC(_IOC_READ|_IOC_WRITE, 0x46, 0x2a, 0x20), 0x7ffc1134f880) = 0
3112970 ioctl(10, _IOC(_IOC_READ|_IOC_WRITE, 0x46, 0x2b, 0x30), 0x7ffc11350960) = 0
3112970 ioctl(10, _IOC(_IOC_READ|_IOC_WRITE, 0x46, 0x2a, 0x20), 0x7ffc1134f880) = 0
3112970 ioctl(10, _IOC(_IOC_READ|_IOC_WRITE, 0x46, 0x2a, 0x20), 0x7ffc1134f8d0) = 0
3112970 ioctl(10, _IOC(_IOC_READ|_IOC_WRITE, 0x46, 0x2a, 0x20), 0x7ffc1134f8d0) = 0
3112970 ioctl(11, _IOC(_IOC_NONE, 0, 0x1b, 0), 0x7ffc11351010) = 0
3112970 ioctl(11, _IOC(_IOC_NONE, 0, 0x1b, 0), 0x7ffc11351010) = 0
3112970 ioctl(11, _IOC(_IOC_NONE, 0, 0x1b, 0), 0x7ffc11351010) = 0
3112970 ioctl(11, _IOC(_IOC_NONE, 0, 0x1b, 0), 0x7ffc11351010) = 0
3112970 ioctl(11, _IOC(_IOC_NONE, 0, 0x1b, 0), 0x7ffc11351010) = 0
3112970 ioctl(11, _IOC(_IOC_NONE, 0, 0x1b, 0), 0x7ffc11351010) = 0
3112970 ioctl(11, _IOC(_IOC_NONE, 0, 0x1b, 0), 0x7ffc11351010) = 0
3112970 ioctl(11, _IOC(_IOC_NONE, 0, 0x1b, 0), 0x7ffc11351010) = 0
3112970 ioctl(10, _IOC(_IOC_READ|_IOC_WRITE, 0x46, 0x2a, 0x20), 0x7ffc1134ff20) = 0
3112970 openat(AT_FDCWD, "/dev/nvidia0", O_RDWR|O_CLOEXEC) = 26
3112970 ioctl(26, _IOC(_IOC_READ|_IOC_WRITE, 0x46, 0xc9, 0x4), 0x7ffc11350f10) = 0
3112970 ioctl(26, _IOC(_IOC_READ|_IOC_WRITE, 0x46, 0xce, 0x10), 0x7ffc11350f00) = 0
3112970 ioctl(26, _IOC(_IOC_READ|_IOC_WRITE, 0x46, 0x2b, 0x30), 0x7ffc11350ef0) = 0
3112970 ioctl(10, _IOC(_IOC_READ|_IOC_WRITE, 0x46, 0x2b, 0x30), 0x7ffc11350e60) = 0
3112970 ioctl(10, _IOC(_IOC_READ|_IOC_WRITE, 0x46, 0x2b, 0x30), 0x7ffc1134feb0) = 0
3112970 ioctl(10, _IOC(_IOC_READ|_IOC_WRITE, 0x46, 0x2a, 0x20), 0x7ffc1134ed70) = 0
3112970 openat(AT_FDCWD, "/dev/nvidiactl", O_RDWR|O_CLOEXEC) = 28
3112970 ioctl(10, _IOC(_IOC_READ|_IOC_WRITE, 0x46, 0x4e, 0x38), 0x7ffc1134ff30) = 0
3112970 close(28)                       = 0
3112970 ioctl(10, _IOC(_IOC_READ|_IOC_WRITE, 0x46, 0x2b, 0x30), 0x7ffc11350850) = 0
3112970 ioctl(10, _IOC(_IOC_READ|_IOC_WRITE, 0x46, 0x2a, 0x20), 0x7ffc1134f8c0) = 0
3112970 ioctl(10, _IOC(_IOC_READ|_IOC_WRITE, 0x46, 0x2b, 0x30), 0x7ffc11350960) = 0
3112970 ioctl(10, _IOC(_IOC_READ|_IOC_WRITE, 0x46, 0x2a, 0x20), 0x7ffc1134f880) = 0
3112970 ioctl(10, _IOC(_IOC_READ|_IOC_WRITE, 0x46, 0x2a, 0x20), 0x7ffc1134f8d0) = 0
3112970 ioctl(10, _IOC(_IOC_READ|_IOC_WRITE, 0x46, 0x2b, 0x30), 0x7ffc1134feb0) = 0
3112970 ioctl(10, _IOC(_IOC_READ|_IOC_WRITE, 0x46, 0x2a, 0x20), 0x7ffc1134ed70) = 0
3112970 openat(AT_FDCWD, "/dev/nvidiactl", O_RDWR|O_CLOEXEC) = 28
3112970 ioctl(10, _IOC(_IOC_READ|_IOC_WRITE, 0x46, 0x4e, 0x38), 0x7ffc1134ff30) = 0
3112970 close(28)                       = 0
3112970 ioctl(10, _IOC(_IOC_READ|_IOC_WRITE, 0x46, 0x2b, 0x30), 0x7ffc11350850) = 0
3112970 ioctl(10, _IOC(_IOC_READ|_IOC_WRITE, 0x46, 0x2a, 0x20), 0x7ffc1134f8c0) = 0
3112970 ioctl(10, _IOC(_IOC_READ|_IOC_WRITE, 0x46, 0x2b, 0x30), 0x7ffc11350960) = 0
3112970 ioctl(10, _IOC(_IOC_READ|_IOC_WRITE, 0x46, 0x2a, 0x20), 0x7ffc1134f880) = 0
3112970 ioctl(10, _IOC(_IOC_READ|_IOC_WRITE, 0x46, 0x2a, 0x20), 0x7ffc1134f8d0) = 0
3112970 ioctl(10, _IOC(_IOC_READ|_IOC_WRITE, 0x46, 0x2b, 0x30), 0x7ffc1134feb0) = 0
3112970 ioctl(10, _IOC(_IOC_READ|_IOC_WRITE, 0x46, 0x2a, 0x20), 0x7ffc1134ed70) = 0
3112970 openat(AT_FDCWD, "/dev/nvidiactl", O_RDWR|O_CLOEXEC) = 28
3112970 ioctl(10, _IOC(_IOC_READ|_IOC_WRITE, 0x46, 0x4e, 0x38), 0x7ffc1134ff30) = 0
3112970 close(28)                       = 0
3112970 ioctl(10, _IOC(_IOC_READ|_IOC_WRITE, 0x46, 0x2b, 0x30), 0x7ffc11350850) = 0
3112970 ioctl(10, _IOC(_IOC_READ|_IOC_WRITE, 0x46, 0x2a, 0x20), 0x7ffc1134f8c0) = 0
3112970 ioctl(10, _IOC(_IOC_READ|_IOC_WRITE, 0x46, 0x2b, 0x30), 0x7ffc11350960) = 0
3112970 ioctl(10, _IOC(_IOC_READ|_IOC_WRITE, 0x46, 0x2a, 0x20), 0x7ffc1134f880) = 0
3112970 ioctl(10, _IOC(_IOC_READ|_IOC_WRITE, 0x46, 0x2a, 0x20), 0x7ffc1134f8d0) = 0
3112970 ioctl(10, _IOC(_IOC_READ|_IOC_WRITE, 0x46, 0x2b, 0x30), 0x7ffc1134feb0) = 0
3112970 ioctl(10, _IOC(_IOC_READ|_IOC_WRITE, 0x46, 0x2a, 0x20), 0x7ffc1134ed70) = 0
3112970 openat(AT_FDCWD, "/dev/nvidiactl", O_RDWR|O_CLOEXEC) = 28
3112970 ioctl(10, _IOC(_IOC_READ|_IOC_WRITE, 0x46, 0x4e, 0x38), 0x7ffc1134ff30) = 0
3112970 close(28)                       = 0
3112970 ioctl(10, _IOC(_IOC_READ|_IOC_WRITE, 0x46, 0x2b, 0x30), 0x7ffc11350850) = 0
3112970 ioctl(10, _IOC(_IOC_READ|_IOC_WRITE, 0x46, 0x2a, 0x20), 0x7ffc1134f8c0) = 0
3112970 ioctl(10, _IOC(_IOC_READ|_IOC_WRITE, 0x46, 0x2b, 0x30), 0x7ffc11350960) = 0
3112970 ioctl(10, _IOC(_IOC_READ|_IOC_WRITE, 0x46, 0x2a, 0x20), 0x7ffc1134f880) = 0
3112970 ioctl(10, _IOC(_IOC_READ|_IOC_WRITE, 0x46, 0x2a, 0x20), 0x7ffc1134f8d0) = 0
3112970 ioctl(11, _IOC(_IOC_NONE, 0, 0x1b, 0), 0x7ffc11351010) = 0
3112970 ioctl(11, _IOC(_IOC_NONE, 0, 0x1b, 0), 0x7ffc11351010) = 0
3112970 ioctl(11, _IOC(_IOC_NONE, 0, 0x1b, 0), 0x7ffc11351010) = 0
3112970 ioctl(11, _IOC(_IOC_NONE, 0, 0x1b, 0), 0x7ffc11351010) = 0
3112970 ioctl(10, _IOC(_IOC_READ|_IOC_WRITE, 0x46, 0x2a, 0x20), 0x7ffc1134ff20) = 0
3112970 openat(AT_FDCWD, "/dev/nvidia0", O_RDWR|O_CLOEXEC) = 28
3112970 ioctl(28, _IOC(_IOC_READ|_IOC_WRITE, 0x46, 0xc9, 0x4), 0x7ffc11350f10) = 0
3112970 ioctl(28, _IOC(_IOC_READ|_IOC_WRITE, 0x46, 0xce, 0x10), 0x7ffc11350f00) = 0
3112970 ioctl(28, _IOC(_IOC_READ|_IOC_WRITE, 0x46, 0x2b, 0x30), 0x7ffc11350ef0) = 0
3112970 ioctl(10, _IOC(_IOC_READ|_IOC_WRITE, 0x46, 0x2b, 0x30), 0x7ffc11350e60) = 0
3112970 ioctl(10, _IOC(_IOC_READ|_IOC_WRITE, 0x46, 0x2b, 0x30), 0x7ffc1134feb0) = 0
3112970 ioctl(10, _IOC(_IOC_READ|_IOC_WRITE, 0x46, 0x2a, 0x20), 0x7ffc1134ed70) = 0
3112970 openat(AT_FDCWD, "/dev/nvidiactl", O_RDWR|O_CLOEXEC) = 30
3112970 ioctl(10, _IOC(_IOC_READ|_IOC_WRITE, 0x46, 0x4e, 0x38), 0x7ffc1134ff30) = 0
3112970 close(30)                       = 0
3112970 ioctl(10, _IOC(_IOC_READ|_IOC_WRITE, 0x46, 0x2b, 0x30), 0x7ffc11350850) = 0
3112970 ioctl(10, _IOC(_IOC_READ|_IOC_WRITE, 0x46, 0x2a, 0x20), 0x7ffc1134f8c0) = 0
3112970 ioctl(10, _IOC(_IOC_READ|_IOC_WRITE, 0x46, 0x2b, 0x30), 0x7ffc11350960) = 0
3112970 ioctl(10, _IOC(_IOC_READ|_IOC_WRITE, 0x46, 0x2a, 0x20), 0x7ffc1134f880) = 0
3112970 ioctl(10, _IOC(_IOC_READ|_IOC_WRITE, 0x46, 0x2a, 0x20), 0x7ffc1134f8d0) = 0
3112970 ioctl(10, _IOC(_IOC_READ|_IOC_WRITE, 0x46, 0x2b, 0x30), 0x7ffc1134feb0) = 0
3112970 ioctl(10, _IOC(_IOC_READ|_IOC_WRITE, 0x46, 0x2a, 0x20), 0x7ffc1134ed70) = 0
3112970 openat(AT_FDCWD, "/dev/nvidiactl", O_RDWR|O_CLOEXEC) = 30
3112970 ioctl(10, _IOC(_IOC_READ|_IOC_WRITE, 0x46, 0x4e, 0x38), 0x7ffc1134ff30) = 0
3112970 close(30)                       = 0
3112970 ioctl(10, _IOC(_IOC_READ|_IOC_WRITE, 0x46, 0x2b, 0x30), 0x7ffc11350850) = 0
3112970 ioctl(10, _IOC(_IOC_READ|_IOC_WRITE, 0x46, 0x2a, 0x20), 0x7ffc1134f8c0) = 0
3112970 ioctl(10, _IOC(_IOC_READ|_IOC_WRITE, 0x46, 0x2b, 0x30), 0x7ffc11350960) = 0
3112970 ioctl(10, _IOC(_IOC_READ|_IOC_WRITE, 0x46, 0x2a, 0x20), 0x7ffc1134f880) = 0
3112970 ioctl(10, _IOC(_IOC_READ|_IOC_WRITE, 0x46, 0x2a, 0x20), 0x7ffc1134f8d0) = 0
3112970 ioctl(10, _IOC(_IOC_READ|_IOC_WRITE, 0x46, 0x2b, 0x30), 0x7ffc1134feb0) = 0
3112970 ioctl(10, _IOC(_IOC_READ|_IOC_WRITE, 0x46, 0x2a, 0x20), 0x7ffc1134ed70) = 0
3112970 openat(AT_FDCWD, "/dev/nvidiactl", O_RDWR|O_CLOEXEC) = 30
3112970 ioctl(10, _IOC(_IOC_READ|_IOC_WRITE, 0x46, 0x4e, 0x38), 0x7ffc1134ff30) = 0
3112970 close(30)                       = 0
3112970 ioctl(10, _IOC(_IOC_READ|_IOC_WRITE, 0x46, 0x2b, 0x30), 0x7ffc11350850) = 0
3112970 ioctl(10, _IOC(_IOC_READ|_IOC_WRITE, 0x46, 0x2a, 0x20), 0x7ffc1134f8c0) = 0
3112970 ioctl(10, _IOC(_IOC_READ|_IOC_WRITE, 0x46, 0x2b, 0x30), 0x7ffc11350960) = 0
3112970 ioctl(10, _IOC(_IOC_READ|_IOC_WRITE, 0x46, 0x2a, 0x20), 0x7ffc1134f880) = 0
3112970 ioctl(10, _IOC(_IOC_READ|_IOC_WRITE, 0x46, 0x2a, 0x20), 0x7ffc1134f8d0) = 0
3112970 ioctl(10, _IOC(_IOC_READ|_IOC_WRITE, 0x46, 0x2b, 0x30), 0x7ffc1134feb0) = 0
3112970 ioctl(10, _IOC(_IOC_READ|_IOC_WRITE, 0x46, 0x2a, 0x20), 0x7ffc1134ed70) = 0
3112970 openat(AT_FDCWD, "/dev/nvidiactl", O_RDWR|O_CLOEXEC) = 30
3112970 ioctl(10, _IOC(_IOC_READ|_IOC_WRITE, 0x46, 0x4e, 0x38), 0x7ffc1134ff30) = 0
3112970 close(30)                       = 0
3112970 ioctl(10, _IOC(_IOC_READ|_IOC_WRITE, 0x46, 0x2b, 0x30), 0x7ffc11350850) = 0
3112970 ioctl(10, _IOC(_IOC_READ|_IOC_WRITE, 0x46, 0x2a, 0x20), 0x7ffc1134f8c0) = 0
3112970 ioctl(10, _IOC(_IOC_READ|_IOC_WRITE, 0x46, 0x2b, 0x30), 0x7ffc11350960) = 0
3112970 ioctl(10, _IOC(_IOC_READ|_IOC_WRITE, 0x46, 0x2a, 0x20), 0x7ffc1134f880) = 0
3112970 ioctl(10, _IOC(_IOC_READ|_IOC_WRITE, 0x46, 0x2a, 0x20), 0x7ffc1134f8d0) = 0
3112970 ioctl(11, _IOC(_IOC_NONE, 0, 0x1b, 0), 0x7ffc11351010) = 0
3112970 ioctl(11, _IOC(_IOC_NONE, 0, 0x1b, 0), 0x7ffc11351010) = 0
3112970 ioctl(11, _IOC(_IOC_NONE, 0, 0x1b, 0), 0x7ffc11351010) = 0
3112970 ioctl(11, _IOC(_IOC_NONE, 0, 0x1b, 0), 0x7ffc11351010) = 0
3112970 ioctl(10, _IOC(_IOC_READ|_IOC_WRITE, 0x46, 0x2a, 0x20), 0x7ffc1134ff20) = 0
3112970 openat(AT_FDCWD, "/dev/nvidia0", O_RDWR|O_CLOEXEC) = 30
3112970 ioctl(30, _IOC(_IOC_READ|_IOC_WRITE, 0x46, 0xc9, 0x4), 0x7ffc11350f10) = 0
3112970 ioctl(30, _IOC(_IOC_READ|_IOC_WRITE, 0x46, 0xce, 0x10), 0x7ffc11350f00) = 0
3112970 ioctl(30, _IOC(_IOC_READ|_IOC_WRITE, 0x46, 0x2b, 0x30), 0x7ffc11350ef0) = 0
3112970 ioctl(10, _IOC(_IOC_READ|_IOC_WRITE, 0x46, 0x2b, 0x30), 0x7ffc11350e60) = 0
3112970 ioctl(10, _IOC(_IOC_READ|_IOC_WRITE, 0x46, 0x2b, 0x30), 0x7ffc1134feb0) = 0
3112970 ioctl(10, _IOC(_IOC_READ|_IOC_WRITE, 0x46, 0x2a, 0x20), 0x7ffc1134ed70) = 0
3112970 openat(AT_FDCWD, "/dev/nvidiactl", O_RDWR|O_CLOEXEC) = 34
3112970 ioctl(10, _IOC(_IOC_READ|_IOC_WRITE, 0x46, 0x4e, 0x38), 0x7ffc1134ff30) = 0
3112970 close(34)                       = 0
3112970 ioctl(10, _IOC(_IOC_READ|_IOC_WRITE, 0x46, 0x2b, 0x30), 0x7ffc11350850) = 0
3112970 ioctl(10, _IOC(_IOC_READ|_IOC_WRITE, 0x46, 0x2a, 0x20), 0x7ffc1134f8c0) = 0
3112970 ioctl(10, _IOC(_IOC_READ|_IOC_WRITE, 0x46, 0x2b, 0x30), 0x7ffc11350960) = 0
3112970 ioctl(10, _IOC(_IOC_READ|_IOC_WRITE, 0x46, 0x2a, 0x20), 0x7ffc1134f880) = 0
3112970 ioctl(10, _IOC(_IOC_READ|_IOC_WRITE, 0x46, 0x2a, 0x20), 0x7ffc1134f8d0) = 0
3112970 ioctl(10, _IOC(_IOC_READ|_IOC_WRITE, 0x46, 0x2b, 0x30), 0x7ffc1134feb0) = 0
3112970 ioctl(10, _IOC(_IOC_READ|_IOC_WRITE, 0x46, 0x2a, 0x20), 0x7ffc1134ed70) = 0
3112970 openat(AT_FDCWD, "/dev/nvidiactl", O_RDWR|O_CLOEXEC) = 34
3112970 ioctl(10, _IOC(_IOC_READ|_IOC_WRITE, 0x46, 0x4e, 0x38), 0x7ffc1134ff30) = 0
3112970 close(34)                       = 0
3112970 ioctl(10, _IOC(_IOC_READ|_IOC_WRITE, 0x46, 0x2b, 0x30), 0x7ffc11350850) = 0
3112970 ioctl(10, _IOC(_IOC_READ|_IOC_WRITE, 0x46, 0x2a, 0x20), 0x7ffc1134f8c0) = 0
3112970 ioctl(10, _IOC(_IOC_READ|_IOC_WRITE, 0x46, 0x2b, 0x30), 0x7ffc11350960) = 0
3112970 ioctl(10, _IOC(_IOC_READ|_IOC_WRITE, 0x46, 0x2a, 0x20), 0x7ffc1134f880) = 0
3112970 ioctl(10, _IOC(_IOC_READ|_IOC_WRITE, 0x46, 0x2a, 0x20), 0x7ffc1134f8d0) = 0
3112970 ioctl(10, _IOC(_IOC_READ|_IOC_WRITE, 0x46, 0x2b, 0x30), 0x7ffc1134feb0) = 0
3112970 ioctl(10, _IOC(_IOC_READ|_IOC_WRITE, 0x46, 0x2a, 0x20), 0x7ffc1134ed70) = 0
3112970 openat(AT_FDCWD, "/dev/nvidiactl", O_RDWR|O_CLOEXEC) = 34
3112970 ioctl(10, _IOC(_IOC_READ|_IOC_WRITE, 0x46, 0x4e, 0x38), 0x7ffc1134ff30) = 0
3112970 close(34)                       = 0
3112970 ioctl(10, _IOC(_IOC_READ|_IOC_WRITE, 0x46, 0x2b, 0x30), 0x7ffc11350850) = 0
3112970 ioctl(10, _IOC(_IOC_READ|_IOC_WRITE, 0x46, 0x2a, 0x20), 0x7ffc1134f8c0) = 0
3112970 ioctl(10, _IOC(_IOC_READ|_IOC_WRITE, 0x46, 0x2b, 0x30), 0x7ffc11350960) = 0
3112970 ioctl(10, _IOC(_IOC_READ|_IOC_WRITE, 0x46, 0x2a, 0x20), 0x7ffc1134f880) = 0
3112970 ioctl(10, _IOC(_IOC_READ|_IOC_WRITE, 0x46, 0x2a, 0x20), 0x7ffc1134f8d0) = 0
3112970 ioctl(10, _IOC(_IOC_READ|_IOC_WRITE, 0x46, 0x2b, 0x30), 0x7ffc1134feb0) = 0
3112970 ioctl(10, _IOC(_IOC_READ|_IOC_WRITE, 0x46, 0x2a, 0x20), 0x7ffc1134ed70) = 0
3112970 openat(AT_FDCWD, "/dev/nvidiactl", O_RDWR|O_CLOEXEC) = 34
3112970 ioctl(10, _IOC(_IOC_READ|_IOC_WRITE, 0x46, 0x4e, 0x38), 0x7ffc1134ff30) = 0
3112970 close(34)                       = 0
3112970 ioctl(10, _IOC(_IOC_READ|_IOC_WRITE, 0x46, 0x2b, 0x30), 0x7ffc11350850) = 0
3112970 ioctl(10, _IOC(_IOC_READ|_IOC_WRITE, 0x46, 0x2a, 0x20), 0x7ffc1134f8c0) = 0
3112970 ioctl(10, _IOC(_IOC_READ|_IOC_WRITE, 0x46, 0x2b, 0x30), 0x7ffc11350960) = 0
3112970 ioctl(10, _IOC(_IOC_READ|_IOC_WRITE, 0x46, 0x2a, 0x20), 0x7ffc1134f880) = 0
3112970 ioctl(10, _IOC(_IOC_READ|_IOC_WRITE, 0x46, 0x2a, 0x20), 0x7ffc1134f8d0) = 0
3112970 ioctl(11, _IOC(_IOC_NONE, 0, 0x1b, 0), 0x7ffc11351010) = 0
3112970 ioctl(11, _IOC(_IOC_NONE, 0, 0x1b, 0), 0x7ffc11351010) = 0
3112970 ioctl(11, _IOC(_IOC_NONE, 0, 0x1b, 0), 0x7ffc11351010) = 0
3112970 ioctl(11, _IOC(_IOC_NONE, 0, 0x1b, 0), 0x7ffc11351010) = 0
3112970 ioctl(10, _IOC(_IOC_READ|_IOC_WRITE, 0x46, 0x2a, 0x20), 0x7ffc1134ff20) = 0
3112970 openat(AT_FDCWD, "/dev/nvidia0", O_RDWR|O_CLOEXEC) = 34
3112970 ioctl(34, _IOC(_IOC_READ|_IOC_WRITE, 0x46, 0xc9, 0x4), 0x7ffc11350f10) = 0
3112970 ioctl(34, _IOC(_IOC_READ|_IOC_WRITE, 0x46, 0xce, 0x10), 0x7ffc11350f00) = 0
3112970 ioctl(34, _IOC(_IOC_READ|_IOC_WRITE, 0x46, 0x2b, 0x30), 0x7ffc11350ef0) = 0
3112970 ioctl(10, _IOC(_IOC_READ|_IOC_WRITE, 0x46, 0x2b, 0x30), 0x7ffc113502f0) = 0
3112970 ioctl(10, _IOC(_IOC_READ|_IOC_WRITE, 0x46, 0x2a, 0x20), 0x7ffc1134f1b0) = 0
3112970 openat(AT_FDCWD, "/dev/nvidiactl", O_RDWR|O_CLOEXEC) = 36
3112970 ioctl(10, _IOC(_IOC_READ|_IOC_WRITE, 0x46, 0x4e, 0x38), 0x7ffc11350370) = 0
3112970 close(36)                       = 0
3112970 ioctl(11, _IOC(_IOC_NONE, 0, 0x49, 0), 0x7ffc1134ffd0) = 0
3112970 ioctl(11, _IOC(_IOC_NONE, 0, 0x21, 0), 0x7ffc1134dbc0) = 0
3112970 ioctl(10, _IOC(_IOC_READ|_IOC_WRITE, 0x46, 0x2b, 0x30), 0x7ffc11350390) = 0
3112970 ioctl(11, _IOC(_IOC_NONE, 0, 0x49, 0), 0x7ffc11350070) = 0
3112970 ioctl(11, _IOC(_IOC_NONE, 0, 0x21, 0), 0x7ffc1134dc60) = 0
3112970 ioctl(11, _IOC(_IOC_NONE, 0, 0x44, 0), 0x7ffc1134db20) = 0
3112970 ioctl(11, _IOC(_IOC_NONE, 0, 0x48, 0), 0x7ffc1134d5f0) = 0
3112970 ioctl(11, _IOC(_IOC_NONE, 0, 0x17, 0), 0x7ffc11351140) = 0
3112970 ioctl(11, _IOC(_IOC_NONE, 0, 0x17, 0), 0x7ffc11351140) = 0
3112970 ioctl(11, _IOC(_IOC_NONE, 0, 0x17, 0), 0x7ffc11351140) = 0
3112970 ioctl(11, _IOC(_IOC_NONE, 0, 0x17, 0), 0x7ffc11351140) = 0
3112970 ioctl(11, _IOC(_IOC_NONE, 0, 0x17, 0), 0x7ffc11351140) = 0
3112970 ioctl(11, _IOC(_IOC_NONE, 0, 0x17, 0), 0x7ffc11351140) = 0
3112970 ioctl(11, _IOC(_IOC_NONE, 0, 0x17, 0), 0x7ffc11351140) = 0
3112970 ioctl(11, _IOC(_IOC_NONE, 0, 0x17, 0), 0x7ffc11351140) = 0
3112970 ioctl(11, _IOC(_IOC_NONE, 0, 0x17, 0), 0x7ffc11351140) = 0
3112970 ioctl(10, _IOC(_IOC_READ|_IOC_WRITE, 0x46, 0x2b, 0x30), 0x7ffc113501d0) = 0
3112970 ioctl(10, _IOC(_IOC_READ|_IOC_WRITE, 0x46, 0x2a, 0x20), 0x7ffc1134f090) = 0
3112970 openat(AT_FDCWD, "/dev/nvidiactl", O_RDWR|O_CLOEXEC) = 42
3112970 ioctl(10, _IOC(_IOC_READ|_IOC_WRITE, 0x46, 0x4e, 0x38), 0x7ffc11350250) = 0
3112970 close(42)                       = 0
3112970 ioctl(11, _IOC(_IOC_NONE, 0, 0x49, 0), 0x7ffc1134feb0) = 0
3112970 ioctl(11, _IOC(_IOC_NONE, 0, 0x21, 0), 0x7ffc1134daa0) = 0
3112970 ioctl(15, _IOC(_IOC_READ|_IOC_WRITE, 0x46, 0x27, 0x38), 0x7ffc113501c0) = 0
3112970 ioctl(11, _IOC(_IOC_NONE, 0, 0x49, 0), 0x7ffc1134feb0) = 0
3112970 ioctl(11, _IOC(_IOC_NONE, 0, 0x21, 0), 0x7ffc1134daa0) = 0
3112970 ioctl(10, _IOC(_IOC_READ|_IOC_WRITE, 0x46, 0x2b, 0x30), 0x7ffc11350520) = 0
3112970 ioctl(11, _IOC(_IOC_NONE, 0, 0x49, 0), 0x7ffc11350200) = 0
3112970 ioctl(11, _IOC(_IOC_NONE, 0, 0x21, 0), 0x7ffc1134ddf0) = 0
3112970 ioctl(15, _IOC(_IOC_READ|_IOC_WRITE, 0x46, 0x27, 0x38), 0x7ffc113502c0) = 0
3112970 ioctl(11, _IOC(_IOC_NONE, 0, 0x49, 0), 0x7ffc1134ffb0) = 0
3112970 ioctl(11, _IOC(_IOC_NONE, 0, 0x21, 0), 0x7ffc1134dba0) = 0
3112970 ioctl(10, _IOC(_IOC_READ|_IOC_WRITE, 0x46, 0x2b, 0x30), 0x7ffc113502d0) = 0
3112970 ioctl(11, _IOC(_IOC_NONE, 0, 0x49, 0), 0x7ffc1134ffb0) = 0
3112970 ioctl(11, _IOC(_IOC_NONE, 0, 0x21, 0), 0x7ffc1134dba0) = 0
3112970 ioctl(11, _IOC(_IOC_NONE, 0, 0x41, 0), 0x7ffc113503e0) = 0
3112970 ioctl(15, _IOC(_IOC_READ|_IOC_WRITE, 0x46, 0x27, 0x38), 0x7ffc11350700) = 0
3112970 ioctl(11, _IOC(_IOC_NONE, 0, 0x49, 0), 0x7ffc113503f0) = 0
3112970 ioctl(11, _IOC(_IOC_NONE, 0, 0x21, 0), 0x7ffc1134dfe0) = 0
3112970 ioctl(15, _IOC(_IOC_READ|_IOC_WRITE, 0x46, 0x27, 0x38), 0x7ffc113504d0) = 0
3112970 ioctl(11, _IOC(_IOC_NONE, 0, 0x49, 0), 0x7ffc113501c0) = 0
3112970 ioctl(11, _IOC(_IOC_NONE, 0, 0x21, 0), 0x7ffc1134ddb0) = 0
3112970 ioctl(10, _IOC(_IOC_READ|_IOC_WRITE, 0x46, 0x2b, 0x30), 0x7ffc1134fbc0) = 0
3112970 ioctl(11, _IOC(_IOC_NONE, 0, 0x49, 0), 0x7ffc1134f8a0) = 0
3112970 ioctl(11, _IOC(_IOC_NONE, 0, 0x21, 0), 0x7ffc1134d490) = 0
3112970 ioctl(10, _IOC(_IOC_READ|_IOC_WRITE, 0x46, 0x2b, 0x30), 0x7ffc113504d0) = 0
3112970 ioctl(10, _IOC(_IOC_READ|_IOC_WRITE, 0x46, 0x2a, 0x20), 0x7ffc1134f390) = 0
3112970 openat(AT_FDCWD, "/dev/nvidiactl", O_RDWR|O_CLOEXEC) = 42
3112970 ioctl(10, _IOC(_IOC_READ|_IOC_WRITE, 0x46, 0x4e, 0x38), 0x7ffc11350550) = 0
3112970 close(42)                       = 0
3112970 ioctl(11, _IOC(_IOC_NONE, 0, 0x49, 0), 0x7ffc113501b0) = 0
3112970 ioctl(11, _IOC(_IOC_NONE, 0, 0x21, 0), 0x7ffc1134dda0) = 0
3112970 ioctl(15, _IOC(_IOC_READ|_IOC_WRITE, 0x46, 0x27, 0x38), 0x7ffc113504b0) = 0
3112970 ioctl(11, _IOC(_IOC_NONE, 0, 0x49, 0), 0x7ffc113501a0) = 0
3112970 ioctl(11, _IOC(_IOC_NONE, 0, 0x21, 0), 0x7ffc1134dd90) = 0
3112970 ioctl(10, _IOC(_IOC_READ|_IOC_WRITE, 0x46, 0x2b, 0x30), 0x7ffc113511c0) = 0
3112970 ioctl(10, _IOC(_IOC_READ|_IOC_WRITE, 0x46, 0x2b, 0x30), 0x7ffc11350350) = 0
3112970 ioctl(10, _IOC(_IOC_READ|_IOC_WRITE, 0x46, 0x2a, 0x20), 0x7ffc1134f210) = 0
3112970 openat(AT_FDCWD, "/dev/nvidiactl", O_RDWR|O_CLOEXEC) = 42
3112970 ioctl(10, _IOC(_IOC_READ|_IOC_WRITE, 0x46, 0x4e, 0x38), 0x7ffc113503d0) = 0
3112970 close(42)                       = 0
3112970 ioctl(11, _IOC(_IOC_NONE, 0, 0x49, 0), 0x7ffc11350030) = 0
3112970 ioctl(11, _IOC(_IOC_NONE, 0, 0x21, 0), 0x7ffc1134dc20) = 0
3112970 ioctl(10, _IOC(_IOC_READ|_IOC_WRITE, 0x46, 0x2b, 0x30), 0x7ffc11350490) = 0
3112970 ioctl(11, _IOC(_IOC_NONE, 0, 0x49, 0), 0x7ffc11350170) = 0
3112970 ioctl(11, _IOC(_IOC_NONE, 0, 0x21, 0), 0x7ffc1134dd60) = 0
3112970 ioctl(10, _IOC(_IOC_READ|_IOC_WRITE, 0x46, 0x2b, 0x30), 0x7ffc11350490) = 0
3112970 ioctl(11, _IOC(_IOC_NONE, 0, 0x49, 0), 0x7ffc11350170) = 0
3112970 ioctl(11, _IOC(_IOC_NONE, 0, 0x21, 0), 0x7ffc1134dd60) = 0
3112970 ioctl(10, _IOC(_IOC_READ|_IOC_WRITE, 0x46, 0x2b, 0x30), 0x7ffc1134fb90) = 0
3112970 ioctl(11, _IOC(_IOC_NONE, 0, 0x49, 0), 0x7ffc1134f870) = 0
3112970 ioctl(11, _IOC(_IOC_NONE, 0, 0x21, 0), 0x7ffc1134d460) = 0
3112970 openat(AT_FDCWD, "/dev/nvidia0", O_RDWR|O_CLOEXEC) = 42
3112970 ioctl(42, _IOC(_IOC_READ|_IOC_WRITE, 0x46, 0xc9, 0x4), 0x7ffc11351070) = 0
3112970 ioctl(42, _IOC(_IOC_READ|_IOC_WRITE, 0x46, 0xce, 0x10), 0x7ffc11351060) = 0
3112970 ioctl(42, _IOC(_IOC_READ|_IOC_WRITE, 0x46, 0x2b, 0x30), 0x7ffc11351050) = 0
3112970 openat(AT_FDCWD, "/dev/nvidia0", O_RDWR|O_CLOEXEC) = 47
3112970 ioctl(47, _IOC(_IOC_READ|_IOC_WRITE, 0x46, 0xc9, 0x4), 0x7ffc11351070) = 0
3112970 ioctl(47, _IOC(_IOC_READ|_IOC_WRITE, 0x46, 0xce, 0x10), 0x7ffc11351060) = 0
3112970 ioctl(47, _IOC(_IOC_READ|_IOC_WRITE, 0x46, 0x2b, 0x30), 0x7ffc11351050) = 0
3112970 openat(AT_FDCWD, "/dev/nvidia0", O_RDWR|O_CLOEXEC) = 49
3112970 ioctl(49, _IOC(_IOC_READ|_IOC_WRITE, 0x46, 0xc9, 0x4), 0x7ffc11351070) = 0
3112970 ioctl(49, _IOC(_IOC_READ|_IOC_WRITE, 0x46, 0xce, 0x10), 0x7ffc11351060) = 0
3112970 ioctl(49, _IOC(_IOC_READ|_IOC_WRITE, 0x46, 0x2b, 0x30), 0x7ffc11351050) = 0
3112970 openat(AT_FDCWD, "/dev/nvidia0", O_RDWR|O_CLOEXEC) = 51
3112970 ioctl(51, _IOC(_IOC_READ|_IOC_WRITE, 0x46, 0xc9, 0x4), 0x7ffc11351070) = 0
3112970 ioctl(51, _IOC(_IOC_READ|_IOC_WRITE, 0x46, 0xce, 0x10), 0x7ffc11351060) = 0
3112970 ioctl(51, _IOC(_IOC_READ|_IOC_WRITE, 0x46, 0x2b, 0x30), 0x7ffc11351050) = 0
3112970 ioctl(10, _IOC(_IOC_READ|_IOC_WRITE, 0x46, 0x2a, 0x20), 0x7ffc1134ffc0) = 0
3112970 ioctl(10, _IOC(_IOC_READ|_IOC_WRITE, 0x46, 0x2a, 0x20), 0x7ffc11350070) = 0
3112970 ioctl(10, _IOC(_IOC_READ|_IOC_WRITE, 0x46, 0x2a, 0x20), 0x7ffc11350100) = 0
3112970 ioctl(10, _IOC(_IOC_READ|_IOC_WRITE, 0x46, 0x2b, 0x30), 0x7ffc11350470) = 0
3112970 ioctl(11, _IOC(_IOC_NONE, 0, 0x49, 0), 0x7ffc11350150) = 0
3112970 ioctl(11, _IOC(_IOC_NONE, 0, 0x21, 0), 0x7ffc1134dd40) = 0
3112970 ioctl(10, _IOC(_IOC_READ|_IOC_WRITE, 0x46, 0x2a, 0x20), 0x7ffc11350100) = 0
3112970 openat(AT_FDCWD, "/proc/self/task/3112989/comm", O_WRONLY|O_CREAT|O_TRUNC, 0666) = 53
3112970 close(53)                       = 0
3112989 +++ exited with 0 +++
3112988 +++ exited with 0 +++
3112971 +++ exited with 0 +++
3112970 +++ exited with 0 +++
