3112940 openat(AT_FDCWD, "/etc/ld.so.cache", O_RDONLY|O_CLOEXEC) = 5
3112940 close(5)                        = 0
3112940 openat(AT_FDCWD, "/lib/x86_64-linux-gnu/libcuda.so.1", O_RDONLY|O_CLOEXEC) = 5
3112940 close(5)                        = 0
3112940 openat(AT_FDCWD, "/lib/x86_64-linux-gnu/libc.so.6", O_RDONLY|O_CLOEXEC) = 5
3112940 close(5)                        = 0
3112940 openat(AT_FDCWD, "/lib/x86_64-linux-gnu/libm.so.6", O_RDONLY|O_CLOEXEC) = 5
3112940 close(5)                        = 0
3112940 openat(AT_FDCWD, "/lib/x86_64-linux-gnu/libdl.so.2", O_RDONLY|O_CLOEXEC) = 5
3112940 close(5)                        = 0
3112940 openat(AT_FDCWD, "/lib/x86_64-linux-gnu/libpthread.so.0", O_RDONLY|O_CLOEXEC) = 5
3112940 close(5)                        = 0
3112940 openat(AT_FDCWD, "/lib/x86_64-linux-gnu/librt.so.1", O_RDONLY|O_CLOEXEC) = 5
3112940 close(5)                        = 0
3112940 openat(AT_FDCWD, "/sys/devices/system/cpu/online", O_RDONLY|O_CLOEXEC) = 5
3112940 close(5)                        = 0
3112940 openat(AT_FDCWD, "/sys/devices/system/cpu/online", O_RDONLY|O_CLOEXEC) = 5
3112940 close(5)                        = 0
3112940 openat(AT_FDCWD, "/proc/sys/vm/mmap_min_addr", O_RDONLY) = 5
3112940 close(5)                        = 0
3112940 openat(AT_FDCWD, "/proc/cpuinfo", O_RDONLY) = 5
3112940 close(5)                        = 0
3112940 openat(AT_FDCWD, "/proc/self/maps", O_RDONLY) = 5
3112940 close(5)                        = 0
3112940 openat(AT_FDCWD, "/sys/devices/system/cpu/online", O_RDONLY|O_CLOEXEC) = 5
3112940 close(5)                        = 0
3112940 openat(AT_FDCWD, "/proc/self/task/3112941/comm", O_WRONLY|O_CREAT|O_TRUNC, 0666) = 10
3112940 close(10)                       = 0
3112940 openat(AT_FDCWD, "/dev/shm/cuda_injection_path_shm", O_RDWR|O_NOFOLLOW|O_CLOEXEC) = -1 ENOENT (No such file or directory)
3112940 openat(AT_FDCWD, "/home/pm3371/.nv/nvidia-application-profile-globals-rc", O_RDONLY) = -1 ENOENT (No such file or directory)
3112940 openat(AT_FDCWD, "/home/pm3371/.nv/nvidia-application-profiles-rc", O_RDONLY) = -1 ENOENT (No such file or directory)
3112940 openat(AT_FDCWD, "/home/pm3371/.nv/nvidia-application-profiles-rc.d", O_RDONLY) = -1 ENOENT (No such file or directory)
3112940 openat(AT_FDCWD, "/etc/nvidia/nvidia-application-profiles-rc", O_RDONLY) = -1 ENOENT (No such file or directory)
3112940 openat(AT_FDCWD, "/etc/nvidia/nvidia-application-profiles-rc.d/", O_RDONLY) = -1 ENOENT (No such file or directory)
3112940 openat(AT_FDCWD, "/usr/share/nvidia/nvidia-application-profiles-555.42.02-rc", O_RDONLY) = 10
3112940 close(10)                       = 0
3112940 openat(AT_FDCWD, "/usr/share/nvidia/nvidia-application-profiles-rc", O_RDONLY) = -1 ENOENT (No such file or directory)
3112940 openat(AT_FDCWD, "/proc/self/cmdline", O_RDONLY) = 10
3112940 close(10)                       = 0
3112940 close(10)                       = 0
3112940 openat(AT_FDCWD, "/proc/modules", O_RDONLY) = 10
3112940 close(10)                       = 0
3112940 openat(AT_FDCWD, "/proc/driver/nvidia/params", O_RDONLY) = 10
3112940 close(10)                       = 0
3112940 openat(AT_FDCWD, "/dev/nvidiactl", O_RDWR) = 10
3112940 openat(AT_FDCWD, "/sys/devices/system/memory/block_size_bytes", O_RDONLY) = 11
3112940 close(11)                       = 0
3112940 ioctl(10, _IOC(_IOC_READ|_IOC_WRITE, 0x46, 0xd6, 0x8), 0x7fff97cbb480) = 0
3112940 ioctl(10, _IOC(_IOC_READ|_IOC_WRITE, 0x46, 0xc8, 0x900), 0x7f502d21aae0) = 0
3112940 openat(AT_FDCWD, "/proc/driver/nvidia/params", O_RDONLY) = 11
3112940 close(11)                       = 0
3112940 ioctl(10, _IOC(_IOC_READ|_IOC_WRITE, 0x46, 0x2b, 0x20), 0x7fff97cbb5d0) = 0
3112940 ioctl(10, _IOC(_IOC_READ|_IOC_WRITE, 0x46, 0x2a, 0x20), 0x7fff97cba4d0) = 0
3112940 ioctl(10, _IOC(_IOC_READ|_IOC_WRITE, 0x46, 0x29, 0x10), 0x7fff97cbb5b0) = 0
3112940 close(10)                       = 0
3112940 openat(AT_FDCWD, "/proc/modules", O_RDONLY) = 10
3112940 close(10)                       = 0
3112940 openat(AT_FDCWD, "/proc/driver/nvidia/params", O_RDONLY) = 10
3112940 close(10)                       = 0
3112940 openat(AT_FDCWD, "/dev/nvidiactl", O_RDWR) = 10
3112940 openat(AT_FDCWD, "/sys/devices/system/memory/block_size_bytes", O_RDONLY) = 11
3112940 close(11)                       = 0
3112940 ioctl(10, _IOC(_IOC_READ|_IOC_WRITE, 0x46, 0xd6, 0x8), 0x7fff97cbba40) = 0
3112940 ioctl(10, _IOC(_IOC_READ|_IOC_WRITE, 0x46, 0xc8, 0x900), 0x7f502d21aae0) = 0
3112940 openat(AT_FDCWD, "/proc/driver/nvidia/params", O_RDONLY) = 11
3112940 close(11)                       = 0
3112940 ioctl(10, _IOC(_IOC_READ|_IOC_WRITE, 0x46, 0x2b, 0x20), 0x7fff97cbbb90) = 0
3112940 ioctl(10, _IOC(_IOC_READ|_IOC_WRITE, 0x46, 0x2a, 0x20), 0x7fff97cbaa50) = 0
3112940 ioctl(10, _IOC(_IOC_READ|_IOC_WRITE, 0x46, 0x2a, 0x20), 0x7fff97cbaa50) = 0
3112940 ioctl(10, _IOC(_IOC_READ|_IOC_WRITE, 0x46, 0x2b, 0x30), 0x7fff97cbbb80) = 0
3112940 ioctl(10, _IOC(_IOC_READ|_IOC_WRITE, 0x46, 0x2a, 0x20), 0x7fff97cbaa60) = 0
3112940 openat(AT_FDCWD, "/sys/devices/system/cpu/online", O_RDONLY|O_CLOEXEC) = 11
3112940 close(11)                       = 0
3112940 openat(AT_FDCWD, "/proc/self/status", O_RDONLY) = 11
3112940 close(11)                       = 0
3112940 openat(AT_FDCWD, "/sys/devices/system/node", O_RDONLY|O_NONBLOCK|O_CLOEXEC|O_DIRECTORY) = 11
3112940 openat(AT_FDCWD, "/sys/devices/system/node/node0/cpumap", O_RDONLY) = 12
3112940 close(12)                       = 0
3112940 openat(AT_FDCWD, "/sys/devices/system/node/node1/cpumap", O_RDONLY) = 12
3112940 close(12)                       = 0
3112940 close(11)                       = 0
3112940 openat(AT_FDCWD, "/proc/modules", O_RDONLY) = 11
3112940 close(11)                       = 0
3112940 openat(AT_FDCWD, "/proc/devices", O_RDONLY) = 11
3112940 close(11)                       = 0
3112940 openat(AT_FDCWD, "/dev/nvidia-uvm", O_RDWR|O_CLOEXEC) = 11
3112940 openat(AT_FDCWD, "/dev/nvidia-uvm", O_RDWR|O_CLOEXEC) = 12
3112940 ioctl(11, _IOC(_IOC_NONE, 0, 0x1, 0x3000), 0x7fff97cbbb90) = 0
3112940 ioctl(12, _IOC(_IOC_NONE, 0, 0x4b, 0), 0x7fff97cbbb90) = 0
3112940 close(12)                       = 0
3112940 ioctl(11, _IOC(_IOC_NONE, 0, 0x27, 0), 0x7fff97cbbb90) = 0
3112940 ioctl(10, _IOC(_IOC_READ|_IOC_WRITE, 0x46, 0x2a, 0x20), 0x7fff97cb8c00) = 0
3112940 ioctl(10, _IOC(_IOC_READ|_IOC_WRITE, 0x46, 0x2a, 0x20), 0x7fff97cb8430) = 0
3112940 ioctl(10, _IOC(_IOC_READ|_IOC_WRITE, 0x46, 0x2a, 0x20), 0x7fff97cb8b40) = 0
3112940 openat(AT_FDCWD, "/proc/driver/nvidia/params", O_RDONLY) = 12
3112940 close(12)                       = 0
3112940 openat(AT_FDCWD, "/dev/nvidia0", O_RDWR|O_CLOEXEC) = 12
3112940 ioctl(10, _IOC(_IOC_READ|_IOC_WRITE, 0x46, 0x2a, 0x20), 0x7fff97cb8b40) = 0
3112940 openat(AT_FDCWD, "/proc/driver/nvidia/params", O_RDONLY) = 13
3112940 close(13)                       = 0
3112940 openat(AT_FDCWD, "/dev/nvidia1", O_RDWR|O_CLOEXEC) = 13
3112940 ioctl(10, _IOC(_IOC_READ|_IOC_WRITE, 0x46, 0x2a, 0x20), 0x7fff97cb8b40) = 0
3112940 openat(AT_FDCWD, "/proc/driver/nvidia/params", O_RDONLY) = 14
3112940 close(14)                       = 0
3112940 openat(AT_FDCWD, "/dev/nvidia2", O_RDWR|O_CLOEXEC) = 14
3112940 ioctl(10, _IOC(_IOC_READ|_IOC_WRITE, 0x46, 0x2a, 0x20), 0x7fff97cb8b40) = 0
3112940 openat(AT_FDCWD, "/proc/driver/nvidia/params", O_RDONLY) = 15
3112940 close(15)                       = 0
3112940 openat(AT_FDCWD, "/dev/nvidia3", O_RDWR|O_CLOEXEC) = -1 EIO (Input/output error)
3112940 openat(AT_FDCWD, "/dev/nvidia3", O_RDWR) = -1 EIO (Input/output error)
3112940 ioctl(10, _IOC(_IOC_READ|_IOC_WRITE, 0x46, 0xd1, 0xc), 0x7fff97cb8a14) = 0
3112940 ioctl(10, _IOC(_IOC_READ|_IOC_WRITE, 0x46, 0x2a, 0x20), 0x7fff97cb8d00) = 0
3112940 ioctl(10, _IOC(_IOC_READ|_IOC_WRITE, 0x46, 0x2a, 0x20), 0x7fff97cb8cf0) = 0
3112940 ioctl(10, _IOC(_IOC_READ|_IOC_WRITE, 0x46, 0x29, 0x10), 0x7fff97cb9d90) = 0
3112940 ioctl(10, _IOC(_IOC_READ|_IOC_WRITE, 0x46, 0x2a, 0x20), 0x7fff97cb8b80) = 0
3112940 ioctl(10, _IOC(_IOC_READ|_IOC_WRITE, 0x46, 0x2a, 0x20), 0x7fff97cb8b80) = 0
3112940 openat(AT_FDCWD, "/proc/driver/nvidia/params", O_RDONLY) = 15
3112940 close(15)                       = 0
3112940 openat(AT_FDCWD, "/dev/nvidia0", O_RDWR|O_CLOEXEC) = 15
3112940 ioctl(15, _IOC(_IOC_READ|_IOC_WRITE, 0x46, 0xc9, 0x4), 0x7fff97cb9d00) = 0
3112940 ioctl(15, _IOC(_IOC_READ|_IOC_WRITE, 0x46, 0xd7, 0x230), 0x7fff97cb9a80) = 0
3112940 ioctl(10, _IOC(_IOC_READ|_IOC_WRITE, 0x46, 0x2b, 0x30), 0x7fff97cb9dd0) = 0
3112940 ioctl(10, _IOC(_IOC_READ|_IOC_WRITE, 0x46, 0x2a, 0x20), 0x7fff97cb8d00) = 0
3112940 ioctl(10, _IOC(_IOC_READ|_IOC_WRITE, 0x46, 0x2a, 0x20), 0x7fff97cb8b60) = 0
3112940 ioctl(10, _IOC(_IOC_READ|_IOC_WRITE, 0x46, 0x2a, 0x20), 0x7fff97cb8d00) = 0
3112940 ioctl(10, _IOC(_IOC_READ|_IOC_WRITE, 0x46, 0x2a, 0x20), 0x7fff97cb8c70) = 0
3112940 ioctl(10, _IOC(_IOC_READ|_IOC_WRITE, 0x46, 0x2a, 0x20), 0x7fff97cb8b70) = 0
3112940 ioctl(10, _IOC(_IOC_READ|_IOC_WRITE, 0x46, 0x2a, 0x20), 0x7fff97cb8b70) = 0
3112940 openat(AT_FDCWD, "/proc/driver/nvidia/params", O_RDONLY) = 16
3112940 close(16)                       = 0
3112940 openat(AT_FDCWD, "/dev/nvidia0", O_RDWR|O_CLOEXEC) = 16
3112940 ioctl(16, _IOC(_IOC_READ|_IOC_WRITE, 0x46, 0xc9, 0x4), 0x7fff97cb9cf0) = 0
3112940 ioctl(10, _IOC(_IOC_READ|_IOC_WRITE, 0x46, 0x2b, 0x30), 0x7fff97cb9e00) = 0
3112940 ioctl(10, _IOC(_IOC_READ|_IOC_WRITE, 0x46, 0x2b, 0x30), 0x7fff97cb9e20) = 0
3112940 ioctl(10, _IOC(_IOC_READ|_IOC_WRITE, 0x46, 0x2a, 0x20), 0x7fff97cb8b50) = 0
3112940 ioctl(10, _IOC(_IOC_READ|_IOC_WRITE, 0x46, 0x2a, 0x20), 0x7fff97cb8650) = 0
3112940 ioctl(10, _IOC(_IOC_READ|_IOC_WRITE, 0x46, 0x2a, 0x20), 0x7fff97cb8c00) = 0
3112940 ioctl(10, _IOC(_IOC_READ|_IOC_WRITE, 0x46, 0x2a, 0x20), 0x7fff97cb8270) = 0
3112940 ioctl(10, _IOC(_IOC_READ|_IOC_WRITE, 0x46, 0x2a, 0x20), 0x7fff97cb7a60) = 0
3112940 ioctl(10, _IOC(_IOC_READ|_IOC_WRITE, 0x46, 0x2a, 0x20), 0x7fff97cb80b0) = 0
3112940 ioctl(10, _IOC(_IOC_READ|_IOC_WRITE, 0x46, 0x2a, 0x20), 0x7fff97cb8920) = 0
3112940 ioctl(10, _IOC(_IOC_READ|_IOC_WRITE, 0x46, 0x2a, 0x20), 0x7fff97cb8af0) = 0
3112940 ioctl(10, _IOC(_IOC_READ|_IOC_WRITE, 0x46, 0x2a, 0x20), 0x7fff97cb87e0) = 0
3112940 ioctl(10, _IOC(_IOC_READ|_IOC_WRITE, 0x46, 0x2a, 0x20), 0x7fff97cb87e0) = 0
3112940 ioctl(10, _IOC(_IOC_READ|_IOC_WRITE, 0x46, 0x2a, 0x20), 0x7fff97cb87e0) = 0
3112940 ioctl(10, _IOC(_IOC_READ|_IOC_WRITE, 0x46, 0x2a, 0x20), 0x7fff97cb87e0) = 0
3112940 ioctl(10, _IOC(_IOC_READ|_IOC_WRITE, 0x46, 0x2a, 0x20), 0x7fff97cb87e0) = 0
3112940 ioctl(10, _IOC(_IOC_READ|_IOC_WRITE, 0x46, 0x2a, 0x20), 0x7fff97cb8630) = 0
3112940 ioctl(10, _IOC(_IOC_READ|_IOC_WRITE, 0x46, 0x2a, 0x20), 0x7fff97cb8940) = 0
3112940 ioctl(10, _IOC(_IOC_READ|_IOC_WRITE, 0x46, 0x2a, 0x20), 0x7fff97cb89e0) = 0
3112940 ioctl(10, _IOC(_IOC_READ|_IOC_WRITE, 0x46, 0x2a, 0x20), 0x7fff97cb8af0) = 0
3112940 ioctl(10, _IOC(_IOC_READ|_IOC_WRITE, 0x46, 0x2a, 0x20), 0x7fff97cb8af0) = 0
3112940 ioctl(10, _IOC(_IOC_READ|_IOC_WRITE, 0x46, 0x2a, 0x20), 0x7fff97cb8840) = 0
3112940 ioctl(10, _IOC(_IOC_READ|_IOC_WRITE, 0x46, 0x2a, 0x20), 0x7fff97cb8a20) = 0
3112940 ioctl(10, _IOC(_IOC_READ|_IOC_WRITE, 0x46, 0x2a, 0x20), 0x7fff97cb8a20) = 0
3112940 ioctl(10, _IOC(_IOC_READ|_IOC_WRITE, 0x46, 0x2a, 0x20), 0x7fff97cb8a20) = 0
3112940 ioctl(10, _IOC(_IOC_READ|_IOC_WRITE, 0x46, 0x2a, 0x20), 0x7fff97cb8a20) = 0
3112940 ioctl(10, _IOC(_IOC_READ|_IOC_WRITE, 0x46, 0x2a, 0x20), 0x7fff97cb8a20) = 0
3112940 ioctl(10, _IOC(_IOC_READ|_IOC_WRITE, 0x46, 0x2a, 0x20), 0x7fff97cb8a20) = 0
3112940 ioctl(10, _IOC(_IOC_READ|_IOC_WRITE, 0x46, 0x2a, 0x20), 0x7fff97cb8a20) = 0
3112940 ioctl(10, _IOC(_IOC_READ|_IOC_WRITE, 0x46, 0x2a, 0x20), 0x7fff97cb8a10) = 0
3112940 ioctl(10, _IOC(_IOC_READ|_IOC_WRITE, 0x46, 0x2a, 0x20), 0x7fff97cb8990) = 0
3112940 ioctl(10, _IOC(_IOC_READ|_IOC_WRITE, 0x46, 0x2a, 0x20), 0x7fff97cb6470) = 0
3112940 ioctl(10, _IOC(_IOC_READ|_IOC_WRITE, 0x46, 0x2a, 0x20), 0x7fff97cb7520) = 0
3112940 ioctl(10, _IOC(_IOC_READ|_IOC_WRITE, 0x46, 0x2a, 0x20), 0x7fff97cb8b20) = 0
3112940 ioctl(10, _IOC(_IOC_READ|_IOC_WRITE, 0x46, 0x2a, 0x20), 0x7fff97cb8970) = 0
3112940 ioctl(10, _IOC(_IOC_READ|_IOC_WRITE, 0x46, 0x2b, 0x30), 0x7fff97cb9b90) = 0
3112940 ioctl(10, _IOC(_IOC_READ|_IOC_WRITE, 0x46, 0x2a, 0x20), 0x7fff97cb8960) = 0
3112940 openat(AT_FDCWD, "/dev/nvidia0", O_RDWR|O_CLOEXEC) = 18
3112940 ioctl(10, _IOC(_IOC_READ|_IOC_WRITE, 0x46, 0x4e, 0x38), 0x7fff97cb9b20) = 0
3112940 close(18)                       = 0
3112940 ioctl(10, _IOC(_IOC_READ|_IOC_WRITE, 0x46, 0x2a, 0x20), 0x7fff97cb8ac0) = 0
3112940 ioctl(10, _IOC(_IOC_READ|_IOC_WRITE, 0x46, 0x2b, 0x30), 0x7fff97cb9c10) = 0
3112940 ioctl(10, _IOC(_IOC_READ|_IOC_WRITE, 0x46, 0x2b, 0x30), 0x7fff97cb9c10) = 0
3112940 ioctl(10, _IOC(_IOC_READ|_IOC_WRITE, 0x46, 0x2a, 0x20), 0x7fff97cb8af0) = 0
3112940 ioctl(10, _IOC(_IOC_READ|_IOC_WRITE, 0x46, 0x2a, 0x20), 0x7fff97cb8a50) = 0
3112940 ioctl(10, _IOC(_IOC_READ|_IOC_WRITE, 0x46, 0x2a, 0x20), 0x7fff97cb8a50) = 0
3112940 ioctl(10, _IOC(_IOC_READ|_IOC_WRITE, 0x46, 0x2a, 0x20), 0x7fff97cb8b50) = 0
3112940 ioctl(10, _IOC(_IOC_READ|_IOC_WRITE, 0x46, 0x2a, 0x20), 0x7fff97cb8a10) = 0
3112940 openat(AT_FDCWD, "/sys/bus/pci/devices/0000:3f:00.0/numa_node", O_RDONLY) = 18
3112940 close(18)                       = 0
3112940 ioctl(10, _IOC(_IOC_READ|_IOC_WRITE, 0x46, 0x2a, 0x20), 0x7fff97cb8cf0) = 0
3112940 ioctl(10, _IOC(_IOC_READ|_IOC_WRITE, 0x46, 0x29, 0x10), 0x7fff97cb9d90) = 0
3112940 ioctl(10, _IOC(_IOC_READ|_IOC_WRITE, 0x46, 0x2a, 0x20), 0x7fff97cb8b80) = 0
3112940 ioctl(10, _IOC(_IOC_READ|_IOC_WRITE, 0x46, 0x2a, 0x20), 0x7fff97cb8b80) = 0
3112940 ioctl(10, _IOC(_IOC_READ|_IOC_WRITE, 0x46, 0x2a, 0x20), 0x7fff97cb8b80) = 0
3112940 openat(AT_FDCWD, "/proc/driver/nvidia/params", O_RDONLY) = 18
3112940 close(18)                       = 0
3112940 openat(AT_FDCWD, "/dev/nvidia1", O_RDWR|O_CLOEXEC) = 18
3112940 ioctl(18, _IOC(_IOC_READ|_IOC_WRITE, 0x46, 0xc9, 0x4), 0x7fff97cb9d00) = 0
3112940 ioctl(18, _IOC(_IOC_READ|_IOC_WRITE, 0x46, 0xd7, 0x230), 0x7fff97cb9a80) = 0
3112940 ioctl(10, _IOC(_IOC_READ|_IOC_WRITE, 0x46, 0x2b, 0x30), 0x7fff97cb9dd0) = 0
3112940 ioctl(10, _IOC(_IOC_READ|_IOC_WRITE, 0x46, 0x2a, 0x20), 0x7fff97cb8d00) = 0
3112940 ioctl(10, _IOC(_IOC_READ|_IOC_WRITE, 0x46, 0x2a, 0x20), 0x7fff97cb8b60) = 0
3112940 ioctl(10, _IOC(_IOC_READ|_IOC_WRITE, 0x46, 0x2a, 0x20), 0x7fff97cb8d00) = 0
3112940 ioctl(10, _IOC(_IOC_READ|_IOC_WRITE, 0x46, 0x2a, 0x20), 0x7fff97cb8c70) = 0
3112940 ioctl(10, _IOC(_IOC_READ|_IOC_WRITE, 0x46, 0x2a, 0x20), 0x7fff97cb8b70) = 0
3112940 ioctl(10, _IOC(_IOC_READ|_IOC_WRITE, 0x46, 0x2a, 0x20), 0x7fff97cb8b70) = 0
3112940 ioctl(10, _IOC(_IOC_READ|_IOC_WRITE, 0x46, 0x2a, 0x20), 0x7fff97cb8b70) = 0
3112940 openat(AT_FDCWD, "/proc/driver/nvidia/params", O_RDONLY) = 19
3112940 close(19)                       = 0
3112940 openat(AT_FDCWD, "/dev/nvidia1", O_RDWR|O_CLOEXEC) = 19
3112940 ioctl(19, _IOC(_IOC_READ|_IOC_WRITE, 0x46, 0xc9, 0x4), 0x7fff97cb9cf0) = 0
3112940 ioctl(10, _IOC(_IOC_READ|_IOC_WRITE, 0x46, 0x2b, 0x30), 0x7fff97cb9e00) = 0
3112940 ioctl(10, _IOC(_IOC_READ|_IOC_WRITE, 0x46, 0x2b, 0x30), 0x7fff97cb9e20) = 0
3112940 ioctl(10, _IOC(_IOC_READ|_IOC_WRITE, 0x46, 0x2a, 0x20), 0x7fff97cb8b50) = 0
3112940 ioctl(10, _IOC(_IOC_READ|_IOC_WRITE, 0x46, 0x2a, 0x20), 0x7fff97cb8650) = 0
3112940 ioctl(10, _IOC(_IOC_READ|_IOC_WRITE, 0x46, 0x2a, 0x20), 0x7fff97cb8c00) = 0
3112940 ioctl(10, _IOC(_IOC_READ|_IOC_WRITE, 0x46, 0x2a, 0x20), 0x7fff97cb8270) = 0
3112940 ioctl(10, _IOC(_IOC_READ|_IOC_WRITE, 0x46, 0x2a, 0x20), 0x7fff97cb7a60) = 0
3112940 ioctl(10, _IOC(_IOC_READ|_IOC_WRITE, 0x46, 0x2a, 0x20), 0x7fff97cb80b0) = 0
3112940 ioctl(10, _IOC(_IOC_READ|_IOC_WRITE, 0x46, 0x2a, 0x20), 0x7fff97cb8920) = 0
3112940 ioctl(10, _IOC(_IOC_READ|_IOC_WRITE, 0x46, 0x2a, 0x20), 0x7fff97cb8af0) = 0
3112940 ioctl(10, _IOC(_IOC_READ|_IOC_WRITE, 0x46, 0x2a, 0x20), 0x7fff97cb87e0) = 0
3112940 ioctl(10, _IOC(_IOC_READ|_IOC_WRITE, 0x46, 0x2a, 0x20), 0x7fff97cb87e0) = 0
3112940 ioctl(10, _IOC(_IOC_READ|_IOC_WRITE, 0x46, 0x2a, 0x20), 0x7fff97cb87e0) = 0
3112940 ioctl(10, _IOC(_IOC_READ|_IOC_WRITE, 0x46, 0x2a, 0x20), 0x7fff97cb87e0) = 0
3112940 ioctl(10, _IOC(_IOC_READ|_IOC_WRITE, 0x46, 0x2a, 0x20), 0x7fff97cb87e0) = 0
3112940 ioctl(10, _IOC(_IOC_READ|_IOC_WRITE, 0x46, 0x2a, 0x20), 0x7fff97cb8630) = 0
3112940 ioctl(10, _IOC(_IOC_READ|_IOC_WRITE, 0x46, 0x2a, 0x20), 0x7fff97cb8940) = 0
3112940 ioctl(10, _IOC(_IOC_READ|_IOC_WRITE, 0x46, 0x2a, 0x20), 0x7fff97cb89e0) = 0
3112940 ioctl(10, _IOC(_IOC_READ|_IOC_WRITE, 0x46, 0x2a, 0x20), 0x7fff97cb8af0) = 0
3112940 ioctl(10, _IOC(_IOC_READ|_IOC_WRITE, 0x46, 0x2a, 0x20), 0x7fff97cb8af0) = 0
3112940 ioctl(10, _IOC(_IOC_READ|_IOC_WRITE, 0x46, 0x2a, 0x20), 0x7fff97cb8840) = 0
3112940 ioctl(10, _IOC(_IOC_READ|_IOC_WRITE, 0x46, 0x2a, 0x20), 0x7fff97cb8a20) = 0
3112940 ioctl(10, _IOC(_IOC_READ|_IOC_WRITE, 0x46, 0x2a, 0x20), 0x7fff97cb8a20) = 0
3112940 ioctl(10, _IOC(_IOC_READ|_IOC_WRITE, 0x46, 0x2a, 0x20), 0x7fff97cb8a20) = 0
3112940 ioctl(10, _IOC(_IOC_READ|_IOC_WRITE, 0x46, 0x2a, 0x20), 0x7fff97cb8a20) = 0
3112940 ioctl(10, _IOC(_IOC_READ|_IOC_WRITE, 0x46, 0x2a, 0x20), 0x7fff97cb8a20) = 0
3112940 ioctl(10, _IOC(_IOC_READ|_IOC_WRITE, 0x46, 0x2a, 0x20), 0x7fff97cb8a20) = 0
3112940 ioctl(10, _IOC(_IOC_READ|_IOC_WRITE, 0x46, 0x2a, 0x20), 0x7fff97cb8a20) = 0
3112940 ioctl(10, _IOC(_IOC_READ|_IOC_WRITE, 0x46, 0x2a, 0x20), 0x7fff97cb8a10) = 0
3112940 ioctl(10, _IOC(_IOC_READ|_IOC_WRITE, 0x46, 0x2a, 0x20), 0x7fff97cb8990) = 0
3112940 ioctl(10, _IOC(_IOC_READ|_IOC_WRITE, 0x46, 0x2a, 0x20), 0x7fff97cb6470) = 0
3112940 ioctl(10, _IOC(_IOC_READ|_IOC_WRITE, 0x46, 0x2a, 0x20), 0x7fff97cb7520) = 0
3112940 ioctl(10, _IOC(_IOC_READ|_IOC_WRITE, 0x46, 0x2a, 0x20), 0x7fff97cb8b20) = 0
3112940 ioctl(10, _IOC(_IOC_READ|_IOC_WRITE, 0x46, 0x2a, 0x20), 0x7fff97cb8970) = 0
3112940 ioctl(10, _IOC(_IOC_READ|_IOC_WRITE, 0x46, 0x2b, 0x30), 0x7fff97cb9b90) = 0
3112940 ioctl(10, _IOC(_IOC_READ|_IOC_WRITE, 0x46, 0x2a, 0x20), 0x7fff97cb8960) = 0
3112940 openat(AT_FDCWD, "/dev/nvidia1", O_RDWR|O_CLOEXEC) = 22
3112940 ioctl(10, _IOC(_IOC_READ|_IOC_WRITE, 0x46, 0x4e, 0x38), 0x7fff97cb9b20) = 0
3112940 close(22)                       = 0
3112940 ioctl(10, _IOC(_IOC_READ|_IOC_WRITE, 0x46, 0x2a, 0x20), 0x7fff97cb8ac0) = 0
3112940 ioctl(10, _IOC(_IOC_READ|_IOC_WRITE, 0x46, 0x2b, 0x30), 0x7fff97cb9c10) = 0
3112940 ioctl(10, _IOC(_IOC_READ|_IOC_WRITE, 0x46, 0x2b, 0x30), 0x7fff97cb9c10) = 0
3112940 ioctl(10, _IOC(_IOC_READ|_IOC_WRITE, 0x46, 0x2a, 0x20), 0x7fff97cb8af0) = 0
3112940 ioctl(10, _IOC(_IOC_READ|_IOC_WRITE, 0x46, 0x2a, 0x20), 0x7fff97cb8a50) = 0
3112940 ioctl(10, _IOC(_IOC_READ|_IOC_WRITE, 0x46, 0x2a, 0x20), 0x7fff97cb8a50) = 0
3112940 ioctl(10, _IOC(_IOC_READ|_IOC_WRITE, 0x46, 0x2a, 0x20), 0x7fff97cb8b50) = 0
3112940 ioctl(10, _IOC(_IOC_READ|_IOC_WRITE, 0x46, 0x2a, 0x20), 0x7fff97cb8a10) = 0
3112940 openat(AT_FDCWD, "/sys/bus/pci/devices/0000:40:00.0/numa_node", O_RDONLY) = 22
3112940 close(22)                       = 0
3112940 ioctl(10, _IOC(_IOC_READ|_IOC_WRITE, 0x46, 0x2a, 0x20), 0x7fff97cb8cf0) = 0
3112940 ioctl(10, _IOC(_IOC_READ|_IOC_WRITE, 0x46, 0x29, 0x10), 0x7fff97cb9d90) = 0
3112940 ioctl(10, _IOC(_IOC_READ|_IOC_WRITE, 0x46, 0x2a, 0x20), 0x7fff97cb8b80) = 0
3112940 ioctl(10, _IOC(_IOC_READ|_IOC_WRITE, 0x46, 0x2a, 0x20), 0x7fff97cb8b80) = 0
3112940 ioctl(10, _IOC(_IOC_READ|_IOC_WRITE, 0x46, 0x2a, 0x20), 0x7fff97cb8b80) = 0
3112940 ioctl(10, _IOC(_IOC_READ|_IOC_WRITE, 0x46, 0x2a, 0x20), 0x7fff97cb8b80) = 0
3112940 openat(AT_FDCWD, "/proc/driver/nvidia/params", O_RDONLY) = 22
3112940 close(22)                       = 0
3112940 openat(AT_FDCWD, "/dev/nvidia2", O_RDWR|O_CLOEXEC) = 22
3112940 ioctl(22, _IOC(_IOC_READ|_IOC_WRITE, 0x46, 0xc9, 0x4), 0x7fff97cb9d00) = 0
3112940 ioctl(22, _IOC(_IOC_READ|_IOC_WRITE, 0x46, 0xd7, 0x230), 0x7fff97cb9a80) = 0
3112940 ioctl(10, _IOC(_IOC_READ|_IOC_WRITE, 0x46, 0x2b, 0x30), 0x7fff97cb9dd0) = 0
3112940 ioctl(10, _IOC(_IOC_READ|_IOC_WRITE, 0x46, 0x2a, 0x20), 0x7fff97cb8d00) = 0
3112940 ioctl(10, _IOC(_IOC_READ|_IOC_WRITE, 0x46, 0x2a, 0x20), 0x7fff97cb8b60) = 0
3112940 ioctl(10, _IOC(_IOC_READ|_IOC_WRITE, 0x46, 0x2a, 0x20), 0x7fff97cb8d00) = 0
3112940 ioctl(10, _IOC(_IOC_READ|_IOC_WRITE, 0x46, 0x2a, 0x20), 0x7fff97cb8c70) = 0
3112940 ioctl(10, _IOC(_IOC_READ|_IOC_WRITE, 0x46, 0x2a, 0x20), 0x7fff97cb8b70) = 0
3112940 ioctl(10, _IOC(_IOC_READ|_IOC_WRITE, 0x46, 0x2a, 0x20), 0x7fff97cb8b70) = 0
3112940 ioctl(10, _IOC(_IOC_READ|_IOC_WRITE, 0x46, 0x2a, 0x20), 0x7fff97cb8b70) = 0
3112940 ioctl(10, _IOC(_IOC_READ|_IOC_WRITE, 0x46, 0x2a, 0x20), 0x7fff97cb8b70) = 0
3112940 openat(AT_FDCWD, "/proc/driver/nvidia/params", O_RDONLY) = 23
3112940 close(23)                       = 0
3112940 openat(AT_FDCWD, "/dev/nvidia2", O_RDWR|O_CLOEXEC) = 23
3112940 ioctl(23, _IOC(_IOC_READ|_IOC_WRITE, 0x46, 0xc9, 0x4), 0x7fff97cb9cf0) = 0
3112940 ioctl(10, _IOC(_IOC_READ|_IOC_WRITE, 0x46, 0x2b, 0x30), 0x7fff97cb9e00) = 0
3112940 ioctl(10, _IOC(_IOC_READ|_IOC_WRITE, 0x46, 0x2b, 0x30), 0x7fff97cb9e20) = 0
3112940 ioctl(10, _IOC(_IOC_READ|_IOC_WRITE, 0x46, 0x2a, 0x20), 0x7fff97cb8b50) = 0
3112940 ioctl(10, _IOC(_IOC_READ|_IOC_WRITE, 0x46, 0x2a, 0x20), 0x7fff97cb8650) = 0
3112940 ioctl(10, _IOC(_IOC_READ|_IOC_WRITE, 0x46, 0x2a, 0x20), 0x7fff97cb8c00) = 0
3112940 ioctl(10, _IOC(_IOC_READ|_IOC_WRITE, 0x46, 0x2a, 0x20), 0x7fff97cb8270) = 0
3112940 ioctl(10, _IOC(_IOC_READ|_IOC_WRITE, 0x46, 0x2a, 0x20), 0x7fff97cb7a60) = 0
3112940 ioctl(10, _IOC(_IOC_READ|_IOC_WRITE, 0x46, 0x2a, 0x20), 0x7fff97cb80b0) = 0
3112940 ioctl(10, _IOC(_IOC_READ|_IOC_WRITE, 0x46, 0x2a, 0x20), 0x7fff97cb8920) = 0
3112940 ioctl(10, _IOC(_IOC_READ|_IOC_WRITE, 0x46, 0x2a, 0x20), 0x7fff97cb8af0) = 0
3112940 ioctl(10, _IOC(_IOC_READ|_IOC_WRITE, 0x46, 0x2a, 0x20), 0x7fff97cb87e0) = 0
3112940 ioctl(10, _IOC(_IOC_READ|_IOC_WRITE, 0x46, 0x2a, 0x20), 0x7fff97cb87e0) = 0
3112940 ioctl(10, _IOC(_IOC_READ|_IOC_WRITE, 0x46, 0x2a, 0x20), 0x7fff97cb87e0) = 0
3112940 ioctl(10, _IOC(_IOC_READ|_IOC_WRITE, 0x46, 0x2a, 0x20), 0x7fff97cb87e0) = 0
3112940 ioctl(10, _IOC(_IOC_READ|_IOC_WRITE, 0x46, 0x2a, 0x20), 0x7fff97cb87e0) = 0
3112940 ioctl(10, _IOC(_IOC_READ|_IOC_WRITE, 0x46, 0x2a, 0x20), 0x7fff97cb8630) = 0
3112940 ioctl(10, _IOC(_IOC_READ|_IOC_WRITE, 0x46, 0x2a, 0x20), 0x7fff97cb8940) = 0
3112940 ioctl(10, _IOC(_IOC_READ|_IOC_WRITE, 0x46, 0x2a, 0x20), 0x7fff97cb89e0) = 0
3112940 ioctl(10, _IOC(_IOC_READ|_IOC_WRITE, 0x46, 0x2a, 0x20), 0x7fff97cb8af0) = 0
3112940 ioctl(10, _IOC(_IOC_READ|_IOC_WRITE, 0x46, 0x2a, 0x20), 0x7fff97cb8af0) = 0
3112940 ioctl(10, _IOC(_IOC_READ|_IOC_WRITE, 0x46, 0x2a, 0x20), 0x7fff97cb8840) = 0
3112940 ioctl(10, _IOC(_IOC_READ|_IOC_WRITE, 0x46, 0x2a, 0x20), 0x7fff97cb8a20) = 0
3112940 ioctl(10, _IOC(_IOC_READ|_IOC_WRITE, 0x46, 0x2a, 0x20), 0x7fff97cb8a20) = 0
3112940 ioctl(10, _IOC(_IOC_READ|_IOC_WRITE, 0x46, 0x2a, 0x20), 0x7fff97cb8a20) = 0
3112940 ioctl(10, _IOC(_IOC_READ|_IOC_WRITE, 0x46, 0x2a, 0x20), 0x7fff97cb8a20) = 0
3112940 ioctl(10, _IOC(_IOC_READ|_IOC_WRITE, 0x46, 0x2a, 0x20), 0x7fff97cb8a20) = 0
3112940 ioctl(10, _IOC(_IOC_READ|_IOC_WRITE, 0x46, 0x2a, 0x20), 0x7fff97cb8a20) = 0
3112940 ioctl(10, _IOC(_IOC_READ|_IOC_WRITE, 0x46, 0x2a, 0x20), 0x7fff97cb8a20) = 0
3112940 ioctl(10, _IOC(_IOC_READ|_IOC_WRITE, 0x46, 0x2a, 0x20), 0x7fff97cb8a10) = 0
3112940 ioctl(10, _IOC(_IOC_READ|_IOC_WRITE, 0x46, 0x2a, 0x20), 0x7fff97cb8990) = 0
3112940 ioctl(10, _IOC(_IOC_READ|_IOC_WRITE, 0x46, 0x2a, 0x20), 0x7fff97cb6470) = 0
3112940 ioctl(10, _IOC(_IOC_READ|_IOC_WRITE, 0x46, 0x2a, 0x20), 0x7fff97cb7520) = 0
3112940 ioctl(10, _IOC(_IOC_READ|_IOC_WRITE, 0x46, 0x2a, 0x20), 0x7fff97cb8b20) = 0
3112940 ioctl(10, _IOC(_IOC_READ|_IOC_WRITE, 0x46, 0x2a, 0x20), 0x7fff97cb8970) = 0
3112940 ioctl(10, _IOC(_IOC_READ|_IOC_WRITE, 0x46, 0x2b, 0x30), 0x7fff97cb9b90) = 0
3112940 ioctl(10, _IOC(_IOC_READ|_IOC_WRITE, 0x46, 0x2a, 0x20), 0x7fff97cb8960) = 0
3112940 openat(AT_FDCWD, "/dev/nvidia2", O_RDWR|O_CLOEXEC) = 24
3112940 ioctl(10, _IOC(_IOC_READ|_IOC_WRITE, 0x46, 0x4e, 0x38), 0x7fff97cb9b20) = 0
3112940 close(24)                       = 0
3112940 ioctl(10, _IOC(_IOC_READ|_IOC_WRITE, 0x46, 0x2a, 0x20), 0x7fff97cb8ac0) = 0
3112940 ioctl(10, _IOC(_IOC_READ|_IOC_WRITE, 0x46, 0x2b, 0x30), 0x7fff97cb9c10) = 0
3112940 ioctl(10, _IOC(_IOC_READ|_IOC_WRITE, 0x46, 0x2b, 0x30), 0x7fff97cb9c10) = 0
3112940 ioctl(10, _IOC(_IOC_READ|_IOC_WRITE, 0x46, 0x2a, 0x20), 0x7fff97cb8af0) = 0
3112940 ioctl(10, _IOC(_IOC_READ|_IOC_WRITE, 0x46, 0x2a, 0x20), 0x7fff97cb8a50) = 0
3112940 ioctl(10, _IOC(_IOC_READ|_IOC_WRITE, 0x46, 0x2a, 0x20), 0x7fff97cb8a50) = 0
3112940 ioctl(10, _IOC(_IOC_READ|_IOC_WRITE, 0x46, 0x2a, 0x20), 0x7fff97cb8b50) = 0
3112940 ioctl(10, _IOC(_IOC_READ|_IOC_WRITE, 0x46, 0x2a, 0x20), 0x7fff97cb8a10) = 0
3112940 openat(AT_FDCWD, "/sys/bus/pci/devices/0000:60:00.0/numa_node", O_RDONLY) = 24
3112940 close(24)                       = 0
3112940 ioctl(10, _IOC(_IOC_READ|_IOC_WRITE, 0x46, 0x2a, 0x20), 0x7fff97cb8d00) = 0
3112940 ioctl(10, _IOC(_IOC_READ|_IOC_WRITE, 0x46, 0x2a, 0x20), 0x7fff97cb9e60) = 0
3112940 ioctl(10, _IOC(_IOC_READ|_IOC_WRITE, 0x46, 0x2a, 0x20), 0x7fff97cb9e60) = 0
3112940 ioctl(10, _IOC(_IOC_READ|_IOC_WRITE, 0x46, 0x2a, 0x20), 0x7fff97cb9e60) = 0
3112940 ioctl(10, _IOC(_IOC_READ|_IOC_WRITE, 0x46, 0x2a, 0x20), 0x7fff97cb9e60) = 0
3112940 ioctl(10, _IOC(_IOC_READ|_IOC_WRITE, 0x46, 0x2a, 0x20), 0x7fff97cb9e60) = 0
3112940 ioctl(10, _IOC(_IOC_READ|_IOC_WRITE, 0x46, 0x2a, 0x20), 0x7fff97cb9e60) = 0
3112940 ioctl(10, _IOC(_IOC_READ|_IOC_WRITE, 0x46, 0x2a, 0x20), 0x7fff97cb8fb0) = 0
3112940 ioctl(10, _IOC(_IOC_READ|_IOC_WRITE, 0x46, 0x2a, 0x20), 0x7fff97cb8fb0) = 0
3112940 ioctl(10, _IOC(_IOC_READ|_IOC_WRITE, 0x46, 0x2a, 0x20), 0x7fff97cb8fb0) = 0
3112940 ioctl(10, _IOC(_IOC_READ|_IOC_WRITE, 0x46, 0x2a, 0x20), 0x7fff97cb8fb0) = 0
3112940 ioctl(10, _IOC(_IOC_READ|_IOC_WRITE, 0x46, 0x2a, 0x20), 0x7fff97cb8030) = 0
3112940 ioctl(10, _IOC(_IOC_READ|_IOC_WRITE, 0x46, 0x2a, 0x20), 0x7fff97cb9830) = 0
3112940 ioctl(10, _IOC(_IOC_READ|_IOC_WRITE, 0x46, 0x2a, 0x20), 0x7fff97cb8030) = 0
3112940 ioctl(10, _IOC(_IOC_READ|_IOC_WRITE, 0x46, 0x2a, 0x20), 0x7fff97cb9830) = 0
3112940 ioctl(10, _IOC(_IOC_READ|_IOC_WRITE, 0x46, 0x2a, 0x20), 0x7fff97cb9830) = 0
3112940 ioctl(10, _IOC(_IOC_READ|_IOC_WRITE, 0x46, 0x2a, 0x20), 0x7fff97cb8030) = 0
3112940 ioctl(11, _IOC(_IOC_NONE, 0, 0x25, 0), 0x7fff97cbb700) = 0
3112940 ioctl(11, _IOC(_IOC_NONE, 0, 0x25, 0), 0x7fff97cbb700) = 0
3112940 ioctl(11, _IOC(_IOC_NONE, 0, 0x25, 0), 0x7fff97cbb700) = 0
3112940 ioctl(11, _IOC(_IOC_NONE, 0, 0x17, 0), 0x7fff97cbbbd0) = 0
3112940 ioctl(10, _IOC(_IOC_READ|_IOC_WRITE, 0x46, 0x2b, 0x30), 0x7fff97cbb930) = 0
3112940 ioctl(10, _IOC(_IOC_READ|_IOC_WRITE, 0x46, 0x2b, 0x30), 0x7fff97cbb930) = 0
3112940 ioctl(10, _IOC(_IOC_READ|_IOC_WRITE, 0x46, 0x2b, 0x30), 0x7fff97cbb930) = 0
3112941 +++ exited with 0 +++
3112940 +++ exited with 0 +++
