3112920 openat(AT_FDCWD, "/etc/ld.so.cache", O_RDONLY|O_CLOEXEC) = 5
3112920 close(5)                        = 0
3112920 openat(AT_FDCWD, "/lib/x86_64-linux-gnu/libcuda.so.1", O_RDONLY|O_CLOEXEC) = 5
3112920 close(5)                        = 0
3112920 openat(AT_FDCWD, "/lib/x86_64-linux-gnu/libc.so.6", O_RDONLY|O_CLOEXEC) = 5
3112920 close(5)                        = 0
3112920 openat(AT_FDCWD, "/lib/x86_64-linux-gnu/libm.so.6", O_RDONLY|O_CLOEXEC) = 5
3112920 close(5)                        = 0
3112920 openat(AT_FDCWD, "/lib/x86_64-linux-gnu/libdl.so.2", O_RDONLY|O_CLOEXEC) = 5
3112920 close(5)                        = 0
3112920 openat(AT_FDCWD, "/lib/x86_64-linux-gnu/libpthread.so.0", O_RDONLY|O_CLOEXEC) = 5
3112920 close(5)                        = 0
3112920 openat(AT_FDCWD, "/lib/x86_64-linux-gnu/librt.so.1", O_RDONLY|O_CLOEXEC) = 5
3112920 close(5)                        = 0
3112920 openat(AT_FDCWD, "/sys/devices/system/cpu/online", O_RDONLY|O_CLOEXEC) = 5
3112920 close(5)                        = 0
3112920 openat(AT_FDCWD, "/sys/devices/system/cpu/online", O_RDONLY|O_CLOEXEC) = 5
3112920 close(5)                        = 0
3112920 openat(AT_FDCWD, "/proc/sys/vm/mmap_min_addr", O_RDONLY) = 5
3112920 close(5)                        = 0
3112920 openat(AT_FDCWD, "/proc/cpuinfo", O_RDONLY) = 5
3112920 close(5)                        = 0
3112920 openat(AT_FDCWD, "/proc/self/maps", O_RDONLY) = 5
3112920 close(5)                        = 0
3112920 openat(AT_FDCWD, "/sys/devices/system/cpu/online", O_RDONLY|O_CLOEXEC) = 5
3112920 close(5)                        = 0
3112920 openat(AT_FDCWD, "/proc/self/task/3112921/comm", O_WRONLY|O_CREAT|O_TRUNC, 0666) = 10
3112920 close(10)                       = 0
3112920 openat(AT_FDCWD, "/dev/shm/cuda_injection_path_shm", O_RDWR|O_NOFOLLOW|O_CLOEXEC) = -1 ENOENT (No such file or directory)
3112920 openat(AT_FDCWD, "/home/pm3371/.nv/nvidia-application-profile-globals-rc", O_RDONLY) = -1 ENOENT (No such file or directory)
3112920 openat(AT_FDCWD, "/home/pm3371/.nv/nvidia-application-profiles-rc", O_RDONLY) = -1 ENOENT (No such file or directory)
3112920 openat(AT_FDCWD, "/home/pm3371/.nv/nvidia-application-profiles-rc.d", O_RDONLY) = -1 ENOENT (No such file or directory)
3112920 openat(AT_FDCWD, "/etc/nvidia/nvidia-application-profiles-rc", O_RDONLY) = -1 ENOENT (No such file or directory)
3112920 openat(AT_FDCWD, "/etc/nvidia/nvidia-application-profiles-rc.d/", O_RDONLY) = -1 ENOENT (No such file or directory)
3112920 openat(AT_FDCWD, "/usr/share/nvidia/nvidia-application-profiles-555.42.02-rc", O_RDONLY) = 10
3112920 close(10)                       = 0
3112920 openat(AT_FDCWD, "/usr/share/nvidia/nvidia-application-profiles-rc", O_RDONLY) = -1 ENOENT (No such file or directory)
3112920 openat(AT_FDCWD, "/proc/self/cmdline", O_RDONLY) = 10
3112920 close(10)                       = 0
3112920 close(10)                       = 0
3112920 openat(AT_FDCWD, "/proc/modules", O_RDONLY) = 10
3112920 close(10)                       = 0
3112920 openat(AT_FDCWD, "/proc/driver/nvidia/params", O_RDONLY) = 10
3112920 close(10)                       = 0
3112920 openat(AT_FDCWD, "/dev/nvidiactl", O_RDWR) = 10
3112920 openat(AT_FDCWD, "/sys/devices/system/memory/block_size_bytes", O_RDONLY) = 11
3112920 close(11)                       = 0
3112920 ioctl(10, _IOC(_IOC_READ|_IOC_WRITE, 0x46, 0xd6, 0x8), 0x7ffd04df9d40) = 0
3112920 ioctl(10, _IOC(_IOC_READ|_IOC_WRITE, 0x46, 0xc8, 0x900), 0x7fb22cd3cae0) = 0
3112920 openat(AT_FDCWD, "/proc/driver/nvidia/params", O_RDONLY) = 11
3112920 close(11)                       = 0
3112920 ioctl(10, _IOC(_IOC_READ|_IOC_WRITE, 0x46, 0x2b, 0x20), 0x7ffd04df9e90) = 0
3112920 ioctl(10, _IOC(_IOC_READ|_IOC_WRITE, 0x46, 0x2a, 0x20), 0x7ffd04df8d90) = 0
3112920 ioctl(10, _IOC(_IOC_READ|_IOC_WRITE, 0x46, 0x29, 0x10), 0x7ffd04df9e70) = 0
3112920 close(10)                       = 0
3112920 openat(AT_FDCWD, "/proc/modules", O_RDONLY) = 10
3112920 close(10)                       = 0
3112920 openat(AT_FDCWD, "/proc/driver/nvidia/params", O_RDONLY) = 10
3112920 close(10)                       = 0
3112920 openat(AT_FDCWD, "/dev/nvidiactl", O_RDWR) = 10
3112920 openat(AT_FDCWD, "/sys/devices/system/memory/block_size_bytes", O_RDONLY) = 11
3112920 close(11)                       = 0
3112920 ioctl(10, _IOC(_IOC_READ|_IOC_WRITE, 0x46, 0xd6, 0x8), 0x7ffd04dfa300) = 0
3112920 ioctl(10, _IOC(_IOC_READ|_IOC_WRITE, 0x46, 0xc8, 0x900), 0x7fb22cd3cae0) = 0
3112920 openat(AT_FDCWD, "/proc/driver/nvidia/params", O_RDONLY) = 11
3112920 close(11)                       = 0
3112920 ioctl(10, _IOC(_IOC_READ|_IOC_WRITE, 0x46, 0x2b, 0x20), 0x7ffd04dfa450) = 0
3112920 ioctl(10, _IOC(_IOC_READ|_IOC_WRITE, 0x46, 0x2a, 0x20), 0x7ffd04df9310) = 0
3112920 ioctl(10, _IOC(_IOC_READ|_IOC_WRITE, 0x46, 0x2a, 0x20), 0x7ffd04df9310) = 0
3112920 ioctl(10, _IOC(_IOC_READ|_IOC_WRITE, 0x46, 0x2b, 0x30), 0x7ffd04dfa440) = 0
3112920 ioctl(10, _IOC(_IOC_READ|_IOC_WRITE, 0x46, 0x2a, 0x20), 0x7ffd04df9320) = 0
3112920 openat(AT_FDCWD, "/sys/devices/system/cpu/online", O_RDONLY|O_CLOEXEC) = 11
3112920 close(11)                       = 0
3112920 openat(AT_FDCWD, "/proc/self/status", O_RDONLY) = 11
3112920 close(11)                       = 0
3112920 openat(AT_FDCWD, "/sys/devices/system/node", O_RDONLY|O_NONBLOCK|O_CLOEXEC|O_DIRECTORY) = 11
3112920 openat(AT_FDCWD, "/sys/devices/system/node/node0/cpumap", O_RDONLY) = 12
3112920 close(12)                       = 0
3112920 openat(AT_FDCWD, "/sys/devices/system/node/node1/cpumap", O_RDONLY) = 12
3112920 close(12)                       = 0
3112920 close(11)                       = 0
3112920 openat(AT_FDCWD, "/proc/modules", O_RDONLY) = 11
3112920 close(11)                       = 0
3112920 openat(AT_FDCWD, "/proc/devices", O_RDONLY) = 11
3112920 close(11)                       = 0
3112920 openat(AT_FDCWD, "/dev/nvidia-uvm", O_RDWR|O_CLOEXEC) = 11
3112920 openat(AT_FDCWD, "/dev/nvidia-uvm", O_RDWR|O_CLOEXEC) = 12
3112920 ioctl(11, _IOC(_IOC_NONE, 0, 0x1, 0x3000), 0x7ffd04dfa450) = 0
3112920 ioctl(12, _IOC(_IOC_NONE, 0, 0x4b, 0), 0x7ffd04dfa450) = 0
3112920 close(12)                       = 0
3112920 ioctl(11, _IOC(_IOC_NONE, 0, 0x27, 0), 0x7ffd04dfa450) = 0
3112920 ioctl(10, _IOC(_IOC_READ|_IOC_WRITE, 0x46, 0x2a, 0x20), 0x7ffd04df74c0) = 0
3112920 ioctl(10, _IOC(_IOC_READ|_IOC_WRITE, 0x46, 0x2a, 0x20), 0x7ffd04df6cf0) = 0
3112920 ioctl(10, _IOC(_IOC_READ|_IOC_WRITE, 0x46, 0x2a, 0x20), 0x7ffd04df7400) = 0
3112920 openat(AT_FDCWD, "/proc/driver/nvidia/params", O_RDONLY) = 12
3112920 close(12)                       = 0
3112920 openat(AT_FDCWD, "/dev/nvidia0", O_RDWR|O_CLOEXEC) = 12
3112920 ioctl(10, _IOC(_IOC_READ|_IOC_WRITE, 0x46, 0x2a, 0x20), 0x7ffd04df7400) = 0
3112920 openat(AT_FDCWD, "/proc/driver/nvidia/params", O_RDONLY) = 13
3112920 close(13)                       = 0
3112920 openat(AT_FDCWD, "/dev/nvidia1", O_RDWR|O_CLOEXEC) = 13
3112920 ioctl(10, _IOC(_IOC_READ|_IOC_WRITE, 0x46, 0x2a, 0x20), 0x7ffd04df7400) = 0
3112920 openat(AT_FDCWD, "/proc/driver/nvidia/params", O_RDONLY) = 14
3112920 close(14)                       = 0
3112920 openat(AT_FDCWD, "/dev/nvidia2", O_RDWR|O_CLOEXEC) = 14
3112920 ioctl(10, _IOC(_IOC_READ|_IOC_WRITE, 0x46, 0x2a, 0x20), 0x7ffd04df7400) = 0
3112920 openat(AT_FDCWD, "/proc/driver/nvidia/params", O_RDONLY) = 15
3112920 close(15)                       = 0
3112920 openat(AT_FDCWD, "/dev/nvidia3", O_RDWR|O_CLOEXEC) = -1 EIO (Input/output error)
3112920 openat(AT_FDCWD, "/dev/nvidia3", O_RDWR) = -1 EIO (Input/output error)
3112920 ioctl(10, _IOC(_IOC_READ|_IOC_WRITE, 0x46, 0xd1, 0xc), 0x7ffd04df72d4) = 0
3112920 ioctl(10, _IOC(_IOC_READ|_IOC_WRITE, 0x46, 0x2a, 0x20), 0x7ffd04df75c0) = 0
3112920 ioctl(10, _IOC(_IOC_READ|_IOC_WRITE, 0x46, 0x2a, 0x20), 0x7ffd04df75b0) = 0
3112920 ioctl(10, _IOC(_IOC_READ|_IOC_WRITE, 0x46, 0x29, 0x10), 0x7ffd04df8650) = 0
3112920 ioctl(10, _IOC(_IOC_READ|_IOC_WRITE, 0x46, 0x2a, 0x20), 0x7ffd04df7440) = 0
3112920 ioctl(10, _IOC(_IOC_READ|_IOC_WRITE, 0x46, 0x2a, 0x20), 0x7ffd04df7440) = 0
3112920 openat(AT_FDCWD, "/proc/driver/nvidia/params", O_RDONLY) = 15
3112920 close(15)                       = 0
3112920 openat(AT_FDCWD, "/dev/nvidia0", O_RDWR|O_CLOEXEC) = 15
3112920 ioctl(15, _IOC(_IOC_READ|_IOC_WRITE, 0x46, 0xc9, 0x4), 0x7ffd04df85c0) = 0
3112920 ioctl(15, _IOC(_IOC_READ|_IOC_WRITE, 0x46, 0xd7, 0x230), 0x7ffd04df8340) = 0
3112920 ioctl(10, _IOC(_IOC_READ|_IOC_WRITE, 0x46, 0x2b, 0x30), 0x7ffd04df8690) = 0
3112920 ioctl(10, _IOC(_IOC_READ|_IOC_WRITE, 0x46, 0x2a, 0x20), 0x7ffd04df75c0) = 0
3112920 ioctl(10, _IOC(_IOC_READ|_IOC_WRITE, 0x46, 0x2a, 0x20), 0x7ffd04df7420) = 0
3112920 ioctl(10, _IOC(_IOC_READ|_IOC_WRITE, 0x46, 0x2a, 0x20), 0x7ffd04df75c0) = 0
3112920 ioctl(10, _IOC(_IOC_READ|_IOC_WRITE, 0x46, 0x2a, 0x20), 0x7ffd04df7530) = 0
3112920 ioctl(10, _IOC(_IOC_READ|_IOC_WRITE, 0x46, 0x2a, 0x20), 0x7ffd04df7430) = 0
3112920 ioctl(10, _IOC(_IOC_READ|_IOC_WRITE, 0x46, 0x2a, 0x20), 0x7ffd04df7430) = 0
3112920 openat(AT_FDCWD, "/proc/driver/nvidia/params", O_RDONLY) = 16
3112920 close(16)                       = 0
3112920 openat(AT_FDCWD, "/dev/nvidia0", O_RDWR|O_CLOEXEC) = 16
3112920 ioctl(16, _IOC(_IOC_READ|_IOC_WRITE, 0x46, 0xc9, 0x4), 0x7ffd04df85b0) = 0
3112920 ioctl(10, _IOC(_IOC_READ|_IOC_WRITE, 0x46, 0x2b, 0x30), 0x7ffd04df86c0) = 0
3112920 ioctl(10, _IOC(_IOC_READ|_IOC_WRITE, 0x46, 0x2b, 0x30), 0x7ffd04df86e0) = 0
3112920 ioctl(10, _IOC(_IOC_READ|_IOC_WRITE, 0x46, 0x2a, 0x20), 0x7ffd04df7410) = 0
3112920 ioctl(10, _IOC(_IOC_READ|_IOC_WRITE, 0x46, 0x2a, 0x20), 0x7ffd04df6f10) = 0
3112920 ioctl(10, _IOC(_IOC_READ|_IOC_WRITE, 0x46, 0x2a, 0x20), 0x7ffd04df74c0) = 0
3112920 ioctl(10, _IOC(_IOC_READ|_IOC_WRITE, 0x46, 0x2a, 0x20), 0x7ffd04df6b30) = 0
3112920 ioctl(10, _IOC(_IOC_READ|_IOC_WRITE, 0x46, 0x2a, 0x20), 0x7ffd04df6320) = 0
3112920 ioctl(10, _IOC(_IOC_READ|_IOC_WRITE, 0x46, 0x2a, 0x20), 0x7ffd04df6970) = 0
3112920 ioctl(10, _IOC(_IOC_READ|_IOC_WRITE, 0x46, 0x2a, 0x20), 0x7ffd04df71e0) = 0
3112920 ioctl(10, _IOC(_IOC_READ|_IOC_WRITE, 0x46, 0x2a, 0x20), 0x7ffd04df73b0) = 0
3112920 ioctl(10, _IOC(_IOC_READ|_IOC_WRITE, 0x46, 0x2a, 0x20), 0x7ffd04df70a0) = 0
3112920 ioctl(10, _IOC(_IOC_READ|_IOC_WRITE, 0x46, 0x2a, 0x20), 0x7ffd04df70a0) = 0
3112920 ioctl(10, _IOC(_IOC_READ|_IOC_WRITE, 0x46, 0x2a, 0x20), 0x7ffd04df70a0) = 0
3112920 ioctl(10, _IOC(_IOC_READ|_IOC_WRITE, 0x46, 0x2a, 0x20), 0x7ffd04df70a0) = 0
3112920 ioctl(10, _IOC(_IOC_READ|_IOC_WRITE, 0x46, 0x2a, 0x20), 0x7ffd04df70a0) = 0
3112920 ioctl(10, _IOC(_IOC_READ|_IOC_WRITE, 0x46, 0x2a, 0x20), 0x7ffd04df6ef0) = 0
3112920 ioctl(10, _IOC(_IOC_READ|_IOC_WRITE, 0x46, 0x2a, 0x20), 0x7ffd04df7200) = 0
3112920 ioctl(10, _IOC(_IOC_READ|_IOC_WRITE, 0x46, 0x2a, 0x20), 0x7ffd04df72a0) = 0
3112920 ioctl(10, _IOC(_IOC_READ|_IOC_WRITE, 0x46, 0x2a, 0x20), 0x7ffd04df73b0) = 0
3112920 ioctl(10, _IOC(_IOC_READ|_IOC_WRITE, 0x46, 0x2a, 0x20), 0x7ffd04df73b0) = 0
3112920 ioctl(10, _IOC(_IOC_READ|_IOC_WRITE, 0x46, 0x2a, 0x20), 0x7ffd04df7100) = 0
3112920 ioctl(10, _IOC(_IOC_READ|_IOC_WRITE, 0x46, 0x2a, 0x20), 0x7ffd04df72e0) = 0
3112920 ioctl(10, _IOC(_IOC_READ|_IOC_WRITE, 0x46, 0x2a, 0x20), 0x7ffd04df72e0) = 0
3112920 ioctl(10, _IOC(_IOC_READ|_IOC_WRITE, 0x46, 0x2a, 0x20), 0x7ffd04df72e0) = 0
3112920 ioctl(10, _IOC(_IOC_READ|_IOC_WRITE, 0x46, 0x2a, 0x20), 0x7ffd04df72e0) = 0
3112920 ioctl(10, _IOC(_IOC_READ|_IOC_WRITE, 0x46, 0x2a, 0x20), 0x7ffd04df72e0) = 0
3112920 ioctl(10, _IOC(_IOC_READ|_IOC_WRITE, 0x46, 0x2a, 0x20), 0x7ffd04df72e0) = 0
3112920 ioctl(10, _IOC(_IOC_READ|_IOC_WRITE, 0x46, 0x2a, 0x20), 0x7ffd04df72e0) = 0
3112920 ioctl(10, _IOC(_IOC_READ|_IOC_WRITE, 0x46, 0x2a, 0x20), 0x7ffd04df72d0) = 0
3112920 ioctl(10, _IOC(_IOC_READ|_IOC_WRITE, 0x46, 0x2a, 0x20), 0x7ffd04df7250) = 0
3112920 ioctl(10, _IOC(_IOC_READ|_IOC_WRITE, 0x46, 0x2a, 0x20), 0x7ffd04df4d30) = 0
3112920 ioctl(10, _IOC(_IOC_READ|_IOC_WRITE, 0x46, 0x2a, 0x20), 0x7ffd04df5de0) = 0
3112920 ioctl(10, _IOC(_IOC_READ|_IOC_WRITE, 0x46, 0x2a, 0x20), 0x7ffd04df73e0) = 0
3112920 ioctl(10, _IOC(_IOC_READ|_IOC_WRITE, 0x46, 0x2a, 0x20), 0x7ffd04df7230) = 0
3112920 ioctl(10, _IOC(_IOC_READ|_IOC_WRITE, 0x46, 0x2b, 0x30), 0x7ffd04df8450) = 0
3112920 ioctl(10, _IOC(_IOC_READ|_IOC_WRITE, 0x46, 0x2a, 0x20), 0x7ffd04df7220) = 0
3112920 openat(AT_FDCWD, "/dev/nvidia0", O_RDWR|O_CLOEXEC) = 18
3112920 ioctl(10, _IOC(_IOC_READ|_IOC_WRITE, 0x46, 0x4e, 0x38), 0x7ffd04df83e0) = 0
3112920 close(18)                       = 0
3112920 ioctl(10, _IOC(_IOC_READ|_IOC_WRITE, 0x46, 0x2a, 0x20), 0x7ffd04df7380) = 0
3112920 ioctl(10, _IOC(_IOC_READ|_IOC_WRITE, 0x46, 0x2b, 0x30), 0x7ffd04df84d0) = 0
3112920 ioctl(10, _IOC(_IOC_READ|_IOC_WRITE, 0x46, 0x2b, 0x30), 0x7ffd04df84d0) = 0
3112920 ioctl(10, _IOC(_IOC_READ|_IOC_WRITE, 0x46, 0x2a, 0x20), 0x7ffd04df73b0) = 0
3112920 ioctl(10, _IOC(_IOC_READ|_IOC_WRITE, 0x46, 0x2a, 0x20), 0x7ffd04df7310) = 0
3112920 ioctl(10, _IOC(_IOC_READ|_IOC_WRITE, 0x46, 0x2a, 0x20), 0x7ffd04df7310) = 0
3112920 ioctl(10, _IOC(_IOC_READ|_IOC_WRITE, 0x46, 0x2a, 0x20), 0x7ffd04df7410) = 0
3112920 ioctl(10, _IOC(_IOC_READ|_IOC_WRITE, 0x46, 0x2a, 0x20), 0x7ffd04df72d0) = 0
3112920 openat(AT_FDCWD, "/sys/bus/pci/devices/0000:3f:00.0/numa_node", O_RDONLY) = 18
3112920 close(18)                       = 0
3112920 ioctl(10, _IOC(_IOC_READ|_IOC_WRITE, 0x46, 0x2a, 0x20), 0x7ffd04df75b0) = 0
3112920 ioctl(10, _IOC(_IOC_READ|_IOC_WRITE, 0x46, 0x29, 0x10), 0x7ffd04df8650) = 0
3112920 ioctl(10, _IOC(_IOC_READ|_IOC_WRITE, 0x46, 0x2a, 0x20), 0x7ffd04df7440) = 0
3112920 ioctl(10, _IOC(_IOC_READ|_IOC_WRITE, 0x46, 0x2a, 0x20), 0x7ffd04df7440) = 0
3112920 ioctl(10, _IOC(_IOC_READ|_IOC_WRITE, 0x46, 0x2a, 0x20), 0x7ffd04df7440) = 0
3112920 openat(AT_FDCWD, "/proc/driver/nvidia/params", O_RDONLY) = 18
3112920 close(18)                       = 0
3112920 openat(AT_FDCWD, "/dev/nvidia1", O_RDWR|O_CLOEXEC) = 18
3112920 ioctl(18, _IOC(_IOC_READ|_IOC_WRITE, 0x46, 0xc9, 0x4), 0x7ffd04df85c0) = 0
3112920 ioctl(18, _IOC(_IOC_READ|_IOC_WRITE, 0x46, 0xd7, 0x230), 0x7ffd04df8340) = 0
3112920 ioctl(10, _IOC(_IOC_READ|_IOC_WRITE, 0x46, 0x2b, 0x30), 0x7ffd04df8690) = 0
3112920 ioctl(10, _IOC(_IOC_READ|_IOC_WRITE, 0x46, 0x2a, 0x20), 0x7ffd04df75c0) = 0
3112920 ioctl(10, _IOC(_IOC_READ|_IOC_WRITE, 0x46, 0x2a, 0x20), 0x7ffd04df7420) = 0
3112920 ioctl(10, _IOC(_IOC_READ|_IOC_WRITE, 0x46, 0x2a, 0x20), 0x7ffd04df75c0) = 0
3112920 ioctl(10, _IOC(_IOC_READ|_IOC_WRITE, 0x46, 0x2a, 0x20), 0x7ffd04df7530) = 0
3112920 ioctl(10, _IOC(_IOC_READ|_IOC_WRITE, 0x46, 0x2a, 0x20), 0x7ffd04df7430) = 0
3112920 ioctl(10, _IOC(_IOC_READ|_IOC_WRITE, 0x46, 0x2a, 0x20), 0x7ffd04df7430) = 0
3112920 ioctl(10, _IOC(_IOC_READ|_IOC_WRITE, 0x46, 0x2a, 0x20), 0x7ffd04df7430) = 0
3112920 openat(AT_FDCWD, "/proc/driver/nvidia/params", O_RDONLY) = 19
3112920 close(19)                       = 0
3112920 openat(AT_FDCWD, "/dev/nvidia1", O_RDWR|O_CLOEXEC) = 19
3112920 ioctl(19, _IOC(_IOC_READ|_IOC_WRITE, 0x46, 0xc9, 0x4), 0x7ffd04df85b0) = 0
3112920 ioctl(10, _IOC(_IOC_READ|_IOC_WRITE, 0x46, 0x2b, 0x30), 0x7ffd04df86c0) = 0
3112920 ioctl(10, _IOC(_IOC_READ|_IOC_WRITE, 0x46, 0x2b, 0x30), 0x7ffd04df86e0) = 0
3112920 ioctl(10, _IOC(_IOC_READ|_IOC_WRITE, 0x46, 0x2a, 0x20), 0x7ffd04df7410) = 0
3112920 ioctl(10, _IOC(_IOC_READ|_IOC_WRITE, 0x46, 0x2a, 0x20), 0x7ffd04df6f10) = 0
3112920 ioctl(10, _IOC(_IOC_READ|_IOC_WRITE, 0x46, 0x2a, 0x20), 0x7ffd04df74c0) = 0
3112920 ioctl(10, _IOC(_IOC_READ|_IOC_WRITE, 0x46, 0x2a, 0x20), 0x7ffd04df6b30) = 0
3112920 ioctl(10, _IOC(_IOC_READ|_IOC_WRITE, 0x46, 0x2a, 0x20), 0x7ffd04df6320) = 0
3112920 ioctl(10, _IOC(_IOC_READ|_IOC_WRITE, 0x46, 0x2a, 0x20), 0x7ffd04df6970) = 0
3112920 ioctl(10, _IOC(_IOC_READ|_IOC_WRITE, 0x46, 0x2a, 0x20), 0x7ffd04df71e0) = 0
3112920 ioctl(10, _IOC(_IOC_READ|_IOC_WRITE, 0x46, 0x2a, 0x20), 0x7ffd04df73b0) = 0
3112920 ioctl(10, _IOC(_IOC_READ|_IOC_WRITE, 0x46, 0x2a, 0x20), 0x7ffd04df70a0) = 0
3112920 ioctl(10, _IOC(_IOC_READ|_IOC_WRITE, 0x46, 0x2a, 0x20), 0x7ffd04df70a0) = 0
3112920 ioctl(10, _IOC(_IOC_READ|_IOC_WRITE, 0x46, 0x2a, 0x20), 0x7ffd04df70a0) = 0
3112920 ioctl(10, _IOC(_IOC_READ|_IOC_WRITE, 0x46, 0x2a, 0x20), 0x7ffd04df70a0) = 0
3112920 ioctl(10, _IOC(_IOC_READ|_IOC_WRITE, 0x46, 0x2a, 0x20), 0x7ffd04df70a0) = 0
3112920 ioctl(10, _IOC(_IOC_READ|_IOC_WRITE, 0x46, 0x2a, 0x20), 0x7ffd04df6ef0) = 0
3112920 ioctl(10, _IOC(_IOC_READ|_IOC_WRITE, 0x46, 0x2a, 0x20), 0x7ffd04df7200) = 0
3112920 ioctl(10, _IOC(_IOC_READ|_IOC_WRITE, 0x46, 0x2a, 0x20), 0x7ffd04df72a0) = 0
3112920 ioctl(10, _IOC(_IOC_READ|_IOC_WRITE, 0x46, 0x2a, 0x20), 0x7ffd04df73b0) = 0
3112920 ioctl(10, _IOC(_IOC_READ|_IOC_WRITE, 0x46, 0x2a, 0x20), 0x7ffd04df73b0) = 0
3112920 ioctl(10, _IOC(_IOC_READ|_IOC_WRITE, 0x46, 0x2a, 0x20), 0x7ffd04df7100) = 0
3112920 ioctl(10, _IOC(_IOC_READ|_IOC_WRITE, 0x46, 0x2a, 0x20), 0x7ffd04df72e0) = 0
3112920 ioctl(10, _IOC(_IOC_READ|_IOC_WRITE, 0x46, 0x2a, 0x20), 0x7ffd04df72e0) = 0
3112920 ioctl(10, _IOC(_IOC_READ|_IOC_WRITE, 0x46, 0x2a, 0x20), 0x7ffd04df72e0) = 0
3112920 ioctl(10, _IOC(_IOC_READ|_IOC_WRITE, 0x46, 0x2a, 0x20), 0x7ffd04df72e0) = 0
3112920 ioctl(10, _IOC(_IOC_READ|_IOC_WRITE, 0x46, 0x2a, 0x20), 0x7ffd04df72e0) = 0
3112920 ioctl(10, _IOC(_IOC_READ|_IOC_WRITE, 0x46, 0x2a, 0x20), 0x7ffd04df72e0) = 0
3112920 ioctl(10, _IOC(_IOC_READ|_IOC_WRITE, 0x46, 0x2a, 0x20), 0x7ffd04df72e0) = 0
3112920 ioctl(10, _IOC(_IOC_READ|_IOC_WRITE, 0x46, 0x2a, 0x20), 0x7ffd04df72d0) = 0
3112920 ioctl(10, _IOC(_IOC_READ|_IOC_WRITE, 0x46, 0x2a, 0x20), 0x7ffd04df7250) = 0
3112920 ioctl(10, _IOC(_IOC_READ|_IOC_WRITE, 0x46, 0x2a, 0x20), 0x7ffd04df4d30) = 0
3112920 ioctl(10, _IOC(_IOC_READ|_IOC_WRITE, 0x46, 0x2a, 0x20), 0x7ffd04df5de0) = 0
3112920 ioctl(10, _IOC(_IOC_READ|_IOC_WRITE, 0x46, 0x2a, 0x20), 0x7ffd04df73e0) = 0
3112920 ioctl(10, _IOC(_IOC_READ|_IOC_WRITE, 0x46, 0x2a, 0x20), 0x7ffd04df7230) = 0
3112920 ioctl(10, _IOC(_IOC_READ|_IOC_WRITE, 0x46, 0x2b, 0x30), 0x7ffd04df8450) = 0
3112920 ioctl(10, _IOC(_IOC_READ|_IOC_WRITE, 0x46, 0x2a, 0x20), 0x7ffd04df7220) = 0
3112920 openat(AT_FDCWD, "/dev/nvidia1", O_RDWR|O_CLOEXEC) = 22
3112920 ioctl(10, _IOC(_IOC_READ|_IOC_WRITE, 0x46, 0x4e, 0x38), 0x7ffd04df83e0) = 0
3112920 close(22)                       = 0
3112920 ioctl(10, _IOC(_IOC_READ|_IOC_WRITE, 0x46, 0x2a, 0x20), 0x7ffd04df7380) = 0
3112920 ioctl(10, _IOC(_IOC_READ|_IOC_WRITE, 0x46, 0x2b, 0x30), 0x7ffd04df84d0) = 0
3112920 ioctl(10, _IOC(_IOC_READ|_IOC_WRITE, 0x46, 0x2b, 0x30), 0x7ffd04df84d0) = 0
3112920 ioctl(10, _IOC(_IOC_READ|_IOC_WRITE, 0x46, 0x2a, 0x20), 0x7ffd04df73b0) = 0
3112920 ioctl(10, _IOC(_IOC_READ|_IOC_WRITE, 0x46, 0x2a, 0x20), 0x7ffd04df7310) = 0
3112920 ioctl(10, _IOC(_IOC_READ|_IOC_WRITE, 0x46, 0x2a, 0x20), 0x7ffd04df7310) = 0
3112920 ioctl(10, _IOC(_IOC_READ|_IOC_WRITE, 0x46, 0x2a, 0x20), 0x7ffd04df7410) = 0
3112920 ioctl(10, _IOC(_IOC_READ|_IOC_WRITE, 0x46, 0x2a, 0x20), 0x7ffd04df72d0) = 0
3112920 openat(AT_FDCWD, "/sys/bus/pci/devices/0000:40:00.0/numa_node", O_RDONLY) = 22
3112920 close(22)                       = 0
3112920 ioctl(10, _IOC(_IOC_READ|_IOC_WRITE, 0x46, 0x2a, 0x20), 0x7ffd04df75b0) = 0
3112920 ioctl(10, _IOC(_IOC_READ|_IOC_WRITE, 0x46, 0x29, 0x10), 0x7ffd04df8650) = 0
3112920 ioctl(10, _IOC(_IOC_READ|_IOC_WRITE, 0x46, 0x2a, 0x20), 0x7ffd04df7440) = 0
3112920 ioctl(10, _IOC(_IOC_READ|_IOC_WRITE, 0x46, 0x2a, 0x20), 0x7ffd04df7440) = 0
3112920 ioctl(10, _IOC(_IOC_READ|_IOC_WRITE, 0x46, 0x2a, 0x20), 0x7ffd04df7440) = 0
3112920 ioctl(10, _IOC(_IOC_READ|_IOC_WRITE, 0x46, 0x2a, 0x20), 0x7ffd04df7440) = 0
3112920 openat(AT_FDCWD, "/proc/driver/nvidia/params", O_RDONLY) = 22
3112920 close(22)                       = 0
3112920 openat(AT_FDCWD, "/dev/nvidia2", O_RDWR|O_CLOEXEC) = 22
3112920 ioctl(22, _IOC(_IOC_READ|_IOC_WRITE, 0x46, 0xc9, 0x4), 0x7ffd04df85c0) = 0
3112920 ioctl(22, _IOC(_IOC_READ|_IOC_WRITE, 0x46, 0xd7, 0x230), 0x7ffd04df8340) = 0
3112920 ioctl(10, _IOC(_IOC_READ|_IOC_WRITE, 0x46, 0x2b, 0x30), 0x7ffd04df8690) = 0
3112920 ioctl(10, _IOC(_IOC_READ|_IOC_WRITE, 0x46, 0x2a, 0x20), 0x7ffd04df75c0) = 0
3112920 ioctl(10, _IOC(_IOC_READ|_IOC_WRITE, 0x46, 0x2a, 0x20), 0x7ffd04df7420) = 0
3112920 ioctl(10, _IOC(_IOC_READ|_IOC_WRITE, 0x46, 0x2a, 0x20), 0x7ffd04df75c0) = 0
3112920 ioctl(10, _IOC(_IOC_READ|_IOC_WRITE, 0x46, 0x2a, 0x20), 0x7ffd04df7530) = 0
3112920 ioctl(10, _IOC(_IOC_READ|_IOC_WRITE, 0x46, 0x2a, 0x20), 0x7ffd04df7430) = 0
3112920 ioctl(10, _IOC(_IOC_READ|_IOC_WRITE, 0x46, 0x2a, 0x20), 0x7ffd04df7430) = 0
3112920 ioctl(10, _IOC(_IOC_READ|_IOC_WRITE, 0x46, 0x2a, 0x20), 0x7ffd04df7430) = 0
3112920 ioctl(10, _IOC(_IOC_READ|_IOC_WRITE, 0x46, 0x2a, 0x20), 0x7ffd04df7430) = 0
3112920 openat(AT_FDCWD, "/proc/driver/nvidia/params", O_RDONLY) = 23
3112920 close(23)                       = 0
3112920 openat(AT_FDCWD, "/dev/nvidia2", O_RDWR|O_CLOEXEC) = 23
3112920 ioctl(23, _IOC(_IOC_READ|_IOC_WRITE, 0x46, 0xc9, 0x4), 0x7ffd04df85b0) = 0
3112920 ioctl(10, _IOC(_IOC_READ|_IOC_WRITE, 0x46, 0x2b, 0x30), 0x7ffd04df86c0) = 0
3112920 ioctl(10, _IOC(_IOC_READ|_IOC_WRITE, 0x46, 0x2b, 0x30), 0x7ffd04df86e0) = 0
3112920 ioctl(10, _IOC(_IOC_READ|_IOC_WRITE, 0x46, 0x2a, 0x20), 0x7ffd04df7410) = 0
3112920 ioctl(10, _IOC(_IOC_READ|_IOC_WRITE, 0x46, 0x2a, 0x20), 0x7ffd04df6f10) = 0
3112920 ioctl(10, _IOC(_IOC_READ|_IOC_WRITE, 0x46, 0x2a, 0x20), 0x7ffd04df74c0) = 0
3112920 ioctl(10, _IOC(_IOC_READ|_IOC_WRITE, 0x46, 0x2a, 0x20), 0x7ffd04df6b30) = 0
3112920 ioctl(10, _IOC(_IOC_READ|_IOC_WRITE, 0x46, 0x2a, 0x20), 0x7ffd04df6320) = 0
3112920 ioctl(10, _IOC(_IOC_READ|_IOC_WRITE, 0x46, 0x2a, 0x20), 0x7ffd04df6970) = 0
3112920 ioctl(10, _IOC(_IOC_READ|_IOC_WRITE, 0x46, 0x2a, 0x20), 0x7ffd04df71e0) = 0
3112920 ioctl(10, _IOC(_IOC_READ|_IOC_WRITE, 0x46, 0x2a, 0x20), 0x7ffd04df73b0) = 0
3112920 ioctl(10, _IOC(_IOC_READ|_IOC_WRITE, 0x46, 0x2a, 0x20), 0x7ffd04df70a0) = 0
3112920 ioctl(10, _IOC(_IOC_READ|_IOC_WRITE, 0x46, 0x2a, 0x20), 0x7ffd04df70a0) = 0
3112920 ioctl(10, _IOC(_IOC_READ|_IOC_WRITE, 0x46, 0x2a, 0x20), 0x7ffd04df70a0) = 0
3112920 ioctl(10, _IOC(_IOC_READ|_IOC_WRITE, 0x46, 0x2a, 0x20), 0x7ffd04df70a0) = 0
3112920 ioctl(10, _IOC(_IOC_READ|_IOC_WRITE, 0x46, 0x2a, 0x20), 0x7ffd04df70a0) = 0
3112920 ioctl(10, _IOC(_IOC_READ|_IOC_WRITE, 0x46, 0x2a, 0x20), 0x7ffd04df6ef0) = 0
3112920 ioctl(10, _IOC(_IOC_READ|_IOC_WRITE, 0x46, 0x2a, 0x20), 0x7ffd04df7200) = 0
3112920 ioctl(10, _IOC(_IOC_READ|_IOC_WRITE, 0x46, 0x2a, 0x20), 0x7ffd04df72a0) = 0
3112920 ioctl(10, _IOC(_IOC_READ|_IOC_WRITE, 0x46, 0x2a, 0x20), 0x7ffd04df73b0) = 0
3112920 ioctl(10, _IOC(_IOC_READ|_IOC_WRITE, 0x46, 0x2a, 0x20), 0x7ffd04df73b0) = 0
3112920 ioctl(10, _IOC(_IOC_READ|_IOC_WRITE, 0x46, 0x2a, 0x20), 0x7ffd04df7100) = 0
3112920 ioctl(10, _IOC(_IOC_READ|_IOC_WRITE, 0x46, 0x2a, 0x20), 0x7ffd04df72e0) = 0
3112920 ioctl(10, _IOC(_IOC_READ|_IOC_WRITE, 0x46, 0x2a, 0x20), 0x7ffd04df72e0) = 0
3112920 ioctl(10, _IOC(_IOC_READ|_IOC_WRITE, 0x46, 0x2a, 0x20), 0x7ffd04df72e0) = 0
3112920 ioctl(10, _IOC(_IOC_READ|_IOC_WRITE, 0x46, 0x2a, 0x20), 0x7ffd04df72e0) = 0
3112920 ioctl(10, _IOC(_IOC_READ|_IOC_WRITE, 0x46, 0x2a, 0x20), 0x7ffd04df72e0) = 0
3112920 ioctl(10, _IOC(_IOC_READ|_IOC_WRITE, 0x46, 0x2a, 0x20), 0x7ffd04df72e0) = 0
3112920 ioctl(10, _IOC(_IOC_READ|_IOC_WRITE, 0x46, 0x2a, 0x20), 0x7ffd04df72e0) = 0
3112920 ioctl(10, _IOC(_IOC_READ|_IOC_WRITE, 0x46, 0x2a, 0x20), 0x7ffd04df72d0) = 0
3112920 ioctl(10, _IOC(_IOC_READ|_IOC_WRITE, 0x46, 0x2a, 0x20), 0x7ffd04df7250) = 0
3112920 ioctl(10, _IOC(_IOC_READ|_IOC_WRITE, 0x46, 0x2a, 0x20), 0x7ffd04df4d30) = 0
3112920 ioctl(10, _IOC(_IOC_READ|_IOC_WRITE, 0x46, 0x2a, 0x20), 0x7ffd04df5de0) = 0
3112920 ioctl(10, _IOC(_IOC_READ|_IOC_WRITE, 0x46, 0x2a, 0x20), 0x7ffd04df73e0) = 0
3112920 ioctl(10, _IOC(_IOC_READ|_IOC_WRITE, 0x46, 0x2a, 0x20), 0x7ffd04df7230) = 0
3112920 ioctl(10, _IOC(_IOC_READ|_IOC_WRITE, 0x46, 0x2b, 0x30), 0x7ffd04df8450) = 0
3112920 ioctl(10, _IOC(_IOC_READ|_IOC_WRITE, 0x46, 0x2a, 0x20), 0x7ffd04df7220) = 0
3112920 openat(AT_FDCWD, "/dev/nvidia2", O_RDWR|O_CLOEXEC) = 24
3112920 ioctl(10, _IOC(_IOC_READ|_IOC_WRITE, 0x46, 0x4e, 0x38), 0x7ffd04df83e0) = 0
3112920 close(24)                       = 0
3112920 ioctl(10, _IOC(_IOC_READ|_IOC_WRITE, 0x46, 0x2a, 0x20), 0x7ffd04df7380) = 0
3112920 ioctl(10, _IOC(_IOC_READ|_IOC_WRITE, 0x46, 0x2b, 0x30), 0x7ffd04df84d0) = 0
3112920 ioctl(10, _IOC(_IOC_READ|_IOC_WRITE, 0x46, 0x2b, 0x30), 0x7ffd04df84d0) = 0
3112920 ioctl(10, _IOC(_IOC_READ|_IOC_WRITE, 0x46, 0x2a, 0x20), 0x7ffd04df73b0) = 0
3112920 ioctl(10, _IOC(_IOC_READ|_IOC_WRITE, 0x46, 0x2a, 0x20), 0x7ffd04df7310) = 0
3112920 ioctl(10, _IOC(_IOC_READ|_IOC_WRITE, 0x46, 0x2a, 0x20), 0x7ffd04df7310) = 0
3112920 ioctl(10, _IOC(_IOC_READ|_IOC_WRITE, 0x46, 0x2a, 0x20), 0x7ffd04df7410) = 0
3112920 ioctl(10, _IOC(_IOC_READ|_IOC_WRITE, 0x46, 0x2a, 0x20), 0x7ffd04df72d0) = 0
3112920 openat(AT_FDCWD, "/sys/bus/pci/devices/0000:60:00.0/numa_node", O_RDONLY) = 24
3112920 close(24)                       = 0
3112920 ioctl(10, _IOC(_IOC_READ|_IOC_WRITE, 0x46, 0x2a, 0x20), 0x7ffd04df75c0) = 0
3112920 ioctl(10, _IOC(_IOC_READ|_IOC_WRITE, 0x46, 0x2a, 0x20), 0x7ffd04df8720) = 0
3112920 ioctl(10, _IOC(_IOC_READ|_IOC_WRITE, 0x46, 0x2a, 0x20), 0x7ffd04df8720) = 0
3112920 ioctl(10, _IOC(_IOC_READ|_IOC_WRITE, 0x46, 0x2a, 0x20), 0x7ffd04df8720) = 0
3112920 ioctl(10, _IOC(_IOC_READ|_IOC_WRITE, 0x46, 0x2a, 0x20), 0x7ffd04df8720) = 0
3112920 ioctl(10, _IOC(_IOC_READ|_IOC_WRITE, 0x46, 0x2a, 0x20), 0x7ffd04df8720) = 0
3112920 ioctl(10, _IOC(_IOC_READ|_IOC_WRITE, 0x46, 0x2a, 0x20), 0x7ffd04df8720) = 0
3112920 ioctl(10, _IOC(_IOC_READ|_IOC_WRITE, 0x46, 0x2a, 0x20), 0x7ffd04df7870) = 0
3112920 ioctl(10, _IOC(_IOC_READ|_IOC_WRITE, 0x46, 0x2a, 0x20), 0x7ffd04df7870) = 0
3112920 ioctl(10, _IOC(_IOC_READ|_IOC_WRITE, 0x46, 0x2a, 0x20), 0x7ffd04df7870) = 0
3112920 ioctl(10, _IOC(_IOC_READ|_IOC_WRITE, 0x46, 0x2a, 0x20), 0x7ffd04df7870) = 0
3112920 ioctl(10, _IOC(_IOC_READ|_IOC_WRITE, 0x46, 0x2a, 0x20), 0x7ffd04df68f0) = 0
3112920 ioctl(10, _IOC(_IOC_READ|_IOC_WRITE, 0x46, 0x2a, 0x20), 0x7ffd04df80f0) = 0
3112920 ioctl(10, _IOC(_IOC_READ|_IOC_WRITE, 0x46, 0x2a, 0x20), 0x7ffd04df68f0) = 0
3112920 ioctl(10, _IOC(_IOC_READ|_IOC_WRITE, 0x46, 0x2a, 0x20), 0x7ffd04df80f0) = 0
3112920 ioctl(10, _IOC(_IOC_READ|_IOC_WRITE, 0x46, 0x2a, 0x20), 0x7ffd04df80f0) = 0
3112920 ioctl(10, _IOC(_IOC_READ|_IOC_WRITE, 0x46, 0x2a, 0x20), 0x7ffd04df68f0) = 0
3112920 ioctl(11, _IOC(_IOC_NONE, 0, 0x25, 0), 0x7ffd04df9fc0) = 0
3112920 ioctl(11, _IOC(_IOC_NONE, 0, 0x25, 0), 0x7ffd04df9fc0) = 0
3112920 ioctl(11, _IOC(_IOC_NONE, 0, 0x25, 0), 0x7ffd04df9fc0) = 0
3112920 ioctl(11, _IOC(_IOC_NONE, 0, 0x17, 0), 0x7ffd04dfa490) = 0
3112920 ioctl(10, _IOC(_IOC_READ|_IOC_WRITE, 0x46, 0x2b, 0x30), 0x7ffd04dfa1f0) = 0
3112920 ioctl(10, _IOC(_IOC_READ|_IOC_WRITE, 0x46, 0x2b, 0x30), 0x7ffd04dfa1f0) = 0
3112920 ioctl(10, _IOC(_IOC_READ|_IOC_WRITE, 0x46, 0x2b, 0x30), 0x7ffd04dfa1f0) = 0
3112921 +++ exited with 0 +++
3112920 +++ exited with 0 +++
