3112999 openat(AT_FDCWD, "/etc/ld.so.cache", O_RDONLY|O_CLOEXEC) = 5
3112999 close(5)                        = 0
3112999 openat(AT_FDCWD, "/lib/x86_64-linux-gnu/libcuda.so.1", O_RDONLY|O_CLOEXEC) = 5
3112999 close(5)                        = 0
3112999 openat(AT_FDCWD, "/lib/x86_64-linux-gnu/libc.so.6", O_RDONLY|O_CLOEXEC) = 5
3112999 close(5)                        = 0
3112999 openat(AT_FDCWD, "/lib/x86_64-linux-gnu/libm.so.6", O_RDONLY|O_CLOEXEC) = 5
3112999 close(5)                        = 0
3112999 openat(AT_FDCWD, "/lib/x86_64-linux-gnu/libdl.so.2", O_RDONLY|O_CLOEXEC) = 5
3112999 close(5)                        = 0
3112999 openat(AT_FDCWD, "/lib/x86_64-linux-gnu/libpthread.so.0", O_RDONLY|O_CLOEXEC) = 5
3112999 close(5)                        = 0
3112999 openat(AT_FDCWD, "/lib/x86_64-linux-gnu/librt.so.1", O_RDONLY|O_CLOEXEC) = 5
3112999 close(5)                        = 0
3112999 openat(AT_FDCWD, "/sys/devices/system/cpu/online", O_RDONLY|O_CLOEXEC) = 5
3112999 close(5)                        = 0
3112999 openat(AT_FDCWD, "/sys/devices/system/cpu/online", O_RDONLY|O_CLOEXEC) = 5
3112999 close(5)                        = 0
3112999 openat(AT_FDCWD, "/proc/sys/vm/mmap_min_addr", O_RDONLY) = 5
3112999 close(5)                        = 0
3112999 openat(AT_FDCWD, "/proc/cpuinfo", O_RDONLY) = 5
3112999 close(5)                        = 0
3112999 openat(AT_FDCWD, "/proc/self/maps", O_RDONLY) = 5
3112999 close(5)                        = 0
3112999 openat(AT_FDCWD, "/sys/devices/system/cpu/online", O_RDONLY|O_CLOEXEC) = 5
3112999 close(5)                        = 0
3112999 openat(AT_FDCWD, "/proc/self/task/3113000/comm", O_WRONLY|O_CREAT|O_TRUNC, 0666) = 10
3112999 close(10)                       = 0
3112999 openat(AT_FDCWD, "/dev/shm/cuda_injection_path_shm", O_RDWR|O_NOFOLLOW|O_CLOEXEC) = -1 ENOENT (No such file or directory)
3112999 openat(AT_FDCWD, "/home/pm3371/.nv/nvidia-application-profile-globals-rc", O_RDONLY) = -1 ENOENT (No such file or directory)
3112999 openat(AT_FDCWD, "/home/pm3371/.nv/nvidia-application-profiles-rc", O_RDONLY) = -1 ENOENT (No such file or directory)
3112999 openat(AT_FDCWD, "/home/pm3371/.nv/nvidia-application-profiles-rc.d", O_RDONLY) = -1 ENOENT (No such file or directory)
3112999 openat(AT_FDCWD, "/etc/nvidia/nvidia-application-profiles-rc", O_RDONLY) = -1 ENOENT (No such file or directory)
3112999 openat(AT_FDCWD, "/etc/nvidia/nvidia-application-profiles-rc.d/", O_RDONLY) = -1 ENOENT (No such file or directory)
3112999 openat(AT_FDCWD, "/usr/share/nvidia/nvidia-application-profiles-555.42.02-rc", O_RDONLY) = 10
3112999 close(10)                       = 0
3112999 openat(AT_FDCWD, "/usr/share/nvidia/nvidia-application-profiles-rc", O_RDONLY) = -1 ENOENT (No such file or directory)
3112999 openat(AT_FDCWD, "/proc/self/cmdline", O_RDONLY) = 10
3112999 close(10)                       = 0
3112999 close(10)                       = 0
3112999 openat(AT_FDCWD, "/proc/modules", O_RDONLY) = 10
3112999 close(10)                       = 0
3112999 openat(AT_FDCWD, "/proc/driver/nvidia/params", O_RDONLY) = 10
3112999 close(10)                       = 0
3112999 openat(AT_FDCWD, "/dev/nvidiactl", O_RDWR) = 10
3112999 openat(AT_FDCWD, "/sys/devices/system/memory/block_size_bytes", O_RDONLY) = 11
3112999 close(11)                       = 0
3112999 ioctl(10, _IOC(_IOC_READ|_IOC_WRITE, 0x46, 0xd6, 0x8), 0x7ffc2e632a30) = 0
3112999 ioctl(10, _IOC(_IOC_READ|_IOC_WRITE, 0x46, 0xc8, 0x900), 0x7f2672011ae0) = 0
3112999 openat(AT_FDCWD, "/proc/driver/nvidia/params", O_RDONLY) = 11
3112999 close(11)                       = 0
3112999 ioctl(10, _IOC(_IOC_READ|_IOC_WRITE, 0x46, 0x2b, 0x20), 0x7ffc2e632b80) = 0
3112999 ioctl(10, _IOC(_IOC_READ|_IOC_WRITE, 0x46, 0x2a, 0x20), 0x7ffc2e631a80) = 0
3112999 ioctl(10, _IOC(_IOC_READ|_IOC_WRITE, 0x46, 0x29, 0x10), 0x7ffc2e632b60) = 0
3112999 close(10)                       = 0
3112999 openat(AT_FDCWD, "/proc/modules", O_RDONLY) = 10
3112999 close(10)                       = 0
3112999 openat(AT_FDCWD, "/proc/driver/nvidia/params", O_RDONLY) = 10
3112999 close(10)                       = 0
3112999 openat(AT_FDCWD, "/dev/nvidiactl", O_RDWR) = 10
3112999 openat(AT_FDCWD, "/sys/devices/system/memory/block_size_bytes", O_RDONLY) = 11
3112999 close(11)                       = 0
3112999 ioctl(10, _IOC(_IOC_READ|_IOC_WRITE, 0x46, 0xd6, 0x8), 0x7ffc2e632ff0) = 0
3112999 ioctl(10, _IOC(_IOC_READ|_IOC_WRITE, 0x46, 0xc8, 0x900), 0x7f2672011ae0) = 0
3112999 openat(AT_FDCWD, "/proc/driver/nvidia/params", O_RDONLY) = 11
3112999 close(11)                       = 0
3112999 ioctl(10, _IOC(_IOC_READ|_IOC_WRITE, 0x46, 0x2b, 0x20), 0x7ffc2e633140) = 0
3112999 ioctl(10, _IOC(_IOC_READ|_IOC_WRITE, 0x46, 0x2a, 0x20), 0x7ffc2e632000) = 0
3112999 ioctl(10, _IOC(_IOC_READ|_IOC_WRITE, 0x46, 0x2a, 0x20), 0x7ffc2e632000) = 0
3112999 ioctl(10, _IOC(_IOC_READ|_IOC_WRITE, 0x46, 0x2b, 0x30), 0x7ffc2e633130) = 0
3112999 ioctl(10, _IOC(_IOC_READ|_IOC_WRITE, 0x46, 0x2a, 0x20), 0x7ffc2e632010) = 0
3112999 openat(AT_FDCWD, "/sys/devices/system/cpu/online", O_RDONLY|O_CLOEXEC) = 11
3112999 close(11)                       = 0
3112999 openat(AT_FDCWD, "/proc/self/status", O_RDONLY) = 11
3112999 close(11)                       = 0
3112999 openat(AT_FDCWD, "/sys/devices/system/node", O_RDONLY|O_NONBLOCK|O_CLOEXEC|O_DIRECTORY) = 11
3112999 openat(AT_FDCWD, "/sys/devices/system/node/node0/cpumap", O_RDONLY) = 12
3112999 close(12)                       = 0
3112999 openat(AT_FDCWD, "/sys/devices/system/node/node1/cpumap", O_RDONLY) = 12
3112999 close(12)                       = 0
3112999 close(11)                       = 0
3112999 openat(AT_FDCWD, "/proc/modules", O_RDONLY) = 11
3112999 close(11)                       = 0
3112999 openat(AT_FDCWD, "/proc/devices", O_RDONLY) = 11
3112999 close(11)                       = 0
3112999 openat(AT_FDCWD, "/dev/nvidia-uvm", O_RDWR|O_CLOEXEC) = 11
3112999 openat(AT_FDCWD, "/dev/nvidia-uvm", O_RDWR|O_CLOEXEC) = 12
3112999 ioctl(11, _IOC(_IOC_NONE, 0, 0x1, 0x3000), 0x7ffc2e633140) = 0
3112999 ioctl(12, _IOC(_IOC_NONE, 0, 0x4b, 0), 0x7ffc2e633140) = 0
3112999 close(12)                       = 0
3112999 ioctl(11, _IOC(_IOC_NONE, 0, 0x27, 0), 0x7ffc2e633140) = 0
3112999 ioctl(10, _IOC(_IOC_READ|_IOC_WRITE, 0x46, 0x2a, 0x20), 0x7ffc2e6301b0) = 0
3112999 ioctl(10, _IOC(_IOC_READ|_IOC_WRITE, 0x46, 0x2a, 0x20), 0x7ffc2e62f9e0) = 0
3112999 ioctl(10, _IOC(_IOC_READ|_IOC_WRITE, 0x46, 0x2a, 0x20), 0x7ffc2e6300f0) = 0
3112999 openat(AT_FDCWD, "/proc/driver/nvidia/params", O_RDONLY) = 12
3112999 close(12)                       = 0
3112999 openat(AT_FDCWD, "/dev/nvidia0", O_RDWR|O_CLOEXEC) = 12
3112999 ioctl(10, _IOC(_IOC_READ|_IOC_WRITE, 0x46, 0x2a, 0x20), 0x7ffc2e6300f0) = 0
3112999 openat(AT_FDCWD, "/proc/driver/nvidia/params", O_RDONLY) = 13
3112999 close(13)                       = 0
3112999 openat(AT_FDCWD, "/dev/nvidia1", O_RDWR|O_CLOEXEC) = 13
3112999 ioctl(10, _IOC(_IOC_READ|_IOC_WRITE, 0x46, 0x2a, 0x20), 0x7ffc2e6300f0) = 0
3112999 openat(AT_FDCWD, "/proc/driver/nvidia/params", O_RDONLY) = 14
3112999 close(14)                       = 0
3112999 openat(AT_FDCWD, "/dev/nvidia2", O_RDWR|O_CLOEXEC) = 14
3112999 ioctl(10, _IOC(_IOC_READ|_IOC_WRITE, 0x46, 0x2a, 0x20), 0x7ffc2e6300f0) = 0
3112999 openat(AT_FDCWD, "/proc/driver/nvidia/params", O_RDONLY) = 15
3112999 close(15)                       = 0
3112999 openat(AT_FDCWD, "/dev/nvidia3", O_RDWR|O_CLOEXEC) = -1 EIO (Input/output error)
3112999 openat(AT_FDCWD, "/dev/nvidia3", O_RDWR) = -1 EIO (Input/output error)
3112999 ioctl(10, _IOC(_IOC_READ|_IOC_WRITE, 0x46, 0xd1, 0xc), 0x7ffc2e62ffc4) = 0
3112999 ioctl(10, _IOC(_IOC_READ|_IOC_WRITE, 0x46, 0x2a, 0x20), 0x7ffc2e6302b0) = 0
3112999 ioctl(10, _IOC(_IOC_READ|_IOC_WRITE, 0x46, 0x2a, 0x20), 0x7ffc2e6302a0) = 0
3112999 ioctl(10, _IOC(_IOC_READ|_IOC_WRITE, 0x46, 0x29, 0x10), 0x7ffc2e631340) = 0
3112999 ioctl(10, _IOC(_IOC_READ|_IOC_WRITE, 0x46, 0x2a, 0x20), 0x7ffc2e630130) = 0
3112999 ioctl(10, _IOC(_IOC_READ|_IOC_WRITE, 0x46, 0x2a, 0x20), 0x7ffc2e630130) = 0
3112999 openat(AT_FDCWD, "/proc/driver/nvidia/params", O_RDONLY) = 15
3112999 close(15)                       = 0
3112999 openat(AT_FDCWD, "/dev/nvidia0", O_RDWR|O_CLOEXEC) = 15
3112999 ioctl(15, _IOC(_IOC_READ|_IOC_WRITE, 0x46, 0xc9, 0x4), 0x7ffc2e6312b0) = 0
3112999 ioctl(15, _IOC(_IOC_READ|_IOC_WRITE, 0x46, 0xd7, 0x230), 0x7ffc2e631030) = 0
3112999 ioctl(10, _IOC(_IOC_READ|_IOC_WRITE, 0x46, 0x2b, 0x30), 0x7ffc2e631380) = 0
3112999 ioctl(10, _IOC(_IOC_READ|_IOC_WRITE, 0x46, 0x2a, 0x20), 0x7ffc2e6302b0) = 0
3112999 ioctl(10, _IOC(_IOC_READ|_IOC_WRITE, 0x46, 0x2a, 0x20), 0x7ffc2e630110) = 0
3112999 ioctl(10, _IOC(_IOC_READ|_IOC_WRITE, 0x46, 0x2a, 0x20), 0x7ffc2e6302b0) = 0
3112999 ioctl(10, _IOC(_IOC_READ|_IOC_WRITE, 0x46, 0x2a, 0x20), 0x7ffc2e630220) = 0
3112999 ioctl(10, _IOC(_IOC_READ|_IOC_WRITE, 0x46, 0x2a, 0x20), 0x7ffc2e630120) = 0
3112999 ioctl(10, _IOC(_IOC_READ|_IOC_WRITE, 0x46, 0x2a, 0x20), 0x7ffc2e630120) = 0
3112999 openat(AT_FDCWD, "/proc/driver/nvidia/params", O_RDONLY) = 16
3112999 close(16)                       = 0
3112999 openat(AT_FDCWD, "/dev/nvidia0", O_RDWR|O_CLOEXEC) = 16
3112999 ioctl(16, _IOC(_IOC_READ|_IOC_WRITE, 0x46, 0xc9, 0x4), 0x7ffc2e6312a0) = 0
3112999 ioctl(10, _IOC(_IOC_READ|_IOC_WRITE, 0x46, 0x2b, 0x30), 0x7ffc2e6313b0) = 0
3112999 ioctl(10, _IOC(_IOC_READ|_IOC_WRITE, 0x46, 0x2b, 0x30), 0x7ffc2e6313d0) = 0
3112999 ioctl(10, _IOC(_IOC_READ|_IOC_WRITE, 0x46, 0x2a, 0x20), 0x7ffc2e630100) = 0
3112999 ioctl(10, _IOC(_IOC_READ|_IOC_WRITE, 0x46, 0x2a, 0x20), 0x7ffc2e62fc00) = 0
3112999 ioctl(10, _IOC(_IOC_READ|_IOC_WRITE, 0x46, 0x2a, 0x20), 0x7ffc2e6301b0) = 0
3112999 ioctl(10, _IOC(_IOC_READ|_IOC_WRITE, 0x46, 0x2a, 0x20), 0x7ffc2e62f820) = 0
3112999 ioctl(10, _IOC(_IOC_READ|_IOC_WRITE, 0x46, 0x2a, 0x20), 0x7ffc2e62f010) = 0
3112999 ioctl(10, _IOC(_IOC_READ|_IOC_WRITE, 0x46, 0x2a, 0x20), 0x7ffc2e62f660) = 0
3112999 ioctl(10, _IOC(_IOC_READ|_IOC_WRITE, 0x46, 0x2a, 0x20), 0x7ffc2e62fed0) = 0
3112999 ioctl(10, _IOC(_IOC_READ|_IOC_WRITE, 0x46, 0x2a, 0x20), 0x7ffc2e6300a0) = 0
3112999 ioctl(10, _IOC(_IOC_READ|_IOC_WRITE, 0x46, 0x2a, 0x20), 0x7ffc2e62fd90) = 0
3112999 ioctl(10, _IOC(_IOC_READ|_IOC_WRITE, 0x46, 0x2a, 0x20), 0x7ffc2e62fd90) = 0
3112999 ioctl(10, _IOC(_IOC_READ|_IOC_WRITE, 0x46, 0x2a, 0x20), 0x7ffc2e62fd90) = 0
3112999 ioctl(10, _IOC(_IOC_READ|_IOC_WRITE, 0x46, 0x2a, 0x20), 0x7ffc2e62fd90) = 0
3112999 ioctl(10, _IOC(_IOC_READ|_IOC_WRITE, 0x46, 0x2a, 0x20), 0x7ffc2e62fd90) = 0
3112999 ioctl(10, _IOC(_IOC_READ|_IOC_WRITE, 0x46, 0x2a, 0x20), 0x7ffc2e62fbe0) = 0
3112999 ioctl(10, _IOC(_IOC_READ|_IOC_WRITE, 0x46, 0x2a, 0x20), 0x7ffc2e62fef0) = 0
3112999 ioctl(10, _IOC(_IOC_READ|_IOC_WRITE, 0x46, 0x2a, 0x20), 0x7ffc2e62ff90) = 0
3112999 ioctl(10, _IOC(_IOC_READ|_IOC_WRITE, 0x46, 0x2a, 0x20), 0x7ffc2e6300a0) = 0
3112999 ioctl(10, _IOC(_IOC_READ|_IOC_WRITE, 0x46, 0x2a, 0x20), 0x7ffc2e6300a0) = 0
3112999 ioctl(10, _IOC(_IOC_READ|_IOC_WRITE, 0x46, 0x2a, 0x20), 0x7ffc2e62fdf0) = 0
3112999 ioctl(10, _IOC(_IOC_READ|_IOC_WRITE, 0x46, 0x2a, 0x20), 0x7ffc2e62ffd0) = 0
3112999 ioctl(10, _IOC(_IOC_READ|_IOC_WRITE, 0x46, 0x2a, 0x20), 0x7ffc2e62ffd0) = 0
3112999 ioctl(10, _IOC(_IOC_READ|_IOC_WRITE, 0x46, 0x2a, 0x20), 0x7ffc2e62ffd0) = 0
3112999 ioctl(10, _IOC(_IOC_READ|_IOC_WRITE, 0x46, 0x2a, 0x20), 0x7ffc2e62ffd0) = 0
3112999 ioctl(10, _IOC(_IOC_READ|_IOC_WRITE, 0x46, 0x2a, 0x20), 0x7ffc2e62ffd0) = 0
3112999 ioctl(10, _IOC(_IOC_READ|_IOC_WRITE, 0x46, 0x2a, 0x20), 0x7ffc2e62ffd0) = 0
3112999 ioctl(10, _IOC(_IOC_READ|_IOC_WRITE, 0x46, 0x2a, 0x20), 0x7ffc2e62ffd0) = 0
3112999 ioctl(10, _IOC(_IOC_READ|_IOC_WRITE, 0x46, 0x2a, 0x20), 0x7ffc2e62ffc0) = 0
3112999 ioctl(10, _IOC(_IOC_READ|_IOC_WRITE, 0x46, 0x2a, 0x20), 0x7ffc2e62ff40) = 0
3112999 ioctl(10, _IOC(_IOC_READ|_IOC_WRITE, 0x46, 0x2a, 0x20), 0x7ffc2e62da20) = 0
3112999 ioctl(10, _IOC(_IOC_READ|_IOC_WRITE, 0x46, 0x2a, 0x20), 0x7ffc2e62ead0) = 0
3112999 ioctl(10, _IOC(_IOC_READ|_IOC_WRITE, 0x46, 0x2a, 0x20), 0x7ffc2e6300d0) = 0
3112999 ioctl(10, _IOC(_IOC_READ|_IOC_WRITE, 0x46, 0x2a, 0x20), 0x7ffc2e62ff20) = 0
3112999 ioctl(10, _IOC(_IOC_READ|_IOC_WRITE, 0x46, 0x2b, 0x30), 0x7ffc2e631140) = 0
3112999 ioctl(10, _IOC(_IOC_READ|_IOC_WRITE, 0x46, 0x2a, 0x20), 0x7ffc2e62ff10) = 0
3112999 openat(AT_FDCWD, "/dev/nvidia0", O_RDWR|O_CLOEXEC) = 18
3112999 ioctl(10, _IOC(_IOC_READ|_IOC_WRITE, 0x46, 0x4e, 0x38), 0x7ffc2e6310d0) = 0
3112999 close(18)                       = 0
3112999 ioctl(10, _IOC(_IOC_READ|_IOC_WRITE, 0x46, 0x2a, 0x20), 0x7ffc2e630070) = 0
3112999 ioctl(10, _IOC(_IOC_READ|_IOC_WRITE, 0x46, 0x2b, 0x30), 0x7ffc2e6311c0) = 0
3112999 ioctl(10, _IOC(_IOC_READ|_IOC_WRITE, 0x46, 0x2b, 0x30), 0x7ffc2e6311c0) = 0
3112999 ioctl(10, _IOC(_IOC_READ|_IOC_WRITE, 0x46, 0x2a, 0x20), 0x7ffc2e6300a0) = 0
3112999 ioctl(10, _IOC(_IOC_READ|_IOC_WRITE, 0x46, 0x2a, 0x20), 0x7ffc2e630000) = 0
3112999 ioctl(10, _IOC(_IOC_READ|_IOC_WRITE, 0x46, 0x2a, 0x20), 0x7ffc2e630000) = 0
3112999 ioctl(10, _IOC(_IOC_READ|_IOC_WRITE, 0x46, 0x2a, 0x20), 0x7ffc2e630100) = 0
3112999 ioctl(10, _IOC(_IOC_READ|_IOC_WRITE, 0x46, 0x2a, 0x20), 0x7ffc2e62ffc0) = 0
3112999 openat(AT_FDCWD, "/sys/bus/pci/devices/0000:3f:00.0/numa_node", O_RDONLY) = 18
3112999 close(18)                       = 0
3112999 ioctl(10, _IOC(_IOC_READ|_IOC_WRITE, 0x46, 0x2a, 0x20), 0x7ffc2e6302a0) = 0
3112999 ioctl(10, _IOC(_IOC_READ|_IOC_WRITE, 0x46, 0x29, 0x10), 0x7ffc2e631340) = 0
3112999 ioctl(10, _IOC(_IOC_READ|_IOC_WRITE, 0x46, 0x2a, 0x20), 0x7ffc2e630130) = 0
3112999 ioctl(10, _IOC(_IOC_READ|_IOC_WRITE, 0x46, 0x2a, 0x20), 0x7ffc2e630130) = 0
3112999 ioctl(10, _IOC(_IOC_READ|_IOC_WRITE, 0x46, 0x2a, 0x20), 0x7ffc2e630130) = 0
3112999 openat(AT_FDCWD, "/proc/driver/nvidia/params", O_RDONLY) = 18
3112999 close(18)                       = 0
3112999 openat(AT_FDCWD, "/dev/nvidia1", O_RDWR|O_CLOEXEC) = 18
3112999 ioctl(18, _IOC(_IOC_READ|_IOC_WRITE, 0x46, 0xc9, 0x4), 0x7ffc2e6312b0) = 0
3112999 ioctl(18, _IOC(_IOC_READ|_IOC_WRITE, 0x46, 0xd7, 0x230), 0x7ffc2e631030) = 0
3112999 ioctl(10, _IOC(_IOC_READ|_IOC_WRITE, 0x46, 0x2b, 0x30), 0x7ffc2e631380) = 0
3112999 ioctl(10, _IOC(_IOC_READ|_IOC_WRITE, 0x46, 0x2a, 0x20), 0x7ffc2e6302b0) = 0
3112999 ioctl(10, _IOC(_IOC_READ|_IOC_WRITE, 0x46, 0x2a, 0x20), 0x7ffc2e630110) = 0
3112999 ioctl(10, _IOC(_IOC_READ|_IOC_WRITE, 0x46, 0x2a, 0x20), 0x7ffc2e6302b0) = 0
3112999 ioctl(10, _IOC(_IOC_READ|_IOC_WRITE, 0x46, 0x2a, 0x20), 0x7ffc2e630220) = 0
3112999 ioctl(10, _IOC(_IOC_READ|_IOC_WRITE, 0x46, 0x2a, 0x20), 0x7ffc2e630120) = 0
3112999 ioctl(10, _IOC(_IOC_READ|_IOC_WRITE, 0x46, 0x2a, 0x20), 0x7ffc2e630120) = 0
3112999 ioctl(10, _IOC(_IOC_READ|_IOC_WRITE, 0x46, 0x2a, 0x20), 0x7ffc2e630120) = 0
3112999 openat(AT_FDCWD, "/proc/driver/nvidia/params", O_RDONLY) = 19
3112999 close(19)                       = 0
3112999 openat(AT_FDCWD, "/dev/nvidia1", O_RDWR|O_CLOEXEC) = 19
3112999 ioctl(19, _IOC(_IOC_READ|_IOC_WRITE, 0x46, 0xc9, 0x4), 0x7ffc2e6312a0) = 0
3112999 ioctl(10, _IOC(_IOC_READ|_IOC_WRITE, 0x46, 0x2b, 0x30), 0x7ffc2e6313b0) = 0
3112999 ioctl(10, _IOC(_IOC_READ|_IOC_WRITE, 0x46, 0x2b, 0x30), 0x7ffc2e6313d0) = 0
3112999 ioctl(10, _IOC(_IOC_READ|_IOC_WRITE, 0x46, 0x2a, 0x20), 0x7ffc2e630100) = 0
3112999 ioctl(10, _IOC(_IOC_READ|_IOC_WRITE, 0x46, 0x2a, 0x20), 0x7ffc2e62fc00) = 0
3112999 ioctl(10, _IOC(_IOC_READ|_IOC_WRITE, 0x46, 0x2a, 0x20), 0x7ffc2e6301b0) = 0
3112999 ioctl(10, _IOC(_IOC_READ|_IOC_WRITE, 0x46, 0x2a, 0x20), 0x7ffc2e62f820) = 0
3112999 ioctl(10, _IOC(_IOC_READ|_IOC_WRITE, 0x46, 0x2a, 0x20), 0x7ffc2e62f010) = 0
3112999 ioctl(10, _IOC(_IOC_READ|_IOC_WRITE, 0x46, 0x2a, 0x20), 0x7ffc2e62f660) = 0
3112999 ioctl(10, _IOC(_IOC_READ|_IOC_WRITE, 0x46, 0x2a, 0x20), 0x7ffc2e62fed0) = 0
3112999 ioctl(10, _IOC(_IOC_READ|_IOC_WRITE, 0x46, 0x2a, 0x20), 0x7ffc2e6300a0) = 0
3112999 ioctl(10, _IOC(_IOC_READ|_IOC_WRITE, 0x46, 0x2a, 0x20), 0x7ffc2e62fd90) = 0
3112999 ioctl(10, _IOC(_IOC_READ|_IOC_WRITE, 0x46, 0x2a, 0x20), 0x7ffc2e62fd90) = 0
3112999 ioctl(10, _IOC(_IOC_READ|_IOC_WRITE, 0x46, 0x2a, 0x20), 0x7ffc2e62fd90) = 0
3112999 ioctl(10, _IOC(_IOC_READ|_IOC_WRITE, 0x46, 0x2a, 0x20), 0x7ffc2e62fd90) = 0
3112999 ioctl(10, _IOC(_IOC_READ|_IOC_WRITE, 0x46, 0x2a, 0x20), 0x7ffc2e62fd90) = 0
3112999 ioctl(10, _IOC(_IOC_READ|_IOC_WRITE, 0x46, 0x2a, 0x20), 0x7ffc2e62fbe0) = 0
3112999 ioctl(10, _IOC(_IOC_READ|_IOC_WRITE, 0x46, 0x2a, 0x20), 0x7ffc2e62fef0) = 0
3112999 ioctl(10, _IOC(_IOC_READ|_IOC_WRITE, 0x46, 0x2a, 0x20), 0x7ffc2e62ff90) = 0
3112999 ioctl(10, _IOC(_IOC_READ|_IOC_WRITE, 0x46, 0x2a, 0x20), 0x7ffc2e6300a0) = 0
3112999 ioctl(10, _IOC(_IOC_READ|_IOC_WRITE, 0x46, 0x2a, 0x20), 0x7ffc2e6300a0) = 0
3112999 ioctl(10, _IOC(_IOC_READ|_IOC_WRITE, 0x46, 0x2a, 0x20), 0x7ffc2e62fdf0) = 0
3112999 ioctl(10, _IOC(_IOC_READ|_IOC_WRITE, 0x46, 0x2a, 0x20), 0x7ffc2e62ffd0) = 0
3112999 ioctl(10, _IOC(_IOC_READ|_IOC_WRITE, 0x46, 0x2a, 0x20), 0x7ffc2e62ffd0) = 0
3112999 ioctl(10, _IOC(_IOC_READ|_IOC_WRITE, 0x46, 0x2a, 0x20), 0x7ffc2e62ffd0) = 0
3112999 ioctl(10, _IOC(_IOC_READ|_IOC_WRITE, 0x46, 0x2a, 0x20), 0x7ffc2e62ffd0) = 0
3112999 ioctl(10, _IOC(_IOC_READ|_IOC_WRITE, 0x46, 0x2a, 0x20), 0x7ffc2e62ffd0) = 0
3112999 ioctl(10, _IOC(_IOC_READ|_IOC_WRITE, 0x46, 0x2a, 0x20), 0x7ffc2e62ffd0) = 0
3112999 ioctl(10, _IOC(_IOC_READ|_IOC_WRITE, 0x46, 0x2a, 0x20), 0x7ffc2e62ffd0) = 0
3112999 ioctl(10, _IOC(_IOC_READ|_IOC_WRITE, 0x46, 0x2a, 0x20), 0x7ffc2e62ffc0) = 0
3112999 ioctl(10, _IOC(_IOC_READ|_IOC_WRITE, 0x46, 0x2a, 0x20), 0x7ffc2e62ff40) = 0
3112999 ioctl(10, _IOC(_IOC_READ|_IOC_WRITE, 0x46, 0x2a, 0x20), 0x7ffc2e62da20) = 0
3112999 ioctl(10, _IOC(_IOC_READ|_IOC_WRITE, 0x46, 0x2a, 0x20), 0x7ffc2e62ead0) = 0
3112999 ioctl(10, _IOC(_IOC_READ|_IOC_WRITE, 0x46, 0x2a, 0x20), 0x7ffc2e6300d0) = 0
3112999 ioctl(10, _IOC(_IOC_READ|_IOC_WRITE, 0x46, 0x2a, 0x20), 0x7ffc2e62ff20) = 0
3112999 ioctl(10, _IOC(_IOC_READ|_IOC_WRITE, 0x46, 0x2b, 0x30), 0x7ffc2e631140) = 0
3112999 ioctl(10, _IOC(_IOC_READ|_IOC_WRITE, 0x46, 0x2a, 0x20), 0x7ffc2e62ff10) = 0
3112999 openat(AT_FDCWD, "/dev/nvidia1", O_RDWR|O_CLOEXEC) = 22
3112999 ioctl(10, _IOC(_IOC_READ|_IOC_WRITE, 0x46, 0x4e, 0x38), 0x7ffc2e6310d0) = 0
3112999 close(22)                       = 0
3112999 ioctl(10, _IOC(_IOC_READ|_IOC_WRITE, 0x46, 0x2a, 0x20), 0x7ffc2e630070) = 0
3112999 ioctl(10, _IOC(_IOC_READ|_IOC_WRITE, 0x46, 0x2b, 0x30), 0x7ffc2e6311c0) = 0
3112999 ioctl(10, _IOC(_IOC_READ|_IOC_WRITE, 0x46, 0x2b, 0x30), 0x7ffc2e6311c0) = 0
3112999 ioctl(10, _IOC(_IOC_READ|_IOC_WRITE, 0x46, 0x2a, 0x20), 0x7ffc2e6300a0) = 0
3112999 ioctl(10, _IOC(_IOC_READ|_IOC_WRITE, 0x46, 0x2a, 0x20), 0x7ffc2e630000) = 0
3112999 ioctl(10, _IOC(_IOC_READ|_IOC_WRITE, 0x46, 0x2a, 0x20), 0x7ffc2e630000) = 0
3112999 ioctl(10, _IOC(_IOC_READ|_IOC_WRITE, 0x46, 0x2a, 0x20), 0x7ffc2e630100) = 0
3112999 ioctl(10, _IOC(_IOC_READ|_IOC_WRITE, 0x46, 0x2a, 0x20), 0x7ffc2e62ffc0) = 0
3112999 openat(AT_FDCWD, "/sys/bus/pci/devices/0000:40:00.0/numa_node", O_RDONLY) = 22
3112999 close(22)                       = 0
3112999 ioctl(10, _IOC(_IOC_READ|_IOC_WRITE, 0x46, 0x2a, 0x20), 0x7ffc2e6302a0) = 0
3112999 ioctl(10, _IOC(_IOC_READ|_IOC_WRITE, 0x46, 0x29, 0x10), 0x7ffc2e631340) = 0
3112999 ioctl(10, _IOC(_IOC_READ|_IOC_WRITE, 0x46, 0x2a, 0x20), 0x7ffc2e630130) = 0
3112999 ioctl(10, _IOC(_IOC_READ|_IOC_WRITE, 0x46, 0x2a, 0x20), 0x7ffc2e630130) = 0
3112999 ioctl(10, _IOC(_IOC_READ|_IOC_WRITE, 0x46, 0x2a, 0x20), 0x7ffc2e630130) = 0
3112999 ioctl(10, _IOC(_IOC_READ|_IOC_WRITE, 0x46, 0x2a, 0x20), 0x7ffc2e630130) = 0
3112999 openat(AT_FDCWD, "/proc/driver/nvidia/params", O_RDONLY) = 22
3112999 close(22)                       = 0
3112999 openat(AT_FDCWD, "/dev/nvidia2", O_RDWR|O_CLOEXEC) = 22
3112999 ioctl(22, _IOC(_IOC_READ|_IOC_WRITE, 0x46, 0xc9, 0x4), 0x7ffc2e6312b0) = 0
3112999 ioctl(22, _IOC(_IOC_READ|_IOC_WRITE, 0x46, 0xd7, 0x230), 0x7ffc2e631030) = 0
3112999 ioctl(10, _IOC(_IOC_READ|_IOC_WRITE, 0x46, 0x2b, 0x30), 0x7ffc2e631380) = 0
3112999 ioctl(10, _IOC(_IOC_READ|_IOC_WRITE, 0x46, 0x2a, 0x20), 0x7ffc2e6302b0) = 0
3112999 ioctl(10, _IOC(_IOC_READ|_IOC_WRITE, 0x46, 0x2a, 0x20), 0x7ffc2e630110) = 0
3112999 ioctl(10, _IOC(_IOC_READ|_IOC_WRITE, 0x46, 0x2a, 0x20), 0x7ffc2e6302b0) = 0
3112999 ioctl(10, _IOC(_IOC_READ|_IOC_WRITE, 0x46, 0x2a, 0x20), 0x7ffc2e630220) = 0
3112999 ioctl(10, _IOC(_IOC_READ|_IOC_WRITE, 0x46, 0x2a, 0x20), 0x7ffc2e630120) = 0
3112999 ioctl(10, _IOC(_IOC_READ|_IOC_WRITE, 0x46, 0x2a, 0x20), 0x7ffc2e630120) = 0
3112999 ioctl(10, _IOC(_IOC_READ|_IOC_WRITE, 0x46, 0x2a, 0x20), 0x7ffc2e630120) = 0
3112999 ioctl(10, _IOC(_IOC_READ|_IOC_WRITE, 0x46, 0x2a, 0x20), 0x7ffc2e630120) = 0
3112999 openat(AT_FDCWD, "/proc/driver/nvidia/params", O_RDONLY) = 23
3112999 close(23)                       = 0
3112999 openat(AT_FDCWD, "/dev/nvidia2", O_RDWR|O_CLOEXEC) = 23
3112999 ioctl(23, _IOC(_IOC_READ|_IOC_WRITE, 0x46, 0xc9, 0x4), 0x7ffc2e6312a0) = 0
3112999 ioctl(10, _IOC(_IOC_READ|_IOC_WRITE, 0x46, 0x2b, 0x30), 0x7ffc2e6313b0) = 0
3112999 ioctl(10, _IOC(_IOC_READ|_IOC_WRITE, 0x46, 0x2b, 0x30), 0x7ffc2e6313d0) = 0
3112999 ioctl(10, _IOC(_IOC_READ|_IOC_WRITE, 0x46, 0x2a, 0x20), 0x7ffc2e630100) = 0
3112999 ioctl(10, _IOC(_IOC_READ|_IOC_WRITE, 0x46, 0x2a, 0x20), 0x7ffc2e62fc00) = 0
3112999 ioctl(10, _IOC(_IOC_READ|_IOC_WRITE, 0x46, 0x2a, 0x20), 0x7ffc2e6301b0) = 0
3112999 ioctl(10, _IOC(_IOC_READ|_IOC_WRITE, 0x46, 0x2a, 0x20), 0x7ffc2e62f820) = 0
3112999 ioctl(10, _IOC(_IOC_READ|_IOC_WRITE, 0x46, 0x2a, 0x20), 0x7ffc2e62f010) = 0
3112999 ioctl(10, _IOC(_IOC_READ|_IOC_WRITE, 0x46, 0x2a, 0x20), 0x7ffc2e62f660) = 0
3112999 ioctl(10, _IOC(_IOC_READ|_IOC_WRITE, 0x46, 0x2a, 0x20), 0x7ffc2e62fed0) = 0
3112999 ioctl(10, _IOC(_IOC_READ|_IOC_WRITE, 0x46, 0x2a, 0x20), 0x7ffc2e6300a0) = 0
3112999 ioctl(10, _IOC(_IOC_READ|_IOC_WRITE, 0x46, 0x2a, 0x20), 0x7ffc2e62fd90) = 0
3112999 ioctl(10, _IOC(_IOC_READ|_IOC_WRITE, 0x46, 0x2a, 0x20), 0x7ffc2e62fd90) = 0
3112999 ioctl(10, _IOC(_IOC_READ|_IOC_WRITE, 0x46, 0x2a, 0x20), 0x7ffc2e62fd90) = 0
3112999 ioctl(10, _IOC(_IOC_READ|_IOC_WRITE, 0x46, 0x2a, 0x20), 0x7ffc2e62fd90) = 0
3112999 ioctl(10, _IOC(_IOC_READ|_IOC_WRITE, 0x46, 0x2a, 0x20), 0x7ffc2e62fd90) = 0
3112999 ioctl(10, _IOC(_IOC_READ|_IOC_WRITE, 0x46, 0x2a, 0x20), 0x7ffc2e62fbe0) = 0
3112999 ioctl(10, _IOC(_IOC_READ|_IOC_WRITE, 0x46, 0x2a, 0x20), 0x7ffc2e62fef0) = 0
3112999 ioctl(10, _IOC(_IOC_READ|_IOC_WRITE, 0x46, 0x2a, 0x20), 0x7ffc2e62ff90) = 0
3112999 ioctl(10, _IOC(_IOC_READ|_IOC_WRITE, 0x46, 0x2a, 0x20), 0x7ffc2e6300a0) = 0
3112999 ioctl(10, _IOC(_IOC_READ|_IOC_WRITE, 0x46, 0x2a, 0x20), 0x7ffc2e6300a0) = 0
3112999 ioctl(10, _IOC(_IOC_READ|_IOC_WRITE, 0x46, 0x2a, 0x20), 0x7ffc2e62fdf0) = 0
3112999 ioctl(10, _IOC(_IOC_READ|_IOC_WRITE, 0x46, 0x2a, 0x20), 0x7ffc2e62ffd0) = 0
3112999 ioctl(10, _IOC(_IOC_READ|_IOC_WRITE, 0x46, 0x2a, 0x20), 0x7ffc2e62ffd0) = 0
3112999 ioctl(10, _IOC(_IOC_READ|_IOC_WRITE, 0x46, 0x2a, 0x20), 0x7ffc2e62ffd0) = 0
3112999 ioctl(10, _IOC(_IOC_READ|_IOC_WRITE, 0x46, 0x2a, 0x20), 0x7ffc2e62ffd0) = 0
3112999 ioctl(10, _IOC(_IOC_READ|_IOC_WRITE, 0x46, 0x2a, 0x20), 0x7ffc2e62ffd0) = 0
3112999 ioctl(10, _IOC(_IOC_READ|_IOC_WRITE, 0x46, 0x2a, 0x20), 0x7ffc2e62ffd0) = 0
3112999 ioctl(10, _IOC(_IOC_READ|_IOC_WRITE, 0x46, 0x2a, 0x20), 0x7ffc2e62ffd0) = 0
3112999 ioctl(10, _IOC(_IOC_READ|_IOC_WRITE, 0x46, 0x2a, 0x20), 0x7ffc2e62ffc0) = 0
3112999 ioctl(10, _IOC(_IOC_READ|_IOC_WRITE, 0x46, 0x2a, 0x20), 0x7ffc2e62ff40) = 0
3112999 ioctl(10, _IOC(_IOC_READ|_IOC_WRITE, 0x46, 0x2a, 0x20), 0x7ffc2e62da20) = 0
3112999 ioctl(10, _IOC(_IOC_READ|_IOC_WRITE, 0x46, 0x2a, 0x20), 0x7ffc2e62ead0) = 0
3112999 ioctl(10, _IOC(_IOC_READ|_IOC_WRITE, 0x46, 0x2a, 0x20), 0x7ffc2e6300d0) = 0
3112999 ioctl(10, _IOC(_IOC_READ|_IOC_WRITE, 0x46, 0x2a, 0x20), 0x7ffc2e62ff20) = 0
3112999 ioctl(10, _IOC(_IOC_READ|_IOC_WRITE, 0x46, 0x2b, 0x30), 0x7ffc2e631140) = 0
3112999 ioctl(10, _IOC(_IOC_READ|_IOC_WRITE, 0x46, 0x2a, 0x20), 0x7ffc2e62ff10) = 0
3112999 openat(AT_FDCWD, "/dev/nvidia2", O_RDWR|O_CLOEXEC) = 24
3112999 ioctl(10, _IOC(_IOC_READ|_IOC_WRITE, 0x46, 0x4e, 0x38), 0x7ffc2e6310d0) = 0
3112999 close(24)                       = 0
3112999 ioctl(10, _IOC(_IOC_READ|_IOC_WRITE, 0x46, 0x2a, 0x20), 0x7ffc2e630070) = 0
3112999 ioctl(10, _IOC(_IOC_READ|_IOC_WRITE, 0x46, 0x2b, 0x30), 0x7ffc2e6311c0) = 0
3112999 ioctl(10, _IOC(_IOC_READ|_IOC_WRITE, 0x46, 0x2b, 0x30), 0x7ffc2e6311c0) = 0
3112999 ioctl(10, _IOC(_IOC_READ|_IOC_WRITE, 0x46, 0x2a, 0x20), 0x7ffc2e6300a0) = 0
3112999 ioctl(10, _IOC(_IOC_READ|_IOC_WRITE, 0x46, 0x2a, 0x20), 0x7ffc2e630000) = 0
3112999 ioctl(10, _IOC(_IOC_READ|_IOC_WRITE, 0x46, 0x2a, 0x20), 0x7ffc2e630000) = 0
3112999 ioctl(10, _IOC(_IOC_READ|_IOC_WRITE, 0x46, 0x2a, 0x20), 0x7ffc2e630100) = 0
3112999 ioctl(10, _IOC(_IOC_READ|_IOC_WRITE, 0x46, 0x2a, 0x20), 0x7ffc2e62ffc0) = 0
3112999 openat(AT_FDCWD, "/sys/bus/pci/devices/0000:60:00.0/numa_node", O_RDONLY) = 24
3112999 close(24)                       = 0
3112999 ioctl(10, _IOC(_IOC_READ|_IOC_WRITE, 0x46, 0x2a, 0x20), 0x7ffc2e6302b0) = 0
3112999 ioctl(10, _IOC(_IOC_READ|_IOC_WRITE, 0x46, 0x2a, 0x20), 0x7ffc2e631410) = 0
3112999 ioctl(10, _IOC(_IOC_READ|_IOC_WRITE, 0x46, 0x2a, 0x20), 0x7ffc2e631410) = 0
3112999 ioctl(10, _IOC(_IOC_READ|_IOC_WRITE, 0x46, 0x2a, 0x20), 0x7ffc2e631410) = 0
3112999 ioctl(10, _IOC(_IOC_READ|_IOC_WRITE, 0x46, 0x2a, 0x20), 0x7ffc2e631410) = 0
3112999 ioctl(10, _IOC(_IOC_READ|_IOC_WRITE, 0x46, 0x2a, 0x20), 0x7ffc2e631410) = 0
3112999 ioctl(10, _IOC(_IOC_READ|_IOC_WRITE, 0x46, 0x2a, 0x20), 0x7ffc2e631410) = 0
3112999 ioctl(10, _IOC(_IOC_READ|_IOC_WRITE, 0x46, 0x2a, 0x20), 0x7ffc2e630560) = 0
3112999 ioctl(10, _IOC(_IOC_READ|_IOC_WRITE, 0x46, 0x2a, 0x20), 0x7ffc2e630560) = 0
3112999 ioctl(10, _IOC(_IOC_READ|_IOC_WRITE, 0x46, 0x2a, 0x20), 0x7ffc2e630560) = 0
3112999 ioctl(10, _IOC(_IOC_READ|_IOC_WRITE, 0x46, 0x2a, 0x20), 0x7ffc2e630560) = 0
3112999 ioctl(10, _IOC(_IOC_READ|_IOC_WRITE, 0x46, 0x2a, 0x20), 0x7ffc2e62f5e0) = 0
3112999 ioctl(10, _IOC(_IOC_READ|_IOC_WRITE, 0x46, 0x2a, 0x20), 0x7ffc2e630de0) = 0
3112999 ioctl(10, _IOC(_IOC_READ|_IOC_WRITE, 0x46, 0x2a, 0x20), 0x7ffc2e62f5e0) = 0
3112999 ioctl(10, _IOC(_IOC_READ|_IOC_WRITE, 0x46, 0x2a, 0x20), 0x7ffc2e630de0) = 0
3112999 ioctl(10, _IOC(_IOC_READ|_IOC_WRITE, 0x46, 0x2a, 0x20), 0x7ffc2e630de0) = 0
3112999 ioctl(10, _IOC(_IOC_READ|_IOC_WRITE, 0x46, 0x2a, 0x20), 0x7ffc2e62f5e0) = 0
3112999 ioctl(11, _IOC(_IOC_NONE, 0, 0x25, 0), 0x7ffc2e632cb0) = 0
3112999 ioctl(11, _IOC(_IOC_NONE, 0, 0x25, 0), 0x7ffc2e632cb0) = 0
3112999 ioctl(11, _IOC(_IOC_NONE, 0, 0x25, 0), 0x7ffc2e632cb0) = 0
3112999 ioctl(11, _IOC(_IOC_NONE, 0, 0x17, 0), 0x7ffc2e633180) = 0
3112999 ioctl(10, _IOC(_IOC_READ|_IOC_WRITE, 0x46, 0x2b, 0x30), 0x7ffc2e632ee0) = 0
3112999 ioctl(10, _IOC(_IOC_READ|_IOC_WRITE, 0x46, 0x2b, 0x30), 0x7ffc2e632ee0) = 0
3112999 ioctl(10, _IOC(_IOC_READ|_IOC_WRITE, 0x46, 0x2b, 0x30), 0x7ffc2e632ee0) = 0
3112999 ioctl(10, _IOC(_IOC_READ|_IOC_WRITE, 0x46, 0x2a, 0x20), 0x7ffc2e631750) = 0
3112999 ioctl(10, _IOC(_IOC_READ|_IOC_WRITE, 0x46, 0x2a, 0x20), 0x7ffc2e631760) = 0
3112999 ioctl(10, _IOC(_IOC_READ|_IOC_WRITE, 0x46, 0x2a, 0x20), 0x7ffc2e631790) = 0
3112999 ioctl(11, _IOC(_IOC_NONE, 0, 0x19, 0), 0x7ffc2e632870) = 0
3112999 ioctl(10, _IOC(_IOC_READ|_IOC_WRITE, 0x46, 0x2b, 0x30), 0x7ffc2e631b40) = 0
3112999 ioctl(11, _IOC(_IOC_NONE, 0, 0x49, 0), 0x7ffc2e631820) = 0
3112999 ioctl(11, _IOC(_IOC_NONE, 0, 0x21, 0), 0x7ffc2e62f410) = 0
3112999 ioctl(10, _IOC(_IOC_READ|_IOC_WRITE, 0x46, 0x2b, 0x30), 0x7ffc2e631a20) = 0
3112999 ioctl(11, _IOC(_IOC_NONE, 0, 0x49, 0), 0x7ffc2e631700) = 0
3112999 ioctl(11, _IOC(_IOC_NONE, 0, 0x21, 0), 0x7ffc2e62f2f0) = 0
3112999 ioctl(10, _IOC(_IOC_READ|_IOC_WRITE, 0x46, 0x2b, 0x30), 0x7ffc2e631a20) = 0
3112999 ioctl(11, _IOC(_IOC_NONE, 0, 0x49, 0), 0x7ffc2e631700) = 0
3112999 ioctl(11, _IOC(_IOC_NONE, 0, 0x21, 0), 0x7ffc2e62f2f0) = 0
3112999 ioctl(10, _IOC(_IOC_READ|_IOC_WRITE, 0x46, 0x2b, 0x30), 0x7ffc2e631c20) = 0
3112999 ioctl(11, _IOC(_IOC_NONE, 0, 0x49, 0), 0x7ffc2e631900) = 0
3112999 ioctl(11, _IOC(_IOC_NONE, 0, 0x21, 0), 0x7ffc2e62f4f0) = 0
3112999 ioctl(10, _IOC(_IOC_READ|_IOC_WRITE, 0x46, 0x2b, 0x30), 0x7ffc2e632500) = 0
3112999 ioctl(10, _IOC(_IOC_READ|_IOC_WRITE, 0x46, 0x2b, 0x30), 0x7ffc2e6324f0) = 0
3112999 ioctl(10, _IOC(_IOC_READ|_IOC_WRITE, 0x46, 0x2b, 0x30), 0x7ffc2e6313d0) = 0
3112999 ioctl(10, _IOC(_IOC_READ|_IOC_WRITE, 0x46, 0x2a, 0x20), 0x7ffc2e630290) = 0
3112999 openat(AT_FDCWD, "/dev/nvidia0", O_RDWR|O_CLOEXEC) = 26
3112999 ioctl(10, _IOC(_IOC_READ|_IOC_WRITE, 0x46, 0x4e, 0x38), 0x7ffc2e631450) = 0
3112999 ioctl(10, _IOC(_IOC_READ|_IOC_WRITE, 0x46, 0x5e, 0x28), 0x7ffc2e631420) = 0
3112999 close(26)                       = 0
3112999 ioctl(11, _IOC(_IOC_NONE, 0, 0x49, 0), 0x7ffc2e6310b0) = 0
3112999 ioctl(11, _IOC(_IOC_NONE, 0, 0x21, 0), 0x7ffc2e62eca0) = 0
3112999 ioctl(10, _IOC(_IOC_READ|_IOC_WRITE, 0x46, 0x2b, 0x30), 0x7ffc2e6311f0) = 0
3112999 ioctl(10, _IOC(_IOC_READ|_IOC_WRITE, 0x46, 0x2a, 0x20), 0x7ffc2e6300b0) = 0
3112999 openat(AT_FDCWD, "/dev/nvidiactl", O_RDWR|O_CLOEXEC) = 26
3112999 ioctl(10, _IOC(_IOC_READ|_IOC_WRITE, 0x46, 0x4e, 0x38), 0x7ffc2e631270) = 0
3112999 close(26)                       = 0
3112999 ioctl(11, _IOC(_IOC_NONE, 0, 0x49, 0), 0x7ffc2e630ed0) = 0
3112999 ioctl(11, _IOC(_IOC_NONE, 0, 0x21, 0), 0x7ffc2e62eac0) = 0
3112999 ioctl(10, _IOC(_IOC_READ|_IOC_WRITE, 0x46, 0x2b, 0x30), 0x7ffc2e631550) = 0
3112999 ioctl(10, _IOC(_IOC_READ|_IOC_WRITE, 0x46, 0x2a, 0x20), 0x7ffc2e630410) = 0
3112999 openat(AT_FDCWD, "/dev/nvidiactl", O_RDWR|O_CLOEXEC) = 26
3112999 ioctl(10, _IOC(_IOC_READ|_IOC_WRITE, 0x46, 0x4e, 0x38), 0x7ffc2e6315d0) = 0
3112999 close(26)                       = 0
3112999 ioctl(10, _IOC(_IOC_READ|_IOC_WRITE, 0x46, 0x2b, 0x30), 0x7ffc2e631ef0) = 0
3112999 ioctl(10, _IOC(_IOC_READ|_IOC_WRITE, 0x46, 0x2a, 0x20), 0x7ffc2e630f60) = 0
3112999 ioctl(10, _IOC(_IOC_READ|_IOC_WRITE, 0x46, 0x2b, 0x30), 0x7ffc2e632000) = 0
3112999 ioctl(10, _IOC(_IOC_READ|_IOC_WRITE, 0x46, 0x2a, 0x20), 0x7ffc2e630f20) = 0
3112999 ioctl(10, _IOC(_IOC_READ|_IOC_WRITE, 0x46, 0x2b, 0x30), 0x7ffc2e632000) = 0
3112999 ioctl(10, _IOC(_IOC_READ|_IOC_WRITE, 0x46, 0x2a, 0x20), 0x7ffc2e630f20) = 0
3112999 ioctl(10, _IOC(_IOC_READ|_IOC_WRITE, 0x46, 0x2a, 0x20), 0x7ffc2e630f70) = 0
3112999 ioctl(10, _IOC(_IOC_READ|_IOC_WRITE, 0x46, 0x2a, 0x20), 0x7ffc2e630f70) = 0
3112999 ioctl(10, _IOC(_IOC_READ|_IOC_WRITE, 0x46, 0x2b, 0x30), 0x7ffc2e6318f0) = 0
3112999 ioctl(10, _IOC(_IOC_READ|_IOC_WRITE, 0x46, 0x2a, 0x20), 0x7ffc2e6307b0) = 0
3112999 openat(AT_FDCWD, "/dev/nvidiactl", O_RDWR|O_CLOEXEC) = 26
3112999 ioctl(10, _IOC(_IOC_READ|_IOC_WRITE, 0x46, 0x4e, 0x38), 0x7ffc2e631970) = 0
3112999 close(26)                       = 0
3112999 ioctl(11, _IOC(_IOC_NONE, 0, 0x49, 0), 0x7ffc2e6315d0) = 0
3112999 ioctl(11, _IOC(_IOC_NONE, 0, 0x21, 0), 0x7ffc2e62f1c0) = 0
3112999 ioctl(10, _IOC(_IOC_READ|_IOC_WRITE, 0x46, 0x2b, 0x30), 0x7ffc2e631550) = 0
3112999 ioctl(10, _IOC(_IOC_READ|_IOC_WRITE, 0x46, 0x2a, 0x20), 0x7ffc2e630410) = 0
3112999 openat(AT_FDCWD, "/dev/nvidiactl", O_RDWR|O_CLOEXEC) = 26
3112999 ioctl(10, _IOC(_IOC_READ|_IOC_WRITE, 0x46, 0x4e, 0x38), 0x7ffc2e6315d0) = 0
3112999 close(26)                       = 0
3112999 ioctl(10, _IOC(_IOC_READ|_IOC_WRITE, 0x46, 0x2b, 0x30), 0x7ffc2e631ef0) = 0
3112999 ioctl(10, _IOC(_IOC_READ|_IOC_WRITE, 0x46, 0x2a, 0x20), 0x7ffc2e630f60) = 0
3112999 ioctl(10, _IOC(_IOC_READ|_IOC_WRITE, 0x46, 0x2b, 0x30), 0x7ffc2e632000) = 0
3112999 ioctl(10, _IOC(_IOC_READ|_IOC_WRITE, 0x46, 0x2a, 0x20), 0x7ffc2e630f20) = 0
3112999 ioctl(10, _IOC(_IOC_READ|_IOC_WRITE, 0x46, 0x2b, 0x30), 0x7ffc2e632000) = 0
3112999 ioctl(10, _IOC(_IOC_READ|_IOC_WRITE, 0x46, 0x2a, 0x20), 0x7ffc2e630f20) = 0
3112999 ioctl(10, _IOC(_IOC_READ|_IOC_WRITE, 0x46, 0x2a, 0x20), 0x7ffc2e630f70) = 0
3112999 ioctl(10, _IOC(_IOC_READ|_IOC_WRITE, 0x46, 0x2a, 0x20), 0x7ffc2e630f70) = 0
3112999 ioctl(10, _IOC(_IOC_READ|_IOC_WRITE, 0x46, 0x2b, 0x30), 0x7ffc2e631550) = 0
3112999 ioctl(10, _IOC(_IOC_READ|_IOC_WRITE, 0x46, 0x2a, 0x20), 0x7ffc2e630410) = 0
3112999 openat(AT_FDCWD, "/dev/nvidiactl", O_RDWR|O_CLOEXEC) = 26
3112999 ioctl(10, _IOC(_IOC_READ|_IOC_WRITE, 0x46, 0x4e, 0x38), 0x7ffc2e6315d0) = 0
3112999 close(26)                       = 0
3112999 ioctl(10, _IOC(_IOC_READ|_IOC_WRITE, 0x46, 0x2b, 0x30), 0x7ffc2e631ef0) = 0
3112999 ioctl(10, _IOC(_IOC_READ|_IOC_WRITE, 0x46, 0x2a, 0x20), 0x7ffc2e630f60) = 0
3112999 ioctl(10, _IOC(_IOC_READ|_IOC_WRITE, 0x46, 0x2b, 0x30), 0x7ffc2e632000) = 0
3112999 ioctl(10, _IOC(_IOC_READ|_IOC_WRITE, 0x46, 0x2a, 0x20), 0x7ffc2e630f20) = 0
3112999 ioctl(10, _IOC(_IOC_READ|_IOC_WRITE, 0x46, 0x2b, 0x30), 0x7ffc2e632000) = 0
3112999 ioctl(10, _IOC(_IOC_READ|_IOC_WRITE, 0x46, 0x2a, 0x20), 0x7ffc2e630f20) = 0
3112999 ioctl(10, _IOC(_IOC_READ|_IOC_WRITE, 0x46, 0x2a, 0x20), 0x7ffc2e630f70) = 0
3112999 ioctl(10, _IOC(_IOC_READ|_IOC_WRITE, 0x46, 0x2a, 0x20), 0x7ffc2e630f70) = 0
3112999 ioctl(10, _IOC(_IOC_READ|_IOC_WRITE, 0x46, 0x2b, 0x30), 0x7ffc2e631550) = 0
3112999 ioctl(10, _IOC(_IOC_READ|_IOC_WRITE, 0x46, 0x2a, 0x20), 0x7ffc2e630410) = 0
3112999 openat(AT_FDCWD, "/dev/nvidiactl", O_RDWR|O_CLOEXEC) = 26
3112999 ioctl(10, _IOC(_IOC_READ|_IOC_WRITE, 0x46, 0x4e, 0x38), 0x7ffc2e6315d0) = 0
3112999 close(26)                       = 0
3112999 ioctl(10, _IOC(_IOC_READ|_IOC_WRITE, 0x46, 0x2b, 0x30), 0x7ffc2e631ef0) = 0
3112999 ioctl(10, _IOC(_IOC_READ|_IOC_WRITE, 0x46, 0x2a, 0x20), 0x7ffc2e630f60) = 0
3112999 ioctl(10, _IOC(_IOC_READ|_IOC_WRITE, 0x46, 0x2b, 0x30), 0x7ffc2e632000) = 0
3112999 ioctl(10, _IOC(_IOC_READ|_IOC_WRITE, 0x46, 0x2a, 0x20), 0x7ffc2e630f20) = 0
3112999 ioctl(10, _IOC(_IOC_READ|_IOC_WRITE, 0x46, 0x2b, 0x30), 0x7ffc2e632000) = 0
3112999 ioctl(10, _IOC(_IOC_READ|_IOC_WRITE, 0x46, 0x2a, 0x20), 0x7ffc2e630f20) = 0
3112999 ioctl(10, _IOC(_IOC_READ|_IOC_WRITE, 0x46, 0x2a, 0x20), 0x7ffc2e630f70) = 0
3112999 ioctl(10, _IOC(_IOC_READ|_IOC_WRITE, 0x46, 0x2a, 0x20), 0x7ffc2e630f70) = 0
3112999 ioctl(10, _IOC(_IOC_READ|_IOC_WRITE, 0x46, 0x2b, 0x30), 0x7ffc2e631550) = 0
3112999 ioctl(10, _IOC(_IOC_READ|_IOC_WRITE, 0x46, 0x2a, 0x20), 0x7ffc2e630410) = 0
3112999 openat(AT_FDCWD, "/dev/nvidiactl", O_RDWR|O_CLOEXEC) = 26
3112999 ioctl(10, _IOC(_IOC_READ|_IOC_WRITE, 0x46, 0x4e, 0x38), 0x7ffc2e6315d0) = 0
3112999 close(26)                       = 0
3112999 ioctl(10, _IOC(_IOC_READ|_IOC_WRITE, 0x46, 0x2b, 0x30), 0x7ffc2e631ef0) = 0
3112999 ioctl(10, _IOC(_IOC_READ|_IOC_WRITE, 0x46, 0x2a, 0x20), 0x7ffc2e630f60) = 0
3112999 ioctl(10, _IOC(_IOC_READ|_IOC_WRITE, 0x46, 0x2b, 0x30), 0x7ffc2e632000) = 0
3112999 ioctl(10, _IOC(_IOC_READ|_IOC_WRITE, 0x46, 0x2a, 0x20), 0x7ffc2e630f20) = 0
3112999 ioctl(10, _IOC(_IOC_READ|_IOC_WRITE, 0x46, 0x2b, 0x30), 0x7ffc2e632000) = 0
3112999 ioctl(10, _IOC(_IOC_READ|_IOC_WRITE, 0x46, 0x2a, 0x20), 0x7ffc2e630f20) = 0
3112999 ioctl(10, _IOC(_IOC_READ|_IOC_WRITE, 0x46, 0x2a, 0x20), 0x7ffc2e630f70) = 0
3112999 ioctl(10, _IOC(_IOC_READ|_IOC_WRITE, 0x46, 0x2a, 0x20), 0x7ffc2e630f70) = 0
3112999 ioctl(10, _IOC(_IOC_READ|_IOC_WRITE, 0x46, 0x2b, 0x30), 0x7ffc2e631550) = 0
3112999 ioctl(10, _IOC(_IOC_READ|_IOC_WRITE, 0x46, 0x2a, 0x20), 0x7ffc2e630410) = 0
3112999 openat(AT_FDCWD, "/dev/nvidiactl", O_RDWR|O_CLOEXEC) = 26
3112999 ioctl(10, _IOC(_IOC_READ|_IOC_WRITE, 0x46, 0x4e, 0x38), 0x7ffc2e6315d0) = 0
3112999 close(26)                       = 0
3112999 ioctl(10, _IOC(_IOC_READ|_IOC_WRITE, 0x46, 0x2b, 0x30), 0x7ffc2e631ef0) = 0
3112999 ioctl(10, _IOC(_IOC_READ|_IOC_WRITE, 0x46, 0x2a, 0x20), 0x7ffc2e630f60) = 0
3112999 ioctl(10, _IOC(_IOC_READ|_IOC_WRITE, 0x46, 0x2b, 0x30), 0x7ffc2e632000) = 0
3112999 ioctl(10, _IOC(_IOC_READ|_IOC_WRITE, 0x46, 0x2a, 0x20), 0x7ffc2e630f20) = 0
3112999 ioctl(10, _IOC(_IOC_READ|_IOC_WRITE, 0x46, 0x2b, 0x30), 0x7ffc2e632000) = 0
3112999 ioctl(10, _IOC(_IOC_READ|_IOC_WRITE, 0x46, 0x2a, 0x20), 0x7ffc2e630f20) = 0
3112999 ioctl(10, _IOC(_IOC_READ|_IOC_WRITE, 0x46, 0x2a, 0x20), 0x7ffc2e630f70) = 0
3112999 ioctl(10, _IOC(_IOC_READ|_IOC_WRITE, 0x46, 0x2a, 0x20), 0x7ffc2e630f70) = 0
3112999 ioctl(10, _IOC(_IOC_READ|_IOC_WRITE, 0x46, 0x2b, 0x30), 0x7ffc2e631550) = 0
3112999 ioctl(10, _IOC(_IOC_READ|_IOC_WRITE, 0x46, 0x2a, 0x20), 0x7ffc2e630410) = 0
3112999 openat(AT_FDCWD, "/dev/nvidiactl", O_RDWR|O_CLOEXEC) = 26
3112999 ioctl(10, _IOC(_IOC_READ|_IOC_WRITE, 0x46, 0x4e, 0x38), 0x7ffc2e6315d0) = 0
3112999 close(26)                       = 0
3112999 ioctl(10, _IOC(_IOC_READ|_IOC_WRITE, 0x46, 0x2b, 0x30), 0x7ffc2e631ef0) = 0
3112999 ioctl(10, _IOC(_IOC_READ|_IOC_WRITE, 0x46, 0x2a, 0x20), 0x7ffc2e630f60) = 0
3112999 ioctl(10, _IOC(_IOC_READ|_IOC_WRITE, 0x46, 0x2b, 0x30), 0x7ffc2e632000) = 0
3112999 ioctl(10, _IOC(_IOC_READ|_IOC_WRITE, 0x46, 0x2a, 0x20), 0x7ffc2e630f20) = 0
3112999 ioctl(10, _IOC(_IOC_READ|_IOC_WRITE, 0x46, 0x2b, 0x30), 0x7ffc2e632000) = 0
3112999 ioctl(10, _IOC(_IOC_READ|_IOC_WRITE, 0x46, 0x2a, 0x20), 0x7ffc2e630f20) = 0
3112999 ioctl(10, _IOC(_IOC_READ|_IOC_WRITE, 0x46, 0x2a, 0x20), 0x7ffc2e630f70) = 0
3112999 ioctl(10, _IOC(_IOC_READ|_IOC_WRITE, 0x46, 0x2a, 0x20), 0x7ffc2e630f70) = 0
3112999 ioctl(10, _IOC(_IOC_READ|_IOC_WRITE, 0x46, 0x2b, 0x30), 0x7ffc2e631550) = 0
3112999 ioctl(10, _IOC(_IOC_READ|_IOC_WRITE, 0x46, 0x2a, 0x20), 0x7ffc2e630410) = 0
3112999 openat(AT_FDCWD, "/dev/nvidiactl", O_RDWR|O_CLOEXEC) = 26
3112999 ioctl(10, _IOC(_IOC_READ|_IOC_WRITE, 0x46, 0x4e, 0x38), 0x7ffc2e6315d0) = 0
3112999 close(26)                       = 0
3112999 ioctl(10, _IOC(_IOC_READ|_IOC_WRITE, 0x46, 0x2b, 0x30), 0x7ffc2e631ef0) = 0
3112999 ioctl(10, _IOC(_IOC_READ|_IOC_WRITE, 0x46, 0x2a, 0x20), 0x7ffc2e630f60) = 0
3112999 ioctl(10, _IOC(_IOC_READ|_IOC_WRITE, 0x46, 0x2b, 0x30), 0x7ffc2e632000) = 0
3112999 ioctl(10, _IOC(_IOC_READ|_IOC_WRITE, 0x46, 0x2a, 0x20), 0x7ffc2e630f20) = 0
3112999 ioctl(10, _IOC(_IOC_READ|_IOC_WRITE, 0x46, 0x2b, 0x30), 0x7ffc2e632000) = 0
3112999 ioctl(10, _IOC(_IOC_READ|_IOC_WRITE, 0x46, 0x2a, 0x20), 0x7ffc2e630f20) = 0
3112999 ioctl(10, _IOC(_IOC_READ|_IOC_WRITE, 0x46, 0x2a, 0x20), 0x7ffc2e630f70) = 0
3112999 ioctl(10, _IOC(_IOC_READ|_IOC_WRITE, 0x46, 0x2a, 0x20), 0x7ffc2e630f70) = 0
3112999 ioctl(11, _IOC(_IOC_NONE, 0, 0x1b, 0), 0x7ffc2e6326b0) = 0
3112999 ioctl(11, _IOC(_IOC_NONE, 0, 0x1b, 0), 0x7ffc2e6326b0) = 0
3112999 ioctl(11, _IOC(_IOC_NONE, 0, 0x1b, 0), 0x7ffc2e6326b0) = 0
3112999 ioctl(11, _IOC(_IOC_NONE, 0, 0x1b, 0), 0x7ffc2e6326b0) = 0
3112999 ioctl(11, _IOC(_IOC_NONE, 0, 0x1b, 0), 0x7ffc2e6326b0) = 0
3112999 ioctl(11, _IOC(_IOC_NONE, 0, 0x1b, 0), 0x7ffc2e6326b0) = 0
3112999 ioctl(11, _IOC(_IOC_NONE, 0, 0x1b, 0), 0x7ffc2e6326b0) = 0
3112999 ioctl(11, _IOC(_IOC_NONE, 0, 0x1b, 0), 0x7ffc2e6326b0) = 0
3112999 ioctl(10, _IOC(_IOC_READ|_IOC_WRITE, 0x46, 0x2a, 0x20), 0x7ffc2e6315c0) = 0
3112999 openat(AT_FDCWD, "/dev/nvidia0", O_RDWR|O_CLOEXEC) = 26
3112999 ioctl(26, _IOC(_IOC_READ|_IOC_WRITE, 0x46, 0xc9, 0x4), 0x7ffc2e6325b0) = 0
3112999 ioctl(26, _IOC(_IOC_READ|_IOC_WRITE, 0x46, 0xce, 0x10), 0x7ffc2e6325a0) = 0
3112999 ioctl(26, _IOC(_IOC_READ|_IOC_WRITE, 0x46, 0x2b, 0x30), 0x7ffc2e632590) = 0
3112999 ioctl(10, _IOC(_IOC_READ|_IOC_WRITE, 0x46, 0x2b, 0x30), 0x7ffc2e632500) = 0
3112999 ioctl(10, _IOC(_IOC_READ|_IOC_WRITE, 0x46, 0x2b, 0x30), 0x7ffc2e631550) = 0
3112999 ioctl(10, _IOC(_IOC_READ|_IOC_WRITE, 0x46, 0x2a, 0x20), 0x7ffc2e630410) = 0
3112999 openat(AT_FDCWD, "/dev/nvidiactl", O_RDWR|O_CLOEXEC) = 28
3112999 ioctl(10, _IOC(_IOC_READ|_IOC_WRITE, 0x46, 0x4e, 0x38), 0x7ffc2e6315d0) = 0
3112999 close(28)                       = 0
3112999 ioctl(10, _IOC(_IOC_READ|_IOC_WRITE, 0x46, 0x2b, 0x30), 0x7ffc2e631ef0) = 0
3112999 ioctl(10, _IOC(_IOC_READ|_IOC_WRITE, 0x46, 0x2a, 0x20), 0x7ffc2e630f60) = 0
3112999 ioctl(10, _IOC(_IOC_READ|_IOC_WRITE, 0x46, 0x2b, 0x30), 0x7ffc2e632000) = 0
3112999 ioctl(10, _IOC(_IOC_READ|_IOC_WRITE, 0x46, 0x2a, 0x20), 0x7ffc2e630f20) = 0
3112999 ioctl(10, _IOC(_IOC_READ|_IOC_WRITE, 0x46, 0x2a, 0x20), 0x7ffc2e630f70) = 0
3112999 ioctl(10, _IOC(_IOC_READ|_IOC_WRITE, 0x46, 0x2b, 0x30), 0x7ffc2e631550) = 0
3112999 ioctl(10, _IOC(_IOC_READ|_IOC_WRITE, 0x46, 0x2a, 0x20), 0x7ffc2e630410) = 0
3112999 openat(AT_FDCWD, "/dev/nvidiactl", O_RDWR|O_CLOEXEC) = 28
3112999 ioctl(10, _IOC(_IOC_READ|_IOC_WRITE, 0x46, 0x4e, 0x38), 0x7ffc2e6315d0) = 0
3112999 close(28)                       = 0
3112999 ioctl(10, _IOC(_IOC_READ|_IOC_WRITE, 0x46, 0x2b, 0x30), 0x7ffc2e631ef0) = 0
3112999 ioctl(10, _IOC(_IOC_READ|_IOC_WRITE, 0x46, 0x2a, 0x20), 0x7ffc2e630f60) = 0
3112999 ioctl(10, _IOC(_IOC_READ|_IOC_WRITE, 0x46, 0x2b, 0x30), 0x7ffc2e632000) = 0
3112999 ioctl(10, _IOC(_IOC_READ|_IOC_WRITE, 0x46, 0x2a, 0x20), 0x7ffc2e630f20) = 0
3112999 ioctl(10, _IOC(_IOC_READ|_IOC_WRITE, 0x46, 0x2a, 0x20), 0x7ffc2e630f70) = 0
3112999 ioctl(10, _IOC(_IOC_READ|_IOC_WRITE, 0x46, 0x2b, 0x30), 0x7ffc2e631550) = 0
3112999 ioctl(10, _IOC(_IOC_READ|_IOC_WRITE, 0x46, 0x2a, 0x20), 0x7ffc2e630410) = 0
3112999 openat(AT_FDCWD, "/dev/nvidiactl", O_RDWR|O_CLOEXEC) = 28
3112999 ioctl(10, _IOC(_IOC_READ|_IOC_WRITE, 0x46, 0x4e, 0x38), 0x7ffc2e6315d0) = 0
3112999 close(28)                       = 0
3112999 ioctl(10, _IOC(_IOC_READ|_IOC_WRITE, 0x46, 0x2b, 0x30), 0x7ffc2e631ef0) = 0
3112999 ioctl(10, _IOC(_IOC_READ|_IOC_WRITE, 0x46, 0x2a, 0x20), 0x7ffc2e630f60) = 0
3112999 ioctl(10, _IOC(_IOC_READ|_IOC_WRITE, 0x46, 0x2b, 0x30), 0x7ffc2e632000) = 0
3112999 ioctl(10, _IOC(_IOC_READ|_IOC_WRITE, 0x46, 0x2a, 0x20), 0x7ffc2e630f20) = 0
3112999 ioctl(10, _IOC(_IOC_READ|_IOC_WRITE, 0x46, 0x2a, 0x20), 0x7ffc2e630f70) = 0
3112999 ioctl(10, _IOC(_IOC_READ|_IOC_WRITE, 0x46, 0x2b, 0x30), 0x7ffc2e631550) = 0
3112999 ioctl(10, _IOC(_IOC_READ|_IOC_WRITE, 0x46, 0x2a, 0x20), 0x7ffc2e630410) = 0
3112999 openat(AT_FDCWD, "/dev/nvidiactl", O_RDWR|O_CLOEXEC) = 28
3112999 ioctl(10, _IOC(_IOC_READ|_IOC_WRITE, 0x46, 0x4e, 0x38), 0x7ffc2e6315d0) = 0
3112999 close(28)                       = 0
3112999 ioctl(10, _IOC(_IOC_READ|_IOC_WRITE, 0x46, 0x2b, 0x30), 0x7ffc2e631ef0) = 0
3112999 ioctl(10, _IOC(_IOC_READ|_IOC_WRITE, 0x46, 0x2a, 0x20), 0x7ffc2e630f60) = 0
3112999 ioctl(10, _IOC(_IOC_READ|_IOC_WRITE, 0x46, 0x2b, 0x30), 0x7ffc2e632000) = 0
3112999 ioctl(10, _IOC(_IOC_READ|_IOC_WRITE, 0x46, 0x2a, 0x20), 0x7ffc2e630f20) = 0
3112999 ioctl(10, _IOC(_IOC_READ|_IOC_WRITE, 0x46, 0x2a, 0x20), 0x7ffc2e630f70) = 0
3112999 ioctl(11, _IOC(_IOC_NONE, 0, 0x1b, 0), 0x7ffc2e6326b0) = 0
3112999 ioctl(11, _IOC(_IOC_NONE, 0, 0x1b, 0), 0x7ffc2e6326b0) = 0
3112999 ioctl(11, _IOC(_IOC_NONE, 0, 0x1b, 0), 0x7ffc2e6326b0) = 0
3112999 ioctl(11, _IOC(_IOC_NONE, 0, 0x1b, 0), 0x7ffc2e6326b0) = 0
3112999 ioctl(10, _IOC(_IOC_READ|_IOC_WRITE, 0x46, 0x2a, 0x20), 0x7ffc2e6315c0) = 0
3112999 openat(AT_FDCWD, "/dev/nvidia0", O_RDWR|O_CLOEXEC) = 28
3112999 ioctl(28, _IOC(_IOC_READ|_IOC_WRITE, 0x46, 0xc9, 0x4), 0x7ffc2e6325b0) = 0
3112999 ioctl(28, _IOC(_IOC_READ|_IOC_WRITE, 0x46, 0xce, 0x10), 0x7ffc2e6325a0) = 0
3112999 ioctl(28, _IOC(_IOC_READ|_IOC_WRITE, 0x46, 0x2b, 0x30), 0x7ffc2e632590) = 0
3112999 ioctl(10, _IOC(_IOC_READ|_IOC_WRITE, 0x46, 0x2b, 0x30), 0x7ffc2e632500) = 0
3112999 ioctl(10, _IOC(_IOC_READ|_IOC_WRITE, 0x46, 0x2b, 0x30), 0x7ffc2e631550) = 0
3112999 ioctl(10, _IOC(_IOC_READ|_IOC_WRITE, 0x46, 0x2a, 0x20), 0x7ffc2e630410) = 0
3112999 openat(AT_FDCWD, "/dev/nvidiactl", O_RDWR|O_CLOEXEC) = 30
3112999 ioctl(10, _IOC(_IOC_READ|_IOC_WRITE, 0x46, 0x4e, 0x38), 0x7ffc2e6315d0) = 0
3112999 close(30)                       = 0
3112999 ioctl(10, _IOC(_IOC_READ|_IOC_WRITE, 0x46, 0x2b, 0x30), 0x7ffc2e631ef0) = 0
3112999 ioctl(10, _IOC(_IOC_READ|_IOC_WRITE, 0x46, 0x2a, 0x20), 0x7ffc2e630f60) = 0
3112999 ioctl(10, _IOC(_IOC_READ|_IOC_WRITE, 0x46, 0x2b, 0x30), 0x7ffc2e632000) = 0
3112999 ioctl(10, _IOC(_IOC_READ|_IOC_WRITE, 0x46, 0x2a, 0x20), 0x7ffc2e630f20) = 0
3112999 ioctl(10, _IOC(_IOC_READ|_IOC_WRITE, 0x46, 0x2a, 0x20), 0x7ffc2e630f70) = 0
3112999 ioctl(10, _IOC(_IOC_READ|_IOC_WRITE, 0x46, 0x2b, 0x30), 0x7ffc2e631550) = 0
3112999 ioctl(10, _IOC(_IOC_READ|_IOC_WRITE, 0x46, 0x2a, 0x20), 0x7ffc2e630410) = 0
3112999 openat(AT_FDCWD, "/dev/nvidiactl", O_RDWR|O_CLOEXEC) = 30
3112999 ioctl(10, _IOC(_IOC_READ|_IOC_WRITE, 0x46, 0x4e, 0x38), 0x7ffc2e6315d0) = 0
3112999 close(30)                       = 0
3112999 ioctl(10, _IOC(_IOC_READ|_IOC_WRITE, 0x46, 0x2b, 0x30), 0x7ffc2e631ef0) = 0
3112999 ioctl(10, _IOC(_IOC_READ|_IOC_WRITE, 0x46, 0x2a, 0x20), 0x7ffc2e630f60) = 0
3112999 ioctl(10, _IOC(_IOC_READ|_IOC_WRITE, 0x46, 0x2b, 0x30), 0x7ffc2e632000) = 0
3112999 ioctl(10, _IOC(_IOC_READ|_IOC_WRITE, 0x46, 0x2a, 0x20), 0x7ffc2e630f20) = 0
3112999 ioctl(10, _IOC(_IOC_READ|_IOC_WRITE, 0x46, 0x2a, 0x20), 0x7ffc2e630f70) = 0
3112999 ioctl(10, _IOC(_IOC_READ|_IOC_WRITE, 0x46, 0x2b, 0x30), 0x7ffc2e631550) = 0
3112999 ioctl(10, _IOC(_IOC_READ|_IOC_WRITE, 0x46, 0x2a, 0x20), 0x7ffc2e630410) = 0
3112999 openat(AT_FDCWD, "/dev/nvidiactl", O_RDWR|O_CLOEXEC) = 30
3112999 ioctl(10, _IOC(_IOC_READ|_IOC_WRITE, 0x46, 0x4e, 0x38), 0x7ffc2e6315d0) = 0
3112999 close(30)                       = 0
3112999 ioctl(10, _IOC(_IOC_READ|_IOC_WRITE, 0x46, 0x2b, 0x30), 0x7ffc2e631ef0) = 0
3112999 ioctl(10, _IOC(_IOC_READ|_IOC_WRITE, 0x46, 0x2a, 0x20), 0x7ffc2e630f60) = 0
3112999 ioctl(10, _IOC(_IOC_READ|_IOC_WRITE, 0x46, 0x2b, 0x30), 0x7ffc2e632000) = 0
3112999 ioctl(10, _IOC(_IOC_READ|_IOC_WRITE, 0x46, 0x2a, 0x20), 0x7ffc2e630f20) = 0
3112999 ioctl(10, _IOC(_IOC_READ|_IOC_WRITE, 0x46, 0x2a, 0x20), 0x7ffc2e630f70) = 0
3112999 ioctl(10, _IOC(_IOC_READ|_IOC_WRITE, 0x46, 0x2b, 0x30), 0x7ffc2e631550) = 0
3112999 ioctl(10, _IOC(_IOC_READ|_IOC_WRITE, 0x46, 0x2a, 0x20), 0x7ffc2e630410) = 0
3112999 openat(AT_FDCWD, "/dev/nvidiactl", O_RDWR|O_CLOEXEC) = 30
3112999 ioctl(10, _IOC(_IOC_READ|_IOC_WRITE, 0x46, 0x4e, 0x38), 0x7ffc2e6315d0) = 0
3112999 close(30)                       = 0
3112999 ioctl(10, _IOC(_IOC_READ|_IOC_WRITE, 0x46, 0x2b, 0x30), 0x7ffc2e631ef0) = 0
3112999 ioctl(10, _IOC(_IOC_READ|_IOC_WRITE, 0x46, 0x2a, 0x20), 0x7ffc2e630f60) = 0
3112999 ioctl(10, _IOC(_IOC_READ|_IOC_WRITE, 0x46, 0x2b, 0x30), 0x7ffc2e632000) = 0
3112999 ioctl(10, _IOC(_IOC_READ|_IOC_WRITE, 0x46, 0x2a, 0x20), 0x7ffc2e630f20) = 0
3112999 ioctl(10, _IOC(_IOC_READ|_IOC_WRITE, 0x46, 0x2a, 0x20), 0x7ffc2e630f70) = 0
3112999 ioctl(11, _IOC(_IOC_NONE, 0, 0x1b, 0), 0x7ffc2e6326b0) = 0
3112999 ioctl(11, _IOC(_IOC_NONE, 0, 0x1b, 0), 0x7ffc2e6326b0) = 0
3112999 ioctl(11, _IOC(_IOC_NONE, 0, 0x1b, 0), 0x7ffc2e6326b0) = 0
3112999 ioctl(11, _IOC(_IOC_NONE, 0, 0x1b, 0), 0x7ffc2e6326b0) = 0
3112999 ioctl(10, _IOC(_IOC_READ|_IOC_WRITE, 0x46, 0x2a, 0x20), 0x7ffc2e6315c0) = 0
3112999 openat(AT_FDCWD, "/dev/nvidia0", O_RDWR|O_CLOEXEC) = 30
3112999 ioctl(30, _IOC(_IOC_READ|_IOC_WRITE, 0x46, 0xc9, 0x4), 0x7ffc2e6325b0) = 0
3112999 ioctl(30, _IOC(_IOC_READ|_IOC_WRITE, 0x46, 0xce, 0x10), 0x7ffc2e6325a0) = 0
3112999 ioctl(30, _IOC(_IOC_READ|_IOC_WRITE, 0x46, 0x2b, 0x30), 0x7ffc2e632590) = 0
3112999 ioctl(10, _IOC(_IOC_READ|_IOC_WRITE, 0x46, 0x2b, 0x30), 0x7ffc2e632500) = 0
3112999 ioctl(10, _IOC(_IOC_READ|_IOC_WRITE, 0x46, 0x2b, 0x30), 0x7ffc2e631550) = 0
3112999 ioctl(10, _IOC(_IOC_READ|_IOC_WRITE, 0x46, 0x2a, 0x20), 0x7ffc2e630410) = 0
3112999 openat(AT_FDCWD, "/dev/nvidiactl", O_RDWR|O_CLOEXEC) = 34
3112999 ioctl(10, _IOC(_IOC_READ|_IOC_WRITE, 0x46, 0x4e, 0x38), 0x7ffc2e6315d0) = 0
3112999 close(34)                       = 0
3112999 ioctl(10, _IOC(_IOC_READ|_IOC_WRITE, 0x46, 0x2b, 0x30), 0x7ffc2e631ef0) = 0
3112999 ioctl(10, _IOC(_IOC_READ|_IOC_WRITE, 0x46, 0x2a, 0x20), 0x7ffc2e630f60) = 0
3112999 ioctl(10, _IOC(_IOC_READ|_IOC_WRITE, 0x46, 0x2b, 0x30), 0x7ffc2e632000) = 0
3112999 ioctl(10, _IOC(_IOC_READ|_IOC_WRITE, 0x46, 0x2a, 0x20), 0x7ffc2e630f20) = 0
3112999 ioctl(10, _IOC(_IOC_READ|_IOC_WRITE, 0x46, 0x2a, 0x20), 0x7ffc2e630f70) = 0
3112999 ioctl(10, _IOC(_IOC_READ|_IOC_WRITE, 0x46, 0x2b, 0x30), 0x7ffc2e631550) = 0
3112999 ioctl(10, _IOC(_IOC_READ|_IOC_WRITE, 0x46, 0x2a, 0x20), 0x7ffc2e630410) = 0
3112999 openat(AT_FDCWD, "/dev/nvidiactl", O_RDWR|O_CLOEXEC) = 34
3112999 ioctl(10, _IOC(_IOC_READ|_IOC_WRITE, 0x46, 0x4e, 0x38), 0x7ffc2e6315d0) = 0
3112999 close(34)                       = 0
3112999 ioctl(10, _IOC(_IOC_READ|_IOC_WRITE, 0x46, 0x2b, 0x30), 0x7ffc2e631ef0) = 0
3112999 ioctl(10, _IOC(_IOC_READ|_IOC_WRITE, 0x46, 0x2a, 0x20), 0x7ffc2e630f60) = 0
3112999 ioctl(10, _IOC(_IOC_READ|_IOC_WRITE, 0x46, 0x2b, 0x30), 0x7ffc2e632000) = 0
3112999 ioctl(10, _IOC(_IOC_READ|_IOC_WRITE, 0x46, 0x2a, 0x20), 0x7ffc2e630f20) = 0
3112999 ioctl(10, _IOC(_IOC_READ|_IOC_WRITE, 0x46, 0x2a, 0x20), 0x7ffc2e630f70) = 0
3112999 ioctl(10, _IOC(_IOC_READ|_IOC_WRITE, 0x46, 0x2b, 0x30), 0x7ffc2e631550) = 0
3112999 ioctl(10, _IOC(_IOC_READ|_IOC_WRITE, 0x46, 0x2a, 0x20), 0x7ffc2e630410) = 0
3112999 openat(AT_FDCWD, "/dev/nvidiactl", O_RDWR|O_CLOEXEC) = 34
3112999 ioctl(10, _IOC(_IOC_READ|_IOC_WRITE, 0x46, 0x4e, 0x38), 0x7ffc2e6315d0) = 0
3112999 close(34)                       = 0
3112999 ioctl(10, _IOC(_IOC_READ|_IOC_WRITE, 0x46, 0x2b, 0x30), 0x7ffc2e631ef0) = 0
3112999 ioctl(10, _IOC(_IOC_READ|_IOC_WRITE, 0x46, 0x2a, 0x20), 0x7ffc2e630f60) = 0
3112999 ioctl(10, _IOC(_IOC_READ|_IOC_WRITE, 0x46, 0x2b, 0x30), 0x7ffc2e632000) = 0
3112999 ioctl(10, _IOC(_IOC_READ|_IOC_WRITE, 0x46, 0x2a, 0x20), 0x7ffc2e630f20) = 0
3112999 ioctl(10, _IOC(_IOC_READ|_IOC_WRITE, 0x46, 0x2a, 0x20), 0x7ffc2e630f70) = 0
3112999 ioctl(10, _IOC(_IOC_READ|_IOC_WRITE, 0x46, 0x2b, 0x30), 0x7ffc2e631550) = 0
3112999 ioctl(10, _IOC(_IOC_READ|_IOC_WRITE, 0x46, 0x2a, 0x20), 0x7ffc2e630410) = 0
3112999 openat(AT_FDCWD, "/dev/nvidiactl", O_RDWR|O_CLOEXEC) = 34
3112999 ioctl(10, _IOC(_IOC_READ|_IOC_WRITE, 0x46, 0x4e, 0x38), 0x7ffc2e6315d0) = 0
3112999 close(34)                       = 0
3112999 ioctl(10, _IOC(_IOC_READ|_IOC_WRITE, 0x46, 0x2b, 0x30), 0x7ffc2e631ef0) = 0
3112999 ioctl(10, _IOC(_IOC_READ|_IOC_WRITE, 0x46, 0x2a, 0x20), 0x7ffc2e630f60) = 0
3112999 ioctl(10, _IOC(_IOC_READ|_IOC_WRITE, 0x46, 0x2b, 0x30), 0x7ffc2e632000) = 0
3112999 ioctl(10, _IOC(_IOC_READ|_IOC_WRITE, 0x46, 0x2a, 0x20), 0x7ffc2e630f20) = 0
3112999 ioctl(10, _IOC(_IOC_READ|_IOC_WRITE, 0x46, 0x2a, 0x20), 0x7ffc2e630f70) = 0
3112999 ioctl(11, _IOC(_IOC_NONE, 0, 0x1b, 0), 0x7ffc2e6326b0) = 0
3112999 ioctl(11, _IOC(_IOC_NONE, 0, 0x1b, 0), 0x7ffc2e6326b0) = 0
3112999 ioctl(11, _IOC(_IOC_NONE, 0, 0x1b, 0), 0x7ffc2e6326b0) = 0
3112999 ioctl(11, _IOC(_IOC_NONE, 0, 0x1b, 0), 0x7ffc2e6326b0) = 0
3112999 ioctl(10, _IOC(_IOC_READ|_IOC_WRITE, 0x46, 0x2a, 0x20), 0x7ffc2e6315c0) = 0
3112999 openat(AT_FDCWD, "/dev/nvidia0", O_RDWR|O_CLOEXEC) = 34
3112999 ioctl(34, _IOC(_IOC_READ|_IOC_WRITE, 0x46, 0xc9, 0x4), 0x7ffc2e6325b0) = 0
3112999 ioctl(34, _IOC(_IOC_READ|_IOC_WRITE, 0x46, 0xce, 0x10), 0x7ffc2e6325a0) = 0
3112999 ioctl(34, _IOC(_IOC_READ|_IOC_WRITE, 0x46, 0x2b, 0x30), 0x7ffc2e632590) = 0
3112999 ioctl(10, _IOC(_IOC_READ|_IOC_WRITE, 0x46, 0x2b, 0x30), 0x7ffc2e631990) = 0
3112999 ioctl(10, _IOC(_IOC_READ|_IOC_WRITE, 0x46, 0x2a, 0x20), 0x7ffc2e630850) = 0
3112999 openat(AT_FDCWD, "/dev/nvidiactl", O_RDWR|O_CLOEXEC) = 36
3112999 ioctl(10, _IOC(_IOC_READ|_IOC_WRITE, 0x46, 0x4e, 0x38), 0x7ffc2e631a10) = 0
3112999 close(36)                       = 0
3112999 ioctl(11, _IOC(_IOC_NONE, 0, 0x49, 0), 0x7ffc2e631670) = 0
3112999 ioctl(11, _IOC(_IOC_NONE, 0, 0x21, 0), 0x7ffc2e62f260) = 0
3112999 ioctl(10, _IOC(_IOC_READ|_IOC_WRITE, 0x46, 0x2b, 0x30), 0x7ffc2e631a30) = 0
3112999 ioctl(11, _IOC(_IOC_NONE, 0, 0x49, 0), 0x7ffc2e631710) = 0
3112999 ioctl(11, _IOC(_IOC_NONE, 0, 0x21, 0), 0x7ffc2e62f300) = 0
3112999 ioctl(11, _IOC(_IOC_NONE, 0, 0x44, 0), 0x7ffc2e62f1c0) = 0
3112999 ioctl(11, _IOC(_IOC_NONE, 0, 0x48, 0), 0x7ffc2e62ec90) = 0
3112999 ioctl(11, _IOC(_IOC_NONE, 0, 0x17, 0), 0x7ffc2e6327e0) = 0
3112999 ioctl(11, _IOC(_IOC_NONE, 0, 0x17, 0), 0x7ffc2e6327e0) = 0
3112999 ioctl(11, _IOC(_IOC_NONE, 0, 0x17, 0), 0x7ffc2e6327e0) = 0
3112999 ioctl(11, _IOC(_IOC_NONE, 0, 0x17, 0), 0x7ffc2e6327e0) = 0
3112999 ioctl(11, _IOC(_IOC_NONE, 0, 0x17, 0), 0x7ffc2e6327e0) = 0
3112999 ioctl(11, _IOC(_IOC_NONE, 0, 0x17, 0), 0x7ffc2e6327e0) = 0
3112999 ioctl(11, _IOC(_IOC_NONE, 0, 0x17, 0), 0x7ffc2e6327e0) = 0
3112999 ioctl(11, _IOC(_IOC_NONE, 0, 0x17, 0), 0x7ffc2e6327e0) = 0
3112999 ioctl(11, _IOC(_IOC_NONE, 0, 0x17, 0), 0x7ffc2e6327e0) = 0
3112999 ioctl(10, _IOC(_IOC_READ|_IOC_WRITE, 0x46, 0x2b, 0x30), 0x7ffc2e631870) = 0
3112999 ioctl(10, _IOC(_IOC_READ|_IOC_WRITE, 0x46, 0x2a, 0x20), 0x7ffc2e630730) = 0
3112999 openat(AT_FDCWD, "/dev/nvidiactl", O_RDWR|O_CLOEXEC) = 42
3112999 ioctl(10, _IOC(_IOC_READ|_IOC_WRITE, 0x46, 0x4e, 0x38), 0x7ffc2e6318f0) = 0
3112999 close(42)                       = 0
3112999 ioctl(11, _IOC(_IOC_NONE, 0, 0x49, 0), 0x7ffc2e631550) = 0
3112999 ioctl(11, _IOC(_IOC_NONE, 0, 0x21, 0), 0x7ffc2e62f140) = 0
3112999 ioctl(15, _IOC(_IOC_READ|_IOC_WRITE, 0x46, 0x27, 0x38), 0x7ffc2e631860) = 0
3112999 ioctl(11, _IOC(_IOC_NONE, 0, 0x49, 0), 0x7ffc2e631550) = 0
3112999 ioctl(11, _IOC(_IOC_NONE, 0, 0x21, 0), 0x7ffc2e62f140) = 0
3112999 ioctl(10, _IOC(_IOC_READ|_IOC_WRITE, 0x46, 0x2b, 0x30), 0x7ffc2e631bc0) = 0
3112999 ioctl(11, _IOC(_IOC_NONE, 0, 0x49, 0), 0x7ffc2e6318a0) = 0
3112999 ioctl(11, _IOC(_IOC_NONE, 0, 0x21, 0), 0x7ffc2e62f490) = 0
3112999 ioctl(15, _IOC(_IOC_READ|_IOC_WRITE, 0x46, 0x27, 0x38), 0x7ffc2e631960) = 0
3112999 ioctl(11, _IOC(_IOC_NONE, 0, 0x49, 0), 0x7ffc2e631650) = 0
3112999 ioctl(11, _IOC(_IOC_NONE, 0, 0x21, 0), 0x7ffc2e62f240) = 0
3112999 ioctl(10, _IOC(_IOC_READ|_IOC_WRITE, 0x46, 0x2b, 0x30), 0x7ffc2e631970) = 0
3112999 ioctl(11, _IOC(_IOC_NONE, 0, 0x49, 0), 0x7ffc2e631650) = 0
3112999 ioctl(11, _IOC(_IOC_NONE, 0, 0x21, 0), 0x7ffc2e62f240) = 0
3112999 ioctl(11, _IOC(_IOC_NONE, 0, 0x41, 0), 0x7ffc2e631a80) = 0
3112999 ioctl(15, _IOC(_IOC_READ|_IOC_WRITE, 0x46, 0x27, 0x38), 0x7ffc2e631da0) = 0
3112999 ioctl(11, _IOC(_IOC_NONE, 0, 0x49, 0), 0x7ffc2e631a90) = 0
3112999 ioctl(11, _IOC(_IOC_NONE, 0, 0x21, 0), 0x7ffc2e62f680) = 0
3112999 ioctl(15, _IOC(_IOC_READ|_IOC_WRITE, 0x46, 0x27, 0x38), 0x7ffc2e631b70) = 0
3112999 ioctl(11, _IOC(_IOC_NONE, 0, 0x49, 0), 0x7ffc2e631860) = 0
3112999 ioctl(11, _IOC(_IOC_NONE, 0, 0x21, 0), 0x7ffc2e62f450) = 0
3112999 ioctl(10, _IOC(_IOC_READ|_IOC_WRITE, 0x46, 0x2b, 0x30), 0x7ffc2e631260) = 0
3112999 ioctl(11, _IOC(_IOC_NONE, 0, 0x49, 0), 0x7ffc2e630f40) = 0
3112999 ioctl(11, _IOC(_IOC_NONE, 0, 0x21, 0), 0x7ffc2e62eb30) = 0
3112999 ioctl(10, _IOC(_IOC_READ|_IOC_WRITE, 0x46, 0x2b, 0x30), 0x7ffc2e631b70) = 0
3112999 ioctl(10, _IOC(_IOC_READ|_IOC_WRITE, 0x46, 0x2a, 0x20), 0x7ffc2e630a30) = 0
3112999 openat(AT_FDCWD, "/dev/nvidiactl", O_RDWR|O_CLOEXEC) = 42
3112999 ioctl(10, _IOC(_IOC_READ|_IOC_WRITE, 0x46, 0x4e, 0x38), 0x7ffc2e631bf0) = 0
3112999 close(42)                       = 0
3112999 ioctl(11, _IOC(_IOC_NONE, 0, 0x49, 0), 0x7ffc2e631850) = 0
3112999 ioctl(11, _IOC(_IOC_NONE, 0, 0x21, 0), 0x7ffc2e62f440) = 0
3112999 ioctl(15, _IOC(_IOC_READ|_IOC_WRITE, 0x46, 0x27, 0x38), 0x7ffc2e631b50) = 0
3112999 ioctl(11, _IOC(_IOC_NONE, 0, 0x49, 0), 0x7ffc2e631840) = 0
3112999 ioctl(11, _IOC(_IOC_NONE, 0, 0x21, 0), 0x7ffc2e62f430) = 0
3112999 ioctl(10, _IOC(_IOC_READ|_IOC_WRITE, 0x46, 0x2b, 0x30), 0x7ffc2e632860) = 0
3112999 ioctl(10, _IOC(_IOC_READ|_IOC_WRITE, 0x46, 0x2b, 0x30), 0x7ffc2e6319f0) = 0
3112999 ioctl(10, _IOC(_IOC_READ|_IOC_WRITE, 0x46, 0x2a, 0x20), 0x7ffc2e6308b0) = 0
3112999 openat(AT_FDCWD, "/dev/nvidiactl", O_RDWR|O_CLOEXEC) = 42
3112999 ioctl(10, _IOC(_IOC_READ|_IOC_WRITE, 0x46, 0x4e, 0x38), 0x7ffc2e631a70) = 0
3112999 close(42)                       = 0
3112999 ioctl(11, _IOC(_IOC_NONE, 0, 0x49, 0), 0x7ffc2e6316d0) = 0
3112999 ioctl(11, _IOC(_IOC_NONE, 0, 0x21, 0), 0x7ffc2e62f2c0) = 0
3112999 ioctl(10, _IOC(_IOC_READ|_IOC_WRITE, 0x46, 0x2b, 0x30), 0x7ffc2e631b30) = 0
3112999 ioctl(11, _IOC(_IOC_NONE, 0, 0x49, 0), 0x7ffc2e631810) = 0
3112999 ioctl(11, _IOC(_IOC_NONE, 0, 0x21, 0), 0x7ffc2e62f400) = 0
3112999 ioctl(10, _IOC(_IOC_READ|_IOC_WRITE, 0x46, 0x2b, 0x30), 0x7ffc2e631b30) = 0
3112999 ioctl(11, _IOC(_IOC_NONE, 0, 0x49, 0), 0x7ffc2e631810) = 0
3112999 ioctl(11, _IOC(_IOC_NONE, 0, 0x21, 0), 0x7ffc2e62f400) = 0
3112999 ioctl(10, _IOC(_IOC_READ|_IOC_WRITE, 0x46, 0x2b, 0x30), 0x7ffc2e631230) = 0
3112999 ioctl(11, _IOC(_IOC_NONE, 0, 0x49, 0), 0x7ffc2e630f10) = 0
3112999 ioctl(11, _IOC(_IOC_NONE, 0, 0x21, 0), 0x7ffc2e62eb00) = 0
3112999 openat(AT_FDCWD, "/dev/nvidia0", O_RDWR|O_CLOEXEC) = 42
3112999 ioctl(42, _IOC(_IOC_READ|_IOC_WRITE, 0x46, 0xc9, 0x4), 0x7ffc2e632710) = 0
3112999 ioctl(42, _IOC(_IOC_READ|_IOC_WRITE, 0x46, 0xce, 0x10), 0x7ffc2e632700) = 0
3112999 ioctl(42, _IOC(_IOC_READ|_IOC_WRITE, 0x46, 0x2b, 0x30), 0x7ffc2e6326f0) = 0
3112999 openat(AT_FDCWD, "/dev/nvidia0", O_RDWR|O_CLOEXEC) = 47
3112999 ioctl(47, _IOC(_IOC_READ|_IOC_WRITE, 0x46, 0xc9, 0x4), 0x7ffc2e632710) = 0
3112999 ioctl(47, _IOC(_IOC_READ|_IOC_WRITE, 0x46, 0xce, 0x10), 0x7ffc2e632700) = 0
3112999 ioctl(47, _IOC(_IOC_READ|_IOC_WRITE, 0x46, 0x2b, 0x30), 0x7ffc2e6326f0) = 0
3112999 openat(AT_FDCWD, "/dev/nvidia0", O_RDWR|O_CLOEXEC) = 49
3112999 ioctl(49, _IOC(_IOC_READ|_IOC_WRITE, 0x46, 0xc9, 0x4), 0x7ffc2e632710) = 0
3112999 ioctl(49, _IOC(_IOC_READ|_IOC_WRITE, 0x46, 0xce, 0x10), 0x7ffc2e632700) = 0
3112999 ioctl(49, _IOC(_IOC_READ|_IOC_WRITE, 0x46, 0x2b, 0x30), 0x7ffc2e6326f0) = 0
3112999 openat(AT_FDCWD, "/dev/nvidia0", O_RDWR|O_CLOEXEC) = 51
3112999 ioctl(51, _IOC(_IOC_READ|_IOC_WRITE, 0x46, 0xc9, 0x4), 0x7ffc2e632710) = 0
3112999 ioctl(51, _IOC(_IOC_READ|_IOC_WRITE, 0x46, 0xce, 0x10), 0x7ffc2e632700) = 0
3112999 ioctl(51, _IOC(_IOC_READ|_IOC_WRITE, 0x46, 0x2b, 0x30), 0x7ffc2e6326f0) = 0
3112999 ioctl(10, _IOC(_IOC_READ|_IOC_WRITE, 0x46, 0x2a, 0x20), 0x7ffc2e631660) = 0
3112999 ioctl(10, _IOC(_IOC_READ|_IOC_WRITE, 0x46, 0x2a, 0x20), 0x7ffc2e631710) = 0
3112999 ioctl(10, _IOC(_IOC_READ|_IOC_WRITE, 0x46, 0x2a, 0x20), 0x7ffc2e6317a0) = 0
3112999 ioctl(10, _IOC(_IOC_READ|_IOC_WRITE, 0x46, 0x2b, 0x30), 0x7ffc2e631b10) = 0
3112999 ioctl(11, _IOC(_IOC_NONE, 0, 0x49, 0), 0x7ffc2e6317f0) = 0
3112999 ioctl(11, _IOC(_IOC_NONE, 0, 0x21, 0), 0x7ffc2e62f3e0) = 0
3112999 ioctl(10, _IOC(_IOC_READ|_IOC_WRITE, 0x46, 0x2a, 0x20), 0x7ffc2e6317a0) = 0
3112999 openat(AT_FDCWD, "/proc/self/task/3113018/comm", O_WRONLY|O_CREAT|O_TRUNC, 0666) = 53
3112999 close(53)                       = 0
3112999 ioctl(11, _IOC(_IOC_NONE, 0, 0x22, 0), 0x7ffc2e632d40) = 0
3112999 ioctl(10, _IOC(_IOC_READ|_IOC_WRITE, 0x46, 0x29, 0x10), 0x7ffc2e632de0) = 0
3112999 ioctl(11, _IOC(_IOC_NONE, 0, 0x22, 0), 0x7ffc2e632d40) = 0
3112999 ioctl(10, _IOC(_IOC_READ|_IOC_WRITE, 0x46, 0x29, 0x10), 0x7ffc2e632de0) = 0
3112999 ioctl(10, _IOC(_IOC_READ|_IOC_WRITE, 0x46, 0x29, 0x10), 0x7ffc2e633070) = 0
3112999 close(48)                       = 0
3112999 ioctl(47, _IOC(_IOC_READ|_IOC_WRITE, 0x46, 0xcf, 0x10), 0x7ffc2e633080) = 0
3112999 close(47)                       = 0
3112999 ioctl(10, _IOC(_IOC_READ|_IOC_WRITE, 0x46, 0x29, 0x10), 0x7ffc2e633070) = 0
3112999 close(50)                       = 0
3112999 ioctl(49, _IOC(_IOC_READ|_IOC_WRITE, 0x46, 0xcf, 0x10), 0x7ffc2e633080) = 0
3112999 close(49)                       = 0
3112999 ioctl(10, _IOC(_IOC_READ|_IOC_WRITE, 0x46, 0x29, 0x10), 0x7ffc2e633070) = 0
3112999 close(46)                       = 0
3112999 ioctl(42, _IOC(_IOC_READ|_IOC_WRITE, 0x46, 0xcf, 0x10), 0x7ffc2e633080) = 0
3112999 close(42)                       = 0
3112999 ioctl(10, _IOC(_IOC_READ|_IOC_WRITE, 0x46, 0x29, 0x10), 0x7ffc2e633070) = 0
3112999 close(52)                       = 0
3112999 ioctl(51, _IOC(_IOC_READ|_IOC_WRITE, 0x46, 0xcf, 0x10), 0x7ffc2e633080) = 0
3112999 close(51)                       = 0
3112999 ioctl(11, _IOC(_IOC_NONE, 0, 0x22, 0), 0x7ffc2e632cd0) = 0
3112999 ioctl(10, _IOC(_IOC_READ|_IOC_WRITE, 0x46, 0x29, 0x10), 0x7ffc2e632d70) = 0
3112999 ioctl(11, _IOC(_IOC_NONE, 0, 0x22, 0), 0x7ffc2e632cd0) = 0
3112999 ioctl(10, _IOC(_IOC_READ|_IOC_WRITE, 0x46, 0x29, 0x10), 0x7ffc2e632d70) = 0
3112999 ioctl(11, _IOC(_IOC_NONE, 0, 0x22, 0), 0x7ffc2e632d50) = 0
3112999 ioctl(10, _IOC(_IOC_READ|_IOC_WRITE, 0x46, 0x4f, 0x20), 0x7ffc2e632e40) = 0
3112999 ioctl(10, _IOC(_IOC_READ|_IOC_WRITE, 0x46, 0x29, 0x10), 0x7ffc2e632df0) = 0
3112999 ioctl(10, _IOC(_IOC_READ|_IOC_WRITE, 0x46, 0x29, 0x10), 0x7ffc2e6330d0) = 0
3112999 ioctl(11, _IOC(_IOC_NONE, 0, 0x22, 0), 0x7ffc2e632d40) = 0
3112999 ioctl(10, _IOC(_IOC_READ|_IOC_WRITE, 0x46, 0x29, 0x10), 0x7ffc2e632de0) = 0
3112999 ioctl(11, _IOC(_IOC_NONE, 0, 0x22, 0), 0x7ffc2e632d40) = 0
3112999 ioctl(10, _IOC(_IOC_READ|_IOC_WRITE, 0x46, 0x4f, 0x20), 0x7ffc2e632e30) = 0
3112999 ioctl(10, _IOC(_IOC_READ|_IOC_WRITE, 0x46, 0x29, 0x10), 0x7ffc2e632de0) = 0
3112999 ioctl(10, _IOC(_IOC_READ|_IOC_WRITE, 0x46, 0x2a, 0x20), 0x7ffc2e631d30) = 0
3112999 ioctl(11, _IOC(_IOC_NONE, 0, 0x22, 0), 0x7ffc2e632ca0) = 0
3112999 ioctl(10, _IOC(_IOC_READ|_IOC_WRITE, 0x46, 0x29, 0x10), 0x7ffc2e632d40) = 0
3113017 +++ exited with 0 +++
3112999 ioctl(10, _IOC(_IOC_READ|_IOC_WRITE, 0x46, 0x2a, 0x20), 0x7ffc2e632080) = 0
3112999 close(54)                       = 0
3112999 close(53)                       = 0
3112999 ioctl(11, _IOC(_IOC_NONE, 0, 0x22, 0), 0x7ffc2e632d80) = 0
3112999 ioctl(11, _IOC(_IOC_NONE, 0, 0x22, 0), 0x7ffc2e632d80) = 0
3112999 ioctl(10, _IOC(_IOC_READ|_IOC_WRITE, 0x46, 0x29, 0x10), 0x7ffc2e632e20) = 0
3112999 ioctl(11, _IOC(_IOC_NONE, 0, 0x22, 0), 0x7ffc2e632d50) = 0
3112999 ioctl(10, _IOC(_IOC_READ|_IOC_WRITE, 0x46, 0x29, 0x10), 0x7ffc2e632df0) = 0
3112999 ioctl(11, _IOC(_IOC_NONE, 0, 0x22, 0), 0x7ffc2e632d80) = 0
3112999 ioctl(10, _IOC(_IOC_READ|_IOC_WRITE, 0x46, 0x4f, 0x20), 0x7ffc2e632e70) = 0
3112999 ioctl(10, _IOC(_IOC_READ|_IOC_WRITE, 0x46, 0x29, 0x10), 0x7ffc2e632e20) = 0
3112999 ioctl(11, _IOC(_IOC_NONE, 0, 0x18, 0), 0x7ffc2e633150) = 0
3112999 ioctl(11, _IOC(_IOC_NONE, 0, 0x18, 0), 0x7ffc2e633150) = 0
3112999 ioctl(11, _IOC(_IOC_NONE, 0, 0x18, 0), 0x7ffc2e633150) = 0
3112999 ioctl(11, _IOC(_IOC_NONE, 0, 0x18, 0), 0x7ffc2e633150) = 0
3112999 ioctl(11, _IOC(_IOC_NONE, 0, 0x18, 0), 0x7ffc2e633150) = 0
3112999 ioctl(11, _IOC(_IOC_NONE, 0, 0x18, 0), 0x7ffc2e633150) = 0
3112999 ioctl(11, _IOC(_IOC_NONE, 0, 0x18, 0), 0x7ffc2e633150) = 0
3112999 ioctl(11, _IOC(_IOC_NONE, 0, 0x18, 0), 0x7ffc2e633150) = 0
3112999 ioctl(11, _IOC(_IOC_NONE, 0, 0x18, 0), 0x7ffc2e633150) = 0
3112999 ioctl(11, _IOC(_IOC_NONE, 0, 0x22, 0), 0x7ffc2e632d10) = 0
3112999 ioctl(10, _IOC(_IOC_READ|_IOC_WRITE, 0x46, 0x29, 0x10), 0x7ffc2e632db0) = 0
3112999 ioctl(10, _IOC(_IOC_READ|_IOC_WRITE, 0x46, 0x2a, 0x20), 0x7ffc2e632080) = 0
3112999 ioctl(11, _IOC(_IOC_NONE, 0, 0x22, 0), 0x7ffc2e632d80) = 0
3112999 ioctl(10, _IOC(_IOC_READ|_IOC_WRITE, 0x46, 0x29, 0x10), 0x7ffc2e632e20) = 0
3112999 close(36)                       = 0
3112999 ioctl(10, _IOC(_IOC_READ|_IOC_WRITE, 0x46, 0x29, 0x10), 0x7ffc2e633030) = 0
3112999 close(27)                       = 0
3112999 ioctl(26, _IOC(_IOC_READ|_IOC_WRITE, 0x46, 0xcf, 0x10), 0x7ffc2e633040) = 0
3112999 close(26)                       = 0
3112999 ioctl(11, _IOC(_IOC_NONE, 0, 0x1c, 0), 0x7ffc2e6330b0) = 0
3112999 ioctl(11, _IOC(_IOC_NONE, 0, 0x1c, 0), 0x7ffc2e6330b0) = 0
3112999 ioctl(11, _IOC(_IOC_NONE, 0, 0x1c, 0), 0x7ffc2e6330b0) = 0
3112999 ioctl(11, _IOC(_IOC_NONE, 0, 0x1c, 0), 0x7ffc2e6330b0) = 0
3112999 ioctl(11, _IOC(_IOC_NONE, 0, 0x1c, 0), 0x7ffc2e6330b0) = 0
3112999 ioctl(11, _IOC(_IOC_NONE, 0, 0x1c, 0), 0x7ffc2e6330b0) = 0
3112999 ioctl(11, _IOC(_IOC_NONE, 0, 0x1c, 0), 0x7ffc2e6330b0) = 0
3112999 ioctl(11, _IOC(_IOC_NONE, 0, 0x1c, 0), 0x7ffc2e6330b0) = 0
3112999 ioctl(10, _IOC(_IOC_READ|_IOC_WRITE, 0x46, 0x29, 0x10), 0x7ffc2e632fc0) = 0
3112999 ioctl(10, _IOC(_IOC_READ|_IOC_WRITE, 0x46, 0x29, 0x10), 0x7ffc2e632fc0) = 0
3112999 ioctl(10, _IOC(_IOC_READ|_IOC_WRITE, 0x46, 0x29, 0x10), 0x7ffc2e632ff0) = 0
3112999 ioctl(10, _IOC(_IOC_READ|_IOC_WRITE, 0x46, 0x4f, 0x20), 0x7ffc2e632d60) = 0
3112999 ioctl(10, _IOC(_IOC_READ|_IOC_WRITE, 0x46, 0x29, 0x10), 0x7ffc2e632d10) = 0
3112999 ioctl(10, _IOC(_IOC_READ|_IOC_WRITE, 0x46, 0x29, 0x10), 0x7ffc2e632fc0) = 0
3112999 ioctl(10, _IOC(_IOC_READ|_IOC_WRITE, 0x46, 0x29, 0x10), 0x7ffc2e632fc0) = 0
3112999 ioctl(10, _IOC(_IOC_READ|_IOC_WRITE, 0x46, 0x29, 0x10), 0x7ffc2e632ff0) = 0
3112999 ioctl(10, _IOC(_IOC_READ|_IOC_WRITE, 0x46, 0x4f, 0x20), 0x7ffc2e632d60) = 0
3112999 ioctl(10, _IOC(_IOC_READ|_IOC_WRITE, 0x46, 0x29, 0x10), 0x7ffc2e632d10) = 0
3112999 ioctl(10, _IOC(_IOC_READ|_IOC_WRITE, 0x46, 0x29, 0x10), 0x7ffc2e632fc0) = 0
3112999 ioctl(10, _IOC(_IOC_READ|_IOC_WRITE, 0x46, 0x29, 0x10), 0x7ffc2e632fc0) = 0
3112999 ioctl(10, _IOC(_IOC_READ|_IOC_WRITE, 0x46, 0x29, 0x10), 0x7ffc2e632ff0) = 0
3112999 ioctl(10, _IOC(_IOC_READ|_IOC_WRITE, 0x46, 0x4f, 0x20), 0x7ffc2e632d60) = 0
3112999 ioctl(10, _IOC(_IOC_READ|_IOC_WRITE, 0x46, 0x29, 0x10), 0x7ffc2e632d10) = 0
3112999 ioctl(10, _IOC(_IOC_READ|_IOC_WRITE, 0x46, 0x29, 0x10), 0x7ffc2e632fc0) = 0
3112999 ioctl(10, _IOC(_IOC_READ|_IOC_WRITE, 0x46, 0x29, 0x10), 0x7ffc2e632fc0) = 0
3112999 ioctl(10, _IOC(_IOC_READ|_IOC_WRITE, 0x46, 0x29, 0x10), 0x7ffc2e632ff0) = 0
3112999 ioctl(10, _IOC(_IOC_READ|_IOC_WRITE, 0x46, 0x4f, 0x20), 0x7ffc2e632d60) = 0
3112999 ioctl(10, _IOC(_IOC_READ|_IOC_WRITE, 0x46, 0x29, 0x10), 0x7ffc2e632d10) = 0
3112999 ioctl(10, _IOC(_IOC_READ|_IOC_WRITE, 0x46, 0x29, 0x10), 0x7ffc2e632fc0) = 0
3112999 ioctl(10, _IOC(_IOC_READ|_IOC_WRITE, 0x46, 0x29, 0x10), 0x7ffc2e632fc0) = 0
3112999 ioctl(10, _IOC(_IOC_READ|_IOC_WRITE, 0x46, 0x29, 0x10), 0x7ffc2e632ff0) = 0
3112999 ioctl(10, _IOC(_IOC_READ|_IOC_WRITE, 0x46, 0x4f, 0x20), 0x7ffc2e632d60) = 0
3112999 ioctl(10, _IOC(_IOC_READ|_IOC_WRITE, 0x46, 0x29, 0x10), 0x7ffc2e632d10) = 0
3112999 ioctl(10, _IOC(_IOC_READ|_IOC_WRITE, 0x46, 0x29, 0x10), 0x7ffc2e632fc0) = 0
3112999 ioctl(10, _IOC(_IOC_READ|_IOC_WRITE, 0x46, 0x29, 0x10), 0x7ffc2e632fc0) = 0
3112999 ioctl(10, _IOC(_IOC_READ|_IOC_WRITE, 0x46, 0x29, 0x10), 0x7ffc2e632ff0) = 0
3112999 ioctl(10, _IOC(_IOC_READ|_IOC_WRITE, 0x46, 0x4f, 0x20), 0x7ffc2e632d60) = 0
3112999 ioctl(10, _IOC(_IOC_READ|_IOC_WRITE, 0x46, 0x29, 0x10), 0x7ffc2e632d10) = 0
3112999 ioctl(10, _IOC(_IOC_READ|_IOC_WRITE, 0x46, 0x29, 0x10), 0x7ffc2e632fc0) = 0
3112999 ioctl(10, _IOC(_IOC_READ|_IOC_WRITE, 0x46, 0x29, 0x10), 0x7ffc2e632fc0) = 0
3112999 ioctl(10, _IOC(_IOC_READ|_IOC_WRITE, 0x46, 0x29, 0x10), 0x7ffc2e632ff0) = 0
3112999 ioctl(10, _IOC(_IOC_READ|_IOC_WRITE, 0x46, 0x4f, 0x20), 0x7ffc2e632d60) = 0
3112999 ioctl(10, _IOC(_IOC_READ|_IOC_WRITE, 0x46, 0x29, 0x10), 0x7ffc2e632d10) = 0
3112999 ioctl(10, _IOC(_IOC_READ|_IOC_WRITE, 0x46, 0x29, 0x10), 0x7ffc2e632fc0) = 0
3112999 ioctl(10, _IOC(_IOC_READ|_IOC_WRITE, 0x46, 0x29, 0x10), 0x7ffc2e632fc0) = 0
3112999 ioctl(10, _IOC(_IOC_READ|_IOC_WRITE, 0x46, 0x29, 0x10), 0x7ffc2e632ff0) = 0
3112999 ioctl(10, _IOC(_IOC_READ|_IOC_WRITE, 0x46, 0x4f, 0x20), 0x7ffc2e632d60) = 0
3112999 ioctl(10, _IOC(_IOC_READ|_IOC_WRITE, 0x46, 0x29, 0x10), 0x7ffc2e632d10) = 0
3112999 ioctl(10, _IOC(_IOC_READ|_IOC_WRITE, 0x46, 0x29, 0x10), 0x7ffc2e633070) = 0
3112999 ioctl(10, _IOC(_IOC_READ|_IOC_WRITE, 0x46, 0x29, 0x10), 0x7ffc2e633070) = 0
3112999 ioctl(10, _IOC(_IOC_READ|_IOC_WRITE, 0x46, 0x29, 0x10), 0x7ffc2e633030) = 0
3112999 close(29)                       = 0
3112999 ioctl(28, _IOC(_IOC_READ|_IOC_WRITE, 0x46, 0xcf, 0x10), 0x7ffc2e633040) = 0
3112999 close(28)                       = 0
3112999 ioctl(11, _IOC(_IOC_NONE, 0, 0x1c, 0), 0x7ffc2e6330b0) = 0
3112999 ioctl(11, _IOC(_IOC_NONE, 0, 0x1c, 0), 0x7ffc2e6330b0) = 0
3112999 ioctl(11, _IOC(_IOC_NONE, 0, 0x1c, 0), 0x7ffc2e6330b0) = 0
3112999 ioctl(11, _IOC(_IOC_NONE, 0, 0x1c, 0), 0x7ffc2e6330b0) = 0
3112999 ioctl(10, _IOC(_IOC_READ|_IOC_WRITE, 0x46, 0x29, 0x10), 0x7ffc2e632fc0) = 0
3112999 ioctl(10, _IOC(_IOC_READ|_IOC_WRITE, 0x46, 0x29, 0x10), 0x7ffc2e632ff0) = 0
3112999 ioctl(10, _IOC(_IOC_READ|_IOC_WRITE, 0x46, 0x4f, 0x20), 0x7ffc2e632d60) = 0
3112999 ioctl(10, _IOC(_IOC_READ|_IOC_WRITE, 0x46, 0x29, 0x10), 0x7ffc2e632d10) = 0
3112999 ioctl(10, _IOC(_IOC_READ|_IOC_WRITE, 0x46, 0x29, 0x10), 0x7ffc2e632fc0) = 0
3112999 ioctl(10, _IOC(_IOC_READ|_IOC_WRITE, 0x46, 0x29, 0x10), 0x7ffc2e632ff0) = 0
3112999 ioctl(10, _IOC(_IOC_READ|_IOC_WRITE, 0x46, 0x4f, 0x20), 0x7ffc2e632d60) = 0
3112999 ioctl(10, _IOC(_IOC_READ|_IOC_WRITE, 0x46, 0x29, 0x10), 0x7ffc2e632d10) = 0
3112999 ioctl(10, _IOC(_IOC_READ|_IOC_WRITE, 0x46, 0x29, 0x10), 0x7ffc2e632fc0) = 0
3112999 ioctl(10, _IOC(_IOC_READ|_IOC_WRITE, 0x46, 0x29, 0x10), 0x7ffc2e632ff0) = 0
3112999 ioctl(10, _IOC(_IOC_READ|_IOC_WRITE, 0x46, 0x4f, 0x20), 0x7ffc2e632d60) = 0
3112999 ioctl(10, _IOC(_IOC_READ|_IOC_WRITE, 0x46, 0x29, 0x10), 0x7ffc2e632d10) = 0
3112999 ioctl(10, _IOC(_IOC_READ|_IOC_WRITE, 0x46, 0x29, 0x10), 0x7ffc2e632fc0) = 0
3112999 ioctl(10, _IOC(_IOC_READ|_IOC_WRITE, 0x46, 0x29, 0x10), 0x7ffc2e632ff0) = 0
3112999 ioctl(10, _IOC(_IOC_READ|_IOC_WRITE, 0x46, 0x4f, 0x20), 0x7ffc2e632d60) = 0
3112999 ioctl(10, _IOC(_IOC_READ|_IOC_WRITE, 0x46, 0x29, 0x10), 0x7ffc2e632d10) = 0
3112999 ioctl(10, _IOC(_IOC_READ|_IOC_WRITE, 0x46, 0x29, 0x10), 0x7ffc2e633070) = 0
3112999 ioctl(10, _IOC(_IOC_READ|_IOC_WRITE, 0x46, 0x29, 0x10), 0x7ffc2e633030) = 0
3112999 close(33)                       = 0
3112999 ioctl(30, _IOC(_IOC_READ|_IOC_WRITE, 0x46, 0xcf, 0x10), 0x7ffc2e633040) = 0
3112999 close(30)                       = 0
3112999 ioctl(11, _IOC(_IOC_NONE, 0, 0x1c, 0), 0x7ffc2e6330b0) = 0
3112999 ioctl(11, _IOC(_IOC_NONE, 0, 0x1c, 0), 0x7ffc2e6330b0) = 0
3112999 ioctl(11, _IOC(_IOC_NONE, 0, 0x1c, 0), 0x7ffc2e6330b0) = 0
3112999 ioctl(11, _IOC(_IOC_NONE, 0, 0x1c, 0), 0x7ffc2e6330b0) = 0
3112999 ioctl(10, _IOC(_IOC_READ|_IOC_WRITE, 0x46, 0x29, 0x10), 0x7ffc2e632fc0) = 0
3112999 ioctl(10, _IOC(_IOC_READ|_IOC_WRITE, 0x46, 0x29, 0x10), 0x7ffc2e632ff0) = 0
3112999 ioctl(10, _IOC(_IOC_READ|_IOC_WRITE, 0x46, 0x4f, 0x20), 0x7ffc2e632d60) = 0
3112999 ioctl(10, _IOC(_IOC_READ|_IOC_WRITE, 0x46, 0x29, 0x10), 0x7ffc2e632d10) = 0
3112999 ioctl(10, _IOC(_IOC_READ|_IOC_WRITE, 0x46, 0x29, 0x10), 0x7ffc2e632fc0) = 0
3112999 ioctl(10, _IOC(_IOC_READ|_IOC_WRITE, 0x46, 0x29, 0x10), 0x7ffc2e632ff0) = 0
3112999 ioctl(10, _IOC(_IOC_READ|_IOC_WRITE, 0x46, 0x4f, 0x20), 0x7ffc2e632d60) = 0
3112999 ioctl(10, _IOC(_IOC_READ|_IOC_WRITE, 0x46, 0x29, 0x10), 0x7ffc2e632d10) = 0
3112999 ioctl(10, _IOC(_IOC_READ|_IOC_WRITE, 0x46, 0x29, 0x10), 0x7ffc2e632fc0) = 0
3112999 ioctl(10, _IOC(_IOC_READ|_IOC_WRITE, 0x46, 0x29, 0x10), 0x7ffc2e632ff0) = 0
3112999 ioctl(10, _IOC(_IOC_READ|_IOC_WRITE, 0x46, 0x4f, 0x20), 0x7ffc2e632d60) = 0
3112999 ioctl(10, _IOC(_IOC_READ|_IOC_WRITE, 0x46, 0x29, 0x10), 0x7ffc2e632d10) = 0
3112999 ioctl(10, _IOC(_IOC_READ|_IOC_WRITE, 0x46, 0x29, 0x10), 0x7ffc2e632fc0) = 0
3112999 ioctl(10, _IOC(_IOC_READ|_IOC_WRITE, 0x46, 0x29, 0x10), 0x7ffc2e632ff0) = 0
3112999 ioctl(10, _IOC(_IOC_READ|_IOC_WRITE, 0x46, 0x4f, 0x20), 0x7ffc2e632d60) = 0
3112999 ioctl(10, _IOC(_IOC_READ|_IOC_WRITE, 0x46, 0x29, 0x10), 0x7ffc2e632d10) = 0
3112999 ioctl(10, _IOC(_IOC_READ|_IOC_WRITE, 0x46, 0x29, 0x10), 0x7ffc2e633070) = 0
3112999 ioctl(10, _IOC(_IOC_READ|_IOC_WRITE, 0x46, 0x29, 0x10), 0x7ffc2e633030) = 0
3112999 close(35)                       = 0
3112999 ioctl(34, _IOC(_IOC_READ|_IOC_WRITE, 0x46, 0xcf, 0x10), 0x7ffc2e633040) = 0
3112999 close(34)                       = 0
3112999 ioctl(11, _IOC(_IOC_NONE, 0, 0x1c, 0), 0x7ffc2e6330b0) = 0
3112999 ioctl(11, _IOC(_IOC_NONE, 0, 0x1c, 0), 0x7ffc2e6330b0) = 0
3112999 ioctl(11, _IOC(_IOC_NONE, 0, 0x1c, 0), 0x7ffc2e6330b0) = 0
3112999 ioctl(11, _IOC(_IOC_NONE, 0, 0x1c, 0), 0x7ffc2e6330b0) = 0
3112999 ioctl(10, _IOC(_IOC_READ|_IOC_WRITE, 0x46, 0x29, 0x10), 0x7ffc2e632fc0) = 0
3112999 ioctl(10, _IOC(_IOC_READ|_IOC_WRITE, 0x46, 0x29, 0x10), 0x7ffc2e632ff0) = 0
3112999 ioctl(10, _IOC(_IOC_READ|_IOC_WRITE, 0x46, 0x4f, 0x20), 0x7ffc2e632d60) = 0
3112999 ioctl(10, _IOC(_IOC_READ|_IOC_WRITE, 0x46, 0x29, 0x10), 0x7ffc2e632d10) = 0
3112999 ioctl(10, _IOC(_IOC_READ|_IOC_WRITE, 0x46, 0x29, 0x10), 0x7ffc2e632fc0) = 0
3112999 ioctl(10, _IOC(_IOC_READ|_IOC_WRITE, 0x46, 0x29, 0x10), 0x7ffc2e632ff0) = 0
3112999 ioctl(10, _IOC(_IOC_READ|_IOC_WRITE, 0x46, 0x4f, 0x20), 0x7ffc2e632d60) = 0
3112999 ioctl(10, _IOC(_IOC_READ|_IOC_WRITE, 0x46, 0x29, 0x10), 0x7ffc2e632d10) = 0
3112999 ioctl(10, _IOC(_IOC_READ|_IOC_WRITE, 0x46, 0x29, 0x10), 0x7ffc2e632fc0) = 0
3112999 ioctl(10, _IOC(_IOC_READ|_IOC_WRITE, 0x46, 0x29, 0x10), 0x7ffc2e632ff0) = 0
3112999 ioctl(10, _IOC(_IOC_READ|_IOC_WRITE, 0x46, 0x4f, 0x20), 0x7ffc2e632d60) = 0
3112999 ioctl(10, _IOC(_IOC_READ|_IOC_WRITE, 0x46, 0x29, 0x10), 0x7ffc2e632d10) = 0
3112999 ioctl(10, _IOC(_IOC_READ|_IOC_WRITE, 0x46, 0x29, 0x10), 0x7ffc2e632fc0) = 0
3112999 ioctl(10, _IOC(_IOC_READ|_IOC_WRITE, 0x46, 0x29, 0x10), 0x7ffc2e632ff0) = 0
3112999 ioctl(10, _IOC(_IOC_READ|_IOC_WRITE, 0x46, 0x4f, 0x20), 0x7ffc2e632d60) = 0
3112999 ioctl(10, _IOC(_IOC_READ|_IOC_WRITE, 0x46, 0x29, 0x10), 0x7ffc2e632d10) = 0
3112999 ioctl(11, _IOC(_IOC_NONE, 0, 0x22, 0), 0x7ffc2e632c40) = 0
3112999 ioctl(10, _IOC(_IOC_READ|_IOC_WRITE, 0x46, 0x4f, 0x20), 0x7ffc2e632d30) = 0
3112999 ioctl(10, _IOC(_IOC_READ|_IOC_WRITE, 0x46, 0x29, 0x10), 0x7ffc2e632ce0) = 0
3112999 ioctl(11, _IOC(_IOC_NONE, 0, 0x22, 0), 0x7ffc2e632c40) = 0
3112999 ioctl(10, _IOC(_IOC_READ|_IOC_WRITE, 0x46, 0x4f, 0x20), 0x7ffc2e632d30) = 0
3112999 ioctl(10, _IOC(_IOC_READ|_IOC_WRITE, 0x46, 0x29, 0x10), 0x7ffc2e632ce0) = 0
3112999 ioctl(10, _IOC(_IOC_READ|_IOC_WRITE, 0x46, 0x29, 0x10), 0x7ffc2e633070) = 0
3113018 +++ exited with 0 +++
3112999 close(25)                       = 0
3112999 ioctl(11, _IOC(_IOC_NONE, 0, 0x22, 0), 0x7ffc2e632d80) = 0
3112999 ioctl(10, _IOC(_IOC_READ|_IOC_WRITE, 0x46, 0x29, 0x10), 0x7ffc2e632e20) = 0
3112999 ioctl(11, _IOC(_IOC_NONE, 0, 0x22, 0), 0x7ffc2e632d80) = 0
3112999 ioctl(10, _IOC(_IOC_READ|_IOC_WRITE, 0x46, 0x29, 0x10), 0x7ffc2e632e20) = 0
3112999 ioctl(11, _IOC(_IOC_NONE, 0, 0x22, 0), 0x7ffc2e632d50) = 0
3112999 ioctl(10, _IOC(_IOC_READ|_IOC_WRITE, 0x46, 0x29, 0x10), 0x7ffc2e632df0) = 0
3112999 ioctl(11, _IOC(_IOC_NONE, 0, 0x22, 0), 0x7ffc2e632d40) = 0
3112999 ioctl(10, _IOC(_IOC_READ|_IOC_WRITE, 0x46, 0x4f, 0x20), 0x7ffc2e632e30) = 0
3112999 ioctl(10, _IOC(_IOC_READ|_IOC_WRITE, 0x46, 0x29, 0x10), 0x7ffc2e632de0) = 0
3112999 ioctl(11, _IOC(_IOC_NONE, 0, 0x22, 0), 0x7ffc2e632d40) = 0
3112999 ioctl(10, _IOC(_IOC_READ|_IOC_WRITE, 0x46, 0x4f, 0x20), 0x7ffc2e632e30) = 0
3112999 ioctl(10, _IOC(_IOC_READ|_IOC_WRITE, 0x46, 0x29, 0x10), 0x7ffc2e632de0) = 0
3112999 ioctl(11, _IOC(_IOC_NONE, 0, 0x22, 0), 0x7ffc2e632d50) = 0
3112999 ioctl(10, _IOC(_IOC_READ|_IOC_WRITE, 0x46, 0x29, 0x10), 0x7ffc2e632df0) = 0
3112999 ioctl(11, _IOC(_IOC_NONE, 0, 0x22, 0), 0x7ffc2e632d50) = 0
3112999 ioctl(10, _IOC(_IOC_READ|_IOC_WRITE, 0x46, 0x29, 0x10), 0x7ffc2e632df0) = 0
3112999 ioctl(11, _IOC(_IOC_NONE, 0, 0x22, 0), 0x7ffc2e632df0) = 0
3112999 ioctl(11, _IOC(_IOC_NONE, 0, 0x22, 0), 0x7ffc2e632d50) = 0
3112999 ioctl(10, _IOC(_IOC_READ|_IOC_WRITE, 0x46, 0x29, 0x10), 0x7ffc2e632df0) = 0
3112999 ioctl(11, _IOC(_IOC_NONE, 0, 0x22, 0), 0x7ffc2e632d50) = 0
3112999 ioctl(10, _IOC(_IOC_READ|_IOC_WRITE, 0x46, 0x29, 0x10), 0x7ffc2e632df0) = 0
3112999 ioctl(11, _IOC(_IOC_NONE, 0, 0x1a, 0), 0x7ffc2e633180) = 0
3112999 ioctl(10, _IOC(_IOC_READ|_IOC_WRITE, 0x46, 0x2a, 0x20), 0x7ffc2e632070) = 0
3113000 +++ exited with 0 +++
3112999 +++ exited with 0 +++
