mmap(NULL, 8192, PROT_READ|PROT_WRITE, MAP_PRIVATE|MAP_ANONYMOUS, -1, 0) = 0x7a551f50a000
openat(AT_FDCWD, "/usr/local/cuda/lib64/glibc-hwcaps/x86-64-v4/libcuda.so.1", O_RDONLY|O_CLOEXEC) = -1 ENOENT (No such file or directory)
openat(AT_FDCWD, "/usr/local/cuda/lib64/glibc-hwcaps/x86-64-v3/libcuda.so.1", O_RDONLY|O_CLOEXEC) = -1 ENOENT (No such file or directory)
openat(AT_FDCWD, "/usr/local/cuda/lib64/glibc-hwcaps/x86-64-v2/libcuda.so.1", O_RDONLY|O_CLOEXEC) = -1 ENOENT (No such file or directory)
openat(AT_FDCWD, "/usr/local/cuda/lib64/tls/haswell/avx512_1/x86_64/libcuda.so.1", O_RDONLY|O_CLOEXEC) = -1 ENOENT (No such file or directory)
openat(AT_FDCWD, "/usr/local/cuda/lib64/tls/haswell/avx512_1/libcuda.so.1", O_RDONLY|O_CLOEXEC) = -1 ENOENT (No such file or directory)
openat(AT_FDCWD, "/usr/local/cuda/lib64/tls/haswell/x86_64/libcuda.so.1", O_RDONLY|O_CLOEXEC) = -1 ENOENT (No such file or directory)
openat(AT_FDCWD, "/usr/local/cuda/lib64/tls/haswell/libcuda.so.1", O_RDONLY|O_CLOEXEC) = -1 ENOENT (No such file or directory)
openat(AT_FDCWD, "/usr/local/cuda/lib64/tls/avx512_1/x86_64/libcuda.so.1", O_RDONLY|O_CLOEXEC) = -1 ENOENT (No such file or directory)
openat(AT_FDCWD, "/usr/local/cuda/lib64/tls/avx512_1/libcuda.so.1", O_RDONLY|O_CLOEXEC) = -1 ENOENT (No such file or directory)
openat(AT_FDCWD, "/usr/local/cuda/lib64/tls/x86_64/libcuda.so.1", O_RDONLY|O_CLOEXEC) = -1 ENOENT (No such file or directory)
openat(AT_FDCWD, "/usr/local/cuda/lib64/tls/libcuda.so.1", O_RDONLY|O_CLOEXEC) = -1 ENOENT (No such file or directory)
openat(AT_FDCWD, "/usr/local/cuda/lib64/haswell/avx512_1/x86_64/libcuda.so.1", O_RDONLY|O_CLOEXEC) = -1 ENOENT (No such file or directory)
openat(AT_FDCWD, "/usr/local/cuda/lib64/haswell/avx512_1/libcuda.so.1", O_RDONLY|O_CLOEXEC) = -1 ENOENT (No such file or directory)
openat(AT_FDCWD, "/usr/local/cuda/lib64/haswell/x86_64/libcuda.so.1", O_RDONLY|O_CLOEXEC) = -1 ENOENT (No such file or directory)
openat(AT_FDCWD, "/usr/local/cuda/lib64/haswell/libcuda.so.1", O_RDONLY|O_CLOEXEC) = -1 ENOENT (No such file or directory)
openat(AT_FDCWD, "/usr/local/cuda/lib64/avx512_1/x86_64/libcuda.so.1", O_RDONLY|O_CLOEXEC) = -1 ENOENT (No such file or directory)
openat(AT_FDCWD, "/usr/local/cuda/lib64/avx512_1/libcuda.so.1", O_RDONLY|O_CLOEXEC) = -1 ENOENT (No such file or directory)
openat(AT_FDCWD, "/usr/local/cuda/lib64/x86_64/libcuda.so.1", O_RDONLY|O_CLOEXEC) = -1 ENOENT (No such file or directory)
openat(AT_FDCWD, "/usr/local/cuda/lib64/libcuda.so.1", O_RDONLY|O_CLOEXEC) = -1 ENOENT (No such file or directory)
openat(AT_FDCWD, "/usr/local/cuda-12.5/lib64/glibc-hwcaps/x86-64-v4/libcuda.so.1", O_RDONLY|O_CLOEXEC) = -1 ENOENT (No such file or directory)
openat(AT_FDCWD, "/usr/local/cuda-12.5/lib64/glibc-hwcaps/x86-64-v3/libcuda.so.1", O_RDONLY|O_CLOEXEC) = -1 ENOENT (No such file or directory)
openat(AT_FDCWD, "/usr/local/cuda-12.5/lib64/glibc-hwcaps/x86-64-v2/libcuda.so.1", O_RDONLY|O_CLOEXEC) = -1 ENOENT (No such file or directory)
openat(AT_FDCWD, "/usr/local/cuda-12.5/lib64/tls/haswell/avx512_1/x86_64/libcuda.so.1", O_RDONLY|O_CLOEXEC) = -1 ENOENT (No such file or directory)
openat(AT_FDCWD, "/usr/local/cuda-12.5/lib64/tls/haswell/avx512_1/libcuda.so.1", O_RDONLY|O_CLOEXEC) = -1 ENOENT (No such file or directory)
openat(AT_FDCWD, "/usr/local/cuda-12.5/lib64/tls/haswell/x86_64/libcuda.so.1", O_RDONLY|O_CLOEXEC) = -1 ENOENT (No such file or directory)
openat(AT_FDCWD, "/usr/local/cuda-12.5/lib64/tls/haswell/libcuda.so.1", O_RDONLY|O_CLOEXEC) = -1 ENOENT (No such file or directory)
openat(AT_FDCWD, "/usr/local/cuda-12.5/lib64/tls/avx512_1/x86_64/libcuda.so.1", O_RDONLY|O_CLOEXEC) = -1 ENOENT (No such file or directory)
openat(AT_FDCWD, "/usr/local/cuda-12.5/lib64/tls/avx512_1/libcuda.so.1", O_RDONLY|O_CLOEXEC) = -1 ENOENT (No such file or directory)
openat(AT_FDCWD, "/usr/local/cuda-12.5/lib64/tls/x86_64/libcuda.so.1", O_RDONLY|O_CLOEXEC) = -1 ENOENT (No such file or directory)
openat(AT_FDCWD, "/usr/local/cuda-12.5/lib64/tls/libcuda.so.1", O_RDONLY|O_CLOEXEC) = -1 ENOENT (No such file or directory)
openat(AT_FDCWD, "/usr/local/cuda-12.5/lib64/haswell/avx512_1/x86_64/libcuda.so.1", O_RDONLY|O_CLOEXEC) = -1 ENOENT (No such file or directory)
openat(AT_FDCWD, "/usr/local/cuda-12.5/lib64/haswell/avx512_1/libcuda.so.1", O_RDONLY|O_CLOEXEC) = -1 ENOENT (No such file or directory)
openat(AT_FDCWD, "/usr/local/cuda-12.5/lib64/haswell/x86_64/libcuda.so.1", O_RDONLY|O_CLOEXEC) = -1 ENOENT (No such file or directory)
openat(AT_FDCWD, "/usr/local/cuda-12.5/lib64/haswell/libcuda.so.1", O_RDONLY|O_CLOEXEC) = -1 ENOENT (No such file or directory)
openat(AT_FDCWD, "/usr/local/cuda-12.5/lib64/avx512_1/x86_64/libcuda.so.1", O_RDONLY|O_CLOEXEC) = -1 ENOENT (No such file or directory)
openat(AT_FDCWD, "/usr/local/cuda-12.5/lib64/avx512_1/libcuda.so.1", O_RDONLY|O_CLOEXEC) = -1 ENOENT (No such file or directory)
openat(AT_FDCWD, "/usr/local/cuda-12.5/lib64/x86_64/libcuda.so.1", O_RDONLY|O_CLOEXEC) = -1 ENOENT (No such file or directory)
openat(AT_FDCWD, "/usr/local/cuda-12.5/lib64/libcuda.so.1", O_RDONLY|O_CLOEXEC) = -1 ENOENT (No such file or directory)
openat(AT_FDCWD, "/etc/ld.so.cache", O_RDONLY|O_CLOEXEC) = 5
mmap(NULL, 114616, PROT_READ, MAP_PRIVATE, 5, 0) = 0x7a551f4ee000
openat(AT_FDCWD, "/lib/x86_64-linux-gnu/libcuda.so.1", O_RDONLY|O_CLOEXEC) = 5
read(5, "\177ELF\2\1\1\0\0\0\0\0\0\0\0\0\3\0>\0\1\0\0\0@\376\n\0\0\0\0\0"..., 832) = 832
mmap(NULL, 28517280, PROT_READ, MAP_PRIVATE|MAP_DENYWRITE, 5, 0) = 0x7a551d800000
mmap(0x7a551d8af000, 4759552, PROT_READ|PROT_EXEC, MAP_PRIVATE|MAP_FIXED|MAP_DENYWRITE, 5, 0xaf000) = 0x7a551d8af000
mmap(0x7a551dd39000, 21852160, PROT_READ, MAP_PRIVATE|MAP_FIXED|MAP_DENYWRITE, 5, 0x539000) = 0x7a551dd39000
mmap(0x7a551f211000, 765952, PROT_READ|PROT_WRITE, MAP_PRIVATE|MAP_FIXED|MAP_DENYWRITE, 5, 0x1a10000) = 0x7a551f211000
mmap(0x7a551f2cc000, 418720, PROT_READ|PROT_WRITE, MAP_PRIVATE|MAP_FIXED|MAP_ANONYMOUS, -1, 0) = 0x7a551f2cc000
openat(AT_FDCWD, "/usr/local/cuda-12.5/lib64/libc.so.6", O_RDONLY|O_CLOEXEC) = -1 ENOENT (No such file or directory)
openat(AT_FDCWD, "/lib/x86_64-linux-gnu/libc.so.6", O_RDONLY|O_CLOEXEC) = 5
read(5, "\177ELF\2\1\1\3\0\0\0\0\0\0\0\0\3\0>\0\1\0\0\0P\237\2\0\0\0\0\0"..., 832) = 832
mmap(NULL, 2264656, PROT_READ, MAP_PRIVATE|MAP_DENYWRITE, 5, 0) = 0x7a551d400000
mmap(0x7a551d428000, 1658880, PROT_READ|PROT_EXEC, MAP_PRIVATE|MAP_FIXED|MAP_DENYWRITE, 5, 0x28000) = 0x7a551d428000
mmap(0x7a551d5bd000, 360448, PROT_READ, MAP_PRIVATE|MAP_FIXED|MAP_DENYWRITE, 5, 0x1bd000) = 0x7a551d5bd000
mmap(0x7a551d616000, 24576, PROT_READ|PROT_WRITE, MAP_PRIVATE|MAP_FIXED|MAP_DENYWRITE, 5, 0x215000) = 0x7a551d616000
mmap(0x7a551d61c000, 52816, PROT_READ|PROT_WRITE, MAP_PRIVATE|MAP_FIXED|MAP_ANONYMOUS, -1, 0) = 0x7a551d61c000
openat(AT_FDCWD, "/usr/local/cuda-12.5/lib64/libm.so.6", O_RDONLY|O_CLOEXEC) = -1 ENOENT (No such file or directory)
openat(AT_FDCWD, "/lib/x86_64-linux-gnu/libm.so.6", O_RDONLY|O_CLOEXEC) = 5
read(5, "\177ELF\2\1\1\3\0\0\0\0\0\0\0\0\3\0>\0\1\0\0\0\0\0\0\0\0\0\0\0"..., 832) = 832
mmap(NULL, 942344, PROT_READ, MAP_PRIVATE|MAP_DENYWRITE, 5, 0) = 0x7a551f407000
mmap(0x7a551f415000, 507904, PROT_READ|PROT_EXEC, MAP_PRIVATE|MAP_FIXED|MAP_DENYWRITE, 5, 0xe000) = 0x7a551f415000
mmap(0x7a551f491000, 372736, PROT_READ, MAP_PRIVATE|MAP_FIXED|MAP_DENYWRITE, 5, 0x8a000) = 0x7a551f491000
mmap(0x7a551f4ec000, 8192, PROT_READ|PROT_WRITE, MAP_PRIVATE|MAP_FIXED|MAP_DENYWRITE, 5, 0xe4000) = 0x7a551f4ec000
openat(AT_FDCWD, "/usr/local/cuda-12.5/lib64/libdl.so.2", O_RDONLY|O_CLOEXEC) = -1 ENOENT (No such file or directory)
openat(AT_FDCWD, "/lib/x86_64-linux-gnu/libdl.so.2", O_RDONLY|O_CLOEXEC) = 5
read(5, "\177ELF\2\1\1\0\0\0\0\0\0\0\0\0\3\0>\0\1\0\0\0\0\0\0\0\0\0\0\0"..., 832) = 832
mmap(NULL, 16424, PROT_READ, MAP_PRIVATE|MAP_DENYWRITE, 5, 0) = 0x7a551f402000
mmap(0x7a551f403000, 4096, PROT_READ|PROT_EXEC, MAP_PRIVATE|MAP_FIXED|MAP_DENYWRITE, 5, 0x1000) = 0x7a551f403000
mmap(0x7a551f404000, 4096, PROT_READ, MAP_PRIVATE|MAP_FIXED|MAP_DENYWRITE, 5, 0x2000) = 0x7a551f404000
mmap(0x7a551f405000, 8192, PROT_READ|PROT_WRITE, MAP_PRIVATE|MAP_FIXED|MAP_DENYWRITE, 5, 0x2000) = 0x7a551f405000
openat(AT_FDCWD, "/usr/local/cuda-12.5/lib64/libpthread.so.0", O_RDONLY|O_CLOEXEC) = -1 ENOENT (No such file or directory)
openat(AT_FDCWD, "/lib/x86_64-linux-gnu/libpthread.so.0", O_RDONLY|O_CLOEXEC) = 5
read(5, "\177ELF\2\1\1\0\0\0\0\0\0\0\0\0\3\0>\0\1\0\0\0\0\0\0\0\0\0\0\0"..., 832) = 832
mmap(NULL, 16424, PROT_READ, MAP_PRIVATE|MAP_DENYWRITE, 5, 0) = 0x7a551f3fd000
mmap(0x7a551f3fe000, 4096, PROT_READ|PROT_EXEC, MAP_PRIVATE|MAP_FIXED|MAP_DENYWRITE, 5, 0x1000) = 0x7a551f3fe000
mmap(0x7a551f3ff000, 4096, PROT_READ, MAP_PRIVATE|MAP_FIXED|MAP_DENYWRITE, 5, 0x2000) = 0x7a551f3ff000
mmap(0x7a551f400000, 8192, PROT_READ|PROT_WRITE, MAP_PRIVATE|MAP_FIXED|MAP_DENYWRITE, 5, 0x2000) = 0x7a551f400000
openat(AT_FDCWD, "/usr/local/cuda-12.5/lib64/librt.so.1", O_RDONLY|O_CLOEXEC) = -1 ENOENT (No such file or directory)
openat(AT_FDCWD, "/lib/x86_64-linux-gnu/librt.so.1", O_RDONLY|O_CLOEXEC) = 5
read(5, "\177ELF\2\1\1\0\0\0\0\0\0\0\0\0\3\0>\0\1\0\0\0\0\0\0\0\0\0\0\0"..., 832) = 832
mmap(NULL, 8192, PROT_READ|PROT_WRITE, MAP_PRIVATE|MAP_ANONYMOUS, -1, 0) = 0x7a551f3fb000
mmap(NULL, 16440, PROT_READ, MAP_PRIVATE|MAP_DENYWRITE, 5, 0) = 0x7a551f3f6000
mmap(0x7a551f3f7000, 4096, PROT_READ|PROT_EXEC, MAP_PRIVATE|MAP_FIXED|MAP_DENYWRITE, 5, 0x1000) = 0x7a551f3f7000
mmap(0x7a551f3f8000, 4096, PROT_READ, MAP_PRIVATE|MAP_FIXED|MAP_DENYWRITE, 5, 0x2000) = 0x7a551f3f8000
mmap(0x7a551f3f9000, 8192, PROT_READ|PROT_WRITE, MAP_PRIVATE|MAP_FIXED|MAP_DENYWRITE, 5, 0x2000) = 0x7a551f3f9000
mmap(NULL, 20480, PROT_READ|PROT_WRITE, MAP_PRIVATE|MAP_ANONYMOUS, -1, 0) = 0x7a551f3f1000
munmap(0x7a551f4ee000, 114616)          = 0
openat(AT_FDCWD, "/sys/devices/system/cpu/online", O_RDONLY|O_CLOEXEC) = 5
read(5, "0-63\n", 1024)                 = 5
openat(AT_FDCWD, "/sys/devices/system/cpu/online", O_RDONLY|O_CLOEXEC) = 5
read(5, "0-63\n", 1024)                 = 5
openat(AT_FDCWD, "/proc/sys/vm/mmap_min_addr", O_RDONLY) = 5
read(5, "65536\n", 1024)                = 6
openat(AT_FDCWD, "/proc/cpuinfo", O_RDONLY) = 5
read(5, "processor\t: 0\nvendor_id\t: Genuin"..., 1024) = 1024
read(5, "wb intel_pt avx512cd sha_ni avx5"..., 1024) = 1024
openat(AT_FDCWD, "/proc/self/maps", O_RDONLY) = 5
read(5, "610520f0e000-610520f18000 r--p 0"..., 1024) = 1024
read(5, "r/lib/x86_64-linux-gnu/libc.so.6"..., 1024) = 1024
read(5, "r--p 01a10000 00:1b 10545076    "..., 1024) = 1024
read(5, "0\n7a551f3fe000-7a551f3ff000 r-xp"..., 1024) = 1024
read(5, "-7a551f415000 r--p 00000000 00:1"..., 1024) = 1024
read(5, "x86_64-linux-gnu/ld-linux-x86-64"..., 1024) = 483
openat(AT_FDCWD, "/sys/devices/system/cpu/online", O_RDONLY|O_CLOEXEC) = 5
read(5, "0-63\n", 1024)                 = 5
mmap(NULL, 8392704, PROT_NONE, MAP_PRIVATE|MAP_ANONYMOUS|MAP_STACK, -1, 0) = 0x7a551cbff000
openat(AT_FDCWD, "/proc/self/task/3940947/comm", O_WRONLY|O_CREAT|O_TRUNC, 0666) = 10
write(10, "cuda00001c00008", 15)        = 15
write(5, "\1\0\0\0\0\0\0\0", 8)         = 8
openat(AT_FDCWD, "/dev/shm/cuda_injection_path_shm", O_RDWR|O_NOFOLLOW|O_CLOEXEC) = -1 ENOENT (No such file or directory)
openat(AT_FDCWD, "/home/pulak/.nv/nvidia-application-profile-globals-rc", O_RDONLY) = -1 ENOENT (No such file or directory)
openat(AT_FDCWD, "/home/pulak/.nv/nvidia-application-profiles-rc", O_RDONLY) = -1 ENOENT (No such file or directory)
openat(AT_FDCWD, "/home/pulak/.nv/nvidia-application-profiles-rc.d", O_RDONLY) = -1 ENOENT (No such file or directory)
openat(AT_FDCWD, "/etc/nvidia/nvidia-application-profiles-rc", O_RDONLY) = -1 ENOENT (No such file or directory)
openat(AT_FDCWD, "/etc/nvidia/nvidia-application-profiles-rc.d/", O_RDONLY) = -1 ENOENT (No such file or directory)
openat(AT_FDCWD, "/usr/share/nvidia/nvidia-application-profiles-555.42.06-rc", O_RDONLY) = 10
read(10, "# Application profiles for the N"..., 16384) = 16384
read(10, "    { \"pattern\": { \"feature\":\"cm"..., 4096) = 2468
openat(AT_FDCWD, "/usr/share/nvidia/nvidia-application-profiles-rc", O_RDONLY) = -1 ENOENT (No such file or directory)
openat(AT_FDCWD, "/proc/self/cmdline", O_RDONLY) = 10
read(10, "./programs/cu_ctx_create\0", 4096) = 25
read(10, "", 3072)                      = 0
mmap(NULL, 135168, PROT_READ|PROT_WRITE, MAP_PRIVATE|MAP_ANONYMOUS, -1, 0) = 0x7a551f3d0000
openat(AT_FDCWD, "/proc/modules", O_RDONLY) = 10
read(10, "tcp_diag 12288 0 - Live 0x000000"..., 1024) = 1024
read(10, "0000000\nnetfs 512000 1 nfs, Live"..., 1024) = 1024
read(10, " 0x0000000000000000\nrdma_cm 1474"..., 1024) = 1024
read(10, "00000000\nledtrig_audio 12288 1 d"..., 1024) = 1024
read(10, "cdbas 20480 1 dell_smbios, Live "..., 1024) = 1024
read(10, "00\nmtd 98304 4 cmdlinepart,spi_n"..., 1024) = 1024
openat(AT_FDCWD, "/proc/driver/nvidia/params", O_RDONLY) = 10
read(10, "ResmanDebugLevel: 4294967295\nRmL"..., 1024) = 945
openat(AT_FDCWD, "/proc/driver/nvidia/params", O_RDONLY) = 10
read(10, "ResmanDebugLevel: 4294967295\nRmL"..., 1024) = 945
openat(AT_FDCWD, "/dev/nvidiactl", O_RDWR) = 10
openat(AT_FDCWD, "/sys/devices/system/memory/block_size_bytes", O_RDONLY) = 11
read(11, "80000000\n", 99)              = 9
ioctl(10, _IOC(_IOC_READ|_IOC_WRITE, 0x46, 0xd6, 0x8), 0x7ffd5d58dc80) = 0
ioctl(10, _IOC(_IOC_READ|_IOC_WRITE, 0x46, 0xc8, 0x900), 0x7a551f31aae0) = 0
openat(AT_FDCWD, "/proc/driver/nvidia/params", O_RDONLY) = 11
read(11, "ResmanDebugLevel: 4294967295\nRmL"..., 1024) = 945
ioctl(10, _IOC(_IOC_READ|_IOC_WRITE, 0x46, 0x2b, 0x20), 0x7ffd5d58ddd0) = 0
ioctl(10, _IOC(_IOC_READ|_IOC_WRITE, 0x46, 0x2a, 0x20), 0x7ffd5d58ccd0) = 0
ioctl(10, _IOC(_IOC_READ|_IOC_WRITE, 0x46, 0x29, 0x10), 0x7ffd5d58ddb0) = 0
openat(AT_FDCWD, "/proc/modules", O_RDONLY) = 10
read(10, "tcp_diag 12288 0 - Live 0x000000"..., 1024) = 1024
read(10, "0000000\nnetfs 512000 1 nfs, Live"..., 1024) = 1024
read(10, " 0x0000000000000000\nrdma_cm 1474"..., 1024) = 1024
read(10, "00000000\nledtrig_audio 12288 1 d"..., 1024) = 1024
read(10, "cdbas 20480 1 dell_smbios, Live "..., 1024) = 1024
read(10, "00\nmtd 98304 4 cmdlinepart,spi_n"..., 1024) = 1024
openat(AT_FDCWD, "/proc/driver/nvidia/params", O_RDONLY) = 10
read(10, "ResmanDebugLevel: 4294967295\nRmL"..., 1024) = 945
openat(AT_FDCWD, "/proc/driver/nvidia/params", O_RDONLY) = 10
read(10, "ResmanDebugLevel: 4294967295\nRmL"..., 1024) = 945
openat(AT_FDCWD, "/dev/nvidiactl", O_RDWR) = 10
openat(AT_FDCWD, "/sys/devices/system/memory/block_size_bytes", O_RDONLY) = 11
read(11, "80000000\n", 99)              = 9
ioctl(10, _IOC(_IOC_READ|_IOC_WRITE, 0x46, 0xd6, 0x8), 0x7ffd5d58e240) = 0
ioctl(10, _IOC(_IOC_READ|_IOC_WRITE, 0x46, 0xc8, 0x900), 0x7a551f31aae0) = 0
openat(AT_FDCWD, "/proc/driver/nvidia/params", O_RDONLY) = 11
read(11, "ResmanDebugLevel: 4294967295\nRmL"..., 1024) = 945
ioctl(10, _IOC(_IOC_READ|_IOC_WRITE, 0x46, 0x2b, 0x20), 0x7ffd5d58e390) = 0
ioctl(10, _IOC(_IOC_READ|_IOC_WRITE, 0x46, 0x2a, 0x20), 0x7ffd5d58d250) = 0
ioctl(10, _IOC(_IOC_READ|_IOC_WRITE, 0x46, 0x2a, 0x20), 0x7ffd5d58d250) = 0
ioctl(10, _IOC(_IOC_READ|_IOC_WRITE, 0x46, 0x2b, 0x30), 0x7ffd5d58e380) = 0
ioctl(10, _IOC(_IOC_READ|_IOC_WRITE, 0x46, 0x2a, 0x20), 0x7ffd5d58d260) = 0
openat(AT_FDCWD, "/sys/devices/system/cpu/online", O_RDONLY|O_CLOEXEC) = 11
read(11, "0-63\n", 1024)                = 5
openat(AT_FDCWD, "/proc/self/status", O_RDONLY) = 11
read(11, "Name:\tcu_ctx_create\nUmask:\t0002\n"..., 1024) = 1024
read(11, "onIndirectBranch:\tconditional en"..., 1024) = 529
openat(AT_FDCWD, "/sys/devices/system/node", O_RDONLY|O_NONBLOCK|O_CLOEXEC|O_DIRECTORY) = 11
openat(AT_FDCWD, "/sys/devices/system/node/node0/cpumap", O_RDONLY) = 12
read(12, "55555555,55555555\n", 4096)   = 18
openat(AT_FDCWD, "/sys/devices/system/node/node1/cpumap", O_RDONLY) = 12
read(12, "aaaaaaaa,aaaaaaaa\n", 4096)   = 18
openat(AT_FDCWD, "/proc/modules", O_RDONLY) = 11
read(11, "tcp_diag 12288 0 - Live 0x000000"..., 1024) = 1024
read(11, "0000000\nnetfs 512000 1 nfs, Live"..., 1024) = 1024
openat(AT_FDCWD, "/proc/devices", O_RDONLY) = 11
read(11, "Character devices:\n  1 mem\n  4 /"..., 1024) = 985
openat(AT_FDCWD, "/dev/nvidia-uvm", O_RDWR|O_CLOEXEC) = 11
openat(AT_FDCWD, "/dev/nvidia-uvm", O_RDWR|O_CLOEXEC) = 12
ioctl(11, _IOC(_IOC_NONE, 0, 0x1, 0x3000), 0x7ffd5d58e390) = 0
ioctl(12, _IOC(_IOC_NONE, 0, 0x4b, 0), 0x7ffd5d58e390) = 0
ioctl(11, _IOC(_IOC_NONE, 0, 0x27, 0), 0x7ffd5d58e390) = 0
ioctl(10, _IOC(_IOC_READ|_IOC_WRITE, 0x46, 0x2a, 0x20), 0x7ffd5d58b400) = 0
ioctl(10, _IOC(_IOC_READ|_IOC_WRITE, 0x46, 0x2a, 0x20), 0x7ffd5d58ac30) = 0
ioctl(10, _IOC(_IOC_READ|_IOC_WRITE, 0x46, 0x2a, 0x20), 0x7ffd5d58b340) = 0
openat(AT_FDCWD, "/proc/driver/nvidia/params", O_RDONLY) = 13
read(13, "ResmanDebugLevel: 4294967295\nRmL"..., 1024) = 945
openat(AT_FDCWD, "/proc/driver/nvidia/params", O_RDONLY) = 13
read(13, "ResmanDebugLevel: 4294967295\nRmL"..., 1024) = 945
openat(AT_FDCWD, "/dev/nvidia0", O_RDWR|O_CLOEXEC) = 13
ioctl(10, _IOC(_IOC_READ|_IOC_WRITE, 0x46, 0x2a, 0x20), 0x7ffd5d58b340) = 0
openat(AT_FDCWD, "/proc/driver/nvidia/params", O_RDONLY) = 14
read(14, "ResmanDebugLevel: 4294967295\nRmL"..., 1024) = 945
openat(AT_FDCWD, "/proc/driver/nvidia/params", O_RDONLY) = 14
read(14, "ResmanDebugLevel: 4294967295\nRmL"..., 1024) = 945
openat(AT_FDCWD, "/dev/nvidia1", O_RDWR|O_CLOEXEC) = 14
ioctl(10, _IOC(_IOC_READ|_IOC_WRITE, 0x46, 0x2a, 0x20), 0x7ffd5d58b340) = 0
openat(AT_FDCWD, "/proc/driver/nvidia/params", O_RDONLY) = 15
read(15, "ResmanDebugLevel: 4294967295\nRmL"..., 1024) = 945
openat(AT_FDCWD, "/proc/driver/nvidia/params", O_RDONLY) = 15
read(15, "ResmanDebugLevel: 4294967295\nRmL"..., 1024) = 945
openat(AT_FDCWD, "/dev/nvidia2", O_RDWR|O_CLOEXEC) = 15
ioctl(10, _IOC(_IOC_READ|_IOC_WRITE, 0x46, 0x2a, 0x20), 0x7ffd5d58b340) = 0
openat(AT_FDCWD, "/proc/driver/nvidia/params", O_RDONLY) = 16
read(16, "ResmanDebugLevel: 4294967295\nRmL"..., 1024) = 945
openat(AT_FDCWD, "/proc/driver/nvidia/params", O_RDONLY) = 16
read(16, "ResmanDebugLevel: 4294967295\nRmL"..., 1024) = 945
openat(AT_FDCWD, "/dev/nvidia3", O_RDWR|O_CLOEXEC) = 16
ioctl(10, _IOC(_IOC_READ|_IOC_WRITE, 0x46, 0x2a, 0x20), 0x7ffd5d58b500) = 0
ioctl(10, _IOC(_IOC_READ|_IOC_WRITE, 0x46, 0x2a, 0x20), 0x7ffd5d58b4f0) = 0
ioctl(10, _IOC(_IOC_READ|_IOC_WRITE, 0x46, 0x29, 0x10), 0x7ffd5d58c590) = 0
ioctl(10, _IOC(_IOC_READ|_IOC_WRITE, 0x46, 0x2a, 0x20), 0x7ffd5d58b380) = 0
ioctl(10, _IOC(_IOC_READ|_IOC_WRITE, 0x46, 0x2a, 0x20), 0x7ffd5d58b380) = 0
openat(AT_FDCWD, "/proc/driver/nvidia/params", O_RDONLY) = 18
read(18, "ResmanDebugLevel: 4294967295\nRmL"..., 1024) = 945
openat(AT_FDCWD, "/proc/driver/nvidia/params", O_RDONLY) = 18
read(18, "ResmanDebugLevel: 4294967295\nRmL"..., 1024) = 945
openat(AT_FDCWD, "/dev/nvidia0", O_RDWR|O_CLOEXEC) = 18
ioctl(18, _IOC(_IOC_READ|_IOC_WRITE, 0x46, 0xc9, 0x4), 0x7ffd5d58c500) = 0
ioctl(18, _IOC(_IOC_READ|_IOC_WRITE, 0x46, 0xd7, 0x230), 0x7ffd5d58c280) = 0
ioctl(10, _IOC(_IOC_READ|_IOC_WRITE, 0x46, 0x2b, 0x30), 0x7ffd5d58c5d0) = 0
ioctl(10, _IOC(_IOC_READ|_IOC_WRITE, 0x46, 0x2a, 0x20), 0x7ffd5d58b500) = 0
ioctl(10, _IOC(_IOC_READ|_IOC_WRITE, 0x46, 0x2a, 0x20), 0x7ffd5d58b360) = 0
ioctl(10, _IOC(_IOC_READ|_IOC_WRITE, 0x46, 0x2a, 0x20), 0x7ffd5d58b500) = 0
ioctl(10, _IOC(_IOC_READ|_IOC_WRITE, 0x46, 0x2a, 0x20), 0x7ffd5d58b470) = 0
ioctl(10, _IOC(_IOC_READ|_IOC_WRITE, 0x46, 0x2a, 0x20), 0x7ffd5d58b370) = 0
ioctl(10, _IOC(_IOC_READ|_IOC_WRITE, 0x46, 0x2a, 0x20), 0x7ffd5d58b370) = 0
openat(AT_FDCWD, "/proc/driver/nvidia/params", O_RDONLY) = 19
read(19, "ResmanDebugLevel: 4294967295\nRmL"..., 1024) = 945
openat(AT_FDCWD, "/proc/driver/nvidia/params", O_RDONLY) = 19
read(19, "ResmanDebugLevel: 4294967295\nRmL"..., 1024) = 945
openat(AT_FDCWD, "/dev/nvidia0", O_RDWR|O_CLOEXEC) = 19
ioctl(19, _IOC(_IOC_READ|_IOC_WRITE, 0x46, 0xc9, 0x4), 0x7ffd5d58c4f0) = 0
ioctl(10, _IOC(_IOC_READ|_IOC_WRITE, 0x46, 0x2b, 0x30), 0x7ffd5d58c600) = 0
ioctl(10, _IOC(_IOC_READ|_IOC_WRITE, 0x46, 0x2b, 0x30), 0x7ffd5d58c620) = 0
ioctl(10, _IOC(_IOC_READ|_IOC_WRITE, 0x46, 0x2a, 0x20), 0x7ffd5d58b350) = 0
ioctl(10, _IOC(_IOC_READ|_IOC_WRITE, 0x46, 0x2a, 0x20), 0x7ffd5d58ae50) = 0
ioctl(10, _IOC(_IOC_READ|_IOC_WRITE, 0x46, 0x2a, 0x20), 0x7ffd5d58b400) = 0
ioctl(10, _IOC(_IOC_READ|_IOC_WRITE, 0x46, 0x2a, 0x20), 0x7ffd5d58aa70) = 0
ioctl(10, _IOC(_IOC_READ|_IOC_WRITE, 0x46, 0x2a, 0x20), 0x7ffd5d58a260) = 0
ioctl(10, _IOC(_IOC_READ|_IOC_WRITE, 0x46, 0x2a, 0x20), 0x7ffd5d58a8b0) = 0
ioctl(10, _IOC(_IOC_READ|_IOC_WRITE, 0x46, 0x2a, 0x20), 0x7ffd5d58b120) = 0
ioctl(10, _IOC(_IOC_READ|_IOC_WRITE, 0x46, 0x2a, 0x20), 0x7ffd5d58b2f0) = 0
ioctl(10, _IOC(_IOC_READ|_IOC_WRITE, 0x46, 0x2a, 0x20), 0x7ffd5d58afe0) = 0
ioctl(10, _IOC(_IOC_READ|_IOC_WRITE, 0x46, 0x2a, 0x20), 0x7ffd5d58afe0) = 0
ioctl(10, _IOC(_IOC_READ|_IOC_WRITE, 0x46, 0x2a, 0x20), 0x7ffd5d58afe0) = 0
ioctl(10, _IOC(_IOC_READ|_IOC_WRITE, 0x46, 0x2a, 0x20), 0x7ffd5d58afe0) = 0
ioctl(10, _IOC(_IOC_READ|_IOC_WRITE, 0x46, 0x2a, 0x20), 0x7ffd5d58afe0) = 0
ioctl(10, _IOC(_IOC_READ|_IOC_WRITE, 0x46, 0x2a, 0x20), 0x7ffd5d58ae30) = 0
ioctl(10, _IOC(_IOC_READ|_IOC_WRITE, 0x46, 0x2a, 0x20), 0x7ffd5d58b140) = 0
ioctl(10, _IOC(_IOC_READ|_IOC_WRITE, 0x46, 0x2a, 0x20), 0x7ffd5d58b1e0) = 0
ioctl(10, _IOC(_IOC_READ|_IOC_WRITE, 0x46, 0x2a, 0x20), 0x7ffd5d58b2f0) = 0
ioctl(10, _IOC(_IOC_READ|_IOC_WRITE, 0x46, 0x2a, 0x20), 0x7ffd5d58b2f0) = 0
openat(AT_FDCWD, "/dev/nvidia0", O_RDWR|O_CLOEXEC) = 22
ioctl(22, _IOC(_IOC_READ|_IOC_WRITE, 0x46, 0xc9, 0x4), 0x7ffd5d58c3b0) = 0
ioctl(22, _IOC(_IOC_READ|_IOC_WRITE, 0x46, 0xce, 0x10), 0x7ffd5d58c3a0) = 0
ioctl(10, _IOC(_IOC_READ|_IOC_WRITE, 0x46, 0x2a, 0x20), 0x7ffd5d58b040) = 0
ioctl(10, _IOC(_IOC_READ|_IOC_WRITE, 0x46, 0x2a, 0x20), 0x7ffd5d58b220) = 0
ioctl(10, _IOC(_IOC_READ|_IOC_WRITE, 0x46, 0x2a, 0x20), 0x7ffd5d58b220) = 0
ioctl(10, _IOC(_IOC_READ|_IOC_WRITE, 0x46, 0x2a, 0x20), 0x7ffd5d58b220) = 0
ioctl(10, _IOC(_IOC_READ|_IOC_WRITE, 0x46, 0x2a, 0x20), 0x7ffd5d58b220) = 0
ioctl(10, _IOC(_IOC_READ|_IOC_WRITE, 0x46, 0x2a, 0x20), 0x7ffd5d58b220) = 0
ioctl(10, _IOC(_IOC_READ|_IOC_WRITE, 0x46, 0x2a, 0x20), 0x7ffd5d58b220) = 0
ioctl(10, _IOC(_IOC_READ|_IOC_WRITE, 0x46, 0x2a, 0x20), 0x7ffd5d58b220) = 0
ioctl(10, _IOC(_IOC_READ|_IOC_WRITE, 0x46, 0x2a, 0x20), 0x7ffd5d58b210) = 0
ioctl(10, _IOC(_IOC_READ|_IOC_WRITE, 0x46, 0x2a, 0x20), 0x7ffd5d58b190) = 0
ioctl(10, _IOC(_IOC_READ|_IOC_WRITE, 0x46, 0x2a, 0x20), 0x7ffd5d58b120) = 0
ioctl(10, _IOC(_IOC_READ|_IOC_WRITE, 0x46, 0x2a, 0x20), 0x7ffd5d588c70) = 0
ioctl(10, _IOC(_IOC_READ|_IOC_WRITE, 0x46, 0x2a, 0x20), 0x7ffd5d589d20) = 0
ioctl(10, _IOC(_IOC_READ|_IOC_WRITE, 0x46, 0x2a, 0x20), 0x7ffd5d58b320) = 0
ioctl(10, _IOC(_IOC_READ|_IOC_WRITE, 0x46, 0x2a, 0x20), 0x7ffd5d58b170) = 0
ioctl(10, _IOC(_IOC_READ|_IOC_WRITE, 0x46, 0x2b, 0x30), 0x7ffd5d58c390) = 0
ioctl(10, _IOC(_IOC_READ|_IOC_WRITE, 0x46, 0x2a, 0x20), 0x7ffd5d58b160) = 0
openat(AT_FDCWD, "/dev/nvidia0", O_RDWR|O_CLOEXEC) = 23
ioctl(10, _IOC(_IOC_READ|_IOC_WRITE, 0x46, 0x4e, 0x38), 0x7ffd5d58c320) = 0
mmap(NULL, 65536, PROT_WRITE, MAP_SHARED, 23, 0) = 0x7a551f4fa000
ioctl(10, _IOC(_IOC_READ|_IOC_WRITE, 0x46, 0x2b, 0x30), 0x7ffd5d58c3a0) = 0
ioctl(10, _IOC(_IOC_READ|_IOC_WRITE, 0x46, 0x2a, 0x20), 0x7ffd5d58b320) = 0
ioctl(10, _IOC(_IOC_READ|_IOC_WRITE, 0x46, 0x2a, 0x20), 0x7ffd5d58b2c0) = 0
ioctl(10, _IOC(_IOC_READ|_IOC_WRITE, 0x46, 0x2b, 0x30), 0x7ffd5d58c410) = 0
ioctl(10, _IOC(_IOC_READ|_IOC_WRITE, 0x46, 0x2b, 0x30), 0x7ffd5d58c410) = 0
ioctl(10, _IOC(_IOC_READ|_IOC_WRITE, 0x46, 0x2a, 0x20), 0x7ffd5d58b2f0) = 0
ioctl(10, _IOC(_IOC_READ|_IOC_WRITE, 0x46, 0x2a, 0x20), 0x7ffd5d58b250) = 0
ioctl(10, _IOC(_IOC_READ|_IOC_WRITE, 0x46, 0x2a, 0x20), 0x7ffd5d58b250) = 0
ioctl(10, _IOC(_IOC_READ|_IOC_WRITE, 0x46, 0x2a, 0x20), 0x7ffd5d58b350) = 0
ioctl(10, _IOC(_IOC_READ|_IOC_WRITE, 0x46, 0x2a, 0x20), 0x7ffd5d58b210) = 0
openat(AT_FDCWD, "/sys/bus/pci/devices/0000:17:00.0/numa_node", O_RDONLY) = 23
read(23, "0\n", 4096)                   = 2
ioctl(10, _IOC(_IOC_READ|_IOC_WRITE, 0x46, 0x2a, 0x20), 0x7ffd5d58b4f0) = 0
ioctl(10, _IOC(_IOC_READ|_IOC_WRITE, 0x46, 0x29, 0x10), 0x7ffd5d58c590) = 0
ioctl(10, _IOC(_IOC_READ|_IOC_WRITE, 0x46, 0x2a, 0x20), 0x7ffd5d58b380) = 0
ioctl(10, _IOC(_IOC_READ|_IOC_WRITE, 0x46, 0x2a, 0x20), 0x7ffd5d58b380) = 0
ioctl(10, _IOC(_IOC_READ|_IOC_WRITE, 0x46, 0x2a, 0x20), 0x7ffd5d58b380) = 0
openat(AT_FDCWD, "/proc/driver/nvidia/params", O_RDONLY) = 23
read(23, "ResmanDebugLevel: 4294967295\nRmL"..., 1024) = 945
openat(AT_FDCWD, "/proc/driver/nvidia/params", O_RDONLY) = 23
read(23, "ResmanDebugLevel: 4294967295\nRmL"..., 1024) = 945
openat(AT_FDCWD, "/dev/nvidia1", O_RDWR|O_CLOEXEC) = 23
ioctl(23, _IOC(_IOC_READ|_IOC_WRITE, 0x46, 0xc9, 0x4), 0x7ffd5d58c500) = 0
ioctl(23, _IOC(_IOC_READ|_IOC_WRITE, 0x46, 0xd7, 0x230), 0x7ffd5d58c280) = 0
ioctl(10, _IOC(_IOC_READ|_IOC_WRITE, 0x46, 0x2b, 0x30), 0x7ffd5d58c5d0) = 0
ioctl(10, _IOC(_IOC_READ|_IOC_WRITE, 0x46, 0x2a, 0x20), 0x7ffd5d58b500) = 0
ioctl(10, _IOC(_IOC_READ|_IOC_WRITE, 0x46, 0x2a, 0x20), 0x7ffd5d58b360) = 0
ioctl(10, _IOC(_IOC_READ|_IOC_WRITE, 0x46, 0x2a, 0x20), 0x7ffd5d58b500) = 0
ioctl(10, _IOC(_IOC_READ|_IOC_WRITE, 0x46, 0x2a, 0x20), 0x7ffd5d58b470) = 0
ioctl(10, _IOC(_IOC_READ|_IOC_WRITE, 0x46, 0x2a, 0x20), 0x7ffd5d58b370) = 0
ioctl(10, _IOC(_IOC_READ|_IOC_WRITE, 0x46, 0x2a, 0x20), 0x7ffd5d58b370) = 0
ioctl(10, _IOC(_IOC_READ|_IOC_WRITE, 0x46, 0x2a, 0x20), 0x7ffd5d58b370) = 0
openat(AT_FDCWD, "/proc/driver/nvidia/params", O_RDONLY) = 24
read(24, "ResmanDebugLevel: 4294967295\nRmL"..., 1024) = 945
openat(AT_FDCWD, "/proc/driver/nvidia/params", O_RDONLY) = 24
read(24, "ResmanDebugLevel: 4294967295\nRmL"..., 1024) = 945
openat(AT_FDCWD, "/dev/nvidia1", O_RDWR|O_CLOEXEC) = 24
ioctl(24, _IOC(_IOC_READ|_IOC_WRITE, 0x46, 0xc9, 0x4), 0x7ffd5d58c4f0) = 0
ioctl(10, _IOC(_IOC_READ|_IOC_WRITE, 0x46, 0x2b, 0x30), 0x7ffd5d58c600) = 0
ioctl(10, _IOC(_IOC_READ|_IOC_WRITE, 0x46, 0x2b, 0x30), 0x7ffd5d58c620) = 0
ioctl(10, _IOC(_IOC_READ|_IOC_WRITE, 0x46, 0x2a, 0x20), 0x7ffd5d58b350) = 0
ioctl(10, _IOC(_IOC_READ|_IOC_WRITE, 0x46, 0x2a, 0x20), 0x7ffd5d58ae50) = 0
ioctl(10, _IOC(_IOC_READ|_IOC_WRITE, 0x46, 0x2a, 0x20), 0x7ffd5d58b400) = 0
ioctl(10, _IOC(_IOC_READ|_IOC_WRITE, 0x46, 0x2a, 0x20), 0x7ffd5d58aa70) = 0
ioctl(10, _IOC(_IOC_READ|_IOC_WRITE, 0x46, 0x2a, 0x20), 0x7ffd5d58a260) = 0
ioctl(10, _IOC(_IOC_READ|_IOC_WRITE, 0x46, 0x2a, 0x20), 0x7ffd5d58a8b0) = 0
ioctl(10, _IOC(_IOC_READ|_IOC_WRITE, 0x46, 0x2a, 0x20), 0x7ffd5d58b120) = 0
ioctl(10, _IOC(_IOC_READ|_IOC_WRITE, 0x46, 0x2a, 0x20), 0x7ffd5d58b2f0) = 0
ioctl(10, _IOC(_IOC_READ|_IOC_WRITE, 0x46, 0x2a, 0x20), 0x7ffd5d58afe0) = 0
ioctl(10, _IOC(_IOC_READ|_IOC_WRITE, 0x46, 0x2a, 0x20), 0x7ffd5d58afe0) = 0
ioctl(10, _IOC(_IOC_READ|_IOC_WRITE, 0x46, 0x2a, 0x20), 0x7ffd5d58afe0) = 0
ioctl(10, _IOC(_IOC_READ|_IOC_WRITE, 0x46, 0x2a, 0x20), 0x7ffd5d58afe0) = 0
ioctl(10, _IOC(_IOC_READ|_IOC_WRITE, 0x46, 0x2a, 0x20), 0x7ffd5d58afe0) = 0
ioctl(10, _IOC(_IOC_READ|_IOC_WRITE, 0x46, 0x2a, 0x20), 0x7ffd5d58ae30) = 0
ioctl(10, _IOC(_IOC_READ|_IOC_WRITE, 0x46, 0x2a, 0x20), 0x7ffd5d58b140) = 0
ioctl(10, _IOC(_IOC_READ|_IOC_WRITE, 0x46, 0x2a, 0x20), 0x7ffd5d58b1e0) = 0
ioctl(10, _IOC(_IOC_READ|_IOC_WRITE, 0x46, 0x2a, 0x20), 0x7ffd5d58b2f0) = 0
ioctl(10, _IOC(_IOC_READ|_IOC_WRITE, 0x46, 0x2a, 0x20), 0x7ffd5d58b2f0) = 0
openat(AT_FDCWD, "/dev/nvidia1", O_RDWR|O_CLOEXEC) = 25
ioctl(25, _IOC(_IOC_READ|_IOC_WRITE, 0x46, 0xc9, 0x4), 0x7ffd5d58c3b0) = 0
ioctl(25, _IOC(_IOC_READ|_IOC_WRITE, 0x46, 0xce, 0x10), 0x7ffd5d58c3a0) = 0
ioctl(10, _IOC(_IOC_READ|_IOC_WRITE, 0x46, 0x2a, 0x20), 0x7ffd5d58b040) = 0
ioctl(10, _IOC(_IOC_READ|_IOC_WRITE, 0x46, 0x2a, 0x20), 0x7ffd5d58b220) = 0
ioctl(10, _IOC(_IOC_READ|_IOC_WRITE, 0x46, 0x2a, 0x20), 0x7ffd5d58b220) = 0
ioctl(10, _IOC(_IOC_READ|_IOC_WRITE, 0x46, 0x2a, 0x20), 0x7ffd5d58b220) = 0
ioctl(10, _IOC(_IOC_READ|_IOC_WRITE, 0x46, 0x2a, 0x20), 0x7ffd5d58b220) = 0
ioctl(10, _IOC(_IOC_READ|_IOC_WRITE, 0x46, 0x2a, 0x20), 0x7ffd5d58b220) = 0
ioctl(10, _IOC(_IOC_READ|_IOC_WRITE, 0x46, 0x2a, 0x20), 0x7ffd5d58b220) = 0
ioctl(10, _IOC(_IOC_READ|_IOC_WRITE, 0x46, 0x2a, 0x20), 0x7ffd5d58b220) = 0
ioctl(10, _IOC(_IOC_READ|_IOC_WRITE, 0x46, 0x2a, 0x20), 0x7ffd5d58b210) = 0
ioctl(10, _IOC(_IOC_READ|_IOC_WRITE, 0x46, 0x2a, 0x20), 0x7ffd5d58b190) = 0
ioctl(10, _IOC(_IOC_READ|_IOC_WRITE, 0x46, 0x2a, 0x20), 0x7ffd5d58b120) = 0
ioctl(10, _IOC(_IOC_READ|_IOC_WRITE, 0x46, 0x2a, 0x20), 0x7ffd5d588c70) = 0
ioctl(10, _IOC(_IOC_READ|_IOC_WRITE, 0x46, 0x2a, 0x20), 0x7ffd5d589d20) = 0
ioctl(10, _IOC(_IOC_READ|_IOC_WRITE, 0x46, 0x2a, 0x20), 0x7ffd5d58b320) = 0
ioctl(10, _IOC(_IOC_READ|_IOC_WRITE, 0x46, 0x2a, 0x20), 0x7ffd5d58b170) = 0
ioctl(10, _IOC(_IOC_READ|_IOC_WRITE, 0x46, 0x2b, 0x30), 0x7ffd5d58c390) = 0
ioctl(10, _IOC(_IOC_READ|_IOC_WRITE, 0x46, 0x2a, 0x20), 0x7ffd5d58b160) = 0
openat(AT_FDCWD, "/dev/nvidia1", O_RDWR|O_CLOEXEC) = 26
ioctl(10, _IOC(_IOC_READ|_IOC_WRITE, 0x46, 0x4e, 0x38), 0x7ffd5d58c320) = 0
mmap(NULL, 65536, PROT_WRITE, MAP_SHARED, 26, 0) = 0x7a551f3c0000
ioctl(10, _IOC(_IOC_READ|_IOC_WRITE, 0x46, 0x2b, 0x30), 0x7ffd5d58c3a0) = 0
ioctl(10, _IOC(_IOC_READ|_IOC_WRITE, 0x46, 0x2a, 0x20), 0x7ffd5d58b320) = 0
ioctl(10, _IOC(_IOC_READ|_IOC_WRITE, 0x46, 0x2a, 0x20), 0x7ffd5d58b2c0) = 0
ioctl(10, _IOC(_IOC_READ|_IOC_WRITE, 0x46, 0x2b, 0x30), 0x7ffd5d58c410) = 0
ioctl(10, _IOC(_IOC_READ|_IOC_WRITE, 0x46, 0x2b, 0x30), 0x7ffd5d58c410) = 0
ioctl(10, _IOC(_IOC_READ|_IOC_WRITE, 0x46, 0x2a, 0x20), 0x7ffd5d58b2f0) = 0
ioctl(10, _IOC(_IOC_READ|_IOC_WRITE, 0x46, 0x2a, 0x20), 0x7ffd5d58b250) = 0
ioctl(10, _IOC(_IOC_READ|_IOC_WRITE, 0x46, 0x2a, 0x20), 0x7ffd5d58b250) = 0
ioctl(10, _IOC(_IOC_READ|_IOC_WRITE, 0x46, 0x2a, 0x20), 0x7ffd5d58b350) = 0
ioctl(10, _IOC(_IOC_READ|_IOC_WRITE, 0x46, 0x2a, 0x20), 0x7ffd5d58b210) = 0
openat(AT_FDCWD, "/sys/bus/pci/devices/0000:65:00.0/numa_node", O_RDONLY) = 26
read(26, "0\n", 4096)                   = 2
ioctl(10, _IOC(_IOC_READ|_IOC_WRITE, 0x46, 0x2a, 0x20), 0x7ffd5d58b4f0) = 0
ioctl(10, _IOC(_IOC_READ|_IOC_WRITE, 0x46, 0x29, 0x10), 0x7ffd5d58c590) = 0
ioctl(10, _IOC(_IOC_READ|_IOC_WRITE, 0x46, 0x2a, 0x20), 0x7ffd5d58b380) = 0
ioctl(10, _IOC(_IOC_READ|_IOC_WRITE, 0x46, 0x2a, 0x20), 0x7ffd5d58b380) = 0
ioctl(10, _IOC(_IOC_READ|_IOC_WRITE, 0x46, 0x2a, 0x20), 0x7ffd5d58b380) = 0
ioctl(10, _IOC(_IOC_READ|_IOC_WRITE, 0x46, 0x2a, 0x20), 0x7ffd5d58b380) = 0
openat(AT_FDCWD, "/proc/driver/nvidia/params", O_RDONLY) = 26
read(26, "ResmanDebugLevel: 4294967295\nRmL"..., 1024) = 945
openat(AT_FDCWD, "/proc/driver/nvidia/params", O_RDONLY) = 26
read(26, "ResmanDebugLevel: 4294967295\nRmL"..., 1024) = 945
openat(AT_FDCWD, "/dev/nvidia2", O_RDWR|O_CLOEXEC) = 26
ioctl(26, _IOC(_IOC_READ|_IOC_WRITE, 0x46, 0xc9, 0x4), 0x7ffd5d58c500) = 0
ioctl(26, _IOC(_IOC_READ|_IOC_WRITE, 0x46, 0xd7, 0x230), 0x7ffd5d58c280) = 0
ioctl(10, _IOC(_IOC_READ|_IOC_WRITE, 0x46, 0x2b, 0x30), 0x7ffd5d58c5d0) = 0
ioctl(10, _IOC(_IOC_READ|_IOC_WRITE, 0x46, 0x2a, 0x20), 0x7ffd5d58b500) = 0
ioctl(10, _IOC(_IOC_READ|_IOC_WRITE, 0x46, 0x2a, 0x20), 0x7ffd5d58b360) = 0
ioctl(10, _IOC(_IOC_READ|_IOC_WRITE, 0x46, 0x2a, 0x20), 0x7ffd5d58b500) = 0
ioctl(10, _IOC(_IOC_READ|_IOC_WRITE, 0x46, 0x2a, 0x20), 0x7ffd5d58b470) = 0
ioctl(10, _IOC(_IOC_READ|_IOC_WRITE, 0x46, 0x2a, 0x20), 0x7ffd5d58b370) = 0
ioctl(10, _IOC(_IOC_READ|_IOC_WRITE, 0x46, 0x2a, 0x20), 0x7ffd5d58b370) = 0
ioctl(10, _IOC(_IOC_READ|_IOC_WRITE, 0x46, 0x2a, 0x20), 0x7ffd5d58b370) = 0
ioctl(10, _IOC(_IOC_READ|_IOC_WRITE, 0x46, 0x2a, 0x20), 0x7ffd5d58b370) = 0
openat(AT_FDCWD, "/proc/driver/nvidia/params", O_RDONLY) = 27
read(27, "ResmanDebugLevel: 4294967295\nRmL"..., 1024) = 945
openat(AT_FDCWD, "/proc/driver/nvidia/params", O_RDONLY) = 27
read(27, "ResmanDebugLevel: 4294967295\nRmL"..., 1024) = 945
openat(AT_FDCWD, "/dev/nvidia2", O_RDWR|O_CLOEXEC) = 27
ioctl(27, _IOC(_IOC_READ|_IOC_WRITE, 0x46, 0xc9, 0x4), 0x7ffd5d58c4f0) = 0
ioctl(10, _IOC(_IOC_READ|_IOC_WRITE, 0x46, 0x2b, 0x30), 0x7ffd5d58c600) = 0
ioctl(10, _IOC(_IOC_READ|_IOC_WRITE, 0x46, 0x2b, 0x30), 0x7ffd5d58c620) = 0
ioctl(10, _IOC(_IOC_READ|_IOC_WRITE, 0x46, 0x2a, 0x20), 0x7ffd5d58b350) = 0
ioctl(10, _IOC(_IOC_READ|_IOC_WRITE, 0x46, 0x2a, 0x20), 0x7ffd5d58ae50) = 0
ioctl(10, _IOC(_IOC_READ|_IOC_WRITE, 0x46, 0x2a, 0x20), 0x7ffd5d58b400) = 0
ioctl(10, _IOC(_IOC_READ|_IOC_WRITE, 0x46, 0x2a, 0x20), 0x7ffd5d58aa70) = 0
ioctl(10, _IOC(_IOC_READ|_IOC_WRITE, 0x46, 0x2a, 0x20), 0x7ffd5d58a260) = 0
ioctl(10, _IOC(_IOC_READ|_IOC_WRITE, 0x46, 0x2a, 0x20), 0x7ffd5d58a8b0) = 0
ioctl(10, _IOC(_IOC_READ|_IOC_WRITE, 0x46, 0x2a, 0x20), 0x7ffd5d58b120) = 0
ioctl(10, _IOC(_IOC_READ|_IOC_WRITE, 0x46, 0x2a, 0x20), 0x7ffd5d58b2f0) = 0
ioctl(10, _IOC(_IOC_READ|_IOC_WRITE, 0x46, 0x2a, 0x20), 0x7ffd5d58afe0) = 0
ioctl(10, _IOC(_IOC_READ|_IOC_WRITE, 0x46, 0x2a, 0x20), 0x7ffd5d58afe0) = 0
ioctl(10, _IOC(_IOC_READ|_IOC_WRITE, 0x46, 0x2a, 0x20), 0x7ffd5d58afe0) = 0
ioctl(10, _IOC(_IOC_READ|_IOC_WRITE, 0x46, 0x2a, 0x20), 0x7ffd5d58afe0) = 0
ioctl(10, _IOC(_IOC_READ|_IOC_WRITE, 0x46, 0x2a, 0x20), 0x7ffd5d58afe0) = 0
ioctl(10, _IOC(_IOC_READ|_IOC_WRITE, 0x46, 0x2a, 0x20), 0x7ffd5d58ae30) = 0
ioctl(10, _IOC(_IOC_READ|_IOC_WRITE, 0x46, 0x2a, 0x20), 0x7ffd5d58b140) = 0
ioctl(10, _IOC(_IOC_READ|_IOC_WRITE, 0x46, 0x2a, 0x20), 0x7ffd5d58b1e0) = 0
ioctl(10, _IOC(_IOC_READ|_IOC_WRITE, 0x46, 0x2a, 0x20), 0x7ffd5d58b2f0) = 0
ioctl(10, _IOC(_IOC_READ|_IOC_WRITE, 0x46, 0x2a, 0x20), 0x7ffd5d58b2f0) = 0
openat(AT_FDCWD, "/dev/nvidia2", O_RDWR|O_CLOEXEC) = 28
ioctl(28, _IOC(_IOC_READ|_IOC_WRITE, 0x46, 0xc9, 0x4), 0x7ffd5d58c3b0) = 0
ioctl(28, _IOC(_IOC_READ|_IOC_WRITE, 0x46, 0xce, 0x10), 0x7ffd5d58c3a0) = 0
ioctl(10, _IOC(_IOC_READ|_IOC_WRITE, 0x46, 0x2a, 0x20), 0x7ffd5d58b040) = 0
ioctl(10, _IOC(_IOC_READ|_IOC_WRITE, 0x46, 0x2a, 0x20), 0x7ffd5d58b220) = 0
ioctl(10, _IOC(_IOC_READ|_IOC_WRITE, 0x46, 0x2a, 0x20), 0x7ffd5d58b220) = 0
ioctl(10, _IOC(_IOC_READ|_IOC_WRITE, 0x46, 0x2a, 0x20), 0x7ffd5d58b220) = 0
ioctl(10, _IOC(_IOC_READ|_IOC_WRITE, 0x46, 0x2a, 0x20), 0x7ffd5d58b220) = 0
ioctl(10, _IOC(_IOC_READ|_IOC_WRITE, 0x46, 0x2a, 0x20), 0x7ffd5d58b220) = 0
ioctl(10, _IOC(_IOC_READ|_IOC_WRITE, 0x46, 0x2a, 0x20), 0x7ffd5d58b220) = 0
ioctl(10, _IOC(_IOC_READ|_IOC_WRITE, 0x46, 0x2a, 0x20), 0x7ffd5d58b220) = 0
ioctl(10, _IOC(_IOC_READ|_IOC_WRITE, 0x46, 0x2a, 0x20), 0x7ffd5d58b210) = 0
ioctl(10, _IOC(_IOC_READ|_IOC_WRITE, 0x46, 0x2a, 0x20), 0x7ffd5d58b190) = 0
ioctl(10, _IOC(_IOC_READ|_IOC_WRITE, 0x46, 0x2a, 0x20), 0x7ffd5d58b120) = 0
ioctl(10, _IOC(_IOC_READ|_IOC_WRITE, 0x46, 0x2a, 0x20), 0x7ffd5d588c70) = 0
ioctl(10, _IOC(_IOC_READ|_IOC_WRITE, 0x46, 0x2a, 0x20), 0x7ffd5d589d20) = 0
ioctl(10, _IOC(_IOC_READ|_IOC_WRITE, 0x46, 0x2a, 0x20), 0x7ffd5d58b320) = 0
ioctl(10, _IOC(_IOC_READ|_IOC_WRITE, 0x46, 0x2a, 0x20), 0x7ffd5d58b170) = 0
ioctl(10, _IOC(_IOC_READ|_IOC_WRITE, 0x46, 0x2b, 0x30), 0x7ffd5d58c390) = 0
ioctl(10, _IOC(_IOC_READ|_IOC_WRITE, 0x46, 0x2a, 0x20), 0x7ffd5d58b160) = 0
openat(AT_FDCWD, "/dev/nvidia2", O_RDWR|O_CLOEXEC) = 29
ioctl(10, _IOC(_IOC_READ|_IOC_WRITE, 0x46, 0x4e, 0x38), 0x7ffd5d58c320) = 0
mmap(NULL, 65536, PROT_WRITE, MAP_SHARED, 29, 0) = 0x7a551f3b0000
ioctl(10, _IOC(_IOC_READ|_IOC_WRITE, 0x46, 0x2b, 0x30), 0x7ffd5d58c3a0) = 0
ioctl(10, _IOC(_IOC_READ|_IOC_WRITE, 0x46, 0x2a, 0x20), 0x7ffd5d58b320) = 0
ioctl(10, _IOC(_IOC_READ|_IOC_WRITE, 0x46, 0x2a, 0x20), 0x7ffd5d58b2c0) = 0
ioctl(10, _IOC(_IOC_READ|_IOC_WRITE, 0x46, 0x2b, 0x30), 0x7ffd5d58c410) = 0
ioctl(10, _IOC(_IOC_READ|_IOC_WRITE, 0x46, 0x2b, 0x30), 0x7ffd5d58c410) = 0
ioctl(10, _IOC(_IOC_READ|_IOC_WRITE, 0x46, 0x2a, 0x20), 0x7ffd5d58b2f0) = 0
ioctl(10, _IOC(_IOC_READ|_IOC_WRITE, 0x46, 0x2a, 0x20), 0x7ffd5d58b250) = 0
ioctl(10, _IOC(_IOC_READ|_IOC_WRITE, 0x46, 0x2a, 0x20), 0x7ffd5d58b250) = 0
ioctl(10, _IOC(_IOC_READ|_IOC_WRITE, 0x46, 0x2a, 0x20), 0x7ffd5d58b350) = 0
ioctl(10, _IOC(_IOC_READ|_IOC_WRITE, 0x46, 0x2a, 0x20), 0x7ffd5d58b210) = 0
openat(AT_FDCWD, "/sys/bus/pci/devices/0000:ca:00.0/numa_node", O_RDONLY) = 29
read(29, "1\n", 4096)                   = 2
ioctl(10, _IOC(_IOC_READ|_IOC_WRITE, 0x46, 0x2a, 0x20), 0x7ffd5d58b4f0) = 0
ioctl(10, _IOC(_IOC_READ|_IOC_WRITE, 0x46, 0x29, 0x10), 0x7ffd5d58c590) = 0
ioctl(10, _IOC(_IOC_READ|_IOC_WRITE, 0x46, 0x2a, 0x20), 0x7ffd5d58b380) = 0
ioctl(10, _IOC(_IOC_READ|_IOC_WRITE, 0x46, 0x2a, 0x20), 0x7ffd5d58b380) = 0
ioctl(10, _IOC(_IOC_READ|_IOC_WRITE, 0x46, 0x2a, 0x20), 0x7ffd5d58b380) = 0
ioctl(10, _IOC(_IOC_READ|_IOC_WRITE, 0x46, 0x2a, 0x20), 0x7ffd5d58b380) = 0
ioctl(10, _IOC(_IOC_READ|_IOC_WRITE, 0x46, 0x2a, 0x20), 0x7ffd5d58b380) = 0
openat(AT_FDCWD, "/proc/driver/nvidia/params", O_RDONLY) = 29
read(29, "ResmanDebugLevel: 4294967295\nRmL"..., 1024) = 945
openat(AT_FDCWD, "/proc/driver/nvidia/params", O_RDONLY) = 29
read(29, "ResmanDebugLevel: 4294967295\nRmL"..., 1024) = 945
openat(AT_FDCWD, "/dev/nvidia3", O_RDWR|O_CLOEXEC) = 29
ioctl(29, _IOC(_IOC_READ|_IOC_WRITE, 0x46, 0xc9, 0x4), 0x7ffd5d58c500) = 0
ioctl(29, _IOC(_IOC_READ|_IOC_WRITE, 0x46, 0xd7, 0x230), 0x7ffd5d58c280) = 0
ioctl(10, _IOC(_IOC_READ|_IOC_WRITE, 0x46, 0x2b, 0x30), 0x7ffd5d58c5d0) = 0
ioctl(10, _IOC(_IOC_READ|_IOC_WRITE, 0x46, 0x2a, 0x20), 0x7ffd5d58b500) = 0
ioctl(10, _IOC(_IOC_READ|_IOC_WRITE, 0x46, 0x2a, 0x20), 0x7ffd5d58b360) = 0
ioctl(10, _IOC(_IOC_READ|_IOC_WRITE, 0x46, 0x2a, 0x20), 0x7ffd5d58b500) = 0
ioctl(10, _IOC(_IOC_READ|_IOC_WRITE, 0x46, 0x2a, 0x20), 0x7ffd5d58b470) = 0
ioctl(10, _IOC(_IOC_READ|_IOC_WRITE, 0x46, 0x2a, 0x20), 0x7ffd5d58b370) = 0
ioctl(10, _IOC(_IOC_READ|_IOC_WRITE, 0x46, 0x2a, 0x20), 0x7ffd5d58b370) = 0
ioctl(10, _IOC(_IOC_READ|_IOC_WRITE, 0x46, 0x2a, 0x20), 0x7ffd5d58b370) = 0
ioctl(10, _IOC(_IOC_READ|_IOC_WRITE, 0x46, 0x2a, 0x20), 0x7ffd5d58b370) = 0
ioctl(10, _IOC(_IOC_READ|_IOC_WRITE, 0x46, 0x2a, 0x20), 0x7ffd5d58b370) = 0
openat(AT_FDCWD, "/proc/driver/nvidia/params", O_RDONLY) = 30
read(30, "ResmanDebugLevel: 4294967295\nRmL"..., 1024) = 945
openat(AT_FDCWD, "/proc/driver/nvidia/params", O_RDONLY) = 30
read(30, "ResmanDebugLevel: 4294967295\nRmL"..., 1024) = 945
openat(AT_FDCWD, "/dev/nvidia3", O_RDWR|O_CLOEXEC) = 30
ioctl(30, _IOC(_IOC_READ|_IOC_WRITE, 0x46, 0xc9, 0x4), 0x7ffd5d58c4f0) = 0
ioctl(10, _IOC(_IOC_READ|_IOC_WRITE, 0x46, 0x2b, 0x30), 0x7ffd5d58c600) = 0
ioctl(10, _IOC(_IOC_READ|_IOC_WRITE, 0x46, 0x2b, 0x30), 0x7ffd5d58c620) = 0
ioctl(10, _IOC(_IOC_READ|_IOC_WRITE, 0x46, 0x2a, 0x20), 0x7ffd5d58b350) = 0
ioctl(10, _IOC(_IOC_READ|_IOC_WRITE, 0x46, 0x2a, 0x20), 0x7ffd5d58ae50) = 0
ioctl(10, _IOC(_IOC_READ|_IOC_WRITE, 0x46, 0x2a, 0x20), 0x7ffd5d58b400) = 0
ioctl(10, _IOC(_IOC_READ|_IOC_WRITE, 0x46, 0x2a, 0x20), 0x7ffd5d58aa70) = 0
ioctl(10, _IOC(_IOC_READ|_IOC_WRITE, 0x46, 0x2a, 0x20), 0x7ffd5d58a260) = 0
ioctl(10, _IOC(_IOC_READ|_IOC_WRITE, 0x46, 0x2a, 0x20), 0x7ffd5d58a8b0) = 0
ioctl(10, _IOC(_IOC_READ|_IOC_WRITE, 0x46, 0x2a, 0x20), 0x7ffd5d58b120) = 0
ioctl(10, _IOC(_IOC_READ|_IOC_WRITE, 0x46, 0x2a, 0x20), 0x7ffd5d58b2f0) = 0
ioctl(10, _IOC(_IOC_READ|_IOC_WRITE, 0x46, 0x2a, 0x20), 0x7ffd5d58afe0) = 0
ioctl(10, _IOC(_IOC_READ|_IOC_WRITE, 0x46, 0x2a, 0x20), 0x7ffd5d58afe0) = 0
ioctl(10, _IOC(_IOC_READ|_IOC_WRITE, 0x46, 0x2a, 0x20), 0x7ffd5d58afe0) = 0
ioctl(10, _IOC(_IOC_READ|_IOC_WRITE, 0x46, 0x2a, 0x20), 0x7ffd5d58afe0) = 0
ioctl(10, _IOC(_IOC_READ|_IOC_WRITE, 0x46, 0x2a, 0x20), 0x7ffd5d58afe0) = 0
ioctl(10, _IOC(_IOC_READ|_IOC_WRITE, 0x46, 0x2a, 0x20), 0x7ffd5d58ae30) = 0
ioctl(10, _IOC(_IOC_READ|_IOC_WRITE, 0x46, 0x2a, 0x20), 0x7ffd5d58b140) = 0
ioctl(10, _IOC(_IOC_READ|_IOC_WRITE, 0x46, 0x2a, 0x20), 0x7ffd5d58b1e0) = 0
ioctl(10, _IOC(_IOC_READ|_IOC_WRITE, 0x46, 0x2a, 0x20), 0x7ffd5d58b2f0) = 0
ioctl(10, _IOC(_IOC_READ|_IOC_WRITE, 0x46, 0x2a, 0x20), 0x7ffd5d58b2f0) = 0
openat(AT_FDCWD, "/dev/nvidia3", O_RDWR|O_CLOEXEC) = 31
ioctl(31, _IOC(_IOC_READ|_IOC_WRITE, 0x46, 0xc9, 0x4), 0x7ffd5d58c3b0) = 0
ioctl(31, _IOC(_IOC_READ|_IOC_WRITE, 0x46, 0xce, 0x10), 0x7ffd5d58c3a0) = 0
ioctl(10, _IOC(_IOC_READ|_IOC_WRITE, 0x46, 0x2a, 0x20), 0x7ffd5d58b040) = 0
ioctl(10, _IOC(_IOC_READ|_IOC_WRITE, 0x46, 0x2a, 0x20), 0x7ffd5d58b220) = 0
ioctl(10, _IOC(_IOC_READ|_IOC_WRITE, 0x46, 0x2a, 0x20), 0x7ffd5d58b220) = 0
ioctl(10, _IOC(_IOC_READ|_IOC_WRITE, 0x46, 0x2a, 0x20), 0x7ffd5d58b220) = 0
ioctl(10, _IOC(_IOC_READ|_IOC_WRITE, 0x46, 0x2a, 0x20), 0x7ffd5d58b220) = 0
ioctl(10, _IOC(_IOC_READ|_IOC_WRITE, 0x46, 0x2a, 0x20), 0x7ffd5d58b220) = 0
ioctl(10, _IOC(_IOC_READ|_IOC_WRITE, 0x46, 0x2a, 0x20), 0x7ffd5d58b220) = 0
ioctl(10, _IOC(_IOC_READ|_IOC_WRITE, 0x46, 0x2a, 0x20), 0x7ffd5d58b220) = 0
ioctl(10, _IOC(_IOC_READ|_IOC_WRITE, 0x46, 0x2a, 0x20), 0x7ffd5d58b210) = 0
ioctl(10, _IOC(_IOC_READ|_IOC_WRITE, 0x46, 0x2a, 0x20), 0x7ffd5d58b190) = 0
ioctl(10, _IOC(_IOC_READ|_IOC_WRITE, 0x46, 0x2a, 0x20), 0x7ffd5d58b120) = 0
ioctl(10, _IOC(_IOC_READ|_IOC_WRITE, 0x46, 0x2a, 0x20), 0x7ffd5d588c70) = 0
ioctl(10, _IOC(_IOC_READ|_IOC_WRITE, 0x46, 0x2a, 0x20), 0x7ffd5d589d20) = 0
ioctl(10, _IOC(_IOC_READ|_IOC_WRITE, 0x46, 0x2a, 0x20), 0x7ffd5d58b320) = 0
ioctl(10, _IOC(_IOC_READ|_IOC_WRITE, 0x46, 0x2a, 0x20), 0x7ffd5d58b170) = 0
ioctl(10, _IOC(_IOC_READ|_IOC_WRITE, 0x46, 0x2b, 0x30), 0x7ffd5d58c390) = 0
ioctl(10, _IOC(_IOC_READ|_IOC_WRITE, 0x46, 0x2a, 0x20), 0x7ffd5d58b160) = 0
openat(AT_FDCWD, "/dev/nvidia3", O_RDWR|O_CLOEXEC) = 34
ioctl(10, _IOC(_IOC_READ|_IOC_WRITE, 0x46, 0x4e, 0x38), 0x7ffd5d58c320) = 0
mmap(NULL, 65536, PROT_WRITE, MAP_SHARED, 34, 0) = 0x7a551f3a0000
ioctl(10, _IOC(_IOC_READ|_IOC_WRITE, 0x46, 0x2b, 0x30), 0x7ffd5d58c3a0) = 0
ioctl(10, _IOC(_IOC_READ|_IOC_WRITE, 0x46, 0x2a, 0x20), 0x7ffd5d58b320) = 0
ioctl(10, _IOC(_IOC_READ|_IOC_WRITE, 0x46, 0x2a, 0x20), 0x7ffd5d58b2c0) = 0
ioctl(10, _IOC(_IOC_READ|_IOC_WRITE, 0x46, 0x2b, 0x30), 0x7ffd5d58c410) = 0
ioctl(10, _IOC(_IOC_READ|_IOC_WRITE, 0x46, 0x2b, 0x30), 0x7ffd5d58c410) = 0
ioctl(10, _IOC(_IOC_READ|_IOC_WRITE, 0x46, 0x2a, 0x20), 0x7ffd5d58b2f0) = 0
ioctl(10, _IOC(_IOC_READ|_IOC_WRITE, 0x46, 0x2a, 0x20), 0x7ffd5d58b250) = 0
ioctl(10, _IOC(_IOC_READ|_IOC_WRITE, 0x46, 0x2a, 0x20), 0x7ffd5d58b250) = 0
ioctl(10, _IOC(_IOC_READ|_IOC_WRITE, 0x46, 0x2a, 0x20), 0x7ffd5d58b350) = 0
ioctl(10, _IOC(_IOC_READ|_IOC_WRITE, 0x46, 0x2a, 0x20), 0x7ffd5d58b210) = 0
openat(AT_FDCWD, "/sys/bus/pci/devices/0000:e3:00.0/numa_node", O_RDONLY) = 34
read(34, "1\n", 4096)                   = 2
ioctl(10, _IOC(_IOC_READ|_IOC_WRITE, 0x46, 0x2a, 0x20), 0x7ffd5d58b500) = 0
mmap(NULL, 100663296, PROT_NONE, MAP_PRIVATE|MAP_ANONYMOUS, -1, 0) = 0x7a5512000000
ioctl(10, _IOC(_IOC_READ|_IOC_WRITE, 0x46, 0x2a, 0x20), 0x7ffd5d58c660) = 0
ioctl(10, _IOC(_IOC_READ|_IOC_WRITE, 0x46, 0x2a, 0x20), 0x7ffd5d58c660) = 0
ioctl(10, _IOC(_IOC_READ|_IOC_WRITE, 0x46, 0x2a, 0x20), 0x7ffd5d58c660) = 0
ioctl(10, _IOC(_IOC_READ|_IOC_WRITE, 0x46, 0x2a, 0x20), 0x7ffd5d58c660) = 0
ioctl(10, _IOC(_IOC_READ|_IOC_WRITE, 0x46, 0x2a, 0x20), 0x7ffd5d58c660) = 0
ioctl(10, _IOC(_IOC_READ|_IOC_WRITE, 0x46, 0x2a, 0x20), 0x7ffd5d58c660) = 0
ioctl(10, _IOC(_IOC_READ|_IOC_WRITE, 0x46, 0x2a, 0x20), 0x7ffd5d58c660) = 0
ioctl(10, _IOC(_IOC_READ|_IOC_WRITE, 0x46, 0x2a, 0x20), 0x7ffd5d58c660) = 0
mmap(NULL, 2465792, PROT_READ|PROT_WRITE, MAP_PRIVATE|MAP_ANONYMOUS, -1, 0) = 0x7a551c9a5000
ioctl(10, _IOC(_IOC_READ|_IOC_WRITE, 0x46, 0x2a, 0x20), 0x7ffd5d58b7b0) = 0
ioctl(10, _IOC(_IOC_READ|_IOC_WRITE, 0x46, 0x2a, 0x20), 0x7ffd5d58b7b0) = 0
ioctl(10, _IOC(_IOC_READ|_IOC_WRITE, 0x46, 0x2a, 0x20), 0x7ffd5d58b7b0) = 0
ioctl(10, _IOC(_IOC_READ|_IOC_WRITE, 0x46, 0x2a, 0x20), 0x7ffd5d58b7b0) = 0
ioctl(10, _IOC(_IOC_READ|_IOC_WRITE, 0x46, 0x2a, 0x20), 0x7ffd5d58b7b0) = 0
ioctl(10, _IOC(_IOC_READ|_IOC_WRITE, 0x46, 0x2a, 0x20), 0x7ffd5d58c030) = 0
ioctl(10, _IOC(_IOC_READ|_IOC_WRITE, 0x46, 0x2a, 0x20), 0x7ffd5d58a830) = 0
ioctl(10, _IOC(_IOC_READ|_IOC_WRITE, 0x46, 0x2a, 0x20), 0x7ffd5d58c030) = 0
ioctl(10, _IOC(_IOC_READ|_IOC_WRITE, 0x46, 0x2a, 0x20), 0x7ffd5d58a830) = 0
ioctl(10, _IOC(_IOC_READ|_IOC_WRITE, 0x46, 0x2a, 0x20), 0x7ffd5d58c030) = 0
ioctl(10, _IOC(_IOC_READ|_IOC_WRITE, 0x46, 0x2a, 0x20), 0x7ffd5d58a830) = 0
ioctl(10, _IOC(_IOC_READ|_IOC_WRITE, 0x46, 0x2a, 0x20), 0x7ffd5d58c030) = 0
ioctl(10, _IOC(_IOC_READ|_IOC_WRITE, 0x46, 0x2a, 0x20), 0x7ffd5d58a830) = 0
mmap(NULL, 659456, PROT_READ|PROT_WRITE, MAP_PRIVATE|MAP_ANONYMOUS, -1, 0) = 0x7a551d75f000
ioctl(11, _IOC(_IOC_NONE, 0, 0x25, 0), 0x7ffd5d58df00) = 0
ioctl(11, _IOC(_IOC_NONE, 0, 0x46, 0), 0x7ffd5d58df70) = 0
ioctl(11, _IOC(_IOC_NONE, 0, 0x25, 0), 0x7ffd5d58df00) = 0
ioctl(11, _IOC(_IOC_NONE, 0, 0x46, 0), 0x7ffd5d58df70) = 0
ioctl(11, _IOC(_IOC_NONE, 0, 0x25, 0), 0x7ffd5d58df00) = 0
ioctl(11, _IOC(_IOC_NONE, 0, 0x46, 0), 0x7ffd5d58df70) = 0
ioctl(11, _IOC(_IOC_NONE, 0, 0x25, 0), 0x7ffd5d58df00) = 0
ioctl(11, _IOC(_IOC_NONE, 0, 0x46, 0), 0x7ffd5d58df70) = 0
ioctl(11, _IOC(_IOC_NONE, 0, 0x17, 0), 0x7ffd5d58e3d0) = 0
ioctl(10, _IOC(_IOC_READ|_IOC_WRITE, 0x46, 0x2b, 0x30), 0x7ffd5d58e130) = 0
ioctl(10, _IOC(_IOC_READ|_IOC_WRITE, 0x46, 0x2b, 0x30), 0x7ffd5d58e130) = 0
ioctl(10, _IOC(_IOC_READ|_IOC_WRITE, 0x46, 0x2b, 0x30), 0x7ffd5d58e130) = 0
ioctl(10, _IOC(_IOC_READ|_IOC_WRITE, 0x46, 0x2b, 0x30), 0x7ffd5d58e130) = 0
mmap(0x200000000, 17181966336, PROT_NONE, MAP_PRIVATE|MAP_ANONYMOUS, -1, 0) = 0x200000000
mmap(NULL, 536866816, PROT_NONE, MAP_PRIVATE|MAP_ANONYMOUS, -1, 0) = 0x7a54f2001000
munmap(0x7a54f2001000, 234876928)       = 0
munmap(0x7a5510000000, 33554432)        = 0
ioctl(10, _IOC(_IOC_READ|_IOC_WRITE, 0x46, 0x2b, 0x30), 0x7ffd5d58e370) = 0
ioctl(10, _IOC(_IOC_READ|_IOC_WRITE, 0x46, 0x2a, 0x20), 0x7ffd5d58d250) = 0
ioctl(10, _IOC(_IOC_READ|_IOC_WRITE, 0x46, 0x2b, 0x30), 0x7ffd5d58e370) = 0
ioctl(10, _IOC(_IOC_READ|_IOC_WRITE, 0x46, 0x2a, 0x20), 0x7ffd5d58d250) = 0
ioctl(10, _IOC(_IOC_READ|_IOC_WRITE, 0x46, 0x2b, 0x30), 0x7ffd5d58e370) = 0
ioctl(10, _IOC(_IOC_READ|_IOC_WRITE, 0x46, 0x2a, 0x20), 0x7ffd5d58d250) = 0
ioctl(10, _IOC(_IOC_READ|_IOC_WRITE, 0x46, 0x2b, 0x30), 0x7ffd5d58e370) = 0
ioctl(10, _IOC(_IOC_READ|_IOC_WRITE, 0x46, 0x2a, 0x20), 0x7ffd5d58d250) = 0
mmap(NULL, 16912384, PROT_NONE, MAP_PRIVATE|MAP_ANONYMOUS, -1, 0) = 0x7a5510fdf000
mmap(NULL, 16912384, PROT_NONE, MAP_PRIVATE|MAP_ANONYMOUS, -1, 0) = 0x7a54fefdf000
mmap(NULL, 16912384, PROT_NONE, MAP_PRIVATE|MAP_ANONYMOUS, -1, 0) = 0x7a54fdfbe000
mmap(NULL, 16912384, PROT_NONE, MAP_PRIVATE|MAP_ANONYMOUS, -1, 0) = 0x7a54fcf9d000
write(5, "\1\0\0\0\0\0\0\0", 8)         = 8
ioctl(10, _IOC(_IOC_READ|_IOC_WRITE, 0x46, 0x2a, 0x20), 0x7ffd5d58c9a0) = 0
ioctl(10, _IOC(_IOC_READ|_IOC_WRITE, 0x46, 0x2a, 0x20), 0x7ffd5d58c9b0) = 0
mmap(NULL, 8392704, PROT_NONE, MAP_PRIVATE|MAP_ANONYMOUS|MAP_STACK, -1, 0) = 0x7a551c1a4000
ioctl(10, _IOC(_IOC_READ|_IOC_WRITE, 0x46, 0x2a, 0x20), 0x7ffd5d58c9e0) = 0
ioctl(11, _IOC(_IOC_NONE, 0, 0x19, 0), 0x7ffd5d58dac0) = 0
mmap(NULL, 16912384, PROT_NONE, MAP_PRIVATE|MAP_ANONYMOUS, -1, 0) = 0x7a54f6fdf000
ioctl(10, _IOC(_IOC_READ|_IOC_WRITE, 0x46, 0x2b, 0x30), 0x7ffd5d58cd90) = 0
ioctl(11, _IOC(_IOC_NONE, 0, 0x49, 0), 0x7ffd5d58ca70) = 0
ioctl(11, _IOC(_IOC_NONE, 0, 0x21, 0), 0x7ffd5d58a660) = 0
mmap(0x10000000000, 67108864, PROT_NONE, MAP_PRIVATE|MAP_ANONYMOUS, -1, 0) = 0x10000000000
ioctl(10, _IOC(_IOC_READ|_IOC_WRITE, 0x46, 0x2b, 0x30), 0x7ffd5d58cc70) = 0
ioctl(11, _IOC(_IOC_NONE, 0, 0x49, 0), 0x7ffd5d58c950) = 0
ioctl(11, _IOC(_IOC_NONE, 0, 0x21, 0), 0x7ffd5d58a540) = 0
ioctl(10, _IOC(_IOC_READ|_IOC_WRITE, 0x46, 0x2b, 0x30), 0x7ffd5d58cc70) = 0
ioctl(11, _IOC(_IOC_NONE, 0, 0x49, 0), 0x7ffd5d58c950) = 0
ioctl(11, _IOC(_IOC_NONE, 0, 0x21, 0), 0x7ffd5d58a540) = 0
mmap(NULL, 266240, PROT_READ|PROT_WRITE, MAP_PRIVATE|MAP_ANONYMOUS, -1, 0) = 0x7a551f35f000
mmap(NULL, 528384, PROT_READ|PROT_WRITE, MAP_PRIVATE|MAP_ANONYMOUS, -1, 0) = 0x7a551d6de000
mmap(NULL, 528384, PROT_READ|PROT_WRITE, MAP_PRIVATE|MAP_ANONYMOUS, -1, 0) = 0x7a551d65d000
mmap(NULL, 528384, PROT_READ|PROT_WRITE, MAP_PRIVATE|MAP_ANONYMOUS, -1, 0) = 0x7a551c123000
mmap(NULL, 67104768, PROT_NONE, MAP_PRIVATE|MAP_ANONYMOUS, -1, 0) = 0x7a54f2fe0000
munmap(0x7a54f2fe0000, 16908288)        = 0
munmap(0x7a54f6000000, 16642048)        = 0
ioctl(10, _IOC(_IOC_READ|_IOC_WRITE, 0x46, 0x2b, 0x30), 0x7ffd5d58ce70) = 0
ioctl(11, _IOC(_IOC_NONE, 0, 0x49, 0), 0x7ffd5d58cb50) = 0
ioctl(11, _IOC(_IOC_NONE, 0, 0x21, 0), 0x7ffd5d58a740) = 0
mmap(NULL, 135168, PROT_READ|PROT_WRITE, MAP_PRIVATE|MAP_ANONYMOUS, -1, 0) = 0x7a551f33e000
ioctl(10, _IOC(_IOC_READ|_IOC_WRITE, 0x46, 0x2b, 0x30), 0x7ffd5d58d750) = 0
ioctl(10, _IOC(_IOC_READ|_IOC_WRITE, 0x46, 0x2b, 0x30), 0x7ffd5d58d740) = 0
mmap(NULL, 274432, PROT_READ|PROT_WRITE, MAP_PRIVATE|MAP_ANONYMOUS, -1, 0) = 0x7a551c0e0000
ioctl(10, _IOC(_IOC_READ|_IOC_WRITE, 0x46, 0x2b, 0x30), 0x7ffd5d58c620) = 0
ioctl(10, _IOC(_IOC_READ|_IOC_WRITE, 0x46, 0x2a, 0x20), 0x7ffd5d58b4e0) = 0
openat(AT_FDCWD, "/dev/nvidia0", O_RDWR|O_CLOEXEC) = 36
ioctl(10, _IOC(_IOC_READ|_IOC_WRITE, 0x46, 0x4e, 0x38), 0x7ffd5d58c6a0) = 0
mmap(0x200200000, 2097152, PROT_READ|PROT_WRITE, MAP_SHARED|MAP_FIXED, 36, 0) = 0x200200000
ioctl(10, _IOC(_IOC_READ|_IOC_WRITE, 0x46, 0x5e, 0x28), 0x7ffd5d58c670) = 0
ioctl(11, _IOC(_IOC_NONE, 0, 0x49, 0), 0x7ffd5d58c300) = 0
ioctl(11, _IOC(_IOC_NONE, 0, 0x21, 0), 0x7ffd5d589ef0) = 0
ioctl(10, _IOC(_IOC_READ|_IOC_WRITE, 0x46, 0x2b, 0x30), 0x7ffd5d58c440) = 0
ioctl(10, _IOC(_IOC_READ|_IOC_WRITE, 0x46, 0x2a, 0x20), 0x7ffd5d58b300) = 0
openat(AT_FDCWD, "/dev/nvidiactl", O_RDWR|O_CLOEXEC) = 36
ioctl(10, _IOC(_IOC_READ|_IOC_WRITE, 0x46, 0x4e, 0x38), 0x7ffd5d58c4c0) = 0
mmap(0x200400000, 50331648, PROT_READ|PROT_WRITE, MAP_SHARED|MAP_FIXED, 36, 0) = 0x200400000
ioctl(11, _IOC(_IOC_NONE, 0, 0x49, 0), 0x7ffd5d58c120) = 0
ioctl(11, _IOC(_IOC_NONE, 0, 0x21, 0), 0x7ffd5d589d10) = 0
ioctl(10, _IOC(_IOC_READ|_IOC_WRITE, 0x46, 0x2b, 0x30), 0x7ffd5d58c7a0) = 0
ioctl(10, _IOC(_IOC_READ|_IOC_WRITE, 0x46, 0x2a, 0x20), 0x7ffd5d58b660) = 0
openat(AT_FDCWD, "/dev/nvidiactl", O_RDWR|O_CLOEXEC) = 36
ioctl(10, _IOC(_IOC_READ|_IOC_WRITE, 0x46, 0x4e, 0x38), 0x7ffd5d58c820) = 0
mmap(0x7a54f6fdf000, 4096, PROT_READ|PROT_WRITE, MAP_SHARED|MAP_FIXED, 36, 0) = 0x7a54f6fdf000
ioctl(10, _IOC(_IOC_READ|_IOC_WRITE, 0x46, 0x2b, 0x30), 0x7ffd5d58d140) = 0
ioctl(10, _IOC(_IOC_READ|_IOC_WRITE, 0x46, 0x2a, 0x20), 0x7ffd5d58c1b0) = 0
ioctl(10, _IOC(_IOC_READ|_IOC_WRITE, 0x46, 0x2b, 0x30), 0x7ffd5d58d250) = 0
ioctl(10, _IOC(_IOC_READ|_IOC_WRITE, 0x46, 0x2a, 0x20), 0x7ffd5d58c170) = 0
ioctl(10, _IOC(_IOC_READ|_IOC_WRITE, 0x46, 0x2b, 0x30), 0x7ffd5d58d250) = 0
ioctl(10, _IOC(_IOC_READ|_IOC_WRITE, 0x46, 0x2a, 0x20), 0x7ffd5d58c170) = 0
ioctl(10, _IOC(_IOC_READ|_IOC_WRITE, 0x46, 0x2a, 0x20), 0x7ffd5d58c1c0) = 0
ioctl(10, _IOC(_IOC_READ|_IOC_WRITE, 0x46, 0x2a, 0x20), 0x7ffd5d58c1c0) = 0
ioctl(10, _IOC(_IOC_READ|_IOC_WRITE, 0x46, 0x2b, 0x30), 0x7ffd5d58cb40) = 0
ioctl(10, _IOC(_IOC_READ|_IOC_WRITE, 0x46, 0x2a, 0x20), 0x7ffd5d58ba00) = 0
openat(AT_FDCWD, "/dev/nvidiactl", O_RDWR|O_CLOEXEC) = 36
ioctl(10, _IOC(_IOC_READ|_IOC_WRITE, 0x46, 0x4e, 0x38), 0x7ffd5d58cbc0) = 0
mmap(0x204400000, 2097152, PROT_READ|PROT_WRITE, MAP_SHARED|MAP_FIXED, 36, 0) = 0x204400000
ioctl(11, _IOC(_IOC_NONE, 0, 0x49, 0), 0x7ffd5d58c820) = 0
ioctl(11, _IOC(_IOC_NONE, 0, 0x21, 0), 0x7ffd5d58a410) = 0
ioctl(10, _IOC(_IOC_READ|_IOC_WRITE, 0x46, 0x2b, 0x30), 0x7ffd5d58c7a0) = 0
ioctl(10, _IOC(_IOC_READ|_IOC_WRITE, 0x46, 0x2a, 0x20), 0x7ffd5d58b660) = 0
openat(AT_FDCWD, "/dev/nvidiactl", O_RDWR|O_CLOEXEC) = 36
ioctl(10, _IOC(_IOC_READ|_IOC_WRITE, 0x46, 0x4e, 0x38), 0x7ffd5d58c820) = 0
mmap(0x7a54f6fe0000, 4096, PROT_READ|PROT_WRITE, MAP_SHARED|MAP_FIXED, 36, 0) = 0x7a54f6fe0000
ioctl(10, _IOC(_IOC_READ|_IOC_WRITE, 0x46, 0x2b, 0x30), 0x7ffd5d58d140) = 0
ioctl(10, _IOC(_IOC_READ|_IOC_WRITE, 0x46, 0x2a, 0x20), 0x7ffd5d58c1b0) = 0
ioctl(10, _IOC(_IOC_READ|_IOC_WRITE, 0x46, 0x2b, 0x30), 0x7ffd5d58d250) = 0
ioctl(10, _IOC(_IOC_READ|_IOC_WRITE, 0x46, 0x2a, 0x20), 0x7ffd5d58c170) = 0
ioctl(10, _IOC(_IOC_READ|_IOC_WRITE, 0x46, 0x2b, 0x30), 0x7ffd5d58d250) = 0
ioctl(10, _IOC(_IOC_READ|_IOC_WRITE, 0x46, 0x2a, 0x20), 0x7ffd5d58c170) = 0
ioctl(10, _IOC(_IOC_READ|_IOC_WRITE, 0x46, 0x2a, 0x20), 0x7ffd5d58c1c0) = 0
ioctl(10, _IOC(_IOC_READ|_IOC_WRITE, 0x46, 0x2a, 0x20), 0x7ffd5d58c1c0) = 0
ioctl(10, _IOC(_IOC_READ|_IOC_WRITE, 0x46, 0x2b, 0x30), 0x7ffd5d58c7a0) = 0
ioctl(10, _IOC(_IOC_READ|_IOC_WRITE, 0x46, 0x2a, 0x20), 0x7ffd5d58b660) = 0
openat(AT_FDCWD, "/dev/nvidiactl", O_RDWR|O_CLOEXEC) = 36
ioctl(10, _IOC(_IOC_READ|_IOC_WRITE, 0x46, 0x4e, 0x38), 0x7ffd5d58c820) = 0
mmap(0x7a54f6fe1000, 4096, PROT_READ|PROT_WRITE, MAP_SHARED|MAP_FIXED, 36, 0) = 0x7a54f6fe1000
ioctl(10, _IOC(_IOC_READ|_IOC_WRITE, 0x46, 0x2b, 0x30), 0x7ffd5d58d140) = 0
ioctl(10, _IOC(_IOC_READ|_IOC_WRITE, 0x46, 0x2a, 0x20), 0x7ffd5d58c1b0) = 0
ioctl(10, _IOC(_IOC_READ|_IOC_WRITE, 0x46, 0x2b, 0x30), 0x7ffd5d58d250) = 0
ioctl(10, _IOC(_IOC_READ|_IOC_WRITE, 0x46, 0x2a, 0x20), 0x7ffd5d58c170) = 0
ioctl(10, _IOC(_IOC_READ|_IOC_WRITE, 0x46, 0x2b, 0x30), 0x7ffd5d58d250) = 0
ioctl(10, _IOC(_IOC_READ|_IOC_WRITE, 0x46, 0x2a, 0x20), 0x7ffd5d58c170) = 0
ioctl(10, _IOC(_IOC_READ|_IOC_WRITE, 0x46, 0x2a, 0x20), 0x7ffd5d58c1c0) = 0
ioctl(10, _IOC(_IOC_READ|_IOC_WRITE, 0x46, 0x2a, 0x20), 0x7ffd5d58c1c0) = 0
ioctl(10, _IOC(_IOC_READ|_IOC_WRITE, 0x46, 0x2b, 0x30), 0x7ffd5d58c7a0) = 0
ioctl(10, _IOC(_IOC_READ|_IOC_WRITE, 0x46, 0x2a, 0x20), 0x7ffd5d58b660) = 0
openat(AT_FDCWD, "/dev/nvidiactl", O_RDWR|O_CLOEXEC) = 36
ioctl(10, _IOC(_IOC_READ|_IOC_WRITE, 0x46, 0x4e, 0x38), 0x7ffd5d58c820) = 0
mmap(0x7a54f6fe2000, 4096, PROT_READ|PROT_WRITE, MAP_SHARED|MAP_FIXED, 36, 0) = 0x7a54f6fe2000
ioctl(10, _IOC(_IOC_READ|_IOC_WRITE, 0x46, 0x2b, 0x30), 0x7ffd5d58d140) = 0
ioctl(10, _IOC(_IOC_READ|_IOC_WRITE, 0x46, 0x2a, 0x20), 0x7ffd5d58c1b0) = 0
ioctl(10, _IOC(_IOC_READ|_IOC_WRITE, 0x46, 0x2b, 0x30), 0x7ffd5d58d250) = 0
ioctl(10, _IOC(_IOC_READ|_IOC_WRITE, 0x46, 0x2a, 0x20), 0x7ffd5d58c170) = 0
ioctl(10, _IOC(_IOC_READ|_IOC_WRITE, 0x46, 0x2b, 0x30), 0x7ffd5d58d250) = 0
ioctl(10, _IOC(_IOC_READ|_IOC_WRITE, 0x46, 0x2a, 0x20), 0x7ffd5d58c170) = 0
ioctl(10, _IOC(_IOC_READ|_IOC_WRITE, 0x46, 0x2a, 0x20), 0x7ffd5d58c1c0) = 0
ioctl(10, _IOC(_IOC_READ|_IOC_WRITE, 0x46, 0x2a, 0x20), 0x7ffd5d58c1c0) = 0
ioctl(10, _IOC(_IOC_READ|_IOC_WRITE, 0x46, 0x2b, 0x30), 0x7ffd5d58c7a0) = 0
ioctl(10, _IOC(_IOC_READ|_IOC_WRITE, 0x46, 0x2a, 0x20), 0x7ffd5d58b660) = 0
openat(AT_FDCWD, "/dev/nvidiactl", O_RDWR|O_CLOEXEC) = 36
ioctl(10, _IOC(_IOC_READ|_IOC_WRITE, 0x46, 0x4e, 0x38), 0x7ffd5d58c820) = 0
mmap(0x7a54f6fe3000, 4096, PROT_READ|PROT_WRITE, MAP_SHARED|MAP_FIXED, 36, 0) = 0x7a54f6fe3000
ioctl(10, _IOC(_IOC_READ|_IOC_WRITE, 0x46, 0x2b, 0x30), 0x7ffd5d58d140) = 0
ioctl(10, _IOC(_IOC_READ|_IOC_WRITE, 0x46, 0x2a, 0x20), 0x7ffd5d58c1b0) = 0
ioctl(10, _IOC(_IOC_READ|_IOC_WRITE, 0x46, 0x2b, 0x30), 0x7ffd5d58d250) = 0
ioctl(10, _IOC(_IOC_READ|_IOC_WRITE, 0x46, 0x2a, 0x20), 0x7ffd5d58c170) = 0
ioctl(10, _IOC(_IOC_READ|_IOC_WRITE, 0x46, 0x2b, 0x30), 0x7ffd5d58d250) = 0
ioctl(10, _IOC(_IOC_READ|_IOC_WRITE, 0x46, 0x2a, 0x20), 0x7ffd5d58c170) = 0
ioctl(10, _IOC(_IOC_READ|_IOC_WRITE, 0x46, 0x2a, 0x20), 0x7ffd5d58c1c0) = 0
ioctl(10, _IOC(_IOC_READ|_IOC_WRITE, 0x46, 0x2a, 0x20), 0x7ffd5d58c1c0) = 0
ioctl(10, _IOC(_IOC_READ|_IOC_WRITE, 0x46, 0x2b, 0x30), 0x7ffd5d58c7a0) = 0
ioctl(10, _IOC(_IOC_READ|_IOC_WRITE, 0x46, 0x2a, 0x20), 0x7ffd5d58b660) = 0
openat(AT_FDCWD, "/dev/nvidiactl", O_RDWR|O_CLOEXEC) = 36
ioctl(10, _IOC(_IOC_READ|_IOC_WRITE, 0x46, 0x4e, 0x38), 0x7ffd5d58c820) = 0
mmap(0x7a54f6fe4000, 4096, PROT_READ|PROT_WRITE, MAP_SHARED|MAP_FIXED, 36, 0) = 0x7a54f6fe4000
ioctl(10, _IOC(_IOC_READ|_IOC_WRITE, 0x46, 0x2b, 0x30), 0x7ffd5d58d140) = 0
ioctl(10, _IOC(_IOC_READ|_IOC_WRITE, 0x46, 0x2a, 0x20), 0x7ffd5d58c1b0) = 0
ioctl(10, _IOC(_IOC_READ|_IOC_WRITE, 0x46, 0x2b, 0x30), 0x7ffd5d58d250) = 0
ioctl(10, _IOC(_IOC_READ|_IOC_WRITE, 0x46, 0x2a, 0x20), 0x7ffd5d58c170) = 0
ioctl(10, _IOC(_IOC_READ|_IOC_WRITE, 0x46, 0x2b, 0x30), 0x7ffd5d58d250) = 0
ioctl(10, _IOC(_IOC_READ|_IOC_WRITE, 0x46, 0x2a, 0x20), 0x7ffd5d58c170) = 0
ioctl(10, _IOC(_IOC_READ|_IOC_WRITE, 0x46, 0x2a, 0x20), 0x7ffd5d58c1c0) = 0
ioctl(10, _IOC(_IOC_READ|_IOC_WRITE, 0x46, 0x2a, 0x20), 0x7ffd5d58c1c0) = 0
ioctl(10, _IOC(_IOC_READ|_IOC_WRITE, 0x46, 0x2b, 0x30), 0x7ffd5d58c7a0) = 0
ioctl(10, _IOC(_IOC_READ|_IOC_WRITE, 0x46, 0x2a, 0x20), 0x7ffd5d58b660) = 0
openat(AT_FDCWD, "/dev/nvidiactl", O_RDWR|O_CLOEXEC) = 36
ioctl(10, _IOC(_IOC_READ|_IOC_WRITE, 0x46, 0x4e, 0x38), 0x7ffd5d58c820) = 0
mmap(0x7a54f6fe5000, 4096, PROT_READ|PROT_WRITE, MAP_SHARED|MAP_FIXED, 36, 0) = 0x7a54f6fe5000
ioctl(10, _IOC(_IOC_READ|_IOC_WRITE, 0x46, 0x2b, 0x30), 0x7ffd5d58d140) = 0
ioctl(10, _IOC(_IOC_READ|_IOC_WRITE, 0x46, 0x2a, 0x20), 0x7ffd5d58c1b0) = 0
ioctl(10, _IOC(_IOC_READ|_IOC_WRITE, 0x46, 0x2b, 0x30), 0x7ffd5d58d250) = 0
ioctl(10, _IOC(_IOC_READ|_IOC_WRITE, 0x46, 0x2a, 0x20), 0x7ffd5d58c170) = 0
ioctl(10, _IOC(_IOC_READ|_IOC_WRITE, 0x46, 0x2b, 0x30), 0x7ffd5d58d250) = 0
ioctl(10, _IOC(_IOC_READ|_IOC_WRITE, 0x46, 0x2a, 0x20), 0x7ffd5d58c170) = 0
ioctl(10, _IOC(_IOC_READ|_IOC_WRITE, 0x46, 0x2a, 0x20), 0x7ffd5d58c1c0) = 0
ioctl(10, _IOC(_IOC_READ|_IOC_WRITE, 0x46, 0x2a, 0x20), 0x7ffd5d58c1c0) = 0
ioctl(10, _IOC(_IOC_READ|_IOC_WRITE, 0x46, 0x2b, 0x30), 0x7ffd5d58c7a0) = 0
ioctl(10, _IOC(_IOC_READ|_IOC_WRITE, 0x46, 0x2a, 0x20), 0x7ffd5d58b660) = 0
openat(AT_FDCWD, "/dev/nvidiactl", O_RDWR|O_CLOEXEC) = 36
ioctl(10, _IOC(_IOC_READ|_IOC_WRITE, 0x46, 0x4e, 0x38), 0x7ffd5d58c820) = 0
mmap(0x7a54f6fe6000, 4096, PROT_READ|PROT_WRITE, MAP_SHARED|MAP_FIXED, 36, 0) = 0x7a54f6fe6000
ioctl(10, _IOC(_IOC_READ|_IOC_WRITE, 0x46, 0x2b, 0x30), 0x7ffd5d58d140) = 0
ioctl(10, _IOC(_IOC_READ|_IOC_WRITE, 0x46, 0x2a, 0x20), 0x7ffd5d58c1b0) = 0
ioctl(10, _IOC(_IOC_READ|_IOC_WRITE, 0x46, 0x2b, 0x30), 0x7ffd5d58d250) = 0
ioctl(10, _IOC(_IOC_READ|_IOC_WRITE, 0x46, 0x2a, 0x20), 0x7ffd5d58c170) = 0
ioctl(10, _IOC(_IOC_READ|_IOC_WRITE, 0x46, 0x2b, 0x30), 0x7ffd5d58d250) = 0
ioctl(10, _IOC(_IOC_READ|_IOC_WRITE, 0x46, 0x2a, 0x20), 0x7ffd5d58c170) = 0
ioctl(10, _IOC(_IOC_READ|_IOC_WRITE, 0x46, 0x2a, 0x20), 0x7ffd5d58c1c0) = 0
ioctl(10, _IOC(_IOC_READ|_IOC_WRITE, 0x46, 0x2a, 0x20), 0x7ffd5d58c1c0) = 0
ioctl(11, _IOC(_IOC_NONE, 0, 0x1b, 0), 0x7ffd5d58d900) = 0
ioctl(11, _IOC(_IOC_NONE, 0, 0x1b, 0), 0x7ffd5d58d900) = 0
ioctl(11, _IOC(_IOC_NONE, 0, 0x1b, 0), 0x7ffd5d58d900) = 0
ioctl(11, _IOC(_IOC_NONE, 0, 0x1b, 0), 0x7ffd5d58d900) = 0
ioctl(11, _IOC(_IOC_NONE, 0, 0x1b, 0), 0x7ffd5d58d900) = 0
ioctl(11, _IOC(_IOC_NONE, 0, 0x1b, 0), 0x7ffd5d58d900) = 0
ioctl(11, _IOC(_IOC_NONE, 0, 0x1b, 0), 0x7ffd5d58d900) = 0
ioctl(11, _IOC(_IOC_NONE, 0, 0x1b, 0), 0x7ffd5d58d900) = 0
ioctl(10, _IOC(_IOC_READ|_IOC_WRITE, 0x46, 0x2a, 0x20), 0x7ffd5d58c810) = 0
openat(AT_FDCWD, "/dev/nvidia0", O_RDWR|O_CLOEXEC) = 36
ioctl(36, _IOC(_IOC_READ|_IOC_WRITE, 0x46, 0xc9, 0x4), 0x7ffd5d58d800) = 0
ioctl(36, _IOC(_IOC_READ|_IOC_WRITE, 0x46, 0xce, 0x10), 0x7ffd5d58d7f0) = 0
ioctl(36, _IOC(_IOC_READ|_IOC_WRITE, 0x46, 0x2b, 0x30), 0x7ffd5d58d7e0) = 0
write(35, "\1\0\0\0\0\0\0\0", 8)        = 8
ioctl(10, _IOC(_IOC_READ|_IOC_WRITE, 0x46, 0x2b, 0x30), 0x7ffd5d58d750) = 0
mmap(NULL, 139264, PROT_READ|PROT_WRITE, MAP_PRIVATE|MAP_ANONYMOUS, -1, 0) = 0x7a551d63b000
ioctl(10, _IOC(_IOC_READ|_IOC_WRITE, 0x46, 0x2b, 0x30), 0x7ffd5d58c7a0) = 0
ioctl(10, _IOC(_IOC_READ|_IOC_WRITE, 0x46, 0x2a, 0x20), 0x7ffd5d58b660) = 0
openat(AT_FDCWD, "/dev/nvidiactl", O_RDWR|O_CLOEXEC) = 46
ioctl(10, _IOC(_IOC_READ|_IOC_WRITE, 0x46, 0x4e, 0x38), 0x7ffd5d58c820) = 0
mmap(0x7a54f6fe7000, 4096, PROT_READ|PROT_WRITE, MAP_SHARED|MAP_FIXED, 46, 0) = 0x7a54f6fe7000
ioctl(10, _IOC(_IOC_READ|_IOC_WRITE, 0x46, 0x2b, 0x30), 0x7ffd5d58d140) = 0
ioctl(10, _IOC(_IOC_READ|_IOC_WRITE, 0x46, 0x2a, 0x20), 0x7ffd5d58c1b0) = 0
ioctl(10, _IOC(_IOC_READ|_IOC_WRITE, 0x46, 0x2b, 0x30), 0x7ffd5d58d250) = 0
ioctl(10, _IOC(_IOC_READ|_IOC_WRITE, 0x46, 0x2a, 0x20), 0x7ffd5d58c170) = 0
ioctl(10, _IOC(_IOC_READ|_IOC_WRITE, 0x46, 0x2a, 0x20), 0x7ffd5d58c1c0) = 0
ioctl(10, _IOC(_IOC_READ|_IOC_WRITE, 0x46, 0x2b, 0x30), 0x7ffd5d58c7a0) = 0
ioctl(10, _IOC(_IOC_READ|_IOC_WRITE, 0x46, 0x2a, 0x20), 0x7ffd5d58b660) = 0
openat(AT_FDCWD, "/dev/nvidiactl", O_RDWR|O_CLOEXEC) = 46
ioctl(10, _IOC(_IOC_READ|_IOC_WRITE, 0x46, 0x4e, 0x38), 0x7ffd5d58c820) = 0
mmap(0x7a54f6fe8000, 4096, PROT_READ|PROT_WRITE, MAP_SHARED|MAP_FIXED, 46, 0) = 0x7a54f6fe8000
ioctl(10, _IOC(_IOC_READ|_IOC_WRITE, 0x46, 0x2b, 0x30), 0x7ffd5d58d140) = 0
ioctl(10, _IOC(_IOC_READ|_IOC_WRITE, 0x46, 0x2a, 0x20), 0x7ffd5d58c1b0) = 0
ioctl(10, _IOC(_IOC_READ|_IOC_WRITE, 0x46, 0x2b, 0x30), 0x7ffd5d58d250) = 0
ioctl(10, _IOC(_IOC_READ|_IOC_WRITE, 0x46, 0x2a, 0x20), 0x7ffd5d58c170) = 0
ioctl(10, _IOC(_IOC_READ|_IOC_WRITE, 0x46, 0x2a, 0x20), 0x7ffd5d58c1c0) = 0
ioctl(10, _IOC(_IOC_READ|_IOC_WRITE, 0x46, 0x2b, 0x30), 0x7ffd5d58c7a0) = 0
ioctl(10, _IOC(_IOC_READ|_IOC_WRITE, 0x46, 0x2a, 0x20), 0x7ffd5d58b660) = 0
openat(AT_FDCWD, "/dev/nvidiactl", O_RDWR|O_CLOEXEC) = 46
ioctl(10, _IOC(_IOC_READ|_IOC_WRITE, 0x46, 0x4e, 0x38), 0x7ffd5d58c820) = 0
mmap(0x7a54f6fe9000, 4096, PROT_READ|PROT_WRITE, MAP_SHARED|MAP_FIXED, 46, 0) = 0x7a54f6fe9000
ioctl(10, _IOC(_IOC_READ|_IOC_WRITE, 0x46, 0x2b, 0x30), 0x7ffd5d58d140) = 0
ioctl(10, _IOC(_IOC_READ|_IOC_WRITE, 0x46, 0x2a, 0x20), 0x7ffd5d58c1b0) = 0
ioctl(10, _IOC(_IOC_READ|_IOC_WRITE, 0x46, 0x2b, 0x30), 0x7ffd5d58d250) = 0
ioctl(10, _IOC(_IOC_READ|_IOC_WRITE, 0x46, 0x2a, 0x20), 0x7ffd5d58c170) = 0
ioctl(10, _IOC(_IOC_READ|_IOC_WRITE, 0x46, 0x2a, 0x20), 0x7ffd5d58c1c0) = 0
ioctl(10, _IOC(_IOC_READ|_IOC_WRITE, 0x46, 0x2b, 0x30), 0x7ffd5d58c7a0) = 0
ioctl(10, _IOC(_IOC_READ|_IOC_WRITE, 0x46, 0x2a, 0x20), 0x7ffd5d58b660) = 0
openat(AT_FDCWD, "/dev/nvidiactl", O_RDWR|O_CLOEXEC) = 46
ioctl(10, _IOC(_IOC_READ|_IOC_WRITE, 0x46, 0x4e, 0x38), 0x7ffd5d58c820) = 0
mmap(0x7a54f6fea000, 4096, PROT_READ|PROT_WRITE, MAP_SHARED|MAP_FIXED, 46, 0) = 0x7a54f6fea000
ioctl(10, _IOC(_IOC_READ|_IOC_WRITE, 0x46, 0x2b, 0x30), 0x7ffd5d58d140) = 0
ioctl(10, _IOC(_IOC_READ|_IOC_WRITE, 0x46, 0x2a, 0x20), 0x7ffd5d58c1b0) = 0
ioctl(10, _IOC(_IOC_READ|_IOC_WRITE, 0x46, 0x2b, 0x30), 0x7ffd5d58d250) = 0
ioctl(10, _IOC(_IOC_READ|_IOC_WRITE, 0x46, 0x2a, 0x20), 0x7ffd5d58c170) = 0
ioctl(10, _IOC(_IOC_READ|_IOC_WRITE, 0x46, 0x2a, 0x20), 0x7ffd5d58c1c0) = 0
ioctl(11, _IOC(_IOC_NONE, 0, 0x1b, 0), 0x7ffd5d58d900) = 0
ioctl(11, _IOC(_IOC_NONE, 0, 0x1b, 0), 0x7ffd5d58d900) = 0
ioctl(11, _IOC(_IOC_NONE, 0, 0x1b, 0), 0x7ffd5d58d900) = 0
ioctl(11, _IOC(_IOC_NONE, 0, 0x1b, 0), 0x7ffd5d58d900) = 0
ioctl(10, _IOC(_IOC_READ|_IOC_WRITE, 0x46, 0x2a, 0x20), 0x7ffd5d58c810) = 0
openat(AT_FDCWD, "/dev/nvidia0", O_RDWR|O_CLOEXEC) = 46
ioctl(46, _IOC(_IOC_READ|_IOC_WRITE, 0x46, 0xc9, 0x4), 0x7ffd5d58d800) = 0
ioctl(46, _IOC(_IOC_READ|_IOC_WRITE, 0x46, 0xce, 0x10), 0x7ffd5d58d7f0) = 0
ioctl(46, _IOC(_IOC_READ|_IOC_WRITE, 0x46, 0x2b, 0x30), 0x7ffd5d58d7e0) = 0
write(35, "\1\0\0\0\0\0\0\0", 8)        = 8
ioctl(10, _IOC(_IOC_READ|_IOC_WRITE, 0x46, 0x2b, 0x30), 0x7ffd5d58d750) = 0
mmap(NULL, 139264, PROT_READ|PROT_WRITE, MAP_PRIVATE|MAP_ANONYMOUS, -1, 0) = 0x7a551c0be000
ioctl(10, _IOC(_IOC_READ|_IOC_WRITE, 0x46, 0x2b, 0x30), 0x7ffd5d58c7a0) = 0
ioctl(10, _IOC(_IOC_READ|_IOC_WRITE, 0x46, 0x2a, 0x20), 0x7ffd5d58b660) = 0
openat(AT_FDCWD, "/dev/nvidiactl", O_RDWR|O_CLOEXEC) = 49
ioctl(10, _IOC(_IOC_READ|_IOC_WRITE, 0x46, 0x4e, 0x38), 0x7ffd5d58c820) = 0
mmap(0x7a54f6feb000, 4096, PROT_READ|PROT_WRITE, MAP_SHARED|MAP_FIXED, 49, 0) = 0x7a54f6feb000
ioctl(10, _IOC(_IOC_READ|_IOC_WRITE, 0x46, 0x2b, 0x30), 0x7ffd5d58d140) = 0
ioctl(10, _IOC(_IOC_READ|_IOC_WRITE, 0x46, 0x2a, 0x20), 0x7ffd5d58c1b0) = 0
ioctl(10, _IOC(_IOC_READ|_IOC_WRITE, 0x46, 0x2b, 0x30), 0x7ffd5d58d250) = 0
ioctl(10, _IOC(_IOC_READ|_IOC_WRITE, 0x46, 0x2a, 0x20), 0x7ffd5d58c170) = 0
ioctl(10, _IOC(_IOC_READ|_IOC_WRITE, 0x46, 0x2a, 0x20), 0x7ffd5d58c1c0) = 0
ioctl(10, _IOC(_IOC_READ|_IOC_WRITE, 0x46, 0x2b, 0x30), 0x7ffd5d58c7a0) = 0
ioctl(10, _IOC(_IOC_READ|_IOC_WRITE, 0x46, 0x2a, 0x20), 0x7ffd5d58b660) = 0
openat(AT_FDCWD, "/dev/nvidiactl", O_RDWR|O_CLOEXEC) = 49
ioctl(10, _IOC(_IOC_READ|_IOC_WRITE, 0x46, 0x4e, 0x38), 0x7ffd5d58c820) = 0
mmap(0x7a54f6fec000, 4096, PROT_READ|PROT_WRITE, MAP_SHARED|MAP_FIXED, 49, 0) = 0x7a54f6fec000
ioctl(10, _IOC(_IOC_READ|_IOC_WRITE, 0x46, 0x2b, 0x30), 0x7ffd5d58d140) = 0
ioctl(10, _IOC(_IOC_READ|_IOC_WRITE, 0x46, 0x2a, 0x20), 0x7ffd5d58c1b0) = 0
ioctl(10, _IOC(_IOC_READ|_IOC_WRITE, 0x46, 0x2b, 0x30), 0x7ffd5d58d250) = 0
ioctl(10, _IOC(_IOC_READ|_IOC_WRITE, 0x46, 0x2a, 0x20), 0x7ffd5d58c170) = 0
ioctl(10, _IOC(_IOC_READ|_IOC_WRITE, 0x46, 0x2a, 0x20), 0x7ffd5d58c1c0) = 0
ioctl(10, _IOC(_IOC_READ|_IOC_WRITE, 0x46, 0x2b, 0x30), 0x7ffd5d58c7a0) = 0
ioctl(10, _IOC(_IOC_READ|_IOC_WRITE, 0x46, 0x2a, 0x20), 0x7ffd5d58b660) = 0
openat(AT_FDCWD, "/dev/nvidiactl", O_RDWR|O_CLOEXEC) = 49
ioctl(10, _IOC(_IOC_READ|_IOC_WRITE, 0x46, 0x4e, 0x38), 0x7ffd5d58c820) = 0
mmap(0x7a54f6fed000, 4096, PROT_READ|PROT_WRITE, MAP_SHARED|MAP_FIXED, 49, 0) = 0x7a54f6fed000
ioctl(10, _IOC(_IOC_READ|_IOC_WRITE, 0x46, 0x2b, 0x30), 0x7ffd5d58d140) = 0
ioctl(10, _IOC(_IOC_READ|_IOC_WRITE, 0x46, 0x2a, 0x20), 0x7ffd5d58c1b0) = 0
ioctl(10, _IOC(_IOC_READ|_IOC_WRITE, 0x46, 0x2b, 0x30), 0x7ffd5d58d250) = 0
ioctl(10, _IOC(_IOC_READ|_IOC_WRITE, 0x46, 0x2a, 0x20), 0x7ffd5d58c170) = 0
ioctl(10, _IOC(_IOC_READ|_IOC_WRITE, 0x46, 0x2a, 0x20), 0x7ffd5d58c1c0) = 0
ioctl(10, _IOC(_IOC_READ|_IOC_WRITE, 0x46, 0x2b, 0x30), 0x7ffd5d58c7a0) = 0
ioctl(10, _IOC(_IOC_READ|_IOC_WRITE, 0x46, 0x2a, 0x20), 0x7ffd5d58b660) = 0
openat(AT_FDCWD, "/dev/nvidiactl", O_RDWR|O_CLOEXEC) = 49
ioctl(10, _IOC(_IOC_READ|_IOC_WRITE, 0x46, 0x4e, 0x38), 0x7ffd5d58c820) = 0
mmap(0x7a54f6fee000, 4096, PROT_READ|PROT_WRITE, MAP_SHARED|MAP_FIXED, 49, 0) = 0x7a54f6fee000
ioctl(10, _IOC(_IOC_READ|_IOC_WRITE, 0x46, 0x2b, 0x30), 0x7ffd5d58d140) = 0
ioctl(10, _IOC(_IOC_READ|_IOC_WRITE, 0x46, 0x2a, 0x20), 0x7ffd5d58c1b0) = 0
ioctl(10, _IOC(_IOC_READ|_IOC_WRITE, 0x46, 0x2b, 0x30), 0x7ffd5d58d250) = 0
ioctl(10, _IOC(_IOC_READ|_IOC_WRITE, 0x46, 0x2a, 0x20), 0x7ffd5d58c170) = 0
ioctl(10, _IOC(_IOC_READ|_IOC_WRITE, 0x46, 0x2a, 0x20), 0x7ffd5d58c1c0) = 0
ioctl(11, _IOC(_IOC_NONE, 0, 0x1b, 0), 0x7ffd5d58d900) = 0
ioctl(11, _IOC(_IOC_NONE, 0, 0x1b, 0), 0x7ffd5d58d900) = 0
ioctl(11, _IOC(_IOC_NONE, 0, 0x1b, 0), 0x7ffd5d58d900) = 0
ioctl(11, _IOC(_IOC_NONE, 0, 0x1b, 0), 0x7ffd5d58d900) = 0
ioctl(10, _IOC(_IOC_READ|_IOC_WRITE, 0x46, 0x2a, 0x20), 0x7ffd5d58c810) = 0
openat(AT_FDCWD, "/dev/nvidia0", O_RDWR|O_CLOEXEC) = 49
ioctl(49, _IOC(_IOC_READ|_IOC_WRITE, 0x46, 0xc9, 0x4), 0x7ffd5d58d800) = 0
ioctl(49, _IOC(_IOC_READ|_IOC_WRITE, 0x46, 0xce, 0x10), 0x7ffd5d58d7f0) = 0
ioctl(49, _IOC(_IOC_READ|_IOC_WRITE, 0x46, 0x2b, 0x30), 0x7ffd5d58d7e0) = 0
write(35, "\1\0\0\0\0\0\0\0", 8)        = 8
ioctl(10, _IOC(_IOC_READ|_IOC_WRITE, 0x46, 0x2b, 0x30), 0x7ffd5d58cbe0) = 0
ioctl(10, _IOC(_IOC_READ|_IOC_WRITE, 0x46, 0x2a, 0x20), 0x7ffd5d58baa0) = 0
openat(AT_FDCWD, "/dev/nvidiactl", O_RDWR|O_CLOEXEC) = 51
ioctl(10, _IOC(_IOC_READ|_IOC_WRITE, 0x46, 0x4e, 0x38), 0x7ffd5d58cc60) = 0
mmap(0x204600000, 2097152, PROT_READ|PROT_WRITE, MAP_SHARED|MAP_FIXED, 51, 0) = 0x204600000
ioctl(11, _IOC(_IOC_NONE, 0, 0x49, 0), 0x7ffd5d58c8c0) = 0
ioctl(11, _IOC(_IOC_NONE, 0, 0x21, 0), 0x7ffd5d58a4b0) = 0
write(35, "\1\0\0\0\0\0\0\0", 8)        = 8
ioctl(10, _IOC(_IOC_READ|_IOC_WRITE, 0x46, 0x2a, 0x20), 0x7ffd5d58c3c0) = 0
ioctl(10, _IOC(_IOC_READ|_IOC_WRITE, 0x46, 0x2a, 0x20), 0x7ffd5d58c110) = 0
ioctl(10, _IOC(_IOC_READ|_IOC_WRITE, 0x46, 0x2b, 0x30), 0x7ffd5d58cc80) = 0
ioctl(11, _IOC(_IOC_NONE, 0, 0x49, 0), 0x7ffd5d58c960) = 0
ioctl(11, _IOC(_IOC_NONE, 0, 0x21, 0), 0x7ffd5d58a550) = 0
ioctl(11, _IOC(_IOC_NONE, 0, 0x44, 0), 0x7ffd5d58a410) = 0
mmap(0x204800000, 2097152, PROT_READ|PROT_WRITE, MAP_SHARED|MAP_FIXED, 11, 0x204800000) = 0x204800000
ioctl(11, _IOC(_IOC_NONE, 0, 0x48, 0), 0x7ffd5d589ee0) = 0
ioctl(11, _IOC(_IOC_NONE, 0, 0x17, 0), 0x7ffd5d58da30) = 0
ioctl(11, _IOC(_IOC_NONE, 0, 0x17, 0), 0x7ffd5d58da30) = 0
ioctl(11, _IOC(_IOC_NONE, 0, 0x17, 0), 0x7ffd5d58da30) = 0
ioctl(11, _IOC(_IOC_NONE, 0, 0x17, 0), 0x7ffd5d58da30) = 0
ioctl(11, _IOC(_IOC_NONE, 0, 0x17, 0), 0x7ffd5d58da30) = 0
ioctl(11, _IOC(_IOC_NONE, 0, 0x17, 0), 0x7ffd5d58da30) = 0
ioctl(11, _IOC(_IOC_NONE, 0, 0x17, 0), 0x7ffd5d58da30) = 0
ioctl(11, _IOC(_IOC_NONE, 0, 0x17, 0), 0x7ffd5d58da30) = 0
ioctl(11, _IOC(_IOC_NONE, 0, 0x17, 0), 0x7ffd5d58da30) = 0
ioctl(11, _IOC(_IOC_NONE, 0, 0x17, 0), 0x7ffd5d58da30) = 0
ioctl(10, _IOC(_IOC_READ|_IOC_WRITE, 0x46, 0x2b, 0x30), 0x7ffd5d58cac0) = 0
ioctl(10, _IOC(_IOC_READ|_IOC_WRITE, 0x46, 0x2a, 0x20), 0x7ffd5d58b980) = 0
openat(AT_FDCWD, "/dev/nvidiactl", O_RDWR|O_CLOEXEC) = 53
ioctl(10, _IOC(_IOC_READ|_IOC_WRITE, 0x46, 0x4e, 0x38), 0x7ffd5d58cb40) = 0
mmap(0x7a54f4400000, 2097152, PROT_READ|PROT_WRITE, MAP_SHARED|MAP_FIXED, 53, 0) = 0x7a54f4400000
ioctl(11, _IOC(_IOC_NONE, 0, 0x49, 0), 0x7ffd5d58c7a0) = 0
ioctl(11, _IOC(_IOC_NONE, 0, 0x21, 0), 0x7ffd5d58a390) = 0
mmap(0x7a54f4600000, 2097152, PROT_READ|PROT_WRITE, MAP_SHARED|MAP_FIXED|MAP_ANONYMOUS, -1, 0) = 0x7a54f4600000
ioctl(18, _IOC(_IOC_READ|_IOC_WRITE, 0x46, 0x27, 0x38), 0x7ffd5d58cab0) = 0
ioctl(11, _IOC(_IOC_NONE, 0, 0x49, 0), 0x7ffd5d58c7a0) = 0
ioctl(11, _IOC(_IOC_NONE, 0, 0x21, 0), 0x7ffd5d58a390) = 0
mmap(NULL, 208896, PROT_READ|PROT_WRITE, MAP_PRIVATE|MAP_ANONYMOUS, -1, 0) = 0x7a551c08b000
ioctl(10, _IOC(_IOC_READ|_IOC_WRITE, 0x46, 0x2b, 0x30), 0x7ffd5d58ce10) = 0
ioctl(11, _IOC(_IOC_NONE, 0, 0x49, 0), 0x7ffd5d58caf0) = 0
ioctl(11, _IOC(_IOC_NONE, 0, 0x21, 0), 0x7ffd5d58a6e0) = 0
mmap(0x7a54f4800000, 2097152, PROT_READ|PROT_WRITE, MAP_SHARED|MAP_FIXED|MAP_ANONYMOUS, -1, 0) = 0x7a54f4800000
ioctl(18, _IOC(_IOC_READ|_IOC_WRITE, 0x46, 0x27, 0x38), 0x7ffd5d58cbb0) = 0
ioctl(11, _IOC(_IOC_NONE, 0, 0x49, 0), 0x7ffd5d58c8a0) = 0
ioctl(11, _IOC(_IOC_NONE, 0, 0x21, 0), 0x7ffd5d58a490) = 0
ioctl(10, _IOC(_IOC_READ|_IOC_WRITE, 0x46, 0x2b, 0x30), 0x7ffd5d58cbc0) = 0
ioctl(11, _IOC(_IOC_NONE, 0, 0x49, 0), 0x7ffd5d58c8a0) = 0
ioctl(11, _IOC(_IOC_NONE, 0, 0x21, 0), 0x7ffd5d58a490) = 0
ioctl(11, _IOC(_IOC_NONE, 0, 0x41, 0), 0x7ffd5d58ccd0) = 0
mmap(NULL, 2097152, PROT_READ|PROT_WRITE, MAP_SHARED|MAP_ANONYMOUS, -1, 0) = 0x7a5510ddf000
ioctl(18, _IOC(_IOC_READ|_IOC_WRITE, 0x46, 0x27, 0x38), 0x7ffd5d58cff0) = 0
ioctl(11, _IOC(_IOC_NONE, 0, 0x49, 0), 0x7ffd5d58cce0) = 0
ioctl(11, _IOC(_IOC_NONE, 0, 0x21, 0), 0x7ffd5d58a8d0) = 0
ioctl(10, _IOC(_IOC_READ|_IOC_WRITE, 0x46, 0x2b, 0x30), 0x7ffd5d58c4a0) = 0
ioctl(11, _IOC(_IOC_NONE, 0, 0x49, 0), 0x7ffd5d58c180) = 0
ioctl(11, _IOC(_IOC_NONE, 0, 0x21, 0), 0x7ffd5d589d70) = 0
ioctl(10, _IOC(_IOC_READ|_IOC_WRITE, 0x46, 0x2b, 0x30), 0x7ffd5d58cdc0) = 0
ioctl(10, _IOC(_IOC_READ|_IOC_WRITE, 0x46, 0x2a, 0x20), 0x7ffd5d58bc80) = 0
openat(AT_FDCWD, "/dev/nvidiactl", O_RDWR|O_CLOEXEC) = 53
ioctl(10, _IOC(_IOC_READ|_IOC_WRITE, 0x46, 0x4e, 0x38), 0x7ffd5d58ce40) = 0
mmap(0x7a54f5000000, 2097152, PROT_READ|PROT_WRITE, MAP_SHARED|MAP_FIXED, 53, 0) = 0x7a54f5000000
ioctl(11, _IOC(_IOC_NONE, 0, 0x49, 0), 0x7ffd5d58caa0) = 0
ioctl(11, _IOC(_IOC_NONE, 0, 0x21, 0), 0x7ffd5d58a690) = 0
mmap(NULL, 1318912, PROT_READ|PROT_WRITE, MAP_PRIVATE|MAP_ANONYMOUS, -1, 0) = 0x7a5510c9d000
mmap(NULL, 2101248, PROT_READ|PROT_WRITE, MAP_PRIVATE|MAP_ANONYMOUS, -1, 0) = 0x7a5510a9c000
munmap(0x7a5510a9c000, 2101248)         = 0
ioctl(10, _IOC(_IOC_READ|_IOC_WRITE, 0x46, 0x2b, 0x30), 0x7ffd5d58bcd0) = 0
ioctl(11, _IOC(_IOC_NONE, 0, 0x49, 0), 0x7ffd5d58b9b0) = 0
ioctl(11, _IOC(_IOC_NONE, 0, 0x21, 0), 0x7ffd5d5895a0) = 0
mmap(0x7a54f5400000, 2097152, PROT_READ|PROT_WRITE, MAP_SHARED|MAP_FIXED|MAP_ANONYMOUS, -1, 0) = 0x7a54f5400000
ioctl(18, _IOC(_IOC_READ|_IOC_WRITE, 0x46, 0x27, 0x38), 0x7ffd5d58cda0) = 0
ioctl(11, _IOC(_IOC_NONE, 0, 0x49, 0), 0x7ffd5d58ca90) = 0
ioctl(11, _IOC(_IOC_NONE, 0, 0x21, 0), 0x7ffd5d58a680) = 0
ioctl(10, _IOC(_IOC_READ|_IOC_WRITE, 0x46, 0x2b, 0x30), 0x7ffd5d58dab0) = 0
ioctl(10, _IOC(_IOC_READ|_IOC_WRITE, 0x46, 0x2b, 0x30), 0x7ffd5d58cc40) = 0
ioctl(10, _IOC(_IOC_READ|_IOC_WRITE, 0x46, 0x2a, 0x20), 0x7ffd5d58bb00) = 0
openat(AT_FDCWD, "/dev/nvidiactl", O_RDWR|O_CLOEXEC) = 53
ioctl(10, _IOC(_IOC_READ|_IOC_WRITE, 0x46, 0x4e, 0x38), 0x7ffd5d58ccc0) = 0
mmap(0x7a54f5600000, 5451776, PROT_READ|PROT_WRITE, MAP_SHARED|MAP_FIXED, 53, 0) = 0x7a54f5600000
ioctl(11, _IOC(_IOC_NONE, 0, 0x49, 0), 0x7ffd5d58c920) = 0
ioctl(11, _IOC(_IOC_NONE, 0, 0x21, 0), 0x7ffd5d58a510) = 0
mmap(NULL, 100659200, PROT_NONE, MAP_PRIVATE|MAP_ANONYMOUS, -1, 0) = 0x7a54ee001000
munmap(0x7a54ee001000, 33550336)        = 0
ioctl(10, _IOC(_IOC_READ|_IOC_WRITE, 0x46, 0x2b, 0x30), 0x7ffd5d58cd80) = 0
ioctl(11, _IOC(_IOC_NONE, 0, 0x49, 0), 0x7ffd5d58ca60) = 0
ioctl(11, _IOC(_IOC_NONE, 0, 0x21, 0), 0x7ffd5d58a650) = 0
ioctl(10, _IOC(_IOC_READ|_IOC_WRITE, 0x46, 0x2b, 0x30), 0x7ffd5d58cd80) = 0
ioctl(11, _IOC(_IOC_NONE, 0, 0x49, 0), 0x7ffd5d58ca60) = 0
ioctl(11, _IOC(_IOC_NONE, 0, 0x21, 0), 0x7ffd5d58a650) = 0
openat(AT_FDCWD, "/dev/nvidia0", O_RDWR|O_CLOEXEC) = 53
ioctl(53, _IOC(_IOC_READ|_IOC_WRITE, 0x46, 0xc9, 0x4), 0x7ffd5d58d960) = 0
ioctl(53, _IOC(_IOC_READ|_IOC_WRITE, 0x46, 0xce, 0x10), 0x7ffd5d58d950) = 0
ioctl(53, _IOC(_IOC_READ|_IOC_WRITE, 0x46, 0x2b, 0x30), 0x7ffd5d58d940) = 0
write(35, "\1\0\0\0\0\0\0\0", 8)        = 8
openat(AT_FDCWD, "/dev/nvidia0", O_RDWR|O_CLOEXEC) = 55
ioctl(55, _IOC(_IOC_READ|_IOC_WRITE, 0x46, 0xc9, 0x4), 0x7ffd5d58d960) = 0
ioctl(55, _IOC(_IOC_READ|_IOC_WRITE, 0x46, 0xce, 0x10), 0x7ffd5d58d950) = 0
ioctl(55, _IOC(_IOC_READ|_IOC_WRITE, 0x46, 0x2b, 0x30), 0x7ffd5d58d940) = 0
write(35, "\1\0\0\0\0\0\0\0", 8)        = 8
openat(AT_FDCWD, "/dev/nvidia0", O_RDWR|O_CLOEXEC) = 57
ioctl(57, _IOC(_IOC_READ|_IOC_WRITE, 0x46, 0xc9, 0x4), 0x7ffd5d58d960) = 0
ioctl(57, _IOC(_IOC_READ|_IOC_WRITE, 0x46, 0xce, 0x10), 0x7ffd5d58d950) = 0
ioctl(57, _IOC(_IOC_READ|_IOC_WRITE, 0x46, 0x2b, 0x30), 0x7ffd5d58d940) = 0
write(35, "\1\0\0\0\0\0\0\0", 8)        = 8
openat(AT_FDCWD, "/dev/nvidia0", O_RDWR|O_CLOEXEC) = 59
ioctl(59, _IOC(_IOC_READ|_IOC_WRITE, 0x46, 0xc9, 0x4), 0x7ffd5d58d960) = 0
ioctl(59, _IOC(_IOC_READ|_IOC_WRITE, 0x46, 0xce, 0x10), 0x7ffd5d58d950) = 0
ioctl(59, _IOC(_IOC_READ|_IOC_WRITE, 0x46, 0x2b, 0x30), 0x7ffd5d58d940) = 0
write(35, "\1\0\0\0\0\0\0\0", 8)        = 8
ioctl(10, _IOC(_IOC_READ|_IOC_WRITE, 0x46, 0x2a, 0x20), 0x7ffd5d58c8b0) = 0
ioctl(10, _IOC(_IOC_READ|_IOC_WRITE, 0x46, 0x2a, 0x20), 0x7ffd5d58c960) = 0
ioctl(10, _IOC(_IOC_READ|_IOC_WRITE, 0x46, 0x2a, 0x20), 0x7ffd5d58c9f0) = 0
mmap(NULL, 234876928, PROT_NONE, MAP_PRIVATE|MAP_ANONYMOUS, -1, 0) = 0x7a54e2001000
munmap(0x7a54e2001000, 33550336)        = 0
ioctl(10, _IOC(_IOC_READ|_IOC_WRITE, 0x46, 0x2b, 0x30), 0x7ffd5d58cd60) = 0
ioctl(11, _IOC(_IOC_NONE, 0, 0x49, 0), 0x7ffd5d58ca40) = 0
ioctl(11, _IOC(_IOC_NONE, 0, 0x21, 0), 0x7ffd5d58a630) = 0
ioctl(10, _IOC(_IOC_READ|_IOC_WRITE, 0x46, 0x2a, 0x20), 0x7ffd5d58c9f0) = 0
openat(AT_FDCWD, "/proc/self/task/3940962/comm", O_WRONLY|O_CREAT|O_TRUNC, 0666) = 61
write(61, "cuda-EvtHandlr", 14)         = 14
write(35, "\1\0\0\0\0\0\0\0", 8)        = 8
ioctl(11, _IOC(_IOC_NONE, 0, 0x22, 0), 0x7ffd5d58df90) = 0
ioctl(10, _IOC(_IOC_READ|_IOC_WRITE, 0x46, 0x29, 0x10), 0x7ffd5d58e030) = 0
ioctl(11, _IOC(_IOC_NONE, 0, 0x22, 0), 0x7ffd5d58df90) = 0
ioctl(10, _IOC(_IOC_READ|_IOC_WRITE, 0x46, 0x29, 0x10), 0x7ffd5d58e030) = 0
munmap(0x10000000000, 67108864)         = 0
munmap(0x7a551d65d000, 528384)          = 0
munmap(0x7a551c123000, 528384)          = 0
munmap(0x7a551f35f000, 266240)          = 0
munmap(0x7a551d6de000, 528384)          = 0
write(35, "\1\0\0\0\0\0\0\0", 8)        = 8
write(35, "\1\0\0\0\0\0\0\0", 8)        = 8
write(35, "\1\0\0\0\0\0\0\0", 8)        = 8
write(35, "\1\0\0\0\0\0\0\0", 8)        = 8
write(35, "\1\0\0\0\0\0\0\0", 8)        = 8
ioctl(10, _IOC(_IOC_READ|_IOC_WRITE, 0x46, 0x29, 0x10), 0x7ffd5d58e2c0) = 0
ioctl(55, _IOC(_IOC_READ|_IOC_WRITE, 0x46, 0xcf, 0x10), 0x7ffd5d58e2d0) = 0
ioctl(10, _IOC(_IOC_READ|_IOC_WRITE, 0x46, 0x29, 0x10), 0x7ffd5d58e2c0) = 0
ioctl(57, _IOC(_IOC_READ|_IOC_WRITE, 0x46, 0xcf, 0x10), 0x7ffd5d58e2d0) = 0
ioctl(10, _IOC(_IOC_READ|_IOC_WRITE, 0x46, 0x29, 0x10), 0x7ffd5d58e2c0) = 0
ioctl(53, _IOC(_IOC_READ|_IOC_WRITE, 0x46, 0xcf, 0x10), 0x7ffd5d58e2d0) = 0
ioctl(10, _IOC(_IOC_READ|_IOC_WRITE, 0x46, 0x29, 0x10), 0x7ffd5d58e2c0) = 0
ioctl(59, _IOC(_IOC_READ|_IOC_WRITE, 0x46, 0xcf, 0x10), 0x7ffd5d58e2d0) = 0
ioctl(11, _IOC(_IOC_NONE, 0, 0x22, 0), 0x7ffd5d58df20) = 0
ioctl(10, _IOC(_IOC_READ|_IOC_WRITE, 0x46, 0x29, 0x10), 0x7ffd5d58dfc0) = 0
ioctl(11, _IOC(_IOC_NONE, 0, 0x22, 0), 0x7ffd5d58df20) = 0
ioctl(10, _IOC(_IOC_READ|_IOC_WRITE, 0x46, 0x29, 0x10), 0x7ffd5d58dfc0) = 0
munmap(0x7a54f0000000, 67108864)        = 0
ioctl(11, _IOC(_IOC_NONE, 0, 0x22, 0), 0x7ffd5d58dfa0) = 0
ioctl(10, _IOC(_IOC_READ|_IOC_WRITE, 0x46, 0x4f, 0x20), 0x7ffd5d58e090) = 0
mmap(0x7a54f5600000, 5451776, PROT_NONE, MAP_PRIVATE|MAP_FIXED|MAP_ANONYMOUS, 0, 0) = 0x7a54f5600000
ioctl(10, _IOC(_IOC_READ|_IOC_WRITE, 0x46, 0x29, 0x10), 0x7ffd5d58e040) = 0
ioctl(10, _IOC(_IOC_READ|_IOC_WRITE, 0x46, 0x29, 0x10), 0x7ffd5d58e320) = 0
ioctl(11, _IOC(_IOC_NONE, 0, 0x22, 0), 0x7ffd5d58df90) = 0
ioctl(10, _IOC(_IOC_READ|_IOC_WRITE, 0x46, 0x29, 0x10), 0x7ffd5d58e030) = 0
mmap(0x7a54f5400000, 2097152, PROT_NONE, MAP_PRIVATE|MAP_FIXED|MAP_ANONYMOUS, -1, 0) = 0x7a54f5400000
munmap(0x7a5510c9d000, 1318912)         = 0
ioctl(11, _IOC(_IOC_NONE, 0, 0x22, 0), 0x7ffd5d58df90) = 0
ioctl(10, _IOC(_IOC_READ|_IOC_WRITE, 0x46, 0x4f, 0x20), 0x7ffd5d58e080) = 0
mmap(0x7a54f5000000, 2097152, PROT_NONE, MAP_PRIVATE|MAP_FIXED|MAP_ANONYMOUS, 0, 0) = 0x7a54f5000000
ioctl(10, _IOC(_IOC_READ|_IOC_WRITE, 0x46, 0x29, 0x10), 0x7ffd5d58e030) = 0
ioctl(10, _IOC(_IOC_READ|_IOC_WRITE, 0x46, 0x2a, 0x20), 0x7ffd5d58cf80) = 0
ioctl(11, _IOC(_IOC_NONE, 0, 0x22, 0), 0x7ffd5d58def0) = 0
ioctl(10, _IOC(_IOC_READ|_IOC_WRITE, 0x46, 0x29, 0x10), 0x7ffd5d58df90) = 0
ioctl(10, _IOC(_IOC_READ|_IOC_WRITE, 0x46, 0x2a, 0x20), 0x7ffd5d58d2d0) = 0
write(35, "\1\0\0\0\0\0\0\0", 8)        = 8
ioctl(11, _IOC(_IOC_NONE, 0, 0x22, 0), 0x7ffd5d58dfd0) = 0
ioctl(11, _IOC(_IOC_NONE, 0, 0x22, 0), 0x7ffd5d58dfd0) = 0
ioctl(10, _IOC(_IOC_READ|_IOC_WRITE, 0x46, 0x29, 0x10), 0x7ffd5d58e070) = 0
munmap(0x7a5510ddf000, 2097152)         = 0
ioctl(11, _IOC(_IOC_NONE, 0, 0x22, 0), 0x7ffd5d58dfa0) = 0
ioctl(10, _IOC(_IOC_READ|_IOC_WRITE, 0x46, 0x29, 0x10), 0x7ffd5d58e040) = 0
mmap(0x7a54f4600000, 2097152, PROT_NONE, MAP_PRIVATE|MAP_FIXED|MAP_ANONYMOUS, -1, 0) = 0x7a54f4600000
ioctl(11, _IOC(_IOC_NONE, 0, 0x22, 0), 0x7ffd5d58dfd0) = 0
ioctl(10, _IOC(_IOC_READ|_IOC_WRITE, 0x46, 0x4f, 0x20), 0x7ffd5d58e0c0) = 0
mmap(0x7a54f4400000, 2097152, PROT_NONE, MAP_PRIVATE|MAP_FIXED|MAP_ANONYMOUS, 0, 0) = 0x7a54f4400000
ioctl(10, _IOC(_IOC_READ|_IOC_WRITE, 0x46, 0x29, 0x10), 0x7ffd5d58e070) = 0
ioctl(11, _IOC(_IOC_NONE, 0, 0x18, 0), 0x7ffd5d58e3a0) = 0
ioctl(11, _IOC(_IOC_NONE, 0, 0x18, 0), 0x7ffd5d58e3a0) = 0
ioctl(11, _IOC(_IOC_NONE, 0, 0x18, 0), 0x7ffd5d58e3a0) = 0
ioctl(11, _IOC(_IOC_NONE, 0, 0x18, 0), 0x7ffd5d58e3a0) = 0
ioctl(11, _IOC(_IOC_NONE, 0, 0x18, 0), 0x7ffd5d58e3a0) = 0
ioctl(11, _IOC(_IOC_NONE, 0, 0x18, 0), 0x7ffd5d58e3a0) = 0
ioctl(11, _IOC(_IOC_NONE, 0, 0x18, 0), 0x7ffd5d58e3a0) = 0
ioctl(11, _IOC(_IOC_NONE, 0, 0x18, 0), 0x7ffd5d58e3a0) = 0
ioctl(11, _IOC(_IOC_NONE, 0, 0x18, 0), 0x7ffd5d58e3a0) = 0
ioctl(11, _IOC(_IOC_NONE, 0, 0x18, 0), 0x7ffd5d58e3a0) = 0
ioctl(11, _IOC(_IOC_NONE, 0, 0x22, 0), 0x7ffd5d58df60) = 0
ioctl(10, _IOC(_IOC_READ|_IOC_WRITE, 0x46, 0x29, 0x10), 0x7ffd5d58e000) = 0
ioctl(10, _IOC(_IOC_READ|_IOC_WRITE, 0x46, 0x2a, 0x20), 0x7ffd5d58d2d0) = 0
ioctl(11, _IOC(_IOC_NONE, 0, 0x22, 0), 0x7ffd5d58dfd0) = 0
ioctl(10, _IOC(_IOC_READ|_IOC_WRITE, 0x46, 0x29, 0x10), 0x7ffd5d58e070) = 0
write(35, "\1\0\0\0\0\0\0\0", 8)        = 8
ioctl(10, _IOC(_IOC_READ|_IOC_WRITE, 0x46, 0x29, 0x10), 0x7ffd5d58e280) = 0
ioctl(36, _IOC(_IOC_READ|_IOC_WRITE, 0x46, 0xcf, 0x10), 0x7ffd5d58e290) = 0
ioctl(11, _IOC(_IOC_NONE, 0, 0x1c, 0), 0x7ffd5d58e300) = 0
ioctl(11, _IOC(_IOC_NONE, 0, 0x1c, 0), 0x7ffd5d58e300) = 0
ioctl(11, _IOC(_IOC_NONE, 0, 0x1c, 0), 0x7ffd5d58e300) = 0
ioctl(11, _IOC(_IOC_NONE, 0, 0x1c, 0), 0x7ffd5d58e300) = 0
ioctl(11, _IOC(_IOC_NONE, 0, 0x1c, 0), 0x7ffd5d58e300) = 0
ioctl(11, _IOC(_IOC_NONE, 0, 0x1c, 0), 0x7ffd5d58e300) = 0
ioctl(11, _IOC(_IOC_NONE, 0, 0x1c, 0), 0x7ffd5d58e300) = 0
ioctl(11, _IOC(_IOC_NONE, 0, 0x1c, 0), 0x7ffd5d58e300) = 0
ioctl(10, _IOC(_IOC_READ|_IOC_WRITE, 0x46, 0x29, 0x10), 0x7ffd5d58e210) = 0
ioctl(10, _IOC(_IOC_READ|_IOC_WRITE, 0x46, 0x29, 0x10), 0x7ffd5d58e210) = 0
ioctl(10, _IOC(_IOC_READ|_IOC_WRITE, 0x46, 0x29, 0x10), 0x7ffd5d58e240) = 0
ioctl(10, _IOC(_IOC_READ|_IOC_WRITE, 0x46, 0x4f, 0x20), 0x7ffd5d58dfb0) = 0
mmap(0x7a54f6fdf000, 4096, PROT_NONE, MAP_PRIVATE|MAP_FIXED|MAP_ANONYMOUS, 0, 0) = 0x7a54f6fdf000
ioctl(10, _IOC(_IOC_READ|_IOC_WRITE, 0x46, 0x29, 0x10), 0x7ffd5d58df60) = 0
ioctl(10, _IOC(_IOC_READ|_IOC_WRITE, 0x46, 0x29, 0x10), 0x7ffd5d58e210) = 0
ioctl(10, _IOC(_IOC_READ|_IOC_WRITE, 0x46, 0x29, 0x10), 0x7ffd5d58e210) = 0
ioctl(10, _IOC(_IOC_READ|_IOC_WRITE, 0x46, 0x29, 0x10), 0x7ffd5d58e240) = 0
ioctl(10, _IOC(_IOC_READ|_IOC_WRITE, 0x46, 0x4f, 0x20), 0x7ffd5d58dfb0) = 0
mmap(0x7a54f6fe0000, 4096, PROT_NONE, MAP_PRIVATE|MAP_FIXED|MAP_ANONYMOUS, 0, 0) = 0x7a54f6fe0000
ioctl(10, _IOC(_IOC_READ|_IOC_WRITE, 0x46, 0x29, 0x10), 0x7ffd5d58df60) = 0
ioctl(10, _IOC(_IOC_READ|_IOC_WRITE, 0x46, 0x29, 0x10), 0x7ffd5d58e210) = 0
ioctl(10, _IOC(_IOC_READ|_IOC_WRITE, 0x46, 0x29, 0x10), 0x7ffd5d58e210) = 0
ioctl(10, _IOC(_IOC_READ|_IOC_WRITE, 0x46, 0x29, 0x10), 0x7ffd5d58e240) = 0
ioctl(10, _IOC(_IOC_READ|_IOC_WRITE, 0x46, 0x4f, 0x20), 0x7ffd5d58dfb0) = 0
mmap(0x7a54f6fe1000, 4096, PROT_NONE, MAP_PRIVATE|MAP_FIXED|MAP_ANONYMOUS, 0, 0) = 0x7a54f6fe1000
ioctl(10, _IOC(_IOC_READ|_IOC_WRITE, 0x46, 0x29, 0x10), 0x7ffd5d58df60) = 0
ioctl(10, _IOC(_IOC_READ|_IOC_WRITE, 0x46, 0x29, 0x10), 0x7ffd5d58e210) = 0
ioctl(10, _IOC(_IOC_READ|_IOC_WRITE, 0x46, 0x29, 0x10), 0x7ffd5d58e210) = 0
ioctl(10, _IOC(_IOC_READ|_IOC_WRITE, 0x46, 0x29, 0x10), 0x7ffd5d58e240) = 0
ioctl(10, _IOC(_IOC_READ|_IOC_WRITE, 0x46, 0x4f, 0x20), 0x7ffd5d58dfb0) = 0
mmap(0x7a54f6fe2000, 4096, PROT_NONE, MAP_PRIVATE|MAP_FIXED|MAP_ANONYMOUS, 0, 0) = 0x7a54f6fe2000
ioctl(10, _IOC(_IOC_READ|_IOC_WRITE, 0x46, 0x29, 0x10), 0x7ffd5d58df60) = 0
ioctl(10, _IOC(_IOC_READ|_IOC_WRITE, 0x46, 0x29, 0x10), 0x7ffd5d58e210) = 0
ioctl(10, _IOC(_IOC_READ|_IOC_WRITE, 0x46, 0x29, 0x10), 0x7ffd5d58e210) = 0
ioctl(10, _IOC(_IOC_READ|_IOC_WRITE, 0x46, 0x29, 0x10), 0x7ffd5d58e240) = 0
ioctl(10, _IOC(_IOC_READ|_IOC_WRITE, 0x46, 0x4f, 0x20), 0x7ffd5d58dfb0) = 0
mmap(0x7a54f6fe3000, 4096, PROT_NONE, MAP_PRIVATE|MAP_FIXED|MAP_ANONYMOUS, 0, 0) = 0x7a54f6fe3000
ioctl(10, _IOC(_IOC_READ|_IOC_WRITE, 0x46, 0x29, 0x10), 0x7ffd5d58df60) = 0
ioctl(10, _IOC(_IOC_READ|_IOC_WRITE, 0x46, 0x29, 0x10), 0x7ffd5d58e210) = 0
ioctl(10, _IOC(_IOC_READ|_IOC_WRITE, 0x46, 0x29, 0x10), 0x7ffd5d58e210) = 0
ioctl(10, _IOC(_IOC_READ|_IOC_WRITE, 0x46, 0x29, 0x10), 0x7ffd5d58e240) = 0
ioctl(10, _IOC(_IOC_READ|_IOC_WRITE, 0x46, 0x4f, 0x20), 0x7ffd5d58dfb0) = 0
mmap(0x7a54f6fe4000, 4096, PROT_NONE, MAP_PRIVATE|MAP_FIXED|MAP_ANONYMOUS, 0, 0) = 0x7a54f6fe4000
ioctl(10, _IOC(_IOC_READ|_IOC_WRITE, 0x46, 0x29, 0x10), 0x7ffd5d58df60) = 0
ioctl(10, _IOC(_IOC_READ|_IOC_WRITE, 0x46, 0x29, 0x10), 0x7ffd5d58e210) = 0
ioctl(10, _IOC(_IOC_READ|_IOC_WRITE, 0x46, 0x29, 0x10), 0x7ffd5d58e210) = 0
ioctl(10, _IOC(_IOC_READ|_IOC_WRITE, 0x46, 0x29, 0x10), 0x7ffd5d58e240) = 0
ioctl(10, _IOC(_IOC_READ|_IOC_WRITE, 0x46, 0x4f, 0x20), 0x7ffd5d58dfb0) = 0
mmap(0x7a54f6fe5000, 4096, PROT_NONE, MAP_PRIVATE|MAP_FIXED|MAP_ANONYMOUS, 0, 0) = 0x7a54f6fe5000
ioctl(10, _IOC(_IOC_READ|_IOC_WRITE, 0x46, 0x29, 0x10), 0x7ffd5d58df60) = 0
ioctl(10, _IOC(_IOC_READ|_IOC_WRITE, 0x46, 0x29, 0x10), 0x7ffd5d58e210) = 0
ioctl(10, _IOC(_IOC_READ|_IOC_WRITE, 0x46, 0x29, 0x10), 0x7ffd5d58e210) = 0
ioctl(10, _IOC(_IOC_READ|_IOC_WRITE, 0x46, 0x29, 0x10), 0x7ffd5d58e240) = 0
ioctl(10, _IOC(_IOC_READ|_IOC_WRITE, 0x46, 0x4f, 0x20), 0x7ffd5d58dfb0) = 0
mmap(0x7a54f6fe6000, 4096, PROT_NONE, MAP_PRIVATE|MAP_FIXED|MAP_ANONYMOUS, 0, 0) = 0x7a54f6fe6000
ioctl(10, _IOC(_IOC_READ|_IOC_WRITE, 0x46, 0x29, 0x10), 0x7ffd5d58df60) = 0
munmap(0x7a551c0e0000, 274432)          = 0
ioctl(10, _IOC(_IOC_READ|_IOC_WRITE, 0x46, 0x29, 0x10), 0x7ffd5d58e2c0) = 0
ioctl(10, _IOC(_IOC_READ|_IOC_WRITE, 0x46, 0x29, 0x10), 0x7ffd5d58e2c0) = 0
write(35, "\1\0\0\0\0\0\0\0", 8)        = 8
ioctl(10, _IOC(_IOC_READ|_IOC_WRITE, 0x46, 0x29, 0x10), 0x7ffd5d58e280) = 0
ioctl(46, _IOC(_IOC_READ|_IOC_WRITE, 0x46, 0xcf, 0x10), 0x7ffd5d58e290) = 0
ioctl(11, _IOC(_IOC_NONE, 0, 0x1c, 0), 0x7ffd5d58e300) = 0
ioctl(11, _IOC(_IOC_NONE, 0, 0x1c, 0), 0x7ffd5d58e300) = 0
ioctl(11, _IOC(_IOC_NONE, 0, 0x1c, 0), 0x7ffd5d58e300) = 0
ioctl(11, _IOC(_IOC_NONE, 0, 0x1c, 0), 0x7ffd5d58e300) = 0
ioctl(10, _IOC(_IOC_READ|_IOC_WRITE, 0x46, 0x29, 0x10), 0x7ffd5d58e210) = 0
ioctl(10, _IOC(_IOC_READ|_IOC_WRITE, 0x46, 0x29, 0x10), 0x7ffd5d58e240) = 0
ioctl(10, _IOC(_IOC_READ|_IOC_WRITE, 0x46, 0x4f, 0x20), 0x7ffd5d58dfb0) = 0
mmap(0x7a54f6fe7000, 4096, PROT_NONE, MAP_PRIVATE|MAP_FIXED|MAP_ANONYMOUS, 0, 0) = 0x7a54f6fe7000
ioctl(10, _IOC(_IOC_READ|_IOC_WRITE, 0x46, 0x29, 0x10), 0x7ffd5d58df60) = 0
ioctl(10, _IOC(_IOC_READ|_IOC_WRITE, 0x46, 0x29, 0x10), 0x7ffd5d58e210) = 0
ioctl(10, _IOC(_IOC_READ|_IOC_WRITE, 0x46, 0x29, 0x10), 0x7ffd5d58e240) = 0
ioctl(10, _IOC(_IOC_READ|_IOC_WRITE, 0x46, 0x4f, 0x20), 0x7ffd5d58dfb0) = 0
mmap(0x7a54f6fe8000, 4096, PROT_NONE, MAP_PRIVATE|MAP_FIXED|MAP_ANONYMOUS, 0, 0) = 0x7a54f6fe8000
ioctl(10, _IOC(_IOC_READ|_IOC_WRITE, 0x46, 0x29, 0x10), 0x7ffd5d58df60) = 0
ioctl(10, _IOC(_IOC_READ|_IOC_WRITE, 0x46, 0x29, 0x10), 0x7ffd5d58e210) = 0
ioctl(10, _IOC(_IOC_READ|_IOC_WRITE, 0x46, 0x29, 0x10), 0x7ffd5d58e240) = 0
ioctl(10, _IOC(_IOC_READ|_IOC_WRITE, 0x46, 0x4f, 0x20), 0x7ffd5d58dfb0) = 0
mmap(0x7a54f6fe9000, 4096, PROT_NONE, MAP_PRIVATE|MAP_FIXED|MAP_ANONYMOUS, 0, 0) = 0x7a54f6fe9000
ioctl(10, _IOC(_IOC_READ|_IOC_WRITE, 0x46, 0x29, 0x10), 0x7ffd5d58df60) = 0
ioctl(10, _IOC(_IOC_READ|_IOC_WRITE, 0x46, 0x29, 0x10), 0x7ffd5d58e210) = 0
ioctl(10, _IOC(_IOC_READ|_IOC_WRITE, 0x46, 0x29, 0x10), 0x7ffd5d58e240) = 0
ioctl(10, _IOC(_IOC_READ|_IOC_WRITE, 0x46, 0x4f, 0x20), 0x7ffd5d58dfb0) = 0
mmap(0x7a54f6fea000, 4096, PROT_NONE, MAP_PRIVATE|MAP_FIXED|MAP_ANONYMOUS, 0, 0) = 0x7a54f6fea000
ioctl(10, _IOC(_IOC_READ|_IOC_WRITE, 0x46, 0x29, 0x10), 0x7ffd5d58df60) = 0
munmap(0x7a551d63b000, 139264)          = 0
ioctl(10, _IOC(_IOC_READ|_IOC_WRITE, 0x46, 0x29, 0x10), 0x7ffd5d58e2c0) = 0
write(35, "\1\0\0\0\0\0\0\0", 8)        = 8
ioctl(10, _IOC(_IOC_READ|_IOC_WRITE, 0x46, 0x29, 0x10), 0x7ffd5d58e280) = 0
ioctl(49, _IOC(_IOC_READ|_IOC_WRITE, 0x46, 0xcf, 0x10), 0x7ffd5d58e290) = 0
ioctl(11, _IOC(_IOC_NONE, 0, 0x1c, 0), 0x7ffd5d58e300) = 0
ioctl(11, _IOC(_IOC_NONE, 0, 0x1c, 0), 0x7ffd5d58e300) = 0
ioctl(11, _IOC(_IOC_NONE, 0, 0x1c, 0), 0x7ffd5d58e300) = 0
ioctl(11, _IOC(_IOC_NONE, 0, 0x1c, 0), 0x7ffd5d58e300) = 0
ioctl(10, _IOC(_IOC_READ|_IOC_WRITE, 0x46, 0x29, 0x10), 0x7ffd5d58e210) = 0
ioctl(10, _IOC(_IOC_READ|_IOC_WRITE, 0x46, 0x29, 0x10), 0x7ffd5d58e240) = 0
ioctl(10, _IOC(_IOC_READ|_IOC_WRITE, 0x46, 0x4f, 0x20), 0x7ffd5d58dfb0) = 0
mmap(0x7a54f6feb000, 4096, PROT_NONE, MAP_PRIVATE|MAP_FIXED|MAP_ANONYMOUS, 0, 0) = 0x7a54f6feb000
ioctl(10, _IOC(_IOC_READ|_IOC_WRITE, 0x46, 0x29, 0x10), 0x7ffd5d58df60) = 0
ioctl(10, _IOC(_IOC_READ|_IOC_WRITE, 0x46, 0x29, 0x10), 0x7ffd5d58e210) = 0
ioctl(10, _IOC(_IOC_READ|_IOC_WRITE, 0x46, 0x29, 0x10), 0x7ffd5d58e240) = 0
ioctl(10, _IOC(_IOC_READ|_IOC_WRITE, 0x46, 0x4f, 0x20), 0x7ffd5d58dfb0) = 0
mmap(0x7a54f6fec000, 4096, PROT_NONE, MAP_PRIVATE|MAP_FIXED|MAP_ANONYMOUS, 0, 0) = 0x7a54f6fec000
ioctl(10, _IOC(_IOC_READ|_IOC_WRITE, 0x46, 0x29, 0x10), 0x7ffd5d58df60) = 0
ioctl(10, _IOC(_IOC_READ|_IOC_WRITE, 0x46, 0x29, 0x10), 0x7ffd5d58e210) = 0
ioctl(10, _IOC(_IOC_READ|_IOC_WRITE, 0x46, 0x29, 0x10), 0x7ffd5d58e240) = 0
ioctl(10, _IOC(_IOC_READ|_IOC_WRITE, 0x46, 0x4f, 0x20), 0x7ffd5d58dfb0) = 0
mmap(0x7a54f6fed000, 4096, PROT_NONE, MAP_PRIVATE|MAP_FIXED|MAP_ANONYMOUS, 0, 0) = 0x7a54f6fed000
ioctl(10, _IOC(_IOC_READ|_IOC_WRITE, 0x46, 0x29, 0x10), 0x7ffd5d58df60) = 0
ioctl(10, _IOC(_IOC_READ|_IOC_WRITE, 0x46, 0x29, 0x10), 0x7ffd5d58e210) = 0
ioctl(10, _IOC(_IOC_READ|_IOC_WRITE, 0x46, 0x29, 0x10), 0x7ffd5d58e240) = 0
ioctl(10, _IOC(_IOC_READ|_IOC_WRITE, 0x46, 0x4f, 0x20), 0x7ffd5d58dfb0) = 0
mmap(0x7a54f6fee000, 4096, PROT_NONE, MAP_PRIVATE|MAP_FIXED|MAP_ANONYMOUS, 0, 0) = 0x7a54f6fee000
ioctl(10, _IOC(_IOC_READ|_IOC_WRITE, 0x46, 0x29, 0x10), 0x7ffd5d58df60) = 0
ioctl(11, _IOC(_IOC_NONE, 0, 0x22, 0), 0x7ffd5d58de90) = 0
ioctl(10, _IOC(_IOC_READ|_IOC_WRITE, 0x46, 0x4f, 0x20), 0x7ffd5d58df80) = 0
mmap(0x200400000, 50331648, PROT_NONE, MAP_PRIVATE|MAP_FIXED|MAP_ANONYMOUS, 0, 0) = 0x200400000
ioctl(10, _IOC(_IOC_READ|_IOC_WRITE, 0x46, 0x29, 0x10), 0x7ffd5d58df30) = 0
ioctl(11, _IOC(_IOC_NONE, 0, 0x22, 0), 0x7ffd5d58de90) = 0
ioctl(10, _IOC(_IOC_READ|_IOC_WRITE, 0x46, 0x4f, 0x20), 0x7ffd5d58df80) = 0
mmap(0x200200000, 2097152, PROT_NONE, MAP_PRIVATE|MAP_FIXED|MAP_ANONYMOUS, 0, 0) = 0x200200000
ioctl(10, _IOC(_IOC_READ|_IOC_WRITE, 0x46, 0x29, 0x10), 0x7ffd5d58df30) = 0
munmap(0x7a551c0be000, 139264)          = 0
ioctl(10, _IOC(_IOC_READ|_IOC_WRITE, 0x46, 0x29, 0x10), 0x7ffd5d58e2c0) = 0
munmap(0x7a551f33e000, 135168)          = 0
write(35, "\1\0\0\0\0\0\0\0", 8)        = 8
ioctl(11, _IOC(_IOC_NONE, 0, 0x22, 0), 0x7ffd5d58dfd0) = 0
ioctl(10, _IOC(_IOC_READ|_IOC_WRITE, 0x46, 0x29, 0x10), 0x7ffd5d58e070) = 0
munmap(0x7a54e4000000, 201326592)       = 0
ioctl(11, _IOC(_IOC_NONE, 0, 0x22, 0), 0x7ffd5d58dfd0) = 0
ioctl(10, _IOC(_IOC_READ|_IOC_WRITE, 0x46, 0x29, 0x10), 0x7ffd5d58e070) = 0
munmap(0x7a551c08b000, 208896)          = 0
ioctl(11, _IOC(_IOC_NONE, 0, 0x22, 0), 0x7ffd5d58dfa0) = 0
ioctl(10, _IOC(_IOC_READ|_IOC_WRITE, 0x46, 0x29, 0x10), 0x7ffd5d58e040) = 0
ioctl(11, _IOC(_IOC_NONE, 0, 0x22, 0), 0x7ffd5d58df90) = 0
ioctl(10, _IOC(_IOC_READ|_IOC_WRITE, 0x46, 0x4f, 0x20), 0x7ffd5d58e080) = 0
mmap(0x204600000, 2097152, PROT_NONE, MAP_PRIVATE|MAP_FIXED|MAP_ANONYMOUS, 0, 0) = 0x204600000
ioctl(10, _IOC(_IOC_READ|_IOC_WRITE, 0x46, 0x29, 0x10), 0x7ffd5d58e030) = 0
ioctl(11, _IOC(_IOC_NONE, 0, 0x22, 0), 0x7ffd5d58df90) = 0
ioctl(10, _IOC(_IOC_READ|_IOC_WRITE, 0x46, 0x4f, 0x20), 0x7ffd5d58e080) = 0
mmap(0x204400000, 2097152, PROT_NONE, MAP_PRIVATE|MAP_FIXED|MAP_ANONYMOUS, 0, 0) = 0x204400000
ioctl(10, _IOC(_IOC_READ|_IOC_WRITE, 0x46, 0x29, 0x10), 0x7ffd5d58e030) = 0
ioctl(11, _IOC(_IOC_NONE, 0, 0x22, 0), 0x7ffd5d58dfa0) = 0
ioctl(10, _IOC(_IOC_READ|_IOC_WRITE, 0x46, 0x29, 0x10), 0x7ffd5d58e040) = 0
ioctl(11, _IOC(_IOC_NONE, 0, 0x22, 0), 0x7ffd5d58dfa0) = 0
ioctl(10, _IOC(_IOC_READ|_IOC_WRITE, 0x46, 0x29, 0x10), 0x7ffd5d58e040) = 0
mmap(0x7a54f4800000, 2097152, PROT_NONE, MAP_PRIVATE|MAP_FIXED|MAP_ANONYMOUS, -1, 0) = 0x7a54f4800000
mmap(0x204800000, 2097152, PROT_NONE, MAP_PRIVATE|MAP_FIXED|MAP_ANONYMOUS, -1, 0) = 0x204800000
ioctl(11, _IOC(_IOC_NONE, 0, 0x22, 0), 0x7ffd5d58e040) = 0
ioctl(11, _IOC(_IOC_NONE, 0, 0x22, 0), 0x7ffd5d58dfa0) = 0
ioctl(10, _IOC(_IOC_READ|_IOC_WRITE, 0x46, 0x29, 0x10), 0x7ffd5d58e040) = 0
munmap(0x7a54f4000000, 33554432)        = 0
munmap(0x7a54f6fdf000, 16912384)        = 0
ioctl(11, _IOC(_IOC_NONE, 0, 0x1a, 0), 0x7ffd5d58e3d0) = 0
ioctl(10, _IOC(_IOC_READ|_IOC_WRITE, 0x46, 0x2a, 0x20), 0x7ffd5d58d2c0) = 0
write(1, "cuCtxCreate OK\n", 15)        = 15
+++ exited with 0 +++
