3947817 openat(AT_FDCWD, "/usr/local/cuda/lib64/glibc-hwcaps/x86-64-v4/libcuda.so.1", O_RDONLY|O_CLOEXEC) = -1 ENOENT (No such file or directory)
3947817 openat(AT_FDCWD, "/usr/local/cuda/lib64/glibc-hwcaps/x86-64-v3/libcuda.so.1", O_RDONLY|O_CLOEXEC) = -1 ENOENT (No such file or directory)
3947817 openat(AT_FDCWD, "/usr/local/cuda/lib64/glibc-hwcaps/x86-64-v2/libcuda.so.1", O_RDONLY|O_CLOEXEC) = -1 ENOENT (No such file or directory)
3947817 openat(AT_FDCWD, "/usr/local/cuda/lib64/tls/haswell/avx512_1/x86_64/libcuda.so.1", O_RDONLY|O_CLOEXEC) = -1 ENOENT (No such file or directory)
3947817 openat(AT_FDCWD, "/usr/local/cuda/lib64/tls/haswell/avx512_1/libcuda.so.1", O_RDONLY|O_CLOEXEC) = -1 ENOENT (No such file or directory)
3947817 openat(AT_FDCWD, "/usr/local/cuda/lib64/tls/haswell/x86_64/libcuda.so.1", O_RDONLY|O_CLOEXEC) = -1 ENOENT (No such file or directory)
3947817 openat(AT_FDCWD, "/usr/local/cuda/lib64/tls/haswell/libcuda.so.1", O_RDONLY|O_CLOEXEC) = -1 ENOENT (No such file or directory)
3947817 openat(AT_FDCWD, "/usr/local/cuda/lib64/tls/avx512_1/x86_64/libcuda.so.1", O_RDONLY|O_CLOEXEC) = -1 ENOENT (No such file or directory)
3947817 openat(AT_FDCWD, "/usr/local/cuda/lib64/tls/avx512_1/libcuda.so.1", O_RDONLY|O_CLOEXEC) = -1 ENOENT (No such file or directory)
3947817 openat(AT_FDCWD, "/usr/local/cuda/lib64/tls/x86_64/libcuda.so.1", O_RDONLY|O_CLOEXEC) = -1 ENOENT (No such file or directory)
3947817 openat(AT_FDCWD, "/usr/local/cuda/lib64/tls/libcuda.so.1", O_RDONLY|O_CLOEXEC) = -1 ENOENT (No such file or directory)
3947817 openat(AT_FDCWD, "/usr/local/cuda/lib64/haswell/avx512_1/x86_64/libcuda.so.1", O_RDONLY|O_CLOEXEC) = -1 ENOENT (No such file or directory)
3947817 openat(AT_FDCWD, "/usr/local/cuda/lib64/haswell/avx512_1/libcuda.so.1", O_RDONLY|O_CLOEXEC) = -1 ENOENT (No such file or directory)
3947817 openat(AT_FDCWD, "/usr/local/cuda/lib64/haswell/x86_64/libcuda.so.1", O_RDONLY|O_CLOEXEC) = -1 ENOENT (No such file or directory)
3947817 openat(AT_FDCWD, "/usr/local/cuda/lib64/haswell/libcuda.so.1", O_RDONLY|O_CLOEXEC) = -1 ENOENT (No such file or directory)
3947817 openat(AT_FDCWD, "/usr/local/cuda/lib64/avx512_1/x86_64/libcuda.so.1", O_RDONLY|O_CLOEXEC) = -1 ENOENT (No such file or directory)
3947817 openat(AT_FDCWD, "/usr/local/cuda/lib64/avx512_1/libcuda.so.1", O_RDONLY|O_CLOEXEC) = -1 ENOENT (No such file or directory)
3947817 openat(AT_FDCWD, "/usr/local/cuda/lib64/x86_64/libcuda.so.1", O_RDONLY|O_CLOEXEC) = -1 ENOENT (No such file or directory)
3947817 openat(AT_FDCWD, "/usr/local/cuda/lib64/libcuda.so.1", O_RDONLY|O_CLOEXEC) = -1 ENOENT (No such file or directory)
3947817 openat(AT_FDCWD, "/usr/local/cuda-12.5/lib64/glibc-hwcaps/x86-64-v4/libcuda.so.1", O_RDONLY|O_CLOEXEC) = -1 ENOENT (No such file or directory)
3947817 openat(AT_FDCWD, "/usr/local/cuda-12.5/lib64/glibc-hwcaps/x86-64-v3/libcuda.so.1", O_RDONLY|O_CLOEXEC) = -1 ENOENT (No such file or directory)
3947817 openat(AT_FDCWD, "/usr/local/cuda-12.5/lib64/glibc-hwcaps/x86-64-v2/libcuda.so.1", O_RDONLY|O_CLOEXEC) = -1 ENOENT (No such file or directory)
3947817 openat(AT_FDCWD, "/usr/local/cuda-12.5/lib64/tls/haswell/avx512_1/x86_64/libcuda.so.1", O_RDONLY|O_CLOEXEC) = -1 ENOENT (No such file or directory)
3947817 openat(AT_FDCWD, "/usr/local/cuda-12.5/lib64/tls/haswell/avx512_1/libcuda.so.1", O_RDONLY|O_CLOEXEC) = -1 ENOENT (No such file or directory)
3947817 openat(AT_FDCWD, "/usr/local/cuda-12.5/lib64/tls/haswell/x86_64/libcuda.so.1", O_RDONLY|O_CLOEXEC) = -1 ENOENT (No such file or directory)
3947817 openat(AT_FDCWD, "/usr/local/cuda-12.5/lib64/tls/haswell/libcuda.so.1", O_RDONLY|O_CLOEXEC) = -1 ENOENT (No such file or directory)
3947817 openat(AT_FDCWD, "/usr/local/cuda-12.5/lib64/tls/avx512_1/x86_64/libcuda.so.1", O_RDONLY|O_CLOEXEC) = -1 ENOENT (No such file or directory)
3947817 openat(AT_FDCWD, "/usr/local/cuda-12.5/lib64/tls/avx512_1/libcuda.so.1", O_RDONLY|O_CLOEXEC) = -1 ENOENT (No such file or directory)
3947817 openat(AT_FDCWD, "/usr/local/cuda-12.5/lib64/tls/x86_64/libcuda.so.1", O_RDONLY|O_CLOEXEC) = -1 ENOENT (No such file or directory)
3947817 openat(AT_FDCWD, "/usr/local/cuda-12.5/lib64/tls/libcuda.so.1", O_RDONLY|O_CLOEXEC) = -1 ENOENT (No such file or directory)
3947817 openat(AT_FDCWD, "/usr/local/cuda-12.5/lib64/haswell/avx512_1/x86_64/libcuda.so.1", O_RDONLY|O_CLOEXEC) = -1 ENOENT (No such file or directory)
3947817 openat(AT_FDCWD, "/usr/local/cuda-12.5/lib64/haswell/avx512_1/libcuda.so.1", O_RDONLY|O_CLOEXEC) = -1 ENOENT (No such file or directory)
3947817 openat(AT_FDCWD, "/usr/local/cuda-12.5/lib64/haswell/x86_64/libcuda.so.1", O_RDONLY|O_CLOEXEC) = -1 ENOENT (No such file or directory)
3947817 openat(AT_FDCWD, "/usr/local/cuda-12.5/lib64/haswell/libcuda.so.1", O_RDONLY|O_CLOEXEC) = -1 ENOENT (No such file or directory)
3947817 openat(AT_FDCWD, "/usr/local/cuda-12.5/lib64/avx512_1/x86_64/libcuda.so.1", O_RDONLY|O_CLOEXEC) = -1 ENOENT (No such file or directory)
3947817 openat(AT_FDCWD, "/usr/local/cuda-12.5/lib64/avx512_1/libcuda.so.1", O_RDONLY|O_CLOEXEC) = -1 ENOENT (No such file or directory)
3947817 openat(AT_FDCWD, "/usr/local/cuda-12.5/lib64/x86_64/libcuda.so.1", O_RDONLY|O_CLOEXEC) = -1 ENOENT (No such file or directory)
3947817 openat(AT_FDCWD, "/usr/local/cuda-12.5/lib64/libcuda.so.1", O_RDONLY|O_CLOEXEC) = -1 ENOENT (No such file or directory)
3947817 openat(AT_FDCWD, "/etc/ld.so.cache", O_RDONLY|O_CLOEXEC) = 3
3947817 close(3)                        = 0
3947817 openat(AT_FDCWD, "/lib/x86_64-linux-gnu/libcuda.so.1", O_RDONLY|O_CLOEXEC) = 3
3947817 close(3)                        = 0
3947817 openat(AT_FDCWD, "/usr/local/cuda-12.5/lib64/libc.so.6", O_RDONLY|O_CLOEXEC) = -1 ENOENT (No such file or directory)
3947817 openat(AT_FDCWD, "/lib/x86_64-linux-gnu/libc.so.6", O_RDONLY|O_CLOEXEC) = 3
3947817 close(3)                        = 0
3947817 openat(AT_FDCWD, "/usr/local/cuda-12.5/lib64/libm.so.6", O_RDONLY|O_CLOEXEC) = -1 ENOENT (No such file or directory)
3947817 openat(AT_FDCWD, "/lib/x86_64-linux-gnu/libm.so.6", O_RDONLY|O_CLOEXEC) = 3
3947817 close(3)                        = 0
3947817 openat(AT_FDCWD, "/usr/local/cuda-12.5/lib64/libdl.so.2", O_RDONLY|O_CLOEXEC) = -1 ENOENT (No such file or directory)
3947817 openat(AT_FDCWD, "/lib/x86_64-linux-gnu/libdl.so.2", O_RDONLY|O_CLOEXEC) = 3
3947817 close(3)                        = 0
3947817 openat(AT_FDCWD, "/usr/local/cuda-12.5/lib64/libpthread.so.0", O_RDONLY|O_CLOEXEC) = -1 ENOENT (No such file or directory)
3947817 openat(AT_FDCWD, "/lib/x86_64-linux-gnu/libpthread.so.0", O_RDONLY|O_CLOEXEC) = 3
3947817 close(3)                        = 0
3947817 openat(AT_FDCWD, "/usr/local/cuda-12.5/lib64/librt.so.1", O_RDONLY|O_CLOEXEC) = -1 ENOENT (No such file or directory)
3947817 openat(AT_FDCWD, "/lib/x86_64-linux-gnu/librt.so.1", O_RDONLY|O_CLOEXEC) = 3
3947817 close(3)                        = 0
3947817 openat(AT_FDCWD, "/sys/devices/system/cpu/online", O_RDONLY|O_CLOEXEC) = 3
3947817 close(3)                        = 0
3947817 openat(AT_FDCWD, "/sys/devices/system/cpu/online", O_RDONLY|O_CLOEXEC) = 3
3947817 close(3)                        = 0
3947817 openat(AT_FDCWD, "/proc/sys/vm/mmap_min_addr", O_RDONLY) = 3
3947817 close(3)                        = 0
3947817 openat(AT_FDCWD, "/proc/cpuinfo", O_RDONLY) = 3
3947817 close(3)                        = 0
3947817 openat(AT_FDCWD, "/proc/self/maps", O_RDONLY) = 3
3947817 close(3)                        = 0
3947817 openat(AT_FDCWD, "/sys/devices/system/cpu/online", O_RDONLY|O_CLOEXEC) = 3
3947817 close(3)                        = 0
3947817 openat(AT_FDCWD, "/proc/self/task/3947818/comm", O_WRONLY|O_CREAT|O_TRUNC, 0666) = 8
3947817 close(8)                        = 0
3947817 openat(AT_FDCWD, "/dev/shm/cuda_injection_path_shm", O_RDWR|O_NOFOLLOW|O_CLOEXEC) = -1 ENOENT (No such file or directory)
3947817 openat(AT_FDCWD, "/home/pulak/.nv/nvidia-application-profile-globals-rc", O_RDONLY) = -1 ENOENT (No such file or directory)
3947817 openat(AT_FDCWD, "/home/pulak/.nv/nvidia-application-profiles-rc", O_RDONLY) = -1 ENOENT (No such file or directory)
3947817 openat(AT_FDCWD, "/home/pulak/.nv/nvidia-application-profiles-rc.d", O_RDONLY) = -1 ENOENT (No such file or directory)
3947817 openat(AT_FDCWD, "/etc/nvidia/nvidia-application-profiles-rc", O_RDONLY) = -1 ENOENT (No such file or directory)
3947817 openat(AT_FDCWD, "/etc/nvidia/nvidia-application-profiles-rc.d/", O_RDONLY) = -1 ENOENT (No such file or directory)
3947817 openat(AT_FDCWD, "/usr/share/nvidia/nvidia-application-profiles-555.42.06-rc", O_RDONLY) = 8
3947817 close(8)                        = 0
3947817 openat(AT_FDCWD, "/usr/share/nvidia/nvidia-application-profiles-rc", O_RDONLY) = -1 ENOENT (No such file or directory)
3947817 openat(AT_FDCWD, "/proc/self/cmdline", O_RDONLY) = 8
3947817 close(8)                        = 0
3947817 close(8)                        = 0
3947817 openat(AT_FDCWD, "/proc/modules", O_RDONLY) = 8
3947817 close(8)                        = 0
3947817 openat(AT_FDCWD, "/proc/driver/nvidia/params", O_RDONLY) = 8
3947817 close(8)                        = 0
3947817 openat(AT_FDCWD, "/proc/driver/nvidia/params", O_RDONLY) = 8
3947817 close(8)                        = 0
3947817 openat(AT_FDCWD, "/dev/nvidiactl", O_RDWR) = 8
3947817 openat(AT_FDCWD, "/sys/devices/system/memory/block_size_bytes", O_RDONLY) = 9
3947817 close(9)                        = 0
3947817 ioctl(8, _IOC(_IOC_READ|_IOC_WRITE, 0x46, 0xd6, 0x8), 0x7ffc257fd650) = 0
3947817 ioctl(8, _IOC(_IOC_READ|_IOC_WRITE, 0x46, 0xc8, 0x900), 0x75ef0171aae0) = 0
3947817 openat(AT_FDCWD, "/proc/driver/nvidia/params", O_RDONLY) = 9
3947817 close(9)                        = 0
3947817 ioctl(8, _IOC(_IOC_READ|_IOC_WRITE, 0x46, 0x2b, 0x20), 0x7ffc257fd7a0) = 0
3947817 ioctl(8, _IOC(_IOC_READ|_IOC_WRITE, 0x46, 0x2a, 0x20), 0x7ffc257fc6a0) = 0
3947817 ioctl(8, _IOC(_IOC_READ|_IOC_WRITE, 0x46, 0x29, 0x10), 0x7ffc257fd780) = 0
3947817 close(8)                        = 0
3947817 openat(AT_FDCWD, "/proc/modules", O_RDONLY) = 8
3947817 close(8)                        = 0
3947817 openat(AT_FDCWD, "/proc/driver/nvidia/params", O_RDONLY) = 8
3947817 close(8)                        = 0
3947817 openat(AT_FDCWD, "/proc/driver/nvidia/params", O_RDONLY) = 8
3947817 close(8)                        = 0
3947817 openat(AT_FDCWD, "/dev/nvidiactl", O_RDWR) = 8
3947817 openat(AT_FDCWD, "/sys/devices/system/memory/block_size_bytes", O_RDONLY) = 9
3947817 close(9)                        = 0
3947817 ioctl(8, _IOC(_IOC_READ|_IOC_WRITE, 0x46, 0xd6, 0x8), 0x7ffc257fdc10) = 0
3947817 ioctl(8, _IOC(_IOC_READ|_IOC_WRITE, 0x46, 0xc8, 0x900), 0x75ef0171aae0) = 0
3947817 openat(AT_FDCWD, "/proc/driver/nvidia/params", O_RDONLY) = 9
3947817 close(9)                        = 0
3947817 ioctl(8, _IOC(_IOC_READ|_IOC_WRITE, 0x46, 0x2b, 0x20), 0x7ffc257fdd60) = 0
3947817 ioctl(8, _IOC(_IOC_READ|_IOC_WRITE, 0x46, 0x2a, 0x20), 0x7ffc257fcc20) = 0
3947817 ioctl(8, _IOC(_IOC_READ|_IOC_WRITE, 0x46, 0x2a, 0x20), 0x7ffc257fcc20) = 0
3947817 ioctl(8, _IOC(_IOC_READ|_IOC_WRITE, 0x46, 0x2b, 0x30), 0x7ffc257fdd50) = 0
3947817 ioctl(8, _IOC(_IOC_READ|_IOC_WRITE, 0x46, 0x2a, 0x20), 0x7ffc257fcc30) = 0
3947817 openat(AT_FDCWD, "/sys/devices/system/cpu/online", O_RDONLY|O_CLOEXEC) = 9
3947817 close(9)                        = 0
3947817 openat(AT_FDCWD, "/proc/self/status", O_RDONLY) = 9
3947817 close(9)                        = 0
3947817 openat(AT_FDCWD, "/sys/devices/system/node", O_RDONLY|O_NONBLOCK|O_CLOEXEC|O_DIRECTORY) = 9
3947817 openat(AT_FDCWD, "/sys/devices/system/node/node0/cpumap", O_RDONLY) = 10
3947817 close(10)                       = 0
3947817 openat(AT_FDCWD, "/sys/devices/system/node/node1/cpumap", O_RDONLY) = 10
3947817 close(10)                       = 0
3947817 close(9)                        = 0
3947817 openat(AT_FDCWD, "/proc/modules", O_RDONLY) = 9
3947817 close(9)                        = 0
3947817 openat(AT_FDCWD, "/proc/devices", O_RDONLY) = 9
3947817 close(9)                        = 0
3947817 openat(AT_FDCWD, "/dev/nvidia-uvm", O_RDWR|O_CLOEXEC) = 9
3947817 openat(AT_FDCWD, "/dev/nvidia-uvm", O_RDWR|O_CLOEXEC) = 10
3947817 ioctl(9, _IOC(_IOC_NONE, 0, 0x1, 0x3000), 0x7ffc257fdd60) = 0
3947817 ioctl(10, _IOC(_IOC_NONE, 0, 0x4b, 0), 0x7ffc257fdd60) = 0
3947817 ioctl(9, _IOC(_IOC_NONE, 0, 0x27, 0), 0x7ffc257fdd60) = 0
3947817 ioctl(8, _IOC(_IOC_READ|_IOC_WRITE, 0x46, 0x2a, 0x20), 0x7ffc257fadd0) = 0
3947817 ioctl(8, _IOC(_IOC_READ|_IOC_WRITE, 0x46, 0x2a, 0x20), 0x7ffc257fa600) = 0
3947817 ioctl(8, _IOC(_IOC_READ|_IOC_WRITE, 0x46, 0x2a, 0x20), 0x7ffc257fad10) = 0
3947817 openat(AT_FDCWD, "/proc/driver/nvidia/params", O_RDONLY) = 11
3947817 close(11)                       = 0
3947817 openat(AT_FDCWD, "/proc/driver/nvidia/params", O_RDONLY) = 11
3947817 close(11)                       = 0
3947817 openat(AT_FDCWD, "/dev/nvidia0", O_RDWR|O_CLOEXEC) = 11
3947817 ioctl(8, _IOC(_IOC_READ|_IOC_WRITE, 0x46, 0x2a, 0x20), 0x7ffc257fad10) = 0
3947817 openat(AT_FDCWD, "/proc/driver/nvidia/params", O_RDONLY) = 12
3947817 close(12)                       = 0
3947817 openat(AT_FDCWD, "/proc/driver/nvidia/params", O_RDONLY) = 12
3947817 close(12)                       = 0
3947817 openat(AT_FDCWD, "/dev/nvidia1", O_RDWR|O_CLOEXEC) = 12
3947817 ioctl(8, _IOC(_IOC_READ|_IOC_WRITE, 0x46, 0x2a, 0x20), 0x7ffc257fad10) = 0
3947817 openat(AT_FDCWD, "/proc/driver/nvidia/params", O_RDONLY) = 13
3947817 close(13)                       = 0
3947817 openat(AT_FDCWD, "/proc/driver/nvidia/params", O_RDONLY) = 13
3947817 close(13)                       = 0
3947817 openat(AT_FDCWD, "/dev/nvidia2", O_RDWR|O_CLOEXEC) = 13
3947817 ioctl(8, _IOC(_IOC_READ|_IOC_WRITE, 0x46, 0x2a, 0x20), 0x7ffc257fad10) = 0
3947817 openat(AT_FDCWD, "/proc/driver/nvidia/params", O_RDONLY) = 14
3947817 close(14)                       = 0
3947817 openat(AT_FDCWD, "/proc/driver/nvidia/params", O_RDONLY) = 14
3947817 close(14)                       = 0
3947817 openat(AT_FDCWD, "/dev/nvidia3", O_RDWR|O_CLOEXEC) = 14
3947817 ioctl(8, _IOC(_IOC_READ|_IOC_WRITE, 0x46, 0x2a, 0x20), 0x7ffc257faed0) = 0
3947817 ioctl(8, _IOC(_IOC_READ|_IOC_WRITE, 0x46, 0x2a, 0x20), 0x7ffc257faec0) = 0
3947817 ioctl(8, _IOC(_IOC_READ|_IOC_WRITE, 0x46, 0x29, 0x10), 0x7ffc257fbf60) = 0
3947817 ioctl(8, _IOC(_IOC_READ|_IOC_WRITE, 0x46, 0x2a, 0x20), 0x7ffc257fad50) = 0
3947817 ioctl(8, _IOC(_IOC_READ|_IOC_WRITE, 0x46, 0x2a, 0x20), 0x7ffc257fad50) = 0
3947817 openat(AT_FDCWD, "/proc/driver/nvidia/params", O_RDONLY) = 15
3947817 close(15)                       = 0
3947817 openat(AT_FDCWD, "/proc/driver/nvidia/params", O_RDONLY) = 15
3947817 close(15)                       = 0
3947817 openat(AT_FDCWD, "/dev/nvidia0", O_RDWR|O_CLOEXEC) = 15
3947817 ioctl(15, _IOC(_IOC_READ|_IOC_WRITE, 0x46, 0xc9, 0x4), 0x7ffc257fbed0) = 0
3947817 ioctl(15, _IOC(_IOC_READ|_IOC_WRITE, 0x46, 0xd7, 0x230), 0x7ffc257fbc50) = 0
3947817 ioctl(8, _IOC(_IOC_READ|_IOC_WRITE, 0x46, 0x2b, 0x30), 0x7ffc257fbfa0) = 0
3947817 ioctl(8, _IOC(_IOC_READ|_IOC_WRITE, 0x46, 0x2a, 0x20), 0x7ffc257faed0) = 0
3947817 ioctl(8, _IOC(_IOC_READ|_IOC_WRITE, 0x46, 0x2a, 0x20), 0x7ffc257fad30) = 0
3947817 ioctl(8, _IOC(_IOC_READ|_IOC_WRITE, 0x46, 0x2a, 0x20), 0x7ffc257faed0) = 0
3947817 ioctl(8, _IOC(_IOC_READ|_IOC_WRITE, 0x46, 0x2a, 0x20), 0x7ffc257fae40) = 0
3947817 ioctl(8, _IOC(_IOC_READ|_IOC_WRITE, 0x46, 0x2a, 0x20), 0x7ffc257fad40) = 0
3947817 ioctl(8, _IOC(_IOC_READ|_IOC_WRITE, 0x46, 0x2a, 0x20), 0x7ffc257fad40) = 0
3947817 openat(AT_FDCWD, "/proc/driver/nvidia/params", O_RDONLY) = 16
3947817 close(16)                       = 0
3947817 openat(AT_FDCWD, "/proc/driver/nvidia/params", O_RDONLY) = 16
3947817 close(16)                       = 0
3947817 openat(AT_FDCWD, "/dev/nvidia0", O_RDWR|O_CLOEXEC) = 16
3947817 ioctl(16, _IOC(_IOC_READ|_IOC_WRITE, 0x46, 0xc9, 0x4), 0x7ffc257fbec0) = 0
3947817 ioctl(8, _IOC(_IOC_READ|_IOC_WRITE, 0x46, 0x2b, 0x30), 0x7ffc257fbfd0) = 0
3947817 ioctl(8, _IOC(_IOC_READ|_IOC_WRITE, 0x46, 0x2b, 0x30), 0x7ffc257fbff0) = 0
3947817 ioctl(8, _IOC(_IOC_READ|_IOC_WRITE, 0x46, 0x2a, 0x20), 0x7ffc257fad20) = 0
3947817 ioctl(8, _IOC(_IOC_READ|_IOC_WRITE, 0x46, 0x2a, 0x20), 0x7ffc257fa820) = 0
3947817 ioctl(8, _IOC(_IOC_READ|_IOC_WRITE, 0x46, 0x2a, 0x20), 0x7ffc257fadd0) = 0
3947817 ioctl(8, _IOC(_IOC_READ|_IOC_WRITE, 0x46, 0x2a, 0x20), 0x7ffc257fa440) = 0
3947817 ioctl(8, _IOC(_IOC_READ|_IOC_WRITE, 0x46, 0x2a, 0x20), 0x7ffc257f9c30) = 0
3947817 ioctl(8, _IOC(_IOC_READ|_IOC_WRITE, 0x46, 0x2a, 0x20), 0x7ffc257fa280) = 0
3947817 ioctl(8, _IOC(_IOC_READ|_IOC_WRITE, 0x46, 0x2a, 0x20), 0x7ffc257faaf0) = 0
3947817 ioctl(8, _IOC(_IOC_READ|_IOC_WRITE, 0x46, 0x2a, 0x20), 0x7ffc257facc0) = 0
3947817 ioctl(8, _IOC(_IOC_READ|_IOC_WRITE, 0x46, 0x2a, 0x20), 0x7ffc257fa9b0) = 0
3947817 ioctl(8, _IOC(_IOC_READ|_IOC_WRITE, 0x46, 0x2a, 0x20), 0x7ffc257fa9b0) = 0
3947817 ioctl(8, _IOC(_IOC_READ|_IOC_WRITE, 0x46, 0x2a, 0x20), 0x7ffc257fa9b0) = 0
3947817 ioctl(8, _IOC(_IOC_READ|_IOC_WRITE, 0x46, 0x2a, 0x20), 0x7ffc257fa9b0) = 0
3947817 ioctl(8, _IOC(_IOC_READ|_IOC_WRITE, 0x46, 0x2a, 0x20), 0x7ffc257fa9b0) = 0
3947817 ioctl(8, _IOC(_IOC_READ|_IOC_WRITE, 0x46, 0x2a, 0x20), 0x7ffc257fa800) = 0
3947817 ioctl(8, _IOC(_IOC_READ|_IOC_WRITE, 0x46, 0x2a, 0x20), 0x7ffc257fab10) = 0
3947817 ioctl(8, _IOC(_IOC_READ|_IOC_WRITE, 0x46, 0x2a, 0x20), 0x7ffc257fabb0) = 0
3947817 ioctl(8, _IOC(_IOC_READ|_IOC_WRITE, 0x46, 0x2a, 0x20), 0x7ffc257facc0) = 0
3947817 ioctl(8, _IOC(_IOC_READ|_IOC_WRITE, 0x46, 0x2a, 0x20), 0x7ffc257facc0) = 0
3947817 openat(AT_FDCWD, "/dev/nvidia0", O_RDWR|O_CLOEXEC) = 17
3947817 ioctl(17, _IOC(_IOC_READ|_IOC_WRITE, 0x46, 0xc9, 0x4), 0x7ffc257fbd80) = 0
3947817 ioctl(17, _IOC(_IOC_READ|_IOC_WRITE, 0x46, 0xce, 0x10), 0x7ffc257fbd70) = 0
3947817 ioctl(8, _IOC(_IOC_READ|_IOC_WRITE, 0x46, 0x2a, 0x20), 0x7ffc257faa10) = 0
3947817 ioctl(8, _IOC(_IOC_READ|_IOC_WRITE, 0x46, 0x2a, 0x20), 0x7ffc257fabf0) = 0
3947817 ioctl(8, _IOC(_IOC_READ|_IOC_WRITE, 0x46, 0x2a, 0x20), 0x7ffc257fabf0) = 0
3947817 ioctl(8, _IOC(_IOC_READ|_IOC_WRITE, 0x46, 0x2a, 0x20), 0x7ffc257fabf0) = 0
3947817 ioctl(8, _IOC(_IOC_READ|_IOC_WRITE, 0x46, 0x2a, 0x20), 0x7ffc257fabf0) = 0
3947817 ioctl(8, _IOC(_IOC_READ|_IOC_WRITE, 0x46, 0x2a, 0x20), 0x7ffc257fabf0) = 0
3947817 ioctl(8, _IOC(_IOC_READ|_IOC_WRITE, 0x46, 0x2a, 0x20), 0x7ffc257fabf0) = 0
3947817 ioctl(8, _IOC(_IOC_READ|_IOC_WRITE, 0x46, 0x2a, 0x20), 0x7ffc257fabf0) = 0
3947817 ioctl(8, _IOC(_IOC_READ|_IOC_WRITE, 0x46, 0x2a, 0x20), 0x7ffc257fabe0) = 0
3947817 ioctl(8, _IOC(_IOC_READ|_IOC_WRITE, 0x46, 0x2a, 0x20), 0x7ffc257fab60) = 0
3947817 ioctl(8, _IOC(_IOC_READ|_IOC_WRITE, 0x46, 0x2a, 0x20), 0x7ffc257faaf0) = 0
3947817 ioctl(8, _IOC(_IOC_READ|_IOC_WRITE, 0x46, 0x2a, 0x20), 0x7ffc257f8640) = 0
3947817 ioctl(8, _IOC(_IOC_READ|_IOC_WRITE, 0x46, 0x2a, 0x20), 0x7ffc257f96f0) = 0
3947817 ioctl(8, _IOC(_IOC_READ|_IOC_WRITE, 0x46, 0x2a, 0x20), 0x7ffc257facf0) = 0
3947817 ioctl(8, _IOC(_IOC_READ|_IOC_WRITE, 0x46, 0x2a, 0x20), 0x7ffc257fab40) = 0
3947817 ioctl(8, _IOC(_IOC_READ|_IOC_WRITE, 0x46, 0x2b, 0x30), 0x7ffc257fbd60) = 0
3947817 ioctl(8, _IOC(_IOC_READ|_IOC_WRITE, 0x46, 0x2a, 0x20), 0x7ffc257fab30) = 0
3947817 openat(AT_FDCWD, "/dev/nvidia0", O_RDWR|O_CLOEXEC) = 18
3947817 ioctl(8, _IOC(_IOC_READ|_IOC_WRITE, 0x46, 0x4e, 0x38), 0x7ffc257fbcf0) = 0
3947817 close(18)                       = 0
3947817 ioctl(8, _IOC(_IOC_READ|_IOC_WRITE, 0x46, 0x2b, 0x30), 0x7ffc257fbd70) = 0
3947817 ioctl(8, _IOC(_IOC_READ|_IOC_WRITE, 0x46, 0x2a, 0x20), 0x7ffc257facf0) = 0
3947817 ioctl(8, _IOC(_IOC_READ|_IOC_WRITE, 0x46, 0x2a, 0x20), 0x7ffc257fac90) = 0
3947817 ioctl(8, _IOC(_IOC_READ|_IOC_WRITE, 0x46, 0x2b, 0x30), 0x7ffc257fbde0) = 0
3947817 ioctl(8, _IOC(_IOC_READ|_IOC_WRITE, 0x46, 0x2b, 0x30), 0x7ffc257fbde0) = 0
3947817 ioctl(8, _IOC(_IOC_READ|_IOC_WRITE, 0x46, 0x2a, 0x20), 0x7ffc257facc0) = 0
3947817 ioctl(8, _IOC(_IOC_READ|_IOC_WRITE, 0x46, 0x2a, 0x20), 0x7ffc257fac20) = 0
3947817 ioctl(8, _IOC(_IOC_READ|_IOC_WRITE, 0x46, 0x2a, 0x20), 0x7ffc257fac20) = 0
3947817 ioctl(8, _IOC(_IOC_READ|_IOC_WRITE, 0x46, 0x2a, 0x20), 0x7ffc257fad20) = 0
3947817 ioctl(8, _IOC(_IOC_READ|_IOC_WRITE, 0x46, 0x2a, 0x20), 0x7ffc257fabe0) = 0
3947817 openat(AT_FDCWD, "/sys/bus/pci/devices/0000:17:00.0/numa_node", O_RDONLY) = 18
3947817 close(18)                       = 0
3947817 ioctl(8, _IOC(_IOC_READ|_IOC_WRITE, 0x46, 0x2a, 0x20), 0x7ffc257faec0) = 0
3947817 ioctl(8, _IOC(_IOC_READ|_IOC_WRITE, 0x46, 0x29, 0x10), 0x7ffc257fbf60) = 0
3947817 ioctl(8, _IOC(_IOC_READ|_IOC_WRITE, 0x46, 0x2a, 0x20), 0x7ffc257fad50) = 0
3947817 ioctl(8, _IOC(_IOC_READ|_IOC_WRITE, 0x46, 0x2a, 0x20), 0x7ffc257fad50) = 0
3947817 ioctl(8, _IOC(_IOC_READ|_IOC_WRITE, 0x46, 0x2a, 0x20), 0x7ffc257fad50) = 0
3947817 openat(AT_FDCWD, "/proc/driver/nvidia/params", O_RDONLY) = 18
3947817 close(18)                       = 0
3947817 openat(AT_FDCWD, "/proc/driver/nvidia/params", O_RDONLY) = 18
3947817 close(18)                       = 0
3947817 openat(AT_FDCWD, "/dev/nvidia1", O_RDWR|O_CLOEXEC) = 18
3947817 ioctl(18, _IOC(_IOC_READ|_IOC_WRITE, 0x46, 0xc9, 0x4), 0x7ffc257fbed0) = 0
3947817 ioctl(18, _IOC(_IOC_READ|_IOC_WRITE, 0x46, 0xd7, 0x230), 0x7ffc257fbc50) = 0
3947817 ioctl(8, _IOC(_IOC_READ|_IOC_WRITE, 0x46, 0x2b, 0x30), 0x7ffc257fbfa0) = 0
3947817 ioctl(8, _IOC(_IOC_READ|_IOC_WRITE, 0x46, 0x2a, 0x20), 0x7ffc257faed0) = 0
3947817 ioctl(8, _IOC(_IOC_READ|_IOC_WRITE, 0x46, 0x2a, 0x20), 0x7ffc257fad30) = 0
3947817 ioctl(8, _IOC(_IOC_READ|_IOC_WRITE, 0x46, 0x2a, 0x20), 0x7ffc257faed0) = 0
3947817 ioctl(8, _IOC(_IOC_READ|_IOC_WRITE, 0x46, 0x2a, 0x20), 0x7ffc257fae40) = 0
3947817 ioctl(8, _IOC(_IOC_READ|_IOC_WRITE, 0x46, 0x2a, 0x20), 0x7ffc257fad40) = 0
3947817 ioctl(8, _IOC(_IOC_READ|_IOC_WRITE, 0x46, 0x2a, 0x20), 0x7ffc257fad40) = 0
3947817 ioctl(8, _IOC(_IOC_READ|_IOC_WRITE, 0x46, 0x2a, 0x20), 0x7ffc257fad40) = 0
3947817 openat(AT_FDCWD, "/proc/driver/nvidia/params", O_RDONLY) = 19
3947817 close(19)                       = 0
3947817 openat(AT_FDCWD, "/proc/driver/nvidia/params", O_RDONLY) = 19
3947817 close(19)                       = 0
3947817 openat(AT_FDCWD, "/dev/nvidia1", O_RDWR|O_CLOEXEC) = 19
3947817 ioctl(19, _IOC(_IOC_READ|_IOC_WRITE, 0x46, 0xc9, 0x4), 0x7ffc257fbec0) = 0
3947817 ioctl(8, _IOC(_IOC_READ|_IOC_WRITE, 0x46, 0x2b, 0x30), 0x7ffc257fbfd0) = 0
3947817 ioctl(8, _IOC(_IOC_READ|_IOC_WRITE, 0x46, 0x2b, 0x30), 0x7ffc257fbff0) = 0
3947817 ioctl(8, _IOC(_IOC_READ|_IOC_WRITE, 0x46, 0x2a, 0x20), 0x7ffc257fad20) = 0
3947817 ioctl(8, _IOC(_IOC_READ|_IOC_WRITE, 0x46, 0x2a, 0x20), 0x7ffc257fa820) = 0
3947817 ioctl(8, _IOC(_IOC_READ|_IOC_WRITE, 0x46, 0x2a, 0x20), 0x7ffc257fadd0) = 0
3947817 ioctl(8, _IOC(_IOC_READ|_IOC_WRITE, 0x46, 0x2a, 0x20), 0x7ffc257fa440) = 0
3947817 ioctl(8, _IOC(_IOC_READ|_IOC_WRITE, 0x46, 0x2a, 0x20), 0x7ffc257f9c30) = 0
3947817 ioctl(8, _IOC(_IOC_READ|_IOC_WRITE, 0x46, 0x2a, 0x20), 0x7ffc257fa280) = 0
3947817 ioctl(8, _IOC(_IOC_READ|_IOC_WRITE, 0x46, 0x2a, 0x20), 0x7ffc257faaf0) = 0
3947817 ioctl(8, _IOC(_IOC_READ|_IOC_WRITE, 0x46, 0x2a, 0x20), 0x7ffc257facc0) = 0
3947817 ioctl(8, _IOC(_IOC_READ|_IOC_WRITE, 0x46, 0x2a, 0x20), 0x7ffc257fa9b0) = 0
3947817 ioctl(8, _IOC(_IOC_READ|_IOC_WRITE, 0x46, 0x2a, 0x20), 0x7ffc257fa9b0) = 0
3947817 ioctl(8, _IOC(_IOC_READ|_IOC_WRITE, 0x46, 0x2a, 0x20), 0x7ffc257fa9b0) = 0
3947817 ioctl(8, _IOC(_IOC_READ|_IOC_WRITE, 0x46, 0x2a, 0x20), 0x7ffc257fa9b0) = 0
3947817 ioctl(8, _IOC(_IOC_READ|_IOC_WRITE, 0x46, 0x2a, 0x20), 0x7ffc257fa9b0) = 0
3947817 ioctl(8, _IOC(_IOC_READ|_IOC_WRITE, 0x46, 0x2a, 0x20), 0x7ffc257fa800) = 0
3947817 ioctl(8, _IOC(_IOC_READ|_IOC_WRITE, 0x46, 0x2a, 0x20), 0x7ffc257fab10) = 0
3947817 ioctl(8, _IOC(_IOC_READ|_IOC_WRITE, 0x46, 0x2a, 0x20), 0x7ffc257fabb0) = 0
3947817 ioctl(8, _IOC(_IOC_READ|_IOC_WRITE, 0x46, 0x2a, 0x20), 0x7ffc257facc0) = 0
3947817 ioctl(8, _IOC(_IOC_READ|_IOC_WRITE, 0x46, 0x2a, 0x20), 0x7ffc257facc0) = 0
3947817 openat(AT_FDCWD, "/dev/nvidia1", O_RDWR|O_CLOEXEC) = 20
3947817 ioctl(20, _IOC(_IOC_READ|_IOC_WRITE, 0x46, 0xc9, 0x4), 0x7ffc257fbd80) = 0
3947817 ioctl(20, _IOC(_IOC_READ|_IOC_WRITE, 0x46, 0xce, 0x10), 0x7ffc257fbd70) = 0
3947817 ioctl(8, _IOC(_IOC_READ|_IOC_WRITE, 0x46, 0x2a, 0x20), 0x7ffc257faa10) = 0
3947817 ioctl(8, _IOC(_IOC_READ|_IOC_WRITE, 0x46, 0x2a, 0x20), 0x7ffc257fabf0) = 0
3947817 ioctl(8, _IOC(_IOC_READ|_IOC_WRITE, 0x46, 0x2a, 0x20), 0x7ffc257fabf0) = 0
3947817 ioctl(8, _IOC(_IOC_READ|_IOC_WRITE, 0x46, 0x2a, 0x20), 0x7ffc257fabf0) = 0
3947817 ioctl(8, _IOC(_IOC_READ|_IOC_WRITE, 0x46, 0x2a, 0x20), 0x7ffc257fabf0) = 0
3947817 ioctl(8, _IOC(_IOC_READ|_IOC_WRITE, 0x46, 0x2a, 0x20), 0x7ffc257fabf0) = 0
3947817 ioctl(8, _IOC(_IOC_READ|_IOC_WRITE, 0x46, 0x2a, 0x20), 0x7ffc257fabf0) = 0
3947817 ioctl(8, _IOC(_IOC_READ|_IOC_WRITE, 0x46, 0x2a, 0x20), 0x7ffc257fabf0) = 0
3947817 ioctl(8, _IOC(_IOC_READ|_IOC_WRITE, 0x46, 0x2a, 0x20), 0x7ffc257fabe0) = 0
3947817 ioctl(8, _IOC(_IOC_READ|_IOC_WRITE, 0x46, 0x2a, 0x20), 0x7ffc257fab60) = 0
3947817 ioctl(8, _IOC(_IOC_READ|_IOC_WRITE, 0x46, 0x2a, 0x20), 0x7ffc257faaf0) = 0
3947817 ioctl(8, _IOC(_IOC_READ|_IOC_WRITE, 0x46, 0x2a, 0x20), 0x7ffc257f8640) = 0
3947817 ioctl(8, _IOC(_IOC_READ|_IOC_WRITE, 0x46, 0x2a, 0x20), 0x7ffc257f96f0) = 0
3947817 ioctl(8, _IOC(_IOC_READ|_IOC_WRITE, 0x46, 0x2a, 0x20), 0x7ffc257facf0) = 0
3947817 ioctl(8, _IOC(_IOC_READ|_IOC_WRITE, 0x46, 0x2a, 0x20), 0x7ffc257fab40) = 0
3947817 ioctl(8, _IOC(_IOC_READ|_IOC_WRITE, 0x46, 0x2b, 0x30), 0x7ffc257fbd60) = 0
3947817 ioctl(8, _IOC(_IOC_READ|_IOC_WRITE, 0x46, 0x2a, 0x20), 0x7ffc257fab30) = 0
3947817 openat(AT_FDCWD, "/dev/nvidia1", O_RDWR|O_CLOEXEC) = 21
3947817 ioctl(8, _IOC(_IOC_READ|_IOC_WRITE, 0x46, 0x4e, 0x38), 0x7ffc257fbcf0) = 0
3947817 close(21)                       = 0
3947817 ioctl(8, _IOC(_IOC_READ|_IOC_WRITE, 0x46, 0x2b, 0x30), 0x7ffc257fbd70) = 0
3947817 ioctl(8, _IOC(_IOC_READ|_IOC_WRITE, 0x46, 0x2a, 0x20), 0x7ffc257facf0) = 0
3947817 ioctl(8, _IOC(_IOC_READ|_IOC_WRITE, 0x46, 0x2a, 0x20), 0x7ffc257fac90) = 0
3947817 ioctl(8, _IOC(_IOC_READ|_IOC_WRITE, 0x46, 0x2b, 0x30), 0x7ffc257fbde0) = 0
3947817 ioctl(8, _IOC(_IOC_READ|_IOC_WRITE, 0x46, 0x2b, 0x30), 0x7ffc257fbde0) = 0
3947817 ioctl(8, _IOC(_IOC_READ|_IOC_WRITE, 0x46, 0x2a, 0x20), 0x7ffc257facc0) = 0
3947817 ioctl(8, _IOC(_IOC_READ|_IOC_WRITE, 0x46, 0x2a, 0x20), 0x7ffc257fac20) = 0
3947817 ioctl(8, _IOC(_IOC_READ|_IOC_WRITE, 0x46, 0x2a, 0x20), 0x7ffc257fac20) = 0
3947817 ioctl(8, _IOC(_IOC_READ|_IOC_WRITE, 0x46, 0x2a, 0x20), 0x7ffc257fad20) = 0
3947817 ioctl(8, _IOC(_IOC_READ|_IOC_WRITE, 0x46, 0x2a, 0x20), 0x7ffc257fabe0) = 0
3947817 openat(AT_FDCWD, "/sys/bus/pci/devices/0000:65:00.0/numa_node", O_RDONLY) = 21
3947817 close(21)                       = 0
3947817 ioctl(8, _IOC(_IOC_READ|_IOC_WRITE, 0x46, 0x2a, 0x20), 0x7ffc257faec0) = 0
3947817 ioctl(8, _IOC(_IOC_READ|_IOC_WRITE, 0x46, 0x29, 0x10), 0x7ffc257fbf60) = 0
3947817 ioctl(8, _IOC(_IOC_READ|_IOC_WRITE, 0x46, 0x2a, 0x20), 0x7ffc257fad50) = 0
3947817 ioctl(8, _IOC(_IOC_READ|_IOC_WRITE, 0x46, 0x2a, 0x20), 0x7ffc257fad50) = 0
3947817 ioctl(8, _IOC(_IOC_READ|_IOC_WRITE, 0x46, 0x2a, 0x20), 0x7ffc257fad50) = 0
3947817 ioctl(8, _IOC(_IOC_READ|_IOC_WRITE, 0x46, 0x2a, 0x20), 0x7ffc257fad50) = 0
3947817 openat(AT_FDCWD, "/proc/driver/nvidia/params", O_RDONLY) = 21
3947817 close(21)                       = 0
3947817 openat(AT_FDCWD, "/proc/driver/nvidia/params", O_RDONLY) = 21
3947817 close(21)                       = 0
3947817 openat(AT_FDCWD, "/dev/nvidia2", O_RDWR|O_CLOEXEC) = 21
3947817 ioctl(21, _IOC(_IOC_READ|_IOC_WRITE, 0x46, 0xc9, 0x4), 0x7ffc257fbed0) = 0
3947817 ioctl(21, _IOC(_IOC_READ|_IOC_WRITE, 0x46, 0xd7, 0x230), 0x7ffc257fbc50) = 0
3947817 ioctl(8, _IOC(_IOC_READ|_IOC_WRITE, 0x46, 0x2b, 0x30), 0x7ffc257fbfa0) = 0
3947817 ioctl(8, _IOC(_IOC_READ|_IOC_WRITE, 0x46, 0x2a, 0x20), 0x7ffc257faed0) = 0
3947817 ioctl(8, _IOC(_IOC_READ|_IOC_WRITE, 0x46, 0x2a, 0x20), 0x7ffc257fad30) = 0
3947817 ioctl(8, _IOC(_IOC_READ|_IOC_WRITE, 0x46, 0x2a, 0x20), 0x7ffc257faed0) = 0
3947817 ioctl(8, _IOC(_IOC_READ|_IOC_WRITE, 0x46, 0x2a, 0x20), 0x7ffc257fae40) = 0
3947817 ioctl(8, _IOC(_IOC_READ|_IOC_WRITE, 0x46, 0x2a, 0x20), 0x7ffc257fad40) = 0
3947817 ioctl(8, _IOC(_IOC_READ|_IOC_WRITE, 0x46, 0x2a, 0x20), 0x7ffc257fad40) = 0
3947817 ioctl(8, _IOC(_IOC_READ|_IOC_WRITE, 0x46, 0x2a, 0x20), 0x7ffc257fad40) = 0
3947817 ioctl(8, _IOC(_IOC_READ|_IOC_WRITE, 0x46, 0x2a, 0x20), 0x7ffc257fad40) = 0
3947817 openat(AT_FDCWD, "/proc/driver/nvidia/params", O_RDONLY) = 22
3947817 close(22)                       = 0
3947817 openat(AT_FDCWD, "/proc/driver/nvidia/params", O_RDONLY) = 22
3947817 close(22)                       = 0
3947817 openat(AT_FDCWD, "/dev/nvidia2", O_RDWR|O_CLOEXEC) = 22
3947817 ioctl(22, _IOC(_IOC_READ|_IOC_WRITE, 0x46, 0xc9, 0x4), 0x7ffc257fbec0) = 0
3947817 ioctl(8, _IOC(_IOC_READ|_IOC_WRITE, 0x46, 0x2b, 0x30), 0x7ffc257fbfd0) = 0
3947817 ioctl(8, _IOC(_IOC_READ|_IOC_WRITE, 0x46, 0x2b, 0x30), 0x7ffc257fbff0) = 0
3947817 ioctl(8, _IOC(_IOC_READ|_IOC_WRITE, 0x46, 0x2a, 0x20), 0x7ffc257fad20) = 0
3947817 ioctl(8, _IOC(_IOC_READ|_IOC_WRITE, 0x46, 0x2a, 0x20), 0x7ffc257fa820) = 0
3947817 ioctl(8, _IOC(_IOC_READ|_IOC_WRITE, 0x46, 0x2a, 0x20), 0x7ffc257fadd0) = 0
3947817 ioctl(8, _IOC(_IOC_READ|_IOC_WRITE, 0x46, 0x2a, 0x20), 0x7ffc257fa440) = 0
3947817 ioctl(8, _IOC(_IOC_READ|_IOC_WRITE, 0x46, 0x2a, 0x20), 0x7ffc257f9c30) = 0
3947817 ioctl(8, _IOC(_IOC_READ|_IOC_WRITE, 0x46, 0x2a, 0x20), 0x7ffc257fa280) = 0
3947817 ioctl(8, _IOC(_IOC_READ|_IOC_WRITE, 0x46, 0x2a, 0x20), 0x7ffc257faaf0) = 0
3947817 ioctl(8, _IOC(_IOC_READ|_IOC_WRITE, 0x46, 0x2a, 0x20), 0x7ffc257facc0) = 0
3947817 ioctl(8, _IOC(_IOC_READ|_IOC_WRITE, 0x46, 0x2a, 0x20), 0x7ffc257fa9b0) = 0
3947817 ioctl(8, _IOC(_IOC_READ|_IOC_WRITE, 0x46, 0x2a, 0x20), 0x7ffc257fa9b0) = 0
3947817 ioctl(8, _IOC(_IOC_READ|_IOC_WRITE, 0x46, 0x2a, 0x20), 0x7ffc257fa9b0) = 0
3947817 ioctl(8, _IOC(_IOC_READ|_IOC_WRITE, 0x46, 0x2a, 0x20), 0x7ffc257fa9b0) = 0
3947817 ioctl(8, _IOC(_IOC_READ|_IOC_WRITE, 0x46, 0x2a, 0x20), 0x7ffc257fa9b0) = 0
3947817 ioctl(8, _IOC(_IOC_READ|_IOC_WRITE, 0x46, 0x2a, 0x20), 0x7ffc257fa800) = 0
3947817 ioctl(8, _IOC(_IOC_READ|_IOC_WRITE, 0x46, 0x2a, 0x20), 0x7ffc257fab10) = 0
3947817 ioctl(8, _IOC(_IOC_READ|_IOC_WRITE, 0x46, 0x2a, 0x20), 0x7ffc257fabb0) = 0
3947817 ioctl(8, _IOC(_IOC_READ|_IOC_WRITE, 0x46, 0x2a, 0x20), 0x7ffc257facc0) = 0
3947817 ioctl(8, _IOC(_IOC_READ|_IOC_WRITE, 0x46, 0x2a, 0x20), 0x7ffc257facc0) = 0
3947817 openat(AT_FDCWD, "/dev/nvidia2", O_RDWR|O_CLOEXEC) = 23
3947817 ioctl(23, _IOC(_IOC_READ|_IOC_WRITE, 0x46, 0xc9, 0x4), 0x7ffc257fbd80) = 0
3947817 ioctl(23, _IOC(_IOC_READ|_IOC_WRITE, 0x46, 0xce, 0x10), 0x7ffc257fbd70) = 0
3947817 ioctl(8, _IOC(_IOC_READ|_IOC_WRITE, 0x46, 0x2a, 0x20), 0x7ffc257faa10) = 0
3947817 ioctl(8, _IOC(_IOC_READ|_IOC_WRITE, 0x46, 0x2a, 0x20), 0x7ffc257fabf0) = 0
3947817 ioctl(8, _IOC(_IOC_READ|_IOC_WRITE, 0x46, 0x2a, 0x20), 0x7ffc257fabf0) = 0
3947817 ioctl(8, _IOC(_IOC_READ|_IOC_WRITE, 0x46, 0x2a, 0x20), 0x7ffc257fabf0) = 0
3947817 ioctl(8, _IOC(_IOC_READ|_IOC_WRITE, 0x46, 0x2a, 0x20), 0x7ffc257fabf0) = 0
3947817 ioctl(8, _IOC(_IOC_READ|_IOC_WRITE, 0x46, 0x2a, 0x20), 0x7ffc257fabf0) = 0
3947817 ioctl(8, _IOC(_IOC_READ|_IOC_WRITE, 0x46, 0x2a, 0x20), 0x7ffc257fabf0) = 0
3947817 ioctl(8, _IOC(_IOC_READ|_IOC_WRITE, 0x46, 0x2a, 0x20), 0x7ffc257fabf0) = 0
3947817 ioctl(8, _IOC(_IOC_READ|_IOC_WRITE, 0x46, 0x2a, 0x20), 0x7ffc257fabe0) = 0
3947817 ioctl(8, _IOC(_IOC_READ|_IOC_WRITE, 0x46, 0x2a, 0x20), 0x7ffc257fab60) = 0
3947817 ioctl(8, _IOC(_IOC_READ|_IOC_WRITE, 0x46, 0x2a, 0x20), 0x7ffc257faaf0) = 0
3947817 ioctl(8, _IOC(_IOC_READ|_IOC_WRITE, 0x46, 0x2a, 0x20), 0x7ffc257f8640) = 0
3947817 ioctl(8, _IOC(_IOC_READ|_IOC_WRITE, 0x46, 0x2a, 0x20), 0x7ffc257f96f0) = 0
3947817 ioctl(8, _IOC(_IOC_READ|_IOC_WRITE, 0x46, 0x2a, 0x20), 0x7ffc257facf0) = 0
3947817 ioctl(8, _IOC(_IOC_READ|_IOC_WRITE, 0x46, 0x2a, 0x20), 0x7ffc257fab40) = 0
3947817 ioctl(8, _IOC(_IOC_READ|_IOC_WRITE, 0x46, 0x2b, 0x30), 0x7ffc257fbd60) = 0
3947817 ioctl(8, _IOC(_IOC_READ|_IOC_WRITE, 0x46, 0x2a, 0x20), 0x7ffc257fab30) = 0
3947817 openat(AT_FDCWD, "/dev/nvidia2", O_RDWR|O_CLOEXEC) = 24
3947817 ioctl(8, _IOC(_IOC_READ|_IOC_WRITE, 0x46, 0x4e, 0x38), 0x7ffc257fbcf0) = 0
3947817 close(24)                       = 0
3947817 ioctl(8, _IOC(_IOC_READ|_IOC_WRITE, 0x46, 0x2b, 0x30), 0x7ffc257fbd70) = 0
3947817 ioctl(8, _IOC(_IOC_READ|_IOC_WRITE, 0x46, 0x2a, 0x20), 0x7ffc257facf0) = 0
3947817 ioctl(8, _IOC(_IOC_READ|_IOC_WRITE, 0x46, 0x2a, 0x20), 0x7ffc257fac90) = 0
3947817 ioctl(8, _IOC(_IOC_READ|_IOC_WRITE, 0x46, 0x2b, 0x30), 0x7ffc257fbde0) = 0
3947817 ioctl(8, _IOC(_IOC_READ|_IOC_WRITE, 0x46, 0x2b, 0x30), 0x7ffc257fbde0) = 0
3947817 ioctl(8, _IOC(_IOC_READ|_IOC_WRITE, 0x46, 0x2a, 0x20), 0x7ffc257facc0) = 0
3947817 ioctl(8, _IOC(_IOC_READ|_IOC_WRITE, 0x46, 0x2a, 0x20), 0x7ffc257fac20) = 0
3947817 ioctl(8, _IOC(_IOC_READ|_IOC_WRITE, 0x46, 0x2a, 0x20), 0x7ffc257fac20) = 0
3947817 ioctl(8, _IOC(_IOC_READ|_IOC_WRITE, 0x46, 0x2a, 0x20), 0x7ffc257fad20) = 0
3947817 ioctl(8, _IOC(_IOC_READ|_IOC_WRITE, 0x46, 0x2a, 0x20), 0x7ffc257fabe0) = 0
3947817 openat(AT_FDCWD, "/sys/bus/pci/devices/0000:ca:00.0/numa_node", O_RDONLY) = 24
3947817 close(24)                       = 0
3947817 ioctl(8, _IOC(_IOC_READ|_IOC_WRITE, 0x46, 0x2a, 0x20), 0x7ffc257faec0) = 0
3947817 ioctl(8, _IOC(_IOC_READ|_IOC_WRITE, 0x46, 0x29, 0x10), 0x7ffc257fbf60) = 0
3947817 ioctl(8, _IOC(_IOC_READ|_IOC_WRITE, 0x46, 0x2a, 0x20), 0x7ffc257fad50) = 0
3947817 ioctl(8, _IOC(_IOC_READ|_IOC_WRITE, 0x46, 0x2a, 0x20), 0x7ffc257fad50) = 0
3947817 ioctl(8, _IOC(_IOC_READ|_IOC_WRITE, 0x46, 0x2a, 0x20), 0x7ffc257fad50) = 0
3947817 ioctl(8, _IOC(_IOC_READ|_IOC_WRITE, 0x46, 0x2a, 0x20), 0x7ffc257fad50) = 0
3947817 ioctl(8, _IOC(_IOC_READ|_IOC_WRITE, 0x46, 0x2a, 0x20), 0x7ffc257fad50) = 0
3947817 openat(AT_FDCWD, "/proc/driver/nvidia/params", O_RDONLY) = 24
3947817 close(24)                       = 0
3947817 openat(AT_FDCWD, "/proc/driver/nvidia/params", O_RDONLY) = 24
3947817 close(24)                       = 0
3947817 openat(AT_FDCWD, "/dev/nvidia3", O_RDWR|O_CLOEXEC) = 24
3947817 ioctl(24, _IOC(_IOC_READ|_IOC_WRITE, 0x46, 0xc9, 0x4), 0x7ffc257fbed0) = 0
3947817 ioctl(24, _IOC(_IOC_READ|_IOC_WRITE, 0x46, 0xd7, 0x230), 0x7ffc257fbc50) = 0
3947817 ioctl(8, _IOC(_IOC_READ|_IOC_WRITE, 0x46, 0x2b, 0x30), 0x7ffc257fbfa0) = 0
3947817 ioctl(8, _IOC(_IOC_READ|_IOC_WRITE, 0x46, 0x2a, 0x20), 0x7ffc257faed0) = 0
3947817 ioctl(8, _IOC(_IOC_READ|_IOC_WRITE, 0x46, 0x2a, 0x20), 0x7ffc257fad30) = 0
3947817 ioctl(8, _IOC(_IOC_READ|_IOC_WRITE, 0x46, 0x2a, 0x20), 0x7ffc257faed0) = 0
3947817 ioctl(8, _IOC(_IOC_READ|_IOC_WRITE, 0x46, 0x2a, 0x20), 0x7ffc257fae40) = 0
3947817 ioctl(8, _IOC(_IOC_READ|_IOC_WRITE, 0x46, 0x2a, 0x20), 0x7ffc257fad40) = 0
3947817 ioctl(8, _IOC(_IOC_READ|_IOC_WRITE, 0x46, 0x2a, 0x20), 0x7ffc257fad40) = 0
3947817 ioctl(8, _IOC(_IOC_READ|_IOC_WRITE, 0x46, 0x2a, 0x20), 0x7ffc257fad40) = 0
3947817 ioctl(8, _IOC(_IOC_READ|_IOC_WRITE, 0x46, 0x2a, 0x20), 0x7ffc257fad40) = 0
3947817 ioctl(8, _IOC(_IOC_READ|_IOC_WRITE, 0x46, 0x2a, 0x20), 0x7ffc257fad40) = 0
3947817 openat(AT_FDCWD, "/proc/driver/nvidia/params", O_RDONLY) = 25
3947817 close(25)                       = 0
3947817 openat(AT_FDCWD, "/proc/driver/nvidia/params", O_RDONLY) = 25
3947817 close(25)                       = 0
3947817 openat(AT_FDCWD, "/dev/nvidia3", O_RDWR|O_CLOEXEC) = 25
3947817 ioctl(25, _IOC(_IOC_READ|_IOC_WRITE, 0x46, 0xc9, 0x4), 0x7ffc257fbec0) = 0
3947817 ioctl(8, _IOC(_IOC_READ|_IOC_WRITE, 0x46, 0x2b, 0x30), 0x7ffc257fbfd0) = 0
3947817 ioctl(8, _IOC(_IOC_READ|_IOC_WRITE, 0x46, 0x2b, 0x30), 0x7ffc257fbff0) = 0
3947817 ioctl(8, _IOC(_IOC_READ|_IOC_WRITE, 0x46, 0x2a, 0x20), 0x7ffc257fad20) = 0
3947817 ioctl(8, _IOC(_IOC_READ|_IOC_WRITE, 0x46, 0x2a, 0x20), 0x7ffc257fa820) = 0
3947817 ioctl(8, _IOC(_IOC_READ|_IOC_WRITE, 0x46, 0x2a, 0x20), 0x7ffc257fadd0) = 0
3947817 ioctl(8, _IOC(_IOC_READ|_IOC_WRITE, 0x46, 0x2a, 0x20), 0x7ffc257fa440) = 0
3947817 ioctl(8, _IOC(_IOC_READ|_IOC_WRITE, 0x46, 0x2a, 0x20), 0x7ffc257f9c30) = 0
3947817 ioctl(8, _IOC(_IOC_READ|_IOC_WRITE, 0x46, 0x2a, 0x20), 0x7ffc257fa280) = 0
3947817 ioctl(8, _IOC(_IOC_READ|_IOC_WRITE, 0x46, 0x2a, 0x20), 0x7ffc257faaf0) = 0
3947817 ioctl(8, _IOC(_IOC_READ|_IOC_WRITE, 0x46, 0x2a, 0x20), 0x7ffc257facc0) = 0
3947817 ioctl(8, _IOC(_IOC_READ|_IOC_WRITE, 0x46, 0x2a, 0x20), 0x7ffc257fa9b0) = 0
3947817 ioctl(8, _IOC(_IOC_READ|_IOC_WRITE, 0x46, 0x2a, 0x20), 0x7ffc257fa9b0) = 0
3947817 ioctl(8, _IOC(_IOC_READ|_IOC_WRITE, 0x46, 0x2a, 0x20), 0x7ffc257fa9b0) = 0
3947817 ioctl(8, _IOC(_IOC_READ|_IOC_WRITE, 0x46, 0x2a, 0x20), 0x7ffc257fa9b0) = 0
3947817 ioctl(8, _IOC(_IOC_READ|_IOC_WRITE, 0x46, 0x2a, 0x20), 0x7ffc257fa9b0) = 0
3947817 ioctl(8, _IOC(_IOC_READ|_IOC_WRITE, 0x46, 0x2a, 0x20), 0x7ffc257fa800) = 0
3947817 ioctl(8, _IOC(_IOC_READ|_IOC_WRITE, 0x46, 0x2a, 0x20), 0x7ffc257fab10) = 0
3947817 ioctl(8, _IOC(_IOC_READ|_IOC_WRITE, 0x46, 0x2a, 0x20), 0x7ffc257fabb0) = 0
3947817 ioctl(8, _IOC(_IOC_READ|_IOC_WRITE, 0x46, 0x2a, 0x20), 0x7ffc257facc0) = 0
3947817 ioctl(8, _IOC(_IOC_READ|_IOC_WRITE, 0x46, 0x2a, 0x20), 0x7ffc257facc0) = 0
3947817 openat(AT_FDCWD, "/dev/nvidia3", O_RDWR|O_CLOEXEC) = 26
3947817 ioctl(26, _IOC(_IOC_READ|_IOC_WRITE, 0x46, 0xc9, 0x4), 0x7ffc257fbd80) = 0
3947817 ioctl(26, _IOC(_IOC_READ|_IOC_WRITE, 0x46, 0xce, 0x10), 0x7ffc257fbd70) = 0
3947817 ioctl(8, _IOC(_IOC_READ|_IOC_WRITE, 0x46, 0x2a, 0x20), 0x7ffc257faa10) = 0
3947817 ioctl(8, _IOC(_IOC_READ|_IOC_WRITE, 0x46, 0x2a, 0x20), 0x7ffc257fabf0) = 0
3947817 ioctl(8, _IOC(_IOC_READ|_IOC_WRITE, 0x46, 0x2a, 0x20), 0x7ffc257fabf0) = 0
3947817 ioctl(8, _IOC(_IOC_READ|_IOC_WRITE, 0x46, 0x2a, 0x20), 0x7ffc257fabf0) = 0
3947817 ioctl(8, _IOC(_IOC_READ|_IOC_WRITE, 0x46, 0x2a, 0x20), 0x7ffc257fabf0) = 0
3947817 ioctl(8, _IOC(_IOC_READ|_IOC_WRITE, 0x46, 0x2a, 0x20), 0x7ffc257fabf0) = 0
3947817 ioctl(8, _IOC(_IOC_READ|_IOC_WRITE, 0x46, 0x2a, 0x20), 0x7ffc257fabf0) = 0
3947817 ioctl(8, _IOC(_IOC_READ|_IOC_WRITE, 0x46, 0x2a, 0x20), 0x7ffc257fabf0) = 0
3947817 ioctl(8, _IOC(_IOC_READ|_IOC_WRITE, 0x46, 0x2a, 0x20), 0x7ffc257fabe0) = 0
3947817 ioctl(8, _IOC(_IOC_READ|_IOC_WRITE, 0x46, 0x2a, 0x20), 0x7ffc257fab60) = 0
3947817 ioctl(8, _IOC(_IOC_READ|_IOC_WRITE, 0x46, 0x2a, 0x20), 0x7ffc257faaf0) = 0
3947817 ioctl(8, _IOC(_IOC_READ|_IOC_WRITE, 0x46, 0x2a, 0x20), 0x7ffc257f8640) = 0
3947817 ioctl(8, _IOC(_IOC_READ|_IOC_WRITE, 0x46, 0x2a, 0x20), 0x7ffc257f96f0) = 0
3947817 ioctl(8, _IOC(_IOC_READ|_IOC_WRITE, 0x46, 0x2a, 0x20), 0x7ffc257facf0) = 0
3947817 ioctl(8, _IOC(_IOC_READ|_IOC_WRITE, 0x46, 0x2a, 0x20), 0x7ffc257fab40) = 0
3947817 ioctl(8, _IOC(_IOC_READ|_IOC_WRITE, 0x46, 0x2b, 0x30), 0x7ffc257fbd60) = 0
3947817 ioctl(8, _IOC(_IOC_READ|_IOC_WRITE, 0x46, 0x2a, 0x20), 0x7ffc257fab30) = 0
3947817 openat(AT_FDCWD, "/dev/nvidia3", O_RDWR|O_CLOEXEC) = 27
3947817 ioctl(8, _IOC(_IOC_READ|_IOC_WRITE, 0x46, 0x4e, 0x38), 0x7ffc257fbcf0) = 0
3947817 close(27)                       = 0
3947817 ioctl(8, _IOC(_IOC_READ|_IOC_WRITE, 0x46, 0x2b, 0x30), 0x7ffc257fbd70) = 0
3947817 ioctl(8, _IOC(_IOC_READ|_IOC_WRITE, 0x46, 0x2a, 0x20), 0x7ffc257facf0) = 0
3947817 ioctl(8, _IOC(_IOC_READ|_IOC_WRITE, 0x46, 0x2a, 0x20), 0x7ffc257fac90) = 0
3947817 ioctl(8, _IOC(_IOC_READ|_IOC_WRITE, 0x46, 0x2b, 0x30), 0x7ffc257fbde0) = 0
3947817 ioctl(8, _IOC(_IOC_READ|_IOC_WRITE, 0x46, 0x2b, 0x30), 0x7ffc257fbde0) = 0
3947817 ioctl(8, _IOC(_IOC_READ|_IOC_WRITE, 0x46, 0x2a, 0x20), 0x7ffc257facc0) = 0
3947817 ioctl(8, _IOC(_IOC_READ|_IOC_WRITE, 0x46, 0x2a, 0x20), 0x7ffc257fac20) = 0
3947817 ioctl(8, _IOC(_IOC_READ|_IOC_WRITE, 0x46, 0x2a, 0x20), 0x7ffc257fac20) = 0
3947817 ioctl(8, _IOC(_IOC_READ|_IOC_WRITE, 0x46, 0x2a, 0x20), 0x7ffc257fad20) = 0
3947817 ioctl(8, _IOC(_IOC_READ|_IOC_WRITE, 0x46, 0x2a, 0x20), 0x7ffc257fabe0) = 0
3947817 openat(AT_FDCWD, "/sys/bus/pci/devices/0000:e3:00.0/numa_node", O_RDONLY) = 27
3947817 close(27)                       = 0
3947817 ioctl(8, _IOC(_IOC_READ|_IOC_WRITE, 0x46, 0x2a, 0x20), 0x7ffc257faed0) = 0
3947817 ioctl(8, _IOC(_IOC_READ|_IOC_WRITE, 0x46, 0x2a, 0x20), 0x7ffc257fc030) = 0
3947817 ioctl(8, _IOC(_IOC_READ|_IOC_WRITE, 0x46, 0x2a, 0x20), 0x7ffc257fc030) = 0
3947817 ioctl(8, _IOC(_IOC_READ|_IOC_WRITE, 0x46, 0x2a, 0x20), 0x7ffc257fc030) = 0
3947817 ioctl(8, _IOC(_IOC_READ|_IOC_WRITE, 0x46, 0x2a, 0x20), 0x7ffc257fc030) = 0
3947817 ioctl(8, _IOC(_IOC_READ|_IOC_WRITE, 0x46, 0x2a, 0x20), 0x7ffc257fc030) = 0
3947817 ioctl(8, _IOC(_IOC_READ|_IOC_WRITE, 0x46, 0x2a, 0x20), 0x7ffc257fc030) = 0
3947817 ioctl(8, _IOC(_IOC_READ|_IOC_WRITE, 0x46, 0x2a, 0x20), 0x7ffc257fc030) = 0
3947817 ioctl(8, _IOC(_IOC_READ|_IOC_WRITE, 0x46, 0x2a, 0x20), 0x7ffc257fc030) = 0
3947817 ioctl(8, _IOC(_IOC_READ|_IOC_WRITE, 0x46, 0x2a, 0x20), 0x7ffc257fb180) = 0
3947817 ioctl(8, _IOC(_IOC_READ|_IOC_WRITE, 0x46, 0x2a, 0x20), 0x7ffc257fb180) = 0
3947817 ioctl(8, _IOC(_IOC_READ|_IOC_WRITE, 0x46, 0x2a, 0x20), 0x7ffc257fb180) = 0
3947817 ioctl(8, _IOC(_IOC_READ|_IOC_WRITE, 0x46, 0x2a, 0x20), 0x7ffc257fb180) = 0
3947817 ioctl(8, _IOC(_IOC_READ|_IOC_WRITE, 0x46, 0x2a, 0x20), 0x7ffc257fb180) = 0
3947817 ioctl(8, _IOC(_IOC_READ|_IOC_WRITE, 0x46, 0x2a, 0x20), 0x7ffc257fba00) = 0
3947817 ioctl(8, _IOC(_IOC_READ|_IOC_WRITE, 0x46, 0x2a, 0x20), 0x7ffc257fa200) = 0
3947817 ioctl(8, _IOC(_IOC_READ|_IOC_WRITE, 0x46, 0x2a, 0x20), 0x7ffc257fba00) = 0
3947817 ioctl(8, _IOC(_IOC_READ|_IOC_WRITE, 0x46, 0x2a, 0x20), 0x7ffc257fa200) = 0
3947817 ioctl(8, _IOC(_IOC_READ|_IOC_WRITE, 0x46, 0x2a, 0x20), 0x7ffc257fba00) = 0
3947817 ioctl(8, _IOC(_IOC_READ|_IOC_WRITE, 0x46, 0x2a, 0x20), 0x7ffc257fa200) = 0
3947817 ioctl(8, _IOC(_IOC_READ|_IOC_WRITE, 0x46, 0x2a, 0x20), 0x7ffc257fba00) = 0
3947817 ioctl(8, _IOC(_IOC_READ|_IOC_WRITE, 0x46, 0x2a, 0x20), 0x7ffc257fa200) = 0
3947817 ioctl(9, _IOC(_IOC_NONE, 0, 0x25, 0), 0x7ffc257fd8d0) = 0
3947817 ioctl(9, _IOC(_IOC_NONE, 0, 0x46, 0), 0x7ffc257fd940) = 0
3947817 ioctl(9, _IOC(_IOC_NONE, 0, 0x25, 0), 0x7ffc257fd8d0) = 0
3947817 ioctl(9, _IOC(_IOC_NONE, 0, 0x46, 0), 0x7ffc257fd940) = 0
3947817 ioctl(9, _IOC(_IOC_NONE, 0, 0x25, 0), 0x7ffc257fd8d0) = 0
3947817 ioctl(9, _IOC(_IOC_NONE, 0, 0x46, 0), 0x7ffc257fd940) = 0
3947817 ioctl(9, _IOC(_IOC_NONE, 0, 0x25, 0), 0x7ffc257fd8d0) = 0
3947817 ioctl(9, _IOC(_IOC_NONE, 0, 0x46, 0), 0x7ffc257fd940) = 0
3947817 ioctl(9, _IOC(_IOC_NONE, 0, 0x17, 0), 0x7ffc257fdda0) = 0
3947817 ioctl(8, _IOC(_IOC_READ|_IOC_WRITE, 0x46, 0x2b, 0x30), 0x7ffc257fdb00) = 0
3947817 ioctl(8, _IOC(_IOC_READ|_IOC_WRITE, 0x46, 0x2b, 0x30), 0x7ffc257fdb00) = 0
3947817 ioctl(8, _IOC(_IOC_READ|_IOC_WRITE, 0x46, 0x2b, 0x30), 0x7ffc257fdb00) = 0
3947817 ioctl(8, _IOC(_IOC_READ|_IOC_WRITE, 0x46, 0x2b, 0x30), 0x7ffc257fdb00) = 0
3947817 ioctl(8, _IOC(_IOC_READ|_IOC_WRITE, 0x46, 0x2b, 0x30), 0x7ffc257fdd40) = 0
3947817 ioctl(8, _IOC(_IOC_READ|_IOC_WRITE, 0x46, 0x2a, 0x20), 0x7ffc257fcc20) = 0
3947817 ioctl(8, _IOC(_IOC_READ|_IOC_WRITE, 0x46, 0x2b, 0x30), 0x7ffc257fdd40) = 0
3947817 ioctl(8, _IOC(_IOC_READ|_IOC_WRITE, 0x46, 0x2a, 0x20), 0x7ffc257fcc20) = 0
3947817 ioctl(8, _IOC(_IOC_READ|_IOC_WRITE, 0x46, 0x2b, 0x30), 0x7ffc257fdd40) = 0
3947817 ioctl(8, _IOC(_IOC_READ|_IOC_WRITE, 0x46, 0x2a, 0x20), 0x7ffc257fcc20) = 0
3947817 ioctl(8, _IOC(_IOC_READ|_IOC_WRITE, 0x46, 0x2b, 0x30), 0x7ffc257fdd40) = 0
3947817 ioctl(8, _IOC(_IOC_READ|_IOC_WRITE, 0x46, 0x2a, 0x20), 0x7ffc257fcc20) = 0
3947817 ioctl(8, _IOC(_IOC_READ|_IOC_WRITE, 0x46, 0x2a, 0x20), 0x7ffc257fc370) = 0
3947817 ioctl(8, _IOC(_IOC_READ|_IOC_WRITE, 0x46, 0x2a, 0x20), 0x7ffc257fc380) = 0
3947817 ioctl(8, _IOC(_IOC_READ|_IOC_WRITE, 0x46, 0x2a, 0x20), 0x7ffc257fc3b0) = 0
3947817 ioctl(9, _IOC(_IOC_NONE, 0, 0x19, 0), 0x7ffc257fd490) = 0
3947817 ioctl(8, _IOC(_IOC_READ|_IOC_WRITE, 0x46, 0x2b, 0x30), 0x7ffc257fc760) = 0
3947817 ioctl(9, _IOC(_IOC_NONE, 0, 0x49, 0), 0x7ffc257fc440) = 0
3947817 ioctl(9, _IOC(_IOC_NONE, 0, 0x21, 0), 0x7ffc257fa030) = 0
3947817 ioctl(8, _IOC(_IOC_READ|_IOC_WRITE, 0x46, 0x2b, 0x30), 0x7ffc257fc640) = 0
3947817 ioctl(9, _IOC(_IOC_NONE, 0, 0x49, 0), 0x7ffc257fc320) = 0
3947817 ioctl(9, _IOC(_IOC_NONE, 0, 0x21, 0), 0x7ffc257f9f10) = 0
3947817 ioctl(8, _IOC(_IOC_READ|_IOC_WRITE, 0x46, 0x2b, 0x30), 0x7ffc257fc640) = 0
3947817 ioctl(9, _IOC(_IOC_NONE, 0, 0x49, 0), 0x7ffc257fc320) = 0
3947817 ioctl(9, _IOC(_IOC_NONE, 0, 0x21, 0), 0x7ffc257f9f10) = 0
3947817 ioctl(8, _IOC(_IOC_READ|_IOC_WRITE, 0x46, 0x2b, 0x30), 0x7ffc257fc840) = 0
3947817 ioctl(9, _IOC(_IOC_NONE, 0, 0x49, 0), 0x7ffc257fc520) = 0
3947817 ioctl(9, _IOC(_IOC_NONE, 0, 0x21, 0), 0x7ffc257fa110) = 0
3947817 ioctl(8, _IOC(_IOC_READ|_IOC_WRITE, 0x46, 0x2b, 0x30), 0x7ffc257fd120) = 0
3947817 ioctl(8, _IOC(_IOC_READ|_IOC_WRITE, 0x46, 0x2b, 0x30), 0x7ffc257fd110) = 0
3947817 ioctl(8, _IOC(_IOC_READ|_IOC_WRITE, 0x46, 0x2b, 0x30), 0x7ffc257fbff0) = 0
3947817 ioctl(8, _IOC(_IOC_READ|_IOC_WRITE, 0x46, 0x2a, 0x20), 0x7ffc257faeb0) = 0
3947817 openat(AT_FDCWD, "/dev/nvidia0", O_RDWR|O_CLOEXEC) = 29
3947817 ioctl(8, _IOC(_IOC_READ|_IOC_WRITE, 0x46, 0x4e, 0x38), 0x7ffc257fc070) = 0
3947817 ioctl(8, _IOC(_IOC_READ|_IOC_WRITE, 0x46, 0x5e, 0x28), 0x7ffc257fc040) = 0
3947817 close(29)                       = 0
3947817 ioctl(9, _IOC(_IOC_NONE, 0, 0x49, 0), 0x7ffc257fbcd0) = 0
3947817 ioctl(9, _IOC(_IOC_NONE, 0, 0x21, 0), 0x7ffc257f98c0) = 0
3947817 ioctl(8, _IOC(_IOC_READ|_IOC_WRITE, 0x46, 0x2b, 0x30), 0x7ffc257fbe10) = 0
3947817 ioctl(8, _IOC(_IOC_READ|_IOC_WRITE, 0x46, 0x2a, 0x20), 0x7ffc257facd0) = 0
3947817 openat(AT_FDCWD, "/dev/nvidiactl", O_RDWR|O_CLOEXEC) = 29
3947817 ioctl(8, _IOC(_IOC_READ|_IOC_WRITE, 0x46, 0x4e, 0x38), 0x7ffc257fbe90) = 0
3947817 close(29)                       = 0
3947817 ioctl(9, _IOC(_IOC_NONE, 0, 0x49, 0), 0x7ffc257fbaf0) = 0
3947817 ioctl(9, _IOC(_IOC_NONE, 0, 0x21, 0), 0x7ffc257f96e0) = 0
3947817 ioctl(8, _IOC(_IOC_READ|_IOC_WRITE, 0x46, 0x2b, 0x30), 0x7ffc257fc170) = 0
3947817 ioctl(8, _IOC(_IOC_READ|_IOC_WRITE, 0x46, 0x2a, 0x20), 0x7ffc257fb030) = 0
3947817 openat(AT_FDCWD, "/dev/nvidiactl", O_RDWR|O_CLOEXEC) = 29
3947817 ioctl(8, _IOC(_IOC_READ|_IOC_WRITE, 0x46, 0x4e, 0x38), 0x7ffc257fc1f0) = 0
3947817 close(29)                       = 0
3947817 ioctl(8, _IOC(_IOC_READ|_IOC_WRITE, 0x46, 0x2b, 0x30), 0x7ffc257fcb10) = 0
3947817 ioctl(8, _IOC(_IOC_READ|_IOC_WRITE, 0x46, 0x2a, 0x20), 0x7ffc257fbb80) = 0
3947817 ioctl(8, _IOC(_IOC_READ|_IOC_WRITE, 0x46, 0x2b, 0x30), 0x7ffc257fcc20) = 0
3947817 ioctl(8, _IOC(_IOC_READ|_IOC_WRITE, 0x46, 0x2a, 0x20), 0x7ffc257fbb40) = 0
3947817 ioctl(8, _IOC(_IOC_READ|_IOC_WRITE, 0x46, 0x2b, 0x30), 0x7ffc257fcc20) = 0
3947817 ioctl(8, _IOC(_IOC_READ|_IOC_WRITE, 0x46, 0x2a, 0x20), 0x7ffc257fbb40) = 0
3947817 ioctl(8, _IOC(_IOC_READ|_IOC_WRITE, 0x46, 0x2a, 0x20), 0x7ffc257fbb90) = 0
3947817 ioctl(8, _IOC(_IOC_READ|_IOC_WRITE, 0x46, 0x2a, 0x20), 0x7ffc257fbb90) = 0
3947817 ioctl(8, _IOC(_IOC_READ|_IOC_WRITE, 0x46, 0x2b, 0x30), 0x7ffc257fc510) = 0
3947817 ioctl(8, _IOC(_IOC_READ|_IOC_WRITE, 0x46, 0x2a, 0x20), 0x7ffc257fb3d0) = 0
3947817 openat(AT_FDCWD, "/dev/nvidiactl", O_RDWR|O_CLOEXEC) = 29
3947817 ioctl(8, _IOC(_IOC_READ|_IOC_WRITE, 0x46, 0x4e, 0x38), 0x7ffc257fc590) = 0
3947817 close(29)                       = 0
3947817 ioctl(9, _IOC(_IOC_NONE, 0, 0x49, 0), 0x7ffc257fc1f0) = 0
3947817 ioctl(9, _IOC(_IOC_NONE, 0, 0x21, 0), 0x7ffc257f9de0) = 0
3947817 ioctl(8, _IOC(_IOC_READ|_IOC_WRITE, 0x46, 0x2b, 0x30), 0x7ffc257fc170) = 0
3947817 ioctl(8, _IOC(_IOC_READ|_IOC_WRITE, 0x46, 0x2a, 0x20), 0x7ffc257fb030) = 0
3947817 openat(AT_FDCWD, "/dev/nvidiactl", O_RDWR|O_CLOEXEC) = 29
3947817 ioctl(8, _IOC(_IOC_READ|_IOC_WRITE, 0x46, 0x4e, 0x38), 0x7ffc257fc1f0) = 0
3947817 close(29)                       = 0
3947817 ioctl(8, _IOC(_IOC_READ|_IOC_WRITE, 0x46, 0x2b, 0x30), 0x7ffc257fcb10) = 0
3947817 ioctl(8, _IOC(_IOC_READ|_IOC_WRITE, 0x46, 0x2a, 0x20), 0x7ffc257fbb80) = 0
3947817 ioctl(8, _IOC(_IOC_READ|_IOC_WRITE, 0x46, 0x2b, 0x30), 0x7ffc257fcc20) = 0
3947817 ioctl(8, _IOC(_IOC_READ|_IOC_WRITE, 0x46, 0x2a, 0x20), 0x7ffc257fbb40) = 0
3947817 ioctl(8, _IOC(_IOC_READ|_IOC_WRITE, 0x46, 0x2b, 0x30), 0x7ffc257fcc20) = 0
3947817 ioctl(8, _IOC(_IOC_READ|_IOC_WRITE, 0x46, 0x2a, 0x20), 0x7ffc257fbb40) = 0
3947817 ioctl(8, _IOC(_IOC_READ|_IOC_WRITE, 0x46, 0x2a, 0x20), 0x7ffc257fbb90) = 0
3947817 ioctl(8, _IOC(_IOC_READ|_IOC_WRITE, 0x46, 0x2a, 0x20), 0x7ffc257fbb90) = 0
3947817 ioctl(8, _IOC(_IOC_READ|_IOC_WRITE, 0x46, 0x2b, 0x30), 0x7ffc257fc170) = 0
3947817 ioctl(8, _IOC(_IOC_READ|_IOC_WRITE, 0x46, 0x2a, 0x20), 0x7ffc257fb030) = 0
3947817 openat(AT_FDCWD, "/dev/nvidiactl", O_RDWR|O_CLOEXEC) = 29
3947817 ioctl(8, _IOC(_IOC_READ|_IOC_WRITE, 0x46, 0x4e, 0x38), 0x7ffc257fc1f0) = 0
3947817 close(29)                       = 0
3947817 ioctl(8, _IOC(_IOC_READ|_IOC_WRITE, 0x46, 0x2b, 0x30), 0x7ffc257fcb10) = 0
3947817 ioctl(8, _IOC(_IOC_READ|_IOC_WRITE, 0x46, 0x2a, 0x20), 0x7ffc257fbb80) = 0
3947817 ioctl(8, _IOC(_IOC_READ|_IOC_WRITE, 0x46, 0x2b, 0x30), 0x7ffc257fcc20) = 0
3947817 ioctl(8, _IOC(_IOC_READ|_IOC_WRITE, 0x46, 0x2a, 0x20), 0x7ffc257fbb40) = 0
3947817 ioctl(8, _IOC(_IOC_READ|_IOC_WRITE, 0x46, 0x2b, 0x30), 0x7ffc257fcc20) = 0
3947817 ioctl(8, _IOC(_IOC_READ|_IOC_WRITE, 0x46, 0x2a, 0x20), 0x7ffc257fbb40) = 0
3947817 ioctl(8, _IOC(_IOC_READ|_IOC_WRITE, 0x46, 0x2a, 0x20), 0x7ffc257fbb90) = 0
3947817 ioctl(8, _IOC(_IOC_READ|_IOC_WRITE, 0x46, 0x2a, 0x20), 0x7ffc257fbb90) = 0
3947817 ioctl(8, _IOC(_IOC_READ|_IOC_WRITE, 0x46, 0x2b, 0x30), 0x7ffc257fc170) = 0
3947817 ioctl(8, _IOC(_IOC_READ|_IOC_WRITE, 0x46, 0x2a, 0x20), 0x7ffc257fb030) = 0
3947817 openat(AT_FDCWD, "/dev/nvidiactl", O_RDWR|O_CLOEXEC) = 29
3947817 ioctl(8, _IOC(_IOC_READ|_IOC_WRITE, 0x46, 0x4e, 0x38), 0x7ffc257fc1f0) = 0
3947817 close(29)                       = 0
3947817 ioctl(8, _IOC(_IOC_READ|_IOC_WRITE, 0x46, 0x2b, 0x30), 0x7ffc257fcb10) = 0
3947817 ioctl(8, _IOC(_IOC_READ|_IOC_WRITE, 0x46, 0x2a, 0x20), 0x7ffc257fbb80) = 0
3947817 ioctl(8, _IOC(_IOC_READ|_IOC_WRITE, 0x46, 0x2b, 0x30), 0x7ffc257fcc20) = 0
3947817 ioctl(8, _IOC(_IOC_READ|_IOC_WRITE, 0x46, 0x2a, 0x20), 0x7ffc257fbb40) = 0
3947817 ioctl(8, _IOC(_IOC_READ|_IOC_WRITE, 0x46, 0x2b, 0x30), 0x7ffc257fcc20) = 0
3947817 ioctl(8, _IOC(_IOC_READ|_IOC_WRITE, 0x46, 0x2a, 0x20), 0x7ffc257fbb40) = 0
3947817 ioctl(8, _IOC(_IOC_READ|_IOC_WRITE, 0x46, 0x2a, 0x20), 0x7ffc257fbb90) = 0
3947817 ioctl(8, _IOC(_IOC_READ|_IOC_WRITE, 0x46, 0x2a, 0x20), 0x7ffc257fbb90) = 0
3947817 ioctl(8, _IOC(_IOC_READ|_IOC_WRITE, 0x46, 0x2b, 0x30), 0x7ffc257fc170) = 0
3947817 ioctl(8, _IOC(_IOC_READ|_IOC_WRITE, 0x46, 0x2a, 0x20), 0x7ffc257fb030) = 0
3947817 openat(AT_FDCWD, "/dev/nvidiactl", O_RDWR|O_CLOEXEC) = 29
3947817 ioctl(8, _IOC(_IOC_READ|_IOC_WRITE, 0x46, 0x4e, 0x38), 0x7ffc257fc1f0) = 0
3947817 close(29)                       = 0
3947817 ioctl(8, _IOC(_IOC_READ|_IOC_WRITE, 0x46, 0x2b, 0x30), 0x7ffc257fcb10) = 0
3947817 ioctl(8, _IOC(_IOC_READ|_IOC_WRITE, 0x46, 0x2a, 0x20), 0x7ffc257fbb80) = 0
3947817 ioctl(8, _IOC(_IOC_READ|_IOC_WRITE, 0x46, 0x2b, 0x30), 0x7ffc257fcc20) = 0
3947817 ioctl(8, _IOC(_IOC_READ|_IOC_WRITE, 0x46, 0x2a, 0x20), 0x7ffc257fbb40) = 0
3947817 ioctl(8, _IOC(_IOC_READ|_IOC_WRITE, 0x46, 0x2b, 0x30), 0x7ffc257fcc20) = 0
3947817 ioctl(8, _IOC(_IOC_READ|_IOC_WRITE, 0x46, 0x2a, 0x20), 0x7ffc257fbb40) = 0
3947817 ioctl(8, _IOC(_IOC_READ|_IOC_WRITE, 0x46, 0x2a, 0x20), 0x7ffc257fbb90) = 0
3947817 ioctl(8, _IOC(_IOC_READ|_IOC_WRITE, 0x46, 0x2a, 0x20), 0x7ffc257fbb90) = 0
3947817 ioctl(8, _IOC(_IOC_READ|_IOC_WRITE, 0x46, 0x2b, 0x30), 0x7ffc257fc170) = 0
3947817 ioctl(8, _IOC(_IOC_READ|_IOC_WRITE, 0x46, 0x2a, 0x20), 0x7ffc257fb030) = 0
3947817 openat(AT_FDCWD, "/dev/nvidiactl", O_RDWR|O_CLOEXEC) = 29
3947817 ioctl(8, _IOC(_IOC_READ|_IOC_WRITE, 0x46, 0x4e, 0x38), 0x7ffc257fc1f0) = 0
3947817 close(29)                       = 0
3947817 ioctl(8, _IOC(_IOC_READ|_IOC_WRITE, 0x46, 0x2b, 0x30), 0x7ffc257fcb10) = 0
3947817 ioctl(8, _IOC(_IOC_READ|_IOC_WRITE, 0x46, 0x2a, 0x20), 0x7ffc257fbb80) = 0
3947817 ioctl(8, _IOC(_IOC_READ|_IOC_WRITE, 0x46, 0x2b, 0x30), 0x7ffc257fcc20) = 0
3947817 ioctl(8, _IOC(_IOC_READ|_IOC_WRITE, 0x46, 0x2a, 0x20), 0x7ffc257fbb40) = 0
3947817 ioctl(8, _IOC(_IOC_READ|_IOC_WRITE, 0x46, 0x2b, 0x30), 0x7ffc257fcc20) = 0
3947817 ioctl(8, _IOC(_IOC_READ|_IOC_WRITE, 0x46, 0x2a, 0x20), 0x7ffc257fbb40) = 0
3947817 ioctl(8, _IOC(_IOC_READ|_IOC_WRITE, 0x46, 0x2a, 0x20), 0x7ffc257fbb90) = 0
3947817 ioctl(8, _IOC(_IOC_READ|_IOC_WRITE, 0x46, 0x2a, 0x20), 0x7ffc257fbb90) = 0
3947817 ioctl(8, _IOC(_IOC_READ|_IOC_WRITE, 0x46, 0x2b, 0x30), 0x7ffc257fc170) = 0
3947817 ioctl(8, _IOC(_IOC_READ|_IOC_WRITE, 0x46, 0x2a, 0x20), 0x7ffc257fb030) = 0
3947817 openat(AT_FDCWD, "/dev/nvidiactl", O_RDWR|O_CLOEXEC) = 29
3947817 ioctl(8, _IOC(_IOC_READ|_IOC_WRITE, 0x46, 0x4e, 0x38), 0x7ffc257fc1f0) = 0
3947817 close(29)                       = 0
3947817 ioctl(8, _IOC(_IOC_READ|_IOC_WRITE, 0x46, 0x2b, 0x30), 0x7ffc257fcb10) = 0
3947817 ioctl(8, _IOC(_IOC_READ|_IOC_WRITE, 0x46, 0x2a, 0x20), 0x7ffc257fbb80) = 0
3947817 ioctl(8, _IOC(_IOC_READ|_IOC_WRITE, 0x46, 0x2b, 0x30), 0x7ffc257fcc20) = 0
3947817 ioctl(8, _IOC(_IOC_READ|_IOC_WRITE, 0x46, 0x2a, 0x20), 0x7ffc257fbb40) = 0
3947817 ioctl(8, _IOC(_IOC_READ|_IOC_WRITE, 0x46, 0x2b, 0x30), 0x7ffc257fcc20) = 0
3947817 ioctl(8, _IOC(_IOC_READ|_IOC_WRITE, 0x46, 0x2a, 0x20), 0x7ffc257fbb40) = 0
3947817 ioctl(8, _IOC(_IOC_READ|_IOC_WRITE, 0x46, 0x2a, 0x20), 0x7ffc257fbb90) = 0
3947817 ioctl(8, _IOC(_IOC_READ|_IOC_WRITE, 0x46, 0x2a, 0x20), 0x7ffc257fbb90) = 0
3947817 ioctl(8, _IOC(_IOC_READ|_IOC_WRITE, 0x46, 0x2b, 0x30), 0x7ffc257fc170) = 0
3947817 ioctl(8, _IOC(_IOC_READ|_IOC_WRITE, 0x46, 0x2a, 0x20), 0x7ffc257fb030) = 0
3947817 openat(AT_FDCWD, "/dev/nvidiactl", O_RDWR|O_CLOEXEC) = 29
3947817 ioctl(8, _IOC(_IOC_READ|_IOC_WRITE, 0x46, 0x4e, 0x38), 0x7ffc257fc1f0) = 0
3947817 close(29)                       = 0
3947817 ioctl(8, _IOC(_IOC_READ|_IOC_WRITE, 0x46, 0x2b, 0x30), 0x7ffc257fcb10) = 0
3947817 ioctl(8, _IOC(_IOC_READ|_IOC_WRITE, 0x46, 0x2a, 0x20), 0x7ffc257fbb80) = 0
3947817 ioctl(8, _IOC(_IOC_READ|_IOC_WRITE, 0x46, 0x2b, 0x30), 0x7ffc257fcc20) = 0
3947817 ioctl(8, _IOC(_IOC_READ|_IOC_WRITE, 0x46, 0x2a, 0x20), 0x7ffc257fbb40) = 0
3947817 ioctl(8, _IOC(_IOC_READ|_IOC_WRITE, 0x46, 0x2b, 0x30), 0x7ffc257fcc20) = 0
3947817 ioctl(8, _IOC(_IOC_READ|_IOC_WRITE, 0x46, 0x2a, 0x20), 0x7ffc257fbb40) = 0
3947817 ioctl(8, _IOC(_IOC_READ|_IOC_WRITE, 0x46, 0x2a, 0x20), 0x7ffc257fbb90) = 0
3947817 ioctl(8, _IOC(_IOC_READ|_IOC_WRITE, 0x46, 0x2a, 0x20), 0x7ffc257fbb90) = 0
3947817 ioctl(9, _IOC(_IOC_NONE, 0, 0x1b, 0), 0x7ffc257fd2d0) = 0
3947817 ioctl(9, _IOC(_IOC_NONE, 0, 0x1b, 0), 0x7ffc257fd2d0) = 0
3947817 ioctl(9, _IOC(_IOC_NONE, 0, 0x1b, 0), 0x7ffc257fd2d0) = 0
3947817 ioctl(9, _IOC(_IOC_NONE, 0, 0x1b, 0), 0x7ffc257fd2d0) = 0
3947817 ioctl(9, _IOC(_IOC_NONE, 0, 0x1b, 0), 0x7ffc257fd2d0) = 0
3947817 ioctl(9, _IOC(_IOC_NONE, 0, 0x1b, 0), 0x7ffc257fd2d0) = 0
3947817 ioctl(9, _IOC(_IOC_NONE, 0, 0x1b, 0), 0x7ffc257fd2d0) = 0
3947817 ioctl(9, _IOC(_IOC_NONE, 0, 0x1b, 0), 0x7ffc257fd2d0) = 0
3947817 ioctl(8, _IOC(_IOC_READ|_IOC_WRITE, 0x46, 0x2a, 0x20), 0x7ffc257fc1e0) = 0
3947817 openat(AT_FDCWD, "/dev/nvidia0", O_RDWR|O_CLOEXEC) = 29
3947817 ioctl(29, _IOC(_IOC_READ|_IOC_WRITE, 0x46, 0xc9, 0x4), 0x7ffc257fd1d0) = 0
3947817 ioctl(29, _IOC(_IOC_READ|_IOC_WRITE, 0x46, 0xce, 0x10), 0x7ffc257fd1c0) = 0
3947817 ioctl(29, _IOC(_IOC_READ|_IOC_WRITE, 0x46, 0x2b, 0x30), 0x7ffc257fd1b0) = 0
3947817 ioctl(8, _IOC(_IOC_READ|_IOC_WRITE, 0x46, 0x2b, 0x30), 0x7ffc257fd120) = 0
3947817 ioctl(8, _IOC(_IOC_READ|_IOC_WRITE, 0x46, 0x2b, 0x30), 0x7ffc257fc170) = 0
3947817 ioctl(8, _IOC(_IOC_READ|_IOC_WRITE, 0x46, 0x2a, 0x20), 0x7ffc257fb030) = 0
3947817 openat(AT_FDCWD, "/dev/nvidiactl", O_RDWR|O_CLOEXEC) = 31
3947817 ioctl(8, _IOC(_IOC_READ|_IOC_WRITE, 0x46, 0x4e, 0x38), 0x7ffc257fc1f0) = 0
3947817 close(31)                       = 0
3947817 ioctl(8, _IOC(_IOC_READ|_IOC_WRITE, 0x46, 0x2b, 0x30), 0x7ffc257fcb10) = 0
3947817 ioctl(8, _IOC(_IOC_READ|_IOC_WRITE, 0x46, 0x2a, 0x20), 0x7ffc257fbb80) = 0
3947817 ioctl(8, _IOC(_IOC_READ|_IOC_WRITE, 0x46, 0x2b, 0x30), 0x7ffc257fcc20) = 0
3947817 ioctl(8, _IOC(_IOC_READ|_IOC_WRITE, 0x46, 0x2a, 0x20), 0x7ffc257fbb40) = 0
3947817 ioctl(8, _IOC(_IOC_READ|_IOC_WRITE, 0x46, 0x2a, 0x20), 0x7ffc257fbb90) = 0
3947817 ioctl(8, _IOC(_IOC_READ|_IOC_WRITE, 0x46, 0x2b, 0x30), 0x7ffc257fc170) = 0
3947817 ioctl(8, _IOC(_IOC_READ|_IOC_WRITE, 0x46, 0x2a, 0x20), 0x7ffc257fb030) = 0
3947817 openat(AT_FDCWD, "/dev/nvidiactl", O_RDWR|O_CLOEXEC) = 31
3947817 ioctl(8, _IOC(_IOC_READ|_IOC_WRITE, 0x46, 0x4e, 0x38), 0x7ffc257fc1f0) = 0
3947817 close(31)                       = 0
3947817 ioctl(8, _IOC(_IOC_READ|_IOC_WRITE, 0x46, 0x2b, 0x30), 0x7ffc257fcb10) = 0
3947817 ioctl(8, _IOC(_IOC_READ|_IOC_WRITE, 0x46, 0x2a, 0x20), 0x7ffc257fbb80) = 0
3947817 ioctl(8, _IOC(_IOC_READ|_IOC_WRITE, 0x46, 0x2b, 0x30), 0x7ffc257fcc20) = 0
3947817 ioctl(8, _IOC(_IOC_READ|_IOC_WRITE, 0x46, 0x2a, 0x20), 0x7ffc257fbb40) = 0
3947817 ioctl(8, _IOC(_IOC_READ|_IOC_WRITE, 0x46, 0x2a, 0x20), 0x7ffc257fbb90) = 0
3947817 ioctl(8, _IOC(_IOC_READ|_IOC_WRITE, 0x46, 0x2b, 0x30), 0x7ffc257fc170) = 0
3947817 ioctl(8, _IOC(_IOC_READ|_IOC_WRITE, 0x46, 0x2a, 0x20), 0x7ffc257fb030) = 0
3947817 openat(AT_FDCWD, "/dev/nvidiactl", O_RDWR|O_CLOEXEC) = 31
3947817 ioctl(8, _IOC(_IOC_READ|_IOC_WRITE, 0x46, 0x4e, 0x38), 0x7ffc257fc1f0) = 0
3947817 close(31)                       = 0
3947817 ioctl(8, _IOC(_IOC_READ|_IOC_WRITE, 0x46, 0x2b, 0x30), 0x7ffc257fcb10) = 0
3947817 ioctl(8, _IOC(_IOC_READ|_IOC_WRITE, 0x46, 0x2a, 0x20), 0x7ffc257fbb80) = 0
3947817 ioctl(8, _IOC(_IOC_READ|_IOC_WRITE, 0x46, 0x2b, 0x30), 0x7ffc257fcc20) = 0
3947817 ioctl(8, _IOC(_IOC_READ|_IOC_WRITE, 0x46, 0x2a, 0x20), 0x7ffc257fbb40) = 0
3947817 ioctl(8, _IOC(_IOC_READ|_IOC_WRITE, 0x46, 0x2a, 0x20), 0x7ffc257fbb90) = 0
3947817 ioctl(8, _IOC(_IOC_READ|_IOC_WRITE, 0x46, 0x2b, 0x30), 0x7ffc257fc170) = 0
3947817 ioctl(8, _IOC(_IOC_READ|_IOC_WRITE, 0x46, 0x2a, 0x20), 0x7ffc257fb030) = 0
3947817 openat(AT_FDCWD, "/dev/nvidiactl", O_RDWR|O_CLOEXEC) = 31
3947817 ioctl(8, _IOC(_IOC_READ|_IOC_WRITE, 0x46, 0x4e, 0x38), 0x7ffc257fc1f0) = 0
3947817 close(31)                       = 0
3947817 ioctl(8, _IOC(_IOC_READ|_IOC_WRITE, 0x46, 0x2b, 0x30), 0x7ffc257fcb10) = 0
3947817 ioctl(8, _IOC(_IOC_READ|_IOC_WRITE, 0x46, 0x2a, 0x20), 0x7ffc257fbb80) = 0
3947817 ioctl(8, _IOC(_IOC_READ|_IOC_WRITE, 0x46, 0x2b, 0x30), 0x7ffc257fcc20) = 0
3947817 ioctl(8, _IOC(_IOC_READ|_IOC_WRITE, 0x46, 0x2a, 0x20), 0x7ffc257fbb40) = 0
3947817 ioctl(8, _IOC(_IOC_READ|_IOC_WRITE, 0x46, 0x2a, 0x20), 0x7ffc257fbb90) = 0
3947817 ioctl(9, _IOC(_IOC_NONE, 0, 0x1b, 0), 0x7ffc257fd2d0) = 0
3947817 ioctl(9, _IOC(_IOC_NONE, 0, 0x1b, 0), 0x7ffc257fd2d0) = 0
3947817 ioctl(9, _IOC(_IOC_NONE, 0, 0x1b, 0), 0x7ffc257fd2d0) = 0
3947817 ioctl(9, _IOC(_IOC_NONE, 0, 0x1b, 0), 0x7ffc257fd2d0) = 0
3947817 ioctl(8, _IOC(_IOC_READ|_IOC_WRITE, 0x46, 0x2a, 0x20), 0x7ffc257fc1e0) = 0
3947817 openat(AT_FDCWD, "/dev/nvidia0", O_RDWR|O_CLOEXEC) = 31
3947817 ioctl(31, _IOC(_IOC_READ|_IOC_WRITE, 0x46, 0xc9, 0x4), 0x7ffc257fd1d0) = 0
3947817 ioctl(31, _IOC(_IOC_READ|_IOC_WRITE, 0x46, 0xce, 0x10), 0x7ffc257fd1c0) = 0
3947817 ioctl(31, _IOC(_IOC_READ|_IOC_WRITE, 0x46, 0x2b, 0x30), 0x7ffc257fd1b0) = 0
3947817 ioctl(8, _IOC(_IOC_READ|_IOC_WRITE, 0x46, 0x2b, 0x30), 0x7ffc257fd120) = 0
3947817 ioctl(8, _IOC(_IOC_READ|_IOC_WRITE, 0x46, 0x2b, 0x30), 0x7ffc257fc170) = 0
3947817 ioctl(8, _IOC(_IOC_READ|_IOC_WRITE, 0x46, 0x2a, 0x20), 0x7ffc257fb030) = 0
3947817 openat(AT_FDCWD, "/dev/nvidiactl", O_RDWR|O_CLOEXEC) = 33
3947817 ioctl(8, _IOC(_IOC_READ|_IOC_WRITE, 0x46, 0x4e, 0x38), 0x7ffc257fc1f0) = 0
3947817 close(33)                       = 0
3947817 ioctl(8, _IOC(_IOC_READ|_IOC_WRITE, 0x46, 0x2b, 0x30), 0x7ffc257fcb10) = 0
3947817 ioctl(8, _IOC(_IOC_READ|_IOC_WRITE, 0x46, 0x2a, 0x20), 0x7ffc257fbb80) = 0
3947817 ioctl(8, _IOC(_IOC_READ|_IOC_WRITE, 0x46, 0x2b, 0x30), 0x7ffc257fcc20) = 0
3947817 ioctl(8, _IOC(_IOC_READ|_IOC_WRITE, 0x46, 0x2a, 0x20), 0x7ffc257fbb40) = 0
3947817 ioctl(8, _IOC(_IOC_READ|_IOC_WRITE, 0x46, 0x2a, 0x20), 0x7ffc257fbb90) = 0
3947817 ioctl(8, _IOC(_IOC_READ|_IOC_WRITE, 0x46, 0x2b, 0x30), 0x7ffc257fc170) = 0
3947817 ioctl(8, _IOC(_IOC_READ|_IOC_WRITE, 0x46, 0x2a, 0x20), 0x7ffc257fb030) = 0
3947817 openat(AT_FDCWD, "/dev/nvidiactl", O_RDWR|O_CLOEXEC) = 33
3947817 ioctl(8, _IOC(_IOC_READ|_IOC_WRITE, 0x46, 0x4e, 0x38), 0x7ffc257fc1f0) = 0
3947817 close(33)                       = 0
3947817 ioctl(8, _IOC(_IOC_READ|_IOC_WRITE, 0x46, 0x2b, 0x30), 0x7ffc257fcb10) = 0
3947817 ioctl(8, _IOC(_IOC_READ|_IOC_WRITE, 0x46, 0x2a, 0x20), 0x7ffc257fbb80) = 0
3947817 ioctl(8, _IOC(_IOC_READ|_IOC_WRITE, 0x46, 0x2b, 0x30), 0x7ffc257fcc20) = 0
3947817 ioctl(8, _IOC(_IOC_READ|_IOC_WRITE, 0x46, 0x2a, 0x20), 0x7ffc257fbb40) = 0
3947817 ioctl(8, _IOC(_IOC_READ|_IOC_WRITE, 0x46, 0x2a, 0x20), 0x7ffc257fbb90) = 0
3947817 ioctl(8, _IOC(_IOC_READ|_IOC_WRITE, 0x46, 0x2b, 0x30), 0x7ffc257fc170) = 0
3947817 ioctl(8, _IOC(_IOC_READ|_IOC_WRITE, 0x46, 0x2a, 0x20), 0x7ffc257fb030) = 0
3947817 openat(AT_FDCWD, "/dev/nvidiactl", O_RDWR|O_CLOEXEC) = 33
3947817 ioctl(8, _IOC(_IOC_READ|_IOC_WRITE, 0x46, 0x4e, 0x38), 0x7ffc257fc1f0) = 0
3947817 close(33)                       = 0
3947817 ioctl(8, _IOC(_IOC_READ|_IOC_WRITE, 0x46, 0x2b, 0x30), 0x7ffc257fcb10) = 0
3947817 ioctl(8, _IOC(_IOC_READ|_IOC_WRITE, 0x46, 0x2a, 0x20), 0x7ffc257fbb80) = 0
3947817 ioctl(8, _IOC(_IOC_READ|_IOC_WRITE, 0x46, 0x2b, 0x30), 0x7ffc257fcc20) = 0
3947817 ioctl(8, _IOC(_IOC_READ|_IOC_WRITE, 0x46, 0x2a, 0x20), 0x7ffc257fbb40) = 0
3947817 ioctl(8, _IOC(_IOC_READ|_IOC_WRITE, 0x46, 0x2a, 0x20), 0x7ffc257fbb90) = 0
3947817 ioctl(8, _IOC(_IOC_READ|_IOC_WRITE, 0x46, 0x2b, 0x30), 0x7ffc257fc170) = 0
3947817 ioctl(8, _IOC(_IOC_READ|_IOC_WRITE, 0x46, 0x2a, 0x20), 0x7ffc257fb030) = 0
3947817 openat(AT_FDCWD, "/dev/nvidiactl", O_RDWR|O_CLOEXEC) = 33
3947817 ioctl(8, _IOC(_IOC_READ|_IOC_WRITE, 0x46, 0x4e, 0x38), 0x7ffc257fc1f0) = 0
3947817 close(33)                       = 0
3947817 ioctl(8, _IOC(_IOC_READ|_IOC_WRITE, 0x46, 0x2b, 0x30), 0x7ffc257fcb10) = 0
3947817 ioctl(8, _IOC(_IOC_READ|_IOC_WRITE, 0x46, 0x2a, 0x20), 0x7ffc257fbb80) = 0
3947817 ioctl(8, _IOC(_IOC_READ|_IOC_WRITE, 0x46, 0x2b, 0x30), 0x7ffc257fcc20) = 0
3947817 ioctl(8, _IOC(_IOC_READ|_IOC_WRITE, 0x46, 0x2a, 0x20), 0x7ffc257fbb40) = 0
3947817 ioctl(8, _IOC(_IOC_READ|_IOC_WRITE, 0x46, 0x2a, 0x20), 0x7ffc257fbb90) = 0
3947817 ioctl(9, _IOC(_IOC_NONE, 0, 0x1b, 0), 0x7ffc257fd2d0) = 0
3947817 ioctl(9, _IOC(_IOC_NONE, 0, 0x1b, 0), 0x7ffc257fd2d0) = 0
3947817 ioctl(9, _IOC(_IOC_NONE, 0, 0x1b, 0), 0x7ffc257fd2d0) = 0
3947817 ioctl(9, _IOC(_IOC_NONE, 0, 0x1b, 0), 0x7ffc257fd2d0) = 0
3947817 ioctl(8, _IOC(_IOC_READ|_IOC_WRITE, 0x46, 0x2a, 0x20), 0x7ffc257fc1e0) = 0
3947817 openat(AT_FDCWD, "/dev/nvidia0", O_RDWR|O_CLOEXEC) = 33
3947817 ioctl(33, _IOC(_IOC_READ|_IOC_WRITE, 0x46, 0xc9, 0x4), 0x7ffc257fd1d0) = 0
3947817 ioctl(33, _IOC(_IOC_READ|_IOC_WRITE, 0x46, 0xce, 0x10), 0x7ffc257fd1c0) = 0
3947817 ioctl(33, _IOC(_IOC_READ|_IOC_WRITE, 0x46, 0x2b, 0x30), 0x7ffc257fd1b0) = 0
3947817 ioctl(8, _IOC(_IOC_READ|_IOC_WRITE, 0x46, 0x2b, 0x30), 0x7ffc257fc5b0) = 0
3947817 ioctl(8, _IOC(_IOC_READ|_IOC_WRITE, 0x46, 0x2a, 0x20), 0x7ffc257fb470) = 0
3947817 openat(AT_FDCWD, "/dev/nvidiactl", O_RDWR|O_CLOEXEC) = 35
3947817 ioctl(8, _IOC(_IOC_READ|_IOC_WRITE, 0x46, 0x4e, 0x38), 0x7ffc257fc630) = 0
3947817 close(35)                       = 0
3947817 ioctl(9, _IOC(_IOC_NONE, 0, 0x49, 0), 0x7ffc257fc290) = 0
3947817 ioctl(9, _IOC(_IOC_NONE, 0, 0x21, 0), 0x7ffc257f9e80) = 0
3947817 ioctl(8, _IOC(_IOC_READ|_IOC_WRITE, 0x46, 0x2a, 0x20), 0x7ffc257fbd90) = 0
3947817 ioctl(8, _IOC(_IOC_READ|_IOC_WRITE, 0x46, 0x2a, 0x20), 0x7ffc257fbae0) = 0
3947817 ioctl(8, _IOC(_IOC_READ|_IOC_WRITE, 0x46, 0x2b, 0x30), 0x7ffc257fc650) = 0
3947817 ioctl(9, _IOC(_IOC_NONE, 0, 0x49, 0), 0x7ffc257fc330) = 0
3947817 ioctl(9, _IOC(_IOC_NONE, 0, 0x21, 0), 0x7ffc257f9f20) = 0
3947817 ioctl(9, _IOC(_IOC_NONE, 0, 0x44, 0), 0x7ffc257f9de0) = 0
3947817 ioctl(9, _IOC(_IOC_NONE, 0, 0x48, 0), 0x7ffc257f98b0) = 0
3947817 ioctl(9, _IOC(_IOC_NONE, 0, 0x17, 0), 0x7ffc257fd400) = 0
3947817 ioctl(9, _IOC(_IOC_NONE, 0, 0x17, 0), 0x7ffc257fd400) = 0
3947817 ioctl(9, _IOC(_IOC_NONE, 0, 0x17, 0), 0x7ffc257fd400) = 0
3947817 ioctl(9, _IOC(_IOC_NONE, 0, 0x17, 0), 0x7ffc257fd400) = 0
3947817 ioctl(9, _IOC(_IOC_NONE, 0, 0x17, 0), 0x7ffc257fd400) = 0
3947817 ioctl(9, _IOC(_IOC_NONE, 0, 0x17, 0), 0x7ffc257fd400) = 0
3947817 ioctl(9, _IOC(_IOC_NONE, 0, 0x17, 0), 0x7ffc257fd400) = 0
3947817 ioctl(9, _IOC(_IOC_NONE, 0, 0x17, 0), 0x7ffc257fd400) = 0
3947817 ioctl(9, _IOC(_IOC_NONE, 0, 0x17, 0), 0x7ffc257fd400) = 0
3947817 ioctl(9, _IOC(_IOC_NONE, 0, 0x17, 0), 0x7ffc257fd400) = 0
3947817 ioctl(8, _IOC(_IOC_READ|_IOC_WRITE, 0x46, 0x2b, 0x30), 0x7ffc257fc490) = 0
3947817 ioctl(8, _IOC(_IOC_READ|_IOC_WRITE, 0x46, 0x2a, 0x20), 0x7ffc257fb350) = 0
3947817 openat(AT_FDCWD, "/dev/nvidiactl", O_RDWR|O_CLOEXEC) = 36
3947817 ioctl(8, _IOC(_IOC_READ|_IOC_WRITE, 0x46, 0x4e, 0x38), 0x7ffc257fc510) = 0
3947817 close(36)                       = 0
3947817 ioctl(9, _IOC(_IOC_NONE, 0, 0x49, 0), 0x7ffc257fc170) = 0
3947817 ioctl(9, _IOC(_IOC_NONE, 0, 0x21, 0), 0x7ffc257f9d60) = 0
3947817 ioctl(15, _IOC(_IOC_READ|_IOC_WRITE, 0x46, 0x27, 0x38), 0x7ffc257fc480) = 0
3947817 ioctl(9, _IOC(_IOC_NONE, 0, 0x49, 0), 0x7ffc257fc170) = 0
3947817 ioctl(9, _IOC(_IOC_NONE, 0, 0x21, 0), 0x7ffc257f9d60) = 0
3947817 ioctl(8, _IOC(_IOC_READ|_IOC_WRITE, 0x46, 0x2b, 0x30), 0x7ffc257fc7e0) = 0
3947817 ioctl(9, _IOC(_IOC_NONE, 0, 0x49, 0), 0x7ffc257fc4c0) = 0
3947817 ioctl(9, _IOC(_IOC_NONE, 0, 0x21, 0), 0x7ffc257fa0b0) = 0
3947817 ioctl(15, _IOC(_IOC_READ|_IOC_WRITE, 0x46, 0x27, 0x38), 0x7ffc257fc580) = 0
3947817 ioctl(9, _IOC(_IOC_NONE, 0, 0x49, 0), 0x7ffc257fc270) = 0
3947817 ioctl(9, _IOC(_IOC_NONE, 0, 0x21, 0), 0x7ffc257f9e60) = 0
3947817 ioctl(8, _IOC(_IOC_READ|_IOC_WRITE, 0x46, 0x2b, 0x30), 0x7ffc257fc590) = 0
3947817 ioctl(9, _IOC(_IOC_NONE, 0, 0x49, 0), 0x7ffc257fc270) = 0
3947817 ioctl(9, _IOC(_IOC_NONE, 0, 0x21, 0), 0x7ffc257f9e60) = 0
3947817 ioctl(9, _IOC(_IOC_NONE, 0, 0x41, 0), 0x7ffc257fc6a0) = 0
3947817 ioctl(15, _IOC(_IOC_READ|_IOC_WRITE, 0x46, 0x27, 0x38), 0x7ffc257fc9c0) = 0
3947817 ioctl(9, _IOC(_IOC_NONE, 0, 0x49, 0), 0x7ffc257fc6b0) = 0
3947817 ioctl(9, _IOC(_IOC_NONE, 0, 0x21, 0), 0x7ffc257fa2a0) = 0
3947817 ioctl(8, _IOC(_IOC_READ|_IOC_WRITE, 0x46, 0x2b, 0x30), 0x7ffc257fbe70) = 0
3947817 ioctl(9, _IOC(_IOC_NONE, 0, 0x49, 0), 0x7ffc257fbb50) = 0
3947817 ioctl(9, _IOC(_IOC_NONE, 0, 0x21, 0), 0x7ffc257f9740) = 0
3947817 ioctl(8, _IOC(_IOC_READ|_IOC_WRITE, 0x46, 0x2b, 0x30), 0x7ffc257fc790) = 0
3947817 ioctl(8, _IOC(_IOC_READ|_IOC_WRITE, 0x46, 0x2a, 0x20), 0x7ffc257fb650) = 0
3947817 openat(AT_FDCWD, "/dev/nvidiactl", O_RDWR|O_CLOEXEC) = 36
3947817 ioctl(8, _IOC(_IOC_READ|_IOC_WRITE, 0x46, 0x4e, 0x38), 0x7ffc257fc810) = 0
3947817 close(36)                       = 0
3947817 ioctl(9, _IOC(_IOC_NONE, 0, 0x49, 0), 0x7ffc257fc470) = 0
3947817 ioctl(9, _IOC(_IOC_NONE, 0, 0x21, 0), 0x7ffc257fa060) = 0
3947817 ioctl(8, _IOC(_IOC_READ|_IOC_WRITE, 0x46, 0x2b, 0x30), 0x7ffc257fb6a0) = 0
3947817 ioctl(9, _IOC(_IOC_NONE, 0, 0x49, 0), 0x7ffc257fb380) = 0
3947817 ioctl(9, _IOC(_IOC_NONE, 0, 0x21, 0), 0x7ffc257f8f70) = 0
3947817 ioctl(15, _IOC(_IOC_READ|_IOC_WRITE, 0x46, 0x27, 0x38), 0x7ffc257fc770) = 0
3947817 ioctl(9, _IOC(_IOC_NONE, 0, 0x49, 0), 0x7ffc257fc460) = 0
3947817 ioctl(9, _IOC(_IOC_NONE, 0, 0x21, 0), 0x7ffc257fa050) = 0
3947817 ioctl(8, _IOC(_IOC_READ|_IOC_WRITE, 0x46, 0x2b, 0x30), 0x7ffc257fd480) = 0
3947817 ioctl(8, _IOC(_IOC_READ|_IOC_WRITE, 0x46, 0x2b, 0x30), 0x7ffc257fc610) = 0
3947817 ioctl(8, _IOC(_IOC_READ|_IOC_WRITE, 0x46, 0x2a, 0x20), 0x7ffc257fb4d0) = 0
3947817 openat(AT_FDCWD, "/dev/nvidiactl", O_RDWR|O_CLOEXEC) = 36
3947817 ioctl(8, _IOC(_IOC_READ|_IOC_WRITE, 0x46, 0x4e, 0x38), 0x7ffc257fc690) = 0
3947817 close(36)                       = 0
3947817 ioctl(9, _IOC(_IOC_NONE, 0, 0x49, 0), 0x7ffc257fc2f0) = 0
3947817 ioctl(9, _IOC(_IOC_NONE, 0, 0x21, 0), 0x7ffc257f9ee0) = 0
3947817 ioctl(8, _IOC(_IOC_READ|_IOC_WRITE, 0x46, 0x2b, 0x30), 0x7ffc257fc750) = 0
3947817 ioctl(9, _IOC(_IOC_NONE, 0, 0x49, 0), 0x7ffc257fc430) = 0
3947817 ioctl(9, _IOC(_IOC_NONE, 0, 0x21, 0), 0x7ffc257fa020) = 0
3947817 ioctl(8, _IOC(_IOC_READ|_IOC_WRITE, 0x46, 0x2b, 0x30), 0x7ffc257fc750) = 0
3947817 ioctl(9, _IOC(_IOC_NONE, 0, 0x49, 0), 0x7ffc257fc430) = 0
3947817 ioctl(9, _IOC(_IOC_NONE, 0, 0x21, 0), 0x7ffc257fa020) = 0
3947817 openat(AT_FDCWD, "/dev/nvidia0", O_RDWR|O_CLOEXEC) = 36
3947817 ioctl(36, _IOC(_IOC_READ|_IOC_WRITE, 0x46, 0xc9, 0x4), 0x7ffc257fd330) = 0
3947817 ioctl(36, _IOC(_IOC_READ|_IOC_WRITE, 0x46, 0xce, 0x10), 0x7ffc257fd320) = 0
3947817 ioctl(36, _IOC(_IOC_READ|_IOC_WRITE, 0x46, 0x2b, 0x30), 0x7ffc257fd310) = 0
3947817 openat(AT_FDCWD, "/dev/nvidia0", O_RDWR|O_CLOEXEC) = 38
3947817 ioctl(38, _IOC(_IOC_READ|_IOC_WRITE, 0x46, 0xc9, 0x4), 0x7ffc257fd330) = 0
3947817 ioctl(38, _IOC(_IOC_READ|_IOC_WRITE, 0x46, 0xce, 0x10), 0x7ffc257fd320) = 0
3947817 ioctl(38, _IOC(_IOC_READ|_IOC_WRITE, 0x46, 0x2b, 0x30), 0x7ffc257fd310) = 0
3947817 openat(AT_FDCWD, "/dev/nvidia0", O_RDWR|O_CLOEXEC) = 40
3947817 ioctl(40, _IOC(_IOC_READ|_IOC_WRITE, 0x46, 0xc9, 0x4), 0x7ffc257fd330) = 0
3947817 ioctl(40, _IOC(_IOC_READ|_IOC_WRITE, 0x46, 0xce, 0x10), 0x7ffc257fd320) = 0
3947817 ioctl(40, _IOC(_IOC_READ|_IOC_WRITE, 0x46, 0x2b, 0x30), 0x7ffc257fd310) = 0
3947817 openat(AT_FDCWD, "/dev/nvidia0", O_RDWR|O_CLOEXEC) = 42
3947817 ioctl(42, _IOC(_IOC_READ|_IOC_WRITE, 0x46, 0xc9, 0x4), 0x7ffc257fd330) = 0
3947817 ioctl(42, _IOC(_IOC_READ|_IOC_WRITE, 0x46, 0xce, 0x10), 0x7ffc257fd320) = 0
3947817 ioctl(42, _IOC(_IOC_READ|_IOC_WRITE, 0x46, 0x2b, 0x30), 0x7ffc257fd310) = 0
3947817 ioctl(8, _IOC(_IOC_READ|_IOC_WRITE, 0x46, 0x2a, 0x20), 0x7ffc257fc280) = 0
3947817 ioctl(8, _IOC(_IOC_READ|_IOC_WRITE, 0x46, 0x2a, 0x20), 0x7ffc257fc330) = 0
3947817 ioctl(8, _IOC(_IOC_READ|_IOC_WRITE, 0x46, 0x2a, 0x20), 0x7ffc257fc3c0) = 0
3947817 ioctl(8, _IOC(_IOC_READ|_IOC_WRITE, 0x46, 0x2b, 0x30), 0x7ffc257fc730) = 0
3947817 ioctl(9, _IOC(_IOC_NONE, 0, 0x49, 0), 0x7ffc257fc410) = 0
3947817 ioctl(9, _IOC(_IOC_NONE, 0, 0x21, 0), 0x7ffc257fa000) = 0
3947817 ioctl(8, _IOC(_IOC_READ|_IOC_WRITE, 0x46, 0x2a, 0x20), 0x7ffc257fc3c0) = 0
3947817 openat(AT_FDCWD, "/proc/self/task/3947834/comm", O_WRONLY|O_CREAT|O_TRUNC, 0666) = 44
3947817 close(44)                       = 0
3947834 +++ exited with 0 +++
3947818 +++ exited with 0 +++
3947817 +++ exited with 0 +++
