3947753 openat(AT_FDCWD, "/usr/local/cuda/lib64/glibc-hwcaps/x86-64-v4/libcuda.so.1", O_RDONLY|O_CLOEXEC) = -1 ENOENT (No such file or directory)
3947753 openat(AT_FDCWD, "/usr/local/cuda/lib64/glibc-hwcaps/x86-64-v3/libcuda.so.1", O_RDONLY|O_CLOEXEC) = -1 ENOENT (No such file or directory)
3947753 openat(AT_FDCWD, "/usr/local/cuda/lib64/glibc-hwcaps/x86-64-v2/libcuda.so.1", O_RDONLY|O_CLOEXEC) = -1 ENOENT (No such file or directory)
3947753 openat(AT_FDCWD, "/usr/local/cuda/lib64/tls/haswell/avx512_1/x86_64/libcuda.so.1", O_RDONLY|O_CLOEXEC) = -1 ENOENT (No such file or directory)
3947753 openat(AT_FDCWD, "/usr/local/cuda/lib64/tls/haswell/avx512_1/libcuda.so.1", O_RDONLY|O_CLOEXEC) = -1 ENOENT (No such file or directory)
3947753 openat(AT_FDCWD, "/usr/local/cuda/lib64/tls/haswell/x86_64/libcuda.so.1", O_RDONLY|O_CLOEXEC) = -1 ENOENT (No such file or directory)
3947753 openat(AT_FDCWD, "/usr/local/cuda/lib64/tls/haswell/libcuda.so.1", O_RDONLY|O_CLOEXEC) = -1 ENOENT (No such file or directory)
3947753 openat(AT_FDCWD, "/usr/local/cuda/lib64/tls/avx512_1/x86_64/libcuda.so.1", O_RDONLY|O_CLOEXEC) = -1 ENOENT (No such file or directory)
3947753 openat(AT_FDCWD, "/usr/local/cuda/lib64/tls/avx512_1/libcuda.so.1", O_RDONLY|O_CLOEXEC) = -1 ENOENT (No such file or directory)
3947753 openat(AT_FDCWD, "/usr/local/cuda/lib64/tls/x86_64/libcuda.so.1", O_RDONLY|O_CLOEXEC) = -1 ENOENT (No such file or directory)
3947753 openat(AT_FDCWD, "/usr/local/cuda/lib64/tls/libcuda.so.1", O_RDONLY|O_CLOEXEC) = -1 ENOENT (No such file or directory)
3947753 openat(AT_FDCWD, "/usr/local/cuda/lib64/haswell/avx512_1/x86_64/libcuda.so.1", O_RDONLY|O_CLOEXEC) = -1 ENOENT (No such file or directory)
3947753 openat(AT_FDCWD, "/usr/local/cuda/lib64/haswell/avx512_1/libcuda.so.1", O_RDONLY|O_CLOEXEC) = -1 ENOENT (No such file or directory)
3947753 openat(AT_FDCWD, "/usr/local/cuda/lib64/haswell/x86_64/libcuda.so.1", O_RDONLY|O_CLOEXEC) = -1 ENOENT (No such file or directory)
3947753 openat(AT_FDCWD, "/usr/local/cuda/lib64/haswell/libcuda.so.1", O_RDONLY|O_CLOEXEC) = -1 ENOENT (No such file or directory)
3947753 openat(AT_FDCWD, "/usr/local/cuda/lib64/avx512_1/x86_64/libcuda.so.1", O_RDONLY|O_CLOEXEC) = -1 ENOENT (No such file or directory)
3947753 openat(AT_FDCWD, "/usr/local/cuda/lib64/avx512_1/libcuda.so.1", O_RDONLY|O_CLOEXEC) = -1 ENOENT (No such file or directory)
3947753 openat(AT_FDCWD, "/usr/local/cuda/lib64/x86_64/libcuda.so.1", O_RDONLY|O_CLOEXEC) = -1 ENOENT (No such file or directory)
3947753 openat(AT_FDCWD, "/usr/local/cuda/lib64/libcuda.so.1", O_RDONLY|O_CLOEXEC) = -1 ENOENT (No such file or directory)
3947753 openat(AT_FDCWD, "/usr/local/cuda-12.5/lib64/glibc-hwcaps/x86-64-v4/libcuda.so.1", O_RDONLY|O_CLOEXEC) = -1 ENOENT (No such file or directory)
3947753 openat(AT_FDCWD, "/usr/local/cuda-12.5/lib64/glibc-hwcaps/x86-64-v3/libcuda.so.1", O_RDONLY|O_CLOEXEC) = -1 ENOENT (No such file or directory)
3947753 openat(AT_FDCWD, "/usr/local/cuda-12.5/lib64/glibc-hwcaps/x86-64-v2/libcuda.so.1", O_RDONLY|O_CLOEXEC) = -1 ENOENT (No such file or directory)
3947753 openat(AT_FDCWD, "/usr/local/cuda-12.5/lib64/tls/haswell/avx512_1/x86_64/libcuda.so.1", O_RDONLY|O_CLOEXEC) = -1 ENOENT (No such file or directory)
3947753 openat(AT_FDCWD, "/usr/local/cuda-12.5/lib64/tls/haswell/avx512_1/libcuda.so.1", O_RDONLY|O_CLOEXEC) = -1 ENOENT (No such file or directory)
3947753 openat(AT_FDCWD, "/usr/local/cuda-12.5/lib64/tls/haswell/x86_64/libcuda.so.1", O_RDONLY|O_CLOEXEC) = -1 ENOENT (No such file or directory)
3947753 openat(AT_FDCWD, "/usr/local/cuda-12.5/lib64/tls/haswell/libcuda.so.1", O_RDONLY|O_CLOEXEC) = -1 ENOENT (No such file or directory)
3947753 openat(AT_FDCWD, "/usr/local/cuda-12.5/lib64/tls/avx512_1/x86_64/libcuda.so.1", O_RDONLY|O_CLOEXEC) = -1 ENOENT (No such file or directory)
3947753 openat(AT_FDCWD, "/usr/local/cuda-12.5/lib64/tls/avx512_1/libcuda.so.1", O_RDONLY|O_CLOEXEC) = -1 ENOENT (No such file or directory)
3947753 openat(AT_FDCWD, "/usr/local/cuda-12.5/lib64/tls/x86_64/libcuda.so.1", O_RDONLY|O_CLOEXEC) = -1 ENOENT (No such file or directory)
3947753 openat(AT_FDCWD, "/usr/local/cuda-12.5/lib64/tls/libcuda.so.1", O_RDONLY|O_CLOEXEC) = -1 ENOENT (No such file or directory)
3947753 openat(AT_FDCWD, "/usr/local/cuda-12.5/lib64/haswell/avx512_1/x86_64/libcuda.so.1", O_RDONLY|O_CLOEXEC) = -1 ENOENT (No such file or directory)
3947753 openat(AT_FDCWD, "/usr/local/cuda-12.5/lib64/haswell/avx512_1/libcuda.so.1", O_RDONLY|O_CLOEXEC) = -1 ENOENT (No such file or directory)
3947753 openat(AT_FDCWD, "/usr/local/cuda-12.5/lib64/haswell/x86_64/libcuda.so.1", O_RDONLY|O_CLOEXEC) = -1 ENOENT (No such file or directory)
3947753 openat(AT_FDCWD, "/usr/local/cuda-12.5/lib64/haswell/libcuda.so.1", O_RDONLY|O_CLOEXEC) = -1 ENOENT (No such file or directory)
3947753 openat(AT_FDCWD, "/usr/local/cuda-12.5/lib64/avx512_1/x86_64/libcuda.so.1", O_RDONLY|O_CLOEXEC) = -1 ENOENT (No such file or directory)
3947753 openat(AT_FDCWD, "/usr/local/cuda-12.5/lib64/avx512_1/libcuda.so.1", O_RDONLY|O_CLOEXEC) = -1 ENOENT (No such file or directory)
3947753 openat(AT_FDCWD, "/usr/local/cuda-12.5/lib64/x86_64/libcuda.so.1", O_RDONLY|O_CLOEXEC) = -1 ENOENT (No such file or directory)
3947753 openat(AT_FDCWD, "/usr/local/cuda-12.5/lib64/libcuda.so.1", O_RDONLY|O_CLOEXEC) = -1 ENOENT (No such file or directory)
3947753 openat(AT_FDCWD, "/etc/ld.so.cache", O_RDONLY|O_CLOEXEC) = 3
3947753 close(3)                        = 0
3947753 openat(AT_FDCWD, "/lib/x86_64-linux-gnu/libcuda.so.1", O_RDONLY|O_CLOEXEC) = 3
3947753 close(3)                        = 0
3947753 openat(AT_FDCWD, "/usr/local/cuda-12.5/lib64/libc.so.6", O_RDONLY|O_CLOEXEC) = -1 ENOENT (No such file or directory)
3947753 openat(AT_FDCWD, "/lib/x86_64-linux-gnu/libc.so.6", O_RDONLY|O_CLOEXEC) = 3
3947753 close(3)                        = 0
3947753 openat(AT_FDCWD, "/usr/local/cuda-12.5/lib64/libm.so.6", O_RDONLY|O_CLOEXEC) = -1 ENOENT (No such file or directory)
3947753 openat(AT_FDCWD, "/lib/x86_64-linux-gnu/libm.so.6", O_RDONLY|O_CLOEXEC) = 3
3947753 close(3)                        = 0
3947753 openat(AT_FDCWD, "/usr/local/cuda-12.5/lib64/libdl.so.2", O_RDONLY|O_CLOEXEC) = -1 ENOENT (No such file or directory)
3947753 openat(AT_FDCWD, "/lib/x86_64-linux-gnu/libdl.so.2", O_RDONLY|O_CLOEXEC) = 3
3947753 close(3)                        = 0
3947753 openat(AT_FDCWD, "/usr/local/cuda-12.5/lib64/libpthread.so.0", O_RDONLY|O_CLOEXEC) = -1 ENOENT (No such file or directory)
3947753 openat(AT_FDCWD, "/lib/x86_64-linux-gnu/libpthread.so.0", O_RDONLY|O_CLOEXEC) = 3
3947753 close(3)                        = 0
3947753 openat(AT_FDCWD, "/usr/local/cuda-12.5/lib64/librt.so.1", O_RDONLY|O_CLOEXEC) = -1 ENOENT (No such file or directory)
3947753 openat(AT_FDCWD, "/lib/x86_64-linux-gnu/librt.so.1", O_RDONLY|O_CLOEXEC) = 3
3947753 close(3)                        = 0
3947753 openat(AT_FDCWD, "/sys/devices/system/cpu/online", O_RDONLY|O_CLOEXEC) = 3
3947753 close(3)                        = 0
3947753 openat(AT_FDCWD, "/sys/devices/system/cpu/online", O_RDONLY|O_CLOEXEC) = 3
3947753 close(3)                        = 0
3947753 openat(AT_FDCWD, "/proc/sys/vm/mmap_min_addr", O_RDONLY) = 3
3947753 close(3)                        = 0
3947753 openat(AT_FDCWD, "/proc/cpuinfo", O_RDONLY) = 3
3947753 close(3)                        = 0
3947753 openat(AT_FDCWD, "/proc/self/maps", O_RDONLY) = 3
3947753 close(3)                        = 0
3947753 openat(AT_FDCWD, "/sys/devices/system/cpu/online", O_RDONLY|O_CLOEXEC) = 3
3947753 close(3)                        = 0
3947753 openat(AT_FDCWD, "/proc/self/task/3947754/comm", O_WRONLY|O_CREAT|O_TRUNC, 0666) = 8
3947753 close(8)                        = 0
3947753 openat(AT_FDCWD, "/dev/shm/cuda_injection_path_shm", O_RDWR|O_NOFOLLOW|O_CLOEXEC) = -1 ENOENT (No such file or directory)
3947753 openat(AT_FDCWD, "/home/pulak/.nv/nvidia-application-profile-globals-rc", O_RDONLY) = -1 ENOENT (No such file or directory)
3947753 openat(AT_FDCWD, "/home/pulak/.nv/nvidia-application-profiles-rc", O_RDONLY) = -1 ENOENT (No such file or directory)
3947753 openat(AT_FDCWD, "/home/pulak/.nv/nvidia-application-profiles-rc.d", O_RDONLY) = -1 ENOENT (No such file or directory)
3947753 openat(AT_FDCWD, "/etc/nvidia/nvidia-application-profiles-rc", O_RDONLY) = -1 ENOENT (No such file or directory)
3947753 openat(AT_FDCWD, "/etc/nvidia/nvidia-application-profiles-rc.d/", O_RDONLY) = -1 ENOENT (No such file or directory)
3947753 openat(AT_FDCWD, "/usr/share/nvidia/nvidia-application-profiles-555.42.06-rc", O_RDONLY) = 8
3947753 close(8)                        = 0
3947753 openat(AT_FDCWD, "/usr/share/nvidia/nvidia-application-profiles-rc", O_RDONLY) = -1 ENOENT (No such file or directory)
3947753 openat(AT_FDCWD, "/proc/self/cmdline", O_RDONLY) = 8
3947753 close(8)                        = 0
3947753 close(8)                        = 0
3947753 openat(AT_FDCWD, "/proc/modules", O_RDONLY) = 8
3947753 close(8)                        = 0
3947753 openat(AT_FDCWD, "/proc/driver/nvidia/params", O_RDONLY) = 8
3947753 close(8)                        = 0
3947753 openat(AT_FDCWD, "/proc/driver/nvidia/params", O_RDONLY) = 8
3947753 close(8)                        = 0
3947753 openat(AT_FDCWD, "/dev/nvidiactl", O_RDWR) = 8
3947753 openat(AT_FDCWD, "/sys/devices/system/memory/block_size_bytes", O_RDONLY) = 9
3947753 close(9)                        = 0
3947753 ioctl(8, _IOC(_IOC_READ|_IOC_WRITE, 0x46, 0xd6, 0x8), 0x7ffeaa726350) = 0
3947753 ioctl(8, _IOC(_IOC_READ|_IOC_WRITE, 0x46, 0xc8, 0x900), 0x771cab31aae0) = 0
3947753 openat(AT_FDCWD, "/proc/driver/nvidia/params", O_RDONLY) = 9
3947753 close(9)                        = 0
3947753 ioctl(8, _IOC(_IOC_READ|_IOC_WRITE, 0x46, 0x2b, 0x20), 0x7ffeaa7264a0) = 0
3947753 ioctl(8, _IOC(_IOC_READ|_IOC_WRITE, 0x46, 0x2a, 0x20), 0x7ffeaa7253a0) = 0
3947753 ioctl(8, _IOC(_IOC_READ|_IOC_WRITE, 0x46, 0x29, 0x10), 0x7ffeaa726480) = 0
3947753 close(8)                        = 0
3947753 openat(AT_FDCWD, "/proc/modules", O_RDONLY) = 8
3947753 close(8)                        = 0
3947753 openat(AT_FDCWD, "/proc/driver/nvidia/params", O_RDONLY) = 8
3947753 close(8)                        = 0
3947753 openat(AT_FDCWD, "/proc/driver/nvidia/params", O_RDONLY) = 8
3947753 close(8)                        = 0
3947753 openat(AT_FDCWD, "/dev/nvidiactl", O_RDWR) = 8
3947753 openat(AT_FDCWD, "/sys/devices/system/memory/block_size_bytes", O_RDONLY) = 9
3947753 close(9)                        = 0
3947753 ioctl(8, _IOC(_IOC_READ|_IOC_WRITE, 0x46, 0xd6, 0x8), 0x7ffeaa726910) = 0
3947753 ioctl(8, _IOC(_IOC_READ|_IOC_WRITE, 0x46, 0xc8, 0x900), 0x771cab31aae0) = 0
3947753 openat(AT_FDCWD, "/proc/driver/nvidia/params", O_RDONLY) = 9
3947753 close(9)                        = 0
3947753 ioctl(8, _IOC(_IOC_READ|_IOC_WRITE, 0x46, 0x2b, 0x20), 0x7ffeaa726a60) = 0
3947753 ioctl(8, _IOC(_IOC_READ|_IOC_WRITE, 0x46, 0x2a, 0x20), 0x7ffeaa725920) = 0
3947753 ioctl(8, _IOC(_IOC_READ|_IOC_WRITE, 0x46, 0x2a, 0x20), 0x7ffeaa725920) = 0
3947753 ioctl(8, _IOC(_IOC_READ|_IOC_WRITE, 0x46, 0x2b, 0x30), 0x7ffeaa726a50) = 0
3947753 ioctl(8, _IOC(_IOC_READ|_IOC_WRITE, 0x46, 0x2a, 0x20), 0x7ffeaa725930) = 0
3947753 openat(AT_FDCWD, "/sys/devices/system/cpu/online", O_RDONLY|O_CLOEXEC) = 9
3947753 close(9)                        = 0
3947753 openat(AT_FDCWD, "/proc/self/status", O_RDONLY) = 9
3947753 close(9)                        = 0
3947753 openat(AT_FDCWD, "/sys/devices/system/node", O_RDONLY|O_NONBLOCK|O_CLOEXEC|O_DIRECTORY) = 9
3947753 openat(AT_FDCWD, "/sys/devices/system/node/node0/cpumap", O_RDONLY) = 10
3947753 close(10)                       = 0
3947753 openat(AT_FDCWD, "/sys/devices/system/node/node1/cpumap", O_RDONLY) = 10
3947753 close(10)                       = 0
3947753 close(9)                        = 0
3947753 openat(AT_FDCWD, "/proc/modules", O_RDONLY) = 9
3947753 close(9)                        = 0
3947753 openat(AT_FDCWD, "/proc/devices", O_RDONLY) = 9
3947753 close(9)                        = 0
3947753 openat(AT_FDCWD, "/dev/nvidia-uvm", O_RDWR|O_CLOEXEC) = 9
3947753 openat(AT_FDCWD, "/dev/nvidia-uvm", O_RDWR|O_CLOEXEC) = 10
3947753 ioctl(9, _IOC(_IOC_NONE, 0, 0x1, 0x3000), 0x7ffeaa726a60) = 0
3947753 ioctl(10, _IOC(_IOC_NONE, 0, 0x4b, 0), 0x7ffeaa726a60) = 0
3947753 ioctl(9, _IOC(_IOC_NONE, 0, 0x27, 0), 0x7ffeaa726a60) = 0
3947753 ioctl(8, _IOC(_IOC_READ|_IOC_WRITE, 0x46, 0x2a, 0x20), 0x7ffeaa723ad0) = 0
3947753 ioctl(8, _IOC(_IOC_READ|_IOC_WRITE, 0x46, 0x2a, 0x20), 0x7ffeaa723300) = 0
3947753 ioctl(8, _IOC(_IOC_READ|_IOC_WRITE, 0x46, 0x2a, 0x20), 0x7ffeaa723a10) = 0
3947753 openat(AT_FDCWD, "/proc/driver/nvidia/params", O_RDONLY) = 11
3947753 close(11)                       = 0
3947753 openat(AT_FDCWD, "/proc/driver/nvidia/params", O_RDONLY) = 11
3947753 close(11)                       = 0
3947753 openat(AT_FDCWD, "/dev/nvidia0", O_RDWR|O_CLOEXEC) = 11
3947753 ioctl(8, _IOC(_IOC_READ|_IOC_WRITE, 0x46, 0x2a, 0x20), 0x7ffeaa723a10) = 0
3947753 openat(AT_FDCWD, "/proc/driver/nvidia/params", O_RDONLY) = 12
3947753 close(12)                       = 0
3947753 openat(AT_FDCWD, "/proc/driver/nvidia/params", O_RDONLY) = 12
3947753 close(12)                       = 0
3947753 openat(AT_FDCWD, "/dev/nvidia1", O_RDWR|O_CLOEXEC) = 12
3947753 ioctl(8, _IOC(_IOC_READ|_IOC_WRITE, 0x46, 0x2a, 0x20), 0x7ffeaa723a10) = 0
3947753 openat(AT_FDCWD, "/proc/driver/nvidia/params", O_RDONLY) = 13
3947753 close(13)                       = 0
3947753 openat(AT_FDCWD, "/proc/driver/nvidia/params", O_RDONLY) = 13
3947753 close(13)                       = 0
3947753 openat(AT_FDCWD, "/dev/nvidia2", O_RDWR|O_CLOEXEC) = 13
3947753 ioctl(8, _IOC(_IOC_READ|_IOC_WRITE, 0x46, 0x2a, 0x20), 0x7ffeaa723a10) = 0
3947753 openat(AT_FDCWD, "/proc/driver/nvidia/params", O_RDONLY) = 14
3947753 close(14)                       = 0
3947753 openat(AT_FDCWD, "/proc/driver/nvidia/params", O_RDONLY) = 14
3947753 close(14)                       = 0
3947753 openat(AT_FDCWD, "/dev/nvidia3", O_RDWR|O_CLOEXEC) = 14
3947753 ioctl(8, _IOC(_IOC_READ|_IOC_WRITE, 0x46, 0x2a, 0x20), 0x7ffeaa723bd0) = 0
3947753 ioctl(8, _IOC(_IOC_READ|_IOC_WRITE, 0x46, 0x2a, 0x20), 0x7ffeaa723bc0) = 0
3947753 ioctl(8, _IOC(_IOC_READ|_IOC_WRITE, 0x46, 0x29, 0x10), 0x7ffeaa724c60) = 0
3947753 ioctl(8, _IOC(_IOC_READ|_IOC_WRITE, 0x46, 0x2a, 0x20), 0x7ffeaa723a50) = 0
3947753 ioctl(8, _IOC(_IOC_READ|_IOC_WRITE, 0x46, 0x2a, 0x20), 0x7ffeaa723a50) = 0
3947753 openat(AT_FDCWD, "/proc/driver/nvidia/params", O_RDONLY) = 15
3947753 close(15)                       = 0
3947753 openat(AT_FDCWD, "/proc/driver/nvidia/params", O_RDONLY) = 15
3947753 close(15)                       = 0
3947753 openat(AT_FDCWD, "/dev/nvidia0", O_RDWR|O_CLOEXEC) = 15
3947753 ioctl(15, _IOC(_IOC_READ|_IOC_WRITE, 0x46, 0xc9, 0x4), 0x7ffeaa724bd0) = 0
3947753 ioctl(15, _IOC(_IOC_READ|_IOC_WRITE, 0x46, 0xd7, 0x230), 0x7ffeaa724950) = 0
3947753 ioctl(8, _IOC(_IOC_READ|_IOC_WRITE, 0x46, 0x2b, 0x30), 0x7ffeaa724ca0) = 0
3947753 ioctl(8, _IOC(_IOC_READ|_IOC_WRITE, 0x46, 0x2a, 0x20), 0x7ffeaa723bd0) = 0
3947753 ioctl(8, _IOC(_IOC_READ|_IOC_WRITE, 0x46, 0x2a, 0x20), 0x7ffeaa723a30) = 0
3947753 ioctl(8, _IOC(_IOC_READ|_IOC_WRITE, 0x46, 0x2a, 0x20), 0x7ffeaa723bd0) = 0
3947753 ioctl(8, _IOC(_IOC_READ|_IOC_WRITE, 0x46, 0x2a, 0x20), 0x7ffeaa723b40) = 0
3947753 ioctl(8, _IOC(_IOC_READ|_IOC_WRITE, 0x46, 0x2a, 0x20), 0x7ffeaa723a40) = 0
3947753 ioctl(8, _IOC(_IOC_READ|_IOC_WRITE, 0x46, 0x2a, 0x20), 0x7ffeaa723a40) = 0
3947753 openat(AT_FDCWD, "/proc/driver/nvidia/params", O_RDONLY) = 16
3947753 close(16)                       = 0
3947753 openat(AT_FDCWD, "/proc/driver/nvidia/params", O_RDONLY) = 16
3947753 close(16)                       = 0
3947753 openat(AT_FDCWD, "/dev/nvidia0", O_RDWR|O_CLOEXEC) = 16
3947753 ioctl(16, _IOC(_IOC_READ|_IOC_WRITE, 0x46, 0xc9, 0x4), 0x7ffeaa724bc0) = 0
3947753 ioctl(8, _IOC(_IOC_READ|_IOC_WRITE, 0x46, 0x2b, 0x30), 0x7ffeaa724cd0) = 0
3947753 ioctl(8, _IOC(_IOC_READ|_IOC_WRITE, 0x46, 0x2b, 0x30), 0x7ffeaa724cf0) = 0
3947753 ioctl(8, _IOC(_IOC_READ|_IOC_WRITE, 0x46, 0x2a, 0x20), 0x7ffeaa723a20) = 0
3947753 ioctl(8, _IOC(_IOC_READ|_IOC_WRITE, 0x46, 0x2a, 0x20), 0x7ffeaa723520) = 0
3947753 ioctl(8, _IOC(_IOC_READ|_IOC_WRITE, 0x46, 0x2a, 0x20), 0x7ffeaa723ad0) = 0
3947753 ioctl(8, _IOC(_IOC_READ|_IOC_WRITE, 0x46, 0x2a, 0x20), 0x7ffeaa723140) = 0
3947753 ioctl(8, _IOC(_IOC_READ|_IOC_WRITE, 0x46, 0x2a, 0x20), 0x7ffeaa722930) = 0
3947753 ioctl(8, _IOC(_IOC_READ|_IOC_WRITE, 0x46, 0x2a, 0x20), 0x7ffeaa722f80) = 0
3947753 ioctl(8, _IOC(_IOC_READ|_IOC_WRITE, 0x46, 0x2a, 0x20), 0x7ffeaa7237f0) = 0
3947753 ioctl(8, _IOC(_IOC_READ|_IOC_WRITE, 0x46, 0x2a, 0x20), 0x7ffeaa7239c0) = 0
3947753 ioctl(8, _IOC(_IOC_READ|_IOC_WRITE, 0x46, 0x2a, 0x20), 0x7ffeaa7236b0) = 0
3947753 ioctl(8, _IOC(_IOC_READ|_IOC_WRITE, 0x46, 0x2a, 0x20), 0x7ffeaa7236b0) = 0
3947753 ioctl(8, _IOC(_IOC_READ|_IOC_WRITE, 0x46, 0x2a, 0x20), 0x7ffeaa7236b0) = 0
3947753 ioctl(8, _IOC(_IOC_READ|_IOC_WRITE, 0x46, 0x2a, 0x20), 0x7ffeaa7236b0) = 0
3947753 ioctl(8, _IOC(_IOC_READ|_IOC_WRITE, 0x46, 0x2a, 0x20), 0x7ffeaa7236b0) = 0
3947753 ioctl(8, _IOC(_IOC_READ|_IOC_WRITE, 0x46, 0x2a, 0x20), 0x7ffeaa723500) = 0
3947753 ioctl(8, _IOC(_IOC_READ|_IOC_WRITE, 0x46, 0x2a, 0x20), 0x7ffeaa723810) = 0
3947753 ioctl(8, _IOC(_IOC_READ|_IOC_WRITE, 0x46, 0x2a, 0x20), 0x7ffeaa7238b0) = 0
3947753 ioctl(8, _IOC(_IOC_READ|_IOC_WRITE, 0x46, 0x2a, 0x20), 0x7ffeaa7239c0) = 0
3947753 ioctl(8, _IOC(_IOC_READ|_IOC_WRITE, 0x46, 0x2a, 0x20), 0x7ffeaa7239c0) = 0
3947753 openat(AT_FDCWD, "/dev/nvidia0", O_RDWR|O_CLOEXEC) = 17
3947753 ioctl(17, _IOC(_IOC_READ|_IOC_WRITE, 0x46, 0xc9, 0x4), 0x7ffeaa724a80) = 0
3947753 ioctl(17, _IOC(_IOC_READ|_IOC_WRITE, 0x46, 0xce, 0x10), 0x7ffeaa724a70) = 0
3947753 ioctl(8, _IOC(_IOC_READ|_IOC_WRITE, 0x46, 0x2a, 0x20), 0x7ffeaa723710) = 0
3947753 ioctl(8, _IOC(_IOC_READ|_IOC_WRITE, 0x46, 0x2a, 0x20), 0x7ffeaa7238f0) = 0
3947753 ioctl(8, _IOC(_IOC_READ|_IOC_WRITE, 0x46, 0x2a, 0x20), 0x7ffeaa7238f0) = 0
3947753 ioctl(8, _IOC(_IOC_READ|_IOC_WRITE, 0x46, 0x2a, 0x20), 0x7ffeaa7238f0) = 0
3947753 ioctl(8, _IOC(_IOC_READ|_IOC_WRITE, 0x46, 0x2a, 0x20), 0x7ffeaa7238f0) = 0
3947753 ioctl(8, _IOC(_IOC_READ|_IOC_WRITE, 0x46, 0x2a, 0x20), 0x7ffeaa7238f0) = 0
3947753 ioctl(8, _IOC(_IOC_READ|_IOC_WRITE, 0x46, 0x2a, 0x20), 0x7ffeaa7238f0) = 0
3947753 ioctl(8, _IOC(_IOC_READ|_IOC_WRITE, 0x46, 0x2a, 0x20), 0x7ffeaa7238f0) = 0
3947753 ioctl(8, _IOC(_IOC_READ|_IOC_WRITE, 0x46, 0x2a, 0x20), 0x7ffeaa7238e0) = 0
3947753 ioctl(8, _IOC(_IOC_READ|_IOC_WRITE, 0x46, 0x2a, 0x20), 0x7ffeaa723860) = 0
3947753 ioctl(8, _IOC(_IOC_READ|_IOC_WRITE, 0x46, 0x2a, 0x20), 0x7ffeaa7237f0) = 0
3947753 ioctl(8, _IOC(_IOC_READ|_IOC_WRITE, 0x46, 0x2a, 0x20), 0x7ffeaa721340) = 0
3947753 ioctl(8, _IOC(_IOC_READ|_IOC_WRITE, 0x46, 0x2a, 0x20), 0x7ffeaa7223f0) = 0
3947753 ioctl(8, _IOC(_IOC_READ|_IOC_WRITE, 0x46, 0x2a, 0x20), 0x7ffeaa7239f0) = 0
3947753 ioctl(8, _IOC(_IOC_READ|_IOC_WRITE, 0x46, 0x2a, 0x20), 0x7ffeaa723840) = 0
3947753 ioctl(8, _IOC(_IOC_READ|_IOC_WRITE, 0x46, 0x2b, 0x30), 0x7ffeaa724a60) = 0
3947753 ioctl(8, _IOC(_IOC_READ|_IOC_WRITE, 0x46, 0x2a, 0x20), 0x7ffeaa723830) = 0
3947753 openat(AT_FDCWD, "/dev/nvidia0", O_RDWR|O_CLOEXEC) = 18
3947753 ioctl(8, _IOC(_IOC_READ|_IOC_WRITE, 0x46, 0x4e, 0x38), 0x7ffeaa7249f0) = 0
3947753 close(18)                       = 0
3947753 ioctl(8, _IOC(_IOC_READ|_IOC_WRITE, 0x46, 0x2b, 0x30), 0x7ffeaa724a70) = 0
3947753 ioctl(8, _IOC(_IOC_READ|_IOC_WRITE, 0x46, 0x2a, 0x20), 0x7ffeaa7239f0) = 0
3947753 ioctl(8, _IOC(_IOC_READ|_IOC_WRITE, 0x46, 0x2a, 0x20), 0x7ffeaa723990) = 0
3947753 ioctl(8, _IOC(_IOC_READ|_IOC_WRITE, 0x46, 0x2b, 0x30), 0x7ffeaa724ae0) = 0
3947753 ioctl(8, _IOC(_IOC_READ|_IOC_WRITE, 0x46, 0x2b, 0x30), 0x7ffeaa724ae0) = 0
3947753 ioctl(8, _IOC(_IOC_READ|_IOC_WRITE, 0x46, 0x2a, 0x20), 0x7ffeaa7239c0) = 0
3947753 ioctl(8, _IOC(_IOC_READ|_IOC_WRITE, 0x46, 0x2a, 0x20), 0x7ffeaa723920) = 0
3947753 ioctl(8, _IOC(_IOC_READ|_IOC_WRITE, 0x46, 0x2a, 0x20), 0x7ffeaa723920) = 0
3947753 ioctl(8, _IOC(_IOC_READ|_IOC_WRITE, 0x46, 0x2a, 0x20), 0x7ffeaa723a20) = 0
3947753 ioctl(8, _IOC(_IOC_READ|_IOC_WRITE, 0x46, 0x2a, 0x20), 0x7ffeaa7238e0) = 0
3947753 openat(AT_FDCWD, "/sys/bus/pci/devices/0000:17:00.0/numa_node", O_RDONLY) = 18
3947753 close(18)                       = 0
3947753 ioctl(8, _IOC(_IOC_READ|_IOC_WRITE, 0x46, 0x2a, 0x20), 0x7ffeaa723bc0) = 0
3947753 ioctl(8, _IOC(_IOC_READ|_IOC_WRITE, 0x46, 0x29, 0x10), 0x7ffeaa724c60) = 0
3947753 ioctl(8, _IOC(_IOC_READ|_IOC_WRITE, 0x46, 0x2a, 0x20), 0x7ffeaa723a50) = 0
3947753 ioctl(8, _IOC(_IOC_READ|_IOC_WRITE, 0x46, 0x2a, 0x20), 0x7ffeaa723a50) = 0
3947753 ioctl(8, _IOC(_IOC_READ|_IOC_WRITE, 0x46, 0x2a, 0x20), 0x7ffeaa723a50) = 0
3947753 openat(AT_FDCWD, "/proc/driver/nvidia/params", O_RDONLY) = 18
3947753 close(18)                       = 0
3947753 openat(AT_FDCWD, "/proc/driver/nvidia/params", O_RDONLY) = 18
3947753 close(18)                       = 0
3947753 openat(AT_FDCWD, "/dev/nvidia1", O_RDWR|O_CLOEXEC) = 18
3947753 ioctl(18, _IOC(_IOC_READ|_IOC_WRITE, 0x46, 0xc9, 0x4), 0x7ffeaa724bd0) = 0
3947753 ioctl(18, _IOC(_IOC_READ|_IOC_WRITE, 0x46, 0xd7, 0x230), 0x7ffeaa724950) = 0
3947753 ioctl(8, _IOC(_IOC_READ|_IOC_WRITE, 0x46, 0x2b, 0x30), 0x7ffeaa724ca0) = 0
3947753 ioctl(8, _IOC(_IOC_READ|_IOC_WRITE, 0x46, 0x2a, 0x20), 0x7ffeaa723bd0) = 0
3947753 ioctl(8, _IOC(_IOC_READ|_IOC_WRITE, 0x46, 0x2a, 0x20), 0x7ffeaa723a30) = 0
3947753 ioctl(8, _IOC(_IOC_READ|_IOC_WRITE, 0x46, 0x2a, 0x20), 0x7ffeaa723bd0) = 0
3947753 ioctl(8, _IOC(_IOC_READ|_IOC_WRITE, 0x46, 0x2a, 0x20), 0x7ffeaa723b40) = 0
3947753 ioctl(8, _IOC(_IOC_READ|_IOC_WRITE, 0x46, 0x2a, 0x20), 0x7ffeaa723a40) = 0
3947753 ioctl(8, _IOC(_IOC_READ|_IOC_WRITE, 0x46, 0x2a, 0x20), 0x7ffeaa723a40) = 0
3947753 ioctl(8, _IOC(_IOC_READ|_IOC_WRITE, 0x46, 0x2a, 0x20), 0x7ffeaa723a40) = 0
3947753 openat(AT_FDCWD, "/proc/driver/nvidia/params", O_RDONLY) = 19
3947753 close(19)                       = 0
3947753 openat(AT_FDCWD, "/proc/driver/nvidia/params", O_RDONLY) = 19
3947753 close(19)                       = 0
3947753 openat(AT_FDCWD, "/dev/nvidia1", O_RDWR|O_CLOEXEC) = 19
3947753 ioctl(19, _IOC(_IOC_READ|_IOC_WRITE, 0x46, 0xc9, 0x4), 0x7ffeaa724bc0) = 0
3947753 ioctl(8, _IOC(_IOC_READ|_IOC_WRITE, 0x46, 0x2b, 0x30), 0x7ffeaa724cd0) = 0
3947753 ioctl(8, _IOC(_IOC_READ|_IOC_WRITE, 0x46, 0x2b, 0x30), 0x7ffeaa724cf0) = 0
3947753 ioctl(8, _IOC(_IOC_READ|_IOC_WRITE, 0x46, 0x2a, 0x20), 0x7ffeaa723a20) = 0
3947753 ioctl(8, _IOC(_IOC_READ|_IOC_WRITE, 0x46, 0x2a, 0x20), 0x7ffeaa723520) = 0
3947753 ioctl(8, _IOC(_IOC_READ|_IOC_WRITE, 0x46, 0x2a, 0x20), 0x7ffeaa723ad0) = 0
3947753 ioctl(8, _IOC(_IOC_READ|_IOC_WRITE, 0x46, 0x2a, 0x20), 0x7ffeaa723140) = 0
3947753 ioctl(8, _IOC(_IOC_READ|_IOC_WRITE, 0x46, 0x2a, 0x20), 0x7ffeaa722930) = 0
3947753 ioctl(8, _IOC(_IOC_READ|_IOC_WRITE, 0x46, 0x2a, 0x20), 0x7ffeaa722f80) = 0
3947753 ioctl(8, _IOC(_IOC_READ|_IOC_WRITE, 0x46, 0x2a, 0x20), 0x7ffeaa7237f0) = 0
3947753 ioctl(8, _IOC(_IOC_READ|_IOC_WRITE, 0x46, 0x2a, 0x20), 0x7ffeaa7239c0) = 0
3947753 ioctl(8, _IOC(_IOC_READ|_IOC_WRITE, 0x46, 0x2a, 0x20), 0x7ffeaa7236b0) = 0
3947753 ioctl(8, _IOC(_IOC_READ|_IOC_WRITE, 0x46, 0x2a, 0x20), 0x7ffeaa7236b0) = 0
3947753 ioctl(8, _IOC(_IOC_READ|_IOC_WRITE, 0x46, 0x2a, 0x20), 0x7ffeaa7236b0) = 0
3947753 ioctl(8, _IOC(_IOC_READ|_IOC_WRITE, 0x46, 0x2a, 0x20), 0x7ffeaa7236b0) = 0
3947753 ioctl(8, _IOC(_IOC_READ|_IOC_WRITE, 0x46, 0x2a, 0x20), 0x7ffeaa7236b0) = 0
3947753 ioctl(8, _IOC(_IOC_READ|_IOC_WRITE, 0x46, 0x2a, 0x20), 0x7ffeaa723500) = 0
3947753 ioctl(8, _IOC(_IOC_READ|_IOC_WRITE, 0x46, 0x2a, 0x20), 0x7ffeaa723810) = 0
3947753 ioctl(8, _IOC(_IOC_READ|_IOC_WRITE, 0x46, 0x2a, 0x20), 0x7ffeaa7238b0) = 0
3947753 ioctl(8, _IOC(_IOC_READ|_IOC_WRITE, 0x46, 0x2a, 0x20), 0x7ffeaa7239c0) = 0
3947753 ioctl(8, _IOC(_IOC_READ|_IOC_WRITE, 0x46, 0x2a, 0x20), 0x7ffeaa7239c0) = 0
3947753 openat(AT_FDCWD, "/dev/nvidia1", O_RDWR|O_CLOEXEC) = 20
3947753 ioctl(20, _IOC(_IOC_READ|_IOC_WRITE, 0x46, 0xc9, 0x4), 0x7ffeaa724a80) = 0
3947753 ioctl(20, _IOC(_IOC_READ|_IOC_WRITE, 0x46, 0xce, 0x10), 0x7ffeaa724a70) = 0
3947753 ioctl(8, _IOC(_IOC_READ|_IOC_WRITE, 0x46, 0x2a, 0x20), 0x7ffeaa723710) = 0
3947753 ioctl(8, _IOC(_IOC_READ|_IOC_WRITE, 0x46, 0x2a, 0x20), 0x7ffeaa7238f0) = 0
3947753 ioctl(8, _IOC(_IOC_READ|_IOC_WRITE, 0x46, 0x2a, 0x20), 0x7ffeaa7238f0) = 0
3947753 ioctl(8, _IOC(_IOC_READ|_IOC_WRITE, 0x46, 0x2a, 0x20), 0x7ffeaa7238f0) = 0
3947753 ioctl(8, _IOC(_IOC_READ|_IOC_WRITE, 0x46, 0x2a, 0x20), 0x7ffeaa7238f0) = 0
3947753 ioctl(8, _IOC(_IOC_READ|_IOC_WRITE, 0x46, 0x2a, 0x20), 0x7ffeaa7238f0) = 0
3947753 ioctl(8, _IOC(_IOC_READ|_IOC_WRITE, 0x46, 0x2a, 0x20), 0x7ffeaa7238f0) = 0
3947753 ioctl(8, _IOC(_IOC_READ|_IOC_WRITE, 0x46, 0x2a, 0x20), 0x7ffeaa7238f0) = 0
3947753 ioctl(8, _IOC(_IOC_READ|_IOC_WRITE, 0x46, 0x2a, 0x20), 0x7ffeaa7238e0) = 0
3947753 ioctl(8, _IOC(_IOC_READ|_IOC_WRITE, 0x46, 0x2a, 0x20), 0x7ffeaa723860) = 0
3947753 ioctl(8, _IOC(_IOC_READ|_IOC_WRITE, 0x46, 0x2a, 0x20), 0x7ffeaa7237f0) = 0
3947753 ioctl(8, _IOC(_IOC_READ|_IOC_WRITE, 0x46, 0x2a, 0x20), 0x7ffeaa721340) = 0
3947753 ioctl(8, _IOC(_IOC_READ|_IOC_WRITE, 0x46, 0x2a, 0x20), 0x7ffeaa7223f0) = 0
3947753 ioctl(8, _IOC(_IOC_READ|_IOC_WRITE, 0x46, 0x2a, 0x20), 0x7ffeaa7239f0) = 0
3947753 ioctl(8, _IOC(_IOC_READ|_IOC_WRITE, 0x46, 0x2a, 0x20), 0x7ffeaa723840) = 0
3947753 ioctl(8, _IOC(_IOC_READ|_IOC_WRITE, 0x46, 0x2b, 0x30), 0x7ffeaa724a60) = 0
3947753 ioctl(8, _IOC(_IOC_READ|_IOC_WRITE, 0x46, 0x2a, 0x20), 0x7ffeaa723830) = 0
3947753 openat(AT_FDCWD, "/dev/nvidia1", O_RDWR|O_CLOEXEC) = 21
3947753 ioctl(8, _IOC(_IOC_READ|_IOC_WRITE, 0x46, 0x4e, 0x38), 0x7ffeaa7249f0) = 0
3947753 close(21)                       = 0
3947753 ioctl(8, _IOC(_IOC_READ|_IOC_WRITE, 0x46, 0x2b, 0x30), 0x7ffeaa724a70) = 0
3947753 ioctl(8, _IOC(_IOC_READ|_IOC_WRITE, 0x46, 0x2a, 0x20), 0x7ffeaa7239f0) = 0
3947753 ioctl(8, _IOC(_IOC_READ|_IOC_WRITE, 0x46, 0x2a, 0x20), 0x7ffeaa723990) = 0
3947753 ioctl(8, _IOC(_IOC_READ|_IOC_WRITE, 0x46, 0x2b, 0x30), 0x7ffeaa724ae0) = 0
3947753 ioctl(8, _IOC(_IOC_READ|_IOC_WRITE, 0x46, 0x2b, 0x30), 0x7ffeaa724ae0) = 0
3947753 ioctl(8, _IOC(_IOC_READ|_IOC_WRITE, 0x46, 0x2a, 0x20), 0x7ffeaa7239c0) = 0
3947753 ioctl(8, _IOC(_IOC_READ|_IOC_WRITE, 0x46, 0x2a, 0x20), 0x7ffeaa723920) = 0
3947753 ioctl(8, _IOC(_IOC_READ|_IOC_WRITE, 0x46, 0x2a, 0x20), 0x7ffeaa723920) = 0
3947753 ioctl(8, _IOC(_IOC_READ|_IOC_WRITE, 0x46, 0x2a, 0x20), 0x7ffeaa723a20) = 0
3947753 ioctl(8, _IOC(_IOC_READ|_IOC_WRITE, 0x46, 0x2a, 0x20), 0x7ffeaa7238e0) = 0
3947753 openat(AT_FDCWD, "/sys/bus/pci/devices/0000:65:00.0/numa_node", O_RDONLY) = 21
3947753 close(21)                       = 0
3947753 ioctl(8, _IOC(_IOC_READ|_IOC_WRITE, 0x46, 0x2a, 0x20), 0x7ffeaa723bc0) = 0
3947753 ioctl(8, _IOC(_IOC_READ|_IOC_WRITE, 0x46, 0x29, 0x10), 0x7ffeaa724c60) = 0
3947753 ioctl(8, _IOC(_IOC_READ|_IOC_WRITE, 0x46, 0x2a, 0x20), 0x7ffeaa723a50) = 0
3947753 ioctl(8, _IOC(_IOC_READ|_IOC_WRITE, 0x46, 0x2a, 0x20), 0x7ffeaa723a50) = 0
3947753 ioctl(8, _IOC(_IOC_READ|_IOC_WRITE, 0x46, 0x2a, 0x20), 0x7ffeaa723a50) = 0
3947753 ioctl(8, _IOC(_IOC_READ|_IOC_WRITE, 0x46, 0x2a, 0x20), 0x7ffeaa723a50) = 0
3947753 openat(AT_FDCWD, "/proc/driver/nvidia/params", O_RDONLY) = 21
3947753 close(21)                       = 0
3947753 openat(AT_FDCWD, "/proc/driver/nvidia/params", O_RDONLY) = 21
3947753 close(21)                       = 0
3947753 openat(AT_FDCWD, "/dev/nvidia2", O_RDWR|O_CLOEXEC) = 21
3947753 ioctl(21, _IOC(_IOC_READ|_IOC_WRITE, 0x46, 0xc9, 0x4), 0x7ffeaa724bd0) = 0
3947753 ioctl(21, _IOC(_IOC_READ|_IOC_WRITE, 0x46, 0xd7, 0x230), 0x7ffeaa724950) = 0
3947753 ioctl(8, _IOC(_IOC_READ|_IOC_WRITE, 0x46, 0x2b, 0x30), 0x7ffeaa724ca0) = 0
3947753 ioctl(8, _IOC(_IOC_READ|_IOC_WRITE, 0x46, 0x2a, 0x20), 0x7ffeaa723bd0) = 0
3947753 ioctl(8, _IOC(_IOC_READ|_IOC_WRITE, 0x46, 0x2a, 0x20), 0x7ffeaa723a30) = 0
3947753 ioctl(8, _IOC(_IOC_READ|_IOC_WRITE, 0x46, 0x2a, 0x20), 0x7ffeaa723bd0) = 0
3947753 ioctl(8, _IOC(_IOC_READ|_IOC_WRITE, 0x46, 0x2a, 0x20), 0x7ffeaa723b40) = 0
3947753 ioctl(8, _IOC(_IOC_READ|_IOC_WRITE, 0x46, 0x2a, 0x20), 0x7ffeaa723a40) = 0
3947753 ioctl(8, _IOC(_IOC_READ|_IOC_WRITE, 0x46, 0x2a, 0x20), 0x7ffeaa723a40) = 0
3947753 ioctl(8, _IOC(_IOC_READ|_IOC_WRITE, 0x46, 0x2a, 0x20), 0x7ffeaa723a40) = 0
3947753 ioctl(8, _IOC(_IOC_READ|_IOC_WRITE, 0x46, 0x2a, 0x20), 0x7ffeaa723a40) = 0
3947753 openat(AT_FDCWD, "/proc/driver/nvidia/params", O_RDONLY) = 22
3947753 close(22)                       = 0
3947753 openat(AT_FDCWD, "/proc/driver/nvidia/params", O_RDONLY) = 22
3947753 close(22)                       = 0
3947753 openat(AT_FDCWD, "/dev/nvidia2", O_RDWR|O_CLOEXEC) = 22
3947753 ioctl(22, _IOC(_IOC_READ|_IOC_WRITE, 0x46, 0xc9, 0x4), 0x7ffeaa724bc0) = 0
3947753 ioctl(8, _IOC(_IOC_READ|_IOC_WRITE, 0x46, 0x2b, 0x30), 0x7ffeaa724cd0) = 0
3947753 ioctl(8, _IOC(_IOC_READ|_IOC_WRITE, 0x46, 0x2b, 0x30), 0x7ffeaa724cf0) = 0
3947753 ioctl(8, _IOC(_IOC_READ|_IOC_WRITE, 0x46, 0x2a, 0x20), 0x7ffeaa723a20) = 0
3947753 ioctl(8, _IOC(_IOC_READ|_IOC_WRITE, 0x46, 0x2a, 0x20), 0x7ffeaa723520) = 0
3947753 ioctl(8, _IOC(_IOC_READ|_IOC_WRITE, 0x46, 0x2a, 0x20), 0x7ffeaa723ad0) = 0
3947753 ioctl(8, _IOC(_IOC_READ|_IOC_WRITE, 0x46, 0x2a, 0x20), 0x7ffeaa723140) = 0
3947753 ioctl(8, _IOC(_IOC_READ|_IOC_WRITE, 0x46, 0x2a, 0x20), 0x7ffeaa722930) = 0
3947753 ioctl(8, _IOC(_IOC_READ|_IOC_WRITE, 0x46, 0x2a, 0x20), 0x7ffeaa722f80) = 0
3947753 ioctl(8, _IOC(_IOC_READ|_IOC_WRITE, 0x46, 0x2a, 0x20), 0x7ffeaa7237f0) = 0
3947753 ioctl(8, _IOC(_IOC_READ|_IOC_WRITE, 0x46, 0x2a, 0x20), 0x7ffeaa7239c0) = 0
3947753 ioctl(8, _IOC(_IOC_READ|_IOC_WRITE, 0x46, 0x2a, 0x20), 0x7ffeaa7236b0) = 0
3947753 ioctl(8, _IOC(_IOC_READ|_IOC_WRITE, 0x46, 0x2a, 0x20), 0x7ffeaa7236b0) = 0
3947753 ioctl(8, _IOC(_IOC_READ|_IOC_WRITE, 0x46, 0x2a, 0x20), 0x7ffeaa7236b0) = 0
3947753 ioctl(8, _IOC(_IOC_READ|_IOC_WRITE, 0x46, 0x2a, 0x20), 0x7ffeaa7236b0) = 0
3947753 ioctl(8, _IOC(_IOC_READ|_IOC_WRITE, 0x46, 0x2a, 0x20), 0x7ffeaa7236b0) = 0
3947753 ioctl(8, _IOC(_IOC_READ|_IOC_WRITE, 0x46, 0x2a, 0x20), 0x7ffeaa723500) = 0
3947753 ioctl(8, _IOC(_IOC_READ|_IOC_WRITE, 0x46, 0x2a, 0x20), 0x7ffeaa723810) = 0
3947753 ioctl(8, _IOC(_IOC_READ|_IOC_WRITE, 0x46, 0x2a, 0x20), 0x7ffeaa7238b0) = 0
3947753 ioctl(8, _IOC(_IOC_READ|_IOC_WRITE, 0x46, 0x2a, 0x20), 0x7ffeaa7239c0) = 0
3947753 ioctl(8, _IOC(_IOC_READ|_IOC_WRITE, 0x46, 0x2a, 0x20), 0x7ffeaa7239c0) = 0
3947753 openat(AT_FDCWD, "/dev/nvidia2", O_RDWR|O_CLOEXEC) = 23
3947753 ioctl(23, _IOC(_IOC_READ|_IOC_WRITE, 0x46, 0xc9, 0x4), 0x7ffeaa724a80) = 0
3947753 ioctl(23, _IOC(_IOC_READ|_IOC_WRITE, 0x46, 0xce, 0x10), 0x7ffeaa724a70) = 0
3947753 ioctl(8, _IOC(_IOC_READ|_IOC_WRITE, 0x46, 0x2a, 0x20), 0x7ffeaa723710) = 0
3947753 ioctl(8, _IOC(_IOC_READ|_IOC_WRITE, 0x46, 0x2a, 0x20), 0x7ffeaa7238f0) = 0
3947753 ioctl(8, _IOC(_IOC_READ|_IOC_WRITE, 0x46, 0x2a, 0x20), 0x7ffeaa7238f0) = 0
3947753 ioctl(8, _IOC(_IOC_READ|_IOC_WRITE, 0x46, 0x2a, 0x20), 0x7ffeaa7238f0) = 0
3947753 ioctl(8, _IOC(_IOC_READ|_IOC_WRITE, 0x46, 0x2a, 0x20), 0x7ffeaa7238f0) = 0
3947753 ioctl(8, _IOC(_IOC_READ|_IOC_WRITE, 0x46, 0x2a, 0x20), 0x7ffeaa7238f0) = 0
3947753 ioctl(8, _IOC(_IOC_READ|_IOC_WRITE, 0x46, 0x2a, 0x20), 0x7ffeaa7238f0) = 0
3947753 ioctl(8, _IOC(_IOC_READ|_IOC_WRITE, 0x46, 0x2a, 0x20), 0x7ffeaa7238f0) = 0
3947753 ioctl(8, _IOC(_IOC_READ|_IOC_WRITE, 0x46, 0x2a, 0x20), 0x7ffeaa7238e0) = 0
3947753 ioctl(8, _IOC(_IOC_READ|_IOC_WRITE, 0x46, 0x2a, 0x20), 0x7ffeaa723860) = 0
3947753 ioctl(8, _IOC(_IOC_READ|_IOC_WRITE, 0x46, 0x2a, 0x20), 0x7ffeaa7237f0) = 0
3947753 ioctl(8, _IOC(_IOC_READ|_IOC_WRITE, 0x46, 0x2a, 0x20), 0x7ffeaa721340) = 0
3947753 ioctl(8, _IOC(_IOC_READ|_IOC_WRITE, 0x46, 0x2a, 0x20), 0x7ffeaa7223f0) = 0
3947753 ioctl(8, _IOC(_IOC_READ|_IOC_WRITE, 0x46, 0x2a, 0x20), 0x7ffeaa7239f0) = 0
3947753 ioctl(8, _IOC(_IOC_READ|_IOC_WRITE, 0x46, 0x2a, 0x20), 0x7ffeaa723840) = 0
3947753 ioctl(8, _IOC(_IOC_READ|_IOC_WRITE, 0x46, 0x2b, 0x30), 0x7ffeaa724a60) = 0
3947753 ioctl(8, _IOC(_IOC_READ|_IOC_WRITE, 0x46, 0x2a, 0x20), 0x7ffeaa723830) = 0
3947753 openat(AT_FDCWD, "/dev/nvidia2", O_RDWR|O_CLOEXEC) = 24
3947753 ioctl(8, _IOC(_IOC_READ|_IOC_WRITE, 0x46, 0x4e, 0x38), 0x7ffeaa7249f0) = 0
3947753 close(24)                       = 0
3947753 ioctl(8, _IOC(_IOC_READ|_IOC_WRITE, 0x46, 0x2b, 0x30), 0x7ffeaa724a70) = 0
3947753 ioctl(8, _IOC(_IOC_READ|_IOC_WRITE, 0x46, 0x2a, 0x20), 0x7ffeaa7239f0) = 0
3947753 ioctl(8, _IOC(_IOC_READ|_IOC_WRITE, 0x46, 0x2a, 0x20), 0x7ffeaa723990) = 0
3947753 ioctl(8, _IOC(_IOC_READ|_IOC_WRITE, 0x46, 0x2b, 0x30), 0x7ffeaa724ae0) = 0
3947753 ioctl(8, _IOC(_IOC_READ|_IOC_WRITE, 0x46, 0x2b, 0x30), 0x7ffeaa724ae0) = 0
3947753 ioctl(8, _IOC(_IOC_READ|_IOC_WRITE, 0x46, 0x2a, 0x20), 0x7ffeaa7239c0) = 0
3947753 ioctl(8, _IOC(_IOC_READ|_IOC_WRITE, 0x46, 0x2a, 0x20), 0x7ffeaa723920) = 0
3947753 ioctl(8, _IOC(_IOC_READ|_IOC_WRITE, 0x46, 0x2a, 0x20), 0x7ffeaa723920) = 0
3947753 ioctl(8, _IOC(_IOC_READ|_IOC_WRITE, 0x46, 0x2a, 0x20), 0x7ffeaa723a20) = 0
3947753 ioctl(8, _IOC(_IOC_READ|_IOC_WRITE, 0x46, 0x2a, 0x20), 0x7ffeaa7238e0) = 0
3947753 openat(AT_FDCWD, "/sys/bus/pci/devices/0000:ca:00.0/numa_node", O_RDONLY) = 24
3947753 close(24)                       = 0
3947753 ioctl(8, _IOC(_IOC_READ|_IOC_WRITE, 0x46, 0x2a, 0x20), 0x7ffeaa723bc0) = 0
3947753 ioctl(8, _IOC(_IOC_READ|_IOC_WRITE, 0x46, 0x29, 0x10), 0x7ffeaa724c60) = 0
3947753 ioctl(8, _IOC(_IOC_READ|_IOC_WRITE, 0x46, 0x2a, 0x20), 0x7ffeaa723a50) = 0
3947753 ioctl(8, _IOC(_IOC_READ|_IOC_WRITE, 0x46, 0x2a, 0x20), 0x7ffeaa723a50) = 0
3947753 ioctl(8, _IOC(_IOC_READ|_IOC_WRITE, 0x46, 0x2a, 0x20), 0x7ffeaa723a50) = 0
3947753 ioctl(8, _IOC(_IOC_READ|_IOC_WRITE, 0x46, 0x2a, 0x20), 0x7ffeaa723a50) = 0
3947753 ioctl(8, _IOC(_IOC_READ|_IOC_WRITE, 0x46, 0x2a, 0x20), 0x7ffeaa723a50) = 0
3947753 openat(AT_FDCWD, "/proc/driver/nvidia/params", O_RDONLY) = 24
3947753 close(24)                       = 0
3947753 openat(AT_FDCWD, "/proc/driver/nvidia/params", O_RDONLY) = 24
3947753 close(24)                       = 0
3947753 openat(AT_FDCWD, "/dev/nvidia3", O_RDWR|O_CLOEXEC) = 24
3947753 ioctl(24, _IOC(_IOC_READ|_IOC_WRITE, 0x46, 0xc9, 0x4), 0x7ffeaa724bd0) = 0
3947753 ioctl(24, _IOC(_IOC_READ|_IOC_WRITE, 0x46, 0xd7, 0x230), 0x7ffeaa724950) = 0
3947753 ioctl(8, _IOC(_IOC_READ|_IOC_WRITE, 0x46, 0x2b, 0x30), 0x7ffeaa724ca0) = 0
3947753 ioctl(8, _IOC(_IOC_READ|_IOC_WRITE, 0x46, 0x2a, 0x20), 0x7ffeaa723bd0) = 0
3947753 ioctl(8, _IOC(_IOC_READ|_IOC_WRITE, 0x46, 0x2a, 0x20), 0x7ffeaa723a30) = 0
3947753 ioctl(8, _IOC(_IOC_READ|_IOC_WRITE, 0x46, 0x2a, 0x20), 0x7ffeaa723bd0) = 0
3947753 ioctl(8, _IOC(_IOC_READ|_IOC_WRITE, 0x46, 0x2a, 0x20), 0x7ffeaa723b40) = 0
3947753 ioctl(8, _IOC(_IOC_READ|_IOC_WRITE, 0x46, 0x2a, 0x20), 0x7ffeaa723a40) = 0
3947753 ioctl(8, _IOC(_IOC_READ|_IOC_WRITE, 0x46, 0x2a, 0x20), 0x7ffeaa723a40) = 0
3947753 ioctl(8, _IOC(_IOC_READ|_IOC_WRITE, 0x46, 0x2a, 0x20), 0x7ffeaa723a40) = 0
3947753 ioctl(8, _IOC(_IOC_READ|_IOC_WRITE, 0x46, 0x2a, 0x20), 0x7ffeaa723a40) = 0
3947753 ioctl(8, _IOC(_IOC_READ|_IOC_WRITE, 0x46, 0x2a, 0x20), 0x7ffeaa723a40) = 0
3947753 openat(AT_FDCWD, "/proc/driver/nvidia/params", O_RDONLY) = 25
3947753 close(25)                       = 0
3947753 openat(AT_FDCWD, "/proc/driver/nvidia/params", O_RDONLY) = 25
3947753 close(25)                       = 0
3947753 openat(AT_FDCWD, "/dev/nvidia3", O_RDWR|O_CLOEXEC) = 25
3947753 ioctl(25, _IOC(_IOC_READ|_IOC_WRITE, 0x46, 0xc9, 0x4), 0x7ffeaa724bc0) = 0
3947753 ioctl(8, _IOC(_IOC_READ|_IOC_WRITE, 0x46, 0x2b, 0x30), 0x7ffeaa724cd0) = 0
3947753 ioctl(8, _IOC(_IOC_READ|_IOC_WRITE, 0x46, 0x2b, 0x30), 0x7ffeaa724cf0) = 0
3947753 ioctl(8, _IOC(_IOC_READ|_IOC_WRITE, 0x46, 0x2a, 0x20), 0x7ffeaa723a20) = 0
3947753 ioctl(8, _IOC(_IOC_READ|_IOC_WRITE, 0x46, 0x2a, 0x20), 0x7ffeaa723520) = 0
3947753 ioctl(8, _IOC(_IOC_READ|_IOC_WRITE, 0x46, 0x2a, 0x20), 0x7ffeaa723ad0) = 0
3947753 ioctl(8, _IOC(_IOC_READ|_IOC_WRITE, 0x46, 0x2a, 0x20), 0x7ffeaa723140) = 0
3947753 ioctl(8, _IOC(_IOC_READ|_IOC_WRITE, 0x46, 0x2a, 0x20), 0x7ffeaa722930) = 0
3947753 ioctl(8, _IOC(_IOC_READ|_IOC_WRITE, 0x46, 0x2a, 0x20), 0x7ffeaa722f80) = 0
3947753 ioctl(8, _IOC(_IOC_READ|_IOC_WRITE, 0x46, 0x2a, 0x20), 0x7ffeaa7237f0) = 0
3947753 ioctl(8, _IOC(_IOC_READ|_IOC_WRITE, 0x46, 0x2a, 0x20), 0x7ffeaa7239c0) = 0
3947753 ioctl(8, _IOC(_IOC_READ|_IOC_WRITE, 0x46, 0x2a, 0x20), 0x7ffeaa7236b0) = 0
3947753 ioctl(8, _IOC(_IOC_READ|_IOC_WRITE, 0x46, 0x2a, 0x20), 0x7ffeaa7236b0) = 0
3947753 ioctl(8, _IOC(_IOC_READ|_IOC_WRITE, 0x46, 0x2a, 0x20), 0x7ffeaa7236b0) = 0
3947753 ioctl(8, _IOC(_IOC_READ|_IOC_WRITE, 0x46, 0x2a, 0x20), 0x7ffeaa7236b0) = 0
3947753 ioctl(8, _IOC(_IOC_READ|_IOC_WRITE, 0x46, 0x2a, 0x20), 0x7ffeaa7236b0) = 0
3947753 ioctl(8, _IOC(_IOC_READ|_IOC_WRITE, 0x46, 0x2a, 0x20), 0x7ffeaa723500) = 0
3947753 ioctl(8, _IOC(_IOC_READ|_IOC_WRITE, 0x46, 0x2a, 0x20), 0x7ffeaa723810) = 0
3947753 ioctl(8, _IOC(_IOC_READ|_IOC_WRITE, 0x46, 0x2a, 0x20), 0x7ffeaa7238b0) = 0
3947753 ioctl(8, _IOC(_IOC_READ|_IOC_WRITE, 0x46, 0x2a, 0x20), 0x7ffeaa7239c0) = 0
3947753 ioctl(8, _IOC(_IOC_READ|_IOC_WRITE, 0x46, 0x2a, 0x20), 0x7ffeaa7239c0) = 0
3947753 openat(AT_FDCWD, "/dev/nvidia3", O_RDWR|O_CLOEXEC) = 26
3947753 ioctl(26, _IOC(_IOC_READ|_IOC_WRITE, 0x46, 0xc9, 0x4), 0x7ffeaa724a80) = 0
3947753 ioctl(26, _IOC(_IOC_READ|_IOC_WRITE, 0x46, 0xce, 0x10), 0x7ffeaa724a70) = 0
3947753 ioctl(8, _IOC(_IOC_READ|_IOC_WRITE, 0x46, 0x2a, 0x20), 0x7ffeaa723710) = 0
3947753 ioctl(8, _IOC(_IOC_READ|_IOC_WRITE, 0x46, 0x2a, 0x20), 0x7ffeaa7238f0) = 0
3947753 ioctl(8, _IOC(_IOC_READ|_IOC_WRITE, 0x46, 0x2a, 0x20), 0x7ffeaa7238f0) = 0
3947753 ioctl(8, _IOC(_IOC_READ|_IOC_WRITE, 0x46, 0x2a, 0x20), 0x7ffeaa7238f0) = 0
3947753 ioctl(8, _IOC(_IOC_READ|_IOC_WRITE, 0x46, 0x2a, 0x20), 0x7ffeaa7238f0) = 0
3947753 ioctl(8, _IOC(_IOC_READ|_IOC_WRITE, 0x46, 0x2a, 0x20), 0x7ffeaa7238f0) = 0
3947753 ioctl(8, _IOC(_IOC_READ|_IOC_WRITE, 0x46, 0x2a, 0x20), 0x7ffeaa7238f0) = 0
3947753 ioctl(8, _IOC(_IOC_READ|_IOC_WRITE, 0x46, 0x2a, 0x20), 0x7ffeaa7238f0) = 0
3947753 ioctl(8, _IOC(_IOC_READ|_IOC_WRITE, 0x46, 0x2a, 0x20), 0x7ffeaa7238e0) = 0
3947753 ioctl(8, _IOC(_IOC_READ|_IOC_WRITE, 0x46, 0x2a, 0x20), 0x7ffeaa723860) = 0
3947753 ioctl(8, _IOC(_IOC_READ|_IOC_WRITE, 0x46, 0x2a, 0x20), 0x7ffeaa7237f0) = 0
3947753 ioctl(8, _IOC(_IOC_READ|_IOC_WRITE, 0x46, 0x2a, 0x20), 0x7ffeaa721340) = 0
3947753 ioctl(8, _IOC(_IOC_READ|_IOC_WRITE, 0x46, 0x2a, 0x20), 0x7ffeaa7223f0) = 0
3947753 ioctl(8, _IOC(_IOC_READ|_IOC_WRITE, 0x46, 0x2a, 0x20), 0x7ffeaa7239f0) = 0
3947753 ioctl(8, _IOC(_IOC_READ|_IOC_WRITE, 0x46, 0x2a, 0x20), 0x7ffeaa723840) = 0
3947753 ioctl(8, _IOC(_IOC_READ|_IOC_WRITE, 0x46, 0x2b, 0x30), 0x7ffeaa724a60) = 0
3947753 ioctl(8, _IOC(_IOC_READ|_IOC_WRITE, 0x46, 0x2a, 0x20), 0x7ffeaa723830) = 0
3947753 openat(AT_FDCWD, "/dev/nvidia3", O_RDWR|O_CLOEXEC) = 27
3947753 ioctl(8, _IOC(_IOC_READ|_IOC_WRITE, 0x46, 0x4e, 0x38), 0x7ffeaa7249f0) = 0
3947753 close(27)                       = 0
3947753 ioctl(8, _IOC(_IOC_READ|_IOC_WRITE, 0x46, 0x2b, 0x30), 0x7ffeaa724a70) = 0
3947753 ioctl(8, _IOC(_IOC_READ|_IOC_WRITE, 0x46, 0x2a, 0x20), 0x7ffeaa7239f0) = 0
3947753 ioctl(8, _IOC(_IOC_READ|_IOC_WRITE, 0x46, 0x2a, 0x20), 0x7ffeaa723990) = 0
3947753 ioctl(8, _IOC(_IOC_READ|_IOC_WRITE, 0x46, 0x2b, 0x30), 0x7ffeaa724ae0) = 0
3947753 ioctl(8, _IOC(_IOC_READ|_IOC_WRITE, 0x46, 0x2b, 0x30), 0x7ffeaa724ae0) = 0
3947753 ioctl(8, _IOC(_IOC_READ|_IOC_WRITE, 0x46, 0x2a, 0x20), 0x7ffeaa7239c0) = 0
3947753 ioctl(8, _IOC(_IOC_READ|_IOC_WRITE, 0x46, 0x2a, 0x20), 0x7ffeaa723920) = 0
3947753 ioctl(8, _IOC(_IOC_READ|_IOC_WRITE, 0x46, 0x2a, 0x20), 0x7ffeaa723920) = 0
3947753 ioctl(8, _IOC(_IOC_READ|_IOC_WRITE, 0x46, 0x2a, 0x20), 0x7ffeaa723a20) = 0
3947753 ioctl(8, _IOC(_IOC_READ|_IOC_WRITE, 0x46, 0x2a, 0x20), 0x7ffeaa7238e0) = 0
3947753 openat(AT_FDCWD, "/sys/bus/pci/devices/0000:e3:00.0/numa_node", O_RDONLY) = 27
3947753 close(27)                       = 0
3947753 ioctl(8, _IOC(_IOC_READ|_IOC_WRITE, 0x46, 0x2a, 0x20), 0x7ffeaa723bd0) = 0
3947753 ioctl(8, _IOC(_IOC_READ|_IOC_WRITE, 0x46, 0x2a, 0x20), 0x7ffeaa724d30) = 0
3947753 ioctl(8, _IOC(_IOC_READ|_IOC_WRITE, 0x46, 0x2a, 0x20), 0x7ffeaa724d30) = 0
3947753 ioctl(8, _IOC(_IOC_READ|_IOC_WRITE, 0x46, 0x2a, 0x20), 0x7ffeaa724d30) = 0
3947753 ioctl(8, _IOC(_IOC_READ|_IOC_WRITE, 0x46, 0x2a, 0x20), 0x7ffeaa724d30) = 0
3947753 ioctl(8, _IOC(_IOC_READ|_IOC_WRITE, 0x46, 0x2a, 0x20), 0x7ffeaa724d30) = 0
3947753 ioctl(8, _IOC(_IOC_READ|_IOC_WRITE, 0x46, 0x2a, 0x20), 0x7ffeaa724d30) = 0
3947753 ioctl(8, _IOC(_IOC_READ|_IOC_WRITE, 0x46, 0x2a, 0x20), 0x7ffeaa724d30) = 0
3947753 ioctl(8, _IOC(_IOC_READ|_IOC_WRITE, 0x46, 0x2a, 0x20), 0x7ffeaa724d30) = 0
3947753 ioctl(8, _IOC(_IOC_READ|_IOC_WRITE, 0x46, 0x2a, 0x20), 0x7ffeaa723e80) = 0
3947753 ioctl(8, _IOC(_IOC_READ|_IOC_WRITE, 0x46, 0x2a, 0x20), 0x7ffeaa723e80) = 0
3947753 ioctl(8, _IOC(_IOC_READ|_IOC_WRITE, 0x46, 0x2a, 0x20), 0x7ffeaa723e80) = 0
3947753 ioctl(8, _IOC(_IOC_READ|_IOC_WRITE, 0x46, 0x2a, 0x20), 0x7ffeaa723e80) = 0
3947753 ioctl(8, _IOC(_IOC_READ|_IOC_WRITE, 0x46, 0x2a, 0x20), 0x7ffeaa723e80) = 0
3947753 ioctl(8, _IOC(_IOC_READ|_IOC_WRITE, 0x46, 0x2a, 0x20), 0x7ffeaa724700) = 0
3947753 ioctl(8, _IOC(_IOC_READ|_IOC_WRITE, 0x46, 0x2a, 0x20), 0x7ffeaa722f00) = 0
3947753 ioctl(8, _IOC(_IOC_READ|_IOC_WRITE, 0x46, 0x2a, 0x20), 0x7ffeaa724700) = 0
3947753 ioctl(8, _IOC(_IOC_READ|_IOC_WRITE, 0x46, 0x2a, 0x20), 0x7ffeaa722f00) = 0
3947753 ioctl(8, _IOC(_IOC_READ|_IOC_WRITE, 0x46, 0x2a, 0x20), 0x7ffeaa724700) = 0
3947753 ioctl(8, _IOC(_IOC_READ|_IOC_WRITE, 0x46, 0x2a, 0x20), 0x7ffeaa722f00) = 0
3947753 ioctl(8, _IOC(_IOC_READ|_IOC_WRITE, 0x46, 0x2a, 0x20), 0x7ffeaa724700) = 0
3947753 ioctl(8, _IOC(_IOC_READ|_IOC_WRITE, 0x46, 0x2a, 0x20), 0x7ffeaa722f00) = 0
3947753 ioctl(9, _IOC(_IOC_NONE, 0, 0x25, 0), 0x7ffeaa7265d0) = 0
3947753 ioctl(9, _IOC(_IOC_NONE, 0, 0x46, 0), 0x7ffeaa726640) = 0
3947753 ioctl(9, _IOC(_IOC_NONE, 0, 0x25, 0), 0x7ffeaa7265d0) = 0
3947753 ioctl(9, _IOC(_IOC_NONE, 0, 0x46, 0), 0x7ffeaa726640) = 0
3947753 ioctl(9, _IOC(_IOC_NONE, 0, 0x25, 0), 0x7ffeaa7265d0) = 0
3947753 ioctl(9, _IOC(_IOC_NONE, 0, 0x46, 0), 0x7ffeaa726640) = 0
3947753 ioctl(9, _IOC(_IOC_NONE, 0, 0x25, 0), 0x7ffeaa7265d0) = 0
3947753 ioctl(9, _IOC(_IOC_NONE, 0, 0x46, 0), 0x7ffeaa726640) = 0
3947753 ioctl(9, _IOC(_IOC_NONE, 0, 0x17, 0), 0x7ffeaa726aa0) = 0
3947753 ioctl(8, _IOC(_IOC_READ|_IOC_WRITE, 0x46, 0x2b, 0x30), 0x7ffeaa726800) = 0
3947753 ioctl(8, _IOC(_IOC_READ|_IOC_WRITE, 0x46, 0x2b, 0x30), 0x7ffeaa726800) = 0
3947753 ioctl(8, _IOC(_IOC_READ|_IOC_WRITE, 0x46, 0x2b, 0x30), 0x7ffeaa726800) = 0
3947753 ioctl(8, _IOC(_IOC_READ|_IOC_WRITE, 0x46, 0x2b, 0x30), 0x7ffeaa726800) = 0
3947753 ioctl(8, _IOC(_IOC_READ|_IOC_WRITE, 0x46, 0x2b, 0x30), 0x7ffeaa726a40) = 0
3947753 ioctl(8, _IOC(_IOC_READ|_IOC_WRITE, 0x46, 0x2a, 0x20), 0x7ffeaa725920) = 0
3947753 ioctl(8, _IOC(_IOC_READ|_IOC_WRITE, 0x46, 0x2b, 0x30), 0x7ffeaa726a40) = 0
3947753 ioctl(8, _IOC(_IOC_READ|_IOC_WRITE, 0x46, 0x2a, 0x20), 0x7ffeaa725920) = 0
3947753 ioctl(8, _IOC(_IOC_READ|_IOC_WRITE, 0x46, 0x2b, 0x30), 0x7ffeaa726a40) = 0
3947753 ioctl(8, _IOC(_IOC_READ|_IOC_WRITE, 0x46, 0x2a, 0x20), 0x7ffeaa725920) = 0
3947753 ioctl(8, _IOC(_IOC_READ|_IOC_WRITE, 0x46, 0x2b, 0x30), 0x7ffeaa726a40) = 0
3947753 ioctl(8, _IOC(_IOC_READ|_IOC_WRITE, 0x46, 0x2a, 0x20), 0x7ffeaa725920) = 0
3947753 ioctl(8, _IOC(_IOC_READ|_IOC_WRITE, 0x46, 0x2a, 0x20), 0x7ffeaa725070) = 0
3947753 ioctl(8, _IOC(_IOC_READ|_IOC_WRITE, 0x46, 0x2a, 0x20), 0x7ffeaa725080) = 0
3947753 ioctl(8, _IOC(_IOC_READ|_IOC_WRITE, 0x46, 0x2a, 0x20), 0x7ffeaa7250b0) = 0
3947753 ioctl(9, _IOC(_IOC_NONE, 0, 0x19, 0), 0x7ffeaa726190) = 0
3947753 ioctl(8, _IOC(_IOC_READ|_IOC_WRITE, 0x46, 0x2b, 0x30), 0x7ffeaa725460) = 0
3947753 ioctl(9, _IOC(_IOC_NONE, 0, 0x49, 0), 0x7ffeaa725140) = 0
3947753 ioctl(9, _IOC(_IOC_NONE, 0, 0x21, 0), 0x7ffeaa722d30) = 0
3947753 ioctl(8, _IOC(_IOC_READ|_IOC_WRITE, 0x46, 0x2b, 0x30), 0x7ffeaa725340) = 0
3947753 ioctl(9, _IOC(_IOC_NONE, 0, 0x49, 0), 0x7ffeaa725020) = 0
3947753 ioctl(9, _IOC(_IOC_NONE, 0, 0x21, 0), 0x7ffeaa722c10) = 0
3947753 ioctl(8, _IOC(_IOC_READ|_IOC_WRITE, 0x46, 0x2b, 0x30), 0x7ffeaa725340) = 0
3947753 ioctl(9, _IOC(_IOC_NONE, 0, 0x49, 0), 0x7ffeaa725020) = 0
3947753 ioctl(9, _IOC(_IOC_NONE, 0, 0x21, 0), 0x7ffeaa722c10) = 0
3947753 ioctl(8, _IOC(_IOC_READ|_IOC_WRITE, 0x46, 0x2b, 0x30), 0x7ffeaa725540) = 0
3947753 ioctl(9, _IOC(_IOC_NONE, 0, 0x49, 0), 0x7ffeaa725220) = 0
3947753 ioctl(9, _IOC(_IOC_NONE, 0, 0x21, 0), 0x7ffeaa722e10) = 0
3947753 ioctl(8, _IOC(_IOC_READ|_IOC_WRITE, 0x46, 0x2b, 0x30), 0x7ffeaa725e20) = 0
3947753 ioctl(8, _IOC(_IOC_READ|_IOC_WRITE, 0x46, 0x2b, 0x30), 0x7ffeaa725e10) = 0
3947753 ioctl(8, _IOC(_IOC_READ|_IOC_WRITE, 0x46, 0x2b, 0x30), 0x7ffeaa724cf0) = 0
3947753 ioctl(8, _IOC(_IOC_READ|_IOC_WRITE, 0x46, 0x2a, 0x20), 0x7ffeaa723bb0) = 0
3947753 openat(AT_FDCWD, "/dev/nvidia0", O_RDWR|O_CLOEXEC) = 29
3947753 ioctl(8, _IOC(_IOC_READ|_IOC_WRITE, 0x46, 0x4e, 0x38), 0x7ffeaa724d70) = 0
3947753 ioctl(8, _IOC(_IOC_READ|_IOC_WRITE, 0x46, 0x5e, 0x28), 0x7ffeaa724d40) = 0
3947753 close(29)                       = 0
3947753 ioctl(9, _IOC(_IOC_NONE, 0, 0x49, 0), 0x7ffeaa7249d0) = 0
3947753 ioctl(9, _IOC(_IOC_NONE, 0, 0x21, 0), 0x7ffeaa7225c0) = 0
3947753 ioctl(8, _IOC(_IOC_READ|_IOC_WRITE, 0x46, 0x2b, 0x30), 0x7ffeaa724b10) = 0
3947753 ioctl(8, _IOC(_IOC_READ|_IOC_WRITE, 0x46, 0x2a, 0x20), 0x7ffeaa7239d0) = 0
3947753 openat(AT_FDCWD, "/dev/nvidiactl", O_RDWR|O_CLOEXEC) = 29
3947753 ioctl(8, _IOC(_IOC_READ|_IOC_WRITE, 0x46, 0x4e, 0x38), 0x7ffeaa724b90) = 0
3947753 close(29)                       = 0
3947753 ioctl(9, _IOC(_IOC_NONE, 0, 0x49, 0), 0x7ffeaa7247f0) = 0
3947753 ioctl(9, _IOC(_IOC_NONE, 0, 0x21, 0), 0x7ffeaa7223e0) = 0
3947753 ioctl(8, _IOC(_IOC_READ|_IOC_WRITE, 0x46, 0x2b, 0x30), 0x7ffeaa724e70) = 0
3947753 ioctl(8, _IOC(_IOC_READ|_IOC_WRITE, 0x46, 0x2a, 0x20), 0x7ffeaa723d30) = 0
3947753 openat(AT_FDCWD, "/dev/nvidiactl", O_RDWR|O_CLOEXEC) = 29
3947753 ioctl(8, _IOC(_IOC_READ|_IOC_WRITE, 0x46, 0x4e, 0x38), 0x7ffeaa724ef0) = 0
3947753 close(29)                       = 0
3947753 ioctl(8, _IOC(_IOC_READ|_IOC_WRITE, 0x46, 0x2b, 0x30), 0x7ffeaa725810) = 0
3947753 ioctl(8, _IOC(_IOC_READ|_IOC_WRITE, 0x46, 0x2a, 0x20), 0x7ffeaa724880) = 0
3947753 ioctl(8, _IOC(_IOC_READ|_IOC_WRITE, 0x46, 0x2b, 0x30), 0x7ffeaa725920) = 0
3947753 ioctl(8, _IOC(_IOC_READ|_IOC_WRITE, 0x46, 0x2a, 0x20), 0x7ffeaa724840) = 0
3947753 ioctl(8, _IOC(_IOC_READ|_IOC_WRITE, 0x46, 0x2b, 0x30), 0x7ffeaa725920) = 0
3947753 ioctl(8, _IOC(_IOC_READ|_IOC_WRITE, 0x46, 0x2a, 0x20), 0x7ffeaa724840) = 0
3947753 ioctl(8, _IOC(_IOC_READ|_IOC_WRITE, 0x46, 0x2a, 0x20), 0x7ffeaa724890) = 0
3947753 ioctl(8, _IOC(_IOC_READ|_IOC_WRITE, 0x46, 0x2a, 0x20), 0x7ffeaa724890) = 0
3947753 ioctl(8, _IOC(_IOC_READ|_IOC_WRITE, 0x46, 0x2b, 0x30), 0x7ffeaa725210) = 0
3947753 ioctl(8, _IOC(_IOC_READ|_IOC_WRITE, 0x46, 0x2a, 0x20), 0x7ffeaa7240d0) = 0
3947753 openat(AT_FDCWD, "/dev/nvidiactl", O_RDWR|O_CLOEXEC) = 29
3947753 ioctl(8, _IOC(_IOC_READ|_IOC_WRITE, 0x46, 0x4e, 0x38), 0x7ffeaa725290) = 0
3947753 close(29)                       = 0
3947753 ioctl(9, _IOC(_IOC_NONE, 0, 0x49, 0), 0x7ffeaa724ef0) = 0
3947753 ioctl(9, _IOC(_IOC_NONE, 0, 0x21, 0), 0x7ffeaa722ae0) = 0
3947753 ioctl(8, _IOC(_IOC_READ|_IOC_WRITE, 0x46, 0x2b, 0x30), 0x7ffeaa724e70) = 0
3947753 ioctl(8, _IOC(_IOC_READ|_IOC_WRITE, 0x46, 0x2a, 0x20), 0x7ffeaa723d30) = 0
3947753 openat(AT_FDCWD, "/dev/nvidiactl", O_RDWR|O_CLOEXEC) = 29
3947753 ioctl(8, _IOC(_IOC_READ|_IOC_WRITE, 0x46, 0x4e, 0x38), 0x7ffeaa724ef0) = 0
3947753 close(29)                       = 0
3947753 ioctl(8, _IOC(_IOC_READ|_IOC_WRITE, 0x46, 0x2b, 0x30), 0x7ffeaa725810) = 0
3947753 ioctl(8, _IOC(_IOC_READ|_IOC_WRITE, 0x46, 0x2a, 0x20), 0x7ffeaa724880) = 0
3947753 ioctl(8, _IOC(_IOC_READ|_IOC_WRITE, 0x46, 0x2b, 0x30), 0x7ffeaa725920) = 0
3947753 ioctl(8, _IOC(_IOC_READ|_IOC_WRITE, 0x46, 0x2a, 0x20), 0x7ffeaa724840) = 0
3947753 ioctl(8, _IOC(_IOC_READ|_IOC_WRITE, 0x46, 0x2b, 0x30), 0x7ffeaa725920) = 0
3947753 ioctl(8, _IOC(_IOC_READ|_IOC_WRITE, 0x46, 0x2a, 0x20), 0x7ffeaa724840) = 0
3947753 ioctl(8, _IOC(_IOC_READ|_IOC_WRITE, 0x46, 0x2a, 0x20), 0x7ffeaa724890) = 0
3947753 ioctl(8, _IOC(_IOC_READ|_IOC_WRITE, 0x46, 0x2a, 0x20), 0x7ffeaa724890) = 0
3947753 ioctl(8, _IOC(_IOC_READ|_IOC_WRITE, 0x46, 0x2b, 0x30), 0x7ffeaa724e70) = 0
3947753 ioctl(8, _IOC(_IOC_READ|_IOC_WRITE, 0x46, 0x2a, 0x20), 0x7ffeaa723d30) = 0
3947753 openat(AT_FDCWD, "/dev/nvidiactl", O_RDWR|O_CLOEXEC) = 29
3947753 ioctl(8, _IOC(_IOC_READ|_IOC_WRITE, 0x46, 0x4e, 0x38), 0x7ffeaa724ef0) = 0
3947753 close(29)                       = 0
3947753 ioctl(8, _IOC(_IOC_READ|_IOC_WRITE, 0x46, 0x2b, 0x30), 0x7ffeaa725810) = 0
3947753 ioctl(8, _IOC(_IOC_READ|_IOC_WRITE, 0x46, 0x2a, 0x20), 0x7ffeaa724880) = 0
3947753 ioctl(8, _IOC(_IOC_READ|_IOC_WRITE, 0x46, 0x2b, 0x30), 0x7ffeaa725920) = 0
3947753 ioctl(8, _IOC(_IOC_READ|_IOC_WRITE, 0x46, 0x2a, 0x20), 0x7ffeaa724840) = 0
3947753 ioctl(8, _IOC(_IOC_READ|_IOC_WRITE, 0x46, 0x2b, 0x30), 0x7ffeaa725920) = 0
3947753 ioctl(8, _IOC(_IOC_READ|_IOC_WRITE, 0x46, 0x2a, 0x20), 0x7ffeaa724840) = 0
3947753 ioctl(8, _IOC(_IOC_READ|_IOC_WRITE, 0x46, 0x2a, 0x20), 0x7ffeaa724890) = 0
3947753 ioctl(8, _IOC(_IOC_READ|_IOC_WRITE, 0x46, 0x2a, 0x20), 0x7ffeaa724890) = 0
3947753 ioctl(8, _IOC(_IOC_READ|_IOC_WRITE, 0x46, 0x2b, 0x30), 0x7ffeaa724e70) = 0
3947753 ioctl(8, _IOC(_IOC_READ|_IOC_WRITE, 0x46, 0x2a, 0x20), 0x7ffeaa723d30) = 0
3947753 openat(AT_FDCWD, "/dev/nvidiactl", O_RDWR|O_CLOEXEC) = 29
3947753 ioctl(8, _IOC(_IOC_READ|_IOC_WRITE, 0x46, 0x4e, 0x38), 0x7ffeaa724ef0) = 0
3947753 close(29)                       = 0
3947753 ioctl(8, _IOC(_IOC_READ|_IOC_WRITE, 0x46, 0x2b, 0x30), 0x7ffeaa725810) = 0
3947753 ioctl(8, _IOC(_IOC_READ|_IOC_WRITE, 0x46, 0x2a, 0x20), 0x7ffeaa724880) = 0
3947753 ioctl(8, _IOC(_IOC_READ|_IOC_WRITE, 0x46, 0x2b, 0x30), 0x7ffeaa725920) = 0
3947753 ioctl(8, _IOC(_IOC_READ|_IOC_WRITE, 0x46, 0x2a, 0x20), 0x7ffeaa724840) = 0
3947753 ioctl(8, _IOC(_IOC_READ|_IOC_WRITE, 0x46, 0x2b, 0x30), 0x7ffeaa725920) = 0
3947753 ioctl(8, _IOC(_IOC_READ|_IOC_WRITE, 0x46, 0x2a, 0x20), 0x7ffeaa724840) = 0
3947753 ioctl(8, _IOC(_IOC_READ|_IOC_WRITE, 0x46, 0x2a, 0x20), 0x7ffeaa724890) = 0
3947753 ioctl(8, _IOC(_IOC_READ|_IOC_WRITE, 0x46, 0x2a, 0x20), 0x7ffeaa724890) = 0
3947753 ioctl(8, _IOC(_IOC_READ|_IOC_WRITE, 0x46, 0x2b, 0x30), 0x7ffeaa724e70) = 0
3947753 ioctl(8, _IOC(_IOC_READ|_IOC_WRITE, 0x46, 0x2a, 0x20), 0x7ffeaa723d30) = 0
3947753 openat(AT_FDCWD, "/dev/nvidiactl", O_RDWR|O_CLOEXEC) = 29
3947753 ioctl(8, _IOC(_IOC_READ|_IOC_WRITE, 0x46, 0x4e, 0x38), 0x7ffeaa724ef0) = 0
3947753 close(29)                       = 0
3947753 ioctl(8, _IOC(_IOC_READ|_IOC_WRITE, 0x46, 0x2b, 0x30), 0x7ffeaa725810) = 0
3947753 ioctl(8, _IOC(_IOC_READ|_IOC_WRITE, 0x46, 0x2a, 0x20), 0x7ffeaa724880) = 0
3947753 ioctl(8, _IOC(_IOC_READ|_IOC_WRITE, 0x46, 0x2b, 0x30), 0x7ffeaa725920) = 0
3947753 ioctl(8, _IOC(_IOC_READ|_IOC_WRITE, 0x46, 0x2a, 0x20), 0x7ffeaa724840) = 0
3947753 ioctl(8, _IOC(_IOC_READ|_IOC_WRITE, 0x46, 0x2b, 0x30), 0x7ffeaa725920) = 0
3947753 ioctl(8, _IOC(_IOC_READ|_IOC_WRITE, 0x46, 0x2a, 0x20), 0x7ffeaa724840) = 0
3947753 ioctl(8, _IOC(_IOC_READ|_IOC_WRITE, 0x46, 0x2a, 0x20), 0x7ffeaa724890) = 0
3947753 ioctl(8, _IOC(_IOC_READ|_IOC_WRITE, 0x46, 0x2a, 0x20), 0x7ffeaa724890) = 0
3947753 ioctl(8, _IOC(_IOC_READ|_IOC_WRITE, 0x46, 0x2b, 0x30), 0x7ffeaa724e70) = 0
3947753 ioctl(8, _IOC(_IOC_READ|_IOC_WRITE, 0x46, 0x2a, 0x20), 0x7ffeaa723d30) = 0
3947753 openat(AT_FDCWD, "/dev/nvidiactl", O_RDWR|O_CLOEXEC) = 29
3947753 ioctl(8, _IOC(_IOC_READ|_IOC_WRITE, 0x46, 0x4e, 0x38), 0x7ffeaa724ef0) = 0
3947753 close(29)                       = 0
3947753 ioctl(8, _IOC(_IOC_READ|_IOC_WRITE, 0x46, 0x2b, 0x30), 0x7ffeaa725810) = 0
3947753 ioctl(8, _IOC(_IOC_READ|_IOC_WRITE, 0x46, 0x2a, 0x20), 0x7ffeaa724880) = 0
3947753 ioctl(8, _IOC(_IOC_READ|_IOC_WRITE, 0x46, 0x2b, 0x30), 0x7ffeaa725920) = 0
3947753 ioctl(8, _IOC(_IOC_READ|_IOC_WRITE, 0x46, 0x2a, 0x20), 0x7ffeaa724840) = 0
3947753 ioctl(8, _IOC(_IOC_READ|_IOC_WRITE, 0x46, 0x2b, 0x30), 0x7ffeaa725920) = 0
3947753 ioctl(8, _IOC(_IOC_READ|_IOC_WRITE, 0x46, 0x2a, 0x20), 0x7ffeaa724840) = 0
3947753 ioctl(8, _IOC(_IOC_READ|_IOC_WRITE, 0x46, 0x2a, 0x20), 0x7ffeaa724890) = 0
3947753 ioctl(8, _IOC(_IOC_READ|_IOC_WRITE, 0x46, 0x2a, 0x20), 0x7ffeaa724890) = 0
3947753 ioctl(8, _IOC(_IOC_READ|_IOC_WRITE, 0x46, 0x2b, 0x30), 0x7ffeaa724e70) = 0
3947753 ioctl(8, _IOC(_IOC_READ|_IOC_WRITE, 0x46, 0x2a, 0x20), 0x7ffeaa723d30) = 0
3947753 openat(AT_FDCWD, "/dev/nvidiactl", O_RDWR|O_CLOEXEC) = 29
3947753 ioctl(8, _IOC(_IOC_READ|_IOC_WRITE, 0x46, 0x4e, 0x38), 0x7ffeaa724ef0) = 0
3947753 close(29)                       = 0
3947753 ioctl(8, _IOC(_IOC_READ|_IOC_WRITE, 0x46, 0x2b, 0x30), 0x7ffeaa725810) = 0
3947753 ioctl(8, _IOC(_IOC_READ|_IOC_WRITE, 0x46, 0x2a, 0x20), 0x7ffeaa724880) = 0
3947753 ioctl(8, _IOC(_IOC_READ|_IOC_WRITE, 0x46, 0x2b, 0x30), 0x7ffeaa725920) = 0
3947753 ioctl(8, _IOC(_IOC_READ|_IOC_WRITE, 0x46, 0x2a, 0x20), 0x7ffeaa724840) = 0
3947753 ioctl(8, _IOC(_IOC_READ|_IOC_WRITE, 0x46, 0x2b, 0x30), 0x7ffeaa725920) = 0
3947753 ioctl(8, _IOC(_IOC_READ|_IOC_WRITE, 0x46, 0x2a, 0x20), 0x7ffeaa724840) = 0
3947753 ioctl(8, _IOC(_IOC_READ|_IOC_WRITE, 0x46, 0x2a, 0x20), 0x7ffeaa724890) = 0
3947753 ioctl(8, _IOC(_IOC_READ|_IOC_WRITE, 0x46, 0x2a, 0x20), 0x7ffeaa724890) = 0
3947753 ioctl(8, _IOC(_IOC_READ|_IOC_WRITE, 0x46, 0x2b, 0x30), 0x7ffeaa724e70) = 0
3947753 ioctl(8, _IOC(_IOC_READ|_IOC_WRITE, 0x46, 0x2a, 0x20), 0x7ffeaa723d30) = 0
3947753 openat(AT_FDCWD, "/dev/nvidiactl", O_RDWR|O_CLOEXEC) = 29
3947753 ioctl(8, _IOC(_IOC_READ|_IOC_WRITE, 0x46, 0x4e, 0x38), 0x7ffeaa724ef0) = 0
3947753 close(29)                       = 0
3947753 ioctl(8, _IOC(_IOC_READ|_IOC_WRITE, 0x46, 0x2b, 0x30), 0x7ffeaa725810) = 0
3947753 ioctl(8, _IOC(_IOC_READ|_IOC_WRITE, 0x46, 0x2a, 0x20), 0x7ffeaa724880) = 0
3947753 ioctl(8, _IOC(_IOC_READ|_IOC_WRITE, 0x46, 0x2b, 0x30), 0x7ffeaa725920) = 0
3947753 ioctl(8, _IOC(_IOC_READ|_IOC_WRITE, 0x46, 0x2a, 0x20), 0x7ffeaa724840) = 0
3947753 ioctl(8, _IOC(_IOC_READ|_IOC_WRITE, 0x46, 0x2b, 0x30), 0x7ffeaa725920) = 0
3947753 ioctl(8, _IOC(_IOC_READ|_IOC_WRITE, 0x46, 0x2a, 0x20), 0x7ffeaa724840) = 0
3947753 ioctl(8, _IOC(_IOC_READ|_IOC_WRITE, 0x46, 0x2a, 0x20), 0x7ffeaa724890) = 0
3947753 ioctl(8, _IOC(_IOC_READ|_IOC_WRITE, 0x46, 0x2a, 0x20), 0x7ffeaa724890) = 0
3947753 ioctl(9, _IOC(_IOC_NONE, 0, 0x1b, 0), 0x7ffeaa725fd0) = 0
3947753 ioctl(9, _IOC(_IOC_NONE, 0, 0x1b, 0), 0x7ffeaa725fd0) = 0
3947753 ioctl(9, _IOC(_IOC_NONE, 0, 0x1b, 0), 0x7ffeaa725fd0) = 0
3947753 ioctl(9, _IOC(_IOC_NONE, 0, 0x1b, 0), 0x7ffeaa725fd0) = 0
3947753 ioctl(9, _IOC(_IOC_NONE, 0, 0x1b, 0), 0x7ffeaa725fd0) = 0
3947753 ioctl(9, _IOC(_IOC_NONE, 0, 0x1b, 0), 0x7ffeaa725fd0) = 0
3947753 ioctl(9, _IOC(_IOC_NONE, 0, 0x1b, 0), 0x7ffeaa725fd0) = 0
3947753 ioctl(9, _IOC(_IOC_NONE, 0, 0x1b, 0), 0x7ffeaa725fd0) = 0
3947753 ioctl(8, _IOC(_IOC_READ|_IOC_WRITE, 0x46, 0x2a, 0x20), 0x7ffeaa724ee0) = 0
3947753 openat(AT_FDCWD, "/dev/nvidia0", O_RDWR|O_CLOEXEC) = 29
3947753 ioctl(29, _IOC(_IOC_READ|_IOC_WRITE, 0x46, 0xc9, 0x4), 0x7ffeaa725ed0) = 0
3947753 ioctl(29, _IOC(_IOC_READ|_IOC_WRITE, 0x46, 0xce, 0x10), 0x7ffeaa725ec0) = 0
3947753 ioctl(29, _IOC(_IOC_READ|_IOC_WRITE, 0x46, 0x2b, 0x30), 0x7ffeaa725eb0) = 0
3947753 ioctl(8, _IOC(_IOC_READ|_IOC_WRITE, 0x46, 0x2b, 0x30), 0x7ffeaa725e20) = 0
3947753 ioctl(8, _IOC(_IOC_READ|_IOC_WRITE, 0x46, 0x2b, 0x30), 0x7ffeaa724e70) = 0
3947753 ioctl(8, _IOC(_IOC_READ|_IOC_WRITE, 0x46, 0x2a, 0x20), 0x7ffeaa723d30) = 0
3947753 openat(AT_FDCWD, "/dev/nvidiactl", O_RDWR|O_CLOEXEC) = 31
3947753 ioctl(8, _IOC(_IOC_READ|_IOC_WRITE, 0x46, 0x4e, 0x38), 0x7ffeaa724ef0) = 0
3947753 close(31)                       = 0
3947753 ioctl(8, _IOC(_IOC_READ|_IOC_WRITE, 0x46, 0x2b, 0x30), 0x7ffeaa725810) = 0
3947753 ioctl(8, _IOC(_IOC_READ|_IOC_WRITE, 0x46, 0x2a, 0x20), 0x7ffeaa724880) = 0
3947753 ioctl(8, _IOC(_IOC_READ|_IOC_WRITE, 0x46, 0x2b, 0x30), 0x7ffeaa725920) = 0
3947753 ioctl(8, _IOC(_IOC_READ|_IOC_WRITE, 0x46, 0x2a, 0x20), 0x7ffeaa724840) = 0
3947753 ioctl(8, _IOC(_IOC_READ|_IOC_WRITE, 0x46, 0x2a, 0x20), 0x7ffeaa724890) = 0
3947753 ioctl(8, _IOC(_IOC_READ|_IOC_WRITE, 0x46, 0x2b, 0x30), 0x7ffeaa724e70) = 0
3947753 ioctl(8, _IOC(_IOC_READ|_IOC_WRITE, 0x46, 0x2a, 0x20), 0x7ffeaa723d30) = 0
3947753 openat(AT_FDCWD, "/dev/nvidiactl", O_RDWR|O_CLOEXEC) = 31
3947753 ioctl(8, _IOC(_IOC_READ|_IOC_WRITE, 0x46, 0x4e, 0x38), 0x7ffeaa724ef0) = 0
3947753 close(31)                       = 0
3947753 ioctl(8, _IOC(_IOC_READ|_IOC_WRITE, 0x46, 0x2b, 0x30), 0x7ffeaa725810) = 0
3947753 ioctl(8, _IOC(_IOC_READ|_IOC_WRITE, 0x46, 0x2a, 0x20), 0x7ffeaa724880) = 0
3947753 ioctl(8, _IOC(_IOC_READ|_IOC_WRITE, 0x46, 0x2b, 0x30), 0x7ffeaa725920) = 0
3947753 ioctl(8, _IOC(_IOC_READ|_IOC_WRITE, 0x46, 0x2a, 0x20), 0x7ffeaa724840) = 0
3947753 ioctl(8, _IOC(_IOC_READ|_IOC_WRITE, 0x46, 0x2a, 0x20), 0x7ffeaa724890) = 0
3947753 ioctl(8, _IOC(_IOC_READ|_IOC_WRITE, 0x46, 0x2b, 0x30), 0x7ffeaa724e70) = 0
3947753 ioctl(8, _IOC(_IOC_READ|_IOC_WRITE, 0x46, 0x2a, 0x20), 0x7ffeaa723d30) = 0
3947753 openat(AT_FDCWD, "/dev/nvidiactl", O_RDWR|O_CLOEXEC) = 31
3947753 ioctl(8, _IOC(_IOC_READ|_IOC_WRITE, 0x46, 0x4e, 0x38), 0x7ffeaa724ef0) = 0
3947753 close(31)                       = 0
3947753 ioctl(8, _IOC(_IOC_READ|_IOC_WRITE, 0x46, 0x2b, 0x30), 0x7ffeaa725810) = 0
3947753 ioctl(8, _IOC(_IOC_READ|_IOC_WRITE, 0x46, 0x2a, 0x20), 0x7ffeaa724880) = 0
3947753 ioctl(8, _IOC(_IOC_READ|_IOC_WRITE, 0x46, 0x2b, 0x30), 0x7ffeaa725920) = 0
3947753 ioctl(8, _IOC(_IOC_READ|_IOC_WRITE, 0x46, 0x2a, 0x20), 0x7ffeaa724840) = 0
3947753 ioctl(8, _IOC(_IOC_READ|_IOC_WRITE, 0x46, 0x2a, 0x20), 0x7ffeaa724890) = 0
3947753 ioctl(8, _IOC(_IOC_READ|_IOC_WRITE, 0x46, 0x2b, 0x30), 0x7ffeaa724e70) = 0
3947753 ioctl(8, _IOC(_IOC_READ|_IOC_WRITE, 0x46, 0x2a, 0x20), 0x7ffeaa723d30) = 0
3947753 openat(AT_FDCWD, "/dev/nvidiactl", O_RDWR|O_CLOEXEC) = 31
3947753 ioctl(8, _IOC(_IOC_READ|_IOC_WRITE, 0x46, 0x4e, 0x38), 0x7ffeaa724ef0) = 0
3947753 close(31)                       = 0
3947753 ioctl(8, _IOC(_IOC_READ|_IOC_WRITE, 0x46, 0x2b, 0x30), 0x7ffeaa725810) = 0
3947753 ioctl(8, _IOC(_IOC_READ|_IOC_WRITE, 0x46, 0x2a, 0x20), 0x7ffeaa724880) = 0
3947753 ioctl(8, _IOC(_IOC_READ|_IOC_WRITE, 0x46, 0x2b, 0x30), 0x7ffeaa725920) = 0
3947753 ioctl(8, _IOC(_IOC_READ|_IOC_WRITE, 0x46, 0x2a, 0x20), 0x7ffeaa724840) = 0
3947753 ioctl(8, _IOC(_IOC_READ|_IOC_WRITE, 0x46, 0x2a, 0x20), 0x7ffeaa724890) = 0
3947753 ioctl(9, _IOC(_IOC_NONE, 0, 0x1b, 0), 0x7ffeaa725fd0) = 0
3947753 ioctl(9, _IOC(_IOC_NONE, 0, 0x1b, 0), 0x7ffeaa725fd0) = 0
3947753 ioctl(9, _IOC(_IOC_NONE, 0, 0x1b, 0), 0x7ffeaa725fd0) = 0
3947753 ioctl(9, _IOC(_IOC_NONE, 0, 0x1b, 0), 0x7ffeaa725fd0) = 0
3947753 ioctl(8, _IOC(_IOC_READ|_IOC_WRITE, 0x46, 0x2a, 0x20), 0x7ffeaa724ee0) = 0
3947753 openat(AT_FDCWD, "/dev/nvidia0", O_RDWR|O_CLOEXEC) = 31
3947753 ioctl(31, _IOC(_IOC_READ|_IOC_WRITE, 0x46, 0xc9, 0x4), 0x7ffeaa725ed0) = 0
3947753 ioctl(31, _IOC(_IOC_READ|_IOC_WRITE, 0x46, 0xce, 0x10), 0x7ffeaa725ec0) = 0
3947753 ioctl(31, _IOC(_IOC_READ|_IOC_WRITE, 0x46, 0x2b, 0x30), 0x7ffeaa725eb0) = 0
3947753 ioctl(8, _IOC(_IOC_READ|_IOC_WRITE, 0x46, 0x2b, 0x30), 0x7ffeaa725e20) = 0
3947753 ioctl(8, _IOC(_IOC_READ|_IOC_WRITE, 0x46, 0x2b, 0x30), 0x7ffeaa724e70) = 0
3947753 ioctl(8, _IOC(_IOC_READ|_IOC_WRITE, 0x46, 0x2a, 0x20), 0x7ffeaa723d30) = 0
3947753 openat(AT_FDCWD, "/dev/nvidiactl", O_RDWR|O_CLOEXEC) = 33
3947753 ioctl(8, _IOC(_IOC_READ|_IOC_WRITE, 0x46, 0x4e, 0x38), 0x7ffeaa724ef0) = 0
3947753 close(33)                       = 0
3947753 ioctl(8, _IOC(_IOC_READ|_IOC_WRITE, 0x46, 0x2b, 0x30), 0x7ffeaa725810) = 0
3947753 ioctl(8, _IOC(_IOC_READ|_IOC_WRITE, 0x46, 0x2a, 0x20), 0x7ffeaa724880) = 0
3947753 ioctl(8, _IOC(_IOC_READ|_IOC_WRITE, 0x46, 0x2b, 0x30), 0x7ffeaa725920) = 0
3947753 ioctl(8, _IOC(_IOC_READ|_IOC_WRITE, 0x46, 0x2a, 0x20), 0x7ffeaa724840) = 0
3947753 ioctl(8, _IOC(_IOC_READ|_IOC_WRITE, 0x46, 0x2a, 0x20), 0x7ffeaa724890) = 0
3947753 ioctl(8, _IOC(_IOC_READ|_IOC_WRITE, 0x46, 0x2b, 0x30), 0x7ffeaa724e70) = 0
3947753 ioctl(8, _IOC(_IOC_READ|_IOC_WRITE, 0x46, 0x2a, 0x20), 0x7ffeaa723d30) = 0
3947753 openat(AT_FDCWD, "/dev/nvidiactl", O_RDWR|O_CLOEXEC) = 33
3947753 ioctl(8, _IOC(_IOC_READ|_IOC_WRITE, 0x46, 0x4e, 0x38), 0x7ffeaa724ef0) = 0
3947753 close(33)                       = 0
3947753 ioctl(8, _IOC(_IOC_READ|_IOC_WRITE, 0x46, 0x2b, 0x30), 0x7ffeaa725810) = 0
3947753 ioctl(8, _IOC(_IOC_READ|_IOC_WRITE, 0x46, 0x2a, 0x20), 0x7ffeaa724880) = 0
3947753 ioctl(8, _IOC(_IOC_READ|_IOC_WRITE, 0x46, 0x2b, 0x30), 0x7ffeaa725920) = 0
3947753 ioctl(8, _IOC(_IOC_READ|_IOC_WRITE, 0x46, 0x2a, 0x20), 0x7ffeaa724840) = 0
3947753 ioctl(8, _IOC(_IOC_READ|_IOC_WRITE, 0x46, 0x2a, 0x20), 0x7ffeaa724890) = 0
3947753 ioctl(8, _IOC(_IOC_READ|_IOC_WRITE, 0x46, 0x2b, 0x30), 0x7ffeaa724e70) = 0
3947753 ioctl(8, _IOC(_IOC_READ|_IOC_WRITE, 0x46, 0x2a, 0x20), 0x7ffeaa723d30) = 0
3947753 openat(AT_FDCWD, "/dev/nvidiactl", O_RDWR|O_CLOEXEC) = 33
3947753 ioctl(8, _IOC(_IOC_READ|_IOC_WRITE, 0x46, 0x4e, 0x38), 0x7ffeaa724ef0) = 0
3947753 close(33)                       = 0
3947753 ioctl(8, _IOC(_IOC_READ|_IOC_WRITE, 0x46, 0x2b, 0x30), 0x7ffeaa725810) = 0
3947753 ioctl(8, _IOC(_IOC_READ|_IOC_WRITE, 0x46, 0x2a, 0x20), 0x7ffeaa724880) = 0
3947753 ioctl(8, _IOC(_IOC_READ|_IOC_WRITE, 0x46, 0x2b, 0x30), 0x7ffeaa725920) = 0
3947753 ioctl(8, _IOC(_IOC_READ|_IOC_WRITE, 0x46, 0x2a, 0x20), 0x7ffeaa724840) = 0
3947753 ioctl(8, _IOC(_IOC_READ|_IOC_WRITE, 0x46, 0x2a, 0x20), 0x7ffeaa724890) = 0
3947753 ioctl(8, _IOC(_IOC_READ|_IOC_WRITE, 0x46, 0x2b, 0x30), 0x7ffeaa724e70) = 0
3947753 ioctl(8, _IOC(_IOC_READ|_IOC_WRITE, 0x46, 0x2a, 0x20), 0x7ffeaa723d30) = 0
3947753 openat(AT_FDCWD, "/dev/nvidiactl", O_RDWR|O_CLOEXEC) = 33
3947753 ioctl(8, _IOC(_IOC_READ|_IOC_WRITE, 0x46, 0x4e, 0x38), 0x7ffeaa724ef0) = 0
3947753 close(33)                       = 0
3947753 ioctl(8, _IOC(_IOC_READ|_IOC_WRITE, 0x46, 0x2b, 0x30), 0x7ffeaa725810) = 0
3947753 ioctl(8, _IOC(_IOC_READ|_IOC_WRITE, 0x46, 0x2a, 0x20), 0x7ffeaa724880) = 0
3947753 ioctl(8, _IOC(_IOC_READ|_IOC_WRITE, 0x46, 0x2b, 0x30), 0x7ffeaa725920) = 0
3947753 ioctl(8, _IOC(_IOC_READ|_IOC_WRITE, 0x46, 0x2a, 0x20), 0x7ffeaa724840) = 0
3947753 ioctl(8, _IOC(_IOC_READ|_IOC_WRITE, 0x46, 0x2a, 0x20), 0x7ffeaa724890) = 0
3947753 ioctl(9, _IOC(_IOC_NONE, 0, 0x1b, 0), 0x7ffeaa725fd0) = 0
3947753 ioctl(9, _IOC(_IOC_NONE, 0, 0x1b, 0), 0x7ffeaa725fd0) = 0
3947753 ioctl(9, _IOC(_IOC_NONE, 0, 0x1b, 0), 0x7ffeaa725fd0) = 0
3947753 ioctl(9, _IOC(_IOC_NONE, 0, 0x1b, 0), 0x7ffeaa725fd0) = 0
3947753 ioctl(8, _IOC(_IOC_READ|_IOC_WRITE, 0x46, 0x2a, 0x20), 0x7ffeaa724ee0) = 0
3947753 openat(AT_FDCWD, "/dev/nvidia0", O_RDWR|O_CLOEXEC) = 33
3947753 ioctl(33, _IOC(_IOC_READ|_IOC_WRITE, 0x46, 0xc9, 0x4), 0x7ffeaa725ed0) = 0
3947753 ioctl(33, _IOC(_IOC_READ|_IOC_WRITE, 0x46, 0xce, 0x10), 0x7ffeaa725ec0) = 0
3947753 ioctl(33, _IOC(_IOC_READ|_IOC_WRITE, 0x46, 0x2b, 0x30), 0x7ffeaa725eb0) = 0
3947753 ioctl(8, _IOC(_IOC_READ|_IOC_WRITE, 0x46, 0x2b, 0x30), 0x7ffeaa7252b0) = 0
3947753 ioctl(8, _IOC(_IOC_READ|_IOC_WRITE, 0x46, 0x2a, 0x20), 0x7ffeaa724170) = 0
3947753 openat(AT_FDCWD, "/dev/nvidiactl", O_RDWR|O_CLOEXEC) = 35
3947753 ioctl(8, _IOC(_IOC_READ|_IOC_WRITE, 0x46, 0x4e, 0x38), 0x7ffeaa725330) = 0
3947753 close(35)                       = 0
3947753 ioctl(9, _IOC(_IOC_NONE, 0, 0x49, 0), 0x7ffeaa724f90) = 0
3947753 ioctl(9, _IOC(_IOC_NONE, 0, 0x21, 0), 0x7ffeaa722b80) = 0
3947753 ioctl(8, _IOC(_IOC_READ|_IOC_WRITE, 0x46, 0x2a, 0x20), 0x7ffeaa724a90) = 0
3947753 ioctl(8, _IOC(_IOC_READ|_IOC_WRITE, 0x46, 0x2a, 0x20), 0x7ffeaa7247e0) = 0
3947753 ioctl(8, _IOC(_IOC_READ|_IOC_WRITE, 0x46, 0x2b, 0x30), 0x7ffeaa725350) = 0
3947753 ioctl(9, _IOC(_IOC_NONE, 0, 0x49, 0), 0x7ffeaa725030) = 0
3947753 ioctl(9, _IOC(_IOC_NONE, 0, 0x21, 0), 0x7ffeaa722c20) = 0
3947753 ioctl(9, _IOC(_IOC_NONE, 0, 0x44, 0), 0x7ffeaa722ae0) = 0
3947753 ioctl(9, _IOC(_IOC_NONE, 0, 0x48, 0), 0x7ffeaa7225b0) = 0
3947753 ioctl(9, _IOC(_IOC_NONE, 0, 0x17, 0), 0x7ffeaa726100) = 0
3947753 ioctl(9, _IOC(_IOC_NONE, 0, 0x17, 0), 0x7ffeaa726100) = 0
3947753 ioctl(9, _IOC(_IOC_NONE, 0, 0x17, 0), 0x7ffeaa726100) = 0
3947753 ioctl(9, _IOC(_IOC_NONE, 0, 0x17, 0), 0x7ffeaa726100) = 0
3947753 ioctl(9, _IOC(_IOC_NONE, 0, 0x17, 0), 0x7ffeaa726100) = 0
3947753 ioctl(9, _IOC(_IOC_NONE, 0, 0x17, 0), 0x7ffeaa726100) = 0
3947753 ioctl(9, _IOC(_IOC_NONE, 0, 0x17, 0), 0x7ffeaa726100) = 0
3947753 ioctl(9, _IOC(_IOC_NONE, 0, 0x17, 0), 0x7ffeaa726100) = 0
3947753 ioctl(9, _IOC(_IOC_NONE, 0, 0x17, 0), 0x7ffeaa726100) = 0
3947753 ioctl(9, _IOC(_IOC_NONE, 0, 0x17, 0), 0x7ffeaa726100) = 0
3947753 ioctl(8, _IOC(_IOC_READ|_IOC_WRITE, 0x46, 0x2b, 0x30), 0x7ffeaa725190) = 0
3947753 ioctl(8, _IOC(_IOC_READ|_IOC_WRITE, 0x46, 0x2a, 0x20), 0x7ffeaa724050) = 0
3947753 openat(AT_FDCWD, "/dev/nvidiactl", O_RDWR|O_CLOEXEC) = 36
3947753 ioctl(8, _IOC(_IOC_READ|_IOC_WRITE, 0x46, 0x4e, 0x38), 0x7ffeaa725210) = 0
3947753 close(36)                       = 0
3947753 ioctl(9, _IOC(_IOC_NONE, 0, 0x49, 0), 0x7ffeaa724e70) = 0
3947753 ioctl(9, _IOC(_IOC_NONE, 0, 0x21, 0), 0x7ffeaa722a60) = 0
3947753 ioctl(15, _IOC(_IOC_READ|_IOC_WRITE, 0x46, 0x27, 0x38), 0x7ffeaa725180) = 0
3947753 ioctl(9, _IOC(_IOC_NONE, 0, 0x49, 0), 0x7ffeaa724e70) = 0
3947753 ioctl(9, _IOC(_IOC_NONE, 0, 0x21, 0), 0x7ffeaa722a60) = 0
3947753 ioctl(8, _IOC(_IOC_READ|_IOC_WRITE, 0x46, 0x2b, 0x30), 0x7ffeaa7254e0) = 0
3947753 ioctl(9, _IOC(_IOC_NONE, 0, 0x49, 0), 0x7ffeaa7251c0) = 0
3947753 ioctl(9, _IOC(_IOC_NONE, 0, 0x21, 0), 0x7ffeaa722db0) = 0
3947753 ioctl(15, _IOC(_IOC_READ|_IOC_WRITE, 0x46, 0x27, 0x38), 0x7ffeaa725280) = 0
3947753 ioctl(9, _IOC(_IOC_NONE, 0, 0x49, 0), 0x7ffeaa724f70) = 0
3947753 ioctl(9, _IOC(_IOC_NONE, 0, 0x21, 0), 0x7ffeaa722b60) = 0
3947753 ioctl(8, _IOC(_IOC_READ|_IOC_WRITE, 0x46, 0x2b, 0x30), 0x7ffeaa725290) = 0
3947753 ioctl(9, _IOC(_IOC_NONE, 0, 0x49, 0), 0x7ffeaa724f70) = 0
3947753 ioctl(9, _IOC(_IOC_NONE, 0, 0x21, 0), 0x7ffeaa722b60) = 0
3947753 ioctl(9, _IOC(_IOC_NONE, 0, 0x41, 0), 0x7ffeaa7253a0) = 0
3947753 ioctl(15, _IOC(_IOC_READ|_IOC_WRITE, 0x46, 0x27, 0x38), 0x7ffeaa7256c0) = 0
3947753 ioctl(9, _IOC(_IOC_NONE, 0, 0x49, 0), 0x7ffeaa7253b0) = 0
3947753 ioctl(9, _IOC(_IOC_NONE, 0, 0x21, 0), 0x7ffeaa722fa0) = 0
3947753 ioctl(8, _IOC(_IOC_READ|_IOC_WRITE, 0x46, 0x2b, 0x30), 0x7ffeaa724b70) = 0
3947753 ioctl(9, _IOC(_IOC_NONE, 0, 0x49, 0), 0x7ffeaa724850) = 0
3947753 ioctl(9, _IOC(_IOC_NONE, 0, 0x21, 0), 0x7ffeaa722440) = 0
3947753 ioctl(8, _IOC(_IOC_READ|_IOC_WRITE, 0x46, 0x2b, 0x30), 0x7ffeaa725490) = 0
3947753 ioctl(8, _IOC(_IOC_READ|_IOC_WRITE, 0x46, 0x2a, 0x20), 0x7ffeaa724350) = 0
3947753 openat(AT_FDCWD, "/dev/nvidiactl", O_RDWR|O_CLOEXEC) = 36
3947753 ioctl(8, _IOC(_IOC_READ|_IOC_WRITE, 0x46, 0x4e, 0x38), 0x7ffeaa725510) = 0
3947753 close(36)                       = 0
3947753 ioctl(9, _IOC(_IOC_NONE, 0, 0x49, 0), 0x7ffeaa725170) = 0
3947753 ioctl(9, _IOC(_IOC_NONE, 0, 0x21, 0), 0x7ffeaa722d60) = 0
3947753 ioctl(8, _IOC(_IOC_READ|_IOC_WRITE, 0x46, 0x2b, 0x30), 0x7ffeaa7243a0) = 0
3947753 ioctl(9, _IOC(_IOC_NONE, 0, 0x49, 0), 0x7ffeaa724080) = 0
3947753 ioctl(9, _IOC(_IOC_NONE, 0, 0x21, 0), 0x7ffeaa721c70) = 0
3947753 ioctl(15, _IOC(_IOC_READ|_IOC_WRITE, 0x46, 0x27, 0x38), 0x7ffeaa725470) = 0
3947753 ioctl(9, _IOC(_IOC_NONE, 0, 0x49, 0), 0x7ffeaa725160) = 0
3947753 ioctl(9, _IOC(_IOC_NONE, 0, 0x21, 0), 0x7ffeaa722d50) = 0
3947753 ioctl(8, _IOC(_IOC_READ|_IOC_WRITE, 0x46, 0x2b, 0x30), 0x7ffeaa726180) = 0
3947753 ioctl(8, _IOC(_IOC_READ|_IOC_WRITE, 0x46, 0x2b, 0x30), 0x7ffeaa725310) = 0
3947753 ioctl(8, _IOC(_IOC_READ|_IOC_WRITE, 0x46, 0x2a, 0x20), 0x7ffeaa7241d0) = 0
3947753 openat(AT_FDCWD, "/dev/nvidiactl", O_RDWR|O_CLOEXEC) = 36
3947753 ioctl(8, _IOC(_IOC_READ|_IOC_WRITE, 0x46, 0x4e, 0x38), 0x7ffeaa725390) = 0
3947753 close(36)                       = 0
3947753 ioctl(9, _IOC(_IOC_NONE, 0, 0x49, 0), 0x7ffeaa724ff0) = 0
3947753 ioctl(9, _IOC(_IOC_NONE, 0, 0x21, 0), 0x7ffeaa722be0) = 0
3947753 ioctl(8, _IOC(_IOC_READ|_IOC_WRITE, 0x46, 0x2b, 0x30), 0x7ffeaa725450) = 0
3947753 ioctl(9, _IOC(_IOC_NONE, 0, 0x49, 0), 0x7ffeaa725130) = 0
3947753 ioctl(9, _IOC(_IOC_NONE, 0, 0x21, 0), 0x7ffeaa722d20) = 0
3947753 ioctl(8, _IOC(_IOC_READ|_IOC_WRITE, 0x46, 0x2b, 0x30), 0x7ffeaa725450) = 0
3947753 ioctl(9, _IOC(_IOC_NONE, 0, 0x49, 0), 0x7ffeaa725130) = 0
3947753 ioctl(9, _IOC(_IOC_NONE, 0, 0x21, 0), 0x7ffeaa722d20) = 0
3947753 openat(AT_FDCWD, "/dev/nvidia0", O_RDWR|O_CLOEXEC) = 36
3947753 ioctl(36, _IOC(_IOC_READ|_IOC_WRITE, 0x46, 0xc9, 0x4), 0x7ffeaa726030) = 0
3947753 ioctl(36, _IOC(_IOC_READ|_IOC_WRITE, 0x46, 0xce, 0x10), 0x7ffeaa726020) = 0
3947753 ioctl(36, _IOC(_IOC_READ|_IOC_WRITE, 0x46, 0x2b, 0x30), 0x7ffeaa726010) = 0
3947753 openat(AT_FDCWD, "/dev/nvidia0", O_RDWR|O_CLOEXEC) = 38
3947753 ioctl(38, _IOC(_IOC_READ|_IOC_WRITE, 0x46, 0xc9, 0x4), 0x7ffeaa726030) = 0
3947753 ioctl(38, _IOC(_IOC_READ|_IOC_WRITE, 0x46, 0xce, 0x10), 0x7ffeaa726020) = 0
3947753 ioctl(38, _IOC(_IOC_READ|_IOC_WRITE, 0x46, 0x2b, 0x30), 0x7ffeaa726010) = 0
3947753 openat(AT_FDCWD, "/dev/nvidia0", O_RDWR|O_CLOEXEC) = 40
3947753 ioctl(40, _IOC(_IOC_READ|_IOC_WRITE, 0x46, 0xc9, 0x4), 0x7ffeaa726030) = 0
3947753 ioctl(40, _IOC(_IOC_READ|_IOC_WRITE, 0x46, 0xce, 0x10), 0x7ffeaa726020) = 0
3947753 ioctl(40, _IOC(_IOC_READ|_IOC_WRITE, 0x46, 0x2b, 0x30), 0x7ffeaa726010) = 0
3947753 openat(AT_FDCWD, "/dev/nvidia0", O_RDWR|O_CLOEXEC) = 42
3947753 ioctl(42, _IOC(_IOC_READ|_IOC_WRITE, 0x46, 0xc9, 0x4), 0x7ffeaa726030) = 0
3947753 ioctl(42, _IOC(_IOC_READ|_IOC_WRITE, 0x46, 0xce, 0x10), 0x7ffeaa726020) = 0
3947753 ioctl(42, _IOC(_IOC_READ|_IOC_WRITE, 0x46, 0x2b, 0x30), 0x7ffeaa726010) = 0
3947753 ioctl(8, _IOC(_IOC_READ|_IOC_WRITE, 0x46, 0x2a, 0x20), 0x7ffeaa724f80) = 0
3947753 ioctl(8, _IOC(_IOC_READ|_IOC_WRITE, 0x46, 0x2a, 0x20), 0x7ffeaa725030) = 0
3947753 ioctl(8, _IOC(_IOC_READ|_IOC_WRITE, 0x46, 0x2a, 0x20), 0x7ffeaa7250c0) = 0
3947753 ioctl(8, _IOC(_IOC_READ|_IOC_WRITE, 0x46, 0x2b, 0x30), 0x7ffeaa725430) = 0
3947753 ioctl(9, _IOC(_IOC_NONE, 0, 0x49, 0), 0x7ffeaa725110) = 0
3947753 ioctl(9, _IOC(_IOC_NONE, 0, 0x21, 0), 0x7ffeaa722d00) = 0
3947753 ioctl(8, _IOC(_IOC_READ|_IOC_WRITE, 0x46, 0x2a, 0x20), 0x7ffeaa7250c0) = 0
3947753 openat(AT_FDCWD, "/proc/self/task/3947767/comm", O_WRONLY|O_CREAT|O_TRUNC, 0666) = 44
3947753 close(44)                       = 0
3947767 +++ exited with 0 +++
3947754 +++ exited with 0 +++
3947753 +++ exited with 0 +++
