3113832 openat(AT_FDCWD, "/etc/ld.so.cache", O_RDONLY|O_CLOEXEC) = 3
3113832 close(3)                        = 0
3113832 openat(AT_FDCWD, "/lib/x86_64-linux-gnu/libcuda.so.1", O_RDONLY|O_CLOEXEC) = 3
3113832 close(3)                        = 0
3113832 openat(AT_FDCWD, "/lib/x86_64-linux-gnu/libc.so.6", O_RDONLY|O_CLOEXEC) = 3
3113832 close(3)                        = 0
3113832 openat(AT_FDCWD, "/lib/x86_64-linux-gnu/libm.so.6", O_RDONLY|O_CLOEXEC) = 3
3113832 close(3)                        = 0
3113832 openat(AT_FDCWD, "/lib/x86_64-linux-gnu/libdl.so.2", O_RDONLY|O_CLOEXEC) = 3
3113832 close(3)                        = 0
3113832 openat(AT_FDCWD, "/lib/x86_64-linux-gnu/libpthread.so.0", O_RDONLY|O_CLOEXEC) = 3
3113832 close(3)                        = 0
3113832 openat(AT_FDCWD, "/lib/x86_64-linux-gnu/librt.so.1", O_RDONLY|O_CLOEXEC) = 3
3113832 close(3)                        = 0
3113832 openat(AT_FDCWD, "/sys/devices/system/cpu/online", O_RDONLY|O_CLOEXEC) = 3
3113832 close(3)                        = 0
3113832 openat(AT_FDCWD, "/sys/devices/system/cpu/online", O_RDONLY|O_CLOEXEC) = 3
3113832 close(3)                        = 0
3113832 openat(AT_FDCWD, "/proc/sys/vm/mmap_min_addr", O_RDONLY) = 3
3113832 close(3)                        = 0
3113832 openat(AT_FDCWD, "/proc/cpuinfo", O_RDONLY) = 3
3113832 close(3)                        = 0
3113832 openat(AT_FDCWD, "/proc/self/maps", O_RDONLY) = 3
3113832 close(3)                        = 0
3113832 openat(AT_FDCWD, "/sys/devices/system/cpu/online", O_RDONLY|O_CLOEXEC) = 3
3113832 close(3)                        = 0
3113832 openat(AT_FDCWD, "/proc/self/task/3113833/comm", O_WRONLY|O_CREAT|O_TRUNC, 0666) = 8
3113832 close(8)                        = 0
3113832 openat(AT_FDCWD, "/dev/shm/cuda_injection_path_shm", O_RDWR|O_NOFOLLOW|O_CLOEXEC) = -1 ENOENT (No such file or directory)
3113832 openat(AT_FDCWD, "/home/pm3371/.nv/nvidia-application-profile-globals-rc", O_RDONLY) = -1 ENOENT (No such file or directory)
3113832 openat(AT_FDCWD, "/home/pm3371/.nv/nvidia-application-profiles-rc", O_RDONLY) = -1 ENOENT (No such file or directory)
3113832 openat(AT_FDCWD, "/home/pm3371/.nv/nvidia-application-profiles-rc.d", O_RDONLY) = -1 ENOENT (No such file or directory)
3113832 openat(AT_FDCWD, "/etc/nvidia/nvidia-application-profiles-rc", O_RDONLY) = -1 ENOENT (No such file or directory)
3113832 openat(AT_FDCWD, "/etc/nvidia/nvidia-application-profiles-rc.d/", O_RDONLY) = -1 ENOENT (No such file or directory)
3113832 openat(AT_FDCWD, "/usr/share/nvidia/nvidia-application-profiles-555.42.02-rc", O_RDONLY) = 8
3113832 close(8)                        = 0
3113832 openat(AT_FDCWD, "/usr/share/nvidia/nvidia-application-profiles-rc", O_RDONLY) = -1 ENOENT (No such file or directory)
3113832 openat(AT_FDCWD, "/proc/self/cmdline", O_RDONLY) = 8
3113832 close(8)                        = 0
3113832 close(8)                        = 0
3113832 openat(AT_FDCWD, "/proc/modules", O_RDONLY) = 8
3113832 close(8)                        = 0
3113832 openat(AT_FDCWD, "/proc/driver/nvidia/params", O_RDONLY) = 8
3113832 close(8)                        = 0
3113832 openat(AT_FDCWD, "/dev/nvidiactl", O_RDWR) = 8
3113832 openat(AT_FDCWD, "/sys/devices/system/memory/block_size_bytes", O_RDONLY) = 9
3113832 close(9)                        = 0
3113832 ioctl(8, _IOC(_IOC_READ|_IOC_WRITE, 0x46, 0xd6, 0x8), 0x7ffc2d62eb40) = 0
3113832 ioctl(8, _IOC(_IOC_READ|_IOC_WRITE, 0x46, 0xc8, 0x900), 0x7f46974b6ae0) = 0
3113832 openat(AT_FDCWD, "/proc/driver/nvidia/params", O_RDONLY) = 9
3113832 close(9)                        = 0
3113832 ioctl(8, _IOC(_IOC_READ|_IOC_WRITE, 0x46, 0x2b, 0x20), 0x7ffc2d62ec90) = 0
3113832 ioctl(8, _IOC(_IOC_READ|_IOC_WRITE, 0x46, 0x2a, 0x20), 0x7ffc2d62db90) = 0
3113832 ioctl(8, _IOC(_IOC_READ|_IOC_WRITE, 0x46, 0x29, 0x10), 0x7ffc2d62ec70) = 0
3113832 close(8)                        = 0
3113832 openat(AT_FDCWD, "/proc/modules", O_RDONLY) = 8
3113832 close(8)                        = 0
3113832 openat(AT_FDCWD, "/proc/driver/nvidia/params", O_RDONLY) = 8
3113832 close(8)                        = 0
3113832 openat(AT_FDCWD, "/dev/nvidiactl", O_RDWR) = 8
3113832 openat(AT_FDCWD, "/sys/devices/system/memory/block_size_bytes", O_RDONLY) = 9
3113832 close(9)                        = 0
3113832 ioctl(8, _IOC(_IOC_READ|_IOC_WRITE, 0x46, 0xd6, 0x8), 0x7ffc2d62f100) = 0
3113832 ioctl(8, _IOC(_IOC_READ|_IOC_WRITE, 0x46, 0xc8, 0x900), 0x7f46974b6ae0) = 0
3113832 openat(AT_FDCWD, "/proc/driver/nvidia/params", O_RDONLY) = 9
3113832 close(9)                        = 0
3113832 ioctl(8, _IOC(_IOC_READ|_IOC_WRITE, 0x46, 0x2b, 0x20), 0x7ffc2d62f250) = 0
3113832 ioctl(8, _IOC(_IOC_READ|_IOC_WRITE, 0x46, 0x2a, 0x20), 0x7ffc2d62e110) = 0
3113832 ioctl(8, _IOC(_IOC_READ|_IOC_WRITE, 0x46, 0x2a, 0x20), 0x7ffc2d62e110) = 0
3113832 ioctl(8, _IOC(_IOC_READ|_IOC_WRITE, 0x46, 0x2b, 0x30), 0x7ffc2d62f240) = 0
3113832 ioctl(8, _IOC(_IOC_READ|_IOC_WRITE, 0x46, 0x2a, 0x20), 0x7ffc2d62e120) = 0
3113832 openat(AT_FDCWD, "/sys/devices/system/cpu/online", O_RDONLY|O_CLOEXEC) = 9
3113832 close(9)                        = 0
3113832 openat(AT_FDCWD, "/proc/self/status", O_RDONLY) = 9
3113832 close(9)                        = 0
3113832 openat(AT_FDCWD, "/sys/devices/system/node", O_RDONLY|O_NONBLOCK|O_CLOEXEC|O_DIRECTORY) = 9
3113832 openat(AT_FDCWD, "/sys/devices/system/node/node0/cpumap", O_RDONLY) = 10
3113832 close(10)                       = 0
3113832 openat(AT_FDCWD, "/sys/devices/system/node/node1/cpumap", O_RDONLY) = 10
3113832 close(10)                       = 0
3113832 close(9)                        = 0
3113832 openat(AT_FDCWD, "/proc/modules", O_RDONLY) = 9
3113832 close(9)                        = 0
3113832 openat(AT_FDCWD, "/proc/devices", O_RDONLY) = 9
3113832 close(9)                        = 0
3113832 openat(AT_FDCWD, "/dev/nvidia-uvm", O_RDWR|O_CLOEXEC) = 9
3113832 openat(AT_FDCWD, "/dev/nvidia-uvm", O_RDWR|O_CLOEXEC) = 10
3113832 ioctl(9, _IOC(_IOC_NONE, 0, 0x1, 0x3000), 0x7ffc2d62f250) = 0
3113832 ioctl(10, _IOC(_IOC_NONE, 0, 0x4b, 0), 0x7ffc2d62f250) = 0
3113832 close(10)                       = 0
3113832 ioctl(9, _IOC(_IOC_NONE, 0, 0x27, 0), 0x7ffc2d62f250) = 0
3113832 ioctl(8, _IOC(_IOC_READ|_IOC_WRITE, 0x46, 0x2a, 0x20), 0x7ffc2d62c2c0) = 0
3113832 ioctl(8, _IOC(_IOC_READ|_IOC_WRITE, 0x46, 0x2a, 0x20), 0x7ffc2d62baf0) = 0
3113832 ioctl(8, _IOC(_IOC_READ|_IOC_WRITE, 0x46, 0x2a, 0x20), 0x7ffc2d62c200) = 0
3113832 openat(AT_FDCWD, "/proc/driver/nvidia/params", O_RDONLY) = 10
3113832 close(10)                       = 0
3113832 openat(AT_FDCWD, "/dev/nvidia0", O_RDWR|O_CLOEXEC) = 10
3113832 ioctl(8, _IOC(_IOC_READ|_IOC_WRITE, 0x46, 0x2a, 0x20), 0x7ffc2d62c200) = 0
3113832 openat(AT_FDCWD, "/proc/driver/nvidia/params", O_RDONLY) = 11
3113832 close(11)                       = 0
3113832 openat(AT_FDCWD, "/dev/nvidia1", O_RDWR|O_CLOEXEC) = 11
3113832 ioctl(8, _IOC(_IOC_READ|_IOC_WRITE, 0x46, 0x2a, 0x20), 0x7ffc2d62c200) = 0
3113832 openat(AT_FDCWD, "/proc/driver/nvidia/params", O_RDONLY) = 12
3113832 close(12)                       = 0
3113832 openat(AT_FDCWD, "/dev/nvidia2", O_RDWR|O_CLOEXEC) = 12
3113832 ioctl(8, _IOC(_IOC_READ|_IOC_WRITE, 0x46, 0x2a, 0x20), 0x7ffc2d62c200) = 0
3113832 openat(AT_FDCWD, "/proc/driver/nvidia/params", O_RDONLY) = 13
3113832 close(13)                       = 0
3113832 openat(AT_FDCWD, "/dev/nvidia3", O_RDWR|O_CLOEXEC) = -1 EIO (Input/output error)
3113832 openat(AT_FDCWD, "/dev/nvidia3", O_RDWR) = -1 EIO (Input/output error)
3113832 ioctl(8, _IOC(_IOC_READ|_IOC_WRITE, 0x46, 0xd1, 0xc), 0x7ffc2d62c0d4) = 0
3113832 ioctl(8, _IOC(_IOC_READ|_IOC_WRITE, 0x46, 0x2a, 0x20), 0x7ffc2d62c3c0) = 0
3113832 ioctl(8, _IOC(_IOC_READ|_IOC_WRITE, 0x46, 0x2a, 0x20), 0x7ffc2d62c3b0) = 0
3113832 ioctl(8, _IOC(_IOC_READ|_IOC_WRITE, 0x46, 0x29, 0x10), 0x7ffc2d62d450) = 0
3113832 ioctl(8, _IOC(_IOC_READ|_IOC_WRITE, 0x46, 0x2a, 0x20), 0x7ffc2d62c240) = 0
3113832 ioctl(8, _IOC(_IOC_READ|_IOC_WRITE, 0x46, 0x2a, 0x20), 0x7ffc2d62c240) = 0
3113832 openat(AT_FDCWD, "/proc/driver/nvidia/params", O_RDONLY) = 13
3113832 close(13)                       = 0
3113832 openat(AT_FDCWD, "/dev/nvidia0", O_RDWR|O_CLOEXEC) = 13
3113832 ioctl(13, _IOC(_IOC_READ|_IOC_WRITE, 0x46, 0xc9, 0x4), 0x7ffc2d62d3c0) = 0
3113832 ioctl(13, _IOC(_IOC_READ|_IOC_WRITE, 0x46, 0xd7, 0x230), 0x7ffc2d62d140) = 0
3113832 ioctl(8, _IOC(_IOC_READ|_IOC_WRITE, 0x46, 0x2b, 0x30), 0x7ffc2d62d490) = 0
3113832 ioctl(8, _IOC(_IOC_READ|_IOC_WRITE, 0x46, 0x2a, 0x20), 0x7ffc2d62c3c0) = 0
3113832 ioctl(8, _IOC(_IOC_READ|_IOC_WRITE, 0x46, 0x2a, 0x20), 0x7ffc2d62c220) = 0
3113832 ioctl(8, _IOC(_IOC_READ|_IOC_WRITE, 0x46, 0x2a, 0x20), 0x7ffc2d62c3c0) = 0
3113832 ioctl(8, _IOC(_IOC_READ|_IOC_WRITE, 0x46, 0x2a, 0x20), 0x7ffc2d62c330) = 0
3113832 ioctl(8, _IOC(_IOC_READ|_IOC_WRITE, 0x46, 0x2a, 0x20), 0x7ffc2d62c230) = 0
3113832 ioctl(8, _IOC(_IOC_READ|_IOC_WRITE, 0x46, 0x2a, 0x20), 0x7ffc2d62c230) = 0
3113832 openat(AT_FDCWD, "/proc/driver/nvidia/params", O_RDONLY) = 14
3113832 close(14)                       = 0
3113832 openat(AT_FDCWD, "/dev/nvidia0", O_RDWR|O_CLOEXEC) = 14
3113832 ioctl(14, _IOC(_IOC_READ|_IOC_WRITE, 0x46, 0xc9, 0x4), 0x7ffc2d62d3b0) = 0
3113832 ioctl(8, _IOC(_IOC_READ|_IOC_WRITE, 0x46, 0x2b, 0x30), 0x7ffc2d62d4c0) = 0
3113832 ioctl(8, _IOC(_IOC_READ|_IOC_WRITE, 0x46, 0x2b, 0x30), 0x7ffc2d62d4e0) = 0
3113832 ioctl(8, _IOC(_IOC_READ|_IOC_WRITE, 0x46, 0x2a, 0x20), 0x7ffc2d62c210) = 0
3113832 ioctl(8, _IOC(_IOC_READ|_IOC_WRITE, 0x46, 0x2a, 0x20), 0x7ffc2d62bd10) = 0
3113832 ioctl(8, _IOC(_IOC_READ|_IOC_WRITE, 0x46, 0x2a, 0x20), 0x7ffc2d62c2c0) = 0
3113832 ioctl(8, _IOC(_IOC_READ|_IOC_WRITE, 0x46, 0x2a, 0x20), 0x7ffc2d62b930) = 0
3113832 ioctl(8, _IOC(_IOC_READ|_IOC_WRITE, 0x46, 0x2a, 0x20), 0x7ffc2d62b120) = 0
3113832 ioctl(8, _IOC(_IOC_READ|_IOC_WRITE, 0x46, 0x2a, 0x20), 0x7ffc2d62b770) = 0
3113832 ioctl(8, _IOC(_IOC_READ|_IOC_WRITE, 0x46, 0x2a, 0x20), 0x7ffc2d62bfe0) = 0
3113832 ioctl(8, _IOC(_IOC_READ|_IOC_WRITE, 0x46, 0x2a, 0x20), 0x7ffc2d62c1b0) = 0
3113832 ioctl(8, _IOC(_IOC_READ|_IOC_WRITE, 0x46, 0x2a, 0x20), 0x7ffc2d62bea0) = 0
3113832 ioctl(8, _IOC(_IOC_READ|_IOC_WRITE, 0x46, 0x2a, 0x20), 0x7ffc2d62bea0) = 0
3113832 ioctl(8, _IOC(_IOC_READ|_IOC_WRITE, 0x46, 0x2a, 0x20), 0x7ffc2d62bea0) = 0
3113832 ioctl(8, _IOC(_IOC_READ|_IOC_WRITE, 0x46, 0x2a, 0x20), 0x7ffc2d62bea0) = 0
3113832 ioctl(8, _IOC(_IOC_READ|_IOC_WRITE, 0x46, 0x2a, 0x20), 0x7ffc2d62bea0) = 0
3113832 ioctl(8, _IOC(_IOC_READ|_IOC_WRITE, 0x46, 0x2a, 0x20), 0x7ffc2d62bcf0) = 0
3113832 ioctl(8, _IOC(_IOC_READ|_IOC_WRITE, 0x46, 0x2a, 0x20), 0x7ffc2d62c000) = 0
3113832 ioctl(8, _IOC(_IOC_READ|_IOC_WRITE, 0x46, 0x2a, 0x20), 0x7ffc2d62c0a0) = 0
3113832 ioctl(8, _IOC(_IOC_READ|_IOC_WRITE, 0x46, 0x2a, 0x20), 0x7ffc2d62c1b0) = 0
3113832 ioctl(8, _IOC(_IOC_READ|_IOC_WRITE, 0x46, 0x2a, 0x20), 0x7ffc2d62c1b0) = 0
3113832 ioctl(8, _IOC(_IOC_READ|_IOC_WRITE, 0x46, 0x2a, 0x20), 0x7ffc2d62bf00) = 0
3113832 ioctl(8, _IOC(_IOC_READ|_IOC_WRITE, 0x46, 0x2a, 0x20), 0x7ffc2d62c0e0) = 0
3113832 ioctl(8, _IOC(_IOC_READ|_IOC_WRITE, 0x46, 0x2a, 0x20), 0x7ffc2d62c0e0) = 0
3113832 ioctl(8, _IOC(_IOC_READ|_IOC_WRITE, 0x46, 0x2a, 0x20), 0x7ffc2d62c0e0) = 0
3113832 ioctl(8, _IOC(_IOC_READ|_IOC_WRITE, 0x46, 0x2a, 0x20), 0x7ffc2d62c0e0) = 0
3113832 ioctl(8, _IOC(_IOC_READ|_IOC_WRITE, 0x46, 0x2a, 0x20), 0x7ffc2d62c0e0) = 0
3113832 ioctl(8, _IOC(_IOC_READ|_IOC_WRITE, 0x46, 0x2a, 0x20), 0x7ffc2d62c0e0) = 0
3113832 ioctl(8, _IOC(_IOC_READ|_IOC_WRITE, 0x46, 0x2a, 0x20), 0x7ffc2d62c0e0) = 0
3113832 ioctl(8, _IOC(_IOC_READ|_IOC_WRITE, 0x46, 0x2a, 0x20), 0x7ffc2d62c0d0) = 0
3113832 ioctl(8, _IOC(_IOC_READ|_IOC_WRITE, 0x46, 0x2a, 0x20), 0x7ffc2d62c050) = 0
3113832 ioctl(8, _IOC(_IOC_READ|_IOC_WRITE, 0x46, 0x2a, 0x20), 0x7ffc2d629b30) = 0
3113832 ioctl(8, _IOC(_IOC_READ|_IOC_WRITE, 0x46, 0x2a, 0x20), 0x7ffc2d62abe0) = 0
3113832 ioctl(8, _IOC(_IOC_READ|_IOC_WRITE, 0x46, 0x2a, 0x20), 0x7ffc2d62c1e0) = 0
3113832 ioctl(8, _IOC(_IOC_READ|_IOC_WRITE, 0x46, 0x2a, 0x20), 0x7ffc2d62c030) = 0
3113832 ioctl(8, _IOC(_IOC_READ|_IOC_WRITE, 0x46, 0x2b, 0x30), 0x7ffc2d62d250) = 0
3113832 ioctl(8, _IOC(_IOC_READ|_IOC_WRITE, 0x46, 0x2a, 0x20), 0x7ffc2d62c020) = 0
3113832 openat(AT_FDCWD, "/dev/nvidia0", O_RDWR|O_CLOEXEC) = 15
3113832 ioctl(8, _IOC(_IOC_READ|_IOC_WRITE, 0x46, 0x4e, 0x38), 0x7ffc2d62d1e0) = 0
3113832 close(15)                       = 0
3113832 ioctl(8, _IOC(_IOC_READ|_IOC_WRITE, 0x46, 0x2a, 0x20), 0x7ffc2d62c180) = 0
3113832 ioctl(8, _IOC(_IOC_READ|_IOC_WRITE, 0x46, 0x2b, 0x30), 0x7ffc2d62d2d0) = 0
3113832 ioctl(8, _IOC(_IOC_READ|_IOC_WRITE, 0x46, 0x2b, 0x30), 0x7ffc2d62d2d0) = 0
3113832 ioctl(8, _IOC(_IOC_READ|_IOC_WRITE, 0x46, 0x2a, 0x20), 0x7ffc2d62c1b0) = 0
3113832 ioctl(8, _IOC(_IOC_READ|_IOC_WRITE, 0x46, 0x2a, 0x20), 0x7ffc2d62c110) = 0
3113832 ioctl(8, _IOC(_IOC_READ|_IOC_WRITE, 0x46, 0x2a, 0x20), 0x7ffc2d62c110) = 0
3113832 ioctl(8, _IOC(_IOC_READ|_IOC_WRITE, 0x46, 0x2a, 0x20), 0x7ffc2d62c210) = 0
3113832 ioctl(8, _IOC(_IOC_READ|_IOC_WRITE, 0x46, 0x2a, 0x20), 0x7ffc2d62c0d0) = 0
3113832 openat(AT_FDCWD, "/sys/bus/pci/devices/0000:3f:00.0/numa_node", O_RDONLY) = 15
3113832 close(15)                       = 0
3113832 ioctl(8, _IOC(_IOC_READ|_IOC_WRITE, 0x46, 0x2a, 0x20), 0x7ffc2d62c3b0) = 0
3113832 ioctl(8, _IOC(_IOC_READ|_IOC_WRITE, 0x46, 0x29, 0x10), 0x7ffc2d62d450) = 0
3113832 ioctl(8, _IOC(_IOC_READ|_IOC_WRITE, 0x46, 0x2a, 0x20), 0x7ffc2d62c240) = 0
3113832 ioctl(8, _IOC(_IOC_READ|_IOC_WRITE, 0x46, 0x2a, 0x20), 0x7ffc2d62c240) = 0
3113832 ioctl(8, _IOC(_IOC_READ|_IOC_WRITE, 0x46, 0x2a, 0x20), 0x7ffc2d62c240) = 0
3113832 openat(AT_FDCWD, "/proc/driver/nvidia/params", O_RDONLY) = 15
3113832 close(15)                       = 0
3113832 openat(AT_FDCWD, "/dev/nvidia1", O_RDWR|O_CLOEXEC) = 15
3113832 ioctl(15, _IOC(_IOC_READ|_IOC_WRITE, 0x46, 0xc9, 0x4), 0x7ffc2d62d3c0) = 0
3113832 ioctl(15, _IOC(_IOC_READ|_IOC_WRITE, 0x46, 0xd7, 0x230), 0x7ffc2d62d140) = 0
3113832 ioctl(8, _IOC(_IOC_READ|_IOC_WRITE, 0x46, 0x2b, 0x30), 0x7ffc2d62d490) = 0
3113832 ioctl(8, _IOC(_IOC_READ|_IOC_WRITE, 0x46, 0x2a, 0x20), 0x7ffc2d62c3c0) = 0
3113832 ioctl(8, _IOC(_IOC_READ|_IOC_WRITE, 0x46, 0x2a, 0x20), 0x7ffc2d62c220) = 0
3113832 ioctl(8, _IOC(_IOC_READ|_IOC_WRITE, 0x46, 0x2a, 0x20), 0x7ffc2d62c3c0) = 0
3113832 ioctl(8, _IOC(_IOC_READ|_IOC_WRITE, 0x46, 0x2a, 0x20), 0x7ffc2d62c330) = 0
3113832 ioctl(8, _IOC(_IOC_READ|_IOC_WRITE, 0x46, 0x2a, 0x20), 0x7ffc2d62c230) = 0
3113832 ioctl(8, _IOC(_IOC_READ|_IOC_WRITE, 0x46, 0x2a, 0x20), 0x7ffc2d62c230) = 0
3113832 ioctl(8, _IOC(_IOC_READ|_IOC_WRITE, 0x46, 0x2a, 0x20), 0x7ffc2d62c230) = 0
3113832 openat(AT_FDCWD, "/proc/driver/nvidia/params", O_RDONLY) = 16
3113832 close(16)                       = 0
3113832 openat(AT_FDCWD, "/dev/nvidia1", O_RDWR|O_CLOEXEC) = 16
3113832 ioctl(16, _IOC(_IOC_READ|_IOC_WRITE, 0x46, 0xc9, 0x4), 0x7ffc2d62d3b0) = 0
3113832 ioctl(8, _IOC(_IOC_READ|_IOC_WRITE, 0x46, 0x2b, 0x30), 0x7ffc2d62d4c0) = 0
3113832 ioctl(8, _IOC(_IOC_READ|_IOC_WRITE, 0x46, 0x2b, 0x30), 0x7ffc2d62d4e0) = 0
3113832 ioctl(8, _IOC(_IOC_READ|_IOC_WRITE, 0x46, 0x2a, 0x20), 0x7ffc2d62c210) = 0
3113832 ioctl(8, _IOC(_IOC_READ|_IOC_WRITE, 0x46, 0x2a, 0x20), 0x7ffc2d62bd10) = 0
3113832 ioctl(8, _IOC(_IOC_READ|_IOC_WRITE, 0x46, 0x2a, 0x20), 0x7ffc2d62c2c0) = 0
3113832 ioctl(8, _IOC(_IOC_READ|_IOC_WRITE, 0x46, 0x2a, 0x20), 0x7ffc2d62b930) = 0
3113832 ioctl(8, _IOC(_IOC_READ|_IOC_WRITE, 0x46, 0x2a, 0x20), 0x7ffc2d62b120) = 0
3113832 ioctl(8, _IOC(_IOC_READ|_IOC_WRITE, 0x46, 0x2a, 0x20), 0x7ffc2d62b770) = 0
3113832 ioctl(8, _IOC(_IOC_READ|_IOC_WRITE, 0x46, 0x2a, 0x20), 0x7ffc2d62bfe0) = 0
3113832 ioctl(8, _IOC(_IOC_READ|_IOC_WRITE, 0x46, 0x2a, 0x20), 0x7ffc2d62c1b0) = 0
3113832 ioctl(8, _IOC(_IOC_READ|_IOC_WRITE, 0x46, 0x2a, 0x20), 0x7ffc2d62bea0) = 0
3113832 ioctl(8, _IOC(_IOC_READ|_IOC_WRITE, 0x46, 0x2a, 0x20), 0x7ffc2d62bea0) = 0
3113832 ioctl(8, _IOC(_IOC_READ|_IOC_WRITE, 0x46, 0x2a, 0x20), 0x7ffc2d62bea0) = 0
3113832 ioctl(8, _IOC(_IOC_READ|_IOC_WRITE, 0x46, 0x2a, 0x20), 0x7ffc2d62bea0) = 0
3113832 ioctl(8, _IOC(_IOC_READ|_IOC_WRITE, 0x46, 0x2a, 0x20), 0x7ffc2d62bea0) = 0
3113832 ioctl(8, _IOC(_IOC_READ|_IOC_WRITE, 0x46, 0x2a, 0x20), 0x7ffc2d62bcf0) = 0
3113832 ioctl(8, _IOC(_IOC_READ|_IOC_WRITE, 0x46, 0x2a, 0x20), 0x7ffc2d62c000) = 0
3113832 ioctl(8, _IOC(_IOC_READ|_IOC_WRITE, 0x46, 0x2a, 0x20), 0x7ffc2d62c0a0) = 0
3113832 ioctl(8, _IOC(_IOC_READ|_IOC_WRITE, 0x46, 0x2a, 0x20), 0x7ffc2d62c1b0) = 0
3113832 ioctl(8, _IOC(_IOC_READ|_IOC_WRITE, 0x46, 0x2a, 0x20), 0x7ffc2d62c1b0) = 0
3113832 ioctl(8, _IOC(_IOC_READ|_IOC_WRITE, 0x46, 0x2a, 0x20), 0x7ffc2d62bf00) = 0
3113832 ioctl(8, _IOC(_IOC_READ|_IOC_WRITE, 0x46, 0x2a, 0x20), 0x7ffc2d62c0e0) = 0
3113832 ioctl(8, _IOC(_IOC_READ|_IOC_WRITE, 0x46, 0x2a, 0x20), 0x7ffc2d62c0e0) = 0
3113832 ioctl(8, _IOC(_IOC_READ|_IOC_WRITE, 0x46, 0x2a, 0x20), 0x7ffc2d62c0e0) = 0
3113832 ioctl(8, _IOC(_IOC_READ|_IOC_WRITE, 0x46, 0x2a, 0x20), 0x7ffc2d62c0e0) = 0
3113832 ioctl(8, _IOC(_IOC_READ|_IOC_WRITE, 0x46, 0x2a, 0x20), 0x7ffc2d62c0e0) = 0
3113832 ioctl(8, _IOC(_IOC_READ|_IOC_WRITE, 0x46, 0x2a, 0x20), 0x7ffc2d62c0e0) = 0
3113832 ioctl(8, _IOC(_IOC_READ|_IOC_WRITE, 0x46, 0x2a, 0x20), 0x7ffc2d62c0e0) = 0
3113832 ioctl(8, _IOC(_IOC_READ|_IOC_WRITE, 0x46, 0x2a, 0x20), 0x7ffc2d62c0d0) = 0
3113832 ioctl(8, _IOC(_IOC_READ|_IOC_WRITE, 0x46, 0x2a, 0x20), 0x7ffc2d62c050) = 0
3113832 ioctl(8, _IOC(_IOC_READ|_IOC_WRITE, 0x46, 0x2a, 0x20), 0x7ffc2d629b30) = 0
3113832 ioctl(8, _IOC(_IOC_READ|_IOC_WRITE, 0x46, 0x2a, 0x20), 0x7ffc2d62abe0) = 0
3113832 ioctl(8, _IOC(_IOC_READ|_IOC_WRITE, 0x46, 0x2a, 0x20), 0x7ffc2d62c1e0) = 0
3113832 ioctl(8, _IOC(_IOC_READ|_IOC_WRITE, 0x46, 0x2a, 0x20), 0x7ffc2d62c030) = 0
3113832 ioctl(8, _IOC(_IOC_READ|_IOC_WRITE, 0x46, 0x2b, 0x30), 0x7ffc2d62d250) = 0
3113832 ioctl(8, _IOC(_IOC_READ|_IOC_WRITE, 0x46, 0x2a, 0x20), 0x7ffc2d62c020) = 0
3113832 openat(AT_FDCWD, "/dev/nvidia1", O_RDWR|O_CLOEXEC) = 17
3113832 ioctl(8, _IOC(_IOC_READ|_IOC_WRITE, 0x46, 0x4e, 0x38), 0x7ffc2d62d1e0) = 0
3113832 close(17)                       = 0
3113832 ioctl(8, _IOC(_IOC_READ|_IOC_WRITE, 0x46, 0x2a, 0x20), 0x7ffc2d62c180) = 0
3113832 ioctl(8, _IOC(_IOC_READ|_IOC_WRITE, 0x46, 0x2b, 0x30), 0x7ffc2d62d2d0) = 0
3113832 ioctl(8, _IOC(_IOC_READ|_IOC_WRITE, 0x46, 0x2b, 0x30), 0x7ffc2d62d2d0) = 0
3113832 ioctl(8, _IOC(_IOC_READ|_IOC_WRITE, 0x46, 0x2a, 0x20), 0x7ffc2d62c1b0) = 0
3113832 ioctl(8, _IOC(_IOC_READ|_IOC_WRITE, 0x46, 0x2a, 0x20), 0x7ffc2d62c110) = 0
3113832 ioctl(8, _IOC(_IOC_READ|_IOC_WRITE, 0x46, 0x2a, 0x20), 0x7ffc2d62c110) = 0
3113832 ioctl(8, _IOC(_IOC_READ|_IOC_WRITE, 0x46, 0x2a, 0x20), 0x7ffc2d62c210) = 0
3113832 ioctl(8, _IOC(_IOC_READ|_IOC_WRITE, 0x46, 0x2a, 0x20), 0x7ffc2d62c0d0) = 0
3113832 openat(AT_FDCWD, "/sys/bus/pci/devices/0000:40:00.0/numa_node", O_RDONLY) = 17
3113832 close(17)                       = 0
3113832 ioctl(8, _IOC(_IOC_READ|_IOC_WRITE, 0x46, 0x2a, 0x20), 0x7ffc2d62c3b0) = 0
3113832 ioctl(8, _IOC(_IOC_READ|_IOC_WRITE, 0x46, 0x29, 0x10), 0x7ffc2d62d450) = 0
3113832 ioctl(8, _IOC(_IOC_READ|_IOC_WRITE, 0x46, 0x2a, 0x20), 0x7ffc2d62c240) = 0
3113832 ioctl(8, _IOC(_IOC_READ|_IOC_WRITE, 0x46, 0x2a, 0x20), 0x7ffc2d62c240) = 0
3113832 ioctl(8, _IOC(_IOC_READ|_IOC_WRITE, 0x46, 0x2a, 0x20), 0x7ffc2d62c240) = 0
3113832 ioctl(8, _IOC(_IOC_READ|_IOC_WRITE, 0x46, 0x2a, 0x20), 0x7ffc2d62c240) = 0
3113832 openat(AT_FDCWD, "/proc/driver/nvidia/params", O_RDONLY) = 17
3113832 close(17)                       = 0
3113832 openat(AT_FDCWD, "/dev/nvidia2", O_RDWR|O_CLOEXEC) = 17
3113832 ioctl(17, _IOC(_IOC_READ|_IOC_WRITE, 0x46, 0xc9, 0x4), 0x7ffc2d62d3c0) = 0
3113832 ioctl(17, _IOC(_IOC_READ|_IOC_WRITE, 0x46, 0xd7, 0x230), 0x7ffc2d62d140) = 0
3113832 ioctl(8, _IOC(_IOC_READ|_IOC_WRITE, 0x46, 0x2b, 0x30), 0x7ffc2d62d490) = 0
3113832 ioctl(8, _IOC(_IOC_READ|_IOC_WRITE, 0x46, 0x2a, 0x20), 0x7ffc2d62c3c0) = 0
3113832 ioctl(8, _IOC(_IOC_READ|_IOC_WRITE, 0x46, 0x2a, 0x20), 0x7ffc2d62c220) = 0
3113832 ioctl(8, _IOC(_IOC_READ|_IOC_WRITE, 0x46, 0x2a, 0x20), 0x7ffc2d62c3c0) = 0
3113832 ioctl(8, _IOC(_IOC_READ|_IOC_WRITE, 0x46, 0x2a, 0x20), 0x7ffc2d62c330) = 0
3113832 ioctl(8, _IOC(_IOC_READ|_IOC_WRITE, 0x46, 0x2a, 0x20), 0x7ffc2d62c230) = 0
3113832 ioctl(8, _IOC(_IOC_READ|_IOC_WRITE, 0x46, 0x2a, 0x20), 0x7ffc2d62c230) = 0
3113832 ioctl(8, _IOC(_IOC_READ|_IOC_WRITE, 0x46, 0x2a, 0x20), 0x7ffc2d62c230) = 0
3113832 ioctl(8, _IOC(_IOC_READ|_IOC_WRITE, 0x46, 0x2a, 0x20), 0x7ffc2d62c230) = 0
3113832 openat(AT_FDCWD, "/proc/driver/nvidia/params", O_RDONLY) = 18
3113832 close(18)                       = 0
3113832 openat(AT_FDCWD, "/dev/nvidia2", O_RDWR|O_CLOEXEC) = 18
3113832 ioctl(18, _IOC(_IOC_READ|_IOC_WRITE, 0x46, 0xc9, 0x4), 0x7ffc2d62d3b0) = 0
3113832 ioctl(8, _IOC(_IOC_READ|_IOC_WRITE, 0x46, 0x2b, 0x30), 0x7ffc2d62d4c0) = 0
3113832 ioctl(8, _IOC(_IOC_READ|_IOC_WRITE, 0x46, 0x2b, 0x30), 0x7ffc2d62d4e0) = 0
3113832 ioctl(8, _IOC(_IOC_READ|_IOC_WRITE, 0x46, 0x2a, 0x20), 0x7ffc2d62c210) = 0
3113832 ioctl(8, _IOC(_IOC_READ|_IOC_WRITE, 0x46, 0x2a, 0x20), 0x7ffc2d62bd10) = 0
3113832 ioctl(8, _IOC(_IOC_READ|_IOC_WRITE, 0x46, 0x2a, 0x20), 0x7ffc2d62c2c0) = 0
3113832 ioctl(8, _IOC(_IOC_READ|_IOC_WRITE, 0x46, 0x2a, 0x20), 0x7ffc2d62b930) = 0
3113832 ioctl(8, _IOC(_IOC_READ|_IOC_WRITE, 0x46, 0x2a, 0x20), 0x7ffc2d62b120) = 0
3113832 ioctl(8, _IOC(_IOC_READ|_IOC_WRITE, 0x46, 0x2a, 0x20), 0x7ffc2d62b770) = 0
3113832 ioctl(8, _IOC(_IOC_READ|_IOC_WRITE, 0x46, 0x2a, 0x20), 0x7ffc2d62bfe0) = 0
3113832 ioctl(8, _IOC(_IOC_READ|_IOC_WRITE, 0x46, 0x2a, 0x20), 0x7ffc2d62c1b0) = 0
3113832 ioctl(8, _IOC(_IOC_READ|_IOC_WRITE, 0x46, 0x2a, 0x20), 0x7ffc2d62bea0) = 0
3113832 ioctl(8, _IOC(_IOC_READ|_IOC_WRITE, 0x46, 0x2a, 0x20), 0x7ffc2d62bea0) = 0
3113832 ioctl(8, _IOC(_IOC_READ|_IOC_WRITE, 0x46, 0x2a, 0x20), 0x7ffc2d62bea0) = 0
3113832 ioctl(8, _IOC(_IOC_READ|_IOC_WRITE, 0x46, 0x2a, 0x20), 0x7ffc2d62bea0) = 0
3113832 ioctl(8, _IOC(_IOC_READ|_IOC_WRITE, 0x46, 0x2a, 0x20), 0x7ffc2d62bea0) = 0
3113832 ioctl(8, _IOC(_IOC_READ|_IOC_WRITE, 0x46, 0x2a, 0x20), 0x7ffc2d62bcf0) = 0
3113832 ioctl(8, _IOC(_IOC_READ|_IOC_WRITE, 0x46, 0x2a, 0x20), 0x7ffc2d62c000) = 0
3113832 ioctl(8, _IOC(_IOC_READ|_IOC_WRITE, 0x46, 0x2a, 0x20), 0x7ffc2d62c0a0) = 0
3113832 ioctl(8, _IOC(_IOC_READ|_IOC_WRITE, 0x46, 0x2a, 0x20), 0x7ffc2d62c1b0) = 0
3113832 ioctl(8, _IOC(_IOC_READ|_IOC_WRITE, 0x46, 0x2a, 0x20), 0x7ffc2d62c1b0) = 0
3113832 ioctl(8, _IOC(_IOC_READ|_IOC_WRITE, 0x46, 0x2a, 0x20), 0x7ffc2d62bf00) = 0
3113832 ioctl(8, _IOC(_IOC_READ|_IOC_WRITE, 0x46, 0x2a, 0x20), 0x7ffc2d62c0e0) = 0
3113832 ioctl(8, _IOC(_IOC_READ|_IOC_WRITE, 0x46, 0x2a, 0x20), 0x7ffc2d62c0e0) = 0
3113832 ioctl(8, _IOC(_IOC_READ|_IOC_WRITE, 0x46, 0x2a, 0x20), 0x7ffc2d62c0e0) = 0
3113832 ioctl(8, _IOC(_IOC_READ|_IOC_WRITE, 0x46, 0x2a, 0x20), 0x7ffc2d62c0e0) = 0
3113832 ioctl(8, _IOC(_IOC_READ|_IOC_WRITE, 0x46, 0x2a, 0x20), 0x7ffc2d62c0e0) = 0
3113832 ioctl(8, _IOC(_IOC_READ|_IOC_WRITE, 0x46, 0x2a, 0x20), 0x7ffc2d62c0e0) = 0
3113832 ioctl(8, _IOC(_IOC_READ|_IOC_WRITE, 0x46, 0x2a, 0x20), 0x7ffc2d62c0e0) = 0
3113832 ioctl(8, _IOC(_IOC_READ|_IOC_WRITE, 0x46, 0x2a, 0x20), 0x7ffc2d62c0d0) = 0
3113832 ioctl(8, _IOC(_IOC_READ|_IOC_WRITE, 0x46, 0x2a, 0x20), 0x7ffc2d62c050) = 0
3113832 ioctl(8, _IOC(_IOC_READ|_IOC_WRITE, 0x46, 0x2a, 0x20), 0x7ffc2d629b30) = 0
3113832 ioctl(8, _IOC(_IOC_READ|_IOC_WRITE, 0x46, 0x2a, 0x20), 0x7ffc2d62abe0) = 0
3113832 ioctl(8, _IOC(_IOC_READ|_IOC_WRITE, 0x46, 0x2a, 0x20), 0x7ffc2d62c1e0) = 0
3113832 ioctl(8, _IOC(_IOC_READ|_IOC_WRITE, 0x46, 0x2a, 0x20), 0x7ffc2d62c030) = 0
3113832 ioctl(8, _IOC(_IOC_READ|_IOC_WRITE, 0x46, 0x2b, 0x30), 0x7ffc2d62d250) = 0
3113832 ioctl(8, _IOC(_IOC_READ|_IOC_WRITE, 0x46, 0x2a, 0x20), 0x7ffc2d62c020) = 0
3113832 openat(AT_FDCWD, "/dev/nvidia2", O_RDWR|O_CLOEXEC) = 19
3113832 ioctl(8, _IOC(_IOC_READ|_IOC_WRITE, 0x46, 0x4e, 0x38), 0x7ffc2d62d1e0) = 0
3113832 close(19)                       = 0
3113832 ioctl(8, _IOC(_IOC_READ|_IOC_WRITE, 0x46, 0x2a, 0x20), 0x7ffc2d62c180) = 0
3113832 ioctl(8, _IOC(_IOC_READ|_IOC_WRITE, 0x46, 0x2b, 0x30), 0x7ffc2d62d2d0) = 0
3113832 ioctl(8, _IOC(_IOC_READ|_IOC_WRITE, 0x46, 0x2b, 0x30), 0x7ffc2d62d2d0) = 0
3113832 ioctl(8, _IOC(_IOC_READ|_IOC_WRITE, 0x46, 0x2a, 0x20), 0x7ffc2d62c1b0) = 0
3113832 ioctl(8, _IOC(_IOC_READ|_IOC_WRITE, 0x46, 0x2a, 0x20), 0x7ffc2d62c110) = 0
3113832 ioctl(8, _IOC(_IOC_READ|_IOC_WRITE, 0x46, 0x2a, 0x20), 0x7ffc2d62c110) = 0
3113832 ioctl(8, _IOC(_IOC_READ|_IOC_WRITE, 0x46, 0x2a, 0x20), 0x7ffc2d62c210) = 0
3113832 ioctl(8, _IOC(_IOC_READ|_IOC_WRITE, 0x46, 0x2a, 0x20), 0x7ffc2d62c0d0) = 0
3113832 openat(AT_FDCWD, "/sys/bus/pci/devices/0000:60:00.0/numa_node", O_RDONLY) = 19
3113832 close(19)                       = 0
3113832 ioctl(8, _IOC(_IOC_READ|_IOC_WRITE, 0x46, 0x2a, 0x20), 0x7ffc2d62c3c0) = 0
3113832 ioctl(8, _IOC(_IOC_READ|_IOC_WRITE, 0x46, 0x2a, 0x20), 0x7ffc2d62d520) = 0
3113832 ioctl(8, _IOC(_IOC_READ|_IOC_WRITE, 0x46, 0x2a, 0x20), 0x7ffc2d62d520) = 0
3113832 ioctl(8, _IOC(_IOC_READ|_IOC_WRITE, 0x46, 0x2a, 0x20), 0x7ffc2d62d520) = 0
3113832 ioctl(8, _IOC(_IOC_READ|_IOC_WRITE, 0x46, 0x2a, 0x20), 0x7ffc2d62d520) = 0
3113832 ioctl(8, _IOC(_IOC_READ|_IOC_WRITE, 0x46, 0x2a, 0x20), 0x7ffc2d62d520) = 0
3113832 ioctl(8, _IOC(_IOC_READ|_IOC_WRITE, 0x46, 0x2a, 0x20), 0x7ffc2d62d520) = 0
3113832 ioctl(8, _IOC(_IOC_READ|_IOC_WRITE, 0x46, 0x2a, 0x20), 0x7ffc2d62c670) = 0
3113832 ioctl(8, _IOC(_IOC_READ|_IOC_WRITE, 0x46, 0x2a, 0x20), 0x7ffc2d62c670) = 0
3113832 ioctl(8, _IOC(_IOC_READ|_IOC_WRITE, 0x46, 0x2a, 0x20), 0x7ffc2d62c670) = 0
3113832 ioctl(8, _IOC(_IOC_READ|_IOC_WRITE, 0x46, 0x2a, 0x20), 0x7ffc2d62c670) = 0
3113832 ioctl(8, _IOC(_IOC_READ|_IOC_WRITE, 0x46, 0x2a, 0x20), 0x7ffc2d62b6f0) = 0
3113832 ioctl(8, _IOC(_IOC_READ|_IOC_WRITE, 0x46, 0x2a, 0x20), 0x7ffc2d62cef0) = 0
3113832 ioctl(8, _IOC(_IOC_READ|_IOC_WRITE, 0x46, 0x2a, 0x20), 0x7ffc2d62b6f0) = 0
3113832 ioctl(8, _IOC(_IOC_READ|_IOC_WRITE, 0x46, 0x2a, 0x20), 0x7ffc2d62cef0) = 0
3113832 ioctl(8, _IOC(_IOC_READ|_IOC_WRITE, 0x46, 0x2a, 0x20), 0x7ffc2d62cef0) = 0
3113832 ioctl(8, _IOC(_IOC_READ|_IOC_WRITE, 0x46, 0x2a, 0x20), 0x7ffc2d62b6f0) = 0
3113832 ioctl(9, _IOC(_IOC_NONE, 0, 0x25, 0), 0x7ffc2d62edc0) = 0
3113832 ioctl(9, _IOC(_IOC_NONE, 0, 0x25, 0), 0x7ffc2d62edc0) = 0
3113832 ioctl(9, _IOC(_IOC_NONE, 0, 0x25, 0), 0x7ffc2d62edc0) = 0
3113832 ioctl(9, _IOC(_IOC_NONE, 0, 0x17, 0), 0x7ffc2d62f290) = 0
3113832 ioctl(8, _IOC(_IOC_READ|_IOC_WRITE, 0x46, 0x2b, 0x30), 0x7ffc2d62eff0) = 0
3113832 ioctl(8, _IOC(_IOC_READ|_IOC_WRITE, 0x46, 0x2b, 0x30), 0x7ffc2d62eff0) = 0
3113832 ioctl(8, _IOC(_IOC_READ|_IOC_WRITE, 0x46, 0x2b, 0x30), 0x7ffc2d62eff0) = 0
3113832 ioctl(8, _IOC(_IOC_READ|_IOC_WRITE, 0x46, 0x2a, 0x20), 0x7ffc2d62d860) = 0
3113832 ioctl(8, _IOC(_IOC_READ|_IOC_WRITE, 0x46, 0x2a, 0x20), 0x7ffc2d62d870) = 0
3113832 ioctl(8, _IOC(_IOC_READ|_IOC_WRITE, 0x46, 0x2a, 0x20), 0x7ffc2d62d8a0) = 0
3113832 ioctl(9, _IOC(_IOC_NONE, 0, 0x19, 0), 0x7ffc2d62e980) = 0
3113832 ioctl(8, _IOC(_IOC_READ|_IOC_WRITE, 0x46, 0x2b, 0x30), 0x7ffc2d62dc50) = 0
3113832 ioctl(9, _IOC(_IOC_NONE, 0, 0x49, 0), 0x7ffc2d62d930) = 0
3113832 ioctl(9, _IOC(_IOC_NONE, 0, 0x21, 0), 0x7ffc2d62b520) = 0
3113832 ioctl(8, _IOC(_IOC_READ|_IOC_WRITE, 0x46, 0x2b, 0x30), 0x7ffc2d62db30) = 0
3113832 ioctl(9, _IOC(_IOC_NONE, 0, 0x49, 0), 0x7ffc2d62d810) = 0
3113832 ioctl(9, _IOC(_IOC_NONE, 0, 0x21, 0), 0x7ffc2d62b400) = 0
3113832 ioctl(8, _IOC(_IOC_READ|_IOC_WRITE, 0x46, 0x2b, 0x30), 0x7ffc2d62db30) = 0
3113832 ioctl(9, _IOC(_IOC_NONE, 0, 0x49, 0), 0x7ffc2d62d810) = 0
3113832 ioctl(9, _IOC(_IOC_NONE, 0, 0x21, 0), 0x7ffc2d62b400) = 0
3113832 ioctl(8, _IOC(_IOC_READ|_IOC_WRITE, 0x46, 0x2b, 0x30), 0x7ffc2d62dd30) = 0
3113832 ioctl(9, _IOC(_IOC_NONE, 0, 0x49, 0), 0x7ffc2d62da10) = 0
3113832 ioctl(9, _IOC(_IOC_NONE, 0, 0x21, 0), 0x7ffc2d62b600) = 0
3113832 ioctl(8, _IOC(_IOC_READ|_IOC_WRITE, 0x46, 0x2b, 0x30), 0x7ffc2d62e610) = 0
3113832 ioctl(8, _IOC(_IOC_READ|_IOC_WRITE, 0x46, 0x2b, 0x30), 0x7ffc2d62e600) = 0
3113832 ioctl(8, _IOC(_IOC_READ|_IOC_WRITE, 0x46, 0x2b, 0x30), 0x7ffc2d62d4e0) = 0
3113832 ioctl(8, _IOC(_IOC_READ|_IOC_WRITE, 0x46, 0x2a, 0x20), 0x7ffc2d62c3a0) = 0
3113832 openat(AT_FDCWD, "/dev/nvidia0", O_RDWR|O_CLOEXEC) = 21
3113832 ioctl(8, _IOC(_IOC_READ|_IOC_WRITE, 0x46, 0x4e, 0x38), 0x7ffc2d62d560) = 0
3113832 ioctl(8, _IOC(_IOC_READ|_IOC_WRITE, 0x46, 0x5e, 0x28), 0x7ffc2d62d530) = 0
3113832 close(21)                       = 0
3113832 ioctl(9, _IOC(_IOC_NONE, 0, 0x49, 0), 0x7ffc2d62d1c0) = 0
3113832 ioctl(9, _IOC(_IOC_NONE, 0, 0x21, 0), 0x7ffc2d62adb0) = 0
3113832 ioctl(8, _IOC(_IOC_READ|_IOC_WRITE, 0x46, 0x2b, 0x30), 0x7ffc2d62d300) = 0
3113832 ioctl(8, _IOC(_IOC_READ|_IOC_WRITE, 0x46, 0x2a, 0x20), 0x7ffc2d62c1c0) = 0
3113832 openat(AT_FDCWD, "/dev/nvidiactl", O_RDWR|O_CLOEXEC) = 21
3113832 ioctl(8, _IOC(_IOC_READ|_IOC_WRITE, 0x46, 0x4e, 0x38), 0x7ffc2d62d380) = 0
3113832 close(21)                       = 0
3113832 ioctl(9, _IOC(_IOC_NONE, 0, 0x49, 0), 0x7ffc2d62cfe0) = 0
3113832 ioctl(9, _IOC(_IOC_NONE, 0, 0x21, 0), 0x7ffc2d62abd0) = 0
3113832 ioctl(8, _IOC(_IOC_READ|_IOC_WRITE, 0x46, 0x2b, 0x30), 0x7ffc2d62d660) = 0
3113832 ioctl(8, _IOC(_IOC_READ|_IOC_WRITE, 0x46, 0x2a, 0x20), 0x7ffc2d62c520) = 0
3113832 openat(AT_FDCWD, "/dev/nvidiactl", O_RDWR|O_CLOEXEC) = 21
3113832 ioctl(8, _IOC(_IOC_READ|_IOC_WRITE, 0x46, 0x4e, 0x38), 0x7ffc2d62d6e0) = 0
3113832 close(21)                       = 0
3113832 ioctl(8, _IOC(_IOC_READ|_IOC_WRITE, 0x46, 0x2b, 0x30), 0x7ffc2d62e000) = 0
3113832 ioctl(8, _IOC(_IOC_READ|_IOC_WRITE, 0x46, 0x2a, 0x20), 0x7ffc2d62d070) = 0
3113832 ioctl(8, _IOC(_IOC_READ|_IOC_WRITE, 0x46, 0x2b, 0x30), 0x7ffc2d62e110) = 0
3113832 ioctl(8, _IOC(_IOC_READ|_IOC_WRITE, 0x46, 0x2a, 0x20), 0x7ffc2d62d030) = 0
3113832 ioctl(8, _IOC(_IOC_READ|_IOC_WRITE, 0x46, 0x2b, 0x30), 0x7ffc2d62e110) = 0
3113832 ioctl(8, _IOC(_IOC_READ|_IOC_WRITE, 0x46, 0x2a, 0x20), 0x7ffc2d62d030) = 0
3113832 ioctl(8, _IOC(_IOC_READ|_IOC_WRITE, 0x46, 0x2a, 0x20), 0x7ffc2d62d080) = 0
3113832 ioctl(8, _IOC(_IOC_READ|_IOC_WRITE, 0x46, 0x2a, 0x20), 0x7ffc2d62d080) = 0
3113832 ioctl(8, _IOC(_IOC_READ|_IOC_WRITE, 0x46, 0x2b, 0x30), 0x7ffc2d62da00) = 0
3113832 ioctl(8, _IOC(_IOC_READ|_IOC_WRITE, 0x46, 0x2a, 0x20), 0x7ffc2d62c8c0) = 0
3113832 openat(AT_FDCWD, "/dev/nvidiactl", O_RDWR|O_CLOEXEC) = 21
3113832 ioctl(8, _IOC(_IOC_READ|_IOC_WRITE, 0x46, 0x4e, 0x38), 0x7ffc2d62da80) = 0
3113832 close(21)                       = 0
3113832 ioctl(9, _IOC(_IOC_NONE, 0, 0x49, 0), 0x7ffc2d62d6e0) = 0
3113832 ioctl(9, _IOC(_IOC_NONE, 0, 0x21, 0), 0x7ffc2d62b2d0) = 0
3113832 ioctl(8, _IOC(_IOC_READ|_IOC_WRITE, 0x46, 0x2b, 0x30), 0x7ffc2d62d660) = 0
3113832 ioctl(8, _IOC(_IOC_READ|_IOC_WRITE, 0x46, 0x2a, 0x20), 0x7ffc2d62c520) = 0
3113832 openat(AT_FDCWD, "/dev/nvidiactl", O_RDWR|O_CLOEXEC) = 21
3113832 ioctl(8, _IOC(_IOC_READ|_IOC_WRITE, 0x46, 0x4e, 0x38), 0x7ffc2d62d6e0) = 0
3113832 close(21)                       = 0
3113832 ioctl(8, _IOC(_IOC_READ|_IOC_WRITE, 0x46, 0x2b, 0x30), 0x7ffc2d62e000) = 0
3113832 ioctl(8, _IOC(_IOC_READ|_IOC_WRITE, 0x46, 0x2a, 0x20), 0x7ffc2d62d070) = 0
3113832 ioctl(8, _IOC(_IOC_READ|_IOC_WRITE, 0x46, 0x2b, 0x30), 0x7ffc2d62e110) = 0
3113832 ioctl(8, _IOC(_IOC_READ|_IOC_WRITE, 0x46, 0x2a, 0x20), 0x7ffc2d62d030) = 0
3113832 ioctl(8, _IOC(_IOC_READ|_IOC_WRITE, 0x46, 0x2b, 0x30), 0x7ffc2d62e110) = 0
3113832 ioctl(8, _IOC(_IOC_READ|_IOC_WRITE, 0x46, 0x2a, 0x20), 0x7ffc2d62d030) = 0
3113832 ioctl(8, _IOC(_IOC_READ|_IOC_WRITE, 0x46, 0x2a, 0x20), 0x7ffc2d62d080) = 0
3113832 ioctl(8, _IOC(_IOC_READ|_IOC_WRITE, 0x46, 0x2a, 0x20), 0x7ffc2d62d080) = 0
3113832 ioctl(8, _IOC(_IOC_READ|_IOC_WRITE, 0x46, 0x2b, 0x30), 0x7ffc2d62d660) = 0
3113832 ioctl(8, _IOC(_IOC_READ|_IOC_WRITE, 0x46, 0x2a, 0x20), 0x7ffc2d62c520) = 0
3113832 openat(AT_FDCWD, "/dev/nvidiactl", O_RDWR|O_CLOEXEC) = 21
3113832 ioctl(8, _IOC(_IOC_READ|_IOC_WRITE, 0x46, 0x4e, 0x38), 0x7ffc2d62d6e0) = 0
3113832 close(21)                       = 0
3113832 ioctl(8, _IOC(_IOC_READ|_IOC_WRITE, 0x46, 0x2b, 0x30), 0x7ffc2d62e000) = 0
3113832 ioctl(8, _IOC(_IOC_READ|_IOC_WRITE, 0x46, 0x2a, 0x20), 0x7ffc2d62d070) = 0
3113832 ioctl(8, _IOC(_IOC_READ|_IOC_WRITE, 0x46, 0x2b, 0x30), 0x7ffc2d62e110) = 0
3113832 ioctl(8, _IOC(_IOC_READ|_IOC_WRITE, 0x46, 0x2a, 0x20), 0x7ffc2d62d030) = 0
3113832 ioctl(8, _IOC(_IOC_READ|_IOC_WRITE, 0x46, 0x2b, 0x30), 0x7ffc2d62e110) = 0
3113832 ioctl(8, _IOC(_IOC_READ|_IOC_WRITE, 0x46, 0x2a, 0x20), 0x7ffc2d62d030) = 0
3113832 ioctl(8, _IOC(_IOC_READ|_IOC_WRITE, 0x46, 0x2a, 0x20), 0x7ffc2d62d080) = 0
3113832 ioctl(8, _IOC(_IOC_READ|_IOC_WRITE, 0x46, 0x2a, 0x20), 0x7ffc2d62d080) = 0
3113832 ioctl(8, _IOC(_IOC_READ|_IOC_WRITE, 0x46, 0x2b, 0x30), 0x7ffc2d62d660) = 0
3113832 ioctl(8, _IOC(_IOC_READ|_IOC_WRITE, 0x46, 0x2a, 0x20), 0x7ffc2d62c520) = 0
3113832 openat(AT_FDCWD, "/dev/nvidiactl", O_RDWR|O_CLOEXEC) = 21
3113832 ioctl(8, _IOC(_IOC_READ|_IOC_WRITE, 0x46, 0x4e, 0x38), 0x7ffc2d62d6e0) = 0
3113832 close(21)                       = 0
3113832 ioctl(8, _IOC(_IOC_READ|_IOC_WRITE, 0x46, 0x2b, 0x30), 0x7ffc2d62e000) = 0
3113832 ioctl(8, _IOC(_IOC_READ|_IOC_WRITE, 0x46, 0x2a, 0x20), 0x7ffc2d62d070) = 0
3113832 ioctl(8, _IOC(_IOC_READ|_IOC_WRITE, 0x46, 0x2b, 0x30), 0x7ffc2d62e110) = 0
3113832 ioctl(8, _IOC(_IOC_READ|_IOC_WRITE, 0x46, 0x2a, 0x20), 0x7ffc2d62d030) = 0
3113832 ioctl(8, _IOC(_IOC_READ|_IOC_WRITE, 0x46, 0x2b, 0x30), 0x7ffc2d62e110) = 0
3113832 ioctl(8, _IOC(_IOC_READ|_IOC_WRITE, 0x46, 0x2a, 0x20), 0x7ffc2d62d030) = 0
3113832 ioctl(8, _IOC(_IOC_READ|_IOC_WRITE, 0x46, 0x2a, 0x20), 0x7ffc2d62d080) = 0
3113832 ioctl(8, _IOC(_IOC_READ|_IOC_WRITE, 0x46, 0x2a, 0x20), 0x7ffc2d62d080) = 0
3113832 ioctl(8, _IOC(_IOC_READ|_IOC_WRITE, 0x46, 0x2b, 0x30), 0x7ffc2d62d660) = 0
3113832 ioctl(8, _IOC(_IOC_READ|_IOC_WRITE, 0x46, 0x2a, 0x20), 0x7ffc2d62c520) = 0
3113832 openat(AT_FDCWD, "/dev/nvidiactl", O_RDWR|O_CLOEXEC) = 21
3113832 ioctl(8, _IOC(_IOC_READ|_IOC_WRITE, 0x46, 0x4e, 0x38), 0x7ffc2d62d6e0) = 0
3113832 close(21)                       = 0
3113832 ioctl(8, _IOC(_IOC_READ|_IOC_WRITE, 0x46, 0x2b, 0x30), 0x7ffc2d62e000) = 0
3113832 ioctl(8, _IOC(_IOC_READ|_IOC_WRITE, 0x46, 0x2a, 0x20), 0x7ffc2d62d070) = 0
3113832 ioctl(8, _IOC(_IOC_READ|_IOC_WRITE, 0x46, 0x2b, 0x30), 0x7ffc2d62e110) = 0
3113832 ioctl(8, _IOC(_IOC_READ|_IOC_WRITE, 0x46, 0x2a, 0x20), 0x7ffc2d62d030) = 0
3113832 ioctl(8, _IOC(_IOC_READ|_IOC_WRITE, 0x46, 0x2b, 0x30), 0x7ffc2d62e110) = 0
3113832 ioctl(8, _IOC(_IOC_READ|_IOC_WRITE, 0x46, 0x2a, 0x20), 0x7ffc2d62d030) = 0
3113832 ioctl(8, _IOC(_IOC_READ|_IOC_WRITE, 0x46, 0x2a, 0x20), 0x7ffc2d62d080) = 0
3113832 ioctl(8, _IOC(_IOC_READ|_IOC_WRITE, 0x46, 0x2a, 0x20), 0x7ffc2d62d080) = 0
3113832 ioctl(8, _IOC(_IOC_READ|_IOC_WRITE, 0x46, 0x2b, 0x30), 0x7ffc2d62d660) = 0
3113832 ioctl(8, _IOC(_IOC_READ|_IOC_WRITE, 0x46, 0x2a, 0x20), 0x7ffc2d62c520) = 0
3113832 openat(AT_FDCWD, "/dev/nvidiactl", O_RDWR|O_CLOEXEC) = 21
3113832 ioctl(8, _IOC(_IOC_READ|_IOC_WRITE, 0x46, 0x4e, 0x38), 0x7ffc2d62d6e0) = 0
3113832 close(21)                       = 0
3113832 ioctl(8, _IOC(_IOC_READ|_IOC_WRITE, 0x46, 0x2b, 0x30), 0x7ffc2d62e000) = 0
3113832 ioctl(8, _IOC(_IOC_READ|_IOC_WRITE, 0x46, 0x2a, 0x20), 0x7ffc2d62d070) = 0
3113832 ioctl(8, _IOC(_IOC_READ|_IOC_WRITE, 0x46, 0x2b, 0x30), 0x7ffc2d62e110) = 0
3113832 ioctl(8, _IOC(_IOC_READ|_IOC_WRITE, 0x46, 0x2a, 0x20), 0x7ffc2d62d030) = 0
3113832 ioctl(8, _IOC(_IOC_READ|_IOC_WRITE, 0x46, 0x2b, 0x30), 0x7ffc2d62e110) = 0
3113832 ioctl(8, _IOC(_IOC_READ|_IOC_WRITE, 0x46, 0x2a, 0x20), 0x7ffc2d62d030) = 0
3113832 ioctl(8, _IOC(_IOC_READ|_IOC_WRITE, 0x46, 0x2a, 0x20), 0x7ffc2d62d080) = 0
3113832 ioctl(8, _IOC(_IOC_READ|_IOC_WRITE, 0x46, 0x2a, 0x20), 0x7ffc2d62d080) = 0
3113832 ioctl(8, _IOC(_IOC_READ|_IOC_WRITE, 0x46, 0x2b, 0x30), 0x7ffc2d62d660) = 0
3113832 ioctl(8, _IOC(_IOC_READ|_IOC_WRITE, 0x46, 0x2a, 0x20), 0x7ffc2d62c520) = 0
3113832 openat(AT_FDCWD, "/dev/nvidiactl", O_RDWR|O_CLOEXEC) = 21
3113832 ioctl(8, _IOC(_IOC_READ|_IOC_WRITE, 0x46, 0x4e, 0x38), 0x7ffc2d62d6e0) = 0
3113832 close(21)                       = 0
3113832 ioctl(8, _IOC(_IOC_READ|_IOC_WRITE, 0x46, 0x2b, 0x30), 0x7ffc2d62e000) = 0
3113832 ioctl(8, _IOC(_IOC_READ|_IOC_WRITE, 0x46, 0x2a, 0x20), 0x7ffc2d62d070) = 0
3113832 ioctl(8, _IOC(_IOC_READ|_IOC_WRITE, 0x46, 0x2b, 0x30), 0x7ffc2d62e110) = 0
3113832 ioctl(8, _IOC(_IOC_READ|_IOC_WRITE, 0x46, 0x2a, 0x20), 0x7ffc2d62d030) = 0
3113832 ioctl(8, _IOC(_IOC_READ|_IOC_WRITE, 0x46, 0x2b, 0x30), 0x7ffc2d62e110) = 0
3113832 ioctl(8, _IOC(_IOC_READ|_IOC_WRITE, 0x46, 0x2a, 0x20), 0x7ffc2d62d030) = 0
3113832 ioctl(8, _IOC(_IOC_READ|_IOC_WRITE, 0x46, 0x2a, 0x20), 0x7ffc2d62d080) = 0
3113832 ioctl(8, _IOC(_IOC_READ|_IOC_WRITE, 0x46, 0x2a, 0x20), 0x7ffc2d62d080) = 0
3113832 ioctl(8, _IOC(_IOC_READ|_IOC_WRITE, 0x46, 0x2b, 0x30), 0x7ffc2d62d660) = 0
3113832 ioctl(8, _IOC(_IOC_READ|_IOC_WRITE, 0x46, 0x2a, 0x20), 0x7ffc2d62c520) = 0
3113832 openat(AT_FDCWD, "/dev/nvidiactl", O_RDWR|O_CLOEXEC) = 21
3113832 ioctl(8, _IOC(_IOC_READ|_IOC_WRITE, 0x46, 0x4e, 0x38), 0x7ffc2d62d6e0) = 0
3113832 close(21)                       = 0
3113832 ioctl(8, _IOC(_IOC_READ|_IOC_WRITE, 0x46, 0x2b, 0x30), 0x7ffc2d62e000) = 0
3113832 ioctl(8, _IOC(_IOC_READ|_IOC_WRITE, 0x46, 0x2a, 0x20), 0x7ffc2d62d070) = 0
3113832 ioctl(8, _IOC(_IOC_READ|_IOC_WRITE, 0x46, 0x2b, 0x30), 0x7ffc2d62e110) = 0
3113832 ioctl(8, _IOC(_IOC_READ|_IOC_WRITE, 0x46, 0x2a, 0x20), 0x7ffc2d62d030) = 0
3113832 ioctl(8, _IOC(_IOC_READ|_IOC_WRITE, 0x46, 0x2b, 0x30), 0x7ffc2d62e110) = 0
3113832 ioctl(8, _IOC(_IOC_READ|_IOC_WRITE, 0x46, 0x2a, 0x20), 0x7ffc2d62d030) = 0
3113832 ioctl(8, _IOC(_IOC_READ|_IOC_WRITE, 0x46, 0x2a, 0x20), 0x7ffc2d62d080) = 0
3113832 ioctl(8, _IOC(_IOC_READ|_IOC_WRITE, 0x46, 0x2a, 0x20), 0x7ffc2d62d080) = 0
3113832 ioctl(9, _IOC(_IOC_NONE, 0, 0x1b, 0), 0x7ffc2d62e7c0) = 0
3113832 ioctl(9, _IOC(_IOC_NONE, 0, 0x1b, 0), 0x7ffc2d62e7c0) = 0
3113832 ioctl(9, _IOC(_IOC_NONE, 0, 0x1b, 0), 0x7ffc2d62e7c0) = 0
3113832 ioctl(9, _IOC(_IOC_NONE, 0, 0x1b, 0), 0x7ffc2d62e7c0) = 0
3113832 ioctl(9, _IOC(_IOC_NONE, 0, 0x1b, 0), 0x7ffc2d62e7c0) = 0
3113832 ioctl(9, _IOC(_IOC_NONE, 0, 0x1b, 0), 0x7ffc2d62e7c0) = 0
3113832 ioctl(9, _IOC(_IOC_NONE, 0, 0x1b, 0), 0x7ffc2d62e7c0) = 0
3113832 ioctl(9, _IOC(_IOC_NONE, 0, 0x1b, 0), 0x7ffc2d62e7c0) = 0
3113832 ioctl(8, _IOC(_IOC_READ|_IOC_WRITE, 0x46, 0x2a, 0x20), 0x7ffc2d62d6d0) = 0
3113832 openat(AT_FDCWD, "/dev/nvidia0", O_RDWR|O_CLOEXEC) = 21
3113832 ioctl(21, _IOC(_IOC_READ|_IOC_WRITE, 0x46, 0xc9, 0x4), 0x7ffc2d62e6c0) = 0
3113832 ioctl(21, _IOC(_IOC_READ|_IOC_WRITE, 0x46, 0xce, 0x10), 0x7ffc2d62e6b0) = 0
3113832 ioctl(21, _IOC(_IOC_READ|_IOC_WRITE, 0x46, 0x2b, 0x30), 0x7ffc2d62e6a0) = 0
3113832 ioctl(8, _IOC(_IOC_READ|_IOC_WRITE, 0x46, 0x2b, 0x30), 0x7ffc2d62e610) = 0
3113832 ioctl(8, _IOC(_IOC_READ|_IOC_WRITE, 0x46, 0x2b, 0x30), 0x7ffc2d62d660) = 0
3113832 ioctl(8, _IOC(_IOC_READ|_IOC_WRITE, 0x46, 0x2a, 0x20), 0x7ffc2d62c520) = 0
3113832 openat(AT_FDCWD, "/dev/nvidiactl", O_RDWR|O_CLOEXEC) = 23
3113832 ioctl(8, _IOC(_IOC_READ|_IOC_WRITE, 0x46, 0x4e, 0x38), 0x7ffc2d62d6e0) = 0
3113832 close(23)                       = 0
3113832 ioctl(8, _IOC(_IOC_READ|_IOC_WRITE, 0x46, 0x2b, 0x30), 0x7ffc2d62e000) = 0
3113832 ioctl(8, _IOC(_IOC_READ|_IOC_WRITE, 0x46, 0x2a, 0x20), 0x7ffc2d62d070) = 0
3113832 ioctl(8, _IOC(_IOC_READ|_IOC_WRITE, 0x46, 0x2b, 0x30), 0x7ffc2d62e110) = 0
3113832 ioctl(8, _IOC(_IOC_READ|_IOC_WRITE, 0x46, 0x2a, 0x20), 0x7ffc2d62d030) = 0
3113832 ioctl(8, _IOC(_IOC_READ|_IOC_WRITE, 0x46, 0x2a, 0x20), 0x7ffc2d62d080) = 0
3113832 ioctl(8, _IOC(_IOC_READ|_IOC_WRITE, 0x46, 0x2b, 0x30), 0x7ffc2d62d660) = 0
3113832 ioctl(8, _IOC(_IOC_READ|_IOC_WRITE, 0x46, 0x2a, 0x20), 0x7ffc2d62c520) = 0
3113832 openat(AT_FDCWD, "/dev/nvidiactl", O_RDWR|O_CLOEXEC) = 23
3113832 ioctl(8, _IOC(_IOC_READ|_IOC_WRITE, 0x46, 0x4e, 0x38), 0x7ffc2d62d6e0) = 0
3113832 close(23)                       = 0
3113832 ioctl(8, _IOC(_IOC_READ|_IOC_WRITE, 0x46, 0x2b, 0x30), 0x7ffc2d62e000) = 0
3113832 ioctl(8, _IOC(_IOC_READ|_IOC_WRITE, 0x46, 0x2a, 0x20), 0x7ffc2d62d070) = 0
3113832 ioctl(8, _IOC(_IOC_READ|_IOC_WRITE, 0x46, 0x2b, 0x30), 0x7ffc2d62e110) = 0
3113832 ioctl(8, _IOC(_IOC_READ|_IOC_WRITE, 0x46, 0x2a, 0x20), 0x7ffc2d62d030) = 0
3113832 ioctl(8, _IOC(_IOC_READ|_IOC_WRITE, 0x46, 0x2a, 0x20), 0x7ffc2d62d080) = 0
3113832 ioctl(8, _IOC(_IOC_READ|_IOC_WRITE, 0x46, 0x2b, 0x30), 0x7ffc2d62d660) = 0
3113832 ioctl(8, _IOC(_IOC_READ|_IOC_WRITE, 0x46, 0x2a, 0x20), 0x7ffc2d62c520) = 0
3113832 openat(AT_FDCWD, "/dev/nvidiactl", O_RDWR|O_CLOEXEC) = 23
3113832 ioctl(8, _IOC(_IOC_READ|_IOC_WRITE, 0x46, 0x4e, 0x38), 0x7ffc2d62d6e0) = 0
3113832 close(23)                       = 0
3113832 ioctl(8, _IOC(_IOC_READ|_IOC_WRITE, 0x46, 0x2b, 0x30), 0x7ffc2d62e000) = 0
3113832 ioctl(8, _IOC(_IOC_READ|_IOC_WRITE, 0x46, 0x2a, 0x20), 0x7ffc2d62d070) = 0
3113832 ioctl(8, _IOC(_IOC_READ|_IOC_WRITE, 0x46, 0x2b, 0x30), 0x7ffc2d62e110) = 0
3113832 ioctl(8, _IOC(_IOC_READ|_IOC_WRITE, 0x46, 0x2a, 0x20), 0x7ffc2d62d030) = 0
3113832 ioctl(8, _IOC(_IOC_READ|_IOC_WRITE, 0x46, 0x2a, 0x20), 0x7ffc2d62d080) = 0
3113832 ioctl(8, _IOC(_IOC_READ|_IOC_WRITE, 0x46, 0x2b, 0x30), 0x7ffc2d62d660) = 0
3113832 ioctl(8, _IOC(_IOC_READ|_IOC_WRITE, 0x46, 0x2a, 0x20), 0x7ffc2d62c520) = 0
3113832 openat(AT_FDCWD, "/dev/nvidiactl", O_RDWR|O_CLOEXEC) = 23
3113832 ioctl(8, _IOC(_IOC_READ|_IOC_WRITE, 0x46, 0x4e, 0x38), 0x7ffc2d62d6e0) = 0
3113832 close(23)                       = 0
3113832 ioctl(8, _IOC(_IOC_READ|_IOC_WRITE, 0x46, 0x2b, 0x30), 0x7ffc2d62e000) = 0
3113832 ioctl(8, _IOC(_IOC_READ|_IOC_WRITE, 0x46, 0x2a, 0x20), 0x7ffc2d62d070) = 0
3113832 ioctl(8, _IOC(_IOC_READ|_IOC_WRITE, 0x46, 0x2b, 0x30), 0x7ffc2d62e110) = 0
3113832 ioctl(8, _IOC(_IOC_READ|_IOC_WRITE, 0x46, 0x2a, 0x20), 0x7ffc2d62d030) = 0
3113832 ioctl(8, _IOC(_IOC_READ|_IOC_WRITE, 0x46, 0x2a, 0x20), 0x7ffc2d62d080) = 0
3113832 ioctl(9, _IOC(_IOC_NONE, 0, 0x1b, 0), 0x7ffc2d62e7c0) = 0
3113832 ioctl(9, _IOC(_IOC_NONE, 0, 0x1b, 0), 0x7ffc2d62e7c0) = 0
3113832 ioctl(9, _IOC(_IOC_NONE, 0, 0x1b, 0), 0x7ffc2d62e7c0) = 0
3113832 ioctl(9, _IOC(_IOC_NONE, 0, 0x1b, 0), 0x7ffc2d62e7c0) = 0
3113832 ioctl(8, _IOC(_IOC_READ|_IOC_WRITE, 0x46, 0x2a, 0x20), 0x7ffc2d62d6d0) = 0
3113832 openat(AT_FDCWD, "/dev/nvidia0", O_RDWR|O_CLOEXEC) = 23
3113832 ioctl(23, _IOC(_IOC_READ|_IOC_WRITE, 0x46, 0xc9, 0x4), 0x7ffc2d62e6c0) = 0
3113832 ioctl(23, _IOC(_IOC_READ|_IOC_WRITE, 0x46, 0xce, 0x10), 0x7ffc2d62e6b0) = 0
3113832 ioctl(23, _IOC(_IOC_READ|_IOC_WRITE, 0x46, 0x2b, 0x30), 0x7ffc2d62e6a0) = 0
3113832 ioctl(8, _IOC(_IOC_READ|_IOC_WRITE, 0x46, 0x2b, 0x30), 0x7ffc2d62e610) = 0
3113832 ioctl(8, _IOC(_IOC_READ|_IOC_WRITE, 0x46, 0x2b, 0x30), 0x7ffc2d62d660) = 0
3113832 ioctl(8, _IOC(_IOC_READ|_IOC_WRITE, 0x46, 0x2a, 0x20), 0x7ffc2d62c520) = 0
3113832 openat(AT_FDCWD, "/dev/nvidiactl", O_RDWR|O_CLOEXEC) = 25
3113832 ioctl(8, _IOC(_IOC_READ|_IOC_WRITE, 0x46, 0x4e, 0x38), 0x7ffc2d62d6e0) = 0
3113832 close(25)                       = 0
3113832 ioctl(8, _IOC(_IOC_READ|_IOC_WRITE, 0x46, 0x2b, 0x30), 0x7ffc2d62e000) = 0
3113832 ioctl(8, _IOC(_IOC_READ|_IOC_WRITE, 0x46, 0x2a, 0x20), 0x7ffc2d62d070) = 0
3113832 ioctl(8, _IOC(_IOC_READ|_IOC_WRITE, 0x46, 0x2b, 0x30), 0x7ffc2d62e110) = 0
3113832 ioctl(8, _IOC(_IOC_READ|_IOC_WRITE, 0x46, 0x2a, 0x20), 0x7ffc2d62d030) = 0
3113832 ioctl(8, _IOC(_IOC_READ|_IOC_WRITE, 0x46, 0x2a, 0x20), 0x7ffc2d62d080) = 0
3113832 ioctl(8, _IOC(_IOC_READ|_IOC_WRITE, 0x46, 0x2b, 0x30), 0x7ffc2d62d660) = 0
3113832 ioctl(8, _IOC(_IOC_READ|_IOC_WRITE, 0x46, 0x2a, 0x20), 0x7ffc2d62c520) = 0
3113832 openat(AT_FDCWD, "/dev/nvidiactl", O_RDWR|O_CLOEXEC) = 25
3113832 ioctl(8, _IOC(_IOC_READ|_IOC_WRITE, 0x46, 0x4e, 0x38), 0x7ffc2d62d6e0) = 0
3113832 close(25)                       = 0
3113832 ioctl(8, _IOC(_IOC_READ|_IOC_WRITE, 0x46, 0x2b, 0x30), 0x7ffc2d62e000) = 0
3113832 ioctl(8, _IOC(_IOC_READ|_IOC_WRITE, 0x46, 0x2a, 0x20), 0x7ffc2d62d070) = 0
3113832 ioctl(8, _IOC(_IOC_READ|_IOC_WRITE, 0x46, 0x2b, 0x30), 0x7ffc2d62e110) = 0
3113832 ioctl(8, _IOC(_IOC_READ|_IOC_WRITE, 0x46, 0x2a, 0x20), 0x7ffc2d62d030) = 0
3113832 ioctl(8, _IOC(_IOC_READ|_IOC_WRITE, 0x46, 0x2a, 0x20), 0x7ffc2d62d080) = 0
3113832 ioctl(8, _IOC(_IOC_READ|_IOC_WRITE, 0x46, 0x2b, 0x30), 0x7ffc2d62d660) = 0
3113832 ioctl(8, _IOC(_IOC_READ|_IOC_WRITE, 0x46, 0x2a, 0x20), 0x7ffc2d62c520) = 0
3113832 openat(AT_FDCWD, "/dev/nvidiactl", O_RDWR|O_CLOEXEC) = 25
3113832 ioctl(8, _IOC(_IOC_READ|_IOC_WRITE, 0x46, 0x4e, 0x38), 0x7ffc2d62d6e0) = 0
3113832 close(25)                       = 0
3113832 ioctl(8, _IOC(_IOC_READ|_IOC_WRITE, 0x46, 0x2b, 0x30), 0x7ffc2d62e000) = 0
3113832 ioctl(8, _IOC(_IOC_READ|_IOC_WRITE, 0x46, 0x2a, 0x20), 0x7ffc2d62d070) = 0
3113832 ioctl(8, _IOC(_IOC_READ|_IOC_WRITE, 0x46, 0x2b, 0x30), 0x7ffc2d62e110) = 0
3113832 ioctl(8, _IOC(_IOC_READ|_IOC_WRITE, 0x46, 0x2a, 0x20), 0x7ffc2d62d030) = 0
3113832 ioctl(8, _IOC(_IOC_READ|_IOC_WRITE, 0x46, 0x2a, 0x20), 0x7ffc2d62d080) = 0
3113832 ioctl(8, _IOC(_IOC_READ|_IOC_WRITE, 0x46, 0x2b, 0x30), 0x7ffc2d62d660) = 0
3113832 ioctl(8, _IOC(_IOC_READ|_IOC_WRITE, 0x46, 0x2a, 0x20), 0x7ffc2d62c520) = 0
3113832 openat(AT_FDCWD, "/dev/nvidiactl", O_RDWR|O_CLOEXEC) = 25
3113832 ioctl(8, _IOC(_IOC_READ|_IOC_WRITE, 0x46, 0x4e, 0x38), 0x7ffc2d62d6e0) = 0
3113832 close(25)                       = 0
3113832 ioctl(8, _IOC(_IOC_READ|_IOC_WRITE, 0x46, 0x2b, 0x30), 0x7ffc2d62e000) = 0
3113832 ioctl(8, _IOC(_IOC_READ|_IOC_WRITE, 0x46, 0x2a, 0x20), 0x7ffc2d62d070) = 0
3113832 ioctl(8, _IOC(_IOC_READ|_IOC_WRITE, 0x46, 0x2b, 0x30), 0x7ffc2d62e110) = 0
3113832 ioctl(8, _IOC(_IOC_READ|_IOC_WRITE, 0x46, 0x2a, 0x20), 0x7ffc2d62d030) = 0
3113832 ioctl(8, _IOC(_IOC_READ|_IOC_WRITE, 0x46, 0x2a, 0x20), 0x7ffc2d62d080) = 0
3113832 ioctl(9, _IOC(_IOC_NONE, 0, 0x1b, 0), 0x7ffc2d62e7c0) = 0
3113832 ioctl(9, _IOC(_IOC_NONE, 0, 0x1b, 0), 0x7ffc2d62e7c0) = 0
3113832 ioctl(9, _IOC(_IOC_NONE, 0, 0x1b, 0), 0x7ffc2d62e7c0) = 0
3113832 ioctl(9, _IOC(_IOC_NONE, 0, 0x1b, 0), 0x7ffc2d62e7c0) = 0
3113832 ioctl(8, _IOC(_IOC_READ|_IOC_WRITE, 0x46, 0x2a, 0x20), 0x7ffc2d62d6d0) = 0
3113832 openat(AT_FDCWD, "/dev/nvidia0", O_RDWR|O_CLOEXEC) = 25
3113832 ioctl(25, _IOC(_IOC_READ|_IOC_WRITE, 0x46, 0xc9, 0x4), 0x7ffc2d62e6c0) = 0
3113832 ioctl(25, _IOC(_IOC_READ|_IOC_WRITE, 0x46, 0xce, 0x10), 0x7ffc2d62e6b0) = 0
3113832 ioctl(25, _IOC(_IOC_READ|_IOC_WRITE, 0x46, 0x2b, 0x30), 0x7ffc2d62e6a0) = 0
3113832 ioctl(8, _IOC(_IOC_READ|_IOC_WRITE, 0x46, 0x2b, 0x30), 0x7ffc2d62e610) = 0
3113832 ioctl(8, _IOC(_IOC_READ|_IOC_WRITE, 0x46, 0x2b, 0x30), 0x7ffc2d62d660) = 0
3113832 ioctl(8, _IOC(_IOC_READ|_IOC_WRITE, 0x46, 0x2a, 0x20), 0x7ffc2d62c520) = 0
3113832 openat(AT_FDCWD, "/dev/nvidiactl", O_RDWR|O_CLOEXEC) = 27
3113832 ioctl(8, _IOC(_IOC_READ|_IOC_WRITE, 0x46, 0x4e, 0x38), 0x7ffc2d62d6e0) = 0
3113832 close(27)                       = 0
3113832 ioctl(8, _IOC(_IOC_READ|_IOC_WRITE, 0x46, 0x2b, 0x30), 0x7ffc2d62e000) = 0
3113832 ioctl(8, _IOC(_IOC_READ|_IOC_WRITE, 0x46, 0x2a, 0x20), 0x7ffc2d62d070) = 0
3113832 ioctl(8, _IOC(_IOC_READ|_IOC_WRITE, 0x46, 0x2b, 0x30), 0x7ffc2d62e110) = 0
3113832 ioctl(8, _IOC(_IOC_READ|_IOC_WRITE, 0x46, 0x2a, 0x20), 0x7ffc2d62d030) = 0
3113832 ioctl(8, _IOC(_IOC_READ|_IOC_WRITE, 0x46, 0x2a, 0x20), 0x7ffc2d62d080) = 0
3113832 ioctl(8, _IOC(_IOC_READ|_IOC_WRITE, 0x46, 0x2b, 0x30), 0x7ffc2d62d660) = 0
3113832 ioctl(8, _IOC(_IOC_READ|_IOC_WRITE, 0x46, 0x2a, 0x20), 0x7ffc2d62c520) = 0
3113832 openat(AT_FDCWD, "/dev/nvidiactl", O_RDWR|O_CLOEXEC) = 27
3113832 ioctl(8, _IOC(_IOC_READ|_IOC_WRITE, 0x46, 0x4e, 0x38), 0x7ffc2d62d6e0) = 0
3113832 close(27)                       = 0
3113832 ioctl(8, _IOC(_IOC_READ|_IOC_WRITE, 0x46, 0x2b, 0x30), 0x7ffc2d62e000) = 0
3113832 ioctl(8, _IOC(_IOC_READ|_IOC_WRITE, 0x46, 0x2a, 0x20), 0x7ffc2d62d070) = 0
3113832 ioctl(8, _IOC(_IOC_READ|_IOC_WRITE, 0x46, 0x2b, 0x30), 0x7ffc2d62e110) = 0
3113832 ioctl(8, _IOC(_IOC_READ|_IOC_WRITE, 0x46, 0x2a, 0x20), 0x7ffc2d62d030) = 0
3113832 ioctl(8, _IOC(_IOC_READ|_IOC_WRITE, 0x46, 0x2a, 0x20), 0x7ffc2d62d080) = 0
3113832 ioctl(8, _IOC(_IOC_READ|_IOC_WRITE, 0x46, 0x2b, 0x30), 0x7ffc2d62d660) = 0
3113832 ioctl(8, _IOC(_IOC_READ|_IOC_WRITE, 0x46, 0x2a, 0x20), 0x7ffc2d62c520) = 0
3113832 openat(AT_FDCWD, "/dev/nvidiactl", O_RDWR|O_CLOEXEC) = 27
3113832 ioctl(8, _IOC(_IOC_READ|_IOC_WRITE, 0x46, 0x4e, 0x38), 0x7ffc2d62d6e0) = 0
3113832 close(27)                       = 0
3113832 ioctl(8, _IOC(_IOC_READ|_IOC_WRITE, 0x46, 0x2b, 0x30), 0x7ffc2d62e000) = 0
3113832 ioctl(8, _IOC(_IOC_READ|_IOC_WRITE, 0x46, 0x2a, 0x20), 0x7ffc2d62d070) = 0
3113832 ioctl(8, _IOC(_IOC_READ|_IOC_WRITE, 0x46, 0x2b, 0x30), 0x7ffc2d62e110) = 0
3113832 ioctl(8, _IOC(_IOC_READ|_IOC_WRITE, 0x46, 0x2a, 0x20), 0x7ffc2d62d030) = 0
3113832 ioctl(8, _IOC(_IOC_READ|_IOC_WRITE, 0x46, 0x2a, 0x20), 0x7ffc2d62d080) = 0
3113832 ioctl(8, _IOC(_IOC_READ|_IOC_WRITE, 0x46, 0x2b, 0x30), 0x7ffc2d62d660) = 0
3113832 ioctl(8, _IOC(_IOC_READ|_IOC_WRITE, 0x46, 0x2a, 0x20), 0x7ffc2d62c520) = 0
3113832 openat(AT_FDCWD, "/dev/nvidiactl", O_RDWR|O_CLOEXEC) = 27
3113832 ioctl(8, _IOC(_IOC_READ|_IOC_WRITE, 0x46, 0x4e, 0x38), 0x7ffc2d62d6e0) = 0
3113832 close(27)                       = 0
3113832 ioctl(8, _IOC(_IOC_READ|_IOC_WRITE, 0x46, 0x2b, 0x30), 0x7ffc2d62e000) = 0
3113832 ioctl(8, _IOC(_IOC_READ|_IOC_WRITE, 0x46, 0x2a, 0x20), 0x7ffc2d62d070) = 0
3113832 ioctl(8, _IOC(_IOC_READ|_IOC_WRITE, 0x46, 0x2b, 0x30), 0x7ffc2d62e110) = 0
3113832 ioctl(8, _IOC(_IOC_READ|_IOC_WRITE, 0x46, 0x2a, 0x20), 0x7ffc2d62d030) = 0
3113832 ioctl(8, _IOC(_IOC_READ|_IOC_WRITE, 0x46, 0x2a, 0x20), 0x7ffc2d62d080) = 0
3113832 ioctl(9, _IOC(_IOC_NONE, 0, 0x1b, 0), 0x7ffc2d62e7c0) = 0
3113832 ioctl(9, _IOC(_IOC_NONE, 0, 0x1b, 0), 0x7ffc2d62e7c0) = 0
3113832 ioctl(9, _IOC(_IOC_NONE, 0, 0x1b, 0), 0x7ffc2d62e7c0) = 0
3113832 ioctl(9, _IOC(_IOC_NONE, 0, 0x1b, 0), 0x7ffc2d62e7c0) = 0
3113832 ioctl(8, _IOC(_IOC_READ|_IOC_WRITE, 0x46, 0x2a, 0x20), 0x7ffc2d62d6d0) = 0
3113832 openat(AT_FDCWD, "/dev/nvidia0", O_RDWR|O_CLOEXEC) = 27
3113832 ioctl(27, _IOC(_IOC_READ|_IOC_WRITE, 0x46, 0xc9, 0x4), 0x7ffc2d62e6c0) = 0
3113832 ioctl(27, _IOC(_IOC_READ|_IOC_WRITE, 0x46, 0xce, 0x10), 0x7ffc2d62e6b0) = 0
3113832 ioctl(27, _IOC(_IOC_READ|_IOC_WRITE, 0x46, 0x2b, 0x30), 0x7ffc2d62e6a0) = 0
3113832 ioctl(8, _IOC(_IOC_READ|_IOC_WRITE, 0x46, 0x2b, 0x30), 0x7ffc2d62daa0) = 0
3113832 ioctl(8, _IOC(_IOC_READ|_IOC_WRITE, 0x46, 0x2a, 0x20), 0x7ffc2d62c960) = 0
3113832 openat(AT_FDCWD, "/dev/nvidiactl", O_RDWR|O_CLOEXEC) = 29
3113832 ioctl(8, _IOC(_IOC_READ|_IOC_WRITE, 0x46, 0x4e, 0x38), 0x7ffc2d62db20) = 0
3113832 close(29)                       = 0
3113832 ioctl(9, _IOC(_IOC_NONE, 0, 0x49, 0), 0x7ffc2d62d780) = 0
3113832 ioctl(9, _IOC(_IOC_NONE, 0, 0x21, 0), 0x7ffc2d62b370) = 0
3113832 ioctl(8, _IOC(_IOC_READ|_IOC_WRITE, 0x46, 0x2b, 0x30), 0x7ffc2d62db40) = 0
3113832 ioctl(9, _IOC(_IOC_NONE, 0, 0x49, 0), 0x7ffc2d62d820) = 0
3113832 ioctl(9, _IOC(_IOC_NONE, 0, 0x21, 0), 0x7ffc2d62b410) = 0
3113832 ioctl(9, _IOC(_IOC_NONE, 0, 0x44, 0), 0x7ffc2d62b2d0) = 0
3113832 ioctl(9, _IOC(_IOC_NONE, 0, 0x48, 0), 0x7ffc2d62ada0) = 0
3113832 ioctl(9, _IOC(_IOC_NONE, 0, 0x17, 0), 0x7ffc2d62e8f0) = 0
3113832 ioctl(9, _IOC(_IOC_NONE, 0, 0x17, 0), 0x7ffc2d62e8f0) = 0
3113832 ioctl(9, _IOC(_IOC_NONE, 0, 0x17, 0), 0x7ffc2d62e8f0) = 0
3113832 ioctl(9, _IOC(_IOC_NONE, 0, 0x17, 0), 0x7ffc2d62e8f0) = 0
3113832 ioctl(9, _IOC(_IOC_NONE, 0, 0x17, 0), 0x7ffc2d62e8f0) = 0
3113832 ioctl(9, _IOC(_IOC_NONE, 0, 0x17, 0), 0x7ffc2d62e8f0) = 0
3113832 ioctl(9, _IOC(_IOC_NONE, 0, 0x17, 0), 0x7ffc2d62e8f0) = 0
3113832 ioctl(9, _IOC(_IOC_NONE, 0, 0x17, 0), 0x7ffc2d62e8f0) = 0
3113832 ioctl(9, _IOC(_IOC_NONE, 0, 0x17, 0), 0x7ffc2d62e8f0) = 0
3113832 ioctl(8, _IOC(_IOC_READ|_IOC_WRITE, 0x46, 0x2b, 0x30), 0x7ffc2d62d980) = 0
3113832 ioctl(8, _IOC(_IOC_READ|_IOC_WRITE, 0x46, 0x2a, 0x20), 0x7ffc2d62c840) = 0
3113832 openat(AT_FDCWD, "/dev/nvidiactl", O_RDWR|O_CLOEXEC) = 30
3113832 ioctl(8, _IOC(_IOC_READ|_IOC_WRITE, 0x46, 0x4e, 0x38), 0x7ffc2d62da00) = 0
3113832 close(30)                       = 0
3113832 ioctl(9, _IOC(_IOC_NONE, 0, 0x49, 0), 0x7ffc2d62d660) = 0
3113832 ioctl(9, _IOC(_IOC_NONE, 0, 0x21, 0), 0x7ffc2d62b250) = 0
3113832 ioctl(13, _IOC(_IOC_READ|_IOC_WRITE, 0x46, 0x27, 0x38), 0x7ffc2d62d970) = 0
3113832 ioctl(9, _IOC(_IOC_NONE, 0, 0x49, 0), 0x7ffc2d62d660) = 0
3113832 ioctl(9, _IOC(_IOC_NONE, 0, 0x21, 0), 0x7ffc2d62b250) = 0
3113832 ioctl(8, _IOC(_IOC_READ|_IOC_WRITE, 0x46, 0x2b, 0x30), 0x7ffc2d62dcd0) = 0
3113832 ioctl(9, _IOC(_IOC_NONE, 0, 0x49, 0), 0x7ffc2d62d9b0) = 0
3113832 ioctl(9, _IOC(_IOC_NONE, 0, 0x21, 0), 0x7ffc2d62b5a0) = 0
3113832 ioctl(13, _IOC(_IOC_READ|_IOC_WRITE, 0x46, 0x27, 0x38), 0x7ffc2d62da70) = 0
3113832 ioctl(9, _IOC(_IOC_NONE, 0, 0x49, 0), 0x7ffc2d62d760) = 0
3113832 ioctl(9, _IOC(_IOC_NONE, 0, 0x21, 0), 0x7ffc2d62b350) = 0
3113832 ioctl(8, _IOC(_IOC_READ|_IOC_WRITE, 0x46, 0x2b, 0x30), 0x7ffc2d62da80) = 0
3113832 ioctl(9, _IOC(_IOC_NONE, 0, 0x49, 0), 0x7ffc2d62d760) = 0
3113832 ioctl(9, _IOC(_IOC_NONE, 0, 0x21, 0), 0x7ffc2d62b350) = 0
3113832 ioctl(9, _IOC(_IOC_NONE, 0, 0x41, 0), 0x7ffc2d62db90) = 0
3113832 ioctl(13, _IOC(_IOC_READ|_IOC_WRITE, 0x46, 0x27, 0x38), 0x7ffc2d62deb0) = 0
3113832 ioctl(9, _IOC(_IOC_NONE, 0, 0x49, 0), 0x7ffc2d62dba0) = 0
3113832 ioctl(9, _IOC(_IOC_NONE, 0, 0x21, 0), 0x7ffc2d62b790) = 0
3113832 ioctl(13, _IOC(_IOC_READ|_IOC_WRITE, 0x46, 0x27, 0x38), 0x7ffc2d62dc80) = 0
3113832 ioctl(9, _IOC(_IOC_NONE, 0, 0x49, 0), 0x7ffc2d62d970) = 0
3113832 ioctl(9, _IOC(_IOC_NONE, 0, 0x21, 0), 0x7ffc2d62b560) = 0
3113832 ioctl(8, _IOC(_IOC_READ|_IOC_WRITE, 0x46, 0x2b, 0x30), 0x7ffc2d62d370) = 0
3113832 ioctl(9, _IOC(_IOC_NONE, 0, 0x49, 0), 0x7ffc2d62d050) = 0
3113832 ioctl(9, _IOC(_IOC_NONE, 0, 0x21, 0), 0x7ffc2d62ac40) = 0
3113832 ioctl(8, _IOC(_IOC_READ|_IOC_WRITE, 0x46, 0x2b, 0x30), 0x7ffc2d62dc80) = 0
3113832 ioctl(8, _IOC(_IOC_READ|_IOC_WRITE, 0x46, 0x2a, 0x20), 0x7ffc2d62cb40) = 0
3113832 openat(AT_FDCWD, "/dev/nvidiactl", O_RDWR|O_CLOEXEC) = 30
3113832 ioctl(8, _IOC(_IOC_READ|_IOC_WRITE, 0x46, 0x4e, 0x38), 0x7ffc2d62dd00) = 0
3113832 close(30)                       = 0
3113832 ioctl(9, _IOC(_IOC_NONE, 0, 0x49, 0), 0x7ffc2d62d960) = 0
3113832 ioctl(9, _IOC(_IOC_NONE, 0, 0x21, 0), 0x7ffc2d62b550) = 0
3113832 ioctl(13, _IOC(_IOC_READ|_IOC_WRITE, 0x46, 0x27, 0x38), 0x7ffc2d62dc60) = 0
3113832 ioctl(9, _IOC(_IOC_NONE, 0, 0x49, 0), 0x7ffc2d62d950) = 0
3113832 ioctl(9, _IOC(_IOC_NONE, 0, 0x21, 0), 0x7ffc2d62b540) = 0
3113832 ioctl(8, _IOC(_IOC_READ|_IOC_WRITE, 0x46, 0x2b, 0x30), 0x7ffc2d62e970) = 0
3113832 ioctl(8, _IOC(_IOC_READ|_IOC_WRITE, 0x46, 0x2b, 0x30), 0x7ffc2d62db00) = 0
3113832 ioctl(8, _IOC(_IOC_READ|_IOC_WRITE, 0x46, 0x2a, 0x20), 0x7ffc2d62c9c0) = 0
3113832 openat(AT_FDCWD, "/dev/nvidiactl", O_RDWR|O_CLOEXEC) = 30
3113832 ioctl(8, _IOC(_IOC_READ|_IOC_WRITE, 0x46, 0x4e, 0x38), 0x7ffc2d62db80) = 0
3113832 close(30)                       = 0
3113832 ioctl(9, _IOC(_IOC_NONE, 0, 0x49, 0), 0x7ffc2d62d7e0) = 0
3113832 ioctl(9, _IOC(_IOC_NONE, 0, 0x21, 0), 0x7ffc2d62b3d0) = 0
3113832 ioctl(8, _IOC(_IOC_READ|_IOC_WRITE, 0x46, 0x2b, 0x30), 0x7ffc2d62dc40) = 0
3113832 ioctl(9, _IOC(_IOC_NONE, 0, 0x49, 0), 0x7ffc2d62d920) = 0
3113832 ioctl(9, _IOC(_IOC_NONE, 0, 0x21, 0), 0x7ffc2d62b510) = 0
3113832 ioctl(8, _IOC(_IOC_READ|_IOC_WRITE, 0x46, 0x2b, 0x30), 0x7ffc2d62dc40) = 0
3113832 ioctl(9, _IOC(_IOC_NONE, 0, 0x49, 0), 0x7ffc2d62d920) = 0
3113832 ioctl(9, _IOC(_IOC_NONE, 0, 0x21, 0), 0x7ffc2d62b510) = 0
3113832 ioctl(8, _IOC(_IOC_READ|_IOC_WRITE, 0x46, 0x2b, 0x30), 0x7ffc2d62d340) = 0
3113832 ioctl(9, _IOC(_IOC_NONE, 0, 0x49, 0), 0x7ffc2d62d020) = 0
3113832 ioctl(9, _IOC(_IOC_NONE, 0, 0x21, 0), 0x7ffc2d62ac10) = 0
3113832 openat(AT_FDCWD, "/dev/nvidia0", O_RDWR|O_CLOEXEC) = 30
3113832 ioctl(30, _IOC(_IOC_READ|_IOC_WRITE, 0x46, 0xc9, 0x4), 0x7ffc2d62e820) = 0
3113832 ioctl(30, _IOC(_IOC_READ|_IOC_WRITE, 0x46, 0xce, 0x10), 0x7ffc2d62e810) = 0
3113832 ioctl(30, _IOC(_IOC_READ|_IOC_WRITE, 0x46, 0x2b, 0x30), 0x7ffc2d62e800) = 0
3113832 openat(AT_FDCWD, "/dev/nvidia0", O_RDWR|O_CLOEXEC) = 32
3113832 ioctl(32, _IOC(_IOC_READ|_IOC_WRITE, 0x46, 0xc9, 0x4), 0x7ffc2d62e820) = 0
3113832 ioctl(32, _IOC(_IOC_READ|_IOC_WRITE, 0x46, 0xce, 0x10), 0x7ffc2d62e810) = 0
3113832 ioctl(32, _IOC(_IOC_READ|_IOC_WRITE, 0x46, 0x2b, 0x30), 0x7ffc2d62e800) = 0
3113832 openat(AT_FDCWD, "/dev/nvidia0", O_RDWR|O_CLOEXEC) = 34
3113832 ioctl(34, _IOC(_IOC_READ|_IOC_WRITE, 0x46, 0xc9, 0x4), 0x7ffc2d62e820) = 0
3113832 ioctl(34, _IOC(_IOC_READ|_IOC_WRITE, 0x46, 0xce, 0x10), 0x7ffc2d62e810) = 0
3113832 ioctl(34, _IOC(_IOC_READ|_IOC_WRITE, 0x46, 0x2b, 0x30), 0x7ffc2d62e800) = 0
3113832 openat(AT_FDCWD, "/dev/nvidia0", O_RDWR|O_CLOEXEC) = 36
3113832 ioctl(36, _IOC(_IOC_READ|_IOC_WRITE, 0x46, 0xc9, 0x4), 0x7ffc2d62e820) = 0
3113832 ioctl(36, _IOC(_IOC_READ|_IOC_WRITE, 0x46, 0xce, 0x10), 0x7ffc2d62e810) = 0
3113832 ioctl(36, _IOC(_IOC_READ|_IOC_WRITE, 0x46, 0x2b, 0x30), 0x7ffc2d62e800) = 0
3113832 ioctl(8, _IOC(_IOC_READ|_IOC_WRITE, 0x46, 0x2a, 0x20), 0x7ffc2d62d770) = 0
3113832 ioctl(8, _IOC(_IOC_READ|_IOC_WRITE, 0x46, 0x2a, 0x20), 0x7ffc2d62d820) = 0
3113832 ioctl(8, _IOC(_IOC_READ|_IOC_WRITE, 0x46, 0x2a, 0x20), 0x7ffc2d62d8b0) = 0
3113832 ioctl(8, _IOC(_IOC_READ|_IOC_WRITE, 0x46, 0x2b, 0x30), 0x7ffc2d62dc20) = 0
3113832 ioctl(9, _IOC(_IOC_NONE, 0, 0x49, 0), 0x7ffc2d62d900) = 0
3113832 ioctl(9, _IOC(_IOC_NONE, 0, 0x21, 0), 0x7ffc2d62b4f0) = 0
3113832 ioctl(8, _IOC(_IOC_READ|_IOC_WRITE, 0x46, 0x2a, 0x20), 0x7ffc2d62d8b0) = 0
3113832 openat(AT_FDCWD, "/proc/self/task/3113850/comm", O_WRONLY|O_CREAT|O_TRUNC, 0666) = 38
3113832 close(38)                       = 0
3113832 ioctl(9, _IOC(_IOC_NONE, 0, 0x22, 0), 0x7ffc2d62ee50) = 0
3113832 ioctl(8, _IOC(_IOC_READ|_IOC_WRITE, 0x46, 0x29, 0x10), 0x7ffc2d62eef0) = 0
3113832 ioctl(9, _IOC(_IOC_NONE, 0, 0x22, 0), 0x7ffc2d62ee50) = 0
3113832 ioctl(8, _IOC(_IOC_READ|_IOC_WRITE, 0x46, 0x29, 0x10), 0x7ffc2d62eef0) = 0
3113832 ioctl(8, _IOC(_IOC_READ|_IOC_WRITE, 0x46, 0x29, 0x10), 0x7ffc2d62f180) = 0
3113832 close(33)                       = 0
3113832 ioctl(32, _IOC(_IOC_READ|_IOC_WRITE, 0x46, 0xcf, 0x10), 0x7ffc2d62f190) = 0
3113832 close(32)                       = 0
3113832 ioctl(8, _IOC(_IOC_READ|_IOC_WRITE, 0x46, 0x29, 0x10), 0x7ffc2d62f180) = 0
3113832 close(35)                       = 0
3113832 ioctl(34, _IOC(_IOC_READ|_IOC_WRITE, 0x46, 0xcf, 0x10), 0x7ffc2d62f190) = 0
3113832 close(34)                       = 0
3113832 ioctl(8, _IOC(_IOC_READ|_IOC_WRITE, 0x46, 0x29, 0x10), 0x7ffc2d62f180) = 0
3113832 close(31)                       = 0
3113832 ioctl(30, _IOC(_IOC_READ|_IOC_WRITE, 0x46, 0xcf, 0x10), 0x7ffc2d62f190) = 0
3113832 close(30)                       = 0
3113832 ioctl(8, _IOC(_IOC_READ|_IOC_WRITE, 0x46, 0x29, 0x10), 0x7ffc2d62f180) = 0
3113832 close(37)                       = 0
3113832 ioctl(36, _IOC(_IOC_READ|_IOC_WRITE, 0x46, 0xcf, 0x10), 0x7ffc2d62f190) = 0
3113832 close(36)                       = 0
3113832 ioctl(9, _IOC(_IOC_NONE, 0, 0x22, 0), 0x7ffc2d62ede0) = 0
3113832 ioctl(8, _IOC(_IOC_READ|_IOC_WRITE, 0x46, 0x29, 0x10), 0x7ffc2d62ee80) = 0
3113832 ioctl(9, _IOC(_IOC_NONE, 0, 0x22, 0), 0x7ffc2d62ede0) = 0
3113832 ioctl(8, _IOC(_IOC_READ|_IOC_WRITE, 0x46, 0x29, 0x10), 0x7ffc2d62ee80) = 0
3113832 ioctl(9, _IOC(_IOC_NONE, 0, 0x22, 0), 0x7ffc2d62ee60) = 0
3113832 ioctl(8, _IOC(_IOC_READ|_IOC_WRITE, 0x46, 0x4f, 0x20), 0x7ffc2d62ef50) = 0
3113832 ioctl(8, _IOC(_IOC_READ|_IOC_WRITE, 0x46, 0x29, 0x10), 0x7ffc2d62ef00) = 0
3113832 ioctl(8, _IOC(_IOC_READ|_IOC_WRITE, 0x46, 0x29, 0x10), 0x7ffc2d62f1e0) = 0
3113832 ioctl(9, _IOC(_IOC_NONE, 0, 0x22, 0), 0x7ffc2d62ee50) = 0
3113832 ioctl(8, _IOC(_IOC_READ|_IOC_WRITE, 0x46, 0x29, 0x10), 0x7ffc2d62eef0) = 0
3113832 ioctl(9, _IOC(_IOC_NONE, 0, 0x22, 0), 0x7ffc2d62ee50) = 0
3113832 ioctl(8, _IOC(_IOC_READ|_IOC_WRITE, 0x46, 0x4f, 0x20), 0x7ffc2d62ef40) = 0
3113832 ioctl(8, _IOC(_IOC_READ|_IOC_WRITE, 0x46, 0x29, 0x10), 0x7ffc2d62eef0) = 0
3113832 ioctl(8, _IOC(_IOC_READ|_IOC_WRITE, 0x46, 0x2a, 0x20), 0x7ffc2d62de40) = 0
3113832 ioctl(9, _IOC(_IOC_NONE, 0, 0x22, 0), 0x7ffc2d62edb0) = 0
3113832 ioctl(8, _IOC(_IOC_READ|_IOC_WRITE, 0x46, 0x29, 0x10), 0x7ffc2d62ee50) = 0
3113849 +++ exited with 0 +++
3113832 ioctl(8, _IOC(_IOC_READ|_IOC_WRITE, 0x46, 0x2a, 0x20), 0x7ffc2d62e190) = 0
3113832 close(39)                       = 0
3113832 close(38)                       = 0
3113832 ioctl(9, _IOC(_IOC_NONE, 0, 0x22, 0), 0x7ffc2d62ee90) = 0
3113832 ioctl(9, _IOC(_IOC_NONE, 0, 0x22, 0), 0x7ffc2d62ee90) = 0
3113832 ioctl(8, _IOC(_IOC_READ|_IOC_WRITE, 0x46, 0x29, 0x10), 0x7ffc2d62ef30) = 0
3113832 ioctl(9, _IOC(_IOC_NONE, 0, 0x22, 0), 0x7ffc2d62ee60) = 0
3113832 ioctl(8, _IOC(_IOC_READ|_IOC_WRITE, 0x46, 0x29, 0x10), 0x7ffc2d62ef00) = 0
3113832 ioctl(9, _IOC(_IOC_NONE, 0, 0x22, 0), 0x7ffc2d62ee90) = 0
3113832 ioctl(8, _IOC(_IOC_READ|_IOC_WRITE, 0x46, 0x4f, 0x20), 0x7ffc2d62ef80) = 0
3113832 ioctl(8, _IOC(_IOC_READ|_IOC_WRITE, 0x46, 0x29, 0x10), 0x7ffc2d62ef30) = 0
3113832 ioctl(9, _IOC(_IOC_NONE, 0, 0x18, 0), 0x7ffc2d62f260) = 0
3113832 ioctl(9, _IOC(_IOC_NONE, 0, 0x18, 0), 0x7ffc2d62f260) = 0
3113832 ioctl(9, _IOC(_IOC_NONE, 0, 0x18, 0), 0x7ffc2d62f260) = 0
3113832 ioctl(9, _IOC(_IOC_NONE, 0, 0x18, 0), 0x7ffc2d62f260) = 0
3113832 ioctl(9, _IOC(_IOC_NONE, 0, 0x18, 0), 0x7ffc2d62f260) = 0
3113832 ioctl(9, _IOC(_IOC_NONE, 0, 0x18, 0), 0x7ffc2d62f260) = 0
3113832 ioctl(9, _IOC(_IOC_NONE, 0, 0x18, 0), 0x7ffc2d62f260) = 0
3113832 ioctl(9, _IOC(_IOC_NONE, 0, 0x18, 0), 0x7ffc2d62f260) = 0
3113832 ioctl(9, _IOC(_IOC_NONE, 0, 0x18, 0), 0x7ffc2d62f260) = 0
3113832 ioctl(9, _IOC(_IOC_NONE, 0, 0x22, 0), 0x7ffc2d62ee20) = 0
3113832 ioctl(8, _IOC(_IOC_READ|_IOC_WRITE, 0x46, 0x29, 0x10), 0x7ffc2d62eec0) = 0
3113832 ioctl(8, _IOC(_IOC_READ|_IOC_WRITE, 0x46, 0x2a, 0x20), 0x7ffc2d62e190) = 0
3113832 ioctl(9, _IOC(_IOC_NONE, 0, 0x22, 0), 0x7ffc2d62ee90) = 0
3113832 ioctl(8, _IOC(_IOC_READ|_IOC_WRITE, 0x46, 0x29, 0x10), 0x7ffc2d62ef30) = 0
3113832 close(29)                       = 0
3113832 ioctl(8, _IOC(_IOC_READ|_IOC_WRITE, 0x46, 0x29, 0x10), 0x7ffc2d62f140) = 0
3113832 close(22)                       = 0
3113832 ioctl(21, _IOC(_IOC_READ|_IOC_WRITE, 0x46, 0xcf, 0x10), 0x7ffc2d62f150) = 0
3113832 close(21)                       = 0
3113832 ioctl(9, _IOC(_IOC_NONE, 0, 0x1c, 0), 0x7ffc2d62f1c0) = 0
3113832 ioctl(9, _IOC(_IOC_NONE, 0, 0x1c, 0), 0x7ffc2d62f1c0) = 0
3113832 ioctl(9, _IOC(_IOC_NONE, 0, 0x1c, 0), 0x7ffc2d62f1c0) = 0
3113832 ioctl(9, _IOC(_IOC_NONE, 0, 0x1c, 0), 0x7ffc2d62f1c0) = 0
3113832 ioctl(9, _IOC(_IOC_NONE, 0, 0x1c, 0), 0x7ffc2d62f1c0) = 0
3113832 ioctl(9, _IOC(_IOC_NONE, 0, 0x1c, 0), 0x7ffc2d62f1c0) = 0
3113832 ioctl(9, _IOC(_IOC_NONE, 0, 0x1c, 0), 0x7ffc2d62f1c0) = 0
3113832 ioctl(9, _IOC(_IOC_NONE, 0, 0x1c, 0), 0x7ffc2d62f1c0) = 0
3113832 ioctl(8, _IOC(_IOC_READ|_IOC_WRITE, 0x46, 0x29, 0x10), 0x7ffc2d62f0d0) = 0
3113832 ioctl(8, _IOC(_IOC_READ|_IOC_WRITE, 0x46, 0x29, 0x10), 0x7ffc2d62f0d0) = 0
3113832 ioctl(8, _IOC(_IOC_READ|_IOC_WRITE, 0x46, 0x29, 0x10), 0x7ffc2d62f100) = 0
3113832 ioctl(8, _IOC(_IOC_READ|_IOC_WRITE, 0x46, 0x4f, 0x20), 0x7ffc2d62ee70) = 0
3113832 ioctl(8, _IOC(_IOC_READ|_IOC_WRITE, 0x46, 0x29, 0x10), 0x7ffc2d62ee20) = 0
3113832 ioctl(8, _IOC(_IOC_READ|_IOC_WRITE, 0x46, 0x29, 0x10), 0x7ffc2d62f0d0) = 0
3113832 ioctl(8, _IOC(_IOC_READ|_IOC_WRITE, 0x46, 0x29, 0x10), 0x7ffc2d62f0d0) = 0
3113832 ioctl(8, _IOC(_IOC_READ|_IOC_WRITE, 0x46, 0x29, 0x10), 0x7ffc2d62f100) = 0
3113832 ioctl(8, _IOC(_IOC_READ|_IOC_WRITE, 0x46, 0x4f, 0x20), 0x7ffc2d62ee70) = 0
3113832 ioctl(8, _IOC(_IOC_READ|_IOC_WRITE, 0x46, 0x29, 0x10), 0x7ffc2d62ee20) = 0
3113832 ioctl(8, _IOC(_IOC_READ|_IOC_WRITE, 0x46, 0x29, 0x10), 0x7ffc2d62f0d0) = 0
3113832 ioctl(8, _IOC(_IOC_READ|_IOC_WRITE, 0x46, 0x29, 0x10), 0x7ffc2d62f0d0) = 0
3113832 ioctl(8, _IOC(_IOC_READ|_IOC_WRITE, 0x46, 0x29, 0x10), 0x7ffc2d62f100) = 0
3113832 ioctl(8, _IOC(_IOC_READ|_IOC_WRITE, 0x46, 0x4f, 0x20), 0x7ffc2d62ee70) = 0
3113832 ioctl(8, _IOC(_IOC_READ|_IOC_WRITE, 0x46, 0x29, 0x10), 0x7ffc2d62ee20) = 0
3113832 ioctl(8, _IOC(_IOC_READ|_IOC_WRITE, 0x46, 0x29, 0x10), 0x7ffc2d62f0d0) = 0
3113832 ioctl(8, _IOC(_IOC_READ|_IOC_WRITE, 0x46, 0x29, 0x10), 0x7ffc2d62f0d0) = 0
3113832 ioctl(8, _IOC(_IOC_READ|_IOC_WRITE, 0x46, 0x29, 0x10), 0x7ffc2d62f100) = 0
3113832 ioctl(8, _IOC(_IOC_READ|_IOC_WRITE, 0x46, 0x4f, 0x20), 0x7ffc2d62ee70) = 0
3113832 ioctl(8, _IOC(_IOC_READ|_IOC_WRITE, 0x46, 0x29, 0x10), 0x7ffc2d62ee20) = 0
3113832 ioctl(8, _IOC(_IOC_READ|_IOC_WRITE, 0x46, 0x29, 0x10), 0x7ffc2d62f0d0) = 0
3113832 ioctl(8, _IOC(_IOC_READ|_IOC_WRITE, 0x46, 0x29, 0x10), 0x7ffc2d62f0d0) = 0
3113832 ioctl(8, _IOC(_IOC_READ|_IOC_WRITE, 0x46, 0x29, 0x10), 0x7ffc2d62f100) = 0
3113832 ioctl(8, _IOC(_IOC_READ|_IOC_WRITE, 0x46, 0x4f, 0x20), 0x7ffc2d62ee70) = 0
3113832 ioctl(8, _IOC(_IOC_READ|_IOC_WRITE, 0x46, 0x29, 0x10), 0x7ffc2d62ee20) = 0
3113832 ioctl(8, _IOC(_IOC_READ|_IOC_WRITE, 0x46, 0x29, 0x10), 0x7ffc2d62f0d0) = 0
3113832 ioctl(8, _IOC(_IOC_READ|_IOC_WRITE, 0x46, 0x29, 0x10), 0x7ffc2d62f0d0) = 0
3113832 ioctl(8, _IOC(_IOC_READ|_IOC_WRITE, 0x46, 0x29, 0x10), 0x7ffc2d62f100) = 0
3113832 ioctl(8, _IOC(_IOC_READ|_IOC_WRITE, 0x46, 0x4f, 0x20), 0x7ffc2d62ee70) = 0
3113832 ioctl(8, _IOC(_IOC_READ|_IOC_WRITE, 0x46, 0x29, 0x10), 0x7ffc2d62ee20) = 0
3113832 ioctl(8, _IOC(_IOC_READ|_IOC_WRITE, 0x46, 0x29, 0x10), 0x7ffc2d62f0d0) = 0
3113832 ioctl(8, _IOC(_IOC_READ|_IOC_WRITE, 0x46, 0x29, 0x10), 0x7ffc2d62f0d0) = 0
3113832 ioctl(8, _IOC(_IOC_READ|_IOC_WRITE, 0x46, 0x29, 0x10), 0x7ffc2d62f100) = 0
3113832 ioctl(8, _IOC(_IOC_READ|_IOC_WRITE, 0x46, 0x4f, 0x20), 0x7ffc2d62ee70) = 0
3113832 ioctl(8, _IOC(_IOC_READ|_IOC_WRITE, 0x46, 0x29, 0x10), 0x7ffc2d62ee20) = 0
3113832 ioctl(8, _IOC(_IOC_READ|_IOC_WRITE, 0x46, 0x29, 0x10), 0x7ffc2d62f0d0) = 0
3113832 ioctl(8, _IOC(_IOC_READ|_IOC_WRITE, 0x46, 0x29, 0x10), 0x7ffc2d62f0d0) = 0
3113832 ioctl(8, _IOC(_IOC_READ|_IOC_WRITE, 0x46, 0x29, 0x10), 0x7ffc2d62f100) = 0
3113832 ioctl(8, _IOC(_IOC_READ|_IOC_WRITE, 0x46, 0x4f, 0x20), 0x7ffc2d62ee70) = 0
3113832 ioctl(8, _IOC(_IOC_READ|_IOC_WRITE, 0x46, 0x29, 0x10), 0x7ffc2d62ee20) = 0
3113832 ioctl(8, _IOC(_IOC_READ|_IOC_WRITE, 0x46, 0x29, 0x10), 0x7ffc2d62f180) = 0
3113832 ioctl(8, _IOC(_IOC_READ|_IOC_WRITE, 0x46, 0x29, 0x10), 0x7ffc2d62f180) = 0
3113832 ioctl(8, _IOC(_IOC_READ|_IOC_WRITE, 0x46, 0x29, 0x10), 0x7ffc2d62f140) = 0
3113832 close(24)                       = 0
3113832 ioctl(23, _IOC(_IOC_READ|_IOC_WRITE, 0x46, 0xcf, 0x10), 0x7ffc2d62f150) = 0
3113832 close(23)                       = 0
3113832 ioctl(9, _IOC(_IOC_NONE, 0, 0x1c, 0), 0x7ffc2d62f1c0) = 0
3113832 ioctl(9, _IOC(_IOC_NONE, 0, 0x1c, 0), 0x7ffc2d62f1c0) = 0
3113832 ioctl(9, _IOC(_IOC_NONE, 0, 0x1c, 0), 0x7ffc2d62f1c0) = 0
3113832 ioctl(9, _IOC(_IOC_NONE, 0, 0x1c, 0), 0x7ffc2d62f1c0) = 0
3113832 ioctl(8, _IOC(_IOC_READ|_IOC_WRITE, 0x46, 0x29, 0x10), 0x7ffc2d62f0d0) = 0
3113832 ioctl(8, _IOC(_IOC_READ|_IOC_WRITE, 0x46, 0x29, 0x10), 0x7ffc2d62f100) = 0
3113832 ioctl(8, _IOC(_IOC_READ|_IOC_WRITE, 0x46, 0x4f, 0x20), 0x7ffc2d62ee70) = 0
3113832 ioctl(8, _IOC(_IOC_READ|_IOC_WRITE, 0x46, 0x29, 0x10), 0x7ffc2d62ee20) = 0
3113832 ioctl(8, _IOC(_IOC_READ|_IOC_WRITE, 0x46, 0x29, 0x10), 0x7ffc2d62f0d0) = 0
3113832 ioctl(8, _IOC(_IOC_READ|_IOC_WRITE, 0x46, 0x29, 0x10), 0x7ffc2d62f100) = 0
3113832 ioctl(8, _IOC(_IOC_READ|_IOC_WRITE, 0x46, 0x4f, 0x20), 0x7ffc2d62ee70) = 0
3113832 ioctl(8, _IOC(_IOC_READ|_IOC_WRITE, 0x46, 0x29, 0x10), 0x7ffc2d62ee20) = 0
3113832 ioctl(8, _IOC(_IOC_READ|_IOC_WRITE, 0x46, 0x29, 0x10), 0x7ffc2d62f0d0) = 0
3113832 ioctl(8, _IOC(_IOC_READ|_IOC_WRITE, 0x46, 0x29, 0x10), 0x7ffc2d62f100) = 0
3113832 ioctl(8, _IOC(_IOC_READ|_IOC_WRITE, 0x46, 0x4f, 0x20), 0x7ffc2d62ee70) = 0
3113832 ioctl(8, _IOC(_IOC_READ|_IOC_WRITE, 0x46, 0x29, 0x10), 0x7ffc2d62ee20) = 0
3113832 ioctl(8, _IOC(_IOC_READ|_IOC_WRITE, 0x46, 0x29, 0x10), 0x7ffc2d62f0d0) = 0
3113832 ioctl(8, _IOC(_IOC_READ|_IOC_WRITE, 0x46, 0x29, 0x10), 0x7ffc2d62f100) = 0
3113832 ioctl(8, _IOC(_IOC_READ|_IOC_WRITE, 0x46, 0x4f, 0x20), 0x7ffc2d62ee70) = 0
3113832 ioctl(8, _IOC(_IOC_READ|_IOC_WRITE, 0x46, 0x29, 0x10), 0x7ffc2d62ee20) = 0
3113832 ioctl(8, _IOC(_IOC_READ|_IOC_WRITE, 0x46, 0x29, 0x10), 0x7ffc2d62f180) = 0
3113832 ioctl(8, _IOC(_IOC_READ|_IOC_WRITE, 0x46, 0x29, 0x10), 0x7ffc2d62f140) = 0
3113832 close(26)                       = 0
3113832 ioctl(25, _IOC(_IOC_READ|_IOC_WRITE, 0x46, 0xcf, 0x10), 0x7ffc2d62f150) = 0
3113832 close(25)                       = 0
3113832 ioctl(9, _IOC(_IOC_NONE, 0, 0x1c, 0), 0x7ffc2d62f1c0) = 0
3113832 ioctl(9, _IOC(_IOC_NONE, 0, 0x1c, 0), 0x7ffc2d62f1c0) = 0
3113832 ioctl(9, _IOC(_IOC_NONE, 0, 0x1c, 0), 0x7ffc2d62f1c0) = 0
3113832 ioctl(9, _IOC(_IOC_NONE, 0, 0x1c, 0), 0x7ffc2d62f1c0) = 0
3113832 ioctl(8, _IOC(_IOC_READ|_IOC_WRITE, 0x46, 0x29, 0x10), 0x7ffc2d62f0d0) = 0
3113832 ioctl(8, _IOC(_IOC_READ|_IOC_WRITE, 0x46, 0x29, 0x10), 0x7ffc2d62f100) = 0
3113832 ioctl(8, _IOC(_IOC_READ|_IOC_WRITE, 0x46, 0x4f, 0x20), 0x7ffc2d62ee70) = 0
3113832 ioctl(8, _IOC(_IOC_READ|_IOC_WRITE, 0x46, 0x29, 0x10), 0x7ffc2d62ee20) = 0
3113832 ioctl(8, _IOC(_IOC_READ|_IOC_WRITE, 0x46, 0x29, 0x10), 0x7ffc2d62f0d0) = 0
3113832 ioctl(8, _IOC(_IOC_READ|_IOC_WRITE, 0x46, 0x29, 0x10), 0x7ffc2d62f100) = 0
3113832 ioctl(8, _IOC(_IOC_READ|_IOC_WRITE, 0x46, 0x4f, 0x20), 0x7ffc2d62ee70) = 0
3113832 ioctl(8, _IOC(_IOC_READ|_IOC_WRITE, 0x46, 0x29, 0x10), 0x7ffc2d62ee20) = 0
3113832 ioctl(8, _IOC(_IOC_READ|_IOC_WRITE, 0x46, 0x29, 0x10), 0x7ffc2d62f0d0) = 0
3113832 ioctl(8, _IOC(_IOC_READ|_IOC_WRITE, 0x46, 0x29, 0x10), 0x7ffc2d62f100) = 0
3113832 ioctl(8, _IOC(_IOC_READ|_IOC_WRITE, 0x46, 0x4f, 0x20), 0x7ffc2d62ee70) = 0
3113832 ioctl(8, _IOC(_IOC_READ|_IOC_WRITE, 0x46, 0x29, 0x10), 0x7ffc2d62ee20) = 0
3113832 ioctl(8, _IOC(_IOC_READ|_IOC_WRITE, 0x46, 0x29, 0x10), 0x7ffc2d62f0d0) = 0
3113832 ioctl(8, _IOC(_IOC_READ|_IOC_WRITE, 0x46, 0x29, 0x10), 0x7ffc2d62f100) = 0
3113832 ioctl(8, _IOC(_IOC_READ|_IOC_WRITE, 0x46, 0x4f, 0x20), 0x7ffc2d62ee70) = 0
3113832 ioctl(8, _IOC(_IOC_READ|_IOC_WRITE, 0x46, 0x29, 0x10), 0x7ffc2d62ee20) = 0
3113832 ioctl(8, _IOC(_IOC_READ|_IOC_WRITE, 0x46, 0x29, 0x10), 0x7ffc2d62f180) = 0
3113832 ioctl(8, _IOC(_IOC_READ|_IOC_WRITE, 0x46, 0x29, 0x10), 0x7ffc2d62f140) = 0
3113832 close(28)                       = 0
3113832 ioctl(27, _IOC(_IOC_READ|_IOC_WRITE, 0x46, 0xcf, 0x10), 0x7ffc2d62f150) = 0
3113832 close(27)                       = 0
3113832 ioctl(9, _IOC(_IOC_NONE, 0, 0x1c, 0), 0x7ffc2d62f1c0) = 0
3113832 ioctl(9, _IOC(_IOC_NONE, 0, 0x1c, 0), 0x7ffc2d62f1c0) = 0
3113832 ioctl(9, _IOC(_IOC_NONE, 0, 0x1c, 0), 0x7ffc2d62f1c0) = 0
3113832 ioctl(9, _IOC(_IOC_NONE, 0, 0x1c, 0), 0x7ffc2d62f1c0) = 0
3113832 ioctl(8, _IOC(_IOC_READ|_IOC_WRITE, 0x46, 0x29, 0x10), 0x7ffc2d62f0d0) = 0
3113832 ioctl(8, _IOC(_IOC_READ|_IOC_WRITE, 0x46, 0x29, 0x10), 0x7ffc2d62f100) = 0
3113832 ioctl(8, _IOC(_IOC_READ|_IOC_WRITE, 0x46, 0x4f, 0x20), 0x7ffc2d62ee70) = 0
3113832 ioctl(8, _IOC(_IOC_READ|_IOC_WRITE, 0x46, 0x29, 0x10), 0x7ffc2d62ee20) = 0
3113832 ioctl(8, _IOC(_IOC_READ|_IOC_WRITE, 0x46, 0x29, 0x10), 0x7ffc2d62f0d0) = 0
3113832 ioctl(8, _IOC(_IOC_READ|_IOC_WRITE, 0x46, 0x29, 0x10), 0x7ffc2d62f100) = 0
3113832 ioctl(8, _IOC(_IOC_READ|_IOC_WRITE, 0x46, 0x4f, 0x20), 0x7ffc2d62ee70) = 0
3113832 ioctl(8, _IOC(_IOC_READ|_IOC_WRITE, 0x46, 0x29, 0x10), 0x7ffc2d62ee20) = 0
3113832 ioctl(8, _IOC(_IOC_READ|_IOC_WRITE, 0x46, 0x29, 0x10), 0x7ffc2d62f0d0) = 0
3113832 ioctl(8, _IOC(_IOC_READ|_IOC_WRITE, 0x46, 0x29, 0x10), 0x7ffc2d62f100) = 0
3113832 ioctl(8, _IOC(_IOC_READ|_IOC_WRITE, 0x46, 0x4f, 0x20), 0x7ffc2d62ee70) = 0
3113832 ioctl(8, _IOC(_IOC_READ|_IOC_WRITE, 0x46, 0x29, 0x10), 0x7ffc2d62ee20) = 0
3113832 ioctl(8, _IOC(_IOC_READ|_IOC_WRITE, 0x46, 0x29, 0x10), 0x7ffc2d62f0d0) = 0
3113832 ioctl(8, _IOC(_IOC_READ|_IOC_WRITE, 0x46, 0x29, 0x10), 0x7ffc2d62f100) = 0
3113832 ioctl(8, _IOC(_IOC_READ|_IOC_WRITE, 0x46, 0x4f, 0x20), 0x7ffc2d62ee70) = 0
3113832 ioctl(8, _IOC(_IOC_READ|_IOC_WRITE, 0x46, 0x29, 0x10), 0x7ffc2d62ee20) = 0
3113832 ioctl(9, _IOC(_IOC_NONE, 0, 0x22, 0), 0x7ffc2d62ed50) = 0
3113832 ioctl(8, _IOC(_IOC_READ|_IOC_WRITE, 0x46, 0x4f, 0x20), 0x7ffc2d62ee40) = 0
3113832 ioctl(8, _IOC(_IOC_READ|_IOC_WRITE, 0x46, 0x29, 0x10), 0x7ffc2d62edf0) = 0
3113832 ioctl(9, _IOC(_IOC_NONE, 0, 0x22, 0), 0x7ffc2d62ed50) = 0
3113832 ioctl(8, _IOC(_IOC_READ|_IOC_WRITE, 0x46, 0x4f, 0x20), 0x7ffc2d62ee40) = 0
3113832 ioctl(8, _IOC(_IOC_READ|_IOC_WRITE, 0x46, 0x29, 0x10), 0x7ffc2d62edf0) = 0
3113832 ioctl(8, _IOC(_IOC_READ|_IOC_WRITE, 0x46, 0x29, 0x10), 0x7ffc2d62f180) = 0
3113850 +++ exited with 0 +++
3113832 close(20)                       = 0
3113832 ioctl(9, _IOC(_IOC_NONE, 0, 0x22, 0), 0x7ffc2d62ee90) = 0
3113832 ioctl(8, _IOC(_IOC_READ|_IOC_WRITE, 0x46, 0x29, 0x10), 0x7ffc2d62ef30) = 0
3113832 ioctl(9, _IOC(_IOC_NONE, 0, 0x22, 0), 0x7ffc2d62ee90) = 0
3113832 ioctl(8, _IOC(_IOC_READ|_IOC_WRITE, 0x46, 0x29, 0x10), 0x7ffc2d62ef30) = 0
3113832 ioctl(9, _IOC(_IOC_NONE, 0, 0x22, 0), 0x7ffc2d62ee60) = 0
3113832 ioctl(8, _IOC(_IOC_READ|_IOC_WRITE, 0x46, 0x29, 0x10), 0x7ffc2d62ef00) = 0
3113832 ioctl(9, _IOC(_IOC_NONE, 0, 0x22, 0), 0x7ffc2d62ee50) = 0
3113832 ioctl(8, _IOC(_IOC_READ|_IOC_WRITE, 0x46, 0x4f, 0x20), 0x7ffc2d62ef40) = 0
3113832 ioctl(8, _IOC(_IOC_READ|_IOC_WRITE, 0x46, 0x29, 0x10), 0x7ffc2d62eef0) = 0
3113832 ioctl(9, _IOC(_IOC_NONE, 0, 0x22, 0), 0x7ffc2d62ee50) = 0
3113832 ioctl(8, _IOC(_IOC_READ|_IOC_WRITE, 0x46, 0x4f, 0x20), 0x7ffc2d62ef40) = 0
3113832 ioctl(8, _IOC(_IOC_READ|_IOC_WRITE, 0x46, 0x29, 0x10), 0x7ffc2d62eef0) = 0
3113832 ioctl(9, _IOC(_IOC_NONE, 0, 0x22, 0), 0x7ffc2d62ee60) = 0
3113832 ioctl(8, _IOC(_IOC_READ|_IOC_WRITE, 0x46, 0x29, 0x10), 0x7ffc2d62ef00) = 0
3113832 ioctl(9, _IOC(_IOC_NONE, 0, 0x22, 0), 0x7ffc2d62ee60) = 0
3113832 ioctl(8, _IOC(_IOC_READ|_IOC_WRITE, 0x46, 0x29, 0x10), 0x7ffc2d62ef00) = 0
3113832 ioctl(9, _IOC(_IOC_NONE, 0, 0x22, 0), 0x7ffc2d62ef00) = 0
3113832 ioctl(9, _IOC(_IOC_NONE, 0, 0x22, 0), 0x7ffc2d62ee60) = 0
3113832 ioctl(8, _IOC(_IOC_READ|_IOC_WRITE, 0x46, 0x29, 0x10), 0x7ffc2d62ef00) = 0
3113832 ioctl(9, _IOC(_IOC_NONE, 0, 0x22, 0), 0x7ffc2d62ee60) = 0
3113832 ioctl(8, _IOC(_IOC_READ|_IOC_WRITE, 0x46, 0x29, 0x10), 0x7ffc2d62ef00) = 0
3113832 ioctl(9, _IOC(_IOC_NONE, 0, 0x1a, 0), 0x7ffc2d62f290) = 0
3113832 ioctl(8, _IOC(_IOC_READ|_IOC_WRITE, 0x46, 0x2a, 0x20), 0x7ffc2d62e180) = 0
3113833 +++ exited with 0 +++
3113832 +++ exited with 0 +++
