3947708 openat(AT_FDCWD, "/usr/local/cuda/lib64/glibc-hwcaps/x86-64-v4/libcuda.so.1", O_RDONLY|O_CLOEXEC) = -1 ENOENT (No such file or directory)
3947708 openat(AT_FDCWD, "/usr/local/cuda/lib64/glibc-hwcaps/x86-64-v3/libcuda.so.1", O_RDONLY|O_CLOEXEC) = -1 ENOENT (No such file or directory)
3947708 openat(AT_FDCWD, "/usr/local/cuda/lib64/glibc-hwcaps/x86-64-v2/libcuda.so.1", O_RDONLY|O_CLOEXEC) = -1 ENOENT (No such file or directory)
3947708 openat(AT_FDCWD, "/usr/local/cuda/lib64/tls/haswell/avx512_1/x86_64/libcuda.so.1", O_RDONLY|O_CLOEXEC) = -1 ENOENT (No such file or directory)
3947708 openat(AT_FDCWD, "/usr/local/cuda/lib64/tls/haswell/avx512_1/libcuda.so.1", O_RDONLY|O_CLOEXEC) = -1 ENOENT (No such file or directory)
3947708 openat(AT_FDCWD, "/usr/local/cuda/lib64/tls/haswell/x86_64/libcuda.so.1", O_RDONLY|O_CLOEXEC) = -1 ENOENT (No such file or directory)
3947708 openat(AT_FDCWD, "/usr/local/cuda/lib64/tls/haswell/libcuda.so.1", O_RDONLY|O_CLOEXEC) = -1 ENOENT (No such file or directory)
3947708 openat(AT_FDCWD, "/usr/local/cuda/lib64/tls/avx512_1/x86_64/libcuda.so.1", O_RDONLY|O_CLOEXEC) = -1 ENOENT (No such file or directory)
3947708 openat(AT_FDCWD, "/usr/local/cuda/lib64/tls/avx512_1/libcuda.so.1", O_RDONLY|O_CLOEXEC) = -1 ENOENT (No such file or directory)
3947708 openat(AT_FDCWD, "/usr/local/cuda/lib64/tls/x86_64/libcuda.so.1", O_RDONLY|O_CLOEXEC) = -1 ENOENT (No such file or directory)
3947708 openat(AT_FDCWD, "/usr/local/cuda/lib64/tls/libcuda.so.1", O_RDONLY|O_CLOEXEC) = -1 ENOENT (No such file or directory)
3947708 openat(AT_FDCWD, "/usr/local/cuda/lib64/haswell/avx512_1/x86_64/libcuda.so.1", O_RDONLY|O_CLOEXEC) = -1 ENOENT (No such file or directory)
3947708 openat(AT_FDCWD, "/usr/local/cuda/lib64/haswell/avx512_1/libcuda.so.1", O_RDONLY|O_CLOEXEC) = -1 ENOENT (No such file or directory)
3947708 openat(AT_FDCWD, "/usr/local/cuda/lib64/haswell/x86_64/libcuda.so.1", O_RDONLY|O_CLOEXEC) = -1 ENOENT (No such file or directory)
3947708 openat(AT_FDCWD, "/usr/local/cuda/lib64/haswell/libcuda.so.1", O_RDONLY|O_CLOEXEC) = -1 ENOENT (No such file or directory)
3947708 openat(AT_FDCWD, "/usr/local/cuda/lib64/avx512_1/x86_64/libcuda.so.1", O_RDONLY|O_CLOEXEC) = -1 ENOENT (No such file or directory)
3947708 openat(AT_FDCWD, "/usr/local/cuda/lib64/avx512_1/libcuda.so.1", O_RDONLY|O_CLOEXEC) = -1 ENOENT (No such file or directory)
3947708 openat(AT_FDCWD, "/usr/local/cuda/lib64/x86_64/libcuda.so.1", O_RDONLY|O_CLOEXEC) = -1 ENOENT (No such file or directory)
3947708 openat(AT_FDCWD, "/usr/local/cuda/lib64/libcuda.so.1", O_RDONLY|O_CLOEXEC) = -1 ENOENT (No such file or directory)
3947708 openat(AT_FDCWD, "/usr/local/cuda-12.5/lib64/glibc-hwcaps/x86-64-v4/libcuda.so.1", O_RDONLY|O_CLOEXEC) = -1 ENOENT (No such file or directory)
3947708 openat(AT_FDCWD, "/usr/local/cuda-12.5/lib64/glibc-hwcaps/x86-64-v3/libcuda.so.1", O_RDONLY|O_CLOEXEC) = -1 ENOENT (No such file or directory)
3947708 openat(AT_FDCWD, "/usr/local/cuda-12.5/lib64/glibc-hwcaps/x86-64-v2/libcuda.so.1", O_RDONLY|O_CLOEXEC) = -1 ENOENT (No such file or directory)
3947708 openat(AT_FDCWD, "/usr/local/cuda-12.5/lib64/tls/haswell/avx512_1/x86_64/libcuda.so.1", O_RDONLY|O_CLOEXEC) = -1 ENOENT (No such file or directory)
3947708 openat(AT_FDCWD, "/usr/local/cuda-12.5/lib64/tls/haswell/avx512_1/libcuda.so.1", O_RDONLY|O_CLOEXEC) = -1 ENOENT (No such file or directory)
3947708 openat(AT_FDCWD, "/usr/local/cuda-12.5/lib64/tls/haswell/x86_64/libcuda.so.1", O_RDONLY|O_CLOEXEC) = -1 ENOENT (No such file or directory)
3947708 openat(AT_FDCWD, "/usr/local/cuda-12.5/lib64/tls/haswell/libcuda.so.1", O_RDONLY|O_CLOEXEC) = -1 ENOENT (No such file or directory)
3947708 openat(AT_FDCWD, "/usr/local/cuda-12.5/lib64/tls/avx512_1/x86_64/libcuda.so.1", O_RDONLY|O_CLOEXEC) = -1 ENOENT (No such file or directory)
3947708 openat(AT_FDCWD, "/usr/local/cuda-12.5/lib64/tls/avx512_1/libcuda.so.1", O_RDONLY|O_CLOEXEC) = -1 ENOENT (No such file or directory)
3947708 openat(AT_FDCWD, "/usr/local/cuda-12.5/lib64/tls/x86_64/libcuda.so.1", O_RDONLY|O_CLOEXEC) = -1 ENOENT (No such file or directory)
3947708 openat(AT_FDCWD, "/usr/local/cuda-12.5/lib64/tls/libcuda.so.1", O_RDONLY|O_CLOEXEC) = -1 ENOENT (No such file or directory)
3947708 openat(AT_FDCWD, "/usr/local/cuda-12.5/lib64/haswell/avx512_1/x86_64/libcuda.so.1", O_RDONLY|O_CLOEXEC) = -1 ENOENT (No such file or directory)
3947708 openat(AT_FDCWD, "/usr/local/cuda-12.5/lib64/haswell/avx512_1/libcuda.so.1", O_RDONLY|O_CLOEXEC) = -1 ENOENT (No such file or directory)
3947708 openat(AT_FDCWD, "/usr/local/cuda-12.5/lib64/haswell/x86_64/libcuda.so.1", O_RDONLY|O_CLOEXEC) = -1 ENOENT (No such file or directory)
3947708 openat(AT_FDCWD, "/usr/local/cuda-12.5/lib64/haswell/libcuda.so.1", O_RDONLY|O_CLOEXEC) = -1 ENOENT (No such file or directory)
3947708 openat(AT_FDCWD, "/usr/local/cuda-12.5/lib64/avx512_1/x86_64/libcuda.so.1", O_RDONLY|O_CLOEXEC) = -1 ENOENT (No such file or directory)
3947708 openat(AT_FDCWD, "/usr/local/cuda-12.5/lib64/avx512_1/libcuda.so.1", O_RDONLY|O_CLOEXEC) = -1 ENOENT (No such file or directory)
3947708 openat(AT_FDCWD, "/usr/local/cuda-12.5/lib64/x86_64/libcuda.so.1", O_RDONLY|O_CLOEXEC) = -1 ENOENT (No such file or directory)
3947708 openat(AT_FDCWD, "/usr/local/cuda-12.5/lib64/libcuda.so.1", O_RDONLY|O_CLOEXEC) = -1 ENOENT (No such file or directory)
3947708 openat(AT_FDCWD, "/etc/ld.so.cache", O_RDONLY|O_CLOEXEC) = 3
3947708 close(3)                        = 0
3947708 openat(AT_FDCWD, "/lib/x86_64-linux-gnu/libcuda.so.1", O_RDONLY|O_CLOEXEC) = 3
3947708 close(3)                        = 0
3947708 openat(AT_FDCWD, "/usr/local/cuda-12.5/lib64/libc.so.6", O_RDONLY|O_CLOEXEC) = -1 ENOENT (No such file or directory)
3947708 openat(AT_FDCWD, "/lib/x86_64-linux-gnu/libc.so.6", O_RDONLY|O_CLOEXEC) = 3
3947708 close(3)                        = 0
3947708 openat(AT_FDCWD, "/usr/local/cuda-12.5/lib64/libm.so.6", O_RDONLY|O_CLOEXEC) = -1 ENOENT (No such file or directory)
3947708 openat(AT_FDCWD, "/lib/x86_64-linux-gnu/libm.so.6", O_RDONLY|O_CLOEXEC) = 3
3947708 close(3)                        = 0
3947708 openat(AT_FDCWD, "/usr/local/cuda-12.5/lib64/libdl.so.2", O_RDONLY|O_CLOEXEC) = -1 ENOENT (No such file or directory)
3947708 openat(AT_FDCWD, "/lib/x86_64-linux-gnu/libdl.so.2", O_RDONLY|O_CLOEXEC) = 3
3947708 close(3)                        = 0
3947708 openat(AT_FDCWD, "/usr/local/cuda-12.5/lib64/libpthread.so.0", O_RDONLY|O_CLOEXEC) = -1 ENOENT (No such file or directory)
3947708 openat(AT_FDCWD, "/lib/x86_64-linux-gnu/libpthread.so.0", O_RDONLY|O_CLOEXEC) = 3
3947708 close(3)                        = 0
3947708 openat(AT_FDCWD, "/usr/local/cuda-12.5/lib64/librt.so.1", O_RDONLY|O_CLOEXEC) = -1 ENOENT (No such file or directory)
3947708 openat(AT_FDCWD, "/lib/x86_64-linux-gnu/librt.so.1", O_RDONLY|O_CLOEXEC) = 3
3947708 close(3)                        = 0
3947708 openat(AT_FDCWD, "/sys/devices/system/cpu/online", O_RDONLY|O_CLOEXEC) = 3
3947708 close(3)                        = 0
3947708 openat(AT_FDCWD, "/sys/devices/system/cpu/online", O_RDONLY|O_CLOEXEC) = 3
3947708 close(3)                        = 0
3947708 openat(AT_FDCWD, "/proc/sys/vm/mmap_min_addr", O_RDONLY) = 3
3947708 close(3)                        = 0
3947708 openat(AT_FDCWD, "/proc/cpuinfo", O_RDONLY) = 3
3947708 close(3)                        = 0
3947708 openat(AT_FDCWD, "/proc/self/maps", O_RDONLY) = 3
3947708 close(3)                        = 0
3947708 openat(AT_FDCWD, "/sys/devices/system/cpu/online", O_RDONLY|O_CLOEXEC) = 3
3947708 close(3)                        = 0
3947708 openat(AT_FDCWD, "/proc/self/task/3947709/comm", O_WRONLY|O_CREAT|O_TRUNC, 0666) = 8
3947708 close(8)                        = 0
3947708 openat(AT_FDCWD, "/dev/shm/cuda_injection_path_shm", O_RDWR|O_NOFOLLOW|O_CLOEXEC) = -1 ENOENT (No such file or directory)
3947708 openat(AT_FDCWD, "/home/pulak/.nv/nvidia-application-profile-globals-rc", O_RDONLY) = -1 ENOENT (No such file or directory)
3947708 openat(AT_FDCWD, "/home/pulak/.nv/nvidia-application-profiles-rc", O_RDONLY) = -1 ENOENT (No such file or directory)
3947708 openat(AT_FDCWD, "/home/pulak/.nv/nvidia-application-profiles-rc.d", O_RDONLY) = -1 ENOENT (No such file or directory)
3947708 openat(AT_FDCWD, "/etc/nvidia/nvidia-application-profiles-rc", O_RDONLY) = -1 ENOENT (No such file or directory)
3947708 openat(AT_FDCWD, "/etc/nvidia/nvidia-application-profiles-rc.d/", O_RDONLY) = -1 ENOENT (No such file or directory)
3947708 openat(AT_FDCWD, "/usr/share/nvidia/nvidia-application-profiles-555.42.06-rc", O_RDONLY) = 8
3947708 close(8)                        = 0
3947708 openat(AT_FDCWD, "/usr/share/nvidia/nvidia-application-profiles-rc", O_RDONLY) = -1 ENOENT (No such file or directory)
3947708 openat(AT_FDCWD, "/proc/self/cmdline", O_RDONLY) = 8
3947708 close(8)                        = 0
3947708 close(8)                        = 0
3947708 openat(AT_FDCWD, "/proc/modules", O_RDONLY) = 8
3947708 close(8)                        = 0
3947708 openat(AT_FDCWD, "/proc/driver/nvidia/params", O_RDONLY) = 8
3947708 close(8)                        = 0
3947708 openat(AT_FDCWD, "/proc/driver/nvidia/params", O_RDONLY) = 8
3947708 close(8)                        = 0
3947708 openat(AT_FDCWD, "/dev/nvidiactl", O_RDWR) = 8
3947708 openat(AT_FDCWD, "/sys/devices/system/memory/block_size_bytes", O_RDONLY) = 9
3947708 close(9)                        = 0
3947708 ioctl(8, _IOC(_IOC_READ|_IOC_WRITE, 0x46, 0xd6, 0x8), 0x7ffedd435af0) = 0
3947708 ioctl(8, _IOC(_IOC_READ|_IOC_WRITE, 0x46, 0xc8, 0x900), 0x70029451aae0) = 0
3947708 openat(AT_FDCWD, "/proc/driver/nvidia/params", O_RDONLY) = 9
3947708 close(9)                        = 0
3947708 ioctl(8, _IOC(_IOC_READ|_IOC_WRITE, 0x46, 0x2b, 0x20), 0x7ffedd435c40) = 0
3947708 ioctl(8, _IOC(_IOC_READ|_IOC_WRITE, 0x46, 0x2a, 0x20), 0x7ffedd434b40) = 0
3947708 ioctl(8, _IOC(_IOC_READ|_IOC_WRITE, 0x46, 0x29, 0x10), 0x7ffedd435c20) = 0
3947708 close(8)                        = 0
3947708 openat(AT_FDCWD, "/proc/modules", O_RDONLY) = 8
3947708 close(8)                        = 0
3947708 openat(AT_FDCWD, "/proc/driver/nvidia/params", O_RDONLY) = 8
3947708 close(8)                        = 0
3947708 openat(AT_FDCWD, "/proc/driver/nvidia/params", O_RDONLY) = 8
3947708 close(8)                        = 0
3947708 openat(AT_FDCWD, "/dev/nvidiactl", O_RDWR) = 8
3947708 openat(AT_FDCWD, "/sys/devices/system/memory/block_size_bytes", O_RDONLY) = 9
3947708 close(9)                        = 0
3947708 ioctl(8, _IOC(_IOC_READ|_IOC_WRITE, 0x46, 0xd6, 0x8), 0x7ffedd4360b0) = 0
3947708 ioctl(8, _IOC(_IOC_READ|_IOC_WRITE, 0x46, 0xc8, 0x900), 0x70029451aae0) = 0
3947708 openat(AT_FDCWD, "/proc/driver/nvidia/params", O_RDONLY) = 9
3947708 close(9)                        = 0
3947708 ioctl(8, _IOC(_IOC_READ|_IOC_WRITE, 0x46, 0x2b, 0x20), 0x7ffedd436200) = 0
3947708 ioctl(8, _IOC(_IOC_READ|_IOC_WRITE, 0x46, 0x2a, 0x20), 0x7ffedd4350c0) = 0
3947708 ioctl(8, _IOC(_IOC_READ|_IOC_WRITE, 0x46, 0x2a, 0x20), 0x7ffedd4350c0) = 0
3947708 ioctl(8, _IOC(_IOC_READ|_IOC_WRITE, 0x46, 0x2b, 0x30), 0x7ffedd4361f0) = 0
3947708 ioctl(8, _IOC(_IOC_READ|_IOC_WRITE, 0x46, 0x2a, 0x20), 0x7ffedd4350d0) = 0
3947708 openat(AT_FDCWD, "/sys/devices/system/cpu/online", O_RDONLY|O_CLOEXEC) = 9
3947708 close(9)                        = 0
3947708 openat(AT_FDCWD, "/proc/self/status", O_RDONLY) = 9
3947708 close(9)                        = 0
3947708 openat(AT_FDCWD, "/sys/devices/system/node", O_RDONLY|O_NONBLOCK|O_CLOEXEC|O_DIRECTORY) = 9
3947708 openat(AT_FDCWD, "/sys/devices/system/node/node0/cpumap", O_RDONLY) = 10
3947708 close(10)                       = 0
3947708 openat(AT_FDCWD, "/sys/devices/system/node/node1/cpumap", O_RDONLY) = 10
3947708 close(10)                       = 0
3947708 close(9)                        = 0
3947708 openat(AT_FDCWD, "/proc/modules", O_RDONLY) = 9
3947708 close(9)                        = 0
3947708 openat(AT_FDCWD, "/proc/devices", O_RDONLY) = 9
3947708 close(9)                        = 0
3947708 openat(AT_FDCWD, "/dev/nvidia-uvm", O_RDWR|O_CLOEXEC) = 9
3947708 openat(AT_FDCWD, "/dev/nvidia-uvm", O_RDWR|O_CLOEXEC) = 10
3947708 ioctl(9, _IOC(_IOC_NONE, 0, 0x1, 0x3000), 0x7ffedd436200) = 0
3947708 ioctl(10, _IOC(_IOC_NONE, 0, 0x4b, 0), 0x7ffedd436200) = 0
3947708 ioctl(9, _IOC(_IOC_NONE, 0, 0x27, 0), 0x7ffedd436200) = 0
3947708 ioctl(8, _IOC(_IOC_READ|_IOC_WRITE, 0x46, 0x2a, 0x20), 0x7ffedd433270) = 0
3947708 ioctl(8, _IOC(_IOC_READ|_IOC_WRITE, 0x46, 0x2a, 0x20), 0x7ffedd432aa0) = 0
3947708 ioctl(8, _IOC(_IOC_READ|_IOC_WRITE, 0x46, 0x2a, 0x20), 0x7ffedd4331b0) = 0
3947708 openat(AT_FDCWD, "/proc/driver/nvidia/params", O_RDONLY) = 11
3947708 close(11)                       = 0
3947708 openat(AT_FDCWD, "/proc/driver/nvidia/params", O_RDONLY) = 11
3947708 close(11)                       = 0
3947708 openat(AT_FDCWD, "/dev/nvidia0", O_RDWR|O_CLOEXEC) = 11
3947708 ioctl(8, _IOC(_IOC_READ|_IOC_WRITE, 0x46, 0x2a, 0x20), 0x7ffedd4331b0) = 0
3947708 openat(AT_FDCWD, "/proc/driver/nvidia/params", O_RDONLY) = 12
3947708 close(12)                       = 0
3947708 openat(AT_FDCWD, "/proc/driver/nvidia/params", O_RDONLY) = 12
3947708 close(12)                       = 0
3947708 openat(AT_FDCWD, "/dev/nvidia1", O_RDWR|O_CLOEXEC) = 12
3947708 ioctl(8, _IOC(_IOC_READ|_IOC_WRITE, 0x46, 0x2a, 0x20), 0x7ffedd4331b0) = 0
3947708 openat(AT_FDCWD, "/proc/driver/nvidia/params", O_RDONLY) = 13
3947708 close(13)                       = 0
3947708 openat(AT_FDCWD, "/proc/driver/nvidia/params", O_RDONLY) = 13
3947708 close(13)                       = 0
3947708 openat(AT_FDCWD, "/dev/nvidia2", O_RDWR|O_CLOEXEC) = 13
3947708 ioctl(8, _IOC(_IOC_READ|_IOC_WRITE, 0x46, 0x2a, 0x20), 0x7ffedd4331b0) = 0
3947708 openat(AT_FDCWD, "/proc/driver/nvidia/params", O_RDONLY) = 14
3947708 close(14)                       = 0
3947708 openat(AT_FDCWD, "/proc/driver/nvidia/params", O_RDONLY) = 14
3947708 close(14)                       = 0
3947708 openat(AT_FDCWD, "/dev/nvidia3", O_RDWR|O_CLOEXEC) = 14
3947708 ioctl(8, _IOC(_IOC_READ|_IOC_WRITE, 0x46, 0x2a, 0x20), 0x7ffedd433370) = 0
3947708 ioctl(8, _IOC(_IOC_READ|_IOC_WRITE, 0x46, 0x2a, 0x20), 0x7ffedd433360) = 0
3947708 ioctl(8, _IOC(_IOC_READ|_IOC_WRITE, 0x46, 0x29, 0x10), 0x7ffedd434400) = 0
3947708 ioctl(8, _IOC(_IOC_READ|_IOC_WRITE, 0x46, 0x2a, 0x20), 0x7ffedd4331f0) = 0
3947708 ioctl(8, _IOC(_IOC_READ|_IOC_WRITE, 0x46, 0x2a, 0x20), 0x7ffedd4331f0) = 0
3947708 openat(AT_FDCWD, "/proc/driver/nvidia/params", O_RDONLY) = 15
3947708 close(15)                       = 0
3947708 openat(AT_FDCWD, "/proc/driver/nvidia/params", O_RDONLY) = 15
3947708 close(15)                       = 0
3947708 openat(AT_FDCWD, "/dev/nvidia0", O_RDWR|O_CLOEXEC) = 15
3947708 ioctl(15, _IOC(_IOC_READ|_IOC_WRITE, 0x46, 0xc9, 0x4), 0x7ffedd434370) = 0
3947708 ioctl(15, _IOC(_IOC_READ|_IOC_WRITE, 0x46, 0xd7, 0x230), 0x7ffedd4340f0) = 0
3947708 ioctl(8, _IOC(_IOC_READ|_IOC_WRITE, 0x46, 0x2b, 0x30), 0x7ffedd434440) = 0
3947708 ioctl(8, _IOC(_IOC_READ|_IOC_WRITE, 0x46, 0x2a, 0x20), 0x7ffedd433370) = 0
3947708 ioctl(8, _IOC(_IOC_READ|_IOC_WRITE, 0x46, 0x2a, 0x20), 0x7ffedd4331d0) = 0
3947708 ioctl(8, _IOC(_IOC_READ|_IOC_WRITE, 0x46, 0x2a, 0x20), 0x7ffedd433370) = 0
3947708 ioctl(8, _IOC(_IOC_READ|_IOC_WRITE, 0x46, 0x2a, 0x20), 0x7ffedd4332e0) = 0
3947708 ioctl(8, _IOC(_IOC_READ|_IOC_WRITE, 0x46, 0x2a, 0x20), 0x7ffedd4331e0) = 0
3947708 ioctl(8, _IOC(_IOC_READ|_IOC_WRITE, 0x46, 0x2a, 0x20), 0x7ffedd4331e0) = 0
3947708 openat(AT_FDCWD, "/proc/driver/nvidia/params", O_RDONLY) = 16
3947708 close(16)                       = 0
3947708 openat(AT_FDCWD, "/proc/driver/nvidia/params", O_RDONLY) = 16
3947708 close(16)                       = 0
3947708 openat(AT_FDCWD, "/dev/nvidia0", O_RDWR|O_CLOEXEC) = 16
3947708 ioctl(16, _IOC(_IOC_READ|_IOC_WRITE, 0x46, 0xc9, 0x4), 0x7ffedd434360) = 0
3947708 ioctl(8, _IOC(_IOC_READ|_IOC_WRITE, 0x46, 0x2b, 0x30), 0x7ffedd434470) = 0
3947708 ioctl(8, _IOC(_IOC_READ|_IOC_WRITE, 0x46, 0x2b, 0x30), 0x7ffedd434490) = 0
3947708 ioctl(8, _IOC(_IOC_READ|_IOC_WRITE, 0x46, 0x2a, 0x20), 0x7ffedd4331c0) = 0
3947708 ioctl(8, _IOC(_IOC_READ|_IOC_WRITE, 0x46, 0x2a, 0x20), 0x7ffedd432cc0) = 0
3947708 ioctl(8, _IOC(_IOC_READ|_IOC_WRITE, 0x46, 0x2a, 0x20), 0x7ffedd433270) = 0
3947708 ioctl(8, _IOC(_IOC_READ|_IOC_WRITE, 0x46, 0x2a, 0x20), 0x7ffedd4328e0) = 0
3947708 ioctl(8, _IOC(_IOC_READ|_IOC_WRITE, 0x46, 0x2a, 0x20), 0x7ffedd4320d0) = 0
3947708 ioctl(8, _IOC(_IOC_READ|_IOC_WRITE, 0x46, 0x2a, 0x20), 0x7ffedd432720) = 0
3947708 ioctl(8, _IOC(_IOC_READ|_IOC_WRITE, 0x46, 0x2a, 0x20), 0x7ffedd432f90) = 0
3947708 ioctl(8, _IOC(_IOC_READ|_IOC_WRITE, 0x46, 0x2a, 0x20), 0x7ffedd433160) = 0
3947708 ioctl(8, _IOC(_IOC_READ|_IOC_WRITE, 0x46, 0x2a, 0x20), 0x7ffedd432e50) = 0
3947708 ioctl(8, _IOC(_IOC_READ|_IOC_WRITE, 0x46, 0x2a, 0x20), 0x7ffedd432e50) = 0
3947708 ioctl(8, _IOC(_IOC_READ|_IOC_WRITE, 0x46, 0x2a, 0x20), 0x7ffedd432e50) = 0
3947708 ioctl(8, _IOC(_IOC_READ|_IOC_WRITE, 0x46, 0x2a, 0x20), 0x7ffedd432e50) = 0
3947708 ioctl(8, _IOC(_IOC_READ|_IOC_WRITE, 0x46, 0x2a, 0x20), 0x7ffedd432e50) = 0
3947708 ioctl(8, _IOC(_IOC_READ|_IOC_WRITE, 0x46, 0x2a, 0x20), 0x7ffedd432ca0) = 0
3947708 ioctl(8, _IOC(_IOC_READ|_IOC_WRITE, 0x46, 0x2a, 0x20), 0x7ffedd432fb0) = 0
3947708 ioctl(8, _IOC(_IOC_READ|_IOC_WRITE, 0x46, 0x2a, 0x20), 0x7ffedd433050) = 0
3947708 ioctl(8, _IOC(_IOC_READ|_IOC_WRITE, 0x46, 0x2a, 0x20), 0x7ffedd433160) = 0
3947708 ioctl(8, _IOC(_IOC_READ|_IOC_WRITE, 0x46, 0x2a, 0x20), 0x7ffedd433160) = 0
3947708 openat(AT_FDCWD, "/dev/nvidia0", O_RDWR|O_CLOEXEC) = 17
3947708 ioctl(17, _IOC(_IOC_READ|_IOC_WRITE, 0x46, 0xc9, 0x4), 0x7ffedd434220) = 0
3947708 ioctl(17, _IOC(_IOC_READ|_IOC_WRITE, 0x46, 0xce, 0x10), 0x7ffedd434210) = 0
3947708 ioctl(8, _IOC(_IOC_READ|_IOC_WRITE, 0x46, 0x2a, 0x20), 0x7ffedd432eb0) = 0
3947708 ioctl(8, _IOC(_IOC_READ|_IOC_WRITE, 0x46, 0x2a, 0x20), 0x7ffedd433090) = 0
3947708 ioctl(8, _IOC(_IOC_READ|_IOC_WRITE, 0x46, 0x2a, 0x20), 0x7ffedd433090) = 0
3947708 ioctl(8, _IOC(_IOC_READ|_IOC_WRITE, 0x46, 0x2a, 0x20), 0x7ffedd433090) = 0
3947708 ioctl(8, _IOC(_IOC_READ|_IOC_WRITE, 0x46, 0x2a, 0x20), 0x7ffedd433090) = 0
3947708 ioctl(8, _IOC(_IOC_READ|_IOC_WRITE, 0x46, 0x2a, 0x20), 0x7ffedd433090) = 0
3947708 ioctl(8, _IOC(_IOC_READ|_IOC_WRITE, 0x46, 0x2a, 0x20), 0x7ffedd433090) = 0
3947708 ioctl(8, _IOC(_IOC_READ|_IOC_WRITE, 0x46, 0x2a, 0x20), 0x7ffedd433090) = 0
3947708 ioctl(8, _IOC(_IOC_READ|_IOC_WRITE, 0x46, 0x2a, 0x20), 0x7ffedd433080) = 0
3947708 ioctl(8, _IOC(_IOC_READ|_IOC_WRITE, 0x46, 0x2a, 0x20), 0x7ffedd433000) = 0
3947708 ioctl(8, _IOC(_IOC_READ|_IOC_WRITE, 0x46, 0x2a, 0x20), 0x7ffedd432f90) = 0
3947708 ioctl(8, _IOC(_IOC_READ|_IOC_WRITE, 0x46, 0x2a, 0x20), 0x7ffedd430ae0) = 0
3947708 ioctl(8, _IOC(_IOC_READ|_IOC_WRITE, 0x46, 0x2a, 0x20), 0x7ffedd431b90) = 0
3947708 ioctl(8, _IOC(_IOC_READ|_IOC_WRITE, 0x46, 0x2a, 0x20), 0x7ffedd433190) = 0
3947708 ioctl(8, _IOC(_IOC_READ|_IOC_WRITE, 0x46, 0x2a, 0x20), 0x7ffedd432fe0) = 0
3947708 ioctl(8, _IOC(_IOC_READ|_IOC_WRITE, 0x46, 0x2b, 0x30), 0x7ffedd434200) = 0
3947708 ioctl(8, _IOC(_IOC_READ|_IOC_WRITE, 0x46, 0x2a, 0x20), 0x7ffedd432fd0) = 0
3947708 openat(AT_FDCWD, "/dev/nvidia0", O_RDWR|O_CLOEXEC) = 18
3947708 ioctl(8, _IOC(_IOC_READ|_IOC_WRITE, 0x46, 0x4e, 0x38), 0x7ffedd434190) = 0
3947708 close(18)                       = 0
3947708 ioctl(8, _IOC(_IOC_READ|_IOC_WRITE, 0x46, 0x2b, 0x30), 0x7ffedd434210) = 0
3947708 ioctl(8, _IOC(_IOC_READ|_IOC_WRITE, 0x46, 0x2a, 0x20), 0x7ffedd433190) = 0
3947708 ioctl(8, _IOC(_IOC_READ|_IOC_WRITE, 0x46, 0x2a, 0x20), 0x7ffedd433130) = 0
3947708 ioctl(8, _IOC(_IOC_READ|_IOC_WRITE, 0x46, 0x2b, 0x30), 0x7ffedd434280) = 0
3947708 ioctl(8, _IOC(_IOC_READ|_IOC_WRITE, 0x46, 0x2b, 0x30), 0x7ffedd434280) = 0
3947708 ioctl(8, _IOC(_IOC_READ|_IOC_WRITE, 0x46, 0x2a, 0x20), 0x7ffedd433160) = 0
3947708 ioctl(8, _IOC(_IOC_READ|_IOC_WRITE, 0x46, 0x2a, 0x20), 0x7ffedd4330c0) = 0
3947708 ioctl(8, _IOC(_IOC_READ|_IOC_WRITE, 0x46, 0x2a, 0x20), 0x7ffedd4330c0) = 0
3947708 ioctl(8, _IOC(_IOC_READ|_IOC_WRITE, 0x46, 0x2a, 0x20), 0x7ffedd4331c0) = 0
3947708 ioctl(8, _IOC(_IOC_READ|_IOC_WRITE, 0x46, 0x2a, 0x20), 0x7ffedd433080) = 0
3947708 openat(AT_FDCWD, "/sys/bus/pci/devices/0000:17:00.0/numa_node", O_RDONLY) = 18
3947708 close(18)                       = 0
3947708 ioctl(8, _IOC(_IOC_READ|_IOC_WRITE, 0x46, 0x2a, 0x20), 0x7ffedd433360) = 0
3947708 ioctl(8, _IOC(_IOC_READ|_IOC_WRITE, 0x46, 0x29, 0x10), 0x7ffedd434400) = 0
3947708 ioctl(8, _IOC(_IOC_READ|_IOC_WRITE, 0x46, 0x2a, 0x20), 0x7ffedd4331f0) = 0
3947708 ioctl(8, _IOC(_IOC_READ|_IOC_WRITE, 0x46, 0x2a, 0x20), 0x7ffedd4331f0) = 0
3947708 ioctl(8, _IOC(_IOC_READ|_IOC_WRITE, 0x46, 0x2a, 0x20), 0x7ffedd4331f0) = 0
3947708 openat(AT_FDCWD, "/proc/driver/nvidia/params", O_RDONLY) = 18
3947708 close(18)                       = 0
3947708 openat(AT_FDCWD, "/proc/driver/nvidia/params", O_RDONLY) = 18
3947708 close(18)                       = 0
3947708 openat(AT_FDCWD, "/dev/nvidia1", O_RDWR|O_CLOEXEC) = 18
3947708 ioctl(18, _IOC(_IOC_READ|_IOC_WRITE, 0x46, 0xc9, 0x4), 0x7ffedd434370) = 0
3947708 ioctl(18, _IOC(_IOC_READ|_IOC_WRITE, 0x46, 0xd7, 0x230), 0x7ffedd4340f0) = 0
3947708 ioctl(8, _IOC(_IOC_READ|_IOC_WRITE, 0x46, 0x2b, 0x30), 0x7ffedd434440) = 0
3947708 ioctl(8, _IOC(_IOC_READ|_IOC_WRITE, 0x46, 0x2a, 0x20), 0x7ffedd433370) = 0
3947708 ioctl(8, _IOC(_IOC_READ|_IOC_WRITE, 0x46, 0x2a, 0x20), 0x7ffedd4331d0) = 0
3947708 ioctl(8, _IOC(_IOC_READ|_IOC_WRITE, 0x46, 0x2a, 0x20), 0x7ffedd433370) = 0
3947708 ioctl(8, _IOC(_IOC_READ|_IOC_WRITE, 0x46, 0x2a, 0x20), 0x7ffedd4332e0) = 0
3947708 ioctl(8, _IOC(_IOC_READ|_IOC_WRITE, 0x46, 0x2a, 0x20), 0x7ffedd4331e0) = 0
3947708 ioctl(8, _IOC(_IOC_READ|_IOC_WRITE, 0x46, 0x2a, 0x20), 0x7ffedd4331e0) = 0
3947708 ioctl(8, _IOC(_IOC_READ|_IOC_WRITE, 0x46, 0x2a, 0x20), 0x7ffedd4331e0) = 0
3947708 openat(AT_FDCWD, "/proc/driver/nvidia/params", O_RDONLY) = 19
3947708 close(19)                       = 0
3947708 openat(AT_FDCWD, "/proc/driver/nvidia/params", O_RDONLY) = 19
3947708 close(19)                       = 0
3947708 openat(AT_FDCWD, "/dev/nvidia1", O_RDWR|O_CLOEXEC) = 19
3947708 ioctl(19, _IOC(_IOC_READ|_IOC_WRITE, 0x46, 0xc9, 0x4), 0x7ffedd434360) = 0
3947708 ioctl(8, _IOC(_IOC_READ|_IOC_WRITE, 0x46, 0x2b, 0x30), 0x7ffedd434470) = 0
3947708 ioctl(8, _IOC(_IOC_READ|_IOC_WRITE, 0x46, 0x2b, 0x30), 0x7ffedd434490) = 0
3947708 ioctl(8, _IOC(_IOC_READ|_IOC_WRITE, 0x46, 0x2a, 0x20), 0x7ffedd4331c0) = 0
3947708 ioctl(8, _IOC(_IOC_READ|_IOC_WRITE, 0x46, 0x2a, 0x20), 0x7ffedd432cc0) = 0
3947708 ioctl(8, _IOC(_IOC_READ|_IOC_WRITE, 0x46, 0x2a, 0x20), 0x7ffedd433270) = 0
3947708 ioctl(8, _IOC(_IOC_READ|_IOC_WRITE, 0x46, 0x2a, 0x20), 0x7ffedd4328e0) = 0
3947708 ioctl(8, _IOC(_IOC_READ|_IOC_WRITE, 0x46, 0x2a, 0x20), 0x7ffedd4320d0) = 0
3947708 ioctl(8, _IOC(_IOC_READ|_IOC_WRITE, 0x46, 0x2a, 0x20), 0x7ffedd432720) = 0
3947708 ioctl(8, _IOC(_IOC_READ|_IOC_WRITE, 0x46, 0x2a, 0x20), 0x7ffedd432f90) = 0
3947708 ioctl(8, _IOC(_IOC_READ|_IOC_WRITE, 0x46, 0x2a, 0x20), 0x7ffedd433160) = 0
3947708 ioctl(8, _IOC(_IOC_READ|_IOC_WRITE, 0x46, 0x2a, 0x20), 0x7ffedd432e50) = 0
3947708 ioctl(8, _IOC(_IOC_READ|_IOC_WRITE, 0x46, 0x2a, 0x20), 0x7ffedd432e50) = 0
3947708 ioctl(8, _IOC(_IOC_READ|_IOC_WRITE, 0x46, 0x2a, 0x20), 0x7ffedd432e50) = 0
3947708 ioctl(8, _IOC(_IOC_READ|_IOC_WRITE, 0x46, 0x2a, 0x20), 0x7ffedd432e50) = 0
3947708 ioctl(8, _IOC(_IOC_READ|_IOC_WRITE, 0x46, 0x2a, 0x20), 0x7ffedd432e50) = 0
3947708 ioctl(8, _IOC(_IOC_READ|_IOC_WRITE, 0x46, 0x2a, 0x20), 0x7ffedd432ca0) = 0
3947708 ioctl(8, _IOC(_IOC_READ|_IOC_WRITE, 0x46, 0x2a, 0x20), 0x7ffedd432fb0) = 0
3947708 ioctl(8, _IOC(_IOC_READ|_IOC_WRITE, 0x46, 0x2a, 0x20), 0x7ffedd433050) = 0
3947708 ioctl(8, _IOC(_IOC_READ|_IOC_WRITE, 0x46, 0x2a, 0x20), 0x7ffedd433160) = 0
3947708 ioctl(8, _IOC(_IOC_READ|_IOC_WRITE, 0x46, 0x2a, 0x20), 0x7ffedd433160) = 0
3947708 openat(AT_FDCWD, "/dev/nvidia1", O_RDWR|O_CLOEXEC) = 20
3947708 ioctl(20, _IOC(_IOC_READ|_IOC_WRITE, 0x46, 0xc9, 0x4), 0x7ffedd434220) = 0
3947708 ioctl(20, _IOC(_IOC_READ|_IOC_WRITE, 0x46, 0xce, 0x10), 0x7ffedd434210) = 0
3947708 ioctl(8, _IOC(_IOC_READ|_IOC_WRITE, 0x46, 0x2a, 0x20), 0x7ffedd432eb0) = 0
3947708 ioctl(8, _IOC(_IOC_READ|_IOC_WRITE, 0x46, 0x2a, 0x20), 0x7ffedd433090) = 0
3947708 ioctl(8, _IOC(_IOC_READ|_IOC_WRITE, 0x46, 0x2a, 0x20), 0x7ffedd433090) = 0
3947708 ioctl(8, _IOC(_IOC_READ|_IOC_WRITE, 0x46, 0x2a, 0x20), 0x7ffedd433090) = 0
3947708 ioctl(8, _IOC(_IOC_READ|_IOC_WRITE, 0x46, 0x2a, 0x20), 0x7ffedd433090) = 0
3947708 ioctl(8, _IOC(_IOC_READ|_IOC_WRITE, 0x46, 0x2a, 0x20), 0x7ffedd433090) = 0
3947708 ioctl(8, _IOC(_IOC_READ|_IOC_WRITE, 0x46, 0x2a, 0x20), 0x7ffedd433090) = 0
3947708 ioctl(8, _IOC(_IOC_READ|_IOC_WRITE, 0x46, 0x2a, 0x20), 0x7ffedd433090) = 0
3947708 ioctl(8, _IOC(_IOC_READ|_IOC_WRITE, 0x46, 0x2a, 0x20), 0x7ffedd433080) = 0
3947708 ioctl(8, _IOC(_IOC_READ|_IOC_WRITE, 0x46, 0x2a, 0x20), 0x7ffedd433000) = 0
3947708 ioctl(8, _IOC(_IOC_READ|_IOC_WRITE, 0x46, 0x2a, 0x20), 0x7ffedd432f90) = 0
3947708 ioctl(8, _IOC(_IOC_READ|_IOC_WRITE, 0x46, 0x2a, 0x20), 0x7ffedd430ae0) = 0
3947708 ioctl(8, _IOC(_IOC_READ|_IOC_WRITE, 0x46, 0x2a, 0x20), 0x7ffedd431b90) = 0
3947708 ioctl(8, _IOC(_IOC_READ|_IOC_WRITE, 0x46, 0x2a, 0x20), 0x7ffedd433190) = 0
3947708 ioctl(8, _IOC(_IOC_READ|_IOC_WRITE, 0x46, 0x2a, 0x20), 0x7ffedd432fe0) = 0
3947708 ioctl(8, _IOC(_IOC_READ|_IOC_WRITE, 0x46, 0x2b, 0x30), 0x7ffedd434200) = 0
3947708 ioctl(8, _IOC(_IOC_READ|_IOC_WRITE, 0x46, 0x2a, 0x20), 0x7ffedd432fd0) = 0
3947708 openat(AT_FDCWD, "/dev/nvidia1", O_RDWR|O_CLOEXEC) = 21
3947708 ioctl(8, _IOC(_IOC_READ|_IOC_WRITE, 0x46, 0x4e, 0x38), 0x7ffedd434190) = 0
3947708 close(21)                       = 0
3947708 ioctl(8, _IOC(_IOC_READ|_IOC_WRITE, 0x46, 0x2b, 0x30), 0x7ffedd434210) = 0
3947708 ioctl(8, _IOC(_IOC_READ|_IOC_WRITE, 0x46, 0x2a, 0x20), 0x7ffedd433190) = 0
3947708 ioctl(8, _IOC(_IOC_READ|_IOC_WRITE, 0x46, 0x2a, 0x20), 0x7ffedd433130) = 0
3947708 ioctl(8, _IOC(_IOC_READ|_IOC_WRITE, 0x46, 0x2b, 0x30), 0x7ffedd434280) = 0
3947708 ioctl(8, _IOC(_IOC_READ|_IOC_WRITE, 0x46, 0x2b, 0x30), 0x7ffedd434280) = 0
3947708 ioctl(8, _IOC(_IOC_READ|_IOC_WRITE, 0x46, 0x2a, 0x20), 0x7ffedd433160) = 0
3947708 ioctl(8, _IOC(_IOC_READ|_IOC_WRITE, 0x46, 0x2a, 0x20), 0x7ffedd4330c0) = 0
3947708 ioctl(8, _IOC(_IOC_READ|_IOC_WRITE, 0x46, 0x2a, 0x20), 0x7ffedd4330c0) = 0
3947708 ioctl(8, _IOC(_IOC_READ|_IOC_WRITE, 0x46, 0x2a, 0x20), 0x7ffedd4331c0) = 0
3947708 ioctl(8, _IOC(_IOC_READ|_IOC_WRITE, 0x46, 0x2a, 0x20), 0x7ffedd433080) = 0
3947708 openat(AT_FDCWD, "/sys/bus/pci/devices/0000:65:00.0/numa_node", O_RDONLY) = 21
3947708 close(21)                       = 0
3947708 ioctl(8, _IOC(_IOC_READ|_IOC_WRITE, 0x46, 0x2a, 0x20), 0x7ffedd433360) = 0
3947708 ioctl(8, _IOC(_IOC_READ|_IOC_WRITE, 0x46, 0x29, 0x10), 0x7ffedd434400) = 0
3947708 ioctl(8, _IOC(_IOC_READ|_IOC_WRITE, 0x46, 0x2a, 0x20), 0x7ffedd4331f0) = 0
3947708 ioctl(8, _IOC(_IOC_READ|_IOC_WRITE, 0x46, 0x2a, 0x20), 0x7ffedd4331f0) = 0
3947708 ioctl(8, _IOC(_IOC_READ|_IOC_WRITE, 0x46, 0x2a, 0x20), 0x7ffedd4331f0) = 0
3947708 ioctl(8, _IOC(_IOC_READ|_IOC_WRITE, 0x46, 0x2a, 0x20), 0x7ffedd4331f0) = 0
3947708 openat(AT_FDCWD, "/proc/driver/nvidia/params", O_RDONLY) = 21
3947708 close(21)                       = 0
3947708 openat(AT_FDCWD, "/proc/driver/nvidia/params", O_RDONLY) = 21
3947708 close(21)                       = 0
3947708 openat(AT_FDCWD, "/dev/nvidia2", O_RDWR|O_CLOEXEC) = 21
3947708 ioctl(21, _IOC(_IOC_READ|_IOC_WRITE, 0x46, 0xc9, 0x4), 0x7ffedd434370) = 0
3947708 ioctl(21, _IOC(_IOC_READ|_IOC_WRITE, 0x46, 0xd7, 0x230), 0x7ffedd4340f0) = 0
3947708 ioctl(8, _IOC(_IOC_READ|_IOC_WRITE, 0x46, 0x2b, 0x30), 0x7ffedd434440) = 0
3947708 ioctl(8, _IOC(_IOC_READ|_IOC_WRITE, 0x46, 0x2a, 0x20), 0x7ffedd433370) = 0
3947708 ioctl(8, _IOC(_IOC_READ|_IOC_WRITE, 0x46, 0x2a, 0x20), 0x7ffedd4331d0) = 0
3947708 ioctl(8, _IOC(_IOC_READ|_IOC_WRITE, 0x46, 0x2a, 0x20), 0x7ffedd433370) = 0
3947708 ioctl(8, _IOC(_IOC_READ|_IOC_WRITE, 0x46, 0x2a, 0x20), 0x7ffedd4332e0) = 0
3947708 ioctl(8, _IOC(_IOC_READ|_IOC_WRITE, 0x46, 0x2a, 0x20), 0x7ffedd4331e0) = 0
3947708 ioctl(8, _IOC(_IOC_READ|_IOC_WRITE, 0x46, 0x2a, 0x20), 0x7ffedd4331e0) = 0
3947708 ioctl(8, _IOC(_IOC_READ|_IOC_WRITE, 0x46, 0x2a, 0x20), 0x7ffedd4331e0) = 0
3947708 ioctl(8, _IOC(_IOC_READ|_IOC_WRITE, 0x46, 0x2a, 0x20), 0x7ffedd4331e0) = 0
3947708 openat(AT_FDCWD, "/proc/driver/nvidia/params", O_RDONLY) = 22
3947708 close(22)                       = 0
3947708 openat(AT_FDCWD, "/proc/driver/nvidia/params", O_RDONLY) = 22
3947708 close(22)                       = 0
3947708 openat(AT_FDCWD, "/dev/nvidia2", O_RDWR|O_CLOEXEC) = 22
3947708 ioctl(22, _IOC(_IOC_READ|_IOC_WRITE, 0x46, 0xc9, 0x4), 0x7ffedd434360) = 0
3947708 ioctl(8, _IOC(_IOC_READ|_IOC_WRITE, 0x46, 0x2b, 0x30), 0x7ffedd434470) = 0
3947708 ioctl(8, _IOC(_IOC_READ|_IOC_WRITE, 0x46, 0x2b, 0x30), 0x7ffedd434490) = 0
3947708 ioctl(8, _IOC(_IOC_READ|_IOC_WRITE, 0x46, 0x2a, 0x20), 0x7ffedd4331c0) = 0
3947708 ioctl(8, _IOC(_IOC_READ|_IOC_WRITE, 0x46, 0x2a, 0x20), 0x7ffedd432cc0) = 0
3947708 ioctl(8, _IOC(_IOC_READ|_IOC_WRITE, 0x46, 0x2a, 0x20), 0x7ffedd433270) = 0
3947708 ioctl(8, _IOC(_IOC_READ|_IOC_WRITE, 0x46, 0x2a, 0x20), 0x7ffedd4328e0) = 0
3947708 ioctl(8, _IOC(_IOC_READ|_IOC_WRITE, 0x46, 0x2a, 0x20), 0x7ffedd4320d0) = 0
3947708 ioctl(8, _IOC(_IOC_READ|_IOC_WRITE, 0x46, 0x2a, 0x20), 0x7ffedd432720) = 0
3947708 ioctl(8, _IOC(_IOC_READ|_IOC_WRITE, 0x46, 0x2a, 0x20), 0x7ffedd432f90) = 0
3947708 ioctl(8, _IOC(_IOC_READ|_IOC_WRITE, 0x46, 0x2a, 0x20), 0x7ffedd433160) = 0
3947708 ioctl(8, _IOC(_IOC_READ|_IOC_WRITE, 0x46, 0x2a, 0x20), 0x7ffedd432e50) = 0
3947708 ioctl(8, _IOC(_IOC_READ|_IOC_WRITE, 0x46, 0x2a, 0x20), 0x7ffedd432e50) = 0
3947708 ioctl(8, _IOC(_IOC_READ|_IOC_WRITE, 0x46, 0x2a, 0x20), 0x7ffedd432e50) = 0
3947708 ioctl(8, _IOC(_IOC_READ|_IOC_WRITE, 0x46, 0x2a, 0x20), 0x7ffedd432e50) = 0
3947708 ioctl(8, _IOC(_IOC_READ|_IOC_WRITE, 0x46, 0x2a, 0x20), 0x7ffedd432e50) = 0
3947708 ioctl(8, _IOC(_IOC_READ|_IOC_WRITE, 0x46, 0x2a, 0x20), 0x7ffedd432ca0) = 0
3947708 ioctl(8, _IOC(_IOC_READ|_IOC_WRITE, 0x46, 0x2a, 0x20), 0x7ffedd432fb0) = 0
3947708 ioctl(8, _IOC(_IOC_READ|_IOC_WRITE, 0x46, 0x2a, 0x20), 0x7ffedd433050) = 0
3947708 ioctl(8, _IOC(_IOC_READ|_IOC_WRITE, 0x46, 0x2a, 0x20), 0x7ffedd433160) = 0
3947708 ioctl(8, _IOC(_IOC_READ|_IOC_WRITE, 0x46, 0x2a, 0x20), 0x7ffedd433160) = 0
3947708 openat(AT_FDCWD, "/dev/nvidia2", O_RDWR|O_CLOEXEC) = 23
3947708 ioctl(23, _IOC(_IOC_READ|_IOC_WRITE, 0x46, 0xc9, 0x4), 0x7ffedd434220) = 0
3947708 ioctl(23, _IOC(_IOC_READ|_IOC_WRITE, 0x46, 0xce, 0x10), 0x7ffedd434210) = 0
3947708 ioctl(8, _IOC(_IOC_READ|_IOC_WRITE, 0x46, 0x2a, 0x20), 0x7ffedd432eb0) = 0
3947708 ioctl(8, _IOC(_IOC_READ|_IOC_WRITE, 0x46, 0x2a, 0x20), 0x7ffedd433090) = 0
3947708 ioctl(8, _IOC(_IOC_READ|_IOC_WRITE, 0x46, 0x2a, 0x20), 0x7ffedd433090) = 0
3947708 ioctl(8, _IOC(_IOC_READ|_IOC_WRITE, 0x46, 0x2a, 0x20), 0x7ffedd433090) = 0
3947708 ioctl(8, _IOC(_IOC_READ|_IOC_WRITE, 0x46, 0x2a, 0x20), 0x7ffedd433090) = 0
3947708 ioctl(8, _IOC(_IOC_READ|_IOC_WRITE, 0x46, 0x2a, 0x20), 0x7ffedd433090) = 0
3947708 ioctl(8, _IOC(_IOC_READ|_IOC_WRITE, 0x46, 0x2a, 0x20), 0x7ffedd433090) = 0
3947708 ioctl(8, _IOC(_IOC_READ|_IOC_WRITE, 0x46, 0x2a, 0x20), 0x7ffedd433090) = 0
3947708 ioctl(8, _IOC(_IOC_READ|_IOC_WRITE, 0x46, 0x2a, 0x20), 0x7ffedd433080) = 0
3947708 ioctl(8, _IOC(_IOC_READ|_IOC_WRITE, 0x46, 0x2a, 0x20), 0x7ffedd433000) = 0
3947708 ioctl(8, _IOC(_IOC_READ|_IOC_WRITE, 0x46, 0x2a, 0x20), 0x7ffedd432f90) = 0
3947708 ioctl(8, _IOC(_IOC_READ|_IOC_WRITE, 0x46, 0x2a, 0x20), 0x7ffedd430ae0) = 0
3947708 ioctl(8, _IOC(_IOC_READ|_IOC_WRITE, 0x46, 0x2a, 0x20), 0x7ffedd431b90) = 0
3947708 ioctl(8, _IOC(_IOC_READ|_IOC_WRITE, 0x46, 0x2a, 0x20), 0x7ffedd433190) = 0
3947708 ioctl(8, _IOC(_IOC_READ|_IOC_WRITE, 0x46, 0x2a, 0x20), 0x7ffedd432fe0) = 0
3947708 ioctl(8, _IOC(_IOC_READ|_IOC_WRITE, 0x46, 0x2b, 0x30), 0x7ffedd434200) = 0
3947708 ioctl(8, _IOC(_IOC_READ|_IOC_WRITE, 0x46, 0x2a, 0x20), 0x7ffedd432fd0) = 0
3947708 openat(AT_FDCWD, "/dev/nvidia2", O_RDWR|O_CLOEXEC) = 24
3947708 ioctl(8, _IOC(_IOC_READ|_IOC_WRITE, 0x46, 0x4e, 0x38), 0x7ffedd434190) = 0
3947708 close(24)                       = 0
3947708 ioctl(8, _IOC(_IOC_READ|_IOC_WRITE, 0x46, 0x2b, 0x30), 0x7ffedd434210) = 0
3947708 ioctl(8, _IOC(_IOC_READ|_IOC_WRITE, 0x46, 0x2a, 0x20), 0x7ffedd433190) = 0
3947708 ioctl(8, _IOC(_IOC_READ|_IOC_WRITE, 0x46, 0x2a, 0x20), 0x7ffedd433130) = 0
3947708 ioctl(8, _IOC(_IOC_READ|_IOC_WRITE, 0x46, 0x2b, 0x30), 0x7ffedd434280) = 0
3947708 ioctl(8, _IOC(_IOC_READ|_IOC_WRITE, 0x46, 0x2b, 0x30), 0x7ffedd434280) = 0
3947708 ioctl(8, _IOC(_IOC_READ|_IOC_WRITE, 0x46, 0x2a, 0x20), 0x7ffedd433160) = 0
3947708 ioctl(8, _IOC(_IOC_READ|_IOC_WRITE, 0x46, 0x2a, 0x20), 0x7ffedd4330c0) = 0
3947708 ioctl(8, _IOC(_IOC_READ|_IOC_WRITE, 0x46, 0x2a, 0x20), 0x7ffedd4330c0) = 0
3947708 ioctl(8, _IOC(_IOC_READ|_IOC_WRITE, 0x46, 0x2a, 0x20), 0x7ffedd4331c0) = 0
3947708 ioctl(8, _IOC(_IOC_READ|_IOC_WRITE, 0x46, 0x2a, 0x20), 0x7ffedd433080) = 0
3947708 openat(AT_FDCWD, "/sys/bus/pci/devices/0000:ca:00.0/numa_node", O_RDONLY) = 24
3947708 close(24)                       = 0
3947708 ioctl(8, _IOC(_IOC_READ|_IOC_WRITE, 0x46, 0x2a, 0x20), 0x7ffedd433360) = 0
3947708 ioctl(8, _IOC(_IOC_READ|_IOC_WRITE, 0x46, 0x29, 0x10), 0x7ffedd434400) = 0
3947708 ioctl(8, _IOC(_IOC_READ|_IOC_WRITE, 0x46, 0x2a, 0x20), 0x7ffedd4331f0) = 0
3947708 ioctl(8, _IOC(_IOC_READ|_IOC_WRITE, 0x46, 0x2a, 0x20), 0x7ffedd4331f0) = 0
3947708 ioctl(8, _IOC(_IOC_READ|_IOC_WRITE, 0x46, 0x2a, 0x20), 0x7ffedd4331f0) = 0
3947708 ioctl(8, _IOC(_IOC_READ|_IOC_WRITE, 0x46, 0x2a, 0x20), 0x7ffedd4331f0) = 0
3947708 ioctl(8, _IOC(_IOC_READ|_IOC_WRITE, 0x46, 0x2a, 0x20), 0x7ffedd4331f0) = 0
3947708 openat(AT_FDCWD, "/proc/driver/nvidia/params", O_RDONLY) = 24
3947708 close(24)                       = 0
3947708 openat(AT_FDCWD, "/proc/driver/nvidia/params", O_RDONLY) = 24
3947708 close(24)                       = 0
3947708 openat(AT_FDCWD, "/dev/nvidia3", O_RDWR|O_CLOEXEC) = 24
3947708 ioctl(24, _IOC(_IOC_READ|_IOC_WRITE, 0x46, 0xc9, 0x4), 0x7ffedd434370) = 0
3947708 ioctl(24, _IOC(_IOC_READ|_IOC_WRITE, 0x46, 0xd7, 0x230), 0x7ffedd4340f0) = 0
3947708 ioctl(8, _IOC(_IOC_READ|_IOC_WRITE, 0x46, 0x2b, 0x30), 0x7ffedd434440) = 0
3947708 ioctl(8, _IOC(_IOC_READ|_IOC_WRITE, 0x46, 0x2a, 0x20), 0x7ffedd433370) = 0
3947708 ioctl(8, _IOC(_IOC_READ|_IOC_WRITE, 0x46, 0x2a, 0x20), 0x7ffedd4331d0) = 0
3947708 ioctl(8, _IOC(_IOC_READ|_IOC_WRITE, 0x46, 0x2a, 0x20), 0x7ffedd433370) = 0
3947708 ioctl(8, _IOC(_IOC_READ|_IOC_WRITE, 0x46, 0x2a, 0x20), 0x7ffedd4332e0) = 0
3947708 ioctl(8, _IOC(_IOC_READ|_IOC_WRITE, 0x46, 0x2a, 0x20), 0x7ffedd4331e0) = 0
3947708 ioctl(8, _IOC(_IOC_READ|_IOC_WRITE, 0x46, 0x2a, 0x20), 0x7ffedd4331e0) = 0
3947708 ioctl(8, _IOC(_IOC_READ|_IOC_WRITE, 0x46, 0x2a, 0x20), 0x7ffedd4331e0) = 0
3947708 ioctl(8, _IOC(_IOC_READ|_IOC_WRITE, 0x46, 0x2a, 0x20), 0x7ffedd4331e0) = 0
3947708 ioctl(8, _IOC(_IOC_READ|_IOC_WRITE, 0x46, 0x2a, 0x20), 0x7ffedd4331e0) = 0
3947708 openat(AT_FDCWD, "/proc/driver/nvidia/params", O_RDONLY) = 25
3947708 close(25)                       = 0
3947708 openat(AT_FDCWD, "/proc/driver/nvidia/params", O_RDONLY) = 25
3947708 close(25)                       = 0
3947708 openat(AT_FDCWD, "/dev/nvidia3", O_RDWR|O_CLOEXEC) = 25
3947708 ioctl(25, _IOC(_IOC_READ|_IOC_WRITE, 0x46, 0xc9, 0x4), 0x7ffedd434360) = 0
3947708 ioctl(8, _IOC(_IOC_READ|_IOC_WRITE, 0x46, 0x2b, 0x30), 0x7ffedd434470) = 0
3947708 ioctl(8, _IOC(_IOC_READ|_IOC_WRITE, 0x46, 0x2b, 0x30), 0x7ffedd434490) = 0
3947708 ioctl(8, _IOC(_IOC_READ|_IOC_WRITE, 0x46, 0x2a, 0x20), 0x7ffedd4331c0) = 0
3947708 ioctl(8, _IOC(_IOC_READ|_IOC_WRITE, 0x46, 0x2a, 0x20), 0x7ffedd432cc0) = 0
3947708 ioctl(8, _IOC(_IOC_READ|_IOC_WRITE, 0x46, 0x2a, 0x20), 0x7ffedd433270) = 0
3947708 ioctl(8, _IOC(_IOC_READ|_IOC_WRITE, 0x46, 0x2a, 0x20), 0x7ffedd4328e0) = 0
3947708 ioctl(8, _IOC(_IOC_READ|_IOC_WRITE, 0x46, 0x2a, 0x20), 0x7ffedd4320d0) = 0
3947708 ioctl(8, _IOC(_IOC_READ|_IOC_WRITE, 0x46, 0x2a, 0x20), 0x7ffedd432720) = 0
3947708 ioctl(8, _IOC(_IOC_READ|_IOC_WRITE, 0x46, 0x2a, 0x20), 0x7ffedd432f90) = 0
3947708 ioctl(8, _IOC(_IOC_READ|_IOC_WRITE, 0x46, 0x2a, 0x20), 0x7ffedd433160) = 0
3947708 ioctl(8, _IOC(_IOC_READ|_IOC_WRITE, 0x46, 0x2a, 0x20), 0x7ffedd432e50) = 0
3947708 ioctl(8, _IOC(_IOC_READ|_IOC_WRITE, 0x46, 0x2a, 0x20), 0x7ffedd432e50) = 0
3947708 ioctl(8, _IOC(_IOC_READ|_IOC_WRITE, 0x46, 0x2a, 0x20), 0x7ffedd432e50) = 0
3947708 ioctl(8, _IOC(_IOC_READ|_IOC_WRITE, 0x46, 0x2a, 0x20), 0x7ffedd432e50) = 0
3947708 ioctl(8, _IOC(_IOC_READ|_IOC_WRITE, 0x46, 0x2a, 0x20), 0x7ffedd432e50) = 0
3947708 ioctl(8, _IOC(_IOC_READ|_IOC_WRITE, 0x46, 0x2a, 0x20), 0x7ffedd432ca0) = 0
3947708 ioctl(8, _IOC(_IOC_READ|_IOC_WRITE, 0x46, 0x2a, 0x20), 0x7ffedd432fb0) = 0
3947708 ioctl(8, _IOC(_IOC_READ|_IOC_WRITE, 0x46, 0x2a, 0x20), 0x7ffedd433050) = 0
3947708 ioctl(8, _IOC(_IOC_READ|_IOC_WRITE, 0x46, 0x2a, 0x20), 0x7ffedd433160) = 0
3947708 ioctl(8, _IOC(_IOC_READ|_IOC_WRITE, 0x46, 0x2a, 0x20), 0x7ffedd433160) = 0
3947708 openat(AT_FDCWD, "/dev/nvidia3", O_RDWR|O_CLOEXEC) = 26
3947708 ioctl(26, _IOC(_IOC_READ|_IOC_WRITE, 0x46, 0xc9, 0x4), 0x7ffedd434220) = 0
3947708 ioctl(26, _IOC(_IOC_READ|_IOC_WRITE, 0x46, 0xce, 0x10), 0x7ffedd434210) = 0
3947708 ioctl(8, _IOC(_IOC_READ|_IOC_WRITE, 0x46, 0x2a, 0x20), 0x7ffedd432eb0) = 0
3947708 ioctl(8, _IOC(_IOC_READ|_IOC_WRITE, 0x46, 0x2a, 0x20), 0x7ffedd433090) = 0
3947708 ioctl(8, _IOC(_IOC_READ|_IOC_WRITE, 0x46, 0x2a, 0x20), 0x7ffedd433090) = 0
3947708 ioctl(8, _IOC(_IOC_READ|_IOC_WRITE, 0x46, 0x2a, 0x20), 0x7ffedd433090) = 0
3947708 ioctl(8, _IOC(_IOC_READ|_IOC_WRITE, 0x46, 0x2a, 0x20), 0x7ffedd433090) = 0
3947708 ioctl(8, _IOC(_IOC_READ|_IOC_WRITE, 0x46, 0x2a, 0x20), 0x7ffedd433090) = 0
3947708 ioctl(8, _IOC(_IOC_READ|_IOC_WRITE, 0x46, 0x2a, 0x20), 0x7ffedd433090) = 0
3947708 ioctl(8, _IOC(_IOC_READ|_IOC_WRITE, 0x46, 0x2a, 0x20), 0x7ffedd433090) = 0
3947708 ioctl(8, _IOC(_IOC_READ|_IOC_WRITE, 0x46, 0x2a, 0x20), 0x7ffedd433080) = 0
3947708 ioctl(8, _IOC(_IOC_READ|_IOC_WRITE, 0x46, 0x2a, 0x20), 0x7ffedd433000) = 0
3947708 ioctl(8, _IOC(_IOC_READ|_IOC_WRITE, 0x46, 0x2a, 0x20), 0x7ffedd432f90) = 0
3947708 ioctl(8, _IOC(_IOC_READ|_IOC_WRITE, 0x46, 0x2a, 0x20), 0x7ffedd430ae0) = 0
3947708 ioctl(8, _IOC(_IOC_READ|_IOC_WRITE, 0x46, 0x2a, 0x20), 0x7ffedd431b90) = 0
3947708 ioctl(8, _IOC(_IOC_READ|_IOC_WRITE, 0x46, 0x2a, 0x20), 0x7ffedd433190) = 0
3947708 ioctl(8, _IOC(_IOC_READ|_IOC_WRITE, 0x46, 0x2a, 0x20), 0x7ffedd432fe0) = 0
3947708 ioctl(8, _IOC(_IOC_READ|_IOC_WRITE, 0x46, 0x2b, 0x30), 0x7ffedd434200) = 0
3947708 ioctl(8, _IOC(_IOC_READ|_IOC_WRITE, 0x46, 0x2a, 0x20), 0x7ffedd432fd0) = 0
3947708 openat(AT_FDCWD, "/dev/nvidia3", O_RDWR|O_CLOEXEC) = 27
3947708 ioctl(8, _IOC(_IOC_READ|_IOC_WRITE, 0x46, 0x4e, 0x38), 0x7ffedd434190) = 0
3947708 close(27)                       = 0
3947708 ioctl(8, _IOC(_IOC_READ|_IOC_WRITE, 0x46, 0x2b, 0x30), 0x7ffedd434210) = 0
3947708 ioctl(8, _IOC(_IOC_READ|_IOC_WRITE, 0x46, 0x2a, 0x20), 0x7ffedd433190) = 0
3947708 ioctl(8, _IOC(_IOC_READ|_IOC_WRITE, 0x46, 0x2a, 0x20), 0x7ffedd433130) = 0
3947708 ioctl(8, _IOC(_IOC_READ|_IOC_WRITE, 0x46, 0x2b, 0x30), 0x7ffedd434280) = 0
3947708 ioctl(8, _IOC(_IOC_READ|_IOC_WRITE, 0x46, 0x2b, 0x30), 0x7ffedd434280) = 0
3947708 ioctl(8, _IOC(_IOC_READ|_IOC_WRITE, 0x46, 0x2a, 0x20), 0x7ffedd433160) = 0
3947708 ioctl(8, _IOC(_IOC_READ|_IOC_WRITE, 0x46, 0x2a, 0x20), 0x7ffedd4330c0) = 0
3947708 ioctl(8, _IOC(_IOC_READ|_IOC_WRITE, 0x46, 0x2a, 0x20), 0x7ffedd4330c0) = 0
3947708 ioctl(8, _IOC(_IOC_READ|_IOC_WRITE, 0x46, 0x2a, 0x20), 0x7ffedd4331c0) = 0
3947708 ioctl(8, _IOC(_IOC_READ|_IOC_WRITE, 0x46, 0x2a, 0x20), 0x7ffedd433080) = 0
3947708 openat(AT_FDCWD, "/sys/bus/pci/devices/0000:e3:00.0/numa_node", O_RDONLY) = 27
3947708 close(27)                       = 0
3947708 ioctl(8, _IOC(_IOC_READ|_IOC_WRITE, 0x46, 0x2a, 0x20), 0x7ffedd433370) = 0
3947708 ioctl(8, _IOC(_IOC_READ|_IOC_WRITE, 0x46, 0x2a, 0x20), 0x7ffedd4344d0) = 0
3947708 ioctl(8, _IOC(_IOC_READ|_IOC_WRITE, 0x46, 0x2a, 0x20), 0x7ffedd4344d0) = 0
3947708 ioctl(8, _IOC(_IOC_READ|_IOC_WRITE, 0x46, 0x2a, 0x20), 0x7ffedd4344d0) = 0
3947708 ioctl(8, _IOC(_IOC_READ|_IOC_WRITE, 0x46, 0x2a, 0x20), 0x7ffedd4344d0) = 0
3947708 ioctl(8, _IOC(_IOC_READ|_IOC_WRITE, 0x46, 0x2a, 0x20), 0x7ffedd4344d0) = 0
3947708 ioctl(8, _IOC(_IOC_READ|_IOC_WRITE, 0x46, 0x2a, 0x20), 0x7ffedd4344d0) = 0
3947708 ioctl(8, _IOC(_IOC_READ|_IOC_WRITE, 0x46, 0x2a, 0x20), 0x7ffedd4344d0) = 0
3947708 ioctl(8, _IOC(_IOC_READ|_IOC_WRITE, 0x46, 0x2a, 0x20), 0x7ffedd4344d0) = 0
3947708 ioctl(8, _IOC(_IOC_READ|_IOC_WRITE, 0x46, 0x2a, 0x20), 0x7ffedd433620) = 0
3947708 ioctl(8, _IOC(_IOC_READ|_IOC_WRITE, 0x46, 0x2a, 0x20), 0x7ffedd433620) = 0
3947708 ioctl(8, _IOC(_IOC_READ|_IOC_WRITE, 0x46, 0x2a, 0x20), 0x7ffedd433620) = 0
3947708 ioctl(8, _IOC(_IOC_READ|_IOC_WRITE, 0x46, 0x2a, 0x20), 0x7ffedd433620) = 0
3947708 ioctl(8, _IOC(_IOC_READ|_IOC_WRITE, 0x46, 0x2a, 0x20), 0x7ffedd433620) = 0
3947708 ioctl(8, _IOC(_IOC_READ|_IOC_WRITE, 0x46, 0x2a, 0x20), 0x7ffedd433ea0) = 0
3947708 ioctl(8, _IOC(_IOC_READ|_IOC_WRITE, 0x46, 0x2a, 0x20), 0x7ffedd4326a0) = 0
3947708 ioctl(8, _IOC(_IOC_READ|_IOC_WRITE, 0x46, 0x2a, 0x20), 0x7ffedd433ea0) = 0
3947708 ioctl(8, _IOC(_IOC_READ|_IOC_WRITE, 0x46, 0x2a, 0x20), 0x7ffedd4326a0) = 0
3947708 ioctl(8, _IOC(_IOC_READ|_IOC_WRITE, 0x46, 0x2a, 0x20), 0x7ffedd433ea0) = 0
3947708 ioctl(8, _IOC(_IOC_READ|_IOC_WRITE, 0x46, 0x2a, 0x20), 0x7ffedd4326a0) = 0
3947708 ioctl(8, _IOC(_IOC_READ|_IOC_WRITE, 0x46, 0x2a, 0x20), 0x7ffedd433ea0) = 0
3947708 ioctl(8, _IOC(_IOC_READ|_IOC_WRITE, 0x46, 0x2a, 0x20), 0x7ffedd4326a0) = 0
3947708 ioctl(9, _IOC(_IOC_NONE, 0, 0x25, 0), 0x7ffedd435d70) = 0
3947708 ioctl(9, _IOC(_IOC_NONE, 0, 0x46, 0), 0x7ffedd435de0) = 0
3947708 ioctl(9, _IOC(_IOC_NONE, 0, 0x25, 0), 0x7ffedd435d70) = 0
3947708 ioctl(9, _IOC(_IOC_NONE, 0, 0x46, 0), 0x7ffedd435de0) = 0
3947708 ioctl(9, _IOC(_IOC_NONE, 0, 0x25, 0), 0x7ffedd435d70) = 0
3947708 ioctl(9, _IOC(_IOC_NONE, 0, 0x46, 0), 0x7ffedd435de0) = 0
3947708 ioctl(9, _IOC(_IOC_NONE, 0, 0x25, 0), 0x7ffedd435d70) = 0
3947708 ioctl(9, _IOC(_IOC_NONE, 0, 0x46, 0), 0x7ffedd435de0) = 0
3947708 ioctl(9, _IOC(_IOC_NONE, 0, 0x17, 0), 0x7ffedd436240) = 0
3947708 ioctl(8, _IOC(_IOC_READ|_IOC_WRITE, 0x46, 0x2b, 0x30), 0x7ffedd435fa0) = 0
3947708 ioctl(8, _IOC(_IOC_READ|_IOC_WRITE, 0x46, 0x2b, 0x30), 0x7ffedd435fa0) = 0
3947708 ioctl(8, _IOC(_IOC_READ|_IOC_WRITE, 0x46, 0x2b, 0x30), 0x7ffedd435fa0) = 0
3947708 ioctl(8, _IOC(_IOC_READ|_IOC_WRITE, 0x46, 0x2b, 0x30), 0x7ffedd435fa0) = 0
3947708 ioctl(8, _IOC(_IOC_READ|_IOC_WRITE, 0x46, 0x2b, 0x30), 0x7ffedd4361e0) = 0
3947708 ioctl(8, _IOC(_IOC_READ|_IOC_WRITE, 0x46, 0x2a, 0x20), 0x7ffedd4350c0) = 0
3947708 ioctl(8, _IOC(_IOC_READ|_IOC_WRITE, 0x46, 0x2b, 0x30), 0x7ffedd4361e0) = 0
3947708 ioctl(8, _IOC(_IOC_READ|_IOC_WRITE, 0x46, 0x2a, 0x20), 0x7ffedd4350c0) = 0
3947708 ioctl(8, _IOC(_IOC_READ|_IOC_WRITE, 0x46, 0x2b, 0x30), 0x7ffedd4361e0) = 0
3947708 ioctl(8, _IOC(_IOC_READ|_IOC_WRITE, 0x46, 0x2a, 0x20), 0x7ffedd4350c0) = 0
3947708 ioctl(8, _IOC(_IOC_READ|_IOC_WRITE, 0x46, 0x2b, 0x30), 0x7ffedd4361e0) = 0
3947708 ioctl(8, _IOC(_IOC_READ|_IOC_WRITE, 0x46, 0x2a, 0x20), 0x7ffedd4350c0) = 0
3947709 +++ exited with 0 +++
3947708 +++ exited with 0 +++
