3113779 openat(AT_FDCWD, "/etc/ld.so.cache", O_RDONLY|O_CLOEXEC) = 3
3113779 close(3)                        = 0
3113779 openat(AT_FDCWD, "/lib/x86_64-linux-gnu/libcuda.so.1", O_RDONLY|O_CLOEXEC) = 3
3113779 close(3)                        = 0
3113779 openat(AT_FDCWD, "/lib/x86_64-linux-gnu/libc.so.6", O_RDONLY|O_CLOEXEC) = 3
3113779 close(3)                        = 0
3113779 openat(AT_FDCWD, "/lib/x86_64-linux-gnu/libm.so.6", O_RDONLY|O_CLOEXEC) = 3
3113779 close(3)                        = 0
3113779 openat(AT_FDCWD, "/lib/x86_64-linux-gnu/libdl.so.2", O_RDONLY|O_CLOEXEC) = 3
3113779 close(3)                        = 0
3113779 openat(AT_FDCWD, "/lib/x86_64-linux-gnu/libpthread.so.0", O_RDONLY|O_CLOEXEC) = 3
3113779 close(3)                        = 0
3113779 openat(AT_FDCWD, "/lib/x86_64-linux-gnu/librt.so.1", O_RDONLY|O_CLOEXEC) = 3
3113779 close(3)                        = 0
3113779 openat(AT_FDCWD, "/sys/devices/system/cpu/online", O_RDONLY|O_CLOEXEC) = 3
3113779 close(3)                        = 0
3113779 openat(AT_FDCWD, "/sys/devices/system/cpu/online", O_RDONLY|O_CLOEXEC) = 3
3113779 close(3)                        = 0
3113779 openat(AT_FDCWD, "/proc/sys/vm/mmap_min_addr", O_RDONLY) = 3
3113779 close(3)                        = 0
3113779 openat(AT_FDCWD, "/proc/cpuinfo", O_RDONLY) = 3
3113779 close(3)                        = 0
3113779 openat(AT_FDCWD, "/proc/self/maps", O_RDONLY) = 3
3113779 close(3)                        = 0
3113779 openat(AT_FDCWD, "/sys/devices/system/cpu/online", O_RDONLY|O_CLOEXEC) = 3
3113779 close(3)                        = 0
3113779 openat(AT_FDCWD, "/proc/self/task/3113780/comm", O_WRONLY|O_CREAT|O_TRUNC, 0666) = 8
3113779 close(8)                        = 0
3113779 openat(AT_FDCWD, "/dev/shm/cuda_injection_path_shm", O_RDWR|O_NOFOLLOW|O_CLOEXEC) = -1 ENOENT (No such file or directory)
3113779 openat(AT_FDCWD, "/home/pm3371/.nv/nvidia-application-profile-globals-rc", O_RDONLY) = -1 ENOENT (No such file or directory)
3113779 openat(AT_FDCWD, "/home/pm3371/.nv/nvidia-application-profiles-rc", O_RDONLY) = -1 ENOENT (No such file or directory)
3113779 openat(AT_FDCWD, "/home/pm3371/.nv/nvidia-application-profiles-rc.d", O_RDONLY) = -1 ENOENT (No such file or directory)
3113779 openat(AT_FDCWD, "/etc/nvidia/nvidia-application-profiles-rc", O_RDONLY) = -1 ENOENT (No such file or directory)
3113779 openat(AT_FDCWD, "/etc/nvidia/nvidia-application-profiles-rc.d/", O_RDONLY) = -1 ENOENT (No such file or directory)
3113779 openat(AT_FDCWD, "/usr/share/nvidia/nvidia-application-profiles-555.42.02-rc", O_RDONLY) = 8
3113779 close(8)                        = 0
3113779 openat(AT_FDCWD, "/usr/share/nvidia/nvidia-application-profiles-rc", O_RDONLY) = -1 ENOENT (No such file or directory)
3113779 openat(AT_FDCWD, "/proc/self/cmdline", O_RDONLY) = 8
3113779 close(8)                        = 0
3113779 close(8)                        = 0
3113779 openat(AT_FDCWD, "/proc/modules", O_RDONLY) = 8
3113779 close(8)                        = 0
3113779 openat(AT_FDCWD, "/proc/driver/nvidia/params", O_RDONLY) = 8
3113779 close(8)                        = 0
3113779 openat(AT_FDCWD, "/dev/nvidiactl", O_RDWR) = 8
3113779 openat(AT_FDCWD, "/sys/devices/system/memory/block_size_bytes", O_RDONLY) = 9
3113779 close(9)                        = 0
3113779 ioctl(8, _IOC(_IOC_READ|_IOC_WRITE, 0x46, 0xd6, 0x8), 0x7ffe7bfa2040) = 0
3113779 ioctl(8, _IOC(_IOC_READ|_IOC_WRITE, 0x46, 0xc8, 0x900), 0x7f70cadd0ae0) = 0
3113779 openat(AT_FDCWD, "/proc/driver/nvidia/params", O_RDONLY) = 9
3113779 close(9)                        = 0
3113779 ioctl(8, _IOC(_IOC_READ|_IOC_WRITE, 0x46, 0x2b, 0x20), 0x7ffe7bfa2190) = 0
3113779 ioctl(8, _IOC(_IOC_READ|_IOC_WRITE, 0x46, 0x2a, 0x20), 0x7ffe7bfa1090) = 0
3113779 ioctl(8, _IOC(_IOC_READ|_IOC_WRITE, 0x46, 0x29, 0x10), 0x7ffe7bfa2170) = 0
3113779 close(8)                        = 0
3113779 openat(AT_FDCWD, "/proc/modules", O_RDONLY) = 8
3113779 close(8)                        = 0
3113779 openat(AT_FDCWD, "/proc/driver/nvidia/params", O_RDONLY) = 8
3113779 close(8)                        = 0
3113779 openat(AT_FDCWD, "/dev/nvidiactl", O_RDWR) = 8
3113779 openat(AT_FDCWD, "/sys/devices/system/memory/block_size_bytes", O_RDONLY) = 9
3113779 close(9)                        = 0
3113779 ioctl(8, _IOC(_IOC_READ|_IOC_WRITE, 0x46, 0xd6, 0x8), 0x7ffe7bfa2600) = 0
3113779 ioctl(8, _IOC(_IOC_READ|_IOC_WRITE, 0x46, 0xc8, 0x900), 0x7f70cadd0ae0) = 0
3113779 openat(AT_FDCWD, "/proc/driver/nvidia/params", O_RDONLY) = 9
3113779 close(9)                        = 0
3113779 ioctl(8, _IOC(_IOC_READ|_IOC_WRITE, 0x46, 0x2b, 0x20), 0x7ffe7bfa2750) = 0
3113779 ioctl(8, _IOC(_IOC_READ|_IOC_WRITE, 0x46, 0x2a, 0x20), 0x7ffe7bfa1610) = 0
3113779 ioctl(8, _IOC(_IOC_READ|_IOC_WRITE, 0x46, 0x2a, 0x20), 0x7ffe7bfa1610) = 0
3113779 ioctl(8, _IOC(_IOC_READ|_IOC_WRITE, 0x46, 0x2b, 0x30), 0x7ffe7bfa2740) = 0
3113779 ioctl(8, _IOC(_IOC_READ|_IOC_WRITE, 0x46, 0x2a, 0x20), 0x7ffe7bfa1620) = 0
3113779 openat(AT_FDCWD, "/sys/devices/system/cpu/online", O_RDONLY|O_CLOEXEC) = 9
3113779 close(9)                        = 0
3113779 openat(AT_FDCWD, "/proc/self/status", O_RDONLY) = 9
3113779 close(9)                        = 0
3113779 openat(AT_FDCWD, "/sys/devices/system/node", O_RDONLY|O_NONBLOCK|O_CLOEXEC|O_DIRECTORY) = 9
3113779 openat(AT_FDCWD, "/sys/devices/system/node/node0/cpumap", O_RDONLY) = 10
3113779 close(10)                       = 0
3113779 openat(AT_FDCWD, "/sys/devices/system/node/node1/cpumap", O_RDONLY) = 10
3113779 close(10)                       = 0
3113779 close(9)                        = 0
3113779 openat(AT_FDCWD, "/proc/modules", O_RDONLY) = 9
3113779 close(9)                        = 0
3113779 openat(AT_FDCWD, "/proc/devices", O_RDONLY) = 9
3113779 close(9)                        = 0
3113779 openat(AT_FDCWD, "/dev/nvidia-uvm", O_RDWR|O_CLOEXEC) = 9
3113779 openat(AT_FDCWD, "/dev/nvidia-uvm", O_RDWR|O_CLOEXEC) = 10
3113779 ioctl(9, _IOC(_IOC_NONE, 0, 0x1, 0x3000), 0x7ffe7bfa2750) = 0
3113779 ioctl(10, _IOC(_IOC_NONE, 0, 0x4b, 0), 0x7ffe7bfa2750) = 0
3113779 close(10)                       = 0
3113779 ioctl(9, _IOC(_IOC_NONE, 0, 0x27, 0), 0x7ffe7bfa2750) = 0
3113779 ioctl(8, _IOC(_IOC_READ|_IOC_WRITE, 0x46, 0x2a, 0x20), 0x7ffe7bf9f7c0) = 0
3113779 ioctl(8, _IOC(_IOC_READ|_IOC_WRITE, 0x46, 0x2a, 0x20), 0x7ffe7bf9eff0) = 0
3113779 ioctl(8, _IOC(_IOC_READ|_IOC_WRITE, 0x46, 0x2a, 0x20), 0x7ffe7bf9f700) = 0
3113779 openat(AT_FDCWD, "/proc/driver/nvidia/params", O_RDONLY) = 10
3113779 close(10)                       = 0
3113779 openat(AT_FDCWD, "/dev/nvidia0", O_RDWR|O_CLOEXEC) = 10
3113779 ioctl(8, _IOC(_IOC_READ|_IOC_WRITE, 0x46, 0x2a, 0x20), 0x7ffe7bf9f700) = 0
3113779 openat(AT_FDCWD, "/proc/driver/nvidia/params", O_RDONLY) = 11
3113779 close(11)                       = 0
3113779 openat(AT_FDCWD, "/dev/nvidia1", O_RDWR|O_CLOEXEC) = 11
3113779 ioctl(8, _IOC(_IOC_READ|_IOC_WRITE, 0x46, 0x2a, 0x20), 0x7ffe7bf9f700) = 0
3113779 openat(AT_FDCWD, "/proc/driver/nvidia/params", O_RDONLY) = 12
3113779 close(12)                       = 0
3113779 openat(AT_FDCWD, "/dev/nvidia2", O_RDWR|O_CLOEXEC) = 12
3113779 ioctl(8, _IOC(_IOC_READ|_IOC_WRITE, 0x46, 0x2a, 0x20), 0x7ffe7bf9f700) = 0
3113779 openat(AT_FDCWD, "/proc/driver/nvidia/params", O_RDONLY) = 13
3113779 close(13)                       = 0
3113779 openat(AT_FDCWD, "/dev/nvidia3", O_RDWR|O_CLOEXEC) = -1 EIO (Input/output error)
3113779 openat(AT_FDCWD, "/dev/nvidia3", O_RDWR) = -1 EIO (Input/output error)
3113779 ioctl(8, _IOC(_IOC_READ|_IOC_WRITE, 0x46, 0xd1, 0xc), 0x7ffe7bf9f5d4) = 0
3113779 ioctl(8, _IOC(_IOC_READ|_IOC_WRITE, 0x46, 0x2a, 0x20), 0x7ffe7bf9f8c0) = 0
3113779 ioctl(8, _IOC(_IOC_READ|_IOC_WRITE, 0x46, 0x2a, 0x20), 0x7ffe7bf9f8b0) = 0
3113779 ioctl(8, _IOC(_IOC_READ|_IOC_WRITE, 0x46, 0x29, 0x10), 0x7ffe7bfa0950) = 0
3113779 ioctl(8, _IOC(_IOC_READ|_IOC_WRITE, 0x46, 0x2a, 0x20), 0x7ffe7bf9f740) = 0
3113779 ioctl(8, _IOC(_IOC_READ|_IOC_WRITE, 0x46, 0x2a, 0x20), 0x7ffe7bf9f740) = 0
3113779 openat(AT_FDCWD, "/proc/driver/nvidia/params", O_RDONLY) = 13
3113779 close(13)                       = 0
3113779 openat(AT_FDCWD, "/dev/nvidia0", O_RDWR|O_CLOEXEC) = 13
3113779 ioctl(13, _IOC(_IOC_READ|_IOC_WRITE, 0x46, 0xc9, 0x4), 0x7ffe7bfa08c0) = 0
3113779 ioctl(13, _IOC(_IOC_READ|_IOC_WRITE, 0x46, 0xd7, 0x230), 0x7ffe7bfa0640) = 0
3113779 ioctl(8, _IOC(_IOC_READ|_IOC_WRITE, 0x46, 0x2b, 0x30), 0x7ffe7bfa0990) = 0
3113779 ioctl(8, _IOC(_IOC_READ|_IOC_WRITE, 0x46, 0x2a, 0x20), 0x7ffe7bf9f8c0) = 0
3113779 ioctl(8, _IOC(_IOC_READ|_IOC_WRITE, 0x46, 0x2a, 0x20), 0x7ffe7bf9f720) = 0
3113779 ioctl(8, _IOC(_IOC_READ|_IOC_WRITE, 0x46, 0x2a, 0x20), 0x7ffe7bf9f8c0) = 0
3113779 ioctl(8, _IOC(_IOC_READ|_IOC_WRITE, 0x46, 0x2a, 0x20), 0x7ffe7bf9f830) = 0
3113779 ioctl(8, _IOC(_IOC_READ|_IOC_WRITE, 0x46, 0x2a, 0x20), 0x7ffe7bf9f730) = 0
3113779 ioctl(8, _IOC(_IOC_READ|_IOC_WRITE, 0x46, 0x2a, 0x20), 0x7ffe7bf9f730) = 0
3113779 openat(AT_FDCWD, "/proc/driver/nvidia/params", O_RDONLY) = 14
3113779 close(14)                       = 0
3113779 openat(AT_FDCWD, "/dev/nvidia0", O_RDWR|O_CLOEXEC) = 14
3113779 ioctl(14, _IOC(_IOC_READ|_IOC_WRITE, 0x46, 0xc9, 0x4), 0x7ffe7bfa08b0) = 0
3113779 ioctl(8, _IOC(_IOC_READ|_IOC_WRITE, 0x46, 0x2b, 0x30), 0x7ffe7bfa09c0) = 0
3113779 ioctl(8, _IOC(_IOC_READ|_IOC_WRITE, 0x46, 0x2b, 0x30), 0x7ffe7bfa09e0) = 0
3113779 ioctl(8, _IOC(_IOC_READ|_IOC_WRITE, 0x46, 0x2a, 0x20), 0x7ffe7bf9f710) = 0
3113779 ioctl(8, _IOC(_IOC_READ|_IOC_WRITE, 0x46, 0x2a, 0x20), 0x7ffe7bf9f210) = 0
3113779 ioctl(8, _IOC(_IOC_READ|_IOC_WRITE, 0x46, 0x2a, 0x20), 0x7ffe7bf9f7c0) = 0
3113779 ioctl(8, _IOC(_IOC_READ|_IOC_WRITE, 0x46, 0x2a, 0x20), 0x7ffe7bf9ee30) = 0
3113779 ioctl(8, _IOC(_IOC_READ|_IOC_WRITE, 0x46, 0x2a, 0x20), 0x7ffe7bf9e620) = 0
3113779 ioctl(8, _IOC(_IOC_READ|_IOC_WRITE, 0x46, 0x2a, 0x20), 0x7ffe7bf9ec70) = 0
3113779 ioctl(8, _IOC(_IOC_READ|_IOC_WRITE, 0x46, 0x2a, 0x20), 0x7ffe7bf9f4e0) = 0
3113779 ioctl(8, _IOC(_IOC_READ|_IOC_WRITE, 0x46, 0x2a, 0x20), 0x7ffe7bf9f6b0) = 0
3113779 ioctl(8, _IOC(_IOC_READ|_IOC_WRITE, 0x46, 0x2a, 0x20), 0x7ffe7bf9f3a0) = 0
3113779 ioctl(8, _IOC(_IOC_READ|_IOC_WRITE, 0x46, 0x2a, 0x20), 0x7ffe7bf9f3a0) = 0
3113779 ioctl(8, _IOC(_IOC_READ|_IOC_WRITE, 0x46, 0x2a, 0x20), 0x7ffe7bf9f3a0) = 0
3113779 ioctl(8, _IOC(_IOC_READ|_IOC_WRITE, 0x46, 0x2a, 0x20), 0x7ffe7bf9f3a0) = 0
3113779 ioctl(8, _IOC(_IOC_READ|_IOC_WRITE, 0x46, 0x2a, 0x20), 0x7ffe7bf9f3a0) = 0
3113779 ioctl(8, _IOC(_IOC_READ|_IOC_WRITE, 0x46, 0x2a, 0x20), 0x7ffe7bf9f1f0) = 0
3113779 ioctl(8, _IOC(_IOC_READ|_IOC_WRITE, 0x46, 0x2a, 0x20), 0x7ffe7bf9f500) = 0
3113779 ioctl(8, _IOC(_IOC_READ|_IOC_WRITE, 0x46, 0x2a, 0x20), 0x7ffe7bf9f5a0) = 0
3113779 ioctl(8, _IOC(_IOC_READ|_IOC_WRITE, 0x46, 0x2a, 0x20), 0x7ffe7bf9f6b0) = 0
3113779 ioctl(8, _IOC(_IOC_READ|_IOC_WRITE, 0x46, 0x2a, 0x20), 0x7ffe7bf9f6b0) = 0
3113779 ioctl(8, _IOC(_IOC_READ|_IOC_WRITE, 0x46, 0x2a, 0x20), 0x7ffe7bf9f400) = 0
3113779 ioctl(8, _IOC(_IOC_READ|_IOC_WRITE, 0x46, 0x2a, 0x20), 0x7ffe7bf9f5e0) = 0
3113779 ioctl(8, _IOC(_IOC_READ|_IOC_WRITE, 0x46, 0x2a, 0x20), 0x7ffe7bf9f5e0) = 0
3113779 ioctl(8, _IOC(_IOC_READ|_IOC_WRITE, 0x46, 0x2a, 0x20), 0x7ffe7bf9f5e0) = 0
3113779 ioctl(8, _IOC(_IOC_READ|_IOC_WRITE, 0x46, 0x2a, 0x20), 0x7ffe7bf9f5e0) = 0
3113779 ioctl(8, _IOC(_IOC_READ|_IOC_WRITE, 0x46, 0x2a, 0x20), 0x7ffe7bf9f5e0) = 0
3113779 ioctl(8, _IOC(_IOC_READ|_IOC_WRITE, 0x46, 0x2a, 0x20), 0x7ffe7bf9f5e0) = 0
3113779 ioctl(8, _IOC(_IOC_READ|_IOC_WRITE, 0x46, 0x2a, 0x20), 0x7ffe7bf9f5e0) = 0
3113779 ioctl(8, _IOC(_IOC_READ|_IOC_WRITE, 0x46, 0x2a, 0x20), 0x7ffe7bf9f5d0) = 0
3113779 ioctl(8, _IOC(_IOC_READ|_IOC_WRITE, 0x46, 0x2a, 0x20), 0x7ffe7bf9f550) = 0
3113779 ioctl(8, _IOC(_IOC_READ|_IOC_WRITE, 0x46, 0x2a, 0x20), 0x7ffe7bf9d030) = 0
3113779 ioctl(8, _IOC(_IOC_READ|_IOC_WRITE, 0x46, 0x2a, 0x20), 0x7ffe7bf9e0e0) = 0
3113779 ioctl(8, _IOC(_IOC_READ|_IOC_WRITE, 0x46, 0x2a, 0x20), 0x7ffe7bf9f6e0) = 0
3113779 ioctl(8, _IOC(_IOC_READ|_IOC_WRITE, 0x46, 0x2a, 0x20), 0x7ffe7bf9f530) = 0
3113779 ioctl(8, _IOC(_IOC_READ|_IOC_WRITE, 0x46, 0x2b, 0x30), 0x7ffe7bfa0750) = 0
3113779 ioctl(8, _IOC(_IOC_READ|_IOC_WRITE, 0x46, 0x2a, 0x20), 0x7ffe7bf9f520) = 0
3113779 openat(AT_FDCWD, "/dev/nvidia0", O_RDWR|O_CLOEXEC) = 15
3113779 ioctl(8, _IOC(_IOC_READ|_IOC_WRITE, 0x46, 0x4e, 0x38), 0x7ffe7bfa06e0) = 0
3113779 close(15)                       = 0
3113779 ioctl(8, _IOC(_IOC_READ|_IOC_WRITE, 0x46, 0x2a, 0x20), 0x7ffe7bf9f680) = 0
3113779 ioctl(8, _IOC(_IOC_READ|_IOC_WRITE, 0x46, 0x2b, 0x30), 0x7ffe7bfa07d0) = 0
3113779 ioctl(8, _IOC(_IOC_READ|_IOC_WRITE, 0x46, 0x2b, 0x30), 0x7ffe7bfa07d0) = 0
3113779 ioctl(8, _IOC(_IOC_READ|_IOC_WRITE, 0x46, 0x2a, 0x20), 0x7ffe7bf9f6b0) = 0
3113779 ioctl(8, _IOC(_IOC_READ|_IOC_WRITE, 0x46, 0x2a, 0x20), 0x7ffe7bf9f610) = 0
3113779 ioctl(8, _IOC(_IOC_READ|_IOC_WRITE, 0x46, 0x2a, 0x20), 0x7ffe7bf9f610) = 0
3113779 ioctl(8, _IOC(_IOC_READ|_IOC_WRITE, 0x46, 0x2a, 0x20), 0x7ffe7bf9f710) = 0
3113779 ioctl(8, _IOC(_IOC_READ|_IOC_WRITE, 0x46, 0x2a, 0x20), 0x7ffe7bf9f5d0) = 0
3113779 openat(AT_FDCWD, "/sys/bus/pci/devices/0000:3f:00.0/numa_node", O_RDONLY) = 15
3113779 close(15)                       = 0
3113779 ioctl(8, _IOC(_IOC_READ|_IOC_WRITE, 0x46, 0x2a, 0x20), 0x7ffe7bf9f8b0) = 0
3113779 ioctl(8, _IOC(_IOC_READ|_IOC_WRITE, 0x46, 0x29, 0x10), 0x7ffe7bfa0950) = 0
3113779 ioctl(8, _IOC(_IOC_READ|_IOC_WRITE, 0x46, 0x2a, 0x20), 0x7ffe7bf9f740) = 0
3113779 ioctl(8, _IOC(_IOC_READ|_IOC_WRITE, 0x46, 0x2a, 0x20), 0x7ffe7bf9f740) = 0
3113779 ioctl(8, _IOC(_IOC_READ|_IOC_WRITE, 0x46, 0x2a, 0x20), 0x7ffe7bf9f740) = 0
3113779 openat(AT_FDCWD, "/proc/driver/nvidia/params", O_RDONLY) = 15
3113779 close(15)                       = 0
3113779 openat(AT_FDCWD, "/dev/nvidia1", O_RDWR|O_CLOEXEC) = 15
3113779 ioctl(15, _IOC(_IOC_READ|_IOC_WRITE, 0x46, 0xc9, 0x4), 0x7ffe7bfa08c0) = 0
3113779 ioctl(15, _IOC(_IOC_READ|_IOC_WRITE, 0x46, 0xd7, 0x230), 0x7ffe7bfa0640) = 0
3113779 ioctl(8, _IOC(_IOC_READ|_IOC_WRITE, 0x46, 0x2b, 0x30), 0x7ffe7bfa0990) = 0
3113779 ioctl(8, _IOC(_IOC_READ|_IOC_WRITE, 0x46, 0x2a, 0x20), 0x7ffe7bf9f8c0) = 0
3113779 ioctl(8, _IOC(_IOC_READ|_IOC_WRITE, 0x46, 0x2a, 0x20), 0x7ffe7bf9f720) = 0
3113779 ioctl(8, _IOC(_IOC_READ|_IOC_WRITE, 0x46, 0x2a, 0x20), 0x7ffe7bf9f8c0) = 0
3113779 ioctl(8, _IOC(_IOC_READ|_IOC_WRITE, 0x46, 0x2a, 0x20), 0x7ffe7bf9f830) = 0
3113779 ioctl(8, _IOC(_IOC_READ|_IOC_WRITE, 0x46, 0x2a, 0x20), 0x7ffe7bf9f730) = 0
3113779 ioctl(8, _IOC(_IOC_READ|_IOC_WRITE, 0x46, 0x2a, 0x20), 0x7ffe7bf9f730) = 0
3113779 ioctl(8, _IOC(_IOC_READ|_IOC_WRITE, 0x46, 0x2a, 0x20), 0x7ffe7bf9f730) = 0
3113779 openat(AT_FDCWD, "/proc/driver/nvidia/params", O_RDONLY) = 16
3113779 close(16)                       = 0
3113779 openat(AT_FDCWD, "/dev/nvidia1", O_RDWR|O_CLOEXEC) = 16
3113779 ioctl(16, _IOC(_IOC_READ|_IOC_WRITE, 0x46, 0xc9, 0x4), 0x7ffe7bfa08b0) = 0
3113779 ioctl(8, _IOC(_IOC_READ|_IOC_WRITE, 0x46, 0x2b, 0x30), 0x7ffe7bfa09c0) = 0
3113779 ioctl(8, _IOC(_IOC_READ|_IOC_WRITE, 0x46, 0x2b, 0x30), 0x7ffe7bfa09e0) = 0
3113779 ioctl(8, _IOC(_IOC_READ|_IOC_WRITE, 0x46, 0x2a, 0x20), 0x7ffe7bf9f710) = 0
3113779 ioctl(8, _IOC(_IOC_READ|_IOC_WRITE, 0x46, 0x2a, 0x20), 0x7ffe7bf9f210) = 0
3113779 ioctl(8, _IOC(_IOC_READ|_IOC_WRITE, 0x46, 0x2a, 0x20), 0x7ffe7bf9f7c0) = 0
3113779 ioctl(8, _IOC(_IOC_READ|_IOC_WRITE, 0x46, 0x2a, 0x20), 0x7ffe7bf9ee30) = 0
3113779 ioctl(8, _IOC(_IOC_READ|_IOC_WRITE, 0x46, 0x2a, 0x20), 0x7ffe7bf9e620) = 0
3113779 ioctl(8, _IOC(_IOC_READ|_IOC_WRITE, 0x46, 0x2a, 0x20), 0x7ffe7bf9ec70) = 0
3113779 ioctl(8, _IOC(_IOC_READ|_IOC_WRITE, 0x46, 0x2a, 0x20), 0x7ffe7bf9f4e0) = 0
3113779 ioctl(8, _IOC(_IOC_READ|_IOC_WRITE, 0x46, 0x2a, 0x20), 0x7ffe7bf9f6b0) = 0
3113779 ioctl(8, _IOC(_IOC_READ|_IOC_WRITE, 0x46, 0x2a, 0x20), 0x7ffe7bf9f3a0) = 0
3113779 ioctl(8, _IOC(_IOC_READ|_IOC_WRITE, 0x46, 0x2a, 0x20), 0x7ffe7bf9f3a0) = 0
3113779 ioctl(8, _IOC(_IOC_READ|_IOC_WRITE, 0x46, 0x2a, 0x20), 0x7ffe7bf9f3a0) = 0
3113779 ioctl(8, _IOC(_IOC_READ|_IOC_WRITE, 0x46, 0x2a, 0x20), 0x7ffe7bf9f3a0) = 0
3113779 ioctl(8, _IOC(_IOC_READ|_IOC_WRITE, 0x46, 0x2a, 0x20), 0x7ffe7bf9f3a0) = 0
3113779 ioctl(8, _IOC(_IOC_READ|_IOC_WRITE, 0x46, 0x2a, 0x20), 0x7ffe7bf9f1f0) = 0
3113779 ioctl(8, _IOC(_IOC_READ|_IOC_WRITE, 0x46, 0x2a, 0x20), 0x7ffe7bf9f500) = 0
3113779 ioctl(8, _IOC(_IOC_READ|_IOC_WRITE, 0x46, 0x2a, 0x20), 0x7ffe7bf9f5a0) = 0
3113779 ioctl(8, _IOC(_IOC_READ|_IOC_WRITE, 0x46, 0x2a, 0x20), 0x7ffe7bf9f6b0) = 0
3113779 ioctl(8, _IOC(_IOC_READ|_IOC_WRITE, 0x46, 0x2a, 0x20), 0x7ffe7bf9f6b0) = 0
3113779 ioctl(8, _IOC(_IOC_READ|_IOC_WRITE, 0x46, 0x2a, 0x20), 0x7ffe7bf9f400) = 0
3113779 ioctl(8, _IOC(_IOC_READ|_IOC_WRITE, 0x46, 0x2a, 0x20), 0x7ffe7bf9f5e0) = 0
3113779 ioctl(8, _IOC(_IOC_READ|_IOC_WRITE, 0x46, 0x2a, 0x20), 0x7ffe7bf9f5e0) = 0
3113779 ioctl(8, _IOC(_IOC_READ|_IOC_WRITE, 0x46, 0x2a, 0x20), 0x7ffe7bf9f5e0) = 0
3113779 ioctl(8, _IOC(_IOC_READ|_IOC_WRITE, 0x46, 0x2a, 0x20), 0x7ffe7bf9f5e0) = 0
3113779 ioctl(8, _IOC(_IOC_READ|_IOC_WRITE, 0x46, 0x2a, 0x20), 0x7ffe7bf9f5e0) = 0
3113779 ioctl(8, _IOC(_IOC_READ|_IOC_WRITE, 0x46, 0x2a, 0x20), 0x7ffe7bf9f5e0) = 0
3113779 ioctl(8, _IOC(_IOC_READ|_IOC_WRITE, 0x46, 0x2a, 0x20), 0x7ffe7bf9f5e0) = 0
3113779 ioctl(8, _IOC(_IOC_READ|_IOC_WRITE, 0x46, 0x2a, 0x20), 0x7ffe7bf9f5d0) = 0
3113779 ioctl(8, _IOC(_IOC_READ|_IOC_WRITE, 0x46, 0x2a, 0x20), 0x7ffe7bf9f550) = 0
3113779 ioctl(8, _IOC(_IOC_READ|_IOC_WRITE, 0x46, 0x2a, 0x20), 0x7ffe7bf9d030) = 0
3113779 ioctl(8, _IOC(_IOC_READ|_IOC_WRITE, 0x46, 0x2a, 0x20), 0x7ffe7bf9e0e0) = 0
3113779 ioctl(8, _IOC(_IOC_READ|_IOC_WRITE, 0x46, 0x2a, 0x20), 0x7ffe7bf9f6e0) = 0
3113779 ioctl(8, _IOC(_IOC_READ|_IOC_WRITE, 0x46, 0x2a, 0x20), 0x7ffe7bf9f530) = 0
3113779 ioctl(8, _IOC(_IOC_READ|_IOC_WRITE, 0x46, 0x2b, 0x30), 0x7ffe7bfa0750) = 0
3113779 ioctl(8, _IOC(_IOC_READ|_IOC_WRITE, 0x46, 0x2a, 0x20), 0x7ffe7bf9f520) = 0
3113779 openat(AT_FDCWD, "/dev/nvidia1", O_RDWR|O_CLOEXEC) = 17
3113779 ioctl(8, _IOC(_IOC_READ|_IOC_WRITE, 0x46, 0x4e, 0x38), 0x7ffe7bfa06e0) = 0
3113779 close(17)                       = 0
3113779 ioctl(8, _IOC(_IOC_READ|_IOC_WRITE, 0x46, 0x2a, 0x20), 0x7ffe7bf9f680) = 0
3113779 ioctl(8, _IOC(_IOC_READ|_IOC_WRITE, 0x46, 0x2b, 0x30), 0x7ffe7bfa07d0) = 0
3113779 ioctl(8, _IOC(_IOC_READ|_IOC_WRITE, 0x46, 0x2b, 0x30), 0x7ffe7bfa07d0) = 0
3113779 ioctl(8, _IOC(_IOC_READ|_IOC_WRITE, 0x46, 0x2a, 0x20), 0x7ffe7bf9f6b0) = 0
3113779 ioctl(8, _IOC(_IOC_READ|_IOC_WRITE, 0x46, 0x2a, 0x20), 0x7ffe7bf9f610) = 0
3113779 ioctl(8, _IOC(_IOC_READ|_IOC_WRITE, 0x46, 0x2a, 0x20), 0x7ffe7bf9f610) = 0
3113779 ioctl(8, _IOC(_IOC_READ|_IOC_WRITE, 0x46, 0x2a, 0x20), 0x7ffe7bf9f710) = 0
3113779 ioctl(8, _IOC(_IOC_READ|_IOC_WRITE, 0x46, 0x2a, 0x20), 0x7ffe7bf9f5d0) = 0
3113779 openat(AT_FDCWD, "/sys/bus/pci/devices/0000:40:00.0/numa_node", O_RDONLY) = 17
3113779 close(17)                       = 0
3113779 ioctl(8, _IOC(_IOC_READ|_IOC_WRITE, 0x46, 0x2a, 0x20), 0x7ffe7bf9f8b0) = 0
3113779 ioctl(8, _IOC(_IOC_READ|_IOC_WRITE, 0x46, 0x29, 0x10), 0x7ffe7bfa0950) = 0
3113779 ioctl(8, _IOC(_IOC_READ|_IOC_WRITE, 0x46, 0x2a, 0x20), 0x7ffe7bf9f740) = 0
3113779 ioctl(8, _IOC(_IOC_READ|_IOC_WRITE, 0x46, 0x2a, 0x20), 0x7ffe7bf9f740) = 0
3113779 ioctl(8, _IOC(_IOC_READ|_IOC_WRITE, 0x46, 0x2a, 0x20), 0x7ffe7bf9f740) = 0
3113779 ioctl(8, _IOC(_IOC_READ|_IOC_WRITE, 0x46, 0x2a, 0x20), 0x7ffe7bf9f740) = 0
3113779 openat(AT_FDCWD, "/proc/driver/nvidia/params", O_RDONLY) = 17
3113779 close(17)                       = 0
3113779 openat(AT_FDCWD, "/dev/nvidia2", O_RDWR|O_CLOEXEC) = 17
3113779 ioctl(17, _IOC(_IOC_READ|_IOC_WRITE, 0x46, 0xc9, 0x4), 0x7ffe7bfa08c0) = 0
3113779 ioctl(17, _IOC(_IOC_READ|_IOC_WRITE, 0x46, 0xd7, 0x230), 0x7ffe7bfa0640) = 0
3113779 ioctl(8, _IOC(_IOC_READ|_IOC_WRITE, 0x46, 0x2b, 0x30), 0x7ffe7bfa0990) = 0
3113779 ioctl(8, _IOC(_IOC_READ|_IOC_WRITE, 0x46, 0x2a, 0x20), 0x7ffe7bf9f8c0) = 0
3113779 ioctl(8, _IOC(_IOC_READ|_IOC_WRITE, 0x46, 0x2a, 0x20), 0x7ffe7bf9f720) = 0
3113779 ioctl(8, _IOC(_IOC_READ|_IOC_WRITE, 0x46, 0x2a, 0x20), 0x7ffe7bf9f8c0) = 0
3113779 ioctl(8, _IOC(_IOC_READ|_IOC_WRITE, 0x46, 0x2a, 0x20), 0x7ffe7bf9f830) = 0
3113779 ioctl(8, _IOC(_IOC_READ|_IOC_WRITE, 0x46, 0x2a, 0x20), 0x7ffe7bf9f730) = 0
3113779 ioctl(8, _IOC(_IOC_READ|_IOC_WRITE, 0x46, 0x2a, 0x20), 0x7ffe7bf9f730) = 0
3113779 ioctl(8, _IOC(_IOC_READ|_IOC_WRITE, 0x46, 0x2a, 0x20), 0x7ffe7bf9f730) = 0
3113779 ioctl(8, _IOC(_IOC_READ|_IOC_WRITE, 0x46, 0x2a, 0x20), 0x7ffe7bf9f730) = 0
3113779 openat(AT_FDCWD, "/proc/driver/nvidia/params", O_RDONLY) = 18
3113779 close(18)                       = 0
3113779 openat(AT_FDCWD, "/dev/nvidia2", O_RDWR|O_CLOEXEC) = 18
3113779 ioctl(18, _IOC(_IOC_READ|_IOC_WRITE, 0x46, 0xc9, 0x4), 0x7ffe7bfa08b0) = 0
3113779 ioctl(8, _IOC(_IOC_READ|_IOC_WRITE, 0x46, 0x2b, 0x30), 0x7ffe7bfa09c0) = 0
3113779 ioctl(8, _IOC(_IOC_READ|_IOC_WRITE, 0x46, 0x2b, 0x30), 0x7ffe7bfa09e0) = 0
3113779 ioctl(8, _IOC(_IOC_READ|_IOC_WRITE, 0x46, 0x2a, 0x20), 0x7ffe7bf9f710) = 0
3113779 ioctl(8, _IOC(_IOC_READ|_IOC_WRITE, 0x46, 0x2a, 0x20), 0x7ffe7bf9f210) = 0
3113779 ioctl(8, _IOC(_IOC_READ|_IOC_WRITE, 0x46, 0x2a, 0x20), 0x7ffe7bf9f7c0) = 0
3113779 ioctl(8, _IOC(_IOC_READ|_IOC_WRITE, 0x46, 0x2a, 0x20), 0x7ffe7bf9ee30) = 0
3113779 ioctl(8, _IOC(_IOC_READ|_IOC_WRITE, 0x46, 0x2a, 0x20), 0x7ffe7bf9e620) = 0
3113779 ioctl(8, _IOC(_IOC_READ|_IOC_WRITE, 0x46, 0x2a, 0x20), 0x7ffe7bf9ec70) = 0
3113779 ioctl(8, _IOC(_IOC_READ|_IOC_WRITE, 0x46, 0x2a, 0x20), 0x7ffe7bf9f4e0) = 0
3113779 ioctl(8, _IOC(_IOC_READ|_IOC_WRITE, 0x46, 0x2a, 0x20), 0x7ffe7bf9f6b0) = 0
3113779 ioctl(8, _IOC(_IOC_READ|_IOC_WRITE, 0x46, 0x2a, 0x20), 0x7ffe7bf9f3a0) = 0
3113779 ioctl(8, _IOC(_IOC_READ|_IOC_WRITE, 0x46, 0x2a, 0x20), 0x7ffe7bf9f3a0) = 0
3113779 ioctl(8, _IOC(_IOC_READ|_IOC_WRITE, 0x46, 0x2a, 0x20), 0x7ffe7bf9f3a0) = 0
3113779 ioctl(8, _IOC(_IOC_READ|_IOC_WRITE, 0x46, 0x2a, 0x20), 0x7ffe7bf9f3a0) = 0
3113779 ioctl(8, _IOC(_IOC_READ|_IOC_WRITE, 0x46, 0x2a, 0x20), 0x7ffe7bf9f3a0) = 0
3113779 ioctl(8, _IOC(_IOC_READ|_IOC_WRITE, 0x46, 0x2a, 0x20), 0x7ffe7bf9f1f0) = 0
3113779 ioctl(8, _IOC(_IOC_READ|_IOC_WRITE, 0x46, 0x2a, 0x20), 0x7ffe7bf9f500) = 0
3113779 ioctl(8, _IOC(_IOC_READ|_IOC_WRITE, 0x46, 0x2a, 0x20), 0x7ffe7bf9f5a0) = 0
3113779 ioctl(8, _IOC(_IOC_READ|_IOC_WRITE, 0x46, 0x2a, 0x20), 0x7ffe7bf9f6b0) = 0
3113779 ioctl(8, _IOC(_IOC_READ|_IOC_WRITE, 0x46, 0x2a, 0x20), 0x7ffe7bf9f6b0) = 0
3113779 ioctl(8, _IOC(_IOC_READ|_IOC_WRITE, 0x46, 0x2a, 0x20), 0x7ffe7bf9f400) = 0
3113779 ioctl(8, _IOC(_IOC_READ|_IOC_WRITE, 0x46, 0x2a, 0x20), 0x7ffe7bf9f5e0) = 0
3113779 ioctl(8, _IOC(_IOC_READ|_IOC_WRITE, 0x46, 0x2a, 0x20), 0x7ffe7bf9f5e0) = 0
3113779 ioctl(8, _IOC(_IOC_READ|_IOC_WRITE, 0x46, 0x2a, 0x20), 0x7ffe7bf9f5e0) = 0
3113779 ioctl(8, _IOC(_IOC_READ|_IOC_WRITE, 0x46, 0x2a, 0x20), 0x7ffe7bf9f5e0) = 0
3113779 ioctl(8, _IOC(_IOC_READ|_IOC_WRITE, 0x46, 0x2a, 0x20), 0x7ffe7bf9f5e0) = 0
3113779 ioctl(8, _IOC(_IOC_READ|_IOC_WRITE, 0x46, 0x2a, 0x20), 0x7ffe7bf9f5e0) = 0
3113779 ioctl(8, _IOC(_IOC_READ|_IOC_WRITE, 0x46, 0x2a, 0x20), 0x7ffe7bf9f5e0) = 0
3113779 ioctl(8, _IOC(_IOC_READ|_IOC_WRITE, 0x46, 0x2a, 0x20), 0x7ffe7bf9f5d0) = 0
3113779 ioctl(8, _IOC(_IOC_READ|_IOC_WRITE, 0x46, 0x2a, 0x20), 0x7ffe7bf9f550) = 0
3113779 ioctl(8, _IOC(_IOC_READ|_IOC_WRITE, 0x46, 0x2a, 0x20), 0x7ffe7bf9d030) = 0
3113779 ioctl(8, _IOC(_IOC_READ|_IOC_WRITE, 0x46, 0x2a, 0x20), 0x7ffe7bf9e0e0) = 0
3113779 ioctl(8, _IOC(_IOC_READ|_IOC_WRITE, 0x46, 0x2a, 0x20), 0x7ffe7bf9f6e0) = 0
3113779 ioctl(8, _IOC(_IOC_READ|_IOC_WRITE, 0x46, 0x2a, 0x20), 0x7ffe7bf9f530) = 0
3113779 ioctl(8, _IOC(_IOC_READ|_IOC_WRITE, 0x46, 0x2b, 0x30), 0x7ffe7bfa0750) = 0
3113779 ioctl(8, _IOC(_IOC_READ|_IOC_WRITE, 0x46, 0x2a, 0x20), 0x7ffe7bf9f520) = 0
3113779 openat(AT_FDCWD, "/dev/nvidia2", O_RDWR|O_CLOEXEC) = 19
3113779 ioctl(8, _IOC(_IOC_READ|_IOC_WRITE, 0x46, 0x4e, 0x38), 0x7ffe7bfa06e0) = 0
3113779 close(19)                       = 0
3113779 ioctl(8, _IOC(_IOC_READ|_IOC_WRITE, 0x46, 0x2a, 0x20), 0x7ffe7bf9f680) = 0
3113779 ioctl(8, _IOC(_IOC_READ|_IOC_WRITE, 0x46, 0x2b, 0x30), 0x7ffe7bfa07d0) = 0
3113779 ioctl(8, _IOC(_IOC_READ|_IOC_WRITE, 0x46, 0x2b, 0x30), 0x7ffe7bfa07d0) = 0
3113779 ioctl(8, _IOC(_IOC_READ|_IOC_WRITE, 0x46, 0x2a, 0x20), 0x7ffe7bf9f6b0) = 0
3113779 ioctl(8, _IOC(_IOC_READ|_IOC_WRITE, 0x46, 0x2a, 0x20), 0x7ffe7bf9f610) = 0
3113779 ioctl(8, _IOC(_IOC_READ|_IOC_WRITE, 0x46, 0x2a, 0x20), 0x7ffe7bf9f610) = 0
3113779 ioctl(8, _IOC(_IOC_READ|_IOC_WRITE, 0x46, 0x2a, 0x20), 0x7ffe7bf9f710) = 0
3113779 ioctl(8, _IOC(_IOC_READ|_IOC_WRITE, 0x46, 0x2a, 0x20), 0x7ffe7bf9f5d0) = 0
3113779 openat(AT_FDCWD, "/sys/bus/pci/devices/0000:60:00.0/numa_node", O_RDONLY) = 19
3113779 close(19)                       = 0
3113779 ioctl(8, _IOC(_IOC_READ|_IOC_WRITE, 0x46, 0x2a, 0x20), 0x7ffe7bf9f8c0) = 0
3113779 ioctl(8, _IOC(_IOC_READ|_IOC_WRITE, 0x46, 0x2a, 0x20), 0x7ffe7bfa0a20) = 0
3113779 ioctl(8, _IOC(_IOC_READ|_IOC_WRITE, 0x46, 0x2a, 0x20), 0x7ffe7bfa0a20) = 0
3113779 ioctl(8, _IOC(_IOC_READ|_IOC_WRITE, 0x46, 0x2a, 0x20), 0x7ffe7bfa0a20) = 0
3113779 ioctl(8, _IOC(_IOC_READ|_IOC_WRITE, 0x46, 0x2a, 0x20), 0x7ffe7bfa0a20) = 0
3113779 ioctl(8, _IOC(_IOC_READ|_IOC_WRITE, 0x46, 0x2a, 0x20), 0x7ffe7bfa0a20) = 0
3113779 ioctl(8, _IOC(_IOC_READ|_IOC_WRITE, 0x46, 0x2a, 0x20), 0x7ffe7bfa0a20) = 0
3113779 ioctl(8, _IOC(_IOC_READ|_IOC_WRITE, 0x46, 0x2a, 0x20), 0x7ffe7bf9fb70) = 0
3113779 ioctl(8, _IOC(_IOC_READ|_IOC_WRITE, 0x46, 0x2a, 0x20), 0x7ffe7bf9fb70) = 0
3113779 ioctl(8, _IOC(_IOC_READ|_IOC_WRITE, 0x46, 0x2a, 0x20), 0x7ffe7bf9fb70) = 0
3113779 ioctl(8, _IOC(_IOC_READ|_IOC_WRITE, 0x46, 0x2a, 0x20), 0x7ffe7bf9fb70) = 0
3113779 ioctl(8, _IOC(_IOC_READ|_IOC_WRITE, 0x46, 0x2a, 0x20), 0x7ffe7bf9ebf0) = 0
3113779 ioctl(8, _IOC(_IOC_READ|_IOC_WRITE, 0x46, 0x2a, 0x20), 0x7ffe7bfa03f0) = 0
3113779 ioctl(8, _IOC(_IOC_READ|_IOC_WRITE, 0x46, 0x2a, 0x20), 0x7ffe7bf9ebf0) = 0
3113779 ioctl(8, _IOC(_IOC_READ|_IOC_WRITE, 0x46, 0x2a, 0x20), 0x7ffe7bfa03f0) = 0
3113779 ioctl(8, _IOC(_IOC_READ|_IOC_WRITE, 0x46, 0x2a, 0x20), 0x7ffe7bfa03f0) = 0
3113779 ioctl(8, _IOC(_IOC_READ|_IOC_WRITE, 0x46, 0x2a, 0x20), 0x7ffe7bf9ebf0) = 0
3113779 ioctl(9, _IOC(_IOC_NONE, 0, 0x25, 0), 0x7ffe7bfa22c0) = 0
3113779 ioctl(9, _IOC(_IOC_NONE, 0, 0x25, 0), 0x7ffe7bfa22c0) = 0
3113779 ioctl(9, _IOC(_IOC_NONE, 0, 0x25, 0), 0x7ffe7bfa22c0) = 0
3113779 ioctl(9, _IOC(_IOC_NONE, 0, 0x17, 0), 0x7ffe7bfa2790) = 0
3113779 ioctl(8, _IOC(_IOC_READ|_IOC_WRITE, 0x46, 0x2b, 0x30), 0x7ffe7bfa24f0) = 0
3113779 ioctl(8, _IOC(_IOC_READ|_IOC_WRITE, 0x46, 0x2b, 0x30), 0x7ffe7bfa24f0) = 0
3113779 ioctl(8, _IOC(_IOC_READ|_IOC_WRITE, 0x46, 0x2b, 0x30), 0x7ffe7bfa24f0) = 0
3113779 ioctl(8, _IOC(_IOC_READ|_IOC_WRITE, 0x46, 0x2a, 0x20), 0x7ffe7bfa0d60) = 0
3113779 ioctl(8, _IOC(_IOC_READ|_IOC_WRITE, 0x46, 0x2a, 0x20), 0x7ffe7bfa0d70) = 0
3113779 ioctl(8, _IOC(_IOC_READ|_IOC_WRITE, 0x46, 0x2a, 0x20), 0x7ffe7bfa0da0) = 0
3113779 ioctl(9, _IOC(_IOC_NONE, 0, 0x19, 0), 0x7ffe7bfa1e80) = 0
3113779 ioctl(8, _IOC(_IOC_READ|_IOC_WRITE, 0x46, 0x2b, 0x30), 0x7ffe7bfa1150) = 0
3113779 ioctl(9, _IOC(_IOC_NONE, 0, 0x49, 0), 0x7ffe7bfa0e30) = 0
3113779 ioctl(9, _IOC(_IOC_NONE, 0, 0x21, 0), 0x7ffe7bf9ea20) = 0
3113779 ioctl(8, _IOC(_IOC_READ|_IOC_WRITE, 0x46, 0x2b, 0x30), 0x7ffe7bfa1030) = 0
3113779 ioctl(9, _IOC(_IOC_NONE, 0, 0x49, 0), 0x7ffe7bfa0d10) = 0
3113779 ioctl(9, _IOC(_IOC_NONE, 0, 0x21, 0), 0x7ffe7bf9e900) = 0
3113779 ioctl(8, _IOC(_IOC_READ|_IOC_WRITE, 0x46, 0x2b, 0x30), 0x7ffe7bfa1030) = 0
3113779 ioctl(9, _IOC(_IOC_NONE, 0, 0x49, 0), 0x7ffe7bfa0d10) = 0
3113779 ioctl(9, _IOC(_IOC_NONE, 0, 0x21, 0), 0x7ffe7bf9e900) = 0
3113779 ioctl(8, _IOC(_IOC_READ|_IOC_WRITE, 0x46, 0x2b, 0x30), 0x7ffe7bfa1230) = 0
3113779 ioctl(9, _IOC(_IOC_NONE, 0, 0x49, 0), 0x7ffe7bfa0f10) = 0
3113779 ioctl(9, _IOC(_IOC_NONE, 0, 0x21, 0), 0x7ffe7bf9eb00) = 0
3113779 ioctl(8, _IOC(_IOC_READ|_IOC_WRITE, 0x46, 0x2b, 0x30), 0x7ffe7bfa1b10) = 0
3113779 ioctl(8, _IOC(_IOC_READ|_IOC_WRITE, 0x46, 0x2b, 0x30), 0x7ffe7bfa1b00) = 0
3113779 ioctl(8, _IOC(_IOC_READ|_IOC_WRITE, 0x46, 0x2b, 0x30), 0x7ffe7bfa09e0) = 0
3113779 ioctl(8, _IOC(_IOC_READ|_IOC_WRITE, 0x46, 0x2a, 0x20), 0x7ffe7bf9f8a0) = 0
3113779 openat(AT_FDCWD, "/dev/nvidia0", O_RDWR|O_CLOEXEC) = 21
3113779 ioctl(8, _IOC(_IOC_READ|_IOC_WRITE, 0x46, 0x4e, 0x38), 0x7ffe7bfa0a60) = 0
3113779 ioctl(8, _IOC(_IOC_READ|_IOC_WRITE, 0x46, 0x5e, 0x28), 0x7ffe7bfa0a30) = 0
3113779 close(21)                       = 0
3113779 ioctl(9, _IOC(_IOC_NONE, 0, 0x49, 0), 0x7ffe7bfa06c0) = 0
3113779 ioctl(9, _IOC(_IOC_NONE, 0, 0x21, 0), 0x7ffe7bf9e2b0) = 0
3113779 ioctl(8, _IOC(_IOC_READ|_IOC_WRITE, 0x46, 0x2b, 0x30), 0x7ffe7bfa0800) = 0
3113779 ioctl(8, _IOC(_IOC_READ|_IOC_WRITE, 0x46, 0x2a, 0x20), 0x7ffe7bf9f6c0) = 0
3113779 openat(AT_FDCWD, "/dev/nvidiactl", O_RDWR|O_CLOEXEC) = 21
3113779 ioctl(8, _IOC(_IOC_READ|_IOC_WRITE, 0x46, 0x4e, 0x38), 0x7ffe7bfa0880) = 0
3113779 close(21)                       = 0
3113779 ioctl(9, _IOC(_IOC_NONE, 0, 0x49, 0), 0x7ffe7bfa04e0) = 0
3113779 ioctl(9, _IOC(_IOC_NONE, 0, 0x21, 0), 0x7ffe7bf9e0d0) = 0
3113779 ioctl(8, _IOC(_IOC_READ|_IOC_WRITE, 0x46, 0x2b, 0x30), 0x7ffe7bfa0b60) = 0
3113779 ioctl(8, _IOC(_IOC_READ|_IOC_WRITE, 0x46, 0x2a, 0x20), 0x7ffe7bf9fa20) = 0
3113779 openat(AT_FDCWD, "/dev/nvidiactl", O_RDWR|O_CLOEXEC) = 21
3113779 ioctl(8, _IOC(_IOC_READ|_IOC_WRITE, 0x46, 0x4e, 0x38), 0x7ffe7bfa0be0) = 0
3113779 close(21)                       = 0
3113779 ioctl(8, _IOC(_IOC_READ|_IOC_WRITE, 0x46, 0x2b, 0x30), 0x7ffe7bfa1500) = 0
3113779 ioctl(8, _IOC(_IOC_READ|_IOC_WRITE, 0x46, 0x2a, 0x20), 0x7ffe7bfa0570) = 0
3113779 ioctl(8, _IOC(_IOC_READ|_IOC_WRITE, 0x46, 0x2b, 0x30), 0x7ffe7bfa1610) = 0
3113779 ioctl(8, _IOC(_IOC_READ|_IOC_WRITE, 0x46, 0x2a, 0x20), 0x7ffe7bfa0530) = 0
3113779 ioctl(8, _IOC(_IOC_READ|_IOC_WRITE, 0x46, 0x2b, 0x30), 0x7ffe7bfa1610) = 0
3113779 ioctl(8, _IOC(_IOC_READ|_IOC_WRITE, 0x46, 0x2a, 0x20), 0x7ffe7bfa0530) = 0
3113779 ioctl(8, _IOC(_IOC_READ|_IOC_WRITE, 0x46, 0x2a, 0x20), 0x7ffe7bfa0580) = 0
3113779 ioctl(8, _IOC(_IOC_READ|_IOC_WRITE, 0x46, 0x2a, 0x20), 0x7ffe7bfa0580) = 0
3113779 ioctl(8, _IOC(_IOC_READ|_IOC_WRITE, 0x46, 0x2b, 0x30), 0x7ffe7bfa0f00) = 0
3113779 ioctl(8, _IOC(_IOC_READ|_IOC_WRITE, 0x46, 0x2a, 0x20), 0x7ffe7bf9fdc0) = 0
3113779 openat(AT_FDCWD, "/dev/nvidiactl", O_RDWR|O_CLOEXEC) = 21
3113779 ioctl(8, _IOC(_IOC_READ|_IOC_WRITE, 0x46, 0x4e, 0x38), 0x7ffe7bfa0f80) = 0
3113779 close(21)                       = 0
3113779 ioctl(9, _IOC(_IOC_NONE, 0, 0x49, 0), 0x7ffe7bfa0be0) = 0
3113779 ioctl(9, _IOC(_IOC_NONE, 0, 0x21, 0), 0x7ffe7bf9e7d0) = 0
3113779 ioctl(8, _IOC(_IOC_READ|_IOC_WRITE, 0x46, 0x2b, 0x30), 0x7ffe7bfa0b60) = 0
3113779 ioctl(8, _IOC(_IOC_READ|_IOC_WRITE, 0x46, 0x2a, 0x20), 0x7ffe7bf9fa20) = 0
3113779 openat(AT_FDCWD, "/dev/nvidiactl", O_RDWR|O_CLOEXEC) = 21
3113779 ioctl(8, _IOC(_IOC_READ|_IOC_WRITE, 0x46, 0x4e, 0x38), 0x7ffe7bfa0be0) = 0
3113779 close(21)                       = 0
3113779 ioctl(8, _IOC(_IOC_READ|_IOC_WRITE, 0x46, 0x2b, 0x30), 0x7ffe7bfa1500) = 0
3113779 ioctl(8, _IOC(_IOC_READ|_IOC_WRITE, 0x46, 0x2a, 0x20), 0x7ffe7bfa0570) = 0
3113779 ioctl(8, _IOC(_IOC_READ|_IOC_WRITE, 0x46, 0x2b, 0x30), 0x7ffe7bfa1610) = 0
3113779 ioctl(8, _IOC(_IOC_READ|_IOC_WRITE, 0x46, 0x2a, 0x20), 0x7ffe7bfa0530) = 0
3113779 ioctl(8, _IOC(_IOC_READ|_IOC_WRITE, 0x46, 0x2b, 0x30), 0x7ffe7bfa1610) = 0
3113779 ioctl(8, _IOC(_IOC_READ|_IOC_WRITE, 0x46, 0x2a, 0x20), 0x7ffe7bfa0530) = 0
3113779 ioctl(8, _IOC(_IOC_READ|_IOC_WRITE, 0x46, 0x2a, 0x20), 0x7ffe7bfa0580) = 0
3113779 ioctl(8, _IOC(_IOC_READ|_IOC_WRITE, 0x46, 0x2a, 0x20), 0x7ffe7bfa0580) = 0
3113779 ioctl(8, _IOC(_IOC_READ|_IOC_WRITE, 0x46, 0x2b, 0x30), 0x7ffe7bfa0b60) = 0
3113779 ioctl(8, _IOC(_IOC_READ|_IOC_WRITE, 0x46, 0x2a, 0x20), 0x7ffe7bf9fa20) = 0
3113779 openat(AT_FDCWD, "/dev/nvidiactl", O_RDWR|O_CLOEXEC) = 21
3113779 ioctl(8, _IOC(_IOC_READ|_IOC_WRITE, 0x46, 0x4e, 0x38), 0x7ffe7bfa0be0) = 0
3113779 close(21)                       = 0
3113779 ioctl(8, _IOC(_IOC_READ|_IOC_WRITE, 0x46, 0x2b, 0x30), 0x7ffe7bfa1500) = 0
3113779 ioctl(8, _IOC(_IOC_READ|_IOC_WRITE, 0x46, 0x2a, 0x20), 0x7ffe7bfa0570) = 0
3113779 ioctl(8, _IOC(_IOC_READ|_IOC_WRITE, 0x46, 0x2b, 0x30), 0x7ffe7bfa1610) = 0
3113779 ioctl(8, _IOC(_IOC_READ|_IOC_WRITE, 0x46, 0x2a, 0x20), 0x7ffe7bfa0530) = 0
3113779 ioctl(8, _IOC(_IOC_READ|_IOC_WRITE, 0x46, 0x2b, 0x30), 0x7ffe7bfa1610) = 0
3113779 ioctl(8, _IOC(_IOC_READ|_IOC_WRITE, 0x46, 0x2a, 0x20), 0x7ffe7bfa0530) = 0
3113779 ioctl(8, _IOC(_IOC_READ|_IOC_WRITE, 0x46, 0x2a, 0x20), 0x7ffe7bfa0580) = 0
3113779 ioctl(8, _IOC(_IOC_READ|_IOC_WRITE, 0x46, 0x2a, 0x20), 0x7ffe7bfa0580) = 0
3113779 ioctl(8, _IOC(_IOC_READ|_IOC_WRITE, 0x46, 0x2b, 0x30), 0x7ffe7bfa0b60) = 0
3113779 ioctl(8, _IOC(_IOC_READ|_IOC_WRITE, 0x46, 0x2a, 0x20), 0x7ffe7bf9fa20) = 0
3113779 openat(AT_FDCWD, "/dev/nvidiactl", O_RDWR|O_CLOEXEC) = 21
3113779 ioctl(8, _IOC(_IOC_READ|_IOC_WRITE, 0x46, 0x4e, 0x38), 0x7ffe7bfa0be0) = 0
3113779 close(21)                       = 0
3113779 ioctl(8, _IOC(_IOC_READ|_IOC_WRITE, 0x46, 0x2b, 0x30), 0x7ffe7bfa1500) = 0
3113779 ioctl(8, _IOC(_IOC_READ|_IOC_WRITE, 0x46, 0x2a, 0x20), 0x7ffe7bfa0570) = 0
3113779 ioctl(8, _IOC(_IOC_READ|_IOC_WRITE, 0x46, 0x2b, 0x30), 0x7ffe7bfa1610) = 0
3113779 ioctl(8, _IOC(_IOC_READ|_IOC_WRITE, 0x46, 0x2a, 0x20), 0x7ffe7bfa0530) = 0
3113779 ioctl(8, _IOC(_IOC_READ|_IOC_WRITE, 0x46, 0x2b, 0x30), 0x7ffe7bfa1610) = 0
3113779 ioctl(8, _IOC(_IOC_READ|_IOC_WRITE, 0x46, 0x2a, 0x20), 0x7ffe7bfa0530) = 0
3113779 ioctl(8, _IOC(_IOC_READ|_IOC_WRITE, 0x46, 0x2a, 0x20), 0x7ffe7bfa0580) = 0
3113779 ioctl(8, _IOC(_IOC_READ|_IOC_WRITE, 0x46, 0x2a, 0x20), 0x7ffe7bfa0580) = 0
3113779 ioctl(8, _IOC(_IOC_READ|_IOC_WRITE, 0x46, 0x2b, 0x30), 0x7ffe7bfa0b60) = 0
3113779 ioctl(8, _IOC(_IOC_READ|_IOC_WRITE, 0x46, 0x2a, 0x20), 0x7ffe7bf9fa20) = 0
3113779 openat(AT_FDCWD, "/dev/nvidiactl", O_RDWR|O_CLOEXEC) = 21
3113779 ioctl(8, _IOC(_IOC_READ|_IOC_WRITE, 0x46, 0x4e, 0x38), 0x7ffe7bfa0be0) = 0
3113779 close(21)                       = 0
3113779 ioctl(8, _IOC(_IOC_READ|_IOC_WRITE, 0x46, 0x2b, 0x30), 0x7ffe7bfa1500) = 0
3113779 ioctl(8, _IOC(_IOC_READ|_IOC_WRITE, 0x46, 0x2a, 0x20), 0x7ffe7bfa0570) = 0
3113779 ioctl(8, _IOC(_IOC_READ|_IOC_WRITE, 0x46, 0x2b, 0x30), 0x7ffe7bfa1610) = 0
3113779 ioctl(8, _IOC(_IOC_READ|_IOC_WRITE, 0x46, 0x2a, 0x20), 0x7ffe7bfa0530) = 0
3113779 ioctl(8, _IOC(_IOC_READ|_IOC_WRITE, 0x46, 0x2b, 0x30), 0x7ffe7bfa1610) = 0
3113779 ioctl(8, _IOC(_IOC_READ|_IOC_WRITE, 0x46, 0x2a, 0x20), 0x7ffe7bfa0530) = 0
3113779 ioctl(8, _IOC(_IOC_READ|_IOC_WRITE, 0x46, 0x2a, 0x20), 0x7ffe7bfa0580) = 0
3113779 ioctl(8, _IOC(_IOC_READ|_IOC_WRITE, 0x46, 0x2a, 0x20), 0x7ffe7bfa0580) = 0
3113779 ioctl(8, _IOC(_IOC_READ|_IOC_WRITE, 0x46, 0x2b, 0x30), 0x7ffe7bfa0b60) = 0
3113779 ioctl(8, _IOC(_IOC_READ|_IOC_WRITE, 0x46, 0x2a, 0x20), 0x7ffe7bf9fa20) = 0
3113779 openat(AT_FDCWD, "/dev/nvidiactl", O_RDWR|O_CLOEXEC) = 21
3113779 ioctl(8, _IOC(_IOC_READ|_IOC_WRITE, 0x46, 0x4e, 0x38), 0x7ffe7bfa0be0) = 0
3113779 close(21)                       = 0
3113779 ioctl(8, _IOC(_IOC_READ|_IOC_WRITE, 0x46, 0x2b, 0x30), 0x7ffe7bfa1500) = 0
3113779 ioctl(8, _IOC(_IOC_READ|_IOC_WRITE, 0x46, 0x2a, 0x20), 0x7ffe7bfa0570) = 0
3113779 ioctl(8, _IOC(_IOC_READ|_IOC_WRITE, 0x46, 0x2b, 0x30), 0x7ffe7bfa1610) = 0
3113779 ioctl(8, _IOC(_IOC_READ|_IOC_WRITE, 0x46, 0x2a, 0x20), 0x7ffe7bfa0530) = 0
3113779 ioctl(8, _IOC(_IOC_READ|_IOC_WRITE, 0x46, 0x2b, 0x30), 0x7ffe7bfa1610) = 0
3113779 ioctl(8, _IOC(_IOC_READ|_IOC_WRITE, 0x46, 0x2a, 0x20), 0x7ffe7bfa0530) = 0
3113779 ioctl(8, _IOC(_IOC_READ|_IOC_WRITE, 0x46, 0x2a, 0x20), 0x7ffe7bfa0580) = 0
3113779 ioctl(8, _IOC(_IOC_READ|_IOC_WRITE, 0x46, 0x2a, 0x20), 0x7ffe7bfa0580) = 0
3113779 ioctl(8, _IOC(_IOC_READ|_IOC_WRITE, 0x46, 0x2b, 0x30), 0x7ffe7bfa0b60) = 0
3113779 ioctl(8, _IOC(_IOC_READ|_IOC_WRITE, 0x46, 0x2a, 0x20), 0x7ffe7bf9fa20) = 0
3113779 openat(AT_FDCWD, "/dev/nvidiactl", O_RDWR|O_CLOEXEC) = 21
3113779 ioctl(8, _IOC(_IOC_READ|_IOC_WRITE, 0x46, 0x4e, 0x38), 0x7ffe7bfa0be0) = 0
3113779 close(21)                       = 0
3113779 ioctl(8, _IOC(_IOC_READ|_IOC_WRITE, 0x46, 0x2b, 0x30), 0x7ffe7bfa1500) = 0
3113779 ioctl(8, _IOC(_IOC_READ|_IOC_WRITE, 0x46, 0x2a, 0x20), 0x7ffe7bfa0570) = 0
3113779 ioctl(8, _IOC(_IOC_READ|_IOC_WRITE, 0x46, 0x2b, 0x30), 0x7ffe7bfa1610) = 0
3113779 ioctl(8, _IOC(_IOC_READ|_IOC_WRITE, 0x46, 0x2a, 0x20), 0x7ffe7bfa0530) = 0
3113779 ioctl(8, _IOC(_IOC_READ|_IOC_WRITE, 0x46, 0x2b, 0x30), 0x7ffe7bfa1610) = 0
3113779 ioctl(8, _IOC(_IOC_READ|_IOC_WRITE, 0x46, 0x2a, 0x20), 0x7ffe7bfa0530) = 0
3113779 ioctl(8, _IOC(_IOC_READ|_IOC_WRITE, 0x46, 0x2a, 0x20), 0x7ffe7bfa0580) = 0
3113779 ioctl(8, _IOC(_IOC_READ|_IOC_WRITE, 0x46, 0x2a, 0x20), 0x7ffe7bfa0580) = 0
3113779 ioctl(8, _IOC(_IOC_READ|_IOC_WRITE, 0x46, 0x2b, 0x30), 0x7ffe7bfa0b60) = 0
3113779 ioctl(8, _IOC(_IOC_READ|_IOC_WRITE, 0x46, 0x2a, 0x20), 0x7ffe7bf9fa20) = 0
3113779 openat(AT_FDCWD, "/dev/nvidiactl", O_RDWR|O_CLOEXEC) = 21
3113779 ioctl(8, _IOC(_IOC_READ|_IOC_WRITE, 0x46, 0x4e, 0x38), 0x7ffe7bfa0be0) = 0
3113779 close(21)                       = 0
3113779 ioctl(8, _IOC(_IOC_READ|_IOC_WRITE, 0x46, 0x2b, 0x30), 0x7ffe7bfa1500) = 0
3113779 ioctl(8, _IOC(_IOC_READ|_IOC_WRITE, 0x46, 0x2a, 0x20), 0x7ffe7bfa0570) = 0
3113779 ioctl(8, _IOC(_IOC_READ|_IOC_WRITE, 0x46, 0x2b, 0x30), 0x7ffe7bfa1610) = 0
3113779 ioctl(8, _IOC(_IOC_READ|_IOC_WRITE, 0x46, 0x2a, 0x20), 0x7ffe7bfa0530) = 0
3113779 ioctl(8, _IOC(_IOC_READ|_IOC_WRITE, 0x46, 0x2b, 0x30), 0x7ffe7bfa1610) = 0
3113779 ioctl(8, _IOC(_IOC_READ|_IOC_WRITE, 0x46, 0x2a, 0x20), 0x7ffe7bfa0530) = 0
3113779 ioctl(8, _IOC(_IOC_READ|_IOC_WRITE, 0x46, 0x2a, 0x20), 0x7ffe7bfa0580) = 0
3113779 ioctl(8, _IOC(_IOC_READ|_IOC_WRITE, 0x46, 0x2a, 0x20), 0x7ffe7bfa0580) = 0
3113779 ioctl(9, _IOC(_IOC_NONE, 0, 0x1b, 0), 0x7ffe7bfa1cc0) = 0
3113779 ioctl(9, _IOC(_IOC_NONE, 0, 0x1b, 0), 0x7ffe7bfa1cc0) = 0
3113779 ioctl(9, _IOC(_IOC_NONE, 0, 0x1b, 0), 0x7ffe7bfa1cc0) = 0
3113779 ioctl(9, _IOC(_IOC_NONE, 0, 0x1b, 0), 0x7ffe7bfa1cc0) = 0
3113779 ioctl(9, _IOC(_IOC_NONE, 0, 0x1b, 0), 0x7ffe7bfa1cc0) = 0
3113779 ioctl(9, _IOC(_IOC_NONE, 0, 0x1b, 0), 0x7ffe7bfa1cc0) = 0
3113779 ioctl(9, _IOC(_IOC_NONE, 0, 0x1b, 0), 0x7ffe7bfa1cc0) = 0
3113779 ioctl(9, _IOC(_IOC_NONE, 0, 0x1b, 0), 0x7ffe7bfa1cc0) = 0
3113779 ioctl(8, _IOC(_IOC_READ|_IOC_WRITE, 0x46, 0x2a, 0x20), 0x7ffe7bfa0bd0) = 0
3113779 openat(AT_FDCWD, "/dev/nvidia0", O_RDWR|O_CLOEXEC) = 21
3113779 ioctl(21, _IOC(_IOC_READ|_IOC_WRITE, 0x46, 0xc9, 0x4), 0x7ffe7bfa1bc0) = 0
3113779 ioctl(21, _IOC(_IOC_READ|_IOC_WRITE, 0x46, 0xce, 0x10), 0x7ffe7bfa1bb0) = 0
3113779 ioctl(21, _IOC(_IOC_READ|_IOC_WRITE, 0x46, 0x2b, 0x30), 0x7ffe7bfa1ba0) = 0
3113779 ioctl(8, _IOC(_IOC_READ|_IOC_WRITE, 0x46, 0x2b, 0x30), 0x7ffe7bfa1b10) = 0
3113779 ioctl(8, _IOC(_IOC_READ|_IOC_WRITE, 0x46, 0x2b, 0x30), 0x7ffe7bfa0b60) = 0
3113779 ioctl(8, _IOC(_IOC_READ|_IOC_WRITE, 0x46, 0x2a, 0x20), 0x7ffe7bf9fa20) = 0
3113779 openat(AT_FDCWD, "/dev/nvidiactl", O_RDWR|O_CLOEXEC) = 23
3113779 ioctl(8, _IOC(_IOC_READ|_IOC_WRITE, 0x46, 0x4e, 0x38), 0x7ffe7bfa0be0) = 0
3113779 close(23)                       = 0
3113779 ioctl(8, _IOC(_IOC_READ|_IOC_WRITE, 0x46, 0x2b, 0x30), 0x7ffe7bfa1500) = 0
3113779 ioctl(8, _IOC(_IOC_READ|_IOC_WRITE, 0x46, 0x2a, 0x20), 0x7ffe7bfa0570) = 0
3113779 ioctl(8, _IOC(_IOC_READ|_IOC_WRITE, 0x46, 0x2b, 0x30), 0x7ffe7bfa1610) = 0
3113779 ioctl(8, _IOC(_IOC_READ|_IOC_WRITE, 0x46, 0x2a, 0x20), 0x7ffe7bfa0530) = 0
3113779 ioctl(8, _IOC(_IOC_READ|_IOC_WRITE, 0x46, 0x2a, 0x20), 0x7ffe7bfa0580) = 0
3113779 ioctl(8, _IOC(_IOC_READ|_IOC_WRITE, 0x46, 0x2b, 0x30), 0x7ffe7bfa0b60) = 0
3113779 ioctl(8, _IOC(_IOC_READ|_IOC_WRITE, 0x46, 0x2a, 0x20), 0x7ffe7bf9fa20) = 0
3113779 openat(AT_FDCWD, "/dev/nvidiactl", O_RDWR|O_CLOEXEC) = 23
3113779 ioctl(8, _IOC(_IOC_READ|_IOC_WRITE, 0x46, 0x4e, 0x38), 0x7ffe7bfa0be0) = 0
3113779 close(23)                       = 0
3113779 ioctl(8, _IOC(_IOC_READ|_IOC_WRITE, 0x46, 0x2b, 0x30), 0x7ffe7bfa1500) = 0
3113779 ioctl(8, _IOC(_IOC_READ|_IOC_WRITE, 0x46, 0x2a, 0x20), 0x7ffe7bfa0570) = 0
3113779 ioctl(8, _IOC(_IOC_READ|_IOC_WRITE, 0x46, 0x2b, 0x30), 0x7ffe7bfa1610) = 0
3113779 ioctl(8, _IOC(_IOC_READ|_IOC_WRITE, 0x46, 0x2a, 0x20), 0x7ffe7bfa0530) = 0
3113779 ioctl(8, _IOC(_IOC_READ|_IOC_WRITE, 0x46, 0x2a, 0x20), 0x7ffe7bfa0580) = 0
3113779 ioctl(8, _IOC(_IOC_READ|_IOC_WRITE, 0x46, 0x2b, 0x30), 0x7ffe7bfa0b60) = 0
3113779 ioctl(8, _IOC(_IOC_READ|_IOC_WRITE, 0x46, 0x2a, 0x20), 0x7ffe7bf9fa20) = 0
3113779 openat(AT_FDCWD, "/dev/nvidiactl", O_RDWR|O_CLOEXEC) = 23
3113779 ioctl(8, _IOC(_IOC_READ|_IOC_WRITE, 0x46, 0x4e, 0x38), 0x7ffe7bfa0be0) = 0
3113779 close(23)                       = 0
3113779 ioctl(8, _IOC(_IOC_READ|_IOC_WRITE, 0x46, 0x2b, 0x30), 0x7ffe7bfa1500) = 0
3113779 ioctl(8, _IOC(_IOC_READ|_IOC_WRITE, 0x46, 0x2a, 0x20), 0x7ffe7bfa0570) = 0
3113779 ioctl(8, _IOC(_IOC_READ|_IOC_WRITE, 0x46, 0x2b, 0x30), 0x7ffe7bfa1610) = 0
3113779 ioctl(8, _IOC(_IOC_READ|_IOC_WRITE, 0x46, 0x2a, 0x20), 0x7ffe7bfa0530) = 0
3113779 ioctl(8, _IOC(_IOC_READ|_IOC_WRITE, 0x46, 0x2a, 0x20), 0x7ffe7bfa0580) = 0
3113779 ioctl(8, _IOC(_IOC_READ|_IOC_WRITE, 0x46, 0x2b, 0x30), 0x7ffe7bfa0b60) = 0
3113779 ioctl(8, _IOC(_IOC_READ|_IOC_WRITE, 0x46, 0x2a, 0x20), 0x7ffe7bf9fa20) = 0
3113779 openat(AT_FDCWD, "/dev/nvidiactl", O_RDWR|O_CLOEXEC) = 23
3113779 ioctl(8, _IOC(_IOC_READ|_IOC_WRITE, 0x46, 0x4e, 0x38), 0x7ffe7bfa0be0) = 0
3113779 close(23)                       = 0
3113779 ioctl(8, _IOC(_IOC_READ|_IOC_WRITE, 0x46, 0x2b, 0x30), 0x7ffe7bfa1500) = 0
3113779 ioctl(8, _IOC(_IOC_READ|_IOC_WRITE, 0x46, 0x2a, 0x20), 0x7ffe7bfa0570) = 0
3113779 ioctl(8, _IOC(_IOC_READ|_IOC_WRITE, 0x46, 0x2b, 0x30), 0x7ffe7bfa1610) = 0
3113779 ioctl(8, _IOC(_IOC_READ|_IOC_WRITE, 0x46, 0x2a, 0x20), 0x7ffe7bfa0530) = 0
3113779 ioctl(8, _IOC(_IOC_READ|_IOC_WRITE, 0x46, 0x2a, 0x20), 0x7ffe7bfa0580) = 0
3113779 ioctl(9, _IOC(_IOC_NONE, 0, 0x1b, 0), 0x7ffe7bfa1cc0) = 0
3113779 ioctl(9, _IOC(_IOC_NONE, 0, 0x1b, 0), 0x7ffe7bfa1cc0) = 0
3113779 ioctl(9, _IOC(_IOC_NONE, 0, 0x1b, 0), 0x7ffe7bfa1cc0) = 0
3113779 ioctl(9, _IOC(_IOC_NONE, 0, 0x1b, 0), 0x7ffe7bfa1cc0) = 0
3113779 ioctl(8, _IOC(_IOC_READ|_IOC_WRITE, 0x46, 0x2a, 0x20), 0x7ffe7bfa0bd0) = 0
3113779 openat(AT_FDCWD, "/dev/nvidia0", O_RDWR|O_CLOEXEC) = 23
3113779 ioctl(23, _IOC(_IOC_READ|_IOC_WRITE, 0x46, 0xc9, 0x4), 0x7ffe7bfa1bc0) = 0
3113779 ioctl(23, _IOC(_IOC_READ|_IOC_WRITE, 0x46, 0xce, 0x10), 0x7ffe7bfa1bb0) = 0
3113779 ioctl(23, _IOC(_IOC_READ|_IOC_WRITE, 0x46, 0x2b, 0x30), 0x7ffe7bfa1ba0) = 0
3113779 ioctl(8, _IOC(_IOC_READ|_IOC_WRITE, 0x46, 0x2b, 0x30), 0x7ffe7bfa1b10) = 0
3113779 ioctl(8, _IOC(_IOC_READ|_IOC_WRITE, 0x46, 0x2b, 0x30), 0x7ffe7bfa0b60) = 0
3113779 ioctl(8, _IOC(_IOC_READ|_IOC_WRITE, 0x46, 0x2a, 0x20), 0x7ffe7bf9fa20) = 0
3113779 openat(AT_FDCWD, "/dev/nvidiactl", O_RDWR|O_CLOEXEC) = 25
3113779 ioctl(8, _IOC(_IOC_READ|_IOC_WRITE, 0x46, 0x4e, 0x38), 0x7ffe7bfa0be0) = 0
3113779 close(25)                       = 0
3113779 ioctl(8, _IOC(_IOC_READ|_IOC_WRITE, 0x46, 0x2b, 0x30), 0x7ffe7bfa1500) = 0
3113779 ioctl(8, _IOC(_IOC_READ|_IOC_WRITE, 0x46, 0x2a, 0x20), 0x7ffe7bfa0570) = 0
3113779 ioctl(8, _IOC(_IOC_READ|_IOC_WRITE, 0x46, 0x2b, 0x30), 0x7ffe7bfa1610) = 0
3113779 ioctl(8, _IOC(_IOC_READ|_IOC_WRITE, 0x46, 0x2a, 0x20), 0x7ffe7bfa0530) = 0
3113779 ioctl(8, _IOC(_IOC_READ|_IOC_WRITE, 0x46, 0x2a, 0x20), 0x7ffe7bfa0580) = 0
3113779 ioctl(8, _IOC(_IOC_READ|_IOC_WRITE, 0x46, 0x2b, 0x30), 0x7ffe7bfa0b60) = 0
3113779 ioctl(8, _IOC(_IOC_READ|_IOC_WRITE, 0x46, 0x2a, 0x20), 0x7ffe7bf9fa20) = 0
3113779 openat(AT_FDCWD, "/dev/nvidiactl", O_RDWR|O_CLOEXEC) = 25
3113779 ioctl(8, _IOC(_IOC_READ|_IOC_WRITE, 0x46, 0x4e, 0x38), 0x7ffe7bfa0be0) = 0
3113779 close(25)                       = 0
3113779 ioctl(8, _IOC(_IOC_READ|_IOC_WRITE, 0x46, 0x2b, 0x30), 0x7ffe7bfa1500) = 0
3113779 ioctl(8, _IOC(_IOC_READ|_IOC_WRITE, 0x46, 0x2a, 0x20), 0x7ffe7bfa0570) = 0
3113779 ioctl(8, _IOC(_IOC_READ|_IOC_WRITE, 0x46, 0x2b, 0x30), 0x7ffe7bfa1610) = 0
3113779 ioctl(8, _IOC(_IOC_READ|_IOC_WRITE, 0x46, 0x2a, 0x20), 0x7ffe7bfa0530) = 0
3113779 ioctl(8, _IOC(_IOC_READ|_IOC_WRITE, 0x46, 0x2a, 0x20), 0x7ffe7bfa0580) = 0
3113779 ioctl(8, _IOC(_IOC_READ|_IOC_WRITE, 0x46, 0x2b, 0x30), 0x7ffe7bfa0b60) = 0
3113779 ioctl(8, _IOC(_IOC_READ|_IOC_WRITE, 0x46, 0x2a, 0x20), 0x7ffe7bf9fa20) = 0
3113779 openat(AT_FDCWD, "/dev/nvidiactl", O_RDWR|O_CLOEXEC) = 25
3113779 ioctl(8, _IOC(_IOC_READ|_IOC_WRITE, 0x46, 0x4e, 0x38), 0x7ffe7bfa0be0) = 0
3113779 close(25)                       = 0
3113779 ioctl(8, _IOC(_IOC_READ|_IOC_WRITE, 0x46, 0x2b, 0x30), 0x7ffe7bfa1500) = 0
3113779 ioctl(8, _IOC(_IOC_READ|_IOC_WRITE, 0x46, 0x2a, 0x20), 0x7ffe7bfa0570) = 0
3113779 ioctl(8, _IOC(_IOC_READ|_IOC_WRITE, 0x46, 0x2b, 0x30), 0x7ffe7bfa1610) = 0
3113779 ioctl(8, _IOC(_IOC_READ|_IOC_WRITE, 0x46, 0x2a, 0x20), 0x7ffe7bfa0530) = 0
3113779 ioctl(8, _IOC(_IOC_READ|_IOC_WRITE, 0x46, 0x2a, 0x20), 0x7ffe7bfa0580) = 0
3113779 ioctl(8, _IOC(_IOC_READ|_IOC_WRITE, 0x46, 0x2b, 0x30), 0x7ffe7bfa0b60) = 0
3113779 ioctl(8, _IOC(_IOC_READ|_IOC_WRITE, 0x46, 0x2a, 0x20), 0x7ffe7bf9fa20) = 0
3113779 openat(AT_FDCWD, "/dev/nvidiactl", O_RDWR|O_CLOEXEC) = 25
3113779 ioctl(8, _IOC(_IOC_READ|_IOC_WRITE, 0x46, 0x4e, 0x38), 0x7ffe7bfa0be0) = 0
3113779 close(25)                       = 0
3113779 ioctl(8, _IOC(_IOC_READ|_IOC_WRITE, 0x46, 0x2b, 0x30), 0x7ffe7bfa1500) = 0
3113779 ioctl(8, _IOC(_IOC_READ|_IOC_WRITE, 0x46, 0x2a, 0x20), 0x7ffe7bfa0570) = 0
3113779 ioctl(8, _IOC(_IOC_READ|_IOC_WRITE, 0x46, 0x2b, 0x30), 0x7ffe7bfa1610) = 0
3113779 ioctl(8, _IOC(_IOC_READ|_IOC_WRITE, 0x46, 0x2a, 0x20), 0x7ffe7bfa0530) = 0
3113779 ioctl(8, _IOC(_IOC_READ|_IOC_WRITE, 0x46, 0x2a, 0x20), 0x7ffe7bfa0580) = 0
3113779 ioctl(9, _IOC(_IOC_NONE, 0, 0x1b, 0), 0x7ffe7bfa1cc0) = 0
3113779 ioctl(9, _IOC(_IOC_NONE, 0, 0x1b, 0), 0x7ffe7bfa1cc0) = 0
3113779 ioctl(9, _IOC(_IOC_NONE, 0, 0x1b, 0), 0x7ffe7bfa1cc0) = 0
3113779 ioctl(9, _IOC(_IOC_NONE, 0, 0x1b, 0), 0x7ffe7bfa1cc0) = 0
3113779 ioctl(8, _IOC(_IOC_READ|_IOC_WRITE, 0x46, 0x2a, 0x20), 0x7ffe7bfa0bd0) = 0
3113779 openat(AT_FDCWD, "/dev/nvidia0", O_RDWR|O_CLOEXEC) = 25
3113779 ioctl(25, _IOC(_IOC_READ|_IOC_WRITE, 0x46, 0xc9, 0x4), 0x7ffe7bfa1bc0) = 0
3113779 ioctl(25, _IOC(_IOC_READ|_IOC_WRITE, 0x46, 0xce, 0x10), 0x7ffe7bfa1bb0) = 0
3113779 ioctl(25, _IOC(_IOC_READ|_IOC_WRITE, 0x46, 0x2b, 0x30), 0x7ffe7bfa1ba0) = 0
3113779 ioctl(8, _IOC(_IOC_READ|_IOC_WRITE, 0x46, 0x2b, 0x30), 0x7ffe7bfa1b10) = 0
3113779 ioctl(8, _IOC(_IOC_READ|_IOC_WRITE, 0x46, 0x2b, 0x30), 0x7ffe7bfa0b60) = 0
3113779 ioctl(8, _IOC(_IOC_READ|_IOC_WRITE, 0x46, 0x2a, 0x20), 0x7ffe7bf9fa20) = 0
3113779 openat(AT_FDCWD, "/dev/nvidiactl", O_RDWR|O_CLOEXEC) = 27
3113779 ioctl(8, _IOC(_IOC_READ|_IOC_WRITE, 0x46, 0x4e, 0x38), 0x7ffe7bfa0be0) = 0
3113779 close(27)                       = 0
3113779 ioctl(8, _IOC(_IOC_READ|_IOC_WRITE, 0x46, 0x2b, 0x30), 0x7ffe7bfa1500) = 0
3113779 ioctl(8, _IOC(_IOC_READ|_IOC_WRITE, 0x46, 0x2a, 0x20), 0x7ffe7bfa0570) = 0
3113779 ioctl(8, _IOC(_IOC_READ|_IOC_WRITE, 0x46, 0x2b, 0x30), 0x7ffe7bfa1610) = 0
3113779 ioctl(8, _IOC(_IOC_READ|_IOC_WRITE, 0x46, 0x2a, 0x20), 0x7ffe7bfa0530) = 0
3113779 ioctl(8, _IOC(_IOC_READ|_IOC_WRITE, 0x46, 0x2a, 0x20), 0x7ffe7bfa0580) = 0
3113779 ioctl(8, _IOC(_IOC_READ|_IOC_WRITE, 0x46, 0x2b, 0x30), 0x7ffe7bfa0b60) = 0
3113779 ioctl(8, _IOC(_IOC_READ|_IOC_WRITE, 0x46, 0x2a, 0x20), 0x7ffe7bf9fa20) = 0
3113779 openat(AT_FDCWD, "/dev/nvidiactl", O_RDWR|O_CLOEXEC) = 27
3113779 ioctl(8, _IOC(_IOC_READ|_IOC_WRITE, 0x46, 0x4e, 0x38), 0x7ffe7bfa0be0) = 0
3113779 close(27)                       = 0
3113779 ioctl(8, _IOC(_IOC_READ|_IOC_WRITE, 0x46, 0x2b, 0x30), 0x7ffe7bfa1500) = 0
3113779 ioctl(8, _IOC(_IOC_READ|_IOC_WRITE, 0x46, 0x2a, 0x20), 0x7ffe7bfa0570) = 0
3113779 ioctl(8, _IOC(_IOC_READ|_IOC_WRITE, 0x46, 0x2b, 0x30), 0x7ffe7bfa1610) = 0
3113779 ioctl(8, _IOC(_IOC_READ|_IOC_WRITE, 0x46, 0x2a, 0x20), 0x7ffe7bfa0530) = 0
3113779 ioctl(8, _IOC(_IOC_READ|_IOC_WRITE, 0x46, 0x2a, 0x20), 0x7ffe7bfa0580) = 0
3113779 ioctl(8, _IOC(_IOC_READ|_IOC_WRITE, 0x46, 0x2b, 0x30), 0x7ffe7bfa0b60) = 0
3113779 ioctl(8, _IOC(_IOC_READ|_IOC_WRITE, 0x46, 0x2a, 0x20), 0x7ffe7bf9fa20) = 0
3113779 openat(AT_FDCWD, "/dev/nvidiactl", O_RDWR|O_CLOEXEC) = 27
3113779 ioctl(8, _IOC(_IOC_READ|_IOC_WRITE, 0x46, 0x4e, 0x38), 0x7ffe7bfa0be0) = 0
3113779 close(27)                       = 0
3113779 ioctl(8, _IOC(_IOC_READ|_IOC_WRITE, 0x46, 0x2b, 0x30), 0x7ffe7bfa1500) = 0
3113779 ioctl(8, _IOC(_IOC_READ|_IOC_WRITE, 0x46, 0x2a, 0x20), 0x7ffe7bfa0570) = 0
3113779 ioctl(8, _IOC(_IOC_READ|_IOC_WRITE, 0x46, 0x2b, 0x30), 0x7ffe7bfa1610) = 0
3113779 ioctl(8, _IOC(_IOC_READ|_IOC_WRITE, 0x46, 0x2a, 0x20), 0x7ffe7bfa0530) = 0
3113779 ioctl(8, _IOC(_IOC_READ|_IOC_WRITE, 0x46, 0x2a, 0x20), 0x7ffe7bfa0580) = 0
3113779 ioctl(8, _IOC(_IOC_READ|_IOC_WRITE, 0x46, 0x2b, 0x30), 0x7ffe7bfa0b60) = 0
3113779 ioctl(8, _IOC(_IOC_READ|_IOC_WRITE, 0x46, 0x2a, 0x20), 0x7ffe7bf9fa20) = 0
3113779 openat(AT_FDCWD, "/dev/nvidiactl", O_RDWR|O_CLOEXEC) = 27
3113779 ioctl(8, _IOC(_IOC_READ|_IOC_WRITE, 0x46, 0x4e, 0x38), 0x7ffe7bfa0be0) = 0
3113779 close(27)                       = 0
3113779 ioctl(8, _IOC(_IOC_READ|_IOC_WRITE, 0x46, 0x2b, 0x30), 0x7ffe7bfa1500) = 0
3113779 ioctl(8, _IOC(_IOC_READ|_IOC_WRITE, 0x46, 0x2a, 0x20), 0x7ffe7bfa0570) = 0
3113779 ioctl(8, _IOC(_IOC_READ|_IOC_WRITE, 0x46, 0x2b, 0x30), 0x7ffe7bfa1610) = 0
3113779 ioctl(8, _IOC(_IOC_READ|_IOC_WRITE, 0x46, 0x2a, 0x20), 0x7ffe7bfa0530) = 0
3113779 ioctl(8, _IOC(_IOC_READ|_IOC_WRITE, 0x46, 0x2a, 0x20), 0x7ffe7bfa0580) = 0
3113779 ioctl(9, _IOC(_IOC_NONE, 0, 0x1b, 0), 0x7ffe7bfa1cc0) = 0
3113779 ioctl(9, _IOC(_IOC_NONE, 0, 0x1b, 0), 0x7ffe7bfa1cc0) = 0
3113779 ioctl(9, _IOC(_IOC_NONE, 0, 0x1b, 0), 0x7ffe7bfa1cc0) = 0
3113779 ioctl(9, _IOC(_IOC_NONE, 0, 0x1b, 0), 0x7ffe7bfa1cc0) = 0
3113779 ioctl(8, _IOC(_IOC_READ|_IOC_WRITE, 0x46, 0x2a, 0x20), 0x7ffe7bfa0bd0) = 0
3113779 openat(AT_FDCWD, "/dev/nvidia0", O_RDWR|O_CLOEXEC) = 27
3113779 ioctl(27, _IOC(_IOC_READ|_IOC_WRITE, 0x46, 0xc9, 0x4), 0x7ffe7bfa1bc0) = 0
3113779 ioctl(27, _IOC(_IOC_READ|_IOC_WRITE, 0x46, 0xce, 0x10), 0x7ffe7bfa1bb0) = 0
3113779 ioctl(27, _IOC(_IOC_READ|_IOC_WRITE, 0x46, 0x2b, 0x30), 0x7ffe7bfa1ba0) = 0
3113779 ioctl(8, _IOC(_IOC_READ|_IOC_WRITE, 0x46, 0x2b, 0x30), 0x7ffe7bfa0fa0) = 0
3113779 ioctl(8, _IOC(_IOC_READ|_IOC_WRITE, 0x46, 0x2a, 0x20), 0x7ffe7bf9fe60) = 0
3113779 openat(AT_FDCWD, "/dev/nvidiactl", O_RDWR|O_CLOEXEC) = 29
3113779 ioctl(8, _IOC(_IOC_READ|_IOC_WRITE, 0x46, 0x4e, 0x38), 0x7ffe7bfa1020) = 0
3113779 close(29)                       = 0
3113779 ioctl(9, _IOC(_IOC_NONE, 0, 0x49, 0), 0x7ffe7bfa0c80) = 0
3113779 ioctl(9, _IOC(_IOC_NONE, 0, 0x21, 0), 0x7ffe7bf9e870) = 0
3113779 ioctl(8, _IOC(_IOC_READ|_IOC_WRITE, 0x46, 0x2b, 0x30), 0x7ffe7bfa1040) = 0
3113779 ioctl(9, _IOC(_IOC_NONE, 0, 0x49, 0), 0x7ffe7bfa0d20) = 0
3113779 ioctl(9, _IOC(_IOC_NONE, 0, 0x21, 0), 0x7ffe7bf9e910) = 0
3113779 ioctl(9, _IOC(_IOC_NONE, 0, 0x44, 0), 0x7ffe7bf9e7d0) = 0
3113779 ioctl(9, _IOC(_IOC_NONE, 0, 0x48, 0), 0x7ffe7bf9e2a0) = 0
3113779 ioctl(9, _IOC(_IOC_NONE, 0, 0x17, 0), 0x7ffe7bfa1df0) = 0
3113779 ioctl(9, _IOC(_IOC_NONE, 0, 0x17, 0), 0x7ffe7bfa1df0) = 0
3113779 ioctl(9, _IOC(_IOC_NONE, 0, 0x17, 0), 0x7ffe7bfa1df0) = 0
3113779 ioctl(9, _IOC(_IOC_NONE, 0, 0x17, 0), 0x7ffe7bfa1df0) = 0
3113779 ioctl(9, _IOC(_IOC_NONE, 0, 0x17, 0), 0x7ffe7bfa1df0) = 0
3113779 ioctl(9, _IOC(_IOC_NONE, 0, 0x17, 0), 0x7ffe7bfa1df0) = 0
3113779 ioctl(9, _IOC(_IOC_NONE, 0, 0x17, 0), 0x7ffe7bfa1df0) = 0
3113779 ioctl(9, _IOC(_IOC_NONE, 0, 0x17, 0), 0x7ffe7bfa1df0) = 0
3113779 ioctl(9, _IOC(_IOC_NONE, 0, 0x17, 0), 0x7ffe7bfa1df0) = 0
3113779 ioctl(8, _IOC(_IOC_READ|_IOC_WRITE, 0x46, 0x2b, 0x30), 0x7ffe7bfa0e80) = 0
3113779 ioctl(8, _IOC(_IOC_READ|_IOC_WRITE, 0x46, 0x2a, 0x20), 0x7ffe7bf9fd40) = 0
3113779 openat(AT_FDCWD, "/dev/nvidiactl", O_RDWR|O_CLOEXEC) = 30
3113779 ioctl(8, _IOC(_IOC_READ|_IOC_WRITE, 0x46, 0x4e, 0x38), 0x7ffe7bfa0f00) = 0
3113779 close(30)                       = 0
3113779 ioctl(9, _IOC(_IOC_NONE, 0, 0x49, 0), 0x7ffe7bfa0b60) = 0
3113779 ioctl(9, _IOC(_IOC_NONE, 0, 0x21, 0), 0x7ffe7bf9e750) = 0
3113779 ioctl(13, _IOC(_IOC_READ|_IOC_WRITE, 0x46, 0x27, 0x38), 0x7ffe7bfa0e70) = 0
3113779 ioctl(9, _IOC(_IOC_NONE, 0, 0x49, 0), 0x7ffe7bfa0b60) = 0
3113779 ioctl(9, _IOC(_IOC_NONE, 0, 0x21, 0), 0x7ffe7bf9e750) = 0
3113779 ioctl(8, _IOC(_IOC_READ|_IOC_WRITE, 0x46, 0x2b, 0x30), 0x7ffe7bfa11d0) = 0
3113779 ioctl(9, _IOC(_IOC_NONE, 0, 0x49, 0), 0x7ffe7bfa0eb0) = 0
3113779 ioctl(9, _IOC(_IOC_NONE, 0, 0x21, 0), 0x7ffe7bf9eaa0) = 0
3113779 ioctl(13, _IOC(_IOC_READ|_IOC_WRITE, 0x46, 0x27, 0x38), 0x7ffe7bfa0f70) = 0
3113779 ioctl(9, _IOC(_IOC_NONE, 0, 0x49, 0), 0x7ffe7bfa0c60) = 0
3113779 ioctl(9, _IOC(_IOC_NONE, 0, 0x21, 0), 0x7ffe7bf9e850) = 0
3113779 ioctl(8, _IOC(_IOC_READ|_IOC_WRITE, 0x46, 0x2b, 0x30), 0x7ffe7bfa0f80) = 0
3113779 ioctl(9, _IOC(_IOC_NONE, 0, 0x49, 0), 0x7ffe7bfa0c60) = 0
3113779 ioctl(9, _IOC(_IOC_NONE, 0, 0x21, 0), 0x7ffe7bf9e850) = 0
3113779 ioctl(9, _IOC(_IOC_NONE, 0, 0x41, 0), 0x7ffe7bfa1090) = 0
3113779 ioctl(13, _IOC(_IOC_READ|_IOC_WRITE, 0x46, 0x27, 0x38), 0x7ffe7bfa13b0) = 0
3113779 ioctl(9, _IOC(_IOC_NONE, 0, 0x49, 0), 0x7ffe7bfa10a0) = 0
3113779 ioctl(9, _IOC(_IOC_NONE, 0, 0x21, 0), 0x7ffe7bf9ec90) = 0
3113779 ioctl(13, _IOC(_IOC_READ|_IOC_WRITE, 0x46, 0x27, 0x38), 0x7ffe7bfa1180) = 0
3113779 ioctl(9, _IOC(_IOC_NONE, 0, 0x49, 0), 0x7ffe7bfa0e70) = 0
3113779 ioctl(9, _IOC(_IOC_NONE, 0, 0x21, 0), 0x7ffe7bf9ea60) = 0
3113779 ioctl(8, _IOC(_IOC_READ|_IOC_WRITE, 0x46, 0x2b, 0x30), 0x7ffe7bfa0870) = 0
3113779 ioctl(9, _IOC(_IOC_NONE, 0, 0x49, 0), 0x7ffe7bfa0550) = 0
3113779 ioctl(9, _IOC(_IOC_NONE, 0, 0x21, 0), 0x7ffe7bf9e140) = 0
3113779 ioctl(8, _IOC(_IOC_READ|_IOC_WRITE, 0x46, 0x2b, 0x30), 0x7ffe7bfa1180) = 0
3113779 ioctl(8, _IOC(_IOC_READ|_IOC_WRITE, 0x46, 0x2a, 0x20), 0x7ffe7bfa0040) = 0
3113779 openat(AT_FDCWD, "/dev/nvidiactl", O_RDWR|O_CLOEXEC) = 30
3113779 ioctl(8, _IOC(_IOC_READ|_IOC_WRITE, 0x46, 0x4e, 0x38), 0x7ffe7bfa1200) = 0
3113779 close(30)                       = 0
3113779 ioctl(9, _IOC(_IOC_NONE, 0, 0x49, 0), 0x7ffe7bfa0e60) = 0
3113779 ioctl(9, _IOC(_IOC_NONE, 0, 0x21, 0), 0x7ffe7bf9ea50) = 0
3113779 ioctl(13, _IOC(_IOC_READ|_IOC_WRITE, 0x46, 0x27, 0x38), 0x7ffe7bfa1160) = 0
3113779 ioctl(9, _IOC(_IOC_NONE, 0, 0x49, 0), 0x7ffe7bfa0e50) = 0
3113779 ioctl(9, _IOC(_IOC_NONE, 0, 0x21, 0), 0x7ffe7bf9ea40) = 0
3113779 ioctl(8, _IOC(_IOC_READ|_IOC_WRITE, 0x46, 0x2b, 0x30), 0x7ffe7bfa1e70) = 0
3113779 ioctl(8, _IOC(_IOC_READ|_IOC_WRITE, 0x46, 0x2b, 0x30), 0x7ffe7bfa1000) = 0
3113779 ioctl(8, _IOC(_IOC_READ|_IOC_WRITE, 0x46, 0x2a, 0x20), 0x7ffe7bf9fec0) = 0
3113779 openat(AT_FDCWD, "/dev/nvidiactl", O_RDWR|O_CLOEXEC) = 30
3113779 ioctl(8, _IOC(_IOC_READ|_IOC_WRITE, 0x46, 0x4e, 0x38), 0x7ffe7bfa1080) = 0
3113779 close(30)                       = 0
3113779 ioctl(9, _IOC(_IOC_NONE, 0, 0x49, 0), 0x7ffe7bfa0ce0) = 0
3113779 ioctl(9, _IOC(_IOC_NONE, 0, 0x21, 0), 0x7ffe7bf9e8d0) = 0
3113779 ioctl(8, _IOC(_IOC_READ|_IOC_WRITE, 0x46, 0x2b, 0x30), 0x7ffe7bfa1140) = 0
3113779 ioctl(9, _IOC(_IOC_NONE, 0, 0x49, 0), 0x7ffe7bfa0e20) = 0
3113779 ioctl(9, _IOC(_IOC_NONE, 0, 0x21, 0), 0x7ffe7bf9ea10) = 0
3113779 ioctl(8, _IOC(_IOC_READ|_IOC_WRITE, 0x46, 0x2b, 0x30), 0x7ffe7bfa1140) = 0
3113779 ioctl(9, _IOC(_IOC_NONE, 0, 0x49, 0), 0x7ffe7bfa0e20) = 0
3113779 ioctl(9, _IOC(_IOC_NONE, 0, 0x21, 0), 0x7ffe7bf9ea10) = 0
3113779 ioctl(8, _IOC(_IOC_READ|_IOC_WRITE, 0x46, 0x2b, 0x30), 0x7ffe7bfa0840) = 0
3113779 ioctl(9, _IOC(_IOC_NONE, 0, 0x49, 0), 0x7ffe7bfa0520) = 0
3113779 ioctl(9, _IOC(_IOC_NONE, 0, 0x21, 0), 0x7ffe7bf9e110) = 0
3113779 openat(AT_FDCWD, "/dev/nvidia0", O_RDWR|O_CLOEXEC) = 30
3113779 ioctl(30, _IOC(_IOC_READ|_IOC_WRITE, 0x46, 0xc9, 0x4), 0x7ffe7bfa1d20) = 0
3113779 ioctl(30, _IOC(_IOC_READ|_IOC_WRITE, 0x46, 0xce, 0x10), 0x7ffe7bfa1d10) = 0
3113779 ioctl(30, _IOC(_IOC_READ|_IOC_WRITE, 0x46, 0x2b, 0x30), 0x7ffe7bfa1d00) = 0
3113779 openat(AT_FDCWD, "/dev/nvidia0", O_RDWR|O_CLOEXEC) = 32
3113779 ioctl(32, _IOC(_IOC_READ|_IOC_WRITE, 0x46, 0xc9, 0x4), 0x7ffe7bfa1d20) = 0
3113779 ioctl(32, _IOC(_IOC_READ|_IOC_WRITE, 0x46, 0xce, 0x10), 0x7ffe7bfa1d10) = 0
3113779 ioctl(32, _IOC(_IOC_READ|_IOC_WRITE, 0x46, 0x2b, 0x30), 0x7ffe7bfa1d00) = 0
3113779 openat(AT_FDCWD, "/dev/nvidia0", O_RDWR|O_CLOEXEC) = 34
3113779 ioctl(34, _IOC(_IOC_READ|_IOC_WRITE, 0x46, 0xc9, 0x4), 0x7ffe7bfa1d20) = 0
3113779 ioctl(34, _IOC(_IOC_READ|_IOC_WRITE, 0x46, 0xce, 0x10), 0x7ffe7bfa1d10) = 0
3113779 ioctl(34, _IOC(_IOC_READ|_IOC_WRITE, 0x46, 0x2b, 0x30), 0x7ffe7bfa1d00) = 0
3113779 openat(AT_FDCWD, "/dev/nvidia0", O_RDWR|O_CLOEXEC) = 36
3113779 ioctl(36, _IOC(_IOC_READ|_IOC_WRITE, 0x46, 0xc9, 0x4), 0x7ffe7bfa1d20) = 0
3113779 ioctl(36, _IOC(_IOC_READ|_IOC_WRITE, 0x46, 0xce, 0x10), 0x7ffe7bfa1d10) = 0
3113779 ioctl(36, _IOC(_IOC_READ|_IOC_WRITE, 0x46, 0x2b, 0x30), 0x7ffe7bfa1d00) = 0
3113779 ioctl(8, _IOC(_IOC_READ|_IOC_WRITE, 0x46, 0x2a, 0x20), 0x7ffe7bfa0c70) = 0
3113779 ioctl(8, _IOC(_IOC_READ|_IOC_WRITE, 0x46, 0x2a, 0x20), 0x7ffe7bfa0d20) = 0
3113779 ioctl(8, _IOC(_IOC_READ|_IOC_WRITE, 0x46, 0x2a, 0x20), 0x7ffe7bfa0db0) = 0
3113779 ioctl(8, _IOC(_IOC_READ|_IOC_WRITE, 0x46, 0x2b, 0x30), 0x7ffe7bfa1120) = 0
3113779 ioctl(9, _IOC(_IOC_NONE, 0, 0x49, 0), 0x7ffe7bfa0e00) = 0
3113779 ioctl(9, _IOC(_IOC_NONE, 0, 0x21, 0), 0x7ffe7bf9e9f0) = 0
3113779 ioctl(8, _IOC(_IOC_READ|_IOC_WRITE, 0x46, 0x2a, 0x20), 0x7ffe7bfa0db0) = 0
3113779 openat(AT_FDCWD, "/proc/self/task/3113798/comm", O_WRONLY|O_CREAT|O_TRUNC, 0666) = 38
3113779 close(38)                       = 0
3113779 ioctl(9, _IOC(_IOC_NONE, 0, 0x22, 0), 0x7ffe7bfa2350) = 0
3113779 ioctl(8, _IOC(_IOC_READ|_IOC_WRITE, 0x46, 0x29, 0x10), 0x7ffe7bfa23f0) = 0
3113779 ioctl(9, _IOC(_IOC_NONE, 0, 0x22, 0), 0x7ffe7bfa2350) = 0
3113779 ioctl(8, _IOC(_IOC_READ|_IOC_WRITE, 0x46, 0x29, 0x10), 0x7ffe7bfa23f0) = 0
3113779 ioctl(8, _IOC(_IOC_READ|_IOC_WRITE, 0x46, 0x29, 0x10), 0x7ffe7bfa2680) = 0
3113779 close(33)                       = 0
3113779 ioctl(32, _IOC(_IOC_READ|_IOC_WRITE, 0x46, 0xcf, 0x10), 0x7ffe7bfa2690) = 0
3113779 close(32)                       = 0
3113779 ioctl(8, _IOC(_IOC_READ|_IOC_WRITE, 0x46, 0x29, 0x10), 0x7ffe7bfa2680) = 0
3113779 close(35)                       = 0
3113779 ioctl(34, _IOC(_IOC_READ|_IOC_WRITE, 0x46, 0xcf, 0x10), 0x7ffe7bfa2690) = 0
3113779 close(34)                       = 0
3113779 ioctl(8, _IOC(_IOC_READ|_IOC_WRITE, 0x46, 0x29, 0x10), 0x7ffe7bfa2680) = 0
3113779 close(31)                       = 0
3113779 ioctl(30, _IOC(_IOC_READ|_IOC_WRITE, 0x46, 0xcf, 0x10), 0x7ffe7bfa2690) = 0
3113779 close(30)                       = 0
3113779 ioctl(8, _IOC(_IOC_READ|_IOC_WRITE, 0x46, 0x29, 0x10), 0x7ffe7bfa2680) = 0
3113779 close(37)                       = 0
3113779 ioctl(36, _IOC(_IOC_READ|_IOC_WRITE, 0x46, 0xcf, 0x10), 0x7ffe7bfa2690) = 0
3113779 close(36)                       = 0
3113779 ioctl(9, _IOC(_IOC_NONE, 0, 0x22, 0), 0x7ffe7bfa22e0) = 0
3113779 ioctl(8, _IOC(_IOC_READ|_IOC_WRITE, 0x46, 0x29, 0x10), 0x7ffe7bfa2380) = 0
3113779 ioctl(9, _IOC(_IOC_NONE, 0, 0x22, 0), 0x7ffe7bfa22e0) = 0
3113779 ioctl(8, _IOC(_IOC_READ|_IOC_WRITE, 0x46, 0x29, 0x10), 0x7ffe7bfa2380) = 0
3113779 ioctl(9, _IOC(_IOC_NONE, 0, 0x22, 0), 0x7ffe7bfa2360) = 0
3113779 ioctl(8, _IOC(_IOC_READ|_IOC_WRITE, 0x46, 0x4f, 0x20), 0x7ffe7bfa2450) = 0
3113779 ioctl(8, _IOC(_IOC_READ|_IOC_WRITE, 0x46, 0x29, 0x10), 0x7ffe7bfa2400) = 0
3113779 ioctl(8, _IOC(_IOC_READ|_IOC_WRITE, 0x46, 0x29, 0x10), 0x7ffe7bfa26e0) = 0
3113779 ioctl(9, _IOC(_IOC_NONE, 0, 0x22, 0), 0x7ffe7bfa2350) = 0
3113779 ioctl(8, _IOC(_IOC_READ|_IOC_WRITE, 0x46, 0x29, 0x10), 0x7ffe7bfa23f0) = 0
3113779 ioctl(9, _IOC(_IOC_NONE, 0, 0x22, 0), 0x7ffe7bfa2350) = 0
3113779 ioctl(8, _IOC(_IOC_READ|_IOC_WRITE, 0x46, 0x4f, 0x20), 0x7ffe7bfa2440) = 0
3113779 ioctl(8, _IOC(_IOC_READ|_IOC_WRITE, 0x46, 0x29, 0x10), 0x7ffe7bfa23f0) = 0
3113779 ioctl(8, _IOC(_IOC_READ|_IOC_WRITE, 0x46, 0x2a, 0x20), 0x7ffe7bfa1340) = 0
3113779 ioctl(9, _IOC(_IOC_NONE, 0, 0x22, 0), 0x7ffe7bfa22b0) = 0
3113779 ioctl(8, _IOC(_IOC_READ|_IOC_WRITE, 0x46, 0x29, 0x10), 0x7ffe7bfa2350) = 0
3113797 +++ exited with 0 +++
3113779 ioctl(8, _IOC(_IOC_READ|_IOC_WRITE, 0x46, 0x2a, 0x20), 0x7ffe7bfa1690) = 0
3113779 close(39)                       = 0
3113779 close(38)                       = 0
3113779 ioctl(9, _IOC(_IOC_NONE, 0, 0x22, 0), 0x7ffe7bfa2390) = 0
3113779 ioctl(9, _IOC(_IOC_NONE, 0, 0x22, 0), 0x7ffe7bfa2390) = 0
3113779 ioctl(8, _IOC(_IOC_READ|_IOC_WRITE, 0x46, 0x29, 0x10), 0x7ffe7bfa2430) = 0
3113779 ioctl(9, _IOC(_IOC_NONE, 0, 0x22, 0), 0x7ffe7bfa2360) = 0
3113779 ioctl(8, _IOC(_IOC_READ|_IOC_WRITE, 0x46, 0x29, 0x10), 0x7ffe7bfa2400) = 0
3113779 ioctl(9, _IOC(_IOC_NONE, 0, 0x22, 0), 0x7ffe7bfa2390) = 0
3113779 ioctl(8, _IOC(_IOC_READ|_IOC_WRITE, 0x46, 0x4f, 0x20), 0x7ffe7bfa2480) = 0
3113779 ioctl(8, _IOC(_IOC_READ|_IOC_WRITE, 0x46, 0x29, 0x10), 0x7ffe7bfa2430) = 0
3113779 ioctl(9, _IOC(_IOC_NONE, 0, 0x18, 0), 0x7ffe7bfa2760) = 0
3113779 ioctl(9, _IOC(_IOC_NONE, 0, 0x18, 0), 0x7ffe7bfa2760) = 0
3113779 ioctl(9, _IOC(_IOC_NONE, 0, 0x18, 0), 0x7ffe7bfa2760) = 0
3113779 ioctl(9, _IOC(_IOC_NONE, 0, 0x18, 0), 0x7ffe7bfa2760) = 0
3113779 ioctl(9, _IOC(_IOC_NONE, 0, 0x18, 0), 0x7ffe7bfa2760) = 0
3113779 ioctl(9, _IOC(_IOC_NONE, 0, 0x18, 0), 0x7ffe7bfa2760) = 0
3113779 ioctl(9, _IOC(_IOC_NONE, 0, 0x18, 0), 0x7ffe7bfa2760) = 0
3113779 ioctl(9, _IOC(_IOC_NONE, 0, 0x18, 0), 0x7ffe7bfa2760) = 0
3113779 ioctl(9, _IOC(_IOC_NONE, 0, 0x18, 0), 0x7ffe7bfa2760) = 0
3113779 ioctl(9, _IOC(_IOC_NONE, 0, 0x22, 0), 0x7ffe7bfa2320) = 0
3113779 ioctl(8, _IOC(_IOC_READ|_IOC_WRITE, 0x46, 0x29, 0x10), 0x7ffe7bfa23c0) = 0
3113779 ioctl(8, _IOC(_IOC_READ|_IOC_WRITE, 0x46, 0x2a, 0x20), 0x7ffe7bfa1690) = 0
3113779 ioctl(9, _IOC(_IOC_NONE, 0, 0x22, 0), 0x7ffe7bfa2390) = 0
3113779 ioctl(8, _IOC(_IOC_READ|_IOC_WRITE, 0x46, 0x29, 0x10), 0x7ffe7bfa2430) = 0
3113779 close(29)                       = 0
3113779 ioctl(8, _IOC(_IOC_READ|_IOC_WRITE, 0x46, 0x29, 0x10), 0x7ffe7bfa2640) = 0
3113779 close(22)                       = 0
3113779 ioctl(21, _IOC(_IOC_READ|_IOC_WRITE, 0x46, 0xcf, 0x10), 0x7ffe7bfa2650) = 0
3113779 close(21)                       = 0
3113779 ioctl(9, _IOC(_IOC_NONE, 0, 0x1c, 0), 0x7ffe7bfa26c0) = 0
3113779 ioctl(9, _IOC(_IOC_NONE, 0, 0x1c, 0), 0x7ffe7bfa26c0) = 0
3113779 ioctl(9, _IOC(_IOC_NONE, 0, 0x1c, 0), 0x7ffe7bfa26c0) = 0
3113779 ioctl(9, _IOC(_IOC_NONE, 0, 0x1c, 0), 0x7ffe7bfa26c0) = 0
3113779 ioctl(9, _IOC(_IOC_NONE, 0, 0x1c, 0), 0x7ffe7bfa26c0) = 0
3113779 ioctl(9, _IOC(_IOC_NONE, 0, 0x1c, 0), 0x7ffe7bfa26c0) = 0
3113779 ioctl(9, _IOC(_IOC_NONE, 0, 0x1c, 0), 0x7ffe7bfa26c0) = 0
3113779 ioctl(9, _IOC(_IOC_NONE, 0, 0x1c, 0), 0x7ffe7bfa26c0) = 0
3113779 ioctl(8, _IOC(_IOC_READ|_IOC_WRITE, 0x46, 0x29, 0x10), 0x7ffe7bfa25d0) = 0
3113779 ioctl(8, _IOC(_IOC_READ|_IOC_WRITE, 0x46, 0x29, 0x10), 0x7ffe7bfa25d0) = 0
3113779 ioctl(8, _IOC(_IOC_READ|_IOC_WRITE, 0x46, 0x29, 0x10), 0x7ffe7bfa2600) = 0
3113779 ioctl(8, _IOC(_IOC_READ|_IOC_WRITE, 0x46, 0x4f, 0x20), 0x7ffe7bfa2370) = 0
3113779 ioctl(8, _IOC(_IOC_READ|_IOC_WRITE, 0x46, 0x29, 0x10), 0x7ffe7bfa2320) = 0
3113779 ioctl(8, _IOC(_IOC_READ|_IOC_WRITE, 0x46, 0x29, 0x10), 0x7ffe7bfa25d0) = 0
3113779 ioctl(8, _IOC(_IOC_READ|_IOC_WRITE, 0x46, 0x29, 0x10), 0x7ffe7bfa25d0) = 0
3113779 ioctl(8, _IOC(_IOC_READ|_IOC_WRITE, 0x46, 0x29, 0x10), 0x7ffe7bfa2600) = 0
3113779 ioctl(8, _IOC(_IOC_READ|_IOC_WRITE, 0x46, 0x4f, 0x20), 0x7ffe7bfa2370) = 0
3113779 ioctl(8, _IOC(_IOC_READ|_IOC_WRITE, 0x46, 0x29, 0x10), 0x7ffe7bfa2320) = 0
3113779 ioctl(8, _IOC(_IOC_READ|_IOC_WRITE, 0x46, 0x29, 0x10), 0x7ffe7bfa25d0) = 0
3113779 ioctl(8, _IOC(_IOC_READ|_IOC_WRITE, 0x46, 0x29, 0x10), 0x7ffe7bfa25d0) = 0
3113779 ioctl(8, _IOC(_IOC_READ|_IOC_WRITE, 0x46, 0x29, 0x10), 0x7ffe7bfa2600) = 0
3113779 ioctl(8, _IOC(_IOC_READ|_IOC_WRITE, 0x46, 0x4f, 0x20), 0x7ffe7bfa2370) = 0
3113779 ioctl(8, _IOC(_IOC_READ|_IOC_WRITE, 0x46, 0x29, 0x10), 0x7ffe7bfa2320) = 0
3113779 ioctl(8, _IOC(_IOC_READ|_IOC_WRITE, 0x46, 0x29, 0x10), 0x7ffe7bfa25d0) = 0
3113779 ioctl(8, _IOC(_IOC_READ|_IOC_WRITE, 0x46, 0x29, 0x10), 0x7ffe7bfa25d0) = 0
3113779 ioctl(8, _IOC(_IOC_READ|_IOC_WRITE, 0x46, 0x29, 0x10), 0x7ffe7bfa2600) = 0
3113779 ioctl(8, _IOC(_IOC_READ|_IOC_WRITE, 0x46, 0x4f, 0x20), 0x7ffe7bfa2370) = 0
3113779 ioctl(8, _IOC(_IOC_READ|_IOC_WRITE, 0x46, 0x29, 0x10), 0x7ffe7bfa2320) = 0
3113779 ioctl(8, _IOC(_IOC_READ|_IOC_WRITE, 0x46, 0x29, 0x10), 0x7ffe7bfa25d0) = 0
3113779 ioctl(8, _IOC(_IOC_READ|_IOC_WRITE, 0x46, 0x29, 0x10), 0x7ffe7bfa25d0) = 0
3113779 ioctl(8, _IOC(_IOC_READ|_IOC_WRITE, 0x46, 0x29, 0x10), 0x7ffe7bfa2600) = 0
3113779 ioctl(8, _IOC(_IOC_READ|_IOC_WRITE, 0x46, 0x4f, 0x20), 0x7ffe7bfa2370) = 0
3113779 ioctl(8, _IOC(_IOC_READ|_IOC_WRITE, 0x46, 0x29, 0x10), 0x7ffe7bfa2320) = 0
3113779 ioctl(8, _IOC(_IOC_READ|_IOC_WRITE, 0x46, 0x29, 0x10), 0x7ffe7bfa25d0) = 0
3113779 ioctl(8, _IOC(_IOC_READ|_IOC_WRITE, 0x46, 0x29, 0x10), 0x7ffe7bfa25d0) = 0
3113779 ioctl(8, _IOC(_IOC_READ|_IOC_WRITE, 0x46, 0x29, 0x10), 0x7ffe7bfa2600) = 0
3113779 ioctl(8, _IOC(_IOC_READ|_IOC_WRITE, 0x46, 0x4f, 0x20), 0x7ffe7bfa2370) = 0
3113779 ioctl(8, _IOC(_IOC_READ|_IOC_WRITE, 0x46, 0x29, 0x10), 0x7ffe7bfa2320) = 0
3113779 ioctl(8, _IOC(_IOC_READ|_IOC_WRITE, 0x46, 0x29, 0x10), 0x7ffe7bfa25d0) = 0
3113779 ioctl(8, _IOC(_IOC_READ|_IOC_WRITE, 0x46, 0x29, 0x10), 0x7ffe7bfa25d0) = 0
3113779 ioctl(8, _IOC(_IOC_READ|_IOC_WRITE, 0x46, 0x29, 0x10), 0x7ffe7bfa2600) = 0
3113779 ioctl(8, _IOC(_IOC_READ|_IOC_WRITE, 0x46, 0x4f, 0x20), 0x7ffe7bfa2370) = 0
3113779 ioctl(8, _IOC(_IOC_READ|_IOC_WRITE, 0x46, 0x29, 0x10), 0x7ffe7bfa2320) = 0
3113779 ioctl(8, _IOC(_IOC_READ|_IOC_WRITE, 0x46, 0x29, 0x10), 0x7ffe7bfa25d0) = 0
3113779 ioctl(8, _IOC(_IOC_READ|_IOC_WRITE, 0x46, 0x29, 0x10), 0x7ffe7bfa25d0) = 0
3113779 ioctl(8, _IOC(_IOC_READ|_IOC_WRITE, 0x46, 0x29, 0x10), 0x7ffe7bfa2600) = 0
3113779 ioctl(8, _IOC(_IOC_READ|_IOC_WRITE, 0x46, 0x4f, 0x20), 0x7ffe7bfa2370) = 0
3113779 ioctl(8, _IOC(_IOC_READ|_IOC_WRITE, 0x46, 0x29, 0x10), 0x7ffe7bfa2320) = 0
3113779 ioctl(8, _IOC(_IOC_READ|_IOC_WRITE, 0x46, 0x29, 0x10), 0x7ffe7bfa2680) = 0
3113779 ioctl(8, _IOC(_IOC_READ|_IOC_WRITE, 0x46, 0x29, 0x10), 0x7ffe7bfa2680) = 0
3113779 ioctl(8, _IOC(_IOC_READ|_IOC_WRITE, 0x46, 0x29, 0x10), 0x7ffe7bfa2640) = 0
3113779 close(24)                       = 0
3113779 ioctl(23, _IOC(_IOC_READ|_IOC_WRITE, 0x46, 0xcf, 0x10), 0x7ffe7bfa2650) = 0
3113779 close(23)                       = 0
3113779 ioctl(9, _IOC(_IOC_NONE, 0, 0x1c, 0), 0x7ffe7bfa26c0) = 0
3113779 ioctl(9, _IOC(_IOC_NONE, 0, 0x1c, 0), 0x7ffe7bfa26c0) = 0
3113779 ioctl(9, _IOC(_IOC_NONE, 0, 0x1c, 0), 0x7ffe7bfa26c0) = 0
3113779 ioctl(9, _IOC(_IOC_NONE, 0, 0x1c, 0), 0x7ffe7bfa26c0) = 0
3113779 ioctl(8, _IOC(_IOC_READ|_IOC_WRITE, 0x46, 0x29, 0x10), 0x7ffe7bfa25d0) = 0
3113779 ioctl(8, _IOC(_IOC_READ|_IOC_WRITE, 0x46, 0x29, 0x10), 0x7ffe7bfa2600) = 0
3113779 ioctl(8, _IOC(_IOC_READ|_IOC_WRITE, 0x46, 0x4f, 0x20), 0x7ffe7bfa2370) = 0
3113779 ioctl(8, _IOC(_IOC_READ|_IOC_WRITE, 0x46, 0x29, 0x10), 0x7ffe7bfa2320) = 0
3113779 ioctl(8, _IOC(_IOC_READ|_IOC_WRITE, 0x46, 0x29, 0x10), 0x7ffe7bfa25d0) = 0
3113779 ioctl(8, _IOC(_IOC_READ|_IOC_WRITE, 0x46, 0x29, 0x10), 0x7ffe7bfa2600) = 0
3113779 ioctl(8, _IOC(_IOC_READ|_IOC_WRITE, 0x46, 0x4f, 0x20), 0x7ffe7bfa2370) = 0
3113779 ioctl(8, _IOC(_IOC_READ|_IOC_WRITE, 0x46, 0x29, 0x10), 0x7ffe7bfa2320) = 0
3113779 ioctl(8, _IOC(_IOC_READ|_IOC_WRITE, 0x46, 0x29, 0x10), 0x7ffe7bfa25d0) = 0
3113779 ioctl(8, _IOC(_IOC_READ|_IOC_WRITE, 0x46, 0x29, 0x10), 0x7ffe7bfa2600) = 0
3113779 ioctl(8, _IOC(_IOC_READ|_IOC_WRITE, 0x46, 0x4f, 0x20), 0x7ffe7bfa2370) = 0
3113779 ioctl(8, _IOC(_IOC_READ|_IOC_WRITE, 0x46, 0x29, 0x10), 0x7ffe7bfa2320) = 0
3113779 ioctl(8, _IOC(_IOC_READ|_IOC_WRITE, 0x46, 0x29, 0x10), 0x7ffe7bfa25d0) = 0
3113779 ioctl(8, _IOC(_IOC_READ|_IOC_WRITE, 0x46, 0x29, 0x10), 0x7ffe7bfa2600) = 0
3113779 ioctl(8, _IOC(_IOC_READ|_IOC_WRITE, 0x46, 0x4f, 0x20), 0x7ffe7bfa2370) = 0
3113779 ioctl(8, _IOC(_IOC_READ|_IOC_WRITE, 0x46, 0x29, 0x10), 0x7ffe7bfa2320) = 0
3113779 ioctl(8, _IOC(_IOC_READ|_IOC_WRITE, 0x46, 0x29, 0x10), 0x7ffe7bfa2680) = 0
3113779 ioctl(8, _IOC(_IOC_READ|_IOC_WRITE, 0x46, 0x29, 0x10), 0x7ffe7bfa2640) = 0
3113779 close(26)                       = 0
3113779 ioctl(25, _IOC(_IOC_READ|_IOC_WRITE, 0x46, 0xcf, 0x10), 0x7ffe7bfa2650) = 0
3113779 close(25)                       = 0
3113779 ioctl(9, _IOC(_IOC_NONE, 0, 0x1c, 0), 0x7ffe7bfa26c0) = 0
3113779 ioctl(9, _IOC(_IOC_NONE, 0, 0x1c, 0), 0x7ffe7bfa26c0) = 0
3113779 ioctl(9, _IOC(_IOC_NONE, 0, 0x1c, 0), 0x7ffe7bfa26c0) = 0
3113779 ioctl(9, _IOC(_IOC_NONE, 0, 0x1c, 0), 0x7ffe7bfa26c0) = 0
3113779 ioctl(8, _IOC(_IOC_READ|_IOC_WRITE, 0x46, 0x29, 0x10), 0x7ffe7bfa25d0) = 0
3113779 ioctl(8, _IOC(_IOC_READ|_IOC_WRITE, 0x46, 0x29, 0x10), 0x7ffe7bfa2600) = 0
3113779 ioctl(8, _IOC(_IOC_READ|_IOC_WRITE, 0x46, 0x4f, 0x20), 0x7ffe7bfa2370) = 0
3113779 ioctl(8, _IOC(_IOC_READ|_IOC_WRITE, 0x46, 0x29, 0x10), 0x7ffe7bfa2320) = 0
3113779 ioctl(8, _IOC(_IOC_READ|_IOC_WRITE, 0x46, 0x29, 0x10), 0x7ffe7bfa25d0) = 0
3113779 ioctl(8, _IOC(_IOC_READ|_IOC_WRITE, 0x46, 0x29, 0x10), 0x7ffe7bfa2600) = 0
3113779 ioctl(8, _IOC(_IOC_READ|_IOC_WRITE, 0x46, 0x4f, 0x20), 0x7ffe7bfa2370) = 0
3113779 ioctl(8, _IOC(_IOC_READ|_IOC_WRITE, 0x46, 0x29, 0x10), 0x7ffe7bfa2320) = 0
3113779 ioctl(8, _IOC(_IOC_READ|_IOC_WRITE, 0x46, 0x29, 0x10), 0x7ffe7bfa25d0) = 0
3113779 ioctl(8, _IOC(_IOC_READ|_IOC_WRITE, 0x46, 0x29, 0x10), 0x7ffe7bfa2600) = 0
3113779 ioctl(8, _IOC(_IOC_READ|_IOC_WRITE, 0x46, 0x4f, 0x20), 0x7ffe7bfa2370) = 0
3113779 ioctl(8, _IOC(_IOC_READ|_IOC_WRITE, 0x46, 0x29, 0x10), 0x7ffe7bfa2320) = 0
3113779 ioctl(8, _IOC(_IOC_READ|_IOC_WRITE, 0x46, 0x29, 0x10), 0x7ffe7bfa25d0) = 0
3113779 ioctl(8, _IOC(_IOC_READ|_IOC_WRITE, 0x46, 0x29, 0x10), 0x7ffe7bfa2600) = 0
3113779 ioctl(8, _IOC(_IOC_READ|_IOC_WRITE, 0x46, 0x4f, 0x20), 0x7ffe7bfa2370) = 0
3113779 ioctl(8, _IOC(_IOC_READ|_IOC_WRITE, 0x46, 0x29, 0x10), 0x7ffe7bfa2320) = 0
3113779 ioctl(8, _IOC(_IOC_READ|_IOC_WRITE, 0x46, 0x29, 0x10), 0x7ffe7bfa2680) = 0
3113779 ioctl(8, _IOC(_IOC_READ|_IOC_WRITE, 0x46, 0x29, 0x10), 0x7ffe7bfa2640) = 0
3113779 close(28)                       = 0
3113779 ioctl(27, _IOC(_IOC_READ|_IOC_WRITE, 0x46, 0xcf, 0x10), 0x7ffe7bfa2650) = 0
3113779 close(27)                       = 0
3113779 ioctl(9, _IOC(_IOC_NONE, 0, 0x1c, 0), 0x7ffe7bfa26c0) = 0
3113779 ioctl(9, _IOC(_IOC_NONE, 0, 0x1c, 0), 0x7ffe7bfa26c0) = 0
3113779 ioctl(9, _IOC(_IOC_NONE, 0, 0x1c, 0), 0x7ffe7bfa26c0) = 0
3113779 ioctl(9, _IOC(_IOC_NONE, 0, 0x1c, 0), 0x7ffe7bfa26c0) = 0
3113779 ioctl(8, _IOC(_IOC_READ|_IOC_WRITE, 0x46, 0x29, 0x10), 0x7ffe7bfa25d0) = 0
3113779 ioctl(8, _IOC(_IOC_READ|_IOC_WRITE, 0x46, 0x29, 0x10), 0x7ffe7bfa2600) = 0
3113779 ioctl(8, _IOC(_IOC_READ|_IOC_WRITE, 0x46, 0x4f, 0x20), 0x7ffe7bfa2370) = 0
3113779 ioctl(8, _IOC(_IOC_READ|_IOC_WRITE, 0x46, 0x29, 0x10), 0x7ffe7bfa2320) = 0
3113779 ioctl(8, _IOC(_IOC_READ|_IOC_WRITE, 0x46, 0x29, 0x10), 0x7ffe7bfa25d0) = 0
3113779 ioctl(8, _IOC(_IOC_READ|_IOC_WRITE, 0x46, 0x29, 0x10), 0x7ffe7bfa2600) = 0
3113779 ioctl(8, _IOC(_IOC_READ|_IOC_WRITE, 0x46, 0x4f, 0x20), 0x7ffe7bfa2370) = 0
3113779 ioctl(8, _IOC(_IOC_READ|_IOC_WRITE, 0x46, 0x29, 0x10), 0x7ffe7bfa2320) = 0
3113779 ioctl(8, _IOC(_IOC_READ|_IOC_WRITE, 0x46, 0x29, 0x10), 0x7ffe7bfa25d0) = 0
3113779 ioctl(8, _IOC(_IOC_READ|_IOC_WRITE, 0x46, 0x29, 0x10), 0x7ffe7bfa2600) = 0
3113779 ioctl(8, _IOC(_IOC_READ|_IOC_WRITE, 0x46, 0x4f, 0x20), 0x7ffe7bfa2370) = 0
3113779 ioctl(8, _IOC(_IOC_READ|_IOC_WRITE, 0x46, 0x29, 0x10), 0x7ffe7bfa2320) = 0
3113779 ioctl(8, _IOC(_IOC_READ|_IOC_WRITE, 0x46, 0x29, 0x10), 0x7ffe7bfa25d0) = 0
3113779 ioctl(8, _IOC(_IOC_READ|_IOC_WRITE, 0x46, 0x29, 0x10), 0x7ffe7bfa2600) = 0
3113779 ioctl(8, _IOC(_IOC_READ|_IOC_WRITE, 0x46, 0x4f, 0x20), 0x7ffe7bfa2370) = 0
3113779 ioctl(8, _IOC(_IOC_READ|_IOC_WRITE, 0x46, 0x29, 0x10), 0x7ffe7bfa2320) = 0
3113779 ioctl(9, _IOC(_IOC_NONE, 0, 0x22, 0), 0x7ffe7bfa2250) = 0
3113779 ioctl(8, _IOC(_IOC_READ|_IOC_WRITE, 0x46, 0x4f, 0x20), 0x7ffe7bfa2340) = 0
3113779 ioctl(8, _IOC(_IOC_READ|_IOC_WRITE, 0x46, 0x29, 0x10), 0x7ffe7bfa22f0) = 0
3113779 ioctl(9, _IOC(_IOC_NONE, 0, 0x22, 0), 0x7ffe7bfa2250) = 0
3113779 ioctl(8, _IOC(_IOC_READ|_IOC_WRITE, 0x46, 0x4f, 0x20), 0x7ffe7bfa2340) = 0
3113779 ioctl(8, _IOC(_IOC_READ|_IOC_WRITE, 0x46, 0x29, 0x10), 0x7ffe7bfa22f0) = 0
3113779 ioctl(8, _IOC(_IOC_READ|_IOC_WRITE, 0x46, 0x29, 0x10), 0x7ffe7bfa2680) = 0
3113798 +++ exited with 0 +++
3113779 close(20)                       = 0
3113779 ioctl(9, _IOC(_IOC_NONE, 0, 0x22, 0), 0x7ffe7bfa2390) = 0
3113779 ioctl(8, _IOC(_IOC_READ|_IOC_WRITE, 0x46, 0x29, 0x10), 0x7ffe7bfa2430) = 0
3113779 ioctl(9, _IOC(_IOC_NONE, 0, 0x22, 0), 0x7ffe7bfa2390) = 0
3113779 ioctl(8, _IOC(_IOC_READ|_IOC_WRITE, 0x46, 0x29, 0x10), 0x7ffe7bfa2430) = 0
3113779 ioctl(9, _IOC(_IOC_NONE, 0, 0x22, 0), 0x7ffe7bfa2360) = 0
3113779 ioctl(8, _IOC(_IOC_READ|_IOC_WRITE, 0x46, 0x29, 0x10), 0x7ffe7bfa2400) = 0
3113779 ioctl(9, _IOC(_IOC_NONE, 0, 0x22, 0), 0x7ffe7bfa2350) = 0
3113779 ioctl(8, _IOC(_IOC_READ|_IOC_WRITE, 0x46, 0x4f, 0x20), 0x7ffe7bfa2440) = 0
3113779 ioctl(8, _IOC(_IOC_READ|_IOC_WRITE, 0x46, 0x29, 0x10), 0x7ffe7bfa23f0) = 0
3113779 ioctl(9, _IOC(_IOC_NONE, 0, 0x22, 0), 0x7ffe7bfa2350) = 0
3113779 ioctl(8, _IOC(_IOC_READ|_IOC_WRITE, 0x46, 0x4f, 0x20), 0x7ffe7bfa2440) = 0
3113779 ioctl(8, _IOC(_IOC_READ|_IOC_WRITE, 0x46, 0x29, 0x10), 0x7ffe7bfa23f0) = 0
3113779 ioctl(9, _IOC(_IOC_NONE, 0, 0x22, 0), 0x7ffe7bfa2360) = 0
3113779 ioctl(8, _IOC(_IOC_READ|_IOC_WRITE, 0x46, 0x29, 0x10), 0x7ffe7bfa2400) = 0
3113779 ioctl(9, _IOC(_IOC_NONE, 0, 0x22, 0), 0x7ffe7bfa2360) = 0
3113779 ioctl(8, _IOC(_IOC_READ|_IOC_WRITE, 0x46, 0x29, 0x10), 0x7ffe7bfa2400) = 0
3113779 ioctl(9, _IOC(_IOC_NONE, 0, 0x22, 0), 0x7ffe7bfa2400) = 0
3113779 ioctl(9, _IOC(_IOC_NONE, 0, 0x22, 0), 0x7ffe7bfa2360) = 0
3113779 ioctl(8, _IOC(_IOC_READ|_IOC_WRITE, 0x46, 0x29, 0x10), 0x7ffe7bfa2400) = 0
3113779 ioctl(9, _IOC(_IOC_NONE, 0, 0x22, 0), 0x7ffe7bfa2360) = 0
3113779 ioctl(8, _IOC(_IOC_READ|_IOC_WRITE, 0x46, 0x29, 0x10), 0x7ffe7bfa2400) = 0
3113779 ioctl(9, _IOC(_IOC_NONE, 0, 0x1a, 0), 0x7ffe7bfa2790) = 0
3113779 ioctl(8, _IOC(_IOC_READ|_IOC_WRITE, 0x46, 0x2a, 0x20), 0x7ffe7bfa1680) = 0
3113780 +++ exited with 0 +++
3113779 +++ exited with 0 +++
