3113803 openat(AT_FDCWD, "/etc/ld.so.cache", O_RDONLY|O_CLOEXEC) = 3
3113803 close(3)                        = 0
3113803 openat(AT_FDCWD, "/lib/x86_64-linux-gnu/libcuda.so.1", O_RDONLY|O_CLOEXEC) = 3
3113803 close(3)                        = 0
3113803 openat(AT_FDCWD, "/lib/x86_64-linux-gnu/libc.so.6", O_RDONLY|O_CLOEXEC) = 3
3113803 close(3)                        = 0
3113803 openat(AT_FDCWD, "/lib/x86_64-linux-gnu/libm.so.6", O_RDONLY|O_CLOEXEC) = 3
3113803 close(3)                        = 0
3113803 openat(AT_FDCWD, "/lib/x86_64-linux-gnu/libdl.so.2", O_RDONLY|O_CLOEXEC) = 3
3113803 close(3)                        = 0
3113803 openat(AT_FDCWD, "/lib/x86_64-linux-gnu/libpthread.so.0", O_RDONLY|O_CLOEXEC) = 3
3113803 close(3)                        = 0
3113803 openat(AT_FDCWD, "/lib/x86_64-linux-gnu/librt.so.1", O_RDONLY|O_CLOEXEC) = 3
3113803 close(3)                        = 0
3113803 openat(AT_FDCWD, "/sys/devices/system/cpu/online", O_RDONLY|O_CLOEXEC) = 3
3113803 close(3)                        = 0
3113803 openat(AT_FDCWD, "/sys/devices/system/cpu/online", O_RDONLY|O_CLOEXEC) = 3
3113803 close(3)                        = 0
3113803 openat(AT_FDCWD, "/proc/sys/vm/mmap_min_addr", O_RDONLY) = 3
3113803 close(3)                        = 0
3113803 openat(AT_FDCWD, "/proc/cpuinfo", O_RDONLY) = 3
3113803 close(3)                        = 0
3113803 openat(AT_FDCWD, "/proc/self/maps", O_RDONLY) = 3
3113803 close(3)                        = 0
3113803 openat(AT_FDCWD, "/sys/devices/system/cpu/online", O_RDONLY|O_CLOEXEC) = 3
3113803 close(3)                        = 0
3113803 openat(AT_FDCWD, "/proc/self/task/3113804/comm", O_WRONLY|O_CREAT|O_TRUNC, 0666) = 8
3113803 close(8)                        = 0
3113803 openat(AT_FDCWD, "/dev/shm/cuda_injection_path_shm", O_RDWR|O_NOFOLLOW|O_CLOEXEC) = -1 ENOENT (No such file or directory)
3113803 openat(AT_FDCWD, "/home/pm3371/.nv/nvidia-application-profile-globals-rc", O_RDONLY) = -1 ENOENT (No such file or directory)
3113803 openat(AT_FDCWD, "/home/pm3371/.nv/nvidia-application-profiles-rc", O_RDONLY) = -1 ENOENT (No such file or directory)
3113803 openat(AT_FDCWD, "/home/pm3371/.nv/nvidia-application-profiles-rc.d", O_RDONLY) = -1 ENOENT (No such file or directory)
3113803 openat(AT_FDCWD, "/etc/nvidia/nvidia-application-profiles-rc", O_RDONLY) = -1 ENOENT (No such file or directory)
3113803 openat(AT_FDCWD, "/etc/nvidia/nvidia-application-profiles-rc.d/", O_RDONLY) = -1 ENOENT (No such file or directory)
3113803 openat(AT_FDCWD, "/usr/share/nvidia/nvidia-application-profiles-555.42.02-rc", O_RDONLY) = 8
3113803 close(8)                        = 0
3113803 openat(AT_FDCWD, "/usr/share/nvidia/nvidia-application-profiles-rc", O_RDONLY) = -1 ENOENT (No such file or directory)
3113803 openat(AT_FDCWD, "/proc/self/cmdline", O_RDONLY) = 8
3113803 close(8)                        = 0
3113803 close(8)                        = 0
3113803 openat(AT_FDCWD, "/proc/modules", O_RDONLY) = 8
3113803 close(8)                        = 0
3113803 openat(AT_FDCWD, "/proc/driver/nvidia/params", O_RDONLY) = 8
3113803 close(8)                        = 0
3113803 openat(AT_FDCWD, "/dev/nvidiactl", O_RDWR) = 8
3113803 openat(AT_FDCWD, "/sys/devices/system/memory/block_size_bytes", O_RDONLY) = 9
3113803 close(9)                        = 0
3113803 ioctl(8, _IOC(_IOC_READ|_IOC_WRITE, 0x46, 0xd6, 0x8), 0x7ffd5edcadf0) = 0
3113803 ioctl(8, _IOC(_IOC_READ|_IOC_WRITE, 0x46, 0xc8, 0x900), 0x7fd43047bae0) = 0
3113803 openat(AT_FDCWD, "/proc/driver/nvidia/params", O_RDONLY) = 9
3113803 close(9)                        = 0
3113803 ioctl(8, _IOC(_IOC_READ|_IOC_WRITE, 0x46, 0x2b, 0x20), 0x7ffd5edcaf40) = 0
3113803 ioctl(8, _IOC(_IOC_READ|_IOC_WRITE, 0x46, 0x2a, 0x20), 0x7ffd5edc9e40) = 0
3113803 ioctl(8, _IOC(_IOC_READ|_IOC_WRITE, 0x46, 0x29, 0x10), 0x7ffd5edcaf20) = 0
3113803 close(8)                        = 0
3113803 openat(AT_FDCWD, "/proc/modules", O_RDONLY) = 8
3113803 close(8)                        = 0
3113803 openat(AT_FDCWD, "/proc/driver/nvidia/params", O_RDONLY) = 8
3113803 close(8)                        = 0
3113803 openat(AT_FDCWD, "/dev/nvidiactl", O_RDWR) = 8
3113803 openat(AT_FDCWD, "/sys/devices/system/memory/block_size_bytes", O_RDONLY) = 9
3113803 close(9)                        = 0
3113803 ioctl(8, _IOC(_IOC_READ|_IOC_WRITE, 0x46, 0xd6, 0x8), 0x7ffd5edcb3b0) = 0
3113803 ioctl(8, _IOC(_IOC_READ|_IOC_WRITE, 0x46, 0xc8, 0x900), 0x7fd43047bae0) = 0
3113803 openat(AT_FDCWD, "/proc/driver/nvidia/params", O_RDONLY) = 9
3113803 close(9)                        = 0
3113803 ioctl(8, _IOC(_IOC_READ|_IOC_WRITE, 0x46, 0x2b, 0x20), 0x7ffd5edcb500) = 0
3113803 ioctl(8, _IOC(_IOC_READ|_IOC_WRITE, 0x46, 0x2a, 0x20), 0x7ffd5edca3c0) = 0
3113803 ioctl(8, _IOC(_IOC_READ|_IOC_WRITE, 0x46, 0x2a, 0x20), 0x7ffd5edca3c0) = 0
3113803 ioctl(8, _IOC(_IOC_READ|_IOC_WRITE, 0x46, 0x2b, 0x30), 0x7ffd5edcb4f0) = 0
3113803 ioctl(8, _IOC(_IOC_READ|_IOC_WRITE, 0x46, 0x2a, 0x20), 0x7ffd5edca3d0) = 0
3113803 openat(AT_FDCWD, "/sys/devices/system/cpu/online", O_RDONLY|O_CLOEXEC) = 9
3113803 close(9)                        = 0
3113803 openat(AT_FDCWD, "/proc/self/status", O_RDONLY) = 9
3113803 close(9)                        = 0
3113803 openat(AT_FDCWD, "/sys/devices/system/node", O_RDONLY|O_NONBLOCK|O_CLOEXEC|O_DIRECTORY) = 9
3113803 openat(AT_FDCWD, "/sys/devices/system/node/node0/cpumap", O_RDONLY) = 10
3113803 close(10)                       = 0
3113803 openat(AT_FDCWD, "/sys/devices/system/node/node1/cpumap", O_RDONLY) = 10
3113803 close(10)                       = 0
3113803 close(9)                        = 0
3113803 openat(AT_FDCWD, "/proc/modules", O_RDONLY) = 9
3113803 close(9)                        = 0
3113803 openat(AT_FDCWD, "/proc/devices", O_RDONLY) = 9
3113803 close(9)                        = 0
3113803 openat(AT_FDCWD, "/dev/nvidia-uvm", O_RDWR|O_CLOEXEC) = 9
3113803 openat(AT_FDCWD, "/dev/nvidia-uvm", O_RDWR|O_CLOEXEC) = 10
3113803 ioctl(9, _IOC(_IOC_NONE, 0, 0x1, 0x3000), 0x7ffd5edcb500) = 0
3113803 ioctl(10, _IOC(_IOC_NONE, 0, 0x4b, 0), 0x7ffd5edcb500) = 0
3113803 close(10)                       = 0
3113803 ioctl(9, _IOC(_IOC_NONE, 0, 0x27, 0), 0x7ffd5edcb500) = 0
3113803 ioctl(8, _IOC(_IOC_READ|_IOC_WRITE, 0x46, 0x2a, 0x20), 0x7ffd5edc8570) = 0
3113803 ioctl(8, _IOC(_IOC_READ|_IOC_WRITE, 0x46, 0x2a, 0x20), 0x7ffd5edc7da0) = 0
3113803 ioctl(8, _IOC(_IOC_READ|_IOC_WRITE, 0x46, 0x2a, 0x20), 0x7ffd5edc84b0) = 0
3113803 openat(AT_FDCWD, "/proc/driver/nvidia/params", O_RDONLY) = 10
3113803 close(10)                       = 0
3113803 openat(AT_FDCWD, "/dev/nvidia0", O_RDWR|O_CLOEXEC) = 10
3113803 ioctl(8, _IOC(_IOC_READ|_IOC_WRITE, 0x46, 0x2a, 0x20), 0x7ffd5edc84b0) = 0
3113803 openat(AT_FDCWD, "/proc/driver/nvidia/params", O_RDONLY) = 11
3113803 close(11)                       = 0
3113803 openat(AT_FDCWD, "/dev/nvidia1", O_RDWR|O_CLOEXEC) = 11
3113803 ioctl(8, _IOC(_IOC_READ|_IOC_WRITE, 0x46, 0x2a, 0x20), 0x7ffd5edc84b0) = 0
3113803 openat(AT_FDCWD, "/proc/driver/nvidia/params", O_RDONLY) = 12
3113803 close(12)                       = 0
3113803 openat(AT_FDCWD, "/dev/nvidia2", O_RDWR|O_CLOEXEC) = 12
3113803 ioctl(8, _IOC(_IOC_READ|_IOC_WRITE, 0x46, 0x2a, 0x20), 0x7ffd5edc84b0) = 0
3113803 openat(AT_FDCWD, "/proc/driver/nvidia/params", O_RDONLY) = 13
3113803 close(13)                       = 0
3113803 openat(AT_FDCWD, "/dev/nvidia3", O_RDWR|O_CLOEXEC) = -1 EIO (Input/output error)
3113803 openat(AT_FDCWD, "/dev/nvidia3", O_RDWR) = -1 EIO (Input/output error)
3113803 ioctl(8, _IOC(_IOC_READ|_IOC_WRITE, 0x46, 0xd1, 0xc), 0x7ffd5edc8384) = 0
3113803 ioctl(8, _IOC(_IOC_READ|_IOC_WRITE, 0x46, 0x2a, 0x20), 0x7ffd5edc8670) = 0
3113803 ioctl(8, _IOC(_IOC_READ|_IOC_WRITE, 0x46, 0x2a, 0x20), 0x7ffd5edc8660) = 0
3113803 ioctl(8, _IOC(_IOC_READ|_IOC_WRITE, 0x46, 0x29, 0x10), 0x7ffd5edc9700) = 0
3113803 ioctl(8, _IOC(_IOC_READ|_IOC_WRITE, 0x46, 0x2a, 0x20), 0x7ffd5edc84f0) = 0
3113803 ioctl(8, _IOC(_IOC_READ|_IOC_WRITE, 0x46, 0x2a, 0x20), 0x7ffd5edc84f0) = 0
3113803 openat(AT_FDCWD, "/proc/driver/nvidia/params", O_RDONLY) = 13
3113803 close(13)                       = 0
3113803 openat(AT_FDCWD, "/dev/nvidia0", O_RDWR|O_CLOEXEC) = 13
3113803 ioctl(13, _IOC(_IOC_READ|_IOC_WRITE, 0x46, 0xc9, 0x4), 0x7ffd5edc9670) = 0
3113803 ioctl(13, _IOC(_IOC_READ|_IOC_WRITE, 0x46, 0xd7, 0x230), 0x7ffd5edc93f0) = 0
3113803 ioctl(8, _IOC(_IOC_READ|_IOC_WRITE, 0x46, 0x2b, 0x30), 0x7ffd5edc9740) = 0
3113803 ioctl(8, _IOC(_IOC_READ|_IOC_WRITE, 0x46, 0x2a, 0x20), 0x7ffd5edc8670) = 0
3113803 ioctl(8, _IOC(_IOC_READ|_IOC_WRITE, 0x46, 0x2a, 0x20), 0x7ffd5edc84d0) = 0
3113803 ioctl(8, _IOC(_IOC_READ|_IOC_WRITE, 0x46, 0x2a, 0x20), 0x7ffd5edc8670) = 0
3113803 ioctl(8, _IOC(_IOC_READ|_IOC_WRITE, 0x46, 0x2a, 0x20), 0x7ffd5edc85e0) = 0
3113803 ioctl(8, _IOC(_IOC_READ|_IOC_WRITE, 0x46, 0x2a, 0x20), 0x7ffd5edc84e0) = 0
3113803 ioctl(8, _IOC(_IOC_READ|_IOC_WRITE, 0x46, 0x2a, 0x20), 0x7ffd5edc84e0) = 0
3113803 openat(AT_FDCWD, "/proc/driver/nvidia/params", O_RDONLY) = 14
3113803 close(14)                       = 0
3113803 openat(AT_FDCWD, "/dev/nvidia0", O_RDWR|O_CLOEXEC) = 14
3113803 ioctl(14, _IOC(_IOC_READ|_IOC_WRITE, 0x46, 0xc9, 0x4), 0x7ffd5edc9660) = 0
3113803 ioctl(8, _IOC(_IOC_READ|_IOC_WRITE, 0x46, 0x2b, 0x30), 0x7ffd5edc9770) = 0
3113803 ioctl(8, _IOC(_IOC_READ|_IOC_WRITE, 0x46, 0x2b, 0x30), 0x7ffd5edc9790) = 0
3113803 ioctl(8, _IOC(_IOC_READ|_IOC_WRITE, 0x46, 0x2a, 0x20), 0x7ffd5edc84c0) = 0
3113803 ioctl(8, _IOC(_IOC_READ|_IOC_WRITE, 0x46, 0x2a, 0x20), 0x7ffd5edc7fc0) = 0
3113803 ioctl(8, _IOC(_IOC_READ|_IOC_WRITE, 0x46, 0x2a, 0x20), 0x7ffd5edc8570) = 0
3113803 ioctl(8, _IOC(_IOC_READ|_IOC_WRITE, 0x46, 0x2a, 0x20), 0x7ffd5edc7be0) = 0
3113803 ioctl(8, _IOC(_IOC_READ|_IOC_WRITE, 0x46, 0x2a, 0x20), 0x7ffd5edc73d0) = 0
3113803 ioctl(8, _IOC(_IOC_READ|_IOC_WRITE, 0x46, 0x2a, 0x20), 0x7ffd5edc7a20) = 0
3113803 ioctl(8, _IOC(_IOC_READ|_IOC_WRITE, 0x46, 0x2a, 0x20), 0x7ffd5edc8290) = 0
3113803 ioctl(8, _IOC(_IOC_READ|_IOC_WRITE, 0x46, 0x2a, 0x20), 0x7ffd5edc8460) = 0
3113803 ioctl(8, _IOC(_IOC_READ|_IOC_WRITE, 0x46, 0x2a, 0x20), 0x7ffd5edc8150) = 0
3113803 ioctl(8, _IOC(_IOC_READ|_IOC_WRITE, 0x46, 0x2a, 0x20), 0x7ffd5edc8150) = 0
3113803 ioctl(8, _IOC(_IOC_READ|_IOC_WRITE, 0x46, 0x2a, 0x20), 0x7ffd5edc8150) = 0
3113803 ioctl(8, _IOC(_IOC_READ|_IOC_WRITE, 0x46, 0x2a, 0x20), 0x7ffd5edc8150) = 0
3113803 ioctl(8, _IOC(_IOC_READ|_IOC_WRITE, 0x46, 0x2a, 0x20), 0x7ffd5edc8150) = 0
3113803 ioctl(8, _IOC(_IOC_READ|_IOC_WRITE, 0x46, 0x2a, 0x20), 0x7ffd5edc7fa0) = 0
3113803 ioctl(8, _IOC(_IOC_READ|_IOC_WRITE, 0x46, 0x2a, 0x20), 0x7ffd5edc82b0) = 0
3113803 ioctl(8, _IOC(_IOC_READ|_IOC_WRITE, 0x46, 0x2a, 0x20), 0x7ffd5edc8350) = 0
3113803 ioctl(8, _IOC(_IOC_READ|_IOC_WRITE, 0x46, 0x2a, 0x20), 0x7ffd5edc8460) = 0
3113803 ioctl(8, _IOC(_IOC_READ|_IOC_WRITE, 0x46, 0x2a, 0x20), 0x7ffd5edc8460) = 0
3113803 ioctl(8, _IOC(_IOC_READ|_IOC_WRITE, 0x46, 0x2a, 0x20), 0x7ffd5edc81b0) = 0
3113803 ioctl(8, _IOC(_IOC_READ|_IOC_WRITE, 0x46, 0x2a, 0x20), 0x7ffd5edc8390) = 0
3113803 ioctl(8, _IOC(_IOC_READ|_IOC_WRITE, 0x46, 0x2a, 0x20), 0x7ffd5edc8390) = 0
3113803 ioctl(8, _IOC(_IOC_READ|_IOC_WRITE, 0x46, 0x2a, 0x20), 0x7ffd5edc8390) = 0
3113803 ioctl(8, _IOC(_IOC_READ|_IOC_WRITE, 0x46, 0x2a, 0x20), 0x7ffd5edc8390) = 0
3113803 ioctl(8, _IOC(_IOC_READ|_IOC_WRITE, 0x46, 0x2a, 0x20), 0x7ffd5edc8390) = 0
3113803 ioctl(8, _IOC(_IOC_READ|_IOC_WRITE, 0x46, 0x2a, 0x20), 0x7ffd5edc8390) = 0
3113803 ioctl(8, _IOC(_IOC_READ|_IOC_WRITE, 0x46, 0x2a, 0x20), 0x7ffd5edc8390) = 0
3113803 ioctl(8, _IOC(_IOC_READ|_IOC_WRITE, 0x46, 0x2a, 0x20), 0x7ffd5edc8380) = 0
3113803 ioctl(8, _IOC(_IOC_READ|_IOC_WRITE, 0x46, 0x2a, 0x20), 0x7ffd5edc8300) = 0
3113803 ioctl(8, _IOC(_IOC_READ|_IOC_WRITE, 0x46, 0x2a, 0x20), 0x7ffd5edc5de0) = 0
3113803 ioctl(8, _IOC(_IOC_READ|_IOC_WRITE, 0x46, 0x2a, 0x20), 0x7ffd5edc6e90) = 0
3113803 ioctl(8, _IOC(_IOC_READ|_IOC_WRITE, 0x46, 0x2a, 0x20), 0x7ffd5edc8490) = 0
3113803 ioctl(8, _IOC(_IOC_READ|_IOC_WRITE, 0x46, 0x2a, 0x20), 0x7ffd5edc82e0) = 0
3113803 ioctl(8, _IOC(_IOC_READ|_IOC_WRITE, 0x46, 0x2b, 0x30), 0x7ffd5edc9500) = 0
3113803 ioctl(8, _IOC(_IOC_READ|_IOC_WRITE, 0x46, 0x2a, 0x20), 0x7ffd5edc82d0) = 0
3113803 openat(AT_FDCWD, "/dev/nvidia0", O_RDWR|O_CLOEXEC) = 15
3113803 ioctl(8, _IOC(_IOC_READ|_IOC_WRITE, 0x46, 0x4e, 0x38), 0x7ffd5edc9490) = 0
3113803 close(15)                       = 0
3113803 ioctl(8, _IOC(_IOC_READ|_IOC_WRITE, 0x46, 0x2a, 0x20), 0x7ffd5edc8430) = 0
3113803 ioctl(8, _IOC(_IOC_READ|_IOC_WRITE, 0x46, 0x2b, 0x30), 0x7ffd5edc9580) = 0
3113803 ioctl(8, _IOC(_IOC_READ|_IOC_WRITE, 0x46, 0x2b, 0x30), 0x7ffd5edc9580) = 0
3113803 ioctl(8, _IOC(_IOC_READ|_IOC_WRITE, 0x46, 0x2a, 0x20), 0x7ffd5edc8460) = 0
3113803 ioctl(8, _IOC(_IOC_READ|_IOC_WRITE, 0x46, 0x2a, 0x20), 0x7ffd5edc83c0) = 0
3113803 ioctl(8, _IOC(_IOC_READ|_IOC_WRITE, 0x46, 0x2a, 0x20), 0x7ffd5edc83c0) = 0
3113803 ioctl(8, _IOC(_IOC_READ|_IOC_WRITE, 0x46, 0x2a, 0x20), 0x7ffd5edc84c0) = 0
3113803 ioctl(8, _IOC(_IOC_READ|_IOC_WRITE, 0x46, 0x2a, 0x20), 0x7ffd5edc8380) = 0
3113803 openat(AT_FDCWD, "/sys/bus/pci/devices/0000:3f:00.0/numa_node", O_RDONLY) = 15
3113803 close(15)                       = 0
3113803 ioctl(8, _IOC(_IOC_READ|_IOC_WRITE, 0x46, 0x2a, 0x20), 0x7ffd5edc8660) = 0
3113803 ioctl(8, _IOC(_IOC_READ|_IOC_WRITE, 0x46, 0x29, 0x10), 0x7ffd5edc9700) = 0
3113803 ioctl(8, _IOC(_IOC_READ|_IOC_WRITE, 0x46, 0x2a, 0x20), 0x7ffd5edc84f0) = 0
3113803 ioctl(8, _IOC(_IOC_READ|_IOC_WRITE, 0x46, 0x2a, 0x20), 0x7ffd5edc84f0) = 0
3113803 ioctl(8, _IOC(_IOC_READ|_IOC_WRITE, 0x46, 0x2a, 0x20), 0x7ffd5edc84f0) = 0
3113803 openat(AT_FDCWD, "/proc/driver/nvidia/params", O_RDONLY) = 15
3113803 close(15)                       = 0
3113803 openat(AT_FDCWD, "/dev/nvidia1", O_RDWR|O_CLOEXEC) = 15
3113803 ioctl(15, _IOC(_IOC_READ|_IOC_WRITE, 0x46, 0xc9, 0x4), 0x7ffd5edc9670) = 0
3113803 ioctl(15, _IOC(_IOC_READ|_IOC_WRITE, 0x46, 0xd7, 0x230), 0x7ffd5edc93f0) = 0
3113803 ioctl(8, _IOC(_IOC_READ|_IOC_WRITE, 0x46, 0x2b, 0x30), 0x7ffd5edc9740) = 0
3113803 ioctl(8, _IOC(_IOC_READ|_IOC_WRITE, 0x46, 0x2a, 0x20), 0x7ffd5edc8670) = 0
3113803 ioctl(8, _IOC(_IOC_READ|_IOC_WRITE, 0x46, 0x2a, 0x20), 0x7ffd5edc84d0) = 0
3113803 ioctl(8, _IOC(_IOC_READ|_IOC_WRITE, 0x46, 0x2a, 0x20), 0x7ffd5edc8670) = 0
3113803 ioctl(8, _IOC(_IOC_READ|_IOC_WRITE, 0x46, 0x2a, 0x20), 0x7ffd5edc85e0) = 0
3113803 ioctl(8, _IOC(_IOC_READ|_IOC_WRITE, 0x46, 0x2a, 0x20), 0x7ffd5edc84e0) = 0
3113803 ioctl(8, _IOC(_IOC_READ|_IOC_WRITE, 0x46, 0x2a, 0x20), 0x7ffd5edc84e0) = 0
3113803 ioctl(8, _IOC(_IOC_READ|_IOC_WRITE, 0x46, 0x2a, 0x20), 0x7ffd5edc84e0) = 0
3113803 openat(AT_FDCWD, "/proc/driver/nvidia/params", O_RDONLY) = 16
3113803 close(16)                       = 0
3113803 openat(AT_FDCWD, "/dev/nvidia1", O_RDWR|O_CLOEXEC) = 16
3113803 ioctl(16, _IOC(_IOC_READ|_IOC_WRITE, 0x46, 0xc9, 0x4), 0x7ffd5edc9660) = 0
3113803 ioctl(8, _IOC(_IOC_READ|_IOC_WRITE, 0x46, 0x2b, 0x30), 0x7ffd5edc9770) = 0
3113803 ioctl(8, _IOC(_IOC_READ|_IOC_WRITE, 0x46, 0x2b, 0x30), 0x7ffd5edc9790) = 0
3113803 ioctl(8, _IOC(_IOC_READ|_IOC_WRITE, 0x46, 0x2a, 0x20), 0x7ffd5edc84c0) = 0
3113803 ioctl(8, _IOC(_IOC_READ|_IOC_WRITE, 0x46, 0x2a, 0x20), 0x7ffd5edc7fc0) = 0
3113803 ioctl(8, _IOC(_IOC_READ|_IOC_WRITE, 0x46, 0x2a, 0x20), 0x7ffd5edc8570) = 0
3113803 ioctl(8, _IOC(_IOC_READ|_IOC_WRITE, 0x46, 0x2a, 0x20), 0x7ffd5edc7be0) = 0
3113803 ioctl(8, _IOC(_IOC_READ|_IOC_WRITE, 0x46, 0x2a, 0x20), 0x7ffd5edc73d0) = 0
3113803 ioctl(8, _IOC(_IOC_READ|_IOC_WRITE, 0x46, 0x2a, 0x20), 0x7ffd5edc7a20) = 0
3113803 ioctl(8, _IOC(_IOC_READ|_IOC_WRITE, 0x46, 0x2a, 0x20), 0x7ffd5edc8290) = 0
3113803 ioctl(8, _IOC(_IOC_READ|_IOC_WRITE, 0x46, 0x2a, 0x20), 0x7ffd5edc8460) = 0
3113803 ioctl(8, _IOC(_IOC_READ|_IOC_WRITE, 0x46, 0x2a, 0x20), 0x7ffd5edc8150) = 0
3113803 ioctl(8, _IOC(_IOC_READ|_IOC_WRITE, 0x46, 0x2a, 0x20), 0x7ffd5edc8150) = 0
3113803 ioctl(8, _IOC(_IOC_READ|_IOC_WRITE, 0x46, 0x2a, 0x20), 0x7ffd5edc8150) = 0
3113803 ioctl(8, _IOC(_IOC_READ|_IOC_WRITE, 0x46, 0x2a, 0x20), 0x7ffd5edc8150) = 0
3113803 ioctl(8, _IOC(_IOC_READ|_IOC_WRITE, 0x46, 0x2a, 0x20), 0x7ffd5edc8150) = 0
3113803 ioctl(8, _IOC(_IOC_READ|_IOC_WRITE, 0x46, 0x2a, 0x20), 0x7ffd5edc7fa0) = 0
3113803 ioctl(8, _IOC(_IOC_READ|_IOC_WRITE, 0x46, 0x2a, 0x20), 0x7ffd5edc82b0) = 0
3113803 ioctl(8, _IOC(_IOC_READ|_IOC_WRITE, 0x46, 0x2a, 0x20), 0x7ffd5edc8350) = 0
3113803 ioctl(8, _IOC(_IOC_READ|_IOC_WRITE, 0x46, 0x2a, 0x20), 0x7ffd5edc8460) = 0
3113803 ioctl(8, _IOC(_IOC_READ|_IOC_WRITE, 0x46, 0x2a, 0x20), 0x7ffd5edc8460) = 0
3113803 ioctl(8, _IOC(_IOC_READ|_IOC_WRITE, 0x46, 0x2a, 0x20), 0x7ffd5edc81b0) = 0
3113803 ioctl(8, _IOC(_IOC_READ|_IOC_WRITE, 0x46, 0x2a, 0x20), 0x7ffd5edc8390) = 0
3113803 ioctl(8, _IOC(_IOC_READ|_IOC_WRITE, 0x46, 0x2a, 0x20), 0x7ffd5edc8390) = 0
3113803 ioctl(8, _IOC(_IOC_READ|_IOC_WRITE, 0x46, 0x2a, 0x20), 0x7ffd5edc8390) = 0
3113803 ioctl(8, _IOC(_IOC_READ|_IOC_WRITE, 0x46, 0x2a, 0x20), 0x7ffd5edc8390) = 0
3113803 ioctl(8, _IOC(_IOC_READ|_IOC_WRITE, 0x46, 0x2a, 0x20), 0x7ffd5edc8390) = 0
3113803 ioctl(8, _IOC(_IOC_READ|_IOC_WRITE, 0x46, 0x2a, 0x20), 0x7ffd5edc8390) = 0
3113803 ioctl(8, _IOC(_IOC_READ|_IOC_WRITE, 0x46, 0x2a, 0x20), 0x7ffd5edc8390) = 0
3113803 ioctl(8, _IOC(_IOC_READ|_IOC_WRITE, 0x46, 0x2a, 0x20), 0x7ffd5edc8380) = 0
3113803 ioctl(8, _IOC(_IOC_READ|_IOC_WRITE, 0x46, 0x2a, 0x20), 0x7ffd5edc8300) = 0
3113803 ioctl(8, _IOC(_IOC_READ|_IOC_WRITE, 0x46, 0x2a, 0x20), 0x7ffd5edc5de0) = 0
3113803 ioctl(8, _IOC(_IOC_READ|_IOC_WRITE, 0x46, 0x2a, 0x20), 0x7ffd5edc6e90) = 0
3113803 ioctl(8, _IOC(_IOC_READ|_IOC_WRITE, 0x46, 0x2a, 0x20), 0x7ffd5edc8490) = 0
3113803 ioctl(8, _IOC(_IOC_READ|_IOC_WRITE, 0x46, 0x2a, 0x20), 0x7ffd5edc82e0) = 0
3113803 ioctl(8, _IOC(_IOC_READ|_IOC_WRITE, 0x46, 0x2b, 0x30), 0x7ffd5edc9500) = 0
3113803 ioctl(8, _IOC(_IOC_READ|_IOC_WRITE, 0x46, 0x2a, 0x20), 0x7ffd5edc82d0) = 0
3113803 openat(AT_FDCWD, "/dev/nvidia1", O_RDWR|O_CLOEXEC) = 17
3113803 ioctl(8, _IOC(_IOC_READ|_IOC_WRITE, 0x46, 0x4e, 0x38), 0x7ffd5edc9490) = 0
3113803 close(17)                       = 0
3113803 ioctl(8, _IOC(_IOC_READ|_IOC_WRITE, 0x46, 0x2a, 0x20), 0x7ffd5edc8430) = 0
3113803 ioctl(8, _IOC(_IOC_READ|_IOC_WRITE, 0x46, 0x2b, 0x30), 0x7ffd5edc9580) = 0
3113803 ioctl(8, _IOC(_IOC_READ|_IOC_WRITE, 0x46, 0x2b, 0x30), 0x7ffd5edc9580) = 0
3113803 ioctl(8, _IOC(_IOC_READ|_IOC_WRITE, 0x46, 0x2a, 0x20), 0x7ffd5edc8460) = 0
3113803 ioctl(8, _IOC(_IOC_READ|_IOC_WRITE, 0x46, 0x2a, 0x20), 0x7ffd5edc83c0) = 0
3113803 ioctl(8, _IOC(_IOC_READ|_IOC_WRITE, 0x46, 0x2a, 0x20), 0x7ffd5edc83c0) = 0
3113803 ioctl(8, _IOC(_IOC_READ|_IOC_WRITE, 0x46, 0x2a, 0x20), 0x7ffd5edc84c0) = 0
3113803 ioctl(8, _IOC(_IOC_READ|_IOC_WRITE, 0x46, 0x2a, 0x20), 0x7ffd5edc8380) = 0
3113803 openat(AT_FDCWD, "/sys/bus/pci/devices/0000:40:00.0/numa_node", O_RDONLY) = 17
3113803 close(17)                       = 0
3113803 ioctl(8, _IOC(_IOC_READ|_IOC_WRITE, 0x46, 0x2a, 0x20), 0x7ffd5edc8660) = 0
3113803 ioctl(8, _IOC(_IOC_READ|_IOC_WRITE, 0x46, 0x29, 0x10), 0x7ffd5edc9700) = 0
3113803 ioctl(8, _IOC(_IOC_READ|_IOC_WRITE, 0x46, 0x2a, 0x20), 0x7ffd5edc84f0) = 0
3113803 ioctl(8, _IOC(_IOC_READ|_IOC_WRITE, 0x46, 0x2a, 0x20), 0x7ffd5edc84f0) = 0
3113803 ioctl(8, _IOC(_IOC_READ|_IOC_WRITE, 0x46, 0x2a, 0x20), 0x7ffd5edc84f0) = 0
3113803 ioctl(8, _IOC(_IOC_READ|_IOC_WRITE, 0x46, 0x2a, 0x20), 0x7ffd5edc84f0) = 0
3113803 openat(AT_FDCWD, "/proc/driver/nvidia/params", O_RDONLY) = 17
3113803 close(17)                       = 0
3113803 openat(AT_FDCWD, "/dev/nvidia2", O_RDWR|O_CLOEXEC) = 17
3113803 ioctl(17, _IOC(_IOC_READ|_IOC_WRITE, 0x46, 0xc9, 0x4), 0x7ffd5edc9670) = 0
3113803 ioctl(17, _IOC(_IOC_READ|_IOC_WRITE, 0x46, 0xd7, 0x230), 0x7ffd5edc93f0) = 0
3113803 ioctl(8, _IOC(_IOC_READ|_IOC_WRITE, 0x46, 0x2b, 0x30), 0x7ffd5edc9740) = 0
3113803 ioctl(8, _IOC(_IOC_READ|_IOC_WRITE, 0x46, 0x2a, 0x20), 0x7ffd5edc8670) = 0
3113803 ioctl(8, _IOC(_IOC_READ|_IOC_WRITE, 0x46, 0x2a, 0x20), 0x7ffd5edc84d0) = 0
3113803 ioctl(8, _IOC(_IOC_READ|_IOC_WRITE, 0x46, 0x2a, 0x20), 0x7ffd5edc8670) = 0
3113803 ioctl(8, _IOC(_IOC_READ|_IOC_WRITE, 0x46, 0x2a, 0x20), 0x7ffd5edc85e0) = 0
3113803 ioctl(8, _IOC(_IOC_READ|_IOC_WRITE, 0x46, 0x2a, 0x20), 0x7ffd5edc84e0) = 0
3113803 ioctl(8, _IOC(_IOC_READ|_IOC_WRITE, 0x46, 0x2a, 0x20), 0x7ffd5edc84e0) = 0
3113803 ioctl(8, _IOC(_IOC_READ|_IOC_WRITE, 0x46, 0x2a, 0x20), 0x7ffd5edc84e0) = 0
3113803 ioctl(8, _IOC(_IOC_READ|_IOC_WRITE, 0x46, 0x2a, 0x20), 0x7ffd5edc84e0) = 0
3113803 openat(AT_FDCWD, "/proc/driver/nvidia/params", O_RDONLY) = 18
3113803 close(18)                       = 0
3113803 openat(AT_FDCWD, "/dev/nvidia2", O_RDWR|O_CLOEXEC) = 18
3113803 ioctl(18, _IOC(_IOC_READ|_IOC_WRITE, 0x46, 0xc9, 0x4), 0x7ffd5edc9660) = 0
3113803 ioctl(8, _IOC(_IOC_READ|_IOC_WRITE, 0x46, 0x2b, 0x30), 0x7ffd5edc9770) = 0
3113803 ioctl(8, _IOC(_IOC_READ|_IOC_WRITE, 0x46, 0x2b, 0x30), 0x7ffd5edc9790) = 0
3113803 ioctl(8, _IOC(_IOC_READ|_IOC_WRITE, 0x46, 0x2a, 0x20), 0x7ffd5edc84c0) = 0
3113803 ioctl(8, _IOC(_IOC_READ|_IOC_WRITE, 0x46, 0x2a, 0x20), 0x7ffd5edc7fc0) = 0
3113803 ioctl(8, _IOC(_IOC_READ|_IOC_WRITE, 0x46, 0x2a, 0x20), 0x7ffd5edc8570) = 0
3113803 ioctl(8, _IOC(_IOC_READ|_IOC_WRITE, 0x46, 0x2a, 0x20), 0x7ffd5edc7be0) = 0
3113803 ioctl(8, _IOC(_IOC_READ|_IOC_WRITE, 0x46, 0x2a, 0x20), 0x7ffd5edc73d0) = 0
3113803 ioctl(8, _IOC(_IOC_READ|_IOC_WRITE, 0x46, 0x2a, 0x20), 0x7ffd5edc7a20) = 0
3113803 ioctl(8, _IOC(_IOC_READ|_IOC_WRITE, 0x46, 0x2a, 0x20), 0x7ffd5edc8290) = 0
3113803 ioctl(8, _IOC(_IOC_READ|_IOC_WRITE, 0x46, 0x2a, 0x20), 0x7ffd5edc8460) = 0
3113803 ioctl(8, _IOC(_IOC_READ|_IOC_WRITE, 0x46, 0x2a, 0x20), 0x7ffd5edc8150) = 0
3113803 ioctl(8, _IOC(_IOC_READ|_IOC_WRITE, 0x46, 0x2a, 0x20), 0x7ffd5edc8150) = 0
3113803 ioctl(8, _IOC(_IOC_READ|_IOC_WRITE, 0x46, 0x2a, 0x20), 0x7ffd5edc8150) = 0
3113803 ioctl(8, _IOC(_IOC_READ|_IOC_WRITE, 0x46, 0x2a, 0x20), 0x7ffd5edc8150) = 0
3113803 ioctl(8, _IOC(_IOC_READ|_IOC_WRITE, 0x46, 0x2a, 0x20), 0x7ffd5edc8150) = 0
3113803 ioctl(8, _IOC(_IOC_READ|_IOC_WRITE, 0x46, 0x2a, 0x20), 0x7ffd5edc7fa0) = 0
3113803 ioctl(8, _IOC(_IOC_READ|_IOC_WRITE, 0x46, 0x2a, 0x20), 0x7ffd5edc82b0) = 0
3113803 ioctl(8, _IOC(_IOC_READ|_IOC_WRITE, 0x46, 0x2a, 0x20), 0x7ffd5edc8350) = 0
3113803 ioctl(8, _IOC(_IOC_READ|_IOC_WRITE, 0x46, 0x2a, 0x20), 0x7ffd5edc8460) = 0
3113803 ioctl(8, _IOC(_IOC_READ|_IOC_WRITE, 0x46, 0x2a, 0x20), 0x7ffd5edc8460) = 0
3113803 ioctl(8, _IOC(_IOC_READ|_IOC_WRITE, 0x46, 0x2a, 0x20), 0x7ffd5edc81b0) = 0
3113803 ioctl(8, _IOC(_IOC_READ|_IOC_WRITE, 0x46, 0x2a, 0x20), 0x7ffd5edc8390) = 0
3113803 ioctl(8, _IOC(_IOC_READ|_IOC_WRITE, 0x46, 0x2a, 0x20), 0x7ffd5edc8390) = 0
3113803 ioctl(8, _IOC(_IOC_READ|_IOC_WRITE, 0x46, 0x2a, 0x20), 0x7ffd5edc8390) = 0
3113803 ioctl(8, _IOC(_IOC_READ|_IOC_WRITE, 0x46, 0x2a, 0x20), 0x7ffd5edc8390) = 0
3113803 ioctl(8, _IOC(_IOC_READ|_IOC_WRITE, 0x46, 0x2a, 0x20), 0x7ffd5edc8390) = 0
3113803 ioctl(8, _IOC(_IOC_READ|_IOC_WRITE, 0x46, 0x2a, 0x20), 0x7ffd5edc8390) = 0
3113803 ioctl(8, _IOC(_IOC_READ|_IOC_WRITE, 0x46, 0x2a, 0x20), 0x7ffd5edc8390) = 0
3113803 ioctl(8, _IOC(_IOC_READ|_IOC_WRITE, 0x46, 0x2a, 0x20), 0x7ffd5edc8380) = 0
3113803 ioctl(8, _IOC(_IOC_READ|_IOC_WRITE, 0x46, 0x2a, 0x20), 0x7ffd5edc8300) = 0
3113803 ioctl(8, _IOC(_IOC_READ|_IOC_WRITE, 0x46, 0x2a, 0x20), 0x7ffd5edc5de0) = 0
3113803 ioctl(8, _IOC(_IOC_READ|_IOC_WRITE, 0x46, 0x2a, 0x20), 0x7ffd5edc6e90) = 0
3113803 ioctl(8, _IOC(_IOC_READ|_IOC_WRITE, 0x46, 0x2a, 0x20), 0x7ffd5edc8490) = 0
3113803 ioctl(8, _IOC(_IOC_READ|_IOC_WRITE, 0x46, 0x2a, 0x20), 0x7ffd5edc82e0) = 0
3113803 ioctl(8, _IOC(_IOC_READ|_IOC_WRITE, 0x46, 0x2b, 0x30), 0x7ffd5edc9500) = 0
3113803 ioctl(8, _IOC(_IOC_READ|_IOC_WRITE, 0x46, 0x2a, 0x20), 0x7ffd5edc82d0) = 0
3113803 openat(AT_FDCWD, "/dev/nvidia2", O_RDWR|O_CLOEXEC) = 19
3113803 ioctl(8, _IOC(_IOC_READ|_IOC_WRITE, 0x46, 0x4e, 0x38), 0x7ffd5edc9490) = 0
3113803 close(19)                       = 0
3113803 ioctl(8, _IOC(_IOC_READ|_IOC_WRITE, 0x46, 0x2a, 0x20), 0x7ffd5edc8430) = 0
3113803 ioctl(8, _IOC(_IOC_READ|_IOC_WRITE, 0x46, 0x2b, 0x30), 0x7ffd5edc9580) = 0
3113803 ioctl(8, _IOC(_IOC_READ|_IOC_WRITE, 0x46, 0x2b, 0x30), 0x7ffd5edc9580) = 0
3113803 ioctl(8, _IOC(_IOC_READ|_IOC_WRITE, 0x46, 0x2a, 0x20), 0x7ffd5edc8460) = 0
3113803 ioctl(8, _IOC(_IOC_READ|_IOC_WRITE, 0x46, 0x2a, 0x20), 0x7ffd5edc83c0) = 0
3113803 ioctl(8, _IOC(_IOC_READ|_IOC_WRITE, 0x46, 0x2a, 0x20), 0x7ffd5edc83c0) = 0
3113803 ioctl(8, _IOC(_IOC_READ|_IOC_WRITE, 0x46, 0x2a, 0x20), 0x7ffd5edc84c0) = 0
3113803 ioctl(8, _IOC(_IOC_READ|_IOC_WRITE, 0x46, 0x2a, 0x20), 0x7ffd5edc8380) = 0
3113803 openat(AT_FDCWD, "/sys/bus/pci/devices/0000:60:00.0/numa_node", O_RDONLY) = 19
3113803 close(19)                       = 0
3113803 ioctl(8, _IOC(_IOC_READ|_IOC_WRITE, 0x46, 0x2a, 0x20), 0x7ffd5edc8670) = 0
3113803 ioctl(8, _IOC(_IOC_READ|_IOC_WRITE, 0x46, 0x2a, 0x20), 0x7ffd5edc97d0) = 0
3113803 ioctl(8, _IOC(_IOC_READ|_IOC_WRITE, 0x46, 0x2a, 0x20), 0x7ffd5edc97d0) = 0
3113803 ioctl(8, _IOC(_IOC_READ|_IOC_WRITE, 0x46, 0x2a, 0x20), 0x7ffd5edc97d0) = 0
3113803 ioctl(8, _IOC(_IOC_READ|_IOC_WRITE, 0x46, 0x2a, 0x20), 0x7ffd5edc97d0) = 0
3113803 ioctl(8, _IOC(_IOC_READ|_IOC_WRITE, 0x46, 0x2a, 0x20), 0x7ffd5edc97d0) = 0
3113803 ioctl(8, _IOC(_IOC_READ|_IOC_WRITE, 0x46, 0x2a, 0x20), 0x7ffd5edc97d0) = 0
3113803 ioctl(8, _IOC(_IOC_READ|_IOC_WRITE, 0x46, 0x2a, 0x20), 0x7ffd5edc8920) = 0
3113803 ioctl(8, _IOC(_IOC_READ|_IOC_WRITE, 0x46, 0x2a, 0x20), 0x7ffd5edc8920) = 0
3113803 ioctl(8, _IOC(_IOC_READ|_IOC_WRITE, 0x46, 0x2a, 0x20), 0x7ffd5edc8920) = 0
3113803 ioctl(8, _IOC(_IOC_READ|_IOC_WRITE, 0x46, 0x2a, 0x20), 0x7ffd5edc8920) = 0
3113803 ioctl(8, _IOC(_IOC_READ|_IOC_WRITE, 0x46, 0x2a, 0x20), 0x7ffd5edc79a0) = 0
3113803 ioctl(8, _IOC(_IOC_READ|_IOC_WRITE, 0x46, 0x2a, 0x20), 0x7ffd5edc91a0) = 0
3113803 ioctl(8, _IOC(_IOC_READ|_IOC_WRITE, 0x46, 0x2a, 0x20), 0x7ffd5edc79a0) = 0
3113803 ioctl(8, _IOC(_IOC_READ|_IOC_WRITE, 0x46, 0x2a, 0x20), 0x7ffd5edc91a0) = 0
3113803 ioctl(8, _IOC(_IOC_READ|_IOC_WRITE, 0x46, 0x2a, 0x20), 0x7ffd5edc91a0) = 0
3113803 ioctl(8, _IOC(_IOC_READ|_IOC_WRITE, 0x46, 0x2a, 0x20), 0x7ffd5edc79a0) = 0
3113803 ioctl(9, _IOC(_IOC_NONE, 0, 0x25, 0), 0x7ffd5edcb070) = 0
3113803 ioctl(9, _IOC(_IOC_NONE, 0, 0x25, 0), 0x7ffd5edcb070) = 0
3113803 ioctl(9, _IOC(_IOC_NONE, 0, 0x25, 0), 0x7ffd5edcb070) = 0
3113803 ioctl(9, _IOC(_IOC_NONE, 0, 0x17, 0), 0x7ffd5edcb540) = 0
3113803 ioctl(8, _IOC(_IOC_READ|_IOC_WRITE, 0x46, 0x2b, 0x30), 0x7ffd5edcb2a0) = 0
3113803 ioctl(8, _IOC(_IOC_READ|_IOC_WRITE, 0x46, 0x2b, 0x30), 0x7ffd5edcb2a0) = 0
3113803 ioctl(8, _IOC(_IOC_READ|_IOC_WRITE, 0x46, 0x2b, 0x30), 0x7ffd5edcb2a0) = 0
3113803 ioctl(8, _IOC(_IOC_READ|_IOC_WRITE, 0x46, 0x2a, 0x20), 0x7ffd5edc9b10) = 0
3113803 ioctl(8, _IOC(_IOC_READ|_IOC_WRITE, 0x46, 0x2a, 0x20), 0x7ffd5edc9b20) = 0
3113803 ioctl(8, _IOC(_IOC_READ|_IOC_WRITE, 0x46, 0x2a, 0x20), 0x7ffd5edc9b50) = 0
3113803 ioctl(9, _IOC(_IOC_NONE, 0, 0x19, 0), 0x7ffd5edcac30) = 0
3113803 ioctl(8, _IOC(_IOC_READ|_IOC_WRITE, 0x46, 0x2b, 0x30), 0x7ffd5edc9f00) = 0
3113803 ioctl(9, _IOC(_IOC_NONE, 0, 0x49, 0), 0x7ffd5edc9be0) = 0
3113803 ioctl(9, _IOC(_IOC_NONE, 0, 0x21, 0), 0x7ffd5edc77d0) = 0
3113803 ioctl(8, _IOC(_IOC_READ|_IOC_WRITE, 0x46, 0x2b, 0x30), 0x7ffd5edc9de0) = 0
3113803 ioctl(9, _IOC(_IOC_NONE, 0, 0x49, 0), 0x7ffd5edc9ac0) = 0
3113803 ioctl(9, _IOC(_IOC_NONE, 0, 0x21, 0), 0x7ffd5edc76b0) = 0
3113803 ioctl(8, _IOC(_IOC_READ|_IOC_WRITE, 0x46, 0x2b, 0x30), 0x7ffd5edc9de0) = 0
3113803 ioctl(9, _IOC(_IOC_NONE, 0, 0x49, 0), 0x7ffd5edc9ac0) = 0
3113803 ioctl(9, _IOC(_IOC_NONE, 0, 0x21, 0), 0x7ffd5edc76b0) = 0
3113803 ioctl(8, _IOC(_IOC_READ|_IOC_WRITE, 0x46, 0x2b, 0x30), 0x7ffd5edc9fe0) = 0
3113803 ioctl(9, _IOC(_IOC_NONE, 0, 0x49, 0), 0x7ffd5edc9cc0) = 0
3113803 ioctl(9, _IOC(_IOC_NONE, 0, 0x21, 0), 0x7ffd5edc78b0) = 0
3113803 ioctl(8, _IOC(_IOC_READ|_IOC_WRITE, 0x46, 0x2b, 0x30), 0x7ffd5edca8c0) = 0
3113803 ioctl(8, _IOC(_IOC_READ|_IOC_WRITE, 0x46, 0x2b, 0x30), 0x7ffd5edca8b0) = 0
3113803 ioctl(8, _IOC(_IOC_READ|_IOC_WRITE, 0x46, 0x2b, 0x30), 0x7ffd5edc9790) = 0
3113803 ioctl(8, _IOC(_IOC_READ|_IOC_WRITE, 0x46, 0x2a, 0x20), 0x7ffd5edc8650) = 0
3113803 openat(AT_FDCWD, "/dev/nvidia0", O_RDWR|O_CLOEXEC) = 21
3113803 ioctl(8, _IOC(_IOC_READ|_IOC_WRITE, 0x46, 0x4e, 0x38), 0x7ffd5edc9810) = 0
3113803 ioctl(8, _IOC(_IOC_READ|_IOC_WRITE, 0x46, 0x5e, 0x28), 0x7ffd5edc97e0) = 0
3113803 close(21)                       = 0
3113803 ioctl(9, _IOC(_IOC_NONE, 0, 0x49, 0), 0x7ffd5edc9470) = 0
3113803 ioctl(9, _IOC(_IOC_NONE, 0, 0x21, 0), 0x7ffd5edc7060) = 0
3113803 ioctl(8, _IOC(_IOC_READ|_IOC_WRITE, 0x46, 0x2b, 0x30), 0x7ffd5edc95b0) = 0
3113803 ioctl(8, _IOC(_IOC_READ|_IOC_WRITE, 0x46, 0x2a, 0x20), 0x7ffd5edc8470) = 0
3113803 openat(AT_FDCWD, "/dev/nvidiactl", O_RDWR|O_CLOEXEC) = 21
3113803 ioctl(8, _IOC(_IOC_READ|_IOC_WRITE, 0x46, 0x4e, 0x38), 0x7ffd5edc9630) = 0
3113803 close(21)                       = 0
3113803 ioctl(9, _IOC(_IOC_NONE, 0, 0x49, 0), 0x7ffd5edc9290) = 0
3113803 ioctl(9, _IOC(_IOC_NONE, 0, 0x21, 0), 0x7ffd5edc6e80) = 0
3113803 ioctl(8, _IOC(_IOC_READ|_IOC_WRITE, 0x46, 0x2b, 0x30), 0x7ffd5edc9910) = 0
3113803 ioctl(8, _IOC(_IOC_READ|_IOC_WRITE, 0x46, 0x2a, 0x20), 0x7ffd5edc87d0) = 0
3113803 openat(AT_FDCWD, "/dev/nvidiactl", O_RDWR|O_CLOEXEC) = 21
3113803 ioctl(8, _IOC(_IOC_READ|_IOC_WRITE, 0x46, 0x4e, 0x38), 0x7ffd5edc9990) = 0
3113803 close(21)                       = 0
3113803 ioctl(8, _IOC(_IOC_READ|_IOC_WRITE, 0x46, 0x2b, 0x30), 0x7ffd5edca2b0) = 0
3113803 ioctl(8, _IOC(_IOC_READ|_IOC_WRITE, 0x46, 0x2a, 0x20), 0x7ffd5edc9320) = 0
3113803 ioctl(8, _IOC(_IOC_READ|_IOC_WRITE, 0x46, 0x2b, 0x30), 0x7ffd5edca3c0) = 0
3113803 ioctl(8, _IOC(_IOC_READ|_IOC_WRITE, 0x46, 0x2a, 0x20), 0x7ffd5edc92e0) = 0
3113803 ioctl(8, _IOC(_IOC_READ|_IOC_WRITE, 0x46, 0x2b, 0x30), 0x7ffd5edca3c0) = 0
3113803 ioctl(8, _IOC(_IOC_READ|_IOC_WRITE, 0x46, 0x2a, 0x20), 0x7ffd5edc92e0) = 0
3113803 ioctl(8, _IOC(_IOC_READ|_IOC_WRITE, 0x46, 0x2a, 0x20), 0x7ffd5edc9330) = 0
3113803 ioctl(8, _IOC(_IOC_READ|_IOC_WRITE, 0x46, 0x2a, 0x20), 0x7ffd5edc9330) = 0
3113803 ioctl(8, _IOC(_IOC_READ|_IOC_WRITE, 0x46, 0x2b, 0x30), 0x7ffd5edc9cb0) = 0
3113803 ioctl(8, _IOC(_IOC_READ|_IOC_WRITE, 0x46, 0x2a, 0x20), 0x7ffd5edc8b70) = 0
3113803 openat(AT_FDCWD, "/dev/nvidiactl", O_RDWR|O_CLOEXEC) = 21
3113803 ioctl(8, _IOC(_IOC_READ|_IOC_WRITE, 0x46, 0x4e, 0x38), 0x7ffd5edc9d30) = 0
3113803 close(21)                       = 0
3113803 ioctl(9, _IOC(_IOC_NONE, 0, 0x49, 0), 0x7ffd5edc9990) = 0
3113803 ioctl(9, _IOC(_IOC_NONE, 0, 0x21, 0), 0x7ffd5edc7580) = 0
3113803 ioctl(8, _IOC(_IOC_READ|_IOC_WRITE, 0x46, 0x2b, 0x30), 0x7ffd5edc9910) = 0
3113803 ioctl(8, _IOC(_IOC_READ|_IOC_WRITE, 0x46, 0x2a, 0x20), 0x7ffd5edc87d0) = 0
3113803 openat(AT_FDCWD, "/dev/nvidiactl", O_RDWR|O_CLOEXEC) = 21
3113803 ioctl(8, _IOC(_IOC_READ|_IOC_WRITE, 0x46, 0x4e, 0x38), 0x7ffd5edc9990) = 0
3113803 close(21)                       = 0
3113803 ioctl(8, _IOC(_IOC_READ|_IOC_WRITE, 0x46, 0x2b, 0x30), 0x7ffd5edca2b0) = 0
3113803 ioctl(8, _IOC(_IOC_READ|_IOC_WRITE, 0x46, 0x2a, 0x20), 0x7ffd5edc9320) = 0
3113803 ioctl(8, _IOC(_IOC_READ|_IOC_WRITE, 0x46, 0x2b, 0x30), 0x7ffd5edca3c0) = 0
3113803 ioctl(8, _IOC(_IOC_READ|_IOC_WRITE, 0x46, 0x2a, 0x20), 0x7ffd5edc92e0) = 0
3113803 ioctl(8, _IOC(_IOC_READ|_IOC_WRITE, 0x46, 0x2b, 0x30), 0x7ffd5edca3c0) = 0
3113803 ioctl(8, _IOC(_IOC_READ|_IOC_WRITE, 0x46, 0x2a, 0x20), 0x7ffd5edc92e0) = 0
3113803 ioctl(8, _IOC(_IOC_READ|_IOC_WRITE, 0x46, 0x2a, 0x20), 0x7ffd5edc9330) = 0
3113803 ioctl(8, _IOC(_IOC_READ|_IOC_WRITE, 0x46, 0x2a, 0x20), 0x7ffd5edc9330) = 0
3113803 ioctl(8, _IOC(_IOC_READ|_IOC_WRITE, 0x46, 0x2b, 0x30), 0x7ffd5edc9910) = 0
3113803 ioctl(8, _IOC(_IOC_READ|_IOC_WRITE, 0x46, 0x2a, 0x20), 0x7ffd5edc87d0) = 0
3113803 openat(AT_FDCWD, "/dev/nvidiactl", O_RDWR|O_CLOEXEC) = 21
3113803 ioctl(8, _IOC(_IOC_READ|_IOC_WRITE, 0x46, 0x4e, 0x38), 0x7ffd5edc9990) = 0
3113803 close(21)                       = 0
3113803 ioctl(8, _IOC(_IOC_READ|_IOC_WRITE, 0x46, 0x2b, 0x30), 0x7ffd5edca2b0) = 0
3113803 ioctl(8, _IOC(_IOC_READ|_IOC_WRITE, 0x46, 0x2a, 0x20), 0x7ffd5edc9320) = 0
3113803 ioctl(8, _IOC(_IOC_READ|_IOC_WRITE, 0x46, 0x2b, 0x30), 0x7ffd5edca3c0) = 0
3113803 ioctl(8, _IOC(_IOC_READ|_IOC_WRITE, 0x46, 0x2a, 0x20), 0x7ffd5edc92e0) = 0
3113803 ioctl(8, _IOC(_IOC_READ|_IOC_WRITE, 0x46, 0x2b, 0x30), 0x7ffd5edca3c0) = 0
3113803 ioctl(8, _IOC(_IOC_READ|_IOC_WRITE, 0x46, 0x2a, 0x20), 0x7ffd5edc92e0) = 0
3113803 ioctl(8, _IOC(_IOC_READ|_IOC_WRITE, 0x46, 0x2a, 0x20), 0x7ffd5edc9330) = 0
3113803 ioctl(8, _IOC(_IOC_READ|_IOC_WRITE, 0x46, 0x2a, 0x20), 0x7ffd5edc9330) = 0
3113803 ioctl(8, _IOC(_IOC_READ|_IOC_WRITE, 0x46, 0x2b, 0x30), 0x7ffd5edc9910) = 0
3113803 ioctl(8, _IOC(_IOC_READ|_IOC_WRITE, 0x46, 0x2a, 0x20), 0x7ffd5edc87d0) = 0
3113803 openat(AT_FDCWD, "/dev/nvidiactl", O_RDWR|O_CLOEXEC) = 21
3113803 ioctl(8, _IOC(_IOC_READ|_IOC_WRITE, 0x46, 0x4e, 0x38), 0x7ffd5edc9990) = 0
3113803 close(21)                       = 0
3113803 ioctl(8, _IOC(_IOC_READ|_IOC_WRITE, 0x46, 0x2b, 0x30), 0x7ffd5edca2b0) = 0
3113803 ioctl(8, _IOC(_IOC_READ|_IOC_WRITE, 0x46, 0x2a, 0x20), 0x7ffd5edc9320) = 0
3113803 ioctl(8, _IOC(_IOC_READ|_IOC_WRITE, 0x46, 0x2b, 0x30), 0x7ffd5edca3c0) = 0
3113803 ioctl(8, _IOC(_IOC_READ|_IOC_WRITE, 0x46, 0x2a, 0x20), 0x7ffd5edc92e0) = 0
3113803 ioctl(8, _IOC(_IOC_READ|_IOC_WRITE, 0x46, 0x2b, 0x30), 0x7ffd5edca3c0) = 0
3113803 ioctl(8, _IOC(_IOC_READ|_IOC_WRITE, 0x46, 0x2a, 0x20), 0x7ffd5edc92e0) = 0
3113803 ioctl(8, _IOC(_IOC_READ|_IOC_WRITE, 0x46, 0x2a, 0x20), 0x7ffd5edc9330) = 0
3113803 ioctl(8, _IOC(_IOC_READ|_IOC_WRITE, 0x46, 0x2a, 0x20), 0x7ffd5edc9330) = 0
3113803 ioctl(8, _IOC(_IOC_READ|_IOC_WRITE, 0x46, 0x2b, 0x30), 0x7ffd5edc9910) = 0
3113803 ioctl(8, _IOC(_IOC_READ|_IOC_WRITE, 0x46, 0x2a, 0x20), 0x7ffd5edc87d0) = 0
3113803 openat(AT_FDCWD, "/dev/nvidiactl", O_RDWR|O_CLOEXEC) = 21
3113803 ioctl(8, _IOC(_IOC_READ|_IOC_WRITE, 0x46, 0x4e, 0x38), 0x7ffd5edc9990) = 0
3113803 close(21)                       = 0
3113803 ioctl(8, _IOC(_IOC_READ|_IOC_WRITE, 0x46, 0x2b, 0x30), 0x7ffd5edca2b0) = 0
3113803 ioctl(8, _IOC(_IOC_READ|_IOC_WRITE, 0x46, 0x2a, 0x20), 0x7ffd5edc9320) = 0
3113803 ioctl(8, _IOC(_IOC_READ|_IOC_WRITE, 0x46, 0x2b, 0x30), 0x7ffd5edca3c0) = 0
3113803 ioctl(8, _IOC(_IOC_READ|_IOC_WRITE, 0x46, 0x2a, 0x20), 0x7ffd5edc92e0) = 0
3113803 ioctl(8, _IOC(_IOC_READ|_IOC_WRITE, 0x46, 0x2b, 0x30), 0x7ffd5edca3c0) = 0
3113803 ioctl(8, _IOC(_IOC_READ|_IOC_WRITE, 0x46, 0x2a, 0x20), 0x7ffd5edc92e0) = 0
3113803 ioctl(8, _IOC(_IOC_READ|_IOC_WRITE, 0x46, 0x2a, 0x20), 0x7ffd5edc9330) = 0
3113803 ioctl(8, _IOC(_IOC_READ|_IOC_WRITE, 0x46, 0x2a, 0x20), 0x7ffd5edc9330) = 0
3113803 ioctl(8, _IOC(_IOC_READ|_IOC_WRITE, 0x46, 0x2b, 0x30), 0x7ffd5edc9910) = 0
3113803 ioctl(8, _IOC(_IOC_READ|_IOC_WRITE, 0x46, 0x2a, 0x20), 0x7ffd5edc87d0) = 0
3113803 openat(AT_FDCWD, "/dev/nvidiactl", O_RDWR|O_CLOEXEC) = 21
3113803 ioctl(8, _IOC(_IOC_READ|_IOC_WRITE, 0x46, 0x4e, 0x38), 0x7ffd5edc9990) = 0
3113803 close(21)                       = 0
3113803 ioctl(8, _IOC(_IOC_READ|_IOC_WRITE, 0x46, 0x2b, 0x30), 0x7ffd5edca2b0) = 0
3113803 ioctl(8, _IOC(_IOC_READ|_IOC_WRITE, 0x46, 0x2a, 0x20), 0x7ffd5edc9320) = 0
3113803 ioctl(8, _IOC(_IOC_READ|_IOC_WRITE, 0x46, 0x2b, 0x30), 0x7ffd5edca3c0) = 0
3113803 ioctl(8, _IOC(_IOC_READ|_IOC_WRITE, 0x46, 0x2a, 0x20), 0x7ffd5edc92e0) = 0
3113803 ioctl(8, _IOC(_IOC_READ|_IOC_WRITE, 0x46, 0x2b, 0x30), 0x7ffd5edca3c0) = 0
3113803 ioctl(8, _IOC(_IOC_READ|_IOC_WRITE, 0x46, 0x2a, 0x20), 0x7ffd5edc92e0) = 0
3113803 ioctl(8, _IOC(_IOC_READ|_IOC_WRITE, 0x46, 0x2a, 0x20), 0x7ffd5edc9330) = 0
3113803 ioctl(8, _IOC(_IOC_READ|_IOC_WRITE, 0x46, 0x2a, 0x20), 0x7ffd5edc9330) = 0
3113803 ioctl(8, _IOC(_IOC_READ|_IOC_WRITE, 0x46, 0x2b, 0x30), 0x7ffd5edc9910) = 0
3113803 ioctl(8, _IOC(_IOC_READ|_IOC_WRITE, 0x46, 0x2a, 0x20), 0x7ffd5edc87d0) = 0
3113803 openat(AT_FDCWD, "/dev/nvidiactl", O_RDWR|O_CLOEXEC) = 21
3113803 ioctl(8, _IOC(_IOC_READ|_IOC_WRITE, 0x46, 0x4e, 0x38), 0x7ffd5edc9990) = 0
3113803 close(21)                       = 0
3113803 ioctl(8, _IOC(_IOC_READ|_IOC_WRITE, 0x46, 0x2b, 0x30), 0x7ffd5edca2b0) = 0
3113803 ioctl(8, _IOC(_IOC_READ|_IOC_WRITE, 0x46, 0x2a, 0x20), 0x7ffd5edc9320) = 0
3113803 ioctl(8, _IOC(_IOC_READ|_IOC_WRITE, 0x46, 0x2b, 0x30), 0x7ffd5edca3c0) = 0
3113803 ioctl(8, _IOC(_IOC_READ|_IOC_WRITE, 0x46, 0x2a, 0x20), 0x7ffd5edc92e0) = 0
3113803 ioctl(8, _IOC(_IOC_READ|_IOC_WRITE, 0x46, 0x2b, 0x30), 0x7ffd5edca3c0) = 0
3113803 ioctl(8, _IOC(_IOC_READ|_IOC_WRITE, 0x46, 0x2a, 0x20), 0x7ffd5edc92e0) = 0
3113803 ioctl(8, _IOC(_IOC_READ|_IOC_WRITE, 0x46, 0x2a, 0x20), 0x7ffd5edc9330) = 0
3113803 ioctl(8, _IOC(_IOC_READ|_IOC_WRITE, 0x46, 0x2a, 0x20), 0x7ffd5edc9330) = 0
3113803 ioctl(8, _IOC(_IOC_READ|_IOC_WRITE, 0x46, 0x2b, 0x30), 0x7ffd5edc9910) = 0
3113803 ioctl(8, _IOC(_IOC_READ|_IOC_WRITE, 0x46, 0x2a, 0x20), 0x7ffd5edc87d0) = 0
3113803 openat(AT_FDCWD, "/dev/nvidiactl", O_RDWR|O_CLOEXEC) = 21
3113803 ioctl(8, _IOC(_IOC_READ|_IOC_WRITE, 0x46, 0x4e, 0x38), 0x7ffd5edc9990) = 0
3113803 close(21)                       = 0
3113803 ioctl(8, _IOC(_IOC_READ|_IOC_WRITE, 0x46, 0x2b, 0x30), 0x7ffd5edca2b0) = 0
3113803 ioctl(8, _IOC(_IOC_READ|_IOC_WRITE, 0x46, 0x2a, 0x20), 0x7ffd5edc9320) = 0
3113803 ioctl(8, _IOC(_IOC_READ|_IOC_WRITE, 0x46, 0x2b, 0x30), 0x7ffd5edca3c0) = 0
3113803 ioctl(8, _IOC(_IOC_READ|_IOC_WRITE, 0x46, 0x2a, 0x20), 0x7ffd5edc92e0) = 0
3113803 ioctl(8, _IOC(_IOC_READ|_IOC_WRITE, 0x46, 0x2b, 0x30), 0x7ffd5edca3c0) = 0
3113803 ioctl(8, _IOC(_IOC_READ|_IOC_WRITE, 0x46, 0x2a, 0x20), 0x7ffd5edc92e0) = 0
3113803 ioctl(8, _IOC(_IOC_READ|_IOC_WRITE, 0x46, 0x2a, 0x20), 0x7ffd5edc9330) = 0
3113803 ioctl(8, _IOC(_IOC_READ|_IOC_WRITE, 0x46, 0x2a, 0x20), 0x7ffd5edc9330) = 0
3113803 ioctl(9, _IOC(_IOC_NONE, 0, 0x1b, 0), 0x7ffd5edcaa70) = 0
3113803 ioctl(9, _IOC(_IOC_NONE, 0, 0x1b, 0), 0x7ffd5edcaa70) = 0
3113803 ioctl(9, _IOC(_IOC_NONE, 0, 0x1b, 0), 0x7ffd5edcaa70) = 0
3113803 ioctl(9, _IOC(_IOC_NONE, 0, 0x1b, 0), 0x7ffd5edcaa70) = 0
3113803 ioctl(9, _IOC(_IOC_NONE, 0, 0x1b, 0), 0x7ffd5edcaa70) = 0
3113803 ioctl(9, _IOC(_IOC_NONE, 0, 0x1b, 0), 0x7ffd5edcaa70) = 0
3113803 ioctl(9, _IOC(_IOC_NONE, 0, 0x1b, 0), 0x7ffd5edcaa70) = 0
3113803 ioctl(9, _IOC(_IOC_NONE, 0, 0x1b, 0), 0x7ffd5edcaa70) = 0
3113803 ioctl(8, _IOC(_IOC_READ|_IOC_WRITE, 0x46, 0x2a, 0x20), 0x7ffd5edc9980) = 0
3113803 openat(AT_FDCWD, "/dev/nvidia0", O_RDWR|O_CLOEXEC) = 21
3113803 ioctl(21, _IOC(_IOC_READ|_IOC_WRITE, 0x46, 0xc9, 0x4), 0x7ffd5edca970) = 0
3113803 ioctl(21, _IOC(_IOC_READ|_IOC_WRITE, 0x46, 0xce, 0x10), 0x7ffd5edca960) = 0
3113803 ioctl(21, _IOC(_IOC_READ|_IOC_WRITE, 0x46, 0x2b, 0x30), 0x7ffd5edca950) = 0
3113803 ioctl(8, _IOC(_IOC_READ|_IOC_WRITE, 0x46, 0x2b, 0x30), 0x7ffd5edca8c0) = 0
3113803 ioctl(8, _IOC(_IOC_READ|_IOC_WRITE, 0x46, 0x2b, 0x30), 0x7ffd5edc9910) = 0
3113803 ioctl(8, _IOC(_IOC_READ|_IOC_WRITE, 0x46, 0x2a, 0x20), 0x7ffd5edc87d0) = 0
3113803 openat(AT_FDCWD, "/dev/nvidiactl", O_RDWR|O_CLOEXEC) = 23
3113803 ioctl(8, _IOC(_IOC_READ|_IOC_WRITE, 0x46, 0x4e, 0x38), 0x7ffd5edc9990) = 0
3113803 close(23)                       = 0
3113803 ioctl(8, _IOC(_IOC_READ|_IOC_WRITE, 0x46, 0x2b, 0x30), 0x7ffd5edca2b0) = 0
3113803 ioctl(8, _IOC(_IOC_READ|_IOC_WRITE, 0x46, 0x2a, 0x20), 0x7ffd5edc9320) = 0
3113803 ioctl(8, _IOC(_IOC_READ|_IOC_WRITE, 0x46, 0x2b, 0x30), 0x7ffd5edca3c0) = 0
3113803 ioctl(8, _IOC(_IOC_READ|_IOC_WRITE, 0x46, 0x2a, 0x20), 0x7ffd5edc92e0) = 0
3113803 ioctl(8, _IOC(_IOC_READ|_IOC_WRITE, 0x46, 0x2a, 0x20), 0x7ffd5edc9330) = 0
3113803 ioctl(8, _IOC(_IOC_READ|_IOC_WRITE, 0x46, 0x2b, 0x30), 0x7ffd5edc9910) = 0
3113803 ioctl(8, _IOC(_IOC_READ|_IOC_WRITE, 0x46, 0x2a, 0x20), 0x7ffd5edc87d0) = 0
3113803 openat(AT_FDCWD, "/dev/nvidiactl", O_RDWR|O_CLOEXEC) = 23
3113803 ioctl(8, _IOC(_IOC_READ|_IOC_WRITE, 0x46, 0x4e, 0x38), 0x7ffd5edc9990) = 0
3113803 close(23)                       = 0
3113803 ioctl(8, _IOC(_IOC_READ|_IOC_WRITE, 0x46, 0x2b, 0x30), 0x7ffd5edca2b0) = 0
3113803 ioctl(8, _IOC(_IOC_READ|_IOC_WRITE, 0x46, 0x2a, 0x20), 0x7ffd5edc9320) = 0
3113803 ioctl(8, _IOC(_IOC_READ|_IOC_WRITE, 0x46, 0x2b, 0x30), 0x7ffd5edca3c0) = 0
3113803 ioctl(8, _IOC(_IOC_READ|_IOC_WRITE, 0x46, 0x2a, 0x20), 0x7ffd5edc92e0) = 0
3113803 ioctl(8, _IOC(_IOC_READ|_IOC_WRITE, 0x46, 0x2a, 0x20), 0x7ffd5edc9330) = 0
3113803 ioctl(8, _IOC(_IOC_READ|_IOC_WRITE, 0x46, 0x2b, 0x30), 0x7ffd5edc9910) = 0
3113803 ioctl(8, _IOC(_IOC_READ|_IOC_WRITE, 0x46, 0x2a, 0x20), 0x7ffd5edc87d0) = 0
3113803 openat(AT_FDCWD, "/dev/nvidiactl", O_RDWR|O_CLOEXEC) = 23
3113803 ioctl(8, _IOC(_IOC_READ|_IOC_WRITE, 0x46, 0x4e, 0x38), 0x7ffd5edc9990) = 0
3113803 close(23)                       = 0
3113803 ioctl(8, _IOC(_IOC_READ|_IOC_WRITE, 0x46, 0x2b, 0x30), 0x7ffd5edca2b0) = 0
3113803 ioctl(8, _IOC(_IOC_READ|_IOC_WRITE, 0x46, 0x2a, 0x20), 0x7ffd5edc9320) = 0
3113803 ioctl(8, _IOC(_IOC_READ|_IOC_WRITE, 0x46, 0x2b, 0x30), 0x7ffd5edca3c0) = 0
3113803 ioctl(8, _IOC(_IOC_READ|_IOC_WRITE, 0x46, 0x2a, 0x20), 0x7ffd5edc92e0) = 0
3113803 ioctl(8, _IOC(_IOC_READ|_IOC_WRITE, 0x46, 0x2a, 0x20), 0x7ffd5edc9330) = 0
3113803 ioctl(8, _IOC(_IOC_READ|_IOC_WRITE, 0x46, 0x2b, 0x30), 0x7ffd5edc9910) = 0
3113803 ioctl(8, _IOC(_IOC_READ|_IOC_WRITE, 0x46, 0x2a, 0x20), 0x7ffd5edc87d0) = 0
3113803 openat(AT_FDCWD, "/dev/nvidiactl", O_RDWR|O_CLOEXEC) = 23
3113803 ioctl(8, _IOC(_IOC_READ|_IOC_WRITE, 0x46, 0x4e, 0x38), 0x7ffd5edc9990) = 0
3113803 close(23)                       = 0
3113803 ioctl(8, _IOC(_IOC_READ|_IOC_WRITE, 0x46, 0x2b, 0x30), 0x7ffd5edca2b0) = 0
3113803 ioctl(8, _IOC(_IOC_READ|_IOC_WRITE, 0x46, 0x2a, 0x20), 0x7ffd5edc9320) = 0
3113803 ioctl(8, _IOC(_IOC_READ|_IOC_WRITE, 0x46, 0x2b, 0x30), 0x7ffd5edca3c0) = 0
3113803 ioctl(8, _IOC(_IOC_READ|_IOC_WRITE, 0x46, 0x2a, 0x20), 0x7ffd5edc92e0) = 0
3113803 ioctl(8, _IOC(_IOC_READ|_IOC_WRITE, 0x46, 0x2a, 0x20), 0x7ffd5edc9330) = 0
3113803 ioctl(9, _IOC(_IOC_NONE, 0, 0x1b, 0), 0x7ffd5edcaa70) = 0
3113803 ioctl(9, _IOC(_IOC_NONE, 0, 0x1b, 0), 0x7ffd5edcaa70) = 0
3113803 ioctl(9, _IOC(_IOC_NONE, 0, 0x1b, 0), 0x7ffd5edcaa70) = 0
3113803 ioctl(9, _IOC(_IOC_NONE, 0, 0x1b, 0), 0x7ffd5edcaa70) = 0
3113803 ioctl(8, _IOC(_IOC_READ|_IOC_WRITE, 0x46, 0x2a, 0x20), 0x7ffd5edc9980) = 0
3113803 openat(AT_FDCWD, "/dev/nvidia0", O_RDWR|O_CLOEXEC) = 23
3113803 ioctl(23, _IOC(_IOC_READ|_IOC_WRITE, 0x46, 0xc9, 0x4), 0x7ffd5edca970) = 0
3113803 ioctl(23, _IOC(_IOC_READ|_IOC_WRITE, 0x46, 0xce, 0x10), 0x7ffd5edca960) = 0
3113803 ioctl(23, _IOC(_IOC_READ|_IOC_WRITE, 0x46, 0x2b, 0x30), 0x7ffd5edca950) = 0
3113803 ioctl(8, _IOC(_IOC_READ|_IOC_WRITE, 0x46, 0x2b, 0x30), 0x7ffd5edca8c0) = 0
3113803 ioctl(8, _IOC(_IOC_READ|_IOC_WRITE, 0x46, 0x2b, 0x30), 0x7ffd5edc9910) = 0
3113803 ioctl(8, _IOC(_IOC_READ|_IOC_WRITE, 0x46, 0x2a, 0x20), 0x7ffd5edc87d0) = 0
3113803 openat(AT_FDCWD, "/dev/nvidiactl", O_RDWR|O_CLOEXEC) = 25
3113803 ioctl(8, _IOC(_IOC_READ|_IOC_WRITE, 0x46, 0x4e, 0x38), 0x7ffd5edc9990) = 0
3113803 close(25)                       = 0
3113803 ioctl(8, _IOC(_IOC_READ|_IOC_WRITE, 0x46, 0x2b, 0x30), 0x7ffd5edca2b0) = 0
3113803 ioctl(8, _IOC(_IOC_READ|_IOC_WRITE, 0x46, 0x2a, 0x20), 0x7ffd5edc9320) = 0
3113803 ioctl(8, _IOC(_IOC_READ|_IOC_WRITE, 0x46, 0x2b, 0x30), 0x7ffd5edca3c0) = 0
3113803 ioctl(8, _IOC(_IOC_READ|_IOC_WRITE, 0x46, 0x2a, 0x20), 0x7ffd5edc92e0) = 0
3113803 ioctl(8, _IOC(_IOC_READ|_IOC_WRITE, 0x46, 0x2a, 0x20), 0x7ffd5edc9330) = 0
3113803 ioctl(8, _IOC(_IOC_READ|_IOC_WRITE, 0x46, 0x2b, 0x30), 0x7ffd5edc9910) = 0
3113803 ioctl(8, _IOC(_IOC_READ|_IOC_WRITE, 0x46, 0x2a, 0x20), 0x7ffd5edc87d0) = 0
3113803 openat(AT_FDCWD, "/dev/nvidiactl", O_RDWR|O_CLOEXEC) = 25
3113803 ioctl(8, _IOC(_IOC_READ|_IOC_WRITE, 0x46, 0x4e, 0x38), 0x7ffd5edc9990) = 0
3113803 close(25)                       = 0
3113803 ioctl(8, _IOC(_IOC_READ|_IOC_WRITE, 0x46, 0x2b, 0x30), 0x7ffd5edca2b0) = 0
3113803 ioctl(8, _IOC(_IOC_READ|_IOC_WRITE, 0x46, 0x2a, 0x20), 0x7ffd5edc9320) = 0
3113803 ioctl(8, _IOC(_IOC_READ|_IOC_WRITE, 0x46, 0x2b, 0x30), 0x7ffd5edca3c0) = 0
3113803 ioctl(8, _IOC(_IOC_READ|_IOC_WRITE, 0x46, 0x2a, 0x20), 0x7ffd5edc92e0) = 0
3113803 ioctl(8, _IOC(_IOC_READ|_IOC_WRITE, 0x46, 0x2a, 0x20), 0x7ffd5edc9330) = 0
3113803 ioctl(8, _IOC(_IOC_READ|_IOC_WRITE, 0x46, 0x2b, 0x30), 0x7ffd5edc9910) = 0
3113803 ioctl(8, _IOC(_IOC_READ|_IOC_WRITE, 0x46, 0x2a, 0x20), 0x7ffd5edc87d0) = 0
3113803 openat(AT_FDCWD, "/dev/nvidiactl", O_RDWR|O_CLOEXEC) = 25
3113803 ioctl(8, _IOC(_IOC_READ|_IOC_WRITE, 0x46, 0x4e, 0x38), 0x7ffd5edc9990) = 0
3113803 close(25)                       = 0
3113803 ioctl(8, _IOC(_IOC_READ|_IOC_WRITE, 0x46, 0x2b, 0x30), 0x7ffd5edca2b0) = 0
3113803 ioctl(8, _IOC(_IOC_READ|_IOC_WRITE, 0x46, 0x2a, 0x20), 0x7ffd5edc9320) = 0
3113803 ioctl(8, _IOC(_IOC_READ|_IOC_WRITE, 0x46, 0x2b, 0x30), 0x7ffd5edca3c0) = 0
3113803 ioctl(8, _IOC(_IOC_READ|_IOC_WRITE, 0x46, 0x2a, 0x20), 0x7ffd5edc92e0) = 0
3113803 ioctl(8, _IOC(_IOC_READ|_IOC_WRITE, 0x46, 0x2a, 0x20), 0x7ffd5edc9330) = 0
3113803 ioctl(8, _IOC(_IOC_READ|_IOC_WRITE, 0x46, 0x2b, 0x30), 0x7ffd5edc9910) = 0
3113803 ioctl(8, _IOC(_IOC_READ|_IOC_WRITE, 0x46, 0x2a, 0x20), 0x7ffd5edc87d0) = 0
3113803 openat(AT_FDCWD, "/dev/nvidiactl", O_RDWR|O_CLOEXEC) = 25
3113803 ioctl(8, _IOC(_IOC_READ|_IOC_WRITE, 0x46, 0x4e, 0x38), 0x7ffd5edc9990) = 0
3113803 close(25)                       = 0
3113803 ioctl(8, _IOC(_IOC_READ|_IOC_WRITE, 0x46, 0x2b, 0x30), 0x7ffd5edca2b0) = 0
3113803 ioctl(8, _IOC(_IOC_READ|_IOC_WRITE, 0x46, 0x2a, 0x20), 0x7ffd5edc9320) = 0
3113803 ioctl(8, _IOC(_IOC_READ|_IOC_WRITE, 0x46, 0x2b, 0x30), 0x7ffd5edca3c0) = 0
3113803 ioctl(8, _IOC(_IOC_READ|_IOC_WRITE, 0x46, 0x2a, 0x20), 0x7ffd5edc92e0) = 0
3113803 ioctl(8, _IOC(_IOC_READ|_IOC_WRITE, 0x46, 0x2a, 0x20), 0x7ffd5edc9330) = 0
3113803 ioctl(9, _IOC(_IOC_NONE, 0, 0x1b, 0), 0x7ffd5edcaa70) = 0
3113803 ioctl(9, _IOC(_IOC_NONE, 0, 0x1b, 0), 0x7ffd5edcaa70) = 0
3113803 ioctl(9, _IOC(_IOC_NONE, 0, 0x1b, 0), 0x7ffd5edcaa70) = 0
3113803 ioctl(9, _IOC(_IOC_NONE, 0, 0x1b, 0), 0x7ffd5edcaa70) = 0
3113803 ioctl(8, _IOC(_IOC_READ|_IOC_WRITE, 0x46, 0x2a, 0x20), 0x7ffd5edc9980) = 0
3113803 openat(AT_FDCWD, "/dev/nvidia0", O_RDWR|O_CLOEXEC) = 25
3113803 ioctl(25, _IOC(_IOC_READ|_IOC_WRITE, 0x46, 0xc9, 0x4), 0x7ffd5edca970) = 0
3113803 ioctl(25, _IOC(_IOC_READ|_IOC_WRITE, 0x46, 0xce, 0x10), 0x7ffd5edca960) = 0
3113803 ioctl(25, _IOC(_IOC_READ|_IOC_WRITE, 0x46, 0x2b, 0x30), 0x7ffd5edca950) = 0
3113803 ioctl(8, _IOC(_IOC_READ|_IOC_WRITE, 0x46, 0x2b, 0x30), 0x7ffd5edca8c0) = 0
3113803 ioctl(8, _IOC(_IOC_READ|_IOC_WRITE, 0x46, 0x2b, 0x30), 0x7ffd5edc9910) = 0
3113803 ioctl(8, _IOC(_IOC_READ|_IOC_WRITE, 0x46, 0x2a, 0x20), 0x7ffd5edc87d0) = 0
3113803 openat(AT_FDCWD, "/dev/nvidiactl", O_RDWR|O_CLOEXEC) = 27
3113803 ioctl(8, _IOC(_IOC_READ|_IOC_WRITE, 0x46, 0x4e, 0x38), 0x7ffd5edc9990) = 0
3113803 close(27)                       = 0
3113803 ioctl(8, _IOC(_IOC_READ|_IOC_WRITE, 0x46, 0x2b, 0x30), 0x7ffd5edca2b0) = 0
3113803 ioctl(8, _IOC(_IOC_READ|_IOC_WRITE, 0x46, 0x2a, 0x20), 0x7ffd5edc9320) = 0
3113803 ioctl(8, _IOC(_IOC_READ|_IOC_WRITE, 0x46, 0x2b, 0x30), 0x7ffd5edca3c0) = 0
3113803 ioctl(8, _IOC(_IOC_READ|_IOC_WRITE, 0x46, 0x2a, 0x20), 0x7ffd5edc92e0) = 0
3113803 ioctl(8, _IOC(_IOC_READ|_IOC_WRITE, 0x46, 0x2a, 0x20), 0x7ffd5edc9330) = 0
3113803 ioctl(8, _IOC(_IOC_READ|_IOC_WRITE, 0x46, 0x2b, 0x30), 0x7ffd5edc9910) = 0
3113803 ioctl(8, _IOC(_IOC_READ|_IOC_WRITE, 0x46, 0x2a, 0x20), 0x7ffd5edc87d0) = 0
3113803 openat(AT_FDCWD, "/dev/nvidiactl", O_RDWR|O_CLOEXEC) = 27
3113803 ioctl(8, _IOC(_IOC_READ|_IOC_WRITE, 0x46, 0x4e, 0x38), 0x7ffd5edc9990) = 0
3113803 close(27)                       = 0
3113803 ioctl(8, _IOC(_IOC_READ|_IOC_WRITE, 0x46, 0x2b, 0x30), 0x7ffd5edca2b0) = 0
3113803 ioctl(8, _IOC(_IOC_READ|_IOC_WRITE, 0x46, 0x2a, 0x20), 0x7ffd5edc9320) = 0
3113803 ioctl(8, _IOC(_IOC_READ|_IOC_WRITE, 0x46, 0x2b, 0x30), 0x7ffd5edca3c0) = 0
3113803 ioctl(8, _IOC(_IOC_READ|_IOC_WRITE, 0x46, 0x2a, 0x20), 0x7ffd5edc92e0) = 0
3113803 ioctl(8, _IOC(_IOC_READ|_IOC_WRITE, 0x46, 0x2a, 0x20), 0x7ffd5edc9330) = 0
3113803 ioctl(8, _IOC(_IOC_READ|_IOC_WRITE, 0x46, 0x2b, 0x30), 0x7ffd5edc9910) = 0
3113803 ioctl(8, _IOC(_IOC_READ|_IOC_WRITE, 0x46, 0x2a, 0x20), 0x7ffd5edc87d0) = 0
3113803 openat(AT_FDCWD, "/dev/nvidiactl", O_RDWR|O_CLOEXEC) = 27
3113803 ioctl(8, _IOC(_IOC_READ|_IOC_WRITE, 0x46, 0x4e, 0x38), 0x7ffd5edc9990) = 0
3113803 close(27)                       = 0
3113803 ioctl(8, _IOC(_IOC_READ|_IOC_WRITE, 0x46, 0x2b, 0x30), 0x7ffd5edca2b0) = 0
3113803 ioctl(8, _IOC(_IOC_READ|_IOC_WRITE, 0x46, 0x2a, 0x20), 0x7ffd5edc9320) = 0
3113803 ioctl(8, _IOC(_IOC_READ|_IOC_WRITE, 0x46, 0x2b, 0x30), 0x7ffd5edca3c0) = 0
3113803 ioctl(8, _IOC(_IOC_READ|_IOC_WRITE, 0x46, 0x2a, 0x20), 0x7ffd5edc92e0) = 0
3113803 ioctl(8, _IOC(_IOC_READ|_IOC_WRITE, 0x46, 0x2a, 0x20), 0x7ffd5edc9330) = 0
3113803 ioctl(8, _IOC(_IOC_READ|_IOC_WRITE, 0x46, 0x2b, 0x30), 0x7ffd5edc9910) = 0
3113803 ioctl(8, _IOC(_IOC_READ|_IOC_WRITE, 0x46, 0x2a, 0x20), 0x7ffd5edc87d0) = 0
3113803 openat(AT_FDCWD, "/dev/nvidiactl", O_RDWR|O_CLOEXEC) = 27
3113803 ioctl(8, _IOC(_IOC_READ|_IOC_WRITE, 0x46, 0x4e, 0x38), 0x7ffd5edc9990) = 0
3113803 close(27)                       = 0
3113803 ioctl(8, _IOC(_IOC_READ|_IOC_WRITE, 0x46, 0x2b, 0x30), 0x7ffd5edca2b0) = 0
3113803 ioctl(8, _IOC(_IOC_READ|_IOC_WRITE, 0x46, 0x2a, 0x20), 0x7ffd5edc9320) = 0
3113803 ioctl(8, _IOC(_IOC_READ|_IOC_WRITE, 0x46, 0x2b, 0x30), 0x7ffd5edca3c0) = 0
3113803 ioctl(8, _IOC(_IOC_READ|_IOC_WRITE, 0x46, 0x2a, 0x20), 0x7ffd5edc92e0) = 0
3113803 ioctl(8, _IOC(_IOC_READ|_IOC_WRITE, 0x46, 0x2a, 0x20), 0x7ffd5edc9330) = 0
3113803 ioctl(9, _IOC(_IOC_NONE, 0, 0x1b, 0), 0x7ffd5edcaa70) = 0
3113803 ioctl(9, _IOC(_IOC_NONE, 0, 0x1b, 0), 0x7ffd5edcaa70) = 0
3113803 ioctl(9, _IOC(_IOC_NONE, 0, 0x1b, 0), 0x7ffd5edcaa70) = 0
3113803 ioctl(9, _IOC(_IOC_NONE, 0, 0x1b, 0), 0x7ffd5edcaa70) = 0
3113803 ioctl(8, _IOC(_IOC_READ|_IOC_WRITE, 0x46, 0x2a, 0x20), 0x7ffd5edc9980) = 0
3113803 openat(AT_FDCWD, "/dev/nvidia0", O_RDWR|O_CLOEXEC) = 27
3113803 ioctl(27, _IOC(_IOC_READ|_IOC_WRITE, 0x46, 0xc9, 0x4), 0x7ffd5edca970) = 0
3113803 ioctl(27, _IOC(_IOC_READ|_IOC_WRITE, 0x46, 0xce, 0x10), 0x7ffd5edca960) = 0
3113803 ioctl(27, _IOC(_IOC_READ|_IOC_WRITE, 0x46, 0x2b, 0x30), 0x7ffd5edca950) = 0
3113803 ioctl(8, _IOC(_IOC_READ|_IOC_WRITE, 0x46, 0x2b, 0x30), 0x7ffd5edc9d50) = 0
3113803 ioctl(8, _IOC(_IOC_READ|_IOC_WRITE, 0x46, 0x2a, 0x20), 0x7ffd5edc8c10) = 0
3113803 openat(AT_FDCWD, "/dev/nvidiactl", O_RDWR|O_CLOEXEC) = 29
3113803 ioctl(8, _IOC(_IOC_READ|_IOC_WRITE, 0x46, 0x4e, 0x38), 0x7ffd5edc9dd0) = 0
3113803 close(29)                       = 0
3113803 ioctl(9, _IOC(_IOC_NONE, 0, 0x49, 0), 0x7ffd5edc9a30) = 0
3113803 ioctl(9, _IOC(_IOC_NONE, 0, 0x21, 0), 0x7ffd5edc7620) = 0
3113803 ioctl(8, _IOC(_IOC_READ|_IOC_WRITE, 0x46, 0x2b, 0x30), 0x7ffd5edc9df0) = 0
3113803 ioctl(9, _IOC(_IOC_NONE, 0, 0x49, 0), 0x7ffd5edc9ad0) = 0
3113803 ioctl(9, _IOC(_IOC_NONE, 0, 0x21, 0), 0x7ffd5edc76c0) = 0
3113803 ioctl(9, _IOC(_IOC_NONE, 0, 0x44, 0), 0x7ffd5edc7580) = 0
3113803 ioctl(9, _IOC(_IOC_NONE, 0, 0x48, 0), 0x7ffd5edc7050) = 0
3113803 ioctl(9, _IOC(_IOC_NONE, 0, 0x17, 0), 0x7ffd5edcaba0) = 0
3113803 ioctl(9, _IOC(_IOC_NONE, 0, 0x17, 0), 0x7ffd5edcaba0) = 0
3113803 ioctl(9, _IOC(_IOC_NONE, 0, 0x17, 0), 0x7ffd5edcaba0) = 0
3113803 ioctl(9, _IOC(_IOC_NONE, 0, 0x17, 0), 0x7ffd5edcaba0) = 0
3113803 ioctl(9, _IOC(_IOC_NONE, 0, 0x17, 0), 0x7ffd5edcaba0) = 0
3113803 ioctl(9, _IOC(_IOC_NONE, 0, 0x17, 0), 0x7ffd5edcaba0) = 0
3113803 ioctl(9, _IOC(_IOC_NONE, 0, 0x17, 0), 0x7ffd5edcaba0) = 0
3113803 ioctl(9, _IOC(_IOC_NONE, 0, 0x17, 0), 0x7ffd5edcaba0) = 0
3113803 ioctl(9, _IOC(_IOC_NONE, 0, 0x17, 0), 0x7ffd5edcaba0) = 0
3113803 ioctl(8, _IOC(_IOC_READ|_IOC_WRITE, 0x46, 0x2b, 0x30), 0x7ffd5edc9c30) = 0
3113803 ioctl(8, _IOC(_IOC_READ|_IOC_WRITE, 0x46, 0x2a, 0x20), 0x7ffd5edc8af0) = 0
3113803 openat(AT_FDCWD, "/dev/nvidiactl", O_RDWR|O_CLOEXEC) = 30
3113803 ioctl(8, _IOC(_IOC_READ|_IOC_WRITE, 0x46, 0x4e, 0x38), 0x7ffd5edc9cb0) = 0
3113803 close(30)                       = 0
3113803 ioctl(9, _IOC(_IOC_NONE, 0, 0x49, 0), 0x7ffd5edc9910) = 0
3113803 ioctl(9, _IOC(_IOC_NONE, 0, 0x21, 0), 0x7ffd5edc7500) = 0
3113803 ioctl(13, _IOC(_IOC_READ|_IOC_WRITE, 0x46, 0x27, 0x38), 0x7ffd5edc9c20) = 0
3113803 ioctl(9, _IOC(_IOC_NONE, 0, 0x49, 0), 0x7ffd5edc9910) = 0
3113803 ioctl(9, _IOC(_IOC_NONE, 0, 0x21, 0), 0x7ffd5edc7500) = 0
3113803 ioctl(8, _IOC(_IOC_READ|_IOC_WRITE, 0x46, 0x2b, 0x30), 0x7ffd5edc9f80) = 0
3113803 ioctl(9, _IOC(_IOC_NONE, 0, 0x49, 0), 0x7ffd5edc9c60) = 0
3113803 ioctl(9, _IOC(_IOC_NONE, 0, 0x21, 0), 0x7ffd5edc7850) = 0
3113803 ioctl(13, _IOC(_IOC_READ|_IOC_WRITE, 0x46, 0x27, 0x38), 0x7ffd5edc9d20) = 0
3113803 ioctl(9, _IOC(_IOC_NONE, 0, 0x49, 0), 0x7ffd5edc9a10) = 0
3113803 ioctl(9, _IOC(_IOC_NONE, 0, 0x21, 0), 0x7ffd5edc7600) = 0
3113803 ioctl(8, _IOC(_IOC_READ|_IOC_WRITE, 0x46, 0x2b, 0x30), 0x7ffd5edc9d30) = 0
3113803 ioctl(9, _IOC(_IOC_NONE, 0, 0x49, 0), 0x7ffd5edc9a10) = 0
3113803 ioctl(9, _IOC(_IOC_NONE, 0, 0x21, 0), 0x7ffd5edc7600) = 0
3113803 ioctl(9, _IOC(_IOC_NONE, 0, 0x41, 0), 0x7ffd5edc9e40) = 0
3113803 ioctl(13, _IOC(_IOC_READ|_IOC_WRITE, 0x46, 0x27, 0x38), 0x7ffd5edca160) = 0
3113803 ioctl(9, _IOC(_IOC_NONE, 0, 0x49, 0), 0x7ffd5edc9e50) = 0
3113803 ioctl(9, _IOC(_IOC_NONE, 0, 0x21, 0), 0x7ffd5edc7a40) = 0
3113803 ioctl(13, _IOC(_IOC_READ|_IOC_WRITE, 0x46, 0x27, 0x38), 0x7ffd5edc9f30) = 0
3113803 ioctl(9, _IOC(_IOC_NONE, 0, 0x49, 0), 0x7ffd5edc9c20) = 0
3113803 ioctl(9, _IOC(_IOC_NONE, 0, 0x21, 0), 0x7ffd5edc7810) = 0
3113803 ioctl(8, _IOC(_IOC_READ|_IOC_WRITE, 0x46, 0x2b, 0x30), 0x7ffd5edc9620) = 0
3113803 ioctl(9, _IOC(_IOC_NONE, 0, 0x49, 0), 0x7ffd5edc9300) = 0
3113803 ioctl(9, _IOC(_IOC_NONE, 0, 0x21, 0), 0x7ffd5edc6ef0) = 0
3113803 ioctl(8, _IOC(_IOC_READ|_IOC_WRITE, 0x46, 0x2b, 0x30), 0x7ffd5edc9f30) = 0
3113803 ioctl(8, _IOC(_IOC_READ|_IOC_WRITE, 0x46, 0x2a, 0x20), 0x7ffd5edc8df0) = 0
3113803 openat(AT_FDCWD, "/dev/nvidiactl", O_RDWR|O_CLOEXEC) = 30
3113803 ioctl(8, _IOC(_IOC_READ|_IOC_WRITE, 0x46, 0x4e, 0x38), 0x7ffd5edc9fb0) = 0
3113803 close(30)                       = 0
3113803 ioctl(9, _IOC(_IOC_NONE, 0, 0x49, 0), 0x7ffd5edc9c10) = 0
3113803 ioctl(9, _IOC(_IOC_NONE, 0, 0x21, 0), 0x7ffd5edc7800) = 0
3113803 ioctl(13, _IOC(_IOC_READ|_IOC_WRITE, 0x46, 0x27, 0x38), 0x7ffd5edc9f10) = 0
3113803 ioctl(9, _IOC(_IOC_NONE, 0, 0x49, 0), 0x7ffd5edc9c00) = 0
3113803 ioctl(9, _IOC(_IOC_NONE, 0, 0x21, 0), 0x7ffd5edc77f0) = 0
3113803 ioctl(8, _IOC(_IOC_READ|_IOC_WRITE, 0x46, 0x2b, 0x30), 0x7ffd5edcac20) = 0
3113803 ioctl(8, _IOC(_IOC_READ|_IOC_WRITE, 0x46, 0x2b, 0x30), 0x7ffd5edc9db0) = 0
3113803 ioctl(8, _IOC(_IOC_READ|_IOC_WRITE, 0x46, 0x2a, 0x20), 0x7ffd5edc8c70) = 0
3113803 openat(AT_FDCWD, "/dev/nvidiactl", O_RDWR|O_CLOEXEC) = 30
3113803 ioctl(8, _IOC(_IOC_READ|_IOC_WRITE, 0x46, 0x4e, 0x38), 0x7ffd5edc9e30) = 0
3113803 close(30)                       = 0
3113803 ioctl(9, _IOC(_IOC_NONE, 0, 0x49, 0), 0x7ffd5edc9a90) = 0
3113803 ioctl(9, _IOC(_IOC_NONE, 0, 0x21, 0), 0x7ffd5edc7680) = 0
3113803 ioctl(8, _IOC(_IOC_READ|_IOC_WRITE, 0x46, 0x2b, 0x30), 0x7ffd5edc9ef0) = 0
3113803 ioctl(9, _IOC(_IOC_NONE, 0, 0x49, 0), 0x7ffd5edc9bd0) = 0
3113803 ioctl(9, _IOC(_IOC_NONE, 0, 0x21, 0), 0x7ffd5edc77c0) = 0
3113803 ioctl(8, _IOC(_IOC_READ|_IOC_WRITE, 0x46, 0x2b, 0x30), 0x7ffd5edc9ef0) = 0
3113803 ioctl(9, _IOC(_IOC_NONE, 0, 0x49, 0), 0x7ffd5edc9bd0) = 0
3113803 ioctl(9, _IOC(_IOC_NONE, 0, 0x21, 0), 0x7ffd5edc77c0) = 0
3113803 ioctl(8, _IOC(_IOC_READ|_IOC_WRITE, 0x46, 0x2b, 0x30), 0x7ffd5edc95f0) = 0
3113803 ioctl(9, _IOC(_IOC_NONE, 0, 0x49, 0), 0x7ffd5edc92d0) = 0
3113803 ioctl(9, _IOC(_IOC_NONE, 0, 0x21, 0), 0x7ffd5edc6ec0) = 0
3113803 openat(AT_FDCWD, "/dev/nvidia0", O_RDWR|O_CLOEXEC) = 30
3113803 ioctl(30, _IOC(_IOC_READ|_IOC_WRITE, 0x46, 0xc9, 0x4), 0x7ffd5edcaad0) = 0
3113803 ioctl(30, _IOC(_IOC_READ|_IOC_WRITE, 0x46, 0xce, 0x10), 0x7ffd5edcaac0) = 0
3113803 ioctl(30, _IOC(_IOC_READ|_IOC_WRITE, 0x46, 0x2b, 0x30), 0x7ffd5edcaab0) = 0
3113803 openat(AT_FDCWD, "/dev/nvidia0", O_RDWR|O_CLOEXEC) = 32
3113803 ioctl(32, _IOC(_IOC_READ|_IOC_WRITE, 0x46, 0xc9, 0x4), 0x7ffd5edcaad0) = 0
3113803 ioctl(32, _IOC(_IOC_READ|_IOC_WRITE, 0x46, 0xce, 0x10), 0x7ffd5edcaac0) = 0
3113803 ioctl(32, _IOC(_IOC_READ|_IOC_WRITE, 0x46, 0x2b, 0x30), 0x7ffd5edcaab0) = 0
3113803 openat(AT_FDCWD, "/dev/nvidia0", O_RDWR|O_CLOEXEC) = 34
3113803 ioctl(34, _IOC(_IOC_READ|_IOC_WRITE, 0x46, 0xc9, 0x4), 0x7ffd5edcaad0) = 0
3113803 ioctl(34, _IOC(_IOC_READ|_IOC_WRITE, 0x46, 0xce, 0x10), 0x7ffd5edcaac0) = 0
3113803 ioctl(34, _IOC(_IOC_READ|_IOC_WRITE, 0x46, 0x2b, 0x30), 0x7ffd5edcaab0) = 0
3113803 openat(AT_FDCWD, "/dev/nvidia0", O_RDWR|O_CLOEXEC) = 36
3113803 ioctl(36, _IOC(_IOC_READ|_IOC_WRITE, 0x46, 0xc9, 0x4), 0x7ffd5edcaad0) = 0
3113803 ioctl(36, _IOC(_IOC_READ|_IOC_WRITE, 0x46, 0xce, 0x10), 0x7ffd5edcaac0) = 0
3113803 ioctl(36, _IOC(_IOC_READ|_IOC_WRITE, 0x46, 0x2b, 0x30), 0x7ffd5edcaab0) = 0
3113803 ioctl(8, _IOC(_IOC_READ|_IOC_WRITE, 0x46, 0x2a, 0x20), 0x7ffd5edc9a20) = 0
3113803 ioctl(8, _IOC(_IOC_READ|_IOC_WRITE, 0x46, 0x2a, 0x20), 0x7ffd5edc9ad0) = 0
3113803 ioctl(8, _IOC(_IOC_READ|_IOC_WRITE, 0x46, 0x2a, 0x20), 0x7ffd5edc9b60) = 0
3113803 ioctl(8, _IOC(_IOC_READ|_IOC_WRITE, 0x46, 0x2b, 0x30), 0x7ffd5edc9ed0) = 0
3113803 ioctl(9, _IOC(_IOC_NONE, 0, 0x49, 0), 0x7ffd5edc9bb0) = 0
3113803 ioctl(9, _IOC(_IOC_NONE, 0, 0x21, 0), 0x7ffd5edc77a0) = 0
3113803 ioctl(8, _IOC(_IOC_READ|_IOC_WRITE, 0x46, 0x2a, 0x20), 0x7ffd5edc9b60) = 0
3113803 openat(AT_FDCWD, "/proc/self/task/3113824/comm", O_WRONLY|O_CREAT|O_TRUNC, 0666) = 38
3113803 close(38)                       = 0
3113803 ioctl(9, _IOC(_IOC_NONE, 0, 0x22, 0), 0x7ffd5edcb100) = 0
3113803 ioctl(8, _IOC(_IOC_READ|_IOC_WRITE, 0x46, 0x29, 0x10), 0x7ffd5edcb1a0) = 0
3113803 ioctl(9, _IOC(_IOC_NONE, 0, 0x22, 0), 0x7ffd5edcb100) = 0
3113803 ioctl(8, _IOC(_IOC_READ|_IOC_WRITE, 0x46, 0x29, 0x10), 0x7ffd5edcb1a0) = 0
3113803 ioctl(8, _IOC(_IOC_READ|_IOC_WRITE, 0x46, 0x29, 0x10), 0x7ffd5edcb430) = 0
3113803 close(33)                       = 0
3113803 ioctl(32, _IOC(_IOC_READ|_IOC_WRITE, 0x46, 0xcf, 0x10), 0x7ffd5edcb440) = 0
3113803 close(32)                       = 0
3113803 ioctl(8, _IOC(_IOC_READ|_IOC_WRITE, 0x46, 0x29, 0x10), 0x7ffd5edcb430) = 0
3113803 close(35)                       = 0
3113803 ioctl(34, _IOC(_IOC_READ|_IOC_WRITE, 0x46, 0xcf, 0x10), 0x7ffd5edcb440) = 0
3113803 close(34)                       = 0
3113803 ioctl(8, _IOC(_IOC_READ|_IOC_WRITE, 0x46, 0x29, 0x10), 0x7ffd5edcb430) = 0
3113803 close(31)                       = 0
3113803 ioctl(30, _IOC(_IOC_READ|_IOC_WRITE, 0x46, 0xcf, 0x10), 0x7ffd5edcb440) = 0
3113803 close(30)                       = 0
3113803 ioctl(8, _IOC(_IOC_READ|_IOC_WRITE, 0x46, 0x29, 0x10), 0x7ffd5edcb430) = 0
3113803 close(37)                       = 0
3113803 ioctl(36, _IOC(_IOC_READ|_IOC_WRITE, 0x46, 0xcf, 0x10), 0x7ffd5edcb440) = 0
3113803 close(36)                       = 0
3113803 ioctl(9, _IOC(_IOC_NONE, 0, 0x22, 0), 0x7ffd5edcb090) = 0
3113803 ioctl(8, _IOC(_IOC_READ|_IOC_WRITE, 0x46, 0x29, 0x10), 0x7ffd5edcb130) = 0
3113803 ioctl(9, _IOC(_IOC_NONE, 0, 0x22, 0), 0x7ffd5edcb090) = 0
3113803 ioctl(8, _IOC(_IOC_READ|_IOC_WRITE, 0x46, 0x29, 0x10), 0x7ffd5edcb130) = 0
3113803 ioctl(9, _IOC(_IOC_NONE, 0, 0x22, 0), 0x7ffd5edcb110) = 0
3113803 ioctl(8, _IOC(_IOC_READ|_IOC_WRITE, 0x46, 0x4f, 0x20), 0x7ffd5edcb200) = 0
3113803 ioctl(8, _IOC(_IOC_READ|_IOC_WRITE, 0x46, 0x29, 0x10), 0x7ffd5edcb1b0) = 0
3113803 ioctl(8, _IOC(_IOC_READ|_IOC_WRITE, 0x46, 0x29, 0x10), 0x7ffd5edcb490) = 0
3113803 ioctl(9, _IOC(_IOC_NONE, 0, 0x22, 0), 0x7ffd5edcb100) = 0
3113803 ioctl(8, _IOC(_IOC_READ|_IOC_WRITE, 0x46, 0x29, 0x10), 0x7ffd5edcb1a0) = 0
3113803 ioctl(9, _IOC(_IOC_NONE, 0, 0x22, 0), 0x7ffd5edcb100) = 0
3113803 ioctl(8, _IOC(_IOC_READ|_IOC_WRITE, 0x46, 0x4f, 0x20), 0x7ffd5edcb1f0) = 0
3113803 ioctl(8, _IOC(_IOC_READ|_IOC_WRITE, 0x46, 0x29, 0x10), 0x7ffd5edcb1a0) = 0
3113803 ioctl(8, _IOC(_IOC_READ|_IOC_WRITE, 0x46, 0x2a, 0x20), 0x7ffd5edca0f0) = 0
3113803 ioctl(9, _IOC(_IOC_NONE, 0, 0x22, 0), 0x7ffd5edcb060) = 0
3113803 ioctl(8, _IOC(_IOC_READ|_IOC_WRITE, 0x46, 0x29, 0x10), 0x7ffd5edcb100) = 0
3113823 +++ exited with 0 +++
3113803 ioctl(8, _IOC(_IOC_READ|_IOC_WRITE, 0x46, 0x2a, 0x20), 0x7ffd5edca440) = 0
3113803 close(39)                       = 0
3113803 close(38)                       = 0
3113803 ioctl(9, _IOC(_IOC_NONE, 0, 0x22, 0), 0x7ffd5edcb140) = 0
3113803 ioctl(9, _IOC(_IOC_NONE, 0, 0x22, 0), 0x7ffd5edcb140) = 0
3113803 ioctl(8, _IOC(_IOC_READ|_IOC_WRITE, 0x46, 0x29, 0x10), 0x7ffd5edcb1e0) = 0
3113803 ioctl(9, _IOC(_IOC_NONE, 0, 0x22, 0), 0x7ffd5edcb110) = 0
3113803 ioctl(8, _IOC(_IOC_READ|_IOC_WRITE, 0x46, 0x29, 0x10), 0x7ffd5edcb1b0) = 0
3113803 ioctl(9, _IOC(_IOC_NONE, 0, 0x22, 0), 0x7ffd5edcb140) = 0
3113803 ioctl(8, _IOC(_IOC_READ|_IOC_WRITE, 0x46, 0x4f, 0x20), 0x7ffd5edcb230) = 0
3113803 ioctl(8, _IOC(_IOC_READ|_IOC_WRITE, 0x46, 0x29, 0x10), 0x7ffd5edcb1e0) = 0
3113803 ioctl(9, _IOC(_IOC_NONE, 0, 0x18, 0), 0x7ffd5edcb510) = 0
3113803 ioctl(9, _IOC(_IOC_NONE, 0, 0x18, 0), 0x7ffd5edcb510) = 0
3113803 ioctl(9, _IOC(_IOC_NONE, 0, 0x18, 0), 0x7ffd5edcb510) = 0
3113803 ioctl(9, _IOC(_IOC_NONE, 0, 0x18, 0), 0x7ffd5edcb510) = 0
3113803 ioctl(9, _IOC(_IOC_NONE, 0, 0x18, 0), 0x7ffd5edcb510) = 0
3113803 ioctl(9, _IOC(_IOC_NONE, 0, 0x18, 0), 0x7ffd5edcb510) = 0
3113803 ioctl(9, _IOC(_IOC_NONE, 0, 0x18, 0), 0x7ffd5edcb510) = 0
3113803 ioctl(9, _IOC(_IOC_NONE, 0, 0x18, 0), 0x7ffd5edcb510) = 0
3113803 ioctl(9, _IOC(_IOC_NONE, 0, 0x18, 0), 0x7ffd5edcb510) = 0
3113803 ioctl(9, _IOC(_IOC_NONE, 0, 0x22, 0), 0x7ffd5edcb0d0) = 0
3113803 ioctl(8, _IOC(_IOC_READ|_IOC_WRITE, 0x46, 0x29, 0x10), 0x7ffd5edcb170) = 0
3113803 ioctl(8, _IOC(_IOC_READ|_IOC_WRITE, 0x46, 0x2a, 0x20), 0x7ffd5edca440) = 0
3113803 ioctl(9, _IOC(_IOC_NONE, 0, 0x22, 0), 0x7ffd5edcb140) = 0
3113803 ioctl(8, _IOC(_IOC_READ|_IOC_WRITE, 0x46, 0x29, 0x10), 0x7ffd5edcb1e0) = 0
3113803 close(29)                       = 0
3113803 ioctl(8, _IOC(_IOC_READ|_IOC_WRITE, 0x46, 0x29, 0x10), 0x7ffd5edcb3f0) = 0
3113803 close(22)                       = 0
3113803 ioctl(21, _IOC(_IOC_READ|_IOC_WRITE, 0x46, 0xcf, 0x10), 0x7ffd5edcb400) = 0
3113803 close(21)                       = 0
3113803 ioctl(9, _IOC(_IOC_NONE, 0, 0x1c, 0), 0x7ffd5edcb470) = 0
3113803 ioctl(9, _IOC(_IOC_NONE, 0, 0x1c, 0), 0x7ffd5edcb470) = 0
3113803 ioctl(9, _IOC(_IOC_NONE, 0, 0x1c, 0), 0x7ffd5edcb470) = 0
3113803 ioctl(9, _IOC(_IOC_NONE, 0, 0x1c, 0), 0x7ffd5edcb470) = 0
3113803 ioctl(9, _IOC(_IOC_NONE, 0, 0x1c, 0), 0x7ffd5edcb470) = 0
3113803 ioctl(9, _IOC(_IOC_NONE, 0, 0x1c, 0), 0x7ffd5edcb470) = 0
3113803 ioctl(9, _IOC(_IOC_NONE, 0, 0x1c, 0), 0x7ffd5edcb470) = 0
3113803 ioctl(9, _IOC(_IOC_NONE, 0, 0x1c, 0), 0x7ffd5edcb470) = 0
3113803 ioctl(8, _IOC(_IOC_READ|_IOC_WRITE, 0x46, 0x29, 0x10), 0x7ffd5edcb380) = 0
3113803 ioctl(8, _IOC(_IOC_READ|_IOC_WRITE, 0x46, 0x29, 0x10), 0x7ffd5edcb380) = 0
3113803 ioctl(8, _IOC(_IOC_READ|_IOC_WRITE, 0x46, 0x29, 0x10), 0x7ffd5edcb3b0) = 0
3113803 ioctl(8, _IOC(_IOC_READ|_IOC_WRITE, 0x46, 0x4f, 0x20), 0x7ffd5edcb120) = 0
3113803 ioctl(8, _IOC(_IOC_READ|_IOC_WRITE, 0x46, 0x29, 0x10), 0x7ffd5edcb0d0) = 0
3113803 ioctl(8, _IOC(_IOC_READ|_IOC_WRITE, 0x46, 0x29, 0x10), 0x7ffd5edcb380) = 0
3113803 ioctl(8, _IOC(_IOC_READ|_IOC_WRITE, 0x46, 0x29, 0x10), 0x7ffd5edcb380) = 0
3113803 ioctl(8, _IOC(_IOC_READ|_IOC_WRITE, 0x46, 0x29, 0x10), 0x7ffd5edcb3b0) = 0
3113803 ioctl(8, _IOC(_IOC_READ|_IOC_WRITE, 0x46, 0x4f, 0x20), 0x7ffd5edcb120) = 0
3113803 ioctl(8, _IOC(_IOC_READ|_IOC_WRITE, 0x46, 0x29, 0x10), 0x7ffd5edcb0d0) = 0
3113803 ioctl(8, _IOC(_IOC_READ|_IOC_WRITE, 0x46, 0x29, 0x10), 0x7ffd5edcb380) = 0
3113803 ioctl(8, _IOC(_IOC_READ|_IOC_WRITE, 0x46, 0x29, 0x10), 0x7ffd5edcb380) = 0
3113803 ioctl(8, _IOC(_IOC_READ|_IOC_WRITE, 0x46, 0x29, 0x10), 0x7ffd5edcb3b0) = 0
3113803 ioctl(8, _IOC(_IOC_READ|_IOC_WRITE, 0x46, 0x4f, 0x20), 0x7ffd5edcb120) = 0
3113803 ioctl(8, _IOC(_IOC_READ|_IOC_WRITE, 0x46, 0x29, 0x10), 0x7ffd5edcb0d0) = 0
3113803 ioctl(8, _IOC(_IOC_READ|_IOC_WRITE, 0x46, 0x29, 0x10), 0x7ffd5edcb380) = 0
3113803 ioctl(8, _IOC(_IOC_READ|_IOC_WRITE, 0x46, 0x29, 0x10), 0x7ffd5edcb380) = 0
3113803 ioctl(8, _IOC(_IOC_READ|_IOC_WRITE, 0x46, 0x29, 0x10), 0x7ffd5edcb3b0) = 0
3113803 ioctl(8, _IOC(_IOC_READ|_IOC_WRITE, 0x46, 0x4f, 0x20), 0x7ffd5edcb120) = 0
3113803 ioctl(8, _IOC(_IOC_READ|_IOC_WRITE, 0x46, 0x29, 0x10), 0x7ffd5edcb0d0) = 0
3113803 ioctl(8, _IOC(_IOC_READ|_IOC_WRITE, 0x46, 0x29, 0x10), 0x7ffd5edcb380) = 0
3113803 ioctl(8, _IOC(_IOC_READ|_IOC_WRITE, 0x46, 0x29, 0x10), 0x7ffd5edcb380) = 0
3113803 ioctl(8, _IOC(_IOC_READ|_IOC_WRITE, 0x46, 0x29, 0x10), 0x7ffd5edcb3b0) = 0
3113803 ioctl(8, _IOC(_IOC_READ|_IOC_WRITE, 0x46, 0x4f, 0x20), 0x7ffd5edcb120) = 0
3113803 ioctl(8, _IOC(_IOC_READ|_IOC_WRITE, 0x46, 0x29, 0x10), 0x7ffd5edcb0d0) = 0
3113803 ioctl(8, _IOC(_IOC_READ|_IOC_WRITE, 0x46, 0x29, 0x10), 0x7ffd5edcb380) = 0
3113803 ioctl(8, _IOC(_IOC_READ|_IOC_WRITE, 0x46, 0x29, 0x10), 0x7ffd5edcb380) = 0
3113803 ioctl(8, _IOC(_IOC_READ|_IOC_WRITE, 0x46, 0x29, 0x10), 0x7ffd5edcb3b0) = 0
3113803 ioctl(8, _IOC(_IOC_READ|_IOC_WRITE, 0x46, 0x4f, 0x20), 0x7ffd5edcb120) = 0
3113803 ioctl(8, _IOC(_IOC_READ|_IOC_WRITE, 0x46, 0x29, 0x10), 0x7ffd5edcb0d0) = 0
3113803 ioctl(8, _IOC(_IOC_READ|_IOC_WRITE, 0x46, 0x29, 0x10), 0x7ffd5edcb380) = 0
3113803 ioctl(8, _IOC(_IOC_READ|_IOC_WRITE, 0x46, 0x29, 0x10), 0x7ffd5edcb380) = 0
3113803 ioctl(8, _IOC(_IOC_READ|_IOC_WRITE, 0x46, 0x29, 0x10), 0x7ffd5edcb3b0) = 0
3113803 ioctl(8, _IOC(_IOC_READ|_IOC_WRITE, 0x46, 0x4f, 0x20), 0x7ffd5edcb120) = 0
3113803 ioctl(8, _IOC(_IOC_READ|_IOC_WRITE, 0x46, 0x29, 0x10), 0x7ffd5edcb0d0) = 0
3113803 ioctl(8, _IOC(_IOC_READ|_IOC_WRITE, 0x46, 0x29, 0x10), 0x7ffd5edcb380) = 0
3113803 ioctl(8, _IOC(_IOC_READ|_IOC_WRITE, 0x46, 0x29, 0x10), 0x7ffd5edcb380) = 0
3113803 ioctl(8, _IOC(_IOC_READ|_IOC_WRITE, 0x46, 0x29, 0x10), 0x7ffd5edcb3b0) = 0
3113803 ioctl(8, _IOC(_IOC_READ|_IOC_WRITE, 0x46, 0x4f, 0x20), 0x7ffd5edcb120) = 0
3113803 ioctl(8, _IOC(_IOC_READ|_IOC_WRITE, 0x46, 0x29, 0x10), 0x7ffd5edcb0d0) = 0
3113803 ioctl(8, _IOC(_IOC_READ|_IOC_WRITE, 0x46, 0x29, 0x10), 0x7ffd5edcb430) = 0
3113803 ioctl(8, _IOC(_IOC_READ|_IOC_WRITE, 0x46, 0x29, 0x10), 0x7ffd5edcb430) = 0
3113803 ioctl(8, _IOC(_IOC_READ|_IOC_WRITE, 0x46, 0x29, 0x10), 0x7ffd5edcb3f0) = 0
3113803 close(24)                       = 0
3113803 ioctl(23, _IOC(_IOC_READ|_IOC_WRITE, 0x46, 0xcf, 0x10), 0x7ffd5edcb400) = 0
3113803 close(23)                       = 0
3113803 ioctl(9, _IOC(_IOC_NONE, 0, 0x1c, 0), 0x7ffd5edcb470) = 0
3113803 ioctl(9, _IOC(_IOC_NONE, 0, 0x1c, 0), 0x7ffd5edcb470) = 0
3113803 ioctl(9, _IOC(_IOC_NONE, 0, 0x1c, 0), 0x7ffd5edcb470) = 0
3113803 ioctl(9, _IOC(_IOC_NONE, 0, 0x1c, 0), 0x7ffd5edcb470) = 0
3113803 ioctl(8, _IOC(_IOC_READ|_IOC_WRITE, 0x46, 0x29, 0x10), 0x7ffd5edcb380) = 0
3113803 ioctl(8, _IOC(_IOC_READ|_IOC_WRITE, 0x46, 0x29, 0x10), 0x7ffd5edcb3b0) = 0
3113803 ioctl(8, _IOC(_IOC_READ|_IOC_WRITE, 0x46, 0x4f, 0x20), 0x7ffd5edcb120) = 0
3113803 ioctl(8, _IOC(_IOC_READ|_IOC_WRITE, 0x46, 0x29, 0x10), 0x7ffd5edcb0d0) = 0
3113803 ioctl(8, _IOC(_IOC_READ|_IOC_WRITE, 0x46, 0x29, 0x10), 0x7ffd5edcb380) = 0
3113803 ioctl(8, _IOC(_IOC_READ|_IOC_WRITE, 0x46, 0x29, 0x10), 0x7ffd5edcb3b0) = 0
3113803 ioctl(8, _IOC(_IOC_READ|_IOC_WRITE, 0x46, 0x4f, 0x20), 0x7ffd5edcb120) = 0
3113803 ioctl(8, _IOC(_IOC_READ|_IOC_WRITE, 0x46, 0x29, 0x10), 0x7ffd5edcb0d0) = 0
3113803 ioctl(8, _IOC(_IOC_READ|_IOC_WRITE, 0x46, 0x29, 0x10), 0x7ffd5edcb380) = 0
3113803 ioctl(8, _IOC(_IOC_READ|_IOC_WRITE, 0x46, 0x29, 0x10), 0x7ffd5edcb3b0) = 0
3113803 ioctl(8, _IOC(_IOC_READ|_IOC_WRITE, 0x46, 0x4f, 0x20), 0x7ffd5edcb120) = 0
3113803 ioctl(8, _IOC(_IOC_READ|_IOC_WRITE, 0x46, 0x29, 0x10), 0x7ffd5edcb0d0) = 0
3113803 ioctl(8, _IOC(_IOC_READ|_IOC_WRITE, 0x46, 0x29, 0x10), 0x7ffd5edcb380) = 0
3113803 ioctl(8, _IOC(_IOC_READ|_IOC_WRITE, 0x46, 0x29, 0x10), 0x7ffd5edcb3b0) = 0
3113803 ioctl(8, _IOC(_IOC_READ|_IOC_WRITE, 0x46, 0x4f, 0x20), 0x7ffd5edcb120) = 0
3113803 ioctl(8, _IOC(_IOC_READ|_IOC_WRITE, 0x46, 0x29, 0x10), 0x7ffd5edcb0d0) = 0
3113803 ioctl(8, _IOC(_IOC_READ|_IOC_WRITE, 0x46, 0x29, 0x10), 0x7ffd5edcb430) = 0
3113803 ioctl(8, _IOC(_IOC_READ|_IOC_WRITE, 0x46, 0x29, 0x10), 0x7ffd5edcb3f0) = 0
3113803 close(26)                       = 0
3113803 ioctl(25, _IOC(_IOC_READ|_IOC_WRITE, 0x46, 0xcf, 0x10), 0x7ffd5edcb400) = 0
3113803 close(25)                       = 0
3113803 ioctl(9, _IOC(_IOC_NONE, 0, 0x1c, 0), 0x7ffd5edcb470) = 0
3113803 ioctl(9, _IOC(_IOC_NONE, 0, 0x1c, 0), 0x7ffd5edcb470) = 0
3113803 ioctl(9, _IOC(_IOC_NONE, 0, 0x1c, 0), 0x7ffd5edcb470) = 0
3113803 ioctl(9, _IOC(_IOC_NONE, 0, 0x1c, 0), 0x7ffd5edcb470) = 0
3113803 ioctl(8, _IOC(_IOC_READ|_IOC_WRITE, 0x46, 0x29, 0x10), 0x7ffd5edcb380) = 0
3113803 ioctl(8, _IOC(_IOC_READ|_IOC_WRITE, 0x46, 0x29, 0x10), 0x7ffd5edcb3b0) = 0
3113803 ioctl(8, _IOC(_IOC_READ|_IOC_WRITE, 0x46, 0x4f, 0x20), 0x7ffd5edcb120) = 0
3113803 ioctl(8, _IOC(_IOC_READ|_IOC_WRITE, 0x46, 0x29, 0x10), 0x7ffd5edcb0d0) = 0
3113803 ioctl(8, _IOC(_IOC_READ|_IOC_WRITE, 0x46, 0x29, 0x10), 0x7ffd5edcb380) = 0
3113803 ioctl(8, _IOC(_IOC_READ|_IOC_WRITE, 0x46, 0x29, 0x10), 0x7ffd5edcb3b0) = 0
3113803 ioctl(8, _IOC(_IOC_READ|_IOC_WRITE, 0x46, 0x4f, 0x20), 0x7ffd5edcb120) = 0
3113803 ioctl(8, _IOC(_IOC_READ|_IOC_WRITE, 0x46, 0x29, 0x10), 0x7ffd5edcb0d0) = 0
3113803 ioctl(8, _IOC(_IOC_READ|_IOC_WRITE, 0x46, 0x29, 0x10), 0x7ffd5edcb380) = 0
3113803 ioctl(8, _IOC(_IOC_READ|_IOC_WRITE, 0x46, 0x29, 0x10), 0x7ffd5edcb3b0) = 0
3113803 ioctl(8, _IOC(_IOC_READ|_IOC_WRITE, 0x46, 0x4f, 0x20), 0x7ffd5edcb120) = 0
3113803 ioctl(8, _IOC(_IOC_READ|_IOC_WRITE, 0x46, 0x29, 0x10), 0x7ffd5edcb0d0) = 0
3113803 ioctl(8, _IOC(_IOC_READ|_IOC_WRITE, 0x46, 0x29, 0x10), 0x7ffd5edcb380) = 0
3113803 ioctl(8, _IOC(_IOC_READ|_IOC_WRITE, 0x46, 0x29, 0x10), 0x7ffd5edcb3b0) = 0
3113803 ioctl(8, _IOC(_IOC_READ|_IOC_WRITE, 0x46, 0x4f, 0x20), 0x7ffd5edcb120) = 0
3113803 ioctl(8, _IOC(_IOC_READ|_IOC_WRITE, 0x46, 0x29, 0x10), 0x7ffd5edcb0d0) = 0
3113803 ioctl(8, _IOC(_IOC_READ|_IOC_WRITE, 0x46, 0x29, 0x10), 0x7ffd5edcb430) = 0
3113803 ioctl(8, _IOC(_IOC_READ|_IOC_WRITE, 0x46, 0x29, 0x10), 0x7ffd5edcb3f0) = 0
3113803 close(28)                       = 0
3113803 ioctl(27, _IOC(_IOC_READ|_IOC_WRITE, 0x46, 0xcf, 0x10), 0x7ffd5edcb400) = 0
3113803 close(27)                       = 0
3113803 ioctl(9, _IOC(_IOC_NONE, 0, 0x1c, 0), 0x7ffd5edcb470) = 0
3113803 ioctl(9, _IOC(_IOC_NONE, 0, 0x1c, 0), 0x7ffd5edcb470) = 0
3113803 ioctl(9, _IOC(_IOC_NONE, 0, 0x1c, 0), 0x7ffd5edcb470) = 0
3113803 ioctl(9, _IOC(_IOC_NONE, 0, 0x1c, 0), 0x7ffd5edcb470) = 0
3113803 ioctl(8, _IOC(_IOC_READ|_IOC_WRITE, 0x46, 0x29, 0x10), 0x7ffd5edcb380) = 0
3113803 ioctl(8, _IOC(_IOC_READ|_IOC_WRITE, 0x46, 0x29, 0x10), 0x7ffd5edcb3b0) = 0
3113803 ioctl(8, _IOC(_IOC_READ|_IOC_WRITE, 0x46, 0x4f, 0x20), 0x7ffd5edcb120) = 0
3113803 ioctl(8, _IOC(_IOC_READ|_IOC_WRITE, 0x46, 0x29, 0x10), 0x7ffd5edcb0d0) = 0
3113803 ioctl(8, _IOC(_IOC_READ|_IOC_WRITE, 0x46, 0x29, 0x10), 0x7ffd5edcb380) = 0
3113803 ioctl(8, _IOC(_IOC_READ|_IOC_WRITE, 0x46, 0x29, 0x10), 0x7ffd5edcb3b0) = 0
3113803 ioctl(8, _IOC(_IOC_READ|_IOC_WRITE, 0x46, 0x4f, 0x20), 0x7ffd5edcb120) = 0
3113803 ioctl(8, _IOC(_IOC_READ|_IOC_WRITE, 0x46, 0x29, 0x10), 0x7ffd5edcb0d0) = 0
3113803 ioctl(8, _IOC(_IOC_READ|_IOC_WRITE, 0x46, 0x29, 0x10), 0x7ffd5edcb380) = 0
3113803 ioctl(8, _IOC(_IOC_READ|_IOC_WRITE, 0x46, 0x29, 0x10), 0x7ffd5edcb3b0) = 0
3113803 ioctl(8, _IOC(_IOC_READ|_IOC_WRITE, 0x46, 0x4f, 0x20), 0x7ffd5edcb120) = 0
3113803 ioctl(8, _IOC(_IOC_READ|_IOC_WRITE, 0x46, 0x29, 0x10), 0x7ffd5edcb0d0) = 0
3113803 ioctl(8, _IOC(_IOC_READ|_IOC_WRITE, 0x46, 0x29, 0x10), 0x7ffd5edcb380) = 0
3113803 ioctl(8, _IOC(_IOC_READ|_IOC_WRITE, 0x46, 0x29, 0x10), 0x7ffd5edcb3b0) = 0
3113803 ioctl(8, _IOC(_IOC_READ|_IOC_WRITE, 0x46, 0x4f, 0x20), 0x7ffd5edcb120) = 0
3113803 ioctl(8, _IOC(_IOC_READ|_IOC_WRITE, 0x46, 0x29, 0x10), 0x7ffd5edcb0d0) = 0
3113803 ioctl(9, _IOC(_IOC_NONE, 0, 0x22, 0), 0x7ffd5edcb000) = 0
3113803 ioctl(8, _IOC(_IOC_READ|_IOC_WRITE, 0x46, 0x4f, 0x20), 0x7ffd5edcb0f0) = 0
3113803 ioctl(8, _IOC(_IOC_READ|_IOC_WRITE, 0x46, 0x29, 0x10), 0x7ffd5edcb0a0) = 0
3113803 ioctl(9, _IOC(_IOC_NONE, 0, 0x22, 0), 0x7ffd5edcb000) = 0
3113803 ioctl(8, _IOC(_IOC_READ|_IOC_WRITE, 0x46, 0x4f, 0x20), 0x7ffd5edcb0f0) = 0
3113803 ioctl(8, _IOC(_IOC_READ|_IOC_WRITE, 0x46, 0x29, 0x10), 0x7ffd5edcb0a0) = 0
3113803 ioctl(8, _IOC(_IOC_READ|_IOC_WRITE, 0x46, 0x29, 0x10), 0x7ffd5edcb430) = 0
3113803 close(20 <unfinished ...>
3113824 +++ exited with 0 +++
3113803 <... close resumed>)            = 0
3113803 ioctl(9, _IOC(_IOC_NONE, 0, 0x22, 0), 0x7ffd5edcb140) = 0
3113803 ioctl(8, _IOC(_IOC_READ|_IOC_WRITE, 0x46, 0x29, 0x10), 0x7ffd5edcb1e0) = 0
3113803 ioctl(9, _IOC(_IOC_NONE, 0, 0x22, 0), 0x7ffd5edcb140) = 0
3113803 ioctl(8, _IOC(_IOC_READ|_IOC_WRITE, 0x46, 0x29, 0x10), 0x7ffd5edcb1e0) = 0
3113803 ioctl(9, _IOC(_IOC_NONE, 0, 0x22, 0), 0x7ffd5edcb110) = 0
3113803 ioctl(8, _IOC(_IOC_READ|_IOC_WRITE, 0x46, 0x29, 0x10), 0x7ffd5edcb1b0) = 0
3113803 ioctl(9, _IOC(_IOC_NONE, 0, 0x22, 0), 0x7ffd5edcb100) = 0
3113803 ioctl(8, _IOC(_IOC_READ|_IOC_WRITE, 0x46, 0x4f, 0x20), 0x7ffd5edcb1f0) = 0
3113803 ioctl(8, _IOC(_IOC_READ|_IOC_WRITE, 0x46, 0x29, 0x10), 0x7ffd5edcb1a0) = 0
3113803 ioctl(9, _IOC(_IOC_NONE, 0, 0x22, 0), 0x7ffd5edcb100) = 0
3113803 ioctl(8, _IOC(_IOC_READ|_IOC_WRITE, 0x46, 0x4f, 0x20), 0x7ffd5edcb1f0) = 0
3113803 ioctl(8, _IOC(_IOC_READ|_IOC_WRITE, 0x46, 0x29, 0x10), 0x7ffd5edcb1a0) = 0
3113803 ioctl(9, _IOC(_IOC_NONE, 0, 0x22, 0), 0x7ffd5edcb110) = 0
3113803 ioctl(8, _IOC(_IOC_READ|_IOC_WRITE, 0x46, 0x29, 0x10), 0x7ffd5edcb1b0) = 0
3113803 ioctl(9, _IOC(_IOC_NONE, 0, 0x22, 0), 0x7ffd5edcb110) = 0
3113803 ioctl(8, _IOC(_IOC_READ|_IOC_WRITE, 0x46, 0x29, 0x10), 0x7ffd5edcb1b0) = 0
3113803 ioctl(9, _IOC(_IOC_NONE, 0, 0x22, 0), 0x7ffd5edcb1b0) = 0
3113803 ioctl(9, _IOC(_IOC_NONE, 0, 0x22, 0), 0x7ffd5edcb110) = 0
3113803 ioctl(8, _IOC(_IOC_READ|_IOC_WRITE, 0x46, 0x29, 0x10), 0x7ffd5edcb1b0) = 0
3113803 ioctl(9, _IOC(_IOC_NONE, 0, 0x22, 0), 0x7ffd5edcb110) = 0
3113803 ioctl(8, _IOC(_IOC_READ|_IOC_WRITE, 0x46, 0x29, 0x10), 0x7ffd5edcb1b0) = 0
3113803 ioctl(9, _IOC(_IOC_NONE, 0, 0x1a, 0), 0x7ffd5edcb540) = 0
3113803 ioctl(8, _IOC(_IOC_READ|_IOC_WRITE, 0x46, 0x2a, 0x20), 0x7ffd5edca430) = 0
3113804 +++ exited with 0 +++
3113803 +++ exited with 0 +++
