3113638 openat(AT_FDCWD, "/etc/ld.so.cache", O_RDONLY|O_CLOEXEC) = 3
3113638 close(3)                        = 0
3113638 openat(AT_FDCWD, "/lib/x86_64-linux-gnu/libcuda.so.1", O_RDONLY|O_CLOEXEC) = 3
3113638 close(3)                        = 0
3113638 openat(AT_FDCWD, "/lib/x86_64-linux-gnu/libc.so.6", O_RDONLY|O_CLOEXEC) = 3
3113638 close(3)                        = 0
3113638 openat(AT_FDCWD, "/lib/x86_64-linux-gnu/libm.so.6", O_RDONLY|O_CLOEXEC) = 3
3113638 close(3)                        = 0
3113638 openat(AT_FDCWD, "/lib/x86_64-linux-gnu/libdl.so.2", O_RDONLY|O_CLOEXEC) = 3
3113638 close(3)                        = 0
3113638 openat(AT_FDCWD, "/lib/x86_64-linux-gnu/libpthread.so.0", O_RDONLY|O_CLOEXEC) = 3
3113638 close(3)                        = 0
3113638 openat(AT_FDCWD, "/lib/x86_64-linux-gnu/librt.so.1", O_RDONLY|O_CLOEXEC) = 3
3113638 close(3)                        = 0
3113638 openat(AT_FDCWD, "/sys/devices/system/cpu/online", O_RDONLY|O_CLOEXEC) = 3
3113638 close(3)                        = 0
3113638 openat(AT_FDCWD, "/sys/devices/system/cpu/online", O_RDONLY|O_CLOEXEC) = 3
3113638 close(3)                        = 0
3113638 openat(AT_FDCWD, "/proc/sys/vm/mmap_min_addr", O_RDONLY) = 3
3113638 close(3)                        = 0
3113638 openat(AT_FDCWD, "/proc/cpuinfo", O_RDONLY) = 3
3113638 close(3)                        = 0
3113638 openat(AT_FDCWD, "/proc/self/maps", O_RDONLY) = 3
3113638 close(3)                        = 0
3113638 openat(AT_FDCWD, "/sys/devices/system/cpu/online", O_RDONLY|O_CLOEXEC) = 3
3113638 close(3)                        = 0
3113638 openat(AT_FDCWD, "/proc/self/task/3113639/comm", O_WRONLY|O_CREAT|O_TRUNC, 0666) = 8
3113638 close(8)                        = 0
3113638 openat(AT_FDCWD, "/dev/shm/cuda_injection_path_shm", O_RDWR|O_NOFOLLOW|O_CLOEXEC) = -1 ENOENT (No such file or directory)
3113638 openat(AT_FDCWD, "/home/pm3371/.nv/nvidia-application-profile-globals-rc", O_RDONLY) = -1 ENOENT (No such file or directory)
3113638 openat(AT_FDCWD, "/home/pm3371/.nv/nvidia-application-profiles-rc", O_RDONLY) = -1 ENOENT (No such file or directory)
3113638 openat(AT_FDCWD, "/home/pm3371/.nv/nvidia-application-profiles-rc.d", O_RDONLY) = -1 ENOENT (No such file or directory)
3113638 openat(AT_FDCWD, "/etc/nvidia/nvidia-application-profiles-rc", O_RDONLY) = -1 ENOENT (No such file or directory)
3113638 openat(AT_FDCWD, "/etc/nvidia/nvidia-application-profiles-rc.d/", O_RDONLY) = -1 ENOENT (No such file or directory)
3113638 openat(AT_FDCWD, "/usr/share/nvidia/nvidia-application-profiles-555.42.02-rc", O_RDONLY) = 8
3113638 close(8)                        = 0
3113638 openat(AT_FDCWD, "/usr/share/nvidia/nvidia-application-profiles-rc", O_RDONLY) = -1 ENOENT (No such file or directory)
3113638 openat(AT_FDCWD, "/proc/self/cmdline", O_RDONLY) = 8
3113638 close(8)                        = 0
3113638 close(8)                        = 0
3113638 openat(AT_FDCWD, "/proc/modules", O_RDONLY) = 8
3113638 close(8)                        = 0
3113638 openat(AT_FDCWD, "/proc/driver/nvidia/params", O_RDONLY) = 8
3113638 close(8)                        = 0
3113638 openat(AT_FDCWD, "/dev/nvidiactl", O_RDWR) = 8
3113638 openat(AT_FDCWD, "/sys/devices/system/memory/block_size_bytes", O_RDONLY) = 9
3113638 close(9)                        = 0
3113638 ioctl(8, _IOC(_IOC_READ|_IOC_WRITE, 0x46, 0xd6, 0x8), 0x7ffd2da6e0f0) = 0
3113638 ioctl(8, _IOC(_IOC_READ|_IOC_WRITE, 0x46, 0xc8, 0x900), 0x7fa35bcf9ae0) = 0
3113638 openat(AT_FDCWD, "/proc/driver/nvidia/params", O_RDONLY) = 9
3113638 close(9)                        = 0
3113638 ioctl(8, _IOC(_IOC_READ|_IOC_WRITE, 0x46, 0x2b, 0x20), 0x7ffd2da6e240) = 0
3113638 ioctl(8, _IOC(_IOC_READ|_IOC_WRITE, 0x46, 0x2a, 0x20), 0x7ffd2da6d140) = 0
3113638 ioctl(8, _IOC(_IOC_READ|_IOC_WRITE, 0x46, 0x29, 0x10), 0x7ffd2da6e220) = 0
3113638 close(8)                        = 0
3113638 openat(AT_FDCWD, "/proc/modules", O_RDONLY) = 8
3113638 close(8)                        = 0
3113638 openat(AT_FDCWD, "/proc/driver/nvidia/params", O_RDONLY) = 8
3113638 close(8)                        = 0
3113638 openat(AT_FDCWD, "/dev/nvidiactl", O_RDWR) = 8
3113638 openat(AT_FDCWD, "/sys/devices/system/memory/block_size_bytes", O_RDONLY) = 9
3113638 close(9)                        = 0
3113638 ioctl(8, _IOC(_IOC_READ|_IOC_WRITE, 0x46, 0xd6, 0x8), 0x7ffd2da6e6b0) = 0
3113638 ioctl(8, _IOC(_IOC_READ|_IOC_WRITE, 0x46, 0xc8, 0x900), 0x7fa35bcf9ae0) = 0
3113638 openat(AT_FDCWD, "/proc/driver/nvidia/params", O_RDONLY) = 9
3113638 close(9)                        = 0
3113638 ioctl(8, _IOC(_IOC_READ|_IOC_WRITE, 0x46, 0x2b, 0x20), 0x7ffd2da6e800) = 0
3113638 ioctl(8, _IOC(_IOC_READ|_IOC_WRITE, 0x46, 0x2a, 0x20), 0x7ffd2da6d6c0) = 0
3113638 ioctl(8, _IOC(_IOC_READ|_IOC_WRITE, 0x46, 0x2a, 0x20), 0x7ffd2da6d6c0) = 0
3113638 ioctl(8, _IOC(_IOC_READ|_IOC_WRITE, 0x46, 0x2b, 0x30), 0x7ffd2da6e7f0) = 0
3113638 ioctl(8, _IOC(_IOC_READ|_IOC_WRITE, 0x46, 0x2a, 0x20), 0x7ffd2da6d6d0) = 0
3113638 openat(AT_FDCWD, "/sys/devices/system/cpu/online", O_RDONLY|O_CLOEXEC) = 9
3113638 close(9)                        = 0
3113638 openat(AT_FDCWD, "/proc/self/status", O_RDONLY) = 9
3113638 close(9)                        = 0
3113638 openat(AT_FDCWD, "/sys/devices/system/node", O_RDONLY|O_NONBLOCK|O_CLOEXEC|O_DIRECTORY) = 9
3113638 openat(AT_FDCWD, "/sys/devices/system/node/node0/cpumap", O_RDONLY) = 10
3113638 close(10)                       = 0
3113638 openat(AT_FDCWD, "/sys/devices/system/node/node1/cpumap", O_RDONLY) = 10
3113638 close(10)                       = 0
3113638 close(9)                        = 0
3113638 openat(AT_FDCWD, "/proc/modules", O_RDONLY) = 9
3113638 close(9)                        = 0
3113638 openat(AT_FDCWD, "/proc/devices", O_RDONLY) = 9
3113638 close(9)                        = 0
3113638 openat(AT_FDCWD, "/dev/nvidia-uvm", O_RDWR|O_CLOEXEC) = 9
3113638 openat(AT_FDCWD, "/dev/nvidia-uvm", O_RDWR|O_CLOEXEC) = 10
3113638 ioctl(9, _IOC(_IOC_NONE, 0, 0x1, 0x3000), 0x7ffd2da6e800) = 0
3113638 ioctl(10, _IOC(_IOC_NONE, 0, 0x4b, 0), 0x7ffd2da6e800) = 0
3113638 close(10)                       = 0
3113638 ioctl(9, _IOC(_IOC_NONE, 0, 0x27, 0), 0x7ffd2da6e800) = 0
3113638 ioctl(8, _IOC(_IOC_READ|_IOC_WRITE, 0x46, 0x2a, 0x20), 0x7ffd2da6b870) = 0
3113638 ioctl(8, _IOC(_IOC_READ|_IOC_WRITE, 0x46, 0x2a, 0x20), 0x7ffd2da6b0a0) = 0
3113638 ioctl(8, _IOC(_IOC_READ|_IOC_WRITE, 0x46, 0x2a, 0x20), 0x7ffd2da6b7b0) = 0
3113638 openat(AT_FDCWD, "/proc/driver/nvidia/params", O_RDONLY) = 10
3113638 close(10)                       = 0
3113638 openat(AT_FDCWD, "/dev/nvidia0", O_RDWR|O_CLOEXEC) = 10
3113638 ioctl(8, _IOC(_IOC_READ|_IOC_WRITE, 0x46, 0x2a, 0x20), 0x7ffd2da6b7b0) = 0
3113638 openat(AT_FDCWD, "/proc/driver/nvidia/params", O_RDONLY) = 11
3113638 close(11)                       = 0
3113638 openat(AT_FDCWD, "/dev/nvidia1", O_RDWR|O_CLOEXEC) = 11
3113638 ioctl(8, _IOC(_IOC_READ|_IOC_WRITE, 0x46, 0x2a, 0x20), 0x7ffd2da6b7b0) = 0
3113638 openat(AT_FDCWD, "/proc/driver/nvidia/params", O_RDONLY) = 12
3113638 close(12)                       = 0
3113638 openat(AT_FDCWD, "/dev/nvidia2", O_RDWR|O_CLOEXEC) = 12
3113638 ioctl(8, _IOC(_IOC_READ|_IOC_WRITE, 0x46, 0x2a, 0x20), 0x7ffd2da6b7b0) = 0
3113638 openat(AT_FDCWD, "/proc/driver/nvidia/params", O_RDONLY) = 13
3113638 close(13)                       = 0
3113638 openat(AT_FDCWD, "/dev/nvidia3", O_RDWR|O_CLOEXEC) = -1 EIO (Input/output error)
3113638 openat(AT_FDCWD, "/dev/nvidia3", O_RDWR) = -1 EIO (Input/output error)
3113638 ioctl(8, _IOC(_IOC_READ|_IOC_WRITE, 0x46, 0xd1, 0xc), 0x7ffd2da6b684) = 0
3113638 ioctl(8, _IOC(_IOC_READ|_IOC_WRITE, 0x46, 0x2a, 0x20), 0x7ffd2da6b970) = 0
3113638 ioctl(8, _IOC(_IOC_READ|_IOC_WRITE, 0x46, 0x2a, 0x20), 0x7ffd2da6b960) = 0
3113638 ioctl(8, _IOC(_IOC_READ|_IOC_WRITE, 0x46, 0x29, 0x10), 0x7ffd2da6ca00) = 0
3113638 ioctl(8, _IOC(_IOC_READ|_IOC_WRITE, 0x46, 0x2a, 0x20), 0x7ffd2da6b7f0) = 0
3113638 ioctl(8, _IOC(_IOC_READ|_IOC_WRITE, 0x46, 0x2a, 0x20), 0x7ffd2da6b7f0) = 0
3113638 openat(AT_FDCWD, "/proc/driver/nvidia/params", O_RDONLY) = 13
3113638 close(13)                       = 0
3113638 openat(AT_FDCWD, "/dev/nvidia0", O_RDWR|O_CLOEXEC) = 13
3113638 ioctl(13, _IOC(_IOC_READ|_IOC_WRITE, 0x46, 0xc9, 0x4), 0x7ffd2da6c970) = 0
3113638 ioctl(13, _IOC(_IOC_READ|_IOC_WRITE, 0x46, 0xd7, 0x230), 0x7ffd2da6c6f0) = 0
3113638 ioctl(8, _IOC(_IOC_READ|_IOC_WRITE, 0x46, 0x2b, 0x30), 0x7ffd2da6ca40) = 0
3113638 ioctl(8, _IOC(_IOC_READ|_IOC_WRITE, 0x46, 0x2a, 0x20), 0x7ffd2da6b970) = 0
3113638 ioctl(8, _IOC(_IOC_READ|_IOC_WRITE, 0x46, 0x2a, 0x20), 0x7ffd2da6b7d0) = 0
3113638 ioctl(8, _IOC(_IOC_READ|_IOC_WRITE, 0x46, 0x2a, 0x20), 0x7ffd2da6b970) = 0
3113638 ioctl(8, _IOC(_IOC_READ|_IOC_WRITE, 0x46, 0x2a, 0x20), 0x7ffd2da6b8e0) = 0
3113638 ioctl(8, _IOC(_IOC_READ|_IOC_WRITE, 0x46, 0x2a, 0x20), 0x7ffd2da6b7e0) = 0
3113638 ioctl(8, _IOC(_IOC_READ|_IOC_WRITE, 0x46, 0x2a, 0x20), 0x7ffd2da6b7e0) = 0
3113638 openat(AT_FDCWD, "/proc/driver/nvidia/params", O_RDONLY) = 14
3113638 close(14)                       = 0
3113638 openat(AT_FDCWD, "/dev/nvidia0", O_RDWR|O_CLOEXEC) = 14
3113638 ioctl(14, _IOC(_IOC_READ|_IOC_WRITE, 0x46, 0xc9, 0x4), 0x7ffd2da6c960) = 0
3113638 ioctl(8, _IOC(_IOC_READ|_IOC_WRITE, 0x46, 0x2b, 0x30), 0x7ffd2da6ca70) = 0
3113638 ioctl(8, _IOC(_IOC_READ|_IOC_WRITE, 0x46, 0x2b, 0x30), 0x7ffd2da6ca90) = 0
3113638 ioctl(8, _IOC(_IOC_READ|_IOC_WRITE, 0x46, 0x2a, 0x20), 0x7ffd2da6b7c0) = 0
3113638 ioctl(8, _IOC(_IOC_READ|_IOC_WRITE, 0x46, 0x2a, 0x20), 0x7ffd2da6b2c0) = 0
3113638 ioctl(8, _IOC(_IOC_READ|_IOC_WRITE, 0x46, 0x2a, 0x20), 0x7ffd2da6b870) = 0
3113638 ioctl(8, _IOC(_IOC_READ|_IOC_WRITE, 0x46, 0x2a, 0x20), 0x7ffd2da6aee0) = 0
3113638 ioctl(8, _IOC(_IOC_READ|_IOC_WRITE, 0x46, 0x2a, 0x20), 0x7ffd2da6a6d0) = 0
3113638 ioctl(8, _IOC(_IOC_READ|_IOC_WRITE, 0x46, 0x2a, 0x20), 0x7ffd2da6ad20) = 0
3113638 ioctl(8, _IOC(_IOC_READ|_IOC_WRITE, 0x46, 0x2a, 0x20), 0x7ffd2da6b590) = 0
3113638 ioctl(8, _IOC(_IOC_READ|_IOC_WRITE, 0x46, 0x2a, 0x20), 0x7ffd2da6b760) = 0
3113638 ioctl(8, _IOC(_IOC_READ|_IOC_WRITE, 0x46, 0x2a, 0x20), 0x7ffd2da6b450) = 0
3113638 ioctl(8, _IOC(_IOC_READ|_IOC_WRITE, 0x46, 0x2a, 0x20), 0x7ffd2da6b450) = 0
3113638 ioctl(8, _IOC(_IOC_READ|_IOC_WRITE, 0x46, 0x2a, 0x20), 0x7ffd2da6b450) = 0
3113638 ioctl(8, _IOC(_IOC_READ|_IOC_WRITE, 0x46, 0x2a, 0x20), 0x7ffd2da6b450) = 0
3113638 ioctl(8, _IOC(_IOC_READ|_IOC_WRITE, 0x46, 0x2a, 0x20), 0x7ffd2da6b450) = 0
3113638 ioctl(8, _IOC(_IOC_READ|_IOC_WRITE, 0x46, 0x2a, 0x20), 0x7ffd2da6b2a0) = 0
3113638 ioctl(8, _IOC(_IOC_READ|_IOC_WRITE, 0x46, 0x2a, 0x20), 0x7ffd2da6b5b0) = 0
3113638 ioctl(8, _IOC(_IOC_READ|_IOC_WRITE, 0x46, 0x2a, 0x20), 0x7ffd2da6b650) = 0
3113638 ioctl(8, _IOC(_IOC_READ|_IOC_WRITE, 0x46, 0x2a, 0x20), 0x7ffd2da6b760) = 0
3113638 ioctl(8, _IOC(_IOC_READ|_IOC_WRITE, 0x46, 0x2a, 0x20), 0x7ffd2da6b760) = 0
3113638 ioctl(8, _IOC(_IOC_READ|_IOC_WRITE, 0x46, 0x2a, 0x20), 0x7ffd2da6b4b0) = 0
3113638 ioctl(8, _IOC(_IOC_READ|_IOC_WRITE, 0x46, 0x2a, 0x20), 0x7ffd2da6b690) = 0
3113638 ioctl(8, _IOC(_IOC_READ|_IOC_WRITE, 0x46, 0x2a, 0x20), 0x7ffd2da6b690) = 0
3113638 ioctl(8, _IOC(_IOC_READ|_IOC_WRITE, 0x46, 0x2a, 0x20), 0x7ffd2da6b690) = 0
3113638 ioctl(8, _IOC(_IOC_READ|_IOC_WRITE, 0x46, 0x2a, 0x20), 0x7ffd2da6b690) = 0
3113638 ioctl(8, _IOC(_IOC_READ|_IOC_WRITE, 0x46, 0x2a, 0x20), 0x7ffd2da6b690) = 0
3113638 ioctl(8, _IOC(_IOC_READ|_IOC_WRITE, 0x46, 0x2a, 0x20), 0x7ffd2da6b690) = 0
3113638 ioctl(8, _IOC(_IOC_READ|_IOC_WRITE, 0x46, 0x2a, 0x20), 0x7ffd2da6b690) = 0
3113638 ioctl(8, _IOC(_IOC_READ|_IOC_WRITE, 0x46, 0x2a, 0x20), 0x7ffd2da6b680) = 0
3113638 ioctl(8, _IOC(_IOC_READ|_IOC_WRITE, 0x46, 0x2a, 0x20), 0x7ffd2da6b600) = 0
3113638 ioctl(8, _IOC(_IOC_READ|_IOC_WRITE, 0x46, 0x2a, 0x20), 0x7ffd2da690e0) = 0
3113638 ioctl(8, _IOC(_IOC_READ|_IOC_WRITE, 0x46, 0x2a, 0x20), 0x7ffd2da6a190) = 0
3113638 ioctl(8, _IOC(_IOC_READ|_IOC_WRITE, 0x46, 0x2a, 0x20), 0x7ffd2da6b790) = 0
3113638 ioctl(8, _IOC(_IOC_READ|_IOC_WRITE, 0x46, 0x2a, 0x20), 0x7ffd2da6b5e0) = 0
3113638 ioctl(8, _IOC(_IOC_READ|_IOC_WRITE, 0x46, 0x2b, 0x30), 0x7ffd2da6c800) = 0
3113638 ioctl(8, _IOC(_IOC_READ|_IOC_WRITE, 0x46, 0x2a, 0x20), 0x7ffd2da6b5d0) = 0
3113638 openat(AT_FDCWD, "/dev/nvidia0", O_RDWR|O_CLOEXEC) = 15
3113638 ioctl(8, _IOC(_IOC_READ|_IOC_WRITE, 0x46, 0x4e, 0x38), 0x7ffd2da6c790) = 0
3113638 close(15)                       = 0
3113638 ioctl(8, _IOC(_IOC_READ|_IOC_WRITE, 0x46, 0x2a, 0x20), 0x7ffd2da6b730) = 0
3113638 ioctl(8, _IOC(_IOC_READ|_IOC_WRITE, 0x46, 0x2b, 0x30), 0x7ffd2da6c880) = 0
3113638 ioctl(8, _IOC(_IOC_READ|_IOC_WRITE, 0x46, 0x2b, 0x30), 0x7ffd2da6c880) = 0
3113638 ioctl(8, _IOC(_IOC_READ|_IOC_WRITE, 0x46, 0x2a, 0x20), 0x7ffd2da6b760) = 0
3113638 ioctl(8, _IOC(_IOC_READ|_IOC_WRITE, 0x46, 0x2a, 0x20), 0x7ffd2da6b6c0) = 0
3113638 ioctl(8, _IOC(_IOC_READ|_IOC_WRITE, 0x46, 0x2a, 0x20), 0x7ffd2da6b6c0) = 0
3113638 ioctl(8, _IOC(_IOC_READ|_IOC_WRITE, 0x46, 0x2a, 0x20), 0x7ffd2da6b7c0) = 0
3113638 ioctl(8, _IOC(_IOC_READ|_IOC_WRITE, 0x46, 0x2a, 0x20), 0x7ffd2da6b680) = 0
3113638 openat(AT_FDCWD, "/sys/bus/pci/devices/0000:3f:00.0/numa_node", O_RDONLY) = 15
3113638 close(15)                       = 0
3113638 ioctl(8, _IOC(_IOC_READ|_IOC_WRITE, 0x46, 0x2a, 0x20), 0x7ffd2da6b960) = 0
3113638 ioctl(8, _IOC(_IOC_READ|_IOC_WRITE, 0x46, 0x29, 0x10), 0x7ffd2da6ca00) = 0
3113638 ioctl(8, _IOC(_IOC_READ|_IOC_WRITE, 0x46, 0x2a, 0x20), 0x7ffd2da6b7f0) = 0
3113638 ioctl(8, _IOC(_IOC_READ|_IOC_WRITE, 0x46, 0x2a, 0x20), 0x7ffd2da6b7f0) = 0
3113638 ioctl(8, _IOC(_IOC_READ|_IOC_WRITE, 0x46, 0x2a, 0x20), 0x7ffd2da6b7f0) = 0
3113638 openat(AT_FDCWD, "/proc/driver/nvidia/params", O_RDONLY) = 15
3113638 close(15)                       = 0
3113638 openat(AT_FDCWD, "/dev/nvidia1", O_RDWR|O_CLOEXEC) = 15
3113638 ioctl(15, _IOC(_IOC_READ|_IOC_WRITE, 0x46, 0xc9, 0x4), 0x7ffd2da6c970) = 0
3113638 ioctl(15, _IOC(_IOC_READ|_IOC_WRITE, 0x46, 0xd7, 0x230), 0x7ffd2da6c6f0) = 0
3113638 ioctl(8, _IOC(_IOC_READ|_IOC_WRITE, 0x46, 0x2b, 0x30), 0x7ffd2da6ca40) = 0
3113638 ioctl(8, _IOC(_IOC_READ|_IOC_WRITE, 0x46, 0x2a, 0x20), 0x7ffd2da6b970) = 0
3113638 ioctl(8, _IOC(_IOC_READ|_IOC_WRITE, 0x46, 0x2a, 0x20), 0x7ffd2da6b7d0) = 0
3113638 ioctl(8, _IOC(_IOC_READ|_IOC_WRITE, 0x46, 0x2a, 0x20), 0x7ffd2da6b970) = 0
3113638 ioctl(8, _IOC(_IOC_READ|_IOC_WRITE, 0x46, 0x2a, 0x20), 0x7ffd2da6b8e0) = 0
3113638 ioctl(8, _IOC(_IOC_READ|_IOC_WRITE, 0x46, 0x2a, 0x20), 0x7ffd2da6b7e0) = 0
3113638 ioctl(8, _IOC(_IOC_READ|_IOC_WRITE, 0x46, 0x2a, 0x20), 0x7ffd2da6b7e0) = 0
3113638 ioctl(8, _IOC(_IOC_READ|_IOC_WRITE, 0x46, 0x2a, 0x20), 0x7ffd2da6b7e0) = 0
3113638 openat(AT_FDCWD, "/proc/driver/nvidia/params", O_RDONLY) = 16
3113638 close(16)                       = 0
3113638 openat(AT_FDCWD, "/dev/nvidia1", O_RDWR|O_CLOEXEC) = 16
3113638 ioctl(16, _IOC(_IOC_READ|_IOC_WRITE, 0x46, 0xc9, 0x4), 0x7ffd2da6c960) = 0
3113638 ioctl(8, _IOC(_IOC_READ|_IOC_WRITE, 0x46, 0x2b, 0x30), 0x7ffd2da6ca70) = 0
3113638 ioctl(8, _IOC(_IOC_READ|_IOC_WRITE, 0x46, 0x2b, 0x30), 0x7ffd2da6ca90) = 0
3113638 ioctl(8, _IOC(_IOC_READ|_IOC_WRITE, 0x46, 0x2a, 0x20), 0x7ffd2da6b7c0) = 0
3113638 ioctl(8, _IOC(_IOC_READ|_IOC_WRITE, 0x46, 0x2a, 0x20), 0x7ffd2da6b2c0) = 0
3113638 ioctl(8, _IOC(_IOC_READ|_IOC_WRITE, 0x46, 0x2a, 0x20), 0x7ffd2da6b870) = 0
3113638 ioctl(8, _IOC(_IOC_READ|_IOC_WRITE, 0x46, 0x2a, 0x20), 0x7ffd2da6aee0) = 0
3113638 ioctl(8, _IOC(_IOC_READ|_IOC_WRITE, 0x46, 0x2a, 0x20), 0x7ffd2da6a6d0) = 0
3113638 ioctl(8, _IOC(_IOC_READ|_IOC_WRITE, 0x46, 0x2a, 0x20), 0x7ffd2da6ad20) = 0
3113638 ioctl(8, _IOC(_IOC_READ|_IOC_WRITE, 0x46, 0x2a, 0x20), 0x7ffd2da6b590) = 0
3113638 ioctl(8, _IOC(_IOC_READ|_IOC_WRITE, 0x46, 0x2a, 0x20), 0x7ffd2da6b760) = 0
3113638 ioctl(8, _IOC(_IOC_READ|_IOC_WRITE, 0x46, 0x2a, 0x20), 0x7ffd2da6b450) = 0
3113638 ioctl(8, _IOC(_IOC_READ|_IOC_WRITE, 0x46, 0x2a, 0x20), 0x7ffd2da6b450) = 0
3113638 ioctl(8, _IOC(_IOC_READ|_IOC_WRITE, 0x46, 0x2a, 0x20), 0x7ffd2da6b450) = 0
3113638 ioctl(8, _IOC(_IOC_READ|_IOC_WRITE, 0x46, 0x2a, 0x20), 0x7ffd2da6b450) = 0
3113638 ioctl(8, _IOC(_IOC_READ|_IOC_WRITE, 0x46, 0x2a, 0x20), 0x7ffd2da6b450) = 0
3113638 ioctl(8, _IOC(_IOC_READ|_IOC_WRITE, 0x46, 0x2a, 0x20), 0x7ffd2da6b2a0) = 0
3113638 ioctl(8, _IOC(_IOC_READ|_IOC_WRITE, 0x46, 0x2a, 0x20), 0x7ffd2da6b5b0) = 0
3113638 ioctl(8, _IOC(_IOC_READ|_IOC_WRITE, 0x46, 0x2a, 0x20), 0x7ffd2da6b650) = 0
3113638 ioctl(8, _IOC(_IOC_READ|_IOC_WRITE, 0x46, 0x2a, 0x20), 0x7ffd2da6b760) = 0
3113638 ioctl(8, _IOC(_IOC_READ|_IOC_WRITE, 0x46, 0x2a, 0x20), 0x7ffd2da6b760) = 0
3113638 ioctl(8, _IOC(_IOC_READ|_IOC_WRITE, 0x46, 0x2a, 0x20), 0x7ffd2da6b4b0) = 0
3113638 ioctl(8, _IOC(_IOC_READ|_IOC_WRITE, 0x46, 0x2a, 0x20), 0x7ffd2da6b690) = 0
3113638 ioctl(8, _IOC(_IOC_READ|_IOC_WRITE, 0x46, 0x2a, 0x20), 0x7ffd2da6b690) = 0
3113638 ioctl(8, _IOC(_IOC_READ|_IOC_WRITE, 0x46, 0x2a, 0x20), 0x7ffd2da6b690) = 0
3113638 ioctl(8, _IOC(_IOC_READ|_IOC_WRITE, 0x46, 0x2a, 0x20), 0x7ffd2da6b690) = 0
3113638 ioctl(8, _IOC(_IOC_READ|_IOC_WRITE, 0x46, 0x2a, 0x20), 0x7ffd2da6b690) = 0
3113638 ioctl(8, _IOC(_IOC_READ|_IOC_WRITE, 0x46, 0x2a, 0x20), 0x7ffd2da6b690) = 0
3113638 ioctl(8, _IOC(_IOC_READ|_IOC_WRITE, 0x46, 0x2a, 0x20), 0x7ffd2da6b690) = 0
3113638 ioctl(8, _IOC(_IOC_READ|_IOC_WRITE, 0x46, 0x2a, 0x20), 0x7ffd2da6b680) = 0
3113638 ioctl(8, _IOC(_IOC_READ|_IOC_WRITE, 0x46, 0x2a, 0x20), 0x7ffd2da6b600) = 0
3113638 ioctl(8, _IOC(_IOC_READ|_IOC_WRITE, 0x46, 0x2a, 0x20), 0x7ffd2da690e0) = 0
3113638 ioctl(8, _IOC(_IOC_READ|_IOC_WRITE, 0x46, 0x2a, 0x20), 0x7ffd2da6a190) = 0
3113638 ioctl(8, _IOC(_IOC_READ|_IOC_WRITE, 0x46, 0x2a, 0x20), 0x7ffd2da6b790) = 0
3113638 ioctl(8, _IOC(_IOC_READ|_IOC_WRITE, 0x46, 0x2a, 0x20), 0x7ffd2da6b5e0) = 0
3113638 ioctl(8, _IOC(_IOC_READ|_IOC_WRITE, 0x46, 0x2b, 0x30), 0x7ffd2da6c800) = 0
3113638 ioctl(8, _IOC(_IOC_READ|_IOC_WRITE, 0x46, 0x2a, 0x20), 0x7ffd2da6b5d0) = 0
3113638 openat(AT_FDCWD, "/dev/nvidia1", O_RDWR|O_CLOEXEC) = 17
3113638 ioctl(8, _IOC(_IOC_READ|_IOC_WRITE, 0x46, 0x4e, 0x38), 0x7ffd2da6c790) = 0
3113638 close(17)                       = 0
3113638 ioctl(8, _IOC(_IOC_READ|_IOC_WRITE, 0x46, 0x2a, 0x20), 0x7ffd2da6b730) = 0
3113638 ioctl(8, _IOC(_IOC_READ|_IOC_WRITE, 0x46, 0x2b, 0x30), 0x7ffd2da6c880) = 0
3113638 ioctl(8, _IOC(_IOC_READ|_IOC_WRITE, 0x46, 0x2b, 0x30), 0x7ffd2da6c880) = 0
3113638 ioctl(8, _IOC(_IOC_READ|_IOC_WRITE, 0x46, 0x2a, 0x20), 0x7ffd2da6b760) = 0
3113638 ioctl(8, _IOC(_IOC_READ|_IOC_WRITE, 0x46, 0x2a, 0x20), 0x7ffd2da6b6c0) = 0
3113638 ioctl(8, _IOC(_IOC_READ|_IOC_WRITE, 0x46, 0x2a, 0x20), 0x7ffd2da6b6c0) = 0
3113638 ioctl(8, _IOC(_IOC_READ|_IOC_WRITE, 0x46, 0x2a, 0x20), 0x7ffd2da6b7c0) = 0
3113638 ioctl(8, _IOC(_IOC_READ|_IOC_WRITE, 0x46, 0x2a, 0x20), 0x7ffd2da6b680) = 0
3113638 openat(AT_FDCWD, "/sys/bus/pci/devices/0000:40:00.0/numa_node", O_RDONLY) = 17
3113638 close(17)                       = 0
3113638 ioctl(8, _IOC(_IOC_READ|_IOC_WRITE, 0x46, 0x2a, 0x20), 0x7ffd2da6b960) = 0
3113638 ioctl(8, _IOC(_IOC_READ|_IOC_WRITE, 0x46, 0x29, 0x10), 0x7ffd2da6ca00) = 0
3113638 ioctl(8, _IOC(_IOC_READ|_IOC_WRITE, 0x46, 0x2a, 0x20), 0x7ffd2da6b7f0) = 0
3113638 ioctl(8, _IOC(_IOC_READ|_IOC_WRITE, 0x46, 0x2a, 0x20), 0x7ffd2da6b7f0) = 0
3113638 ioctl(8, _IOC(_IOC_READ|_IOC_WRITE, 0x46, 0x2a, 0x20), 0x7ffd2da6b7f0) = 0
3113638 ioctl(8, _IOC(_IOC_READ|_IOC_WRITE, 0x46, 0x2a, 0x20), 0x7ffd2da6b7f0) = 0
3113638 openat(AT_FDCWD, "/proc/driver/nvidia/params", O_RDONLY) = 17
3113638 close(17)                       = 0
3113638 openat(AT_FDCWD, "/dev/nvidia2", O_RDWR|O_CLOEXEC) = 17
3113638 ioctl(17, _IOC(_IOC_READ|_IOC_WRITE, 0x46, 0xc9, 0x4), 0x7ffd2da6c970) = 0
3113638 ioctl(17, _IOC(_IOC_READ|_IOC_WRITE, 0x46, 0xd7, 0x230), 0x7ffd2da6c6f0) = 0
3113638 ioctl(8, _IOC(_IOC_READ|_IOC_WRITE, 0x46, 0x2b, 0x30), 0x7ffd2da6ca40) = 0
3113638 ioctl(8, _IOC(_IOC_READ|_IOC_WRITE, 0x46, 0x2a, 0x20), 0x7ffd2da6b970) = 0
3113638 ioctl(8, _IOC(_IOC_READ|_IOC_WRITE, 0x46, 0x2a, 0x20), 0x7ffd2da6b7d0) = 0
3113638 ioctl(8, _IOC(_IOC_READ|_IOC_WRITE, 0x46, 0x2a, 0x20), 0x7ffd2da6b970) = 0
3113638 ioctl(8, _IOC(_IOC_READ|_IOC_WRITE, 0x46, 0x2a, 0x20), 0x7ffd2da6b8e0) = 0
3113638 ioctl(8, _IOC(_IOC_READ|_IOC_WRITE, 0x46, 0x2a, 0x20), 0x7ffd2da6b7e0) = 0
3113638 ioctl(8, _IOC(_IOC_READ|_IOC_WRITE, 0x46, 0x2a, 0x20), 0x7ffd2da6b7e0) = 0
3113638 ioctl(8, _IOC(_IOC_READ|_IOC_WRITE, 0x46, 0x2a, 0x20), 0x7ffd2da6b7e0) = 0
3113638 ioctl(8, _IOC(_IOC_READ|_IOC_WRITE, 0x46, 0x2a, 0x20), 0x7ffd2da6b7e0) = 0
3113638 openat(AT_FDCWD, "/proc/driver/nvidia/params", O_RDONLY) = 18
3113638 close(18)                       = 0
3113638 openat(AT_FDCWD, "/dev/nvidia2", O_RDWR|O_CLOEXEC) = 18
3113638 ioctl(18, _IOC(_IOC_READ|_IOC_WRITE, 0x46, 0xc9, 0x4), 0x7ffd2da6c960) = 0
3113638 ioctl(8, _IOC(_IOC_READ|_IOC_WRITE, 0x46, 0x2b, 0x30), 0x7ffd2da6ca70) = 0
3113638 ioctl(8, _IOC(_IOC_READ|_IOC_WRITE, 0x46, 0x2b, 0x30), 0x7ffd2da6ca90) = 0
3113638 ioctl(8, _IOC(_IOC_READ|_IOC_WRITE, 0x46, 0x2a, 0x20), 0x7ffd2da6b7c0) = 0
3113638 ioctl(8, _IOC(_IOC_READ|_IOC_WRITE, 0x46, 0x2a, 0x20), 0x7ffd2da6b2c0) = 0
3113638 ioctl(8, _IOC(_IOC_READ|_IOC_WRITE, 0x46, 0x2a, 0x20), 0x7ffd2da6b870) = 0
3113638 ioctl(8, _IOC(_IOC_READ|_IOC_WRITE, 0x46, 0x2a, 0x20), 0x7ffd2da6aee0) = 0
3113638 ioctl(8, _IOC(_IOC_READ|_IOC_WRITE, 0x46, 0x2a, 0x20), 0x7ffd2da6a6d0) = 0
3113638 ioctl(8, _IOC(_IOC_READ|_IOC_WRITE, 0x46, 0x2a, 0x20), 0x7ffd2da6ad20) = 0
3113638 ioctl(8, _IOC(_IOC_READ|_IOC_WRITE, 0x46, 0x2a, 0x20), 0x7ffd2da6b590) = 0
3113638 ioctl(8, _IOC(_IOC_READ|_IOC_WRITE, 0x46, 0x2a, 0x20), 0x7ffd2da6b760) = 0
3113638 ioctl(8, _IOC(_IOC_READ|_IOC_WRITE, 0x46, 0x2a, 0x20), 0x7ffd2da6b450) = 0
3113638 ioctl(8, _IOC(_IOC_READ|_IOC_WRITE, 0x46, 0x2a, 0x20), 0x7ffd2da6b450) = 0
3113638 ioctl(8, _IOC(_IOC_READ|_IOC_WRITE, 0x46, 0x2a, 0x20), 0x7ffd2da6b450) = 0
3113638 ioctl(8, _IOC(_IOC_READ|_IOC_WRITE, 0x46, 0x2a, 0x20), 0x7ffd2da6b450) = 0
3113638 ioctl(8, _IOC(_IOC_READ|_IOC_WRITE, 0x46, 0x2a, 0x20), 0x7ffd2da6b450) = 0
3113638 ioctl(8, _IOC(_IOC_READ|_IOC_WRITE, 0x46, 0x2a, 0x20), 0x7ffd2da6b2a0) = 0
3113638 ioctl(8, _IOC(_IOC_READ|_IOC_WRITE, 0x46, 0x2a, 0x20), 0x7ffd2da6b5b0) = 0
3113638 ioctl(8, _IOC(_IOC_READ|_IOC_WRITE, 0x46, 0x2a, 0x20), 0x7ffd2da6b650) = 0
3113638 ioctl(8, _IOC(_IOC_READ|_IOC_WRITE, 0x46, 0x2a, 0x20), 0x7ffd2da6b760) = 0
3113638 ioctl(8, _IOC(_IOC_READ|_IOC_WRITE, 0x46, 0x2a, 0x20), 0x7ffd2da6b760) = 0
3113638 ioctl(8, _IOC(_IOC_READ|_IOC_WRITE, 0x46, 0x2a, 0x20), 0x7ffd2da6b4b0) = 0
3113638 ioctl(8, _IOC(_IOC_READ|_IOC_WRITE, 0x46, 0x2a, 0x20), 0x7ffd2da6b690) = 0
3113638 ioctl(8, _IOC(_IOC_READ|_IOC_WRITE, 0x46, 0x2a, 0x20), 0x7ffd2da6b690) = 0
3113638 ioctl(8, _IOC(_IOC_READ|_IOC_WRITE, 0x46, 0x2a, 0x20), 0x7ffd2da6b690) = 0
3113638 ioctl(8, _IOC(_IOC_READ|_IOC_WRITE, 0x46, 0x2a, 0x20), 0x7ffd2da6b690) = 0
3113638 ioctl(8, _IOC(_IOC_READ|_IOC_WRITE, 0x46, 0x2a, 0x20), 0x7ffd2da6b690) = 0
3113638 ioctl(8, _IOC(_IOC_READ|_IOC_WRITE, 0x46, 0x2a, 0x20), 0x7ffd2da6b690) = 0
3113638 ioctl(8, _IOC(_IOC_READ|_IOC_WRITE, 0x46, 0x2a, 0x20), 0x7ffd2da6b690) = 0
3113638 ioctl(8, _IOC(_IOC_READ|_IOC_WRITE, 0x46, 0x2a, 0x20), 0x7ffd2da6b680) = 0
3113638 ioctl(8, _IOC(_IOC_READ|_IOC_WRITE, 0x46, 0x2a, 0x20), 0x7ffd2da6b600) = 0
3113638 ioctl(8, _IOC(_IOC_READ|_IOC_WRITE, 0x46, 0x2a, 0x20), 0x7ffd2da690e0) = 0
3113638 ioctl(8, _IOC(_IOC_READ|_IOC_WRITE, 0x46, 0x2a, 0x20), 0x7ffd2da6a190) = 0
3113638 ioctl(8, _IOC(_IOC_READ|_IOC_WRITE, 0x46, 0x2a, 0x20), 0x7ffd2da6b790) = 0
3113638 ioctl(8, _IOC(_IOC_READ|_IOC_WRITE, 0x46, 0x2a, 0x20), 0x7ffd2da6b5e0) = 0
3113638 ioctl(8, _IOC(_IOC_READ|_IOC_WRITE, 0x46, 0x2b, 0x30), 0x7ffd2da6c800) = 0
3113638 ioctl(8, _IOC(_IOC_READ|_IOC_WRITE, 0x46, 0x2a, 0x20), 0x7ffd2da6b5d0) = 0
3113638 openat(AT_FDCWD, "/dev/nvidia2", O_RDWR|O_CLOEXEC) = 19
3113638 ioctl(8, _IOC(_IOC_READ|_IOC_WRITE, 0x46, 0x4e, 0x38), 0x7ffd2da6c790) = 0
3113638 close(19)                       = 0
3113638 ioctl(8, _IOC(_IOC_READ|_IOC_WRITE, 0x46, 0x2a, 0x20), 0x7ffd2da6b730) = 0
3113638 ioctl(8, _IOC(_IOC_READ|_IOC_WRITE, 0x46, 0x2b, 0x30), 0x7ffd2da6c880) = 0
3113638 ioctl(8, _IOC(_IOC_READ|_IOC_WRITE, 0x46, 0x2b, 0x30), 0x7ffd2da6c880) = 0
3113638 ioctl(8, _IOC(_IOC_READ|_IOC_WRITE, 0x46, 0x2a, 0x20), 0x7ffd2da6b760) = 0
3113638 ioctl(8, _IOC(_IOC_READ|_IOC_WRITE, 0x46, 0x2a, 0x20), 0x7ffd2da6b6c0) = 0
3113638 ioctl(8, _IOC(_IOC_READ|_IOC_WRITE, 0x46, 0x2a, 0x20), 0x7ffd2da6b6c0) = 0
3113638 ioctl(8, _IOC(_IOC_READ|_IOC_WRITE, 0x46, 0x2a, 0x20), 0x7ffd2da6b7c0) = 0
3113638 ioctl(8, _IOC(_IOC_READ|_IOC_WRITE, 0x46, 0x2a, 0x20), 0x7ffd2da6b680) = 0
3113638 openat(AT_FDCWD, "/sys/bus/pci/devices/0000:60:00.0/numa_node", O_RDONLY) = 19
3113638 close(19)                       = 0
3113638 ioctl(8, _IOC(_IOC_READ|_IOC_WRITE, 0x46, 0x2a, 0x20), 0x7ffd2da6b970) = 0
3113638 ioctl(8, _IOC(_IOC_READ|_IOC_WRITE, 0x46, 0x2a, 0x20), 0x7ffd2da6cad0) = 0
3113638 ioctl(8, _IOC(_IOC_READ|_IOC_WRITE, 0x46, 0x2a, 0x20), 0x7ffd2da6cad0) = 0
3113638 ioctl(8, _IOC(_IOC_READ|_IOC_WRITE, 0x46, 0x2a, 0x20), 0x7ffd2da6cad0) = 0
3113638 ioctl(8, _IOC(_IOC_READ|_IOC_WRITE, 0x46, 0x2a, 0x20), 0x7ffd2da6cad0) = 0
3113638 ioctl(8, _IOC(_IOC_READ|_IOC_WRITE, 0x46, 0x2a, 0x20), 0x7ffd2da6cad0) = 0
3113638 ioctl(8, _IOC(_IOC_READ|_IOC_WRITE, 0x46, 0x2a, 0x20), 0x7ffd2da6cad0) = 0
3113638 ioctl(8, _IOC(_IOC_READ|_IOC_WRITE, 0x46, 0x2a, 0x20), 0x7ffd2da6bc20) = 0
3113638 ioctl(8, _IOC(_IOC_READ|_IOC_WRITE, 0x46, 0x2a, 0x20), 0x7ffd2da6bc20) = 0
3113638 ioctl(8, _IOC(_IOC_READ|_IOC_WRITE, 0x46, 0x2a, 0x20), 0x7ffd2da6bc20) = 0
3113638 ioctl(8, _IOC(_IOC_READ|_IOC_WRITE, 0x46, 0x2a, 0x20), 0x7ffd2da6bc20) = 0
3113638 ioctl(8, _IOC(_IOC_READ|_IOC_WRITE, 0x46, 0x2a, 0x20), 0x7ffd2da6aca0) = 0
3113638 ioctl(8, _IOC(_IOC_READ|_IOC_WRITE, 0x46, 0x2a, 0x20), 0x7ffd2da6c4a0) = 0
3113638 ioctl(8, _IOC(_IOC_READ|_IOC_WRITE, 0x46, 0x2a, 0x20), 0x7ffd2da6aca0) = 0
3113638 ioctl(8, _IOC(_IOC_READ|_IOC_WRITE, 0x46, 0x2a, 0x20), 0x7ffd2da6c4a0) = 0
3113638 ioctl(8, _IOC(_IOC_READ|_IOC_WRITE, 0x46, 0x2a, 0x20), 0x7ffd2da6c4a0) = 0
3113638 ioctl(8, _IOC(_IOC_READ|_IOC_WRITE, 0x46, 0x2a, 0x20), 0x7ffd2da6aca0) = 0
3113638 ioctl(9, _IOC(_IOC_NONE, 0, 0x25, 0), 0x7ffd2da6e370) = 0
3113638 ioctl(9, _IOC(_IOC_NONE, 0, 0x25, 0), 0x7ffd2da6e370) = 0
3113638 ioctl(9, _IOC(_IOC_NONE, 0, 0x25, 0), 0x7ffd2da6e370) = 0
3113638 ioctl(9, _IOC(_IOC_NONE, 0, 0x17, 0), 0x7ffd2da6e840) = 0
3113638 ioctl(8, _IOC(_IOC_READ|_IOC_WRITE, 0x46, 0x2b, 0x30), 0x7ffd2da6e5a0) = 0
3113638 ioctl(8, _IOC(_IOC_READ|_IOC_WRITE, 0x46, 0x2b, 0x30), 0x7ffd2da6e5a0) = 0
3113638 ioctl(8, _IOC(_IOC_READ|_IOC_WRITE, 0x46, 0x2b, 0x30), 0x7ffd2da6e5a0) = 0
3113638 ioctl(8, _IOC(_IOC_READ|_IOC_WRITE, 0x46, 0x2a, 0x20), 0x7ffd2da6ce10) = 0
3113638 ioctl(8, _IOC(_IOC_READ|_IOC_WRITE, 0x46, 0x2a, 0x20), 0x7ffd2da6ce20) = 0
3113638 ioctl(8, _IOC(_IOC_READ|_IOC_WRITE, 0x46, 0x2a, 0x20), 0x7ffd2da6ce50) = 0
3113638 ioctl(9, _IOC(_IOC_NONE, 0, 0x19, 0), 0x7ffd2da6df30) = 0
3113638 ioctl(8, _IOC(_IOC_READ|_IOC_WRITE, 0x46, 0x2b, 0x30), 0x7ffd2da6d200) = 0
3113638 ioctl(9, _IOC(_IOC_NONE, 0, 0x49, 0), 0x7ffd2da6cee0) = 0
3113638 ioctl(9, _IOC(_IOC_NONE, 0, 0x21, 0), 0x7ffd2da6aad0) = 0
3113638 ioctl(8, _IOC(_IOC_READ|_IOC_WRITE, 0x46, 0x2b, 0x30), 0x7ffd2da6d0e0) = 0
3113638 ioctl(9, _IOC(_IOC_NONE, 0, 0x49, 0), 0x7ffd2da6cdc0) = 0
3113638 ioctl(9, _IOC(_IOC_NONE, 0, 0x21, 0), 0x7ffd2da6a9b0) = 0
3113638 ioctl(8, _IOC(_IOC_READ|_IOC_WRITE, 0x46, 0x2b, 0x30), 0x7ffd2da6d0e0) = 0
3113638 ioctl(9, _IOC(_IOC_NONE, 0, 0x49, 0), 0x7ffd2da6cdc0) = 0
3113638 ioctl(9, _IOC(_IOC_NONE, 0, 0x21, 0), 0x7ffd2da6a9b0) = 0
3113638 ioctl(8, _IOC(_IOC_READ|_IOC_WRITE, 0x46, 0x2b, 0x30), 0x7ffd2da6d2e0) = 0
3113638 ioctl(9, _IOC(_IOC_NONE, 0, 0x49, 0), 0x7ffd2da6cfc0) = 0
3113638 ioctl(9, _IOC(_IOC_NONE, 0, 0x21, 0), 0x7ffd2da6abb0) = 0
3113638 ioctl(8, _IOC(_IOC_READ|_IOC_WRITE, 0x46, 0x2b, 0x30), 0x7ffd2da6dbc0) = 0
3113638 ioctl(8, _IOC(_IOC_READ|_IOC_WRITE, 0x46, 0x2b, 0x30), 0x7ffd2da6dbb0) = 0
3113638 ioctl(8, _IOC(_IOC_READ|_IOC_WRITE, 0x46, 0x2b, 0x30), 0x7ffd2da6ca90) = 0
3113638 ioctl(8, _IOC(_IOC_READ|_IOC_WRITE, 0x46, 0x2a, 0x20), 0x7ffd2da6b950) = 0
3113638 openat(AT_FDCWD, "/dev/nvidia0", O_RDWR|O_CLOEXEC) = 21
3113638 ioctl(8, _IOC(_IOC_READ|_IOC_WRITE, 0x46, 0x4e, 0x38), 0x7ffd2da6cb10) = 0
3113638 ioctl(8, _IOC(_IOC_READ|_IOC_WRITE, 0x46, 0x5e, 0x28), 0x7ffd2da6cae0) = 0
3113638 close(21)                       = 0
3113638 ioctl(9, _IOC(_IOC_NONE, 0, 0x49, 0), 0x7ffd2da6c770) = 0
3113638 ioctl(9, _IOC(_IOC_NONE, 0, 0x21, 0), 0x7ffd2da6a360) = 0
3113638 ioctl(8, _IOC(_IOC_READ|_IOC_WRITE, 0x46, 0x2b, 0x30), 0x7ffd2da6c8b0) = 0
3113638 ioctl(8, _IOC(_IOC_READ|_IOC_WRITE, 0x46, 0x2a, 0x20), 0x7ffd2da6b770) = 0
3113638 openat(AT_FDCWD, "/dev/nvidiactl", O_RDWR|O_CLOEXEC) = 21
3113638 ioctl(8, _IOC(_IOC_READ|_IOC_WRITE, 0x46, 0x4e, 0x38), 0x7ffd2da6c930) = 0
3113638 close(21)                       = 0
3113638 ioctl(9, _IOC(_IOC_NONE, 0, 0x49, 0), 0x7ffd2da6c590) = 0
3113638 ioctl(9, _IOC(_IOC_NONE, 0, 0x21, 0), 0x7ffd2da6a180) = 0
3113638 ioctl(8, _IOC(_IOC_READ|_IOC_WRITE, 0x46, 0x2b, 0x30), 0x7ffd2da6cc10) = 0
3113638 ioctl(8, _IOC(_IOC_READ|_IOC_WRITE, 0x46, 0x2a, 0x20), 0x7ffd2da6bad0) = 0
3113638 openat(AT_FDCWD, "/dev/nvidiactl", O_RDWR|O_CLOEXEC) = 21
3113638 ioctl(8, _IOC(_IOC_READ|_IOC_WRITE, 0x46, 0x4e, 0x38), 0x7ffd2da6cc90) = 0
3113638 close(21)                       = 0
3113638 ioctl(8, _IOC(_IOC_READ|_IOC_WRITE, 0x46, 0x2b, 0x30), 0x7ffd2da6d5b0) = 0
3113638 ioctl(8, _IOC(_IOC_READ|_IOC_WRITE, 0x46, 0x2a, 0x20), 0x7ffd2da6c620) = 0
3113638 ioctl(8, _IOC(_IOC_READ|_IOC_WRITE, 0x46, 0x2b, 0x30), 0x7ffd2da6d6c0) = 0
3113638 ioctl(8, _IOC(_IOC_READ|_IOC_WRITE, 0x46, 0x2a, 0x20), 0x7ffd2da6c5e0) = 0
3113638 ioctl(8, _IOC(_IOC_READ|_IOC_WRITE, 0x46, 0x2b, 0x30), 0x7ffd2da6d6c0) = 0
3113638 ioctl(8, _IOC(_IOC_READ|_IOC_WRITE, 0x46, 0x2a, 0x20), 0x7ffd2da6c5e0) = 0
3113638 ioctl(8, _IOC(_IOC_READ|_IOC_WRITE, 0x46, 0x2a, 0x20), 0x7ffd2da6c630) = 0
3113638 ioctl(8, _IOC(_IOC_READ|_IOC_WRITE, 0x46, 0x2a, 0x20), 0x7ffd2da6c630) = 0
3113638 ioctl(8, _IOC(_IOC_READ|_IOC_WRITE, 0x46, 0x2b, 0x30), 0x7ffd2da6cfb0) = 0
3113638 ioctl(8, _IOC(_IOC_READ|_IOC_WRITE, 0x46, 0x2a, 0x20), 0x7ffd2da6be70) = 0
3113638 openat(AT_FDCWD, "/dev/nvidiactl", O_RDWR|O_CLOEXEC) = 21
3113638 ioctl(8, _IOC(_IOC_READ|_IOC_WRITE, 0x46, 0x4e, 0x38), 0x7ffd2da6d030) = 0
3113638 close(21)                       = 0
3113638 ioctl(9, _IOC(_IOC_NONE, 0, 0x49, 0), 0x7ffd2da6cc90) = 0
3113638 ioctl(9, _IOC(_IOC_NONE, 0, 0x21, 0), 0x7ffd2da6a880) = 0
3113638 ioctl(8, _IOC(_IOC_READ|_IOC_WRITE, 0x46, 0x2b, 0x30), 0x7ffd2da6cc10) = 0
3113638 ioctl(8, _IOC(_IOC_READ|_IOC_WRITE, 0x46, 0x2a, 0x20), 0x7ffd2da6bad0) = 0
3113638 openat(AT_FDCWD, "/dev/nvidiactl", O_RDWR|O_CLOEXEC) = 21
3113638 ioctl(8, _IOC(_IOC_READ|_IOC_WRITE, 0x46, 0x4e, 0x38), 0x7ffd2da6cc90) = 0
3113638 close(21)                       = 0
3113638 ioctl(8, _IOC(_IOC_READ|_IOC_WRITE, 0x46, 0x2b, 0x30), 0x7ffd2da6d5b0) = 0
3113638 ioctl(8, _IOC(_IOC_READ|_IOC_WRITE, 0x46, 0x2a, 0x20), 0x7ffd2da6c620) = 0
3113638 ioctl(8, _IOC(_IOC_READ|_IOC_WRITE, 0x46, 0x2b, 0x30), 0x7ffd2da6d6c0) = 0
3113638 ioctl(8, _IOC(_IOC_READ|_IOC_WRITE, 0x46, 0x2a, 0x20), 0x7ffd2da6c5e0) = 0
3113638 ioctl(8, _IOC(_IOC_READ|_IOC_WRITE, 0x46, 0x2b, 0x30), 0x7ffd2da6d6c0) = 0
3113638 ioctl(8, _IOC(_IOC_READ|_IOC_WRITE, 0x46, 0x2a, 0x20), 0x7ffd2da6c5e0) = 0
3113638 ioctl(8, _IOC(_IOC_READ|_IOC_WRITE, 0x46, 0x2a, 0x20), 0x7ffd2da6c630) = 0
3113638 ioctl(8, _IOC(_IOC_READ|_IOC_WRITE, 0x46, 0x2a, 0x20), 0x7ffd2da6c630) = 0
3113638 ioctl(8, _IOC(_IOC_READ|_IOC_WRITE, 0x46, 0x2b, 0x30), 0x7ffd2da6cc10) = 0
3113638 ioctl(8, _IOC(_IOC_READ|_IOC_WRITE, 0x46, 0x2a, 0x20), 0x7ffd2da6bad0) = 0
3113638 openat(AT_FDCWD, "/dev/nvidiactl", O_RDWR|O_CLOEXEC) = 21
3113638 ioctl(8, _IOC(_IOC_READ|_IOC_WRITE, 0x46, 0x4e, 0x38), 0x7ffd2da6cc90) = 0
3113638 close(21)                       = 0
3113638 ioctl(8, _IOC(_IOC_READ|_IOC_WRITE, 0x46, 0x2b, 0x30), 0x7ffd2da6d5b0) = 0
3113638 ioctl(8, _IOC(_IOC_READ|_IOC_WRITE, 0x46, 0x2a, 0x20), 0x7ffd2da6c620) = 0
3113638 ioctl(8, _IOC(_IOC_READ|_IOC_WRITE, 0x46, 0x2b, 0x30), 0x7ffd2da6d6c0) = 0
3113638 ioctl(8, _IOC(_IOC_READ|_IOC_WRITE, 0x46, 0x2a, 0x20), 0x7ffd2da6c5e0) = 0
3113638 ioctl(8, _IOC(_IOC_READ|_IOC_WRITE, 0x46, 0x2b, 0x30), 0x7ffd2da6d6c0) = 0
3113638 ioctl(8, _IOC(_IOC_READ|_IOC_WRITE, 0x46, 0x2a, 0x20), 0x7ffd2da6c5e0) = 0
3113638 ioctl(8, _IOC(_IOC_READ|_IOC_WRITE, 0x46, 0x2a, 0x20), 0x7ffd2da6c630) = 0
3113638 ioctl(8, _IOC(_IOC_READ|_IOC_WRITE, 0x46, 0x2a, 0x20), 0x7ffd2da6c630) = 0
3113638 ioctl(8, _IOC(_IOC_READ|_IOC_WRITE, 0x46, 0x2b, 0x30), 0x7ffd2da6cc10) = 0
3113638 ioctl(8, _IOC(_IOC_READ|_IOC_WRITE, 0x46, 0x2a, 0x20), 0x7ffd2da6bad0) = 0
3113638 openat(AT_FDCWD, "/dev/nvidiactl", O_RDWR|O_CLOEXEC) = 21
3113638 ioctl(8, _IOC(_IOC_READ|_IOC_WRITE, 0x46, 0x4e, 0x38), 0x7ffd2da6cc90) = 0
3113638 close(21)                       = 0
3113638 ioctl(8, _IOC(_IOC_READ|_IOC_WRITE, 0x46, 0x2b, 0x30), 0x7ffd2da6d5b0) = 0
3113638 ioctl(8, _IOC(_IOC_READ|_IOC_WRITE, 0x46, 0x2a, 0x20), 0x7ffd2da6c620) = 0
3113638 ioctl(8, _IOC(_IOC_READ|_IOC_WRITE, 0x46, 0x2b, 0x30), 0x7ffd2da6d6c0) = 0
3113638 ioctl(8, _IOC(_IOC_READ|_IOC_WRITE, 0x46, 0x2a, 0x20), 0x7ffd2da6c5e0) = 0
3113638 ioctl(8, _IOC(_IOC_READ|_IOC_WRITE, 0x46, 0x2b, 0x30), 0x7ffd2da6d6c0) = 0
3113638 ioctl(8, _IOC(_IOC_READ|_IOC_WRITE, 0x46, 0x2a, 0x20), 0x7ffd2da6c5e0) = 0
3113638 ioctl(8, _IOC(_IOC_READ|_IOC_WRITE, 0x46, 0x2a, 0x20), 0x7ffd2da6c630) = 0
3113638 ioctl(8, _IOC(_IOC_READ|_IOC_WRITE, 0x46, 0x2a, 0x20), 0x7ffd2da6c630) = 0
3113638 ioctl(8, _IOC(_IOC_READ|_IOC_WRITE, 0x46, 0x2b, 0x30), 0x7ffd2da6cc10) = 0
3113638 ioctl(8, _IOC(_IOC_READ|_IOC_WRITE, 0x46, 0x2a, 0x20), 0x7ffd2da6bad0) = 0
3113638 openat(AT_FDCWD, "/dev/nvidiactl", O_RDWR|O_CLOEXEC) = 21
3113638 ioctl(8, _IOC(_IOC_READ|_IOC_WRITE, 0x46, 0x4e, 0x38), 0x7ffd2da6cc90) = 0
3113638 close(21)                       = 0
3113638 ioctl(8, _IOC(_IOC_READ|_IOC_WRITE, 0x46, 0x2b, 0x30), 0x7ffd2da6d5b0) = 0
3113638 ioctl(8, _IOC(_IOC_READ|_IOC_WRITE, 0x46, 0x2a, 0x20), 0x7ffd2da6c620) = 0
3113638 ioctl(8, _IOC(_IOC_READ|_IOC_WRITE, 0x46, 0x2b, 0x30), 0x7ffd2da6d6c0) = 0
3113638 ioctl(8, _IOC(_IOC_READ|_IOC_WRITE, 0x46, 0x2a, 0x20), 0x7ffd2da6c5e0) = 0
3113638 ioctl(8, _IOC(_IOC_READ|_IOC_WRITE, 0x46, 0x2b, 0x30), 0x7ffd2da6d6c0) = 0
3113638 ioctl(8, _IOC(_IOC_READ|_IOC_WRITE, 0x46, 0x2a, 0x20), 0x7ffd2da6c5e0) = 0
3113638 ioctl(8, _IOC(_IOC_READ|_IOC_WRITE, 0x46, 0x2a, 0x20), 0x7ffd2da6c630) = 0
3113638 ioctl(8, _IOC(_IOC_READ|_IOC_WRITE, 0x46, 0x2a, 0x20), 0x7ffd2da6c630) = 0
3113638 ioctl(8, _IOC(_IOC_READ|_IOC_WRITE, 0x46, 0x2b, 0x30), 0x7ffd2da6cc10) = 0
3113638 ioctl(8, _IOC(_IOC_READ|_IOC_WRITE, 0x46, 0x2a, 0x20), 0x7ffd2da6bad0) = 0
3113638 openat(AT_FDCWD, "/dev/nvidiactl", O_RDWR|O_CLOEXEC) = 21
3113638 ioctl(8, _IOC(_IOC_READ|_IOC_WRITE, 0x46, 0x4e, 0x38), 0x7ffd2da6cc90) = 0
3113638 close(21)                       = 0
3113638 ioctl(8, _IOC(_IOC_READ|_IOC_WRITE, 0x46, 0x2b, 0x30), 0x7ffd2da6d5b0) = 0
3113638 ioctl(8, _IOC(_IOC_READ|_IOC_WRITE, 0x46, 0x2a, 0x20), 0x7ffd2da6c620) = 0
3113638 ioctl(8, _IOC(_IOC_READ|_IOC_WRITE, 0x46, 0x2b, 0x30), 0x7ffd2da6d6c0) = 0
3113638 ioctl(8, _IOC(_IOC_READ|_IOC_WRITE, 0x46, 0x2a, 0x20), 0x7ffd2da6c5e0) = 0
3113638 ioctl(8, _IOC(_IOC_READ|_IOC_WRITE, 0x46, 0x2b, 0x30), 0x7ffd2da6d6c0) = 0
3113638 ioctl(8, _IOC(_IOC_READ|_IOC_WRITE, 0x46, 0x2a, 0x20), 0x7ffd2da6c5e0) = 0
3113638 ioctl(8, _IOC(_IOC_READ|_IOC_WRITE, 0x46, 0x2a, 0x20), 0x7ffd2da6c630) = 0
3113638 ioctl(8, _IOC(_IOC_READ|_IOC_WRITE, 0x46, 0x2a, 0x20), 0x7ffd2da6c630) = 0
3113638 ioctl(8, _IOC(_IOC_READ|_IOC_WRITE, 0x46, 0x2b, 0x30), 0x7ffd2da6cc10) = 0
3113638 ioctl(8, _IOC(_IOC_READ|_IOC_WRITE, 0x46, 0x2a, 0x20), 0x7ffd2da6bad0) = 0
3113638 openat(AT_FDCWD, "/dev/nvidiactl", O_RDWR|O_CLOEXEC) = 21
3113638 ioctl(8, _IOC(_IOC_READ|_IOC_WRITE, 0x46, 0x4e, 0x38), 0x7ffd2da6cc90) = 0
3113638 close(21)                       = 0
3113638 ioctl(8, _IOC(_IOC_READ|_IOC_WRITE, 0x46, 0x2b, 0x30), 0x7ffd2da6d5b0) = 0
3113638 ioctl(8, _IOC(_IOC_READ|_IOC_WRITE, 0x46, 0x2a, 0x20), 0x7ffd2da6c620) = 0
3113638 ioctl(8, _IOC(_IOC_READ|_IOC_WRITE, 0x46, 0x2b, 0x30), 0x7ffd2da6d6c0) = 0
3113638 ioctl(8, _IOC(_IOC_READ|_IOC_WRITE, 0x46, 0x2a, 0x20), 0x7ffd2da6c5e0) = 0
3113638 ioctl(8, _IOC(_IOC_READ|_IOC_WRITE, 0x46, 0x2b, 0x30), 0x7ffd2da6d6c0) = 0
3113638 ioctl(8, _IOC(_IOC_READ|_IOC_WRITE, 0x46, 0x2a, 0x20), 0x7ffd2da6c5e0) = 0
3113638 ioctl(8, _IOC(_IOC_READ|_IOC_WRITE, 0x46, 0x2a, 0x20), 0x7ffd2da6c630) = 0
3113638 ioctl(8, _IOC(_IOC_READ|_IOC_WRITE, 0x46, 0x2a, 0x20), 0x7ffd2da6c630) = 0
3113638 ioctl(8, _IOC(_IOC_READ|_IOC_WRITE, 0x46, 0x2b, 0x30), 0x7ffd2da6cc10) = 0
3113638 ioctl(8, _IOC(_IOC_READ|_IOC_WRITE, 0x46, 0x2a, 0x20), 0x7ffd2da6bad0) = 0
3113638 openat(AT_FDCWD, "/dev/nvidiactl", O_RDWR|O_CLOEXEC) = 21
3113638 ioctl(8, _IOC(_IOC_READ|_IOC_WRITE, 0x46, 0x4e, 0x38), 0x7ffd2da6cc90) = 0
3113638 close(21)                       = 0
3113638 ioctl(8, _IOC(_IOC_READ|_IOC_WRITE, 0x46, 0x2b, 0x30), 0x7ffd2da6d5b0) = 0
3113638 ioctl(8, _IOC(_IOC_READ|_IOC_WRITE, 0x46, 0x2a, 0x20), 0x7ffd2da6c620) = 0
3113638 ioctl(8, _IOC(_IOC_READ|_IOC_WRITE, 0x46, 0x2b, 0x30), 0x7ffd2da6d6c0) = 0
3113638 ioctl(8, _IOC(_IOC_READ|_IOC_WRITE, 0x46, 0x2a, 0x20), 0x7ffd2da6c5e0) = 0
3113638 ioctl(8, _IOC(_IOC_READ|_IOC_WRITE, 0x46, 0x2b, 0x30), 0x7ffd2da6d6c0) = 0
3113638 ioctl(8, _IOC(_IOC_READ|_IOC_WRITE, 0x46, 0x2a, 0x20), 0x7ffd2da6c5e0) = 0
3113638 ioctl(8, _IOC(_IOC_READ|_IOC_WRITE, 0x46, 0x2a, 0x20), 0x7ffd2da6c630) = 0
3113638 ioctl(8, _IOC(_IOC_READ|_IOC_WRITE, 0x46, 0x2a, 0x20), 0x7ffd2da6c630) = 0
3113638 ioctl(9, _IOC(_IOC_NONE, 0, 0x1b, 0), 0x7ffd2da6dd70) = 0
3113638 ioctl(9, _IOC(_IOC_NONE, 0, 0x1b, 0), 0x7ffd2da6dd70) = 0
3113638 ioctl(9, _IOC(_IOC_NONE, 0, 0x1b, 0), 0x7ffd2da6dd70) = 0
3113638 ioctl(9, _IOC(_IOC_NONE, 0, 0x1b, 0), 0x7ffd2da6dd70) = 0
3113638 ioctl(9, _IOC(_IOC_NONE, 0, 0x1b, 0), 0x7ffd2da6dd70) = 0
3113638 ioctl(9, _IOC(_IOC_NONE, 0, 0x1b, 0), 0x7ffd2da6dd70) = 0
3113638 ioctl(9, _IOC(_IOC_NONE, 0, 0x1b, 0), 0x7ffd2da6dd70) = 0
3113638 ioctl(9, _IOC(_IOC_NONE, 0, 0x1b, 0), 0x7ffd2da6dd70) = 0
3113638 ioctl(8, _IOC(_IOC_READ|_IOC_WRITE, 0x46, 0x2a, 0x20), 0x7ffd2da6cc80) = 0
3113638 openat(AT_FDCWD, "/dev/nvidia0", O_RDWR|O_CLOEXEC) = 21
3113638 ioctl(21, _IOC(_IOC_READ|_IOC_WRITE, 0x46, 0xc9, 0x4), 0x7ffd2da6dc70) = 0
3113638 ioctl(21, _IOC(_IOC_READ|_IOC_WRITE, 0x46, 0xce, 0x10), 0x7ffd2da6dc60) = 0
3113638 ioctl(21, _IOC(_IOC_READ|_IOC_WRITE, 0x46, 0x2b, 0x30), 0x7ffd2da6dc50) = 0
3113638 ioctl(8, _IOC(_IOC_READ|_IOC_WRITE, 0x46, 0x2b, 0x30), 0x7ffd2da6dbc0) = 0
3113638 ioctl(8, _IOC(_IOC_READ|_IOC_WRITE, 0x46, 0x2b, 0x30), 0x7ffd2da6cc10) = 0
3113638 ioctl(8, _IOC(_IOC_READ|_IOC_WRITE, 0x46, 0x2a, 0x20), 0x7ffd2da6bad0) = 0
3113638 openat(AT_FDCWD, "/dev/nvidiactl", O_RDWR|O_CLOEXEC) = 23
3113638 ioctl(8, _IOC(_IOC_READ|_IOC_WRITE, 0x46, 0x4e, 0x38), 0x7ffd2da6cc90) = 0
3113638 close(23)                       = 0
3113638 ioctl(8, _IOC(_IOC_READ|_IOC_WRITE, 0x46, 0x2b, 0x30), 0x7ffd2da6d5b0) = 0
3113638 ioctl(8, _IOC(_IOC_READ|_IOC_WRITE, 0x46, 0x2a, 0x20), 0x7ffd2da6c620) = 0
3113638 ioctl(8, _IOC(_IOC_READ|_IOC_WRITE, 0x46, 0x2b, 0x30), 0x7ffd2da6d6c0) = 0
3113638 ioctl(8, _IOC(_IOC_READ|_IOC_WRITE, 0x46, 0x2a, 0x20), 0x7ffd2da6c5e0) = 0
3113638 ioctl(8, _IOC(_IOC_READ|_IOC_WRITE, 0x46, 0x2a, 0x20), 0x7ffd2da6c630) = 0
3113638 ioctl(8, _IOC(_IOC_READ|_IOC_WRITE, 0x46, 0x2b, 0x30), 0x7ffd2da6cc10) = 0
3113638 ioctl(8, _IOC(_IOC_READ|_IOC_WRITE, 0x46, 0x2a, 0x20), 0x7ffd2da6bad0) = 0
3113638 openat(AT_FDCWD, "/dev/nvidiactl", O_RDWR|O_CLOEXEC) = 23
3113638 ioctl(8, _IOC(_IOC_READ|_IOC_WRITE, 0x46, 0x4e, 0x38), 0x7ffd2da6cc90) = 0
3113638 close(23)                       = 0
3113638 ioctl(8, _IOC(_IOC_READ|_IOC_WRITE, 0x46, 0x2b, 0x30), 0x7ffd2da6d5b0) = 0
3113638 ioctl(8, _IOC(_IOC_READ|_IOC_WRITE, 0x46, 0x2a, 0x20), 0x7ffd2da6c620) = 0
3113638 ioctl(8, _IOC(_IOC_READ|_IOC_WRITE, 0x46, 0x2b, 0x30), 0x7ffd2da6d6c0) = 0
3113638 ioctl(8, _IOC(_IOC_READ|_IOC_WRITE, 0x46, 0x2a, 0x20), 0x7ffd2da6c5e0) = 0
3113638 ioctl(8, _IOC(_IOC_READ|_IOC_WRITE, 0x46, 0x2a, 0x20), 0x7ffd2da6c630) = 0
3113638 ioctl(8, _IOC(_IOC_READ|_IOC_WRITE, 0x46, 0x2b, 0x30), 0x7ffd2da6cc10) = 0
3113638 ioctl(8, _IOC(_IOC_READ|_IOC_WRITE, 0x46, 0x2a, 0x20), 0x7ffd2da6bad0) = 0
3113638 openat(AT_FDCWD, "/dev/nvidiactl", O_RDWR|O_CLOEXEC) = 23
3113638 ioctl(8, _IOC(_IOC_READ|_IOC_WRITE, 0x46, 0x4e, 0x38), 0x7ffd2da6cc90) = 0
3113638 close(23)                       = 0
3113638 ioctl(8, _IOC(_IOC_READ|_IOC_WRITE, 0x46, 0x2b, 0x30), 0x7ffd2da6d5b0) = 0
3113638 ioctl(8, _IOC(_IOC_READ|_IOC_WRITE, 0x46, 0x2a, 0x20), 0x7ffd2da6c620) = 0
3113638 ioctl(8, _IOC(_IOC_READ|_IOC_WRITE, 0x46, 0x2b, 0x30), 0x7ffd2da6d6c0) = 0
3113638 ioctl(8, _IOC(_IOC_READ|_IOC_WRITE, 0x46, 0x2a, 0x20), 0x7ffd2da6c5e0) = 0
3113638 ioctl(8, _IOC(_IOC_READ|_IOC_WRITE, 0x46, 0x2a, 0x20), 0x7ffd2da6c630) = 0
3113638 ioctl(8, _IOC(_IOC_READ|_IOC_WRITE, 0x46, 0x2b, 0x30), 0x7ffd2da6cc10) = 0
3113638 ioctl(8, _IOC(_IOC_READ|_IOC_WRITE, 0x46, 0x2a, 0x20), 0x7ffd2da6bad0) = 0
3113638 openat(AT_FDCWD, "/dev/nvidiactl", O_RDWR|O_CLOEXEC) = 23
3113638 ioctl(8, _IOC(_IOC_READ|_IOC_WRITE, 0x46, 0x4e, 0x38), 0x7ffd2da6cc90) = 0
3113638 close(23)                       = 0
3113638 ioctl(8, _IOC(_IOC_READ|_IOC_WRITE, 0x46, 0x2b, 0x30), 0x7ffd2da6d5b0) = 0
3113638 ioctl(8, _IOC(_IOC_READ|_IOC_WRITE, 0x46, 0x2a, 0x20), 0x7ffd2da6c620) = 0
3113638 ioctl(8, _IOC(_IOC_READ|_IOC_WRITE, 0x46, 0x2b, 0x30), 0x7ffd2da6d6c0) = 0
3113638 ioctl(8, _IOC(_IOC_READ|_IOC_WRITE, 0x46, 0x2a, 0x20), 0x7ffd2da6c5e0) = 0
3113638 ioctl(8, _IOC(_IOC_READ|_IOC_WRITE, 0x46, 0x2a, 0x20), 0x7ffd2da6c630) = 0
3113638 ioctl(9, _IOC(_IOC_NONE, 0, 0x1b, 0), 0x7ffd2da6dd70) = 0
3113638 ioctl(9, _IOC(_IOC_NONE, 0, 0x1b, 0), 0x7ffd2da6dd70) = 0
3113638 ioctl(9, _IOC(_IOC_NONE, 0, 0x1b, 0), 0x7ffd2da6dd70) = 0
3113638 ioctl(9, _IOC(_IOC_NONE, 0, 0x1b, 0), 0x7ffd2da6dd70) = 0
3113638 ioctl(8, _IOC(_IOC_READ|_IOC_WRITE, 0x46, 0x2a, 0x20), 0x7ffd2da6cc80) = 0
3113638 openat(AT_FDCWD, "/dev/nvidia0", O_RDWR|O_CLOEXEC) = 23
3113638 ioctl(23, _IOC(_IOC_READ|_IOC_WRITE, 0x46, 0xc9, 0x4), 0x7ffd2da6dc70) = 0
3113638 ioctl(23, _IOC(_IOC_READ|_IOC_WRITE, 0x46, 0xce, 0x10), 0x7ffd2da6dc60) = 0
3113638 ioctl(23, _IOC(_IOC_READ|_IOC_WRITE, 0x46, 0x2b, 0x30), 0x7ffd2da6dc50) = 0
3113638 ioctl(8, _IOC(_IOC_READ|_IOC_WRITE, 0x46, 0x2b, 0x30), 0x7ffd2da6dbc0) = 0
3113638 ioctl(8, _IOC(_IOC_READ|_IOC_WRITE, 0x46, 0x2b, 0x30), 0x7ffd2da6cc10) = 0
3113638 ioctl(8, _IOC(_IOC_READ|_IOC_WRITE, 0x46, 0x2a, 0x20), 0x7ffd2da6bad0) = 0
3113638 openat(AT_FDCWD, "/dev/nvidiactl", O_RDWR|O_CLOEXEC) = 25
3113638 ioctl(8, _IOC(_IOC_READ|_IOC_WRITE, 0x46, 0x4e, 0x38), 0x7ffd2da6cc90) = 0
3113638 close(25)                       = 0
3113638 ioctl(8, _IOC(_IOC_READ|_IOC_WRITE, 0x46, 0x2b, 0x30), 0x7ffd2da6d5b0) = 0
3113638 ioctl(8, _IOC(_IOC_READ|_IOC_WRITE, 0x46, 0x2a, 0x20), 0x7ffd2da6c620) = 0
3113638 ioctl(8, _IOC(_IOC_READ|_IOC_WRITE, 0x46, 0x2b, 0x30), 0x7ffd2da6d6c0) = 0
3113638 ioctl(8, _IOC(_IOC_READ|_IOC_WRITE, 0x46, 0x2a, 0x20), 0x7ffd2da6c5e0) = 0
3113638 ioctl(8, _IOC(_IOC_READ|_IOC_WRITE, 0x46, 0x2a, 0x20), 0x7ffd2da6c630) = 0
3113638 ioctl(8, _IOC(_IOC_READ|_IOC_WRITE, 0x46, 0x2b, 0x30), 0x7ffd2da6cc10) = 0
3113638 ioctl(8, _IOC(_IOC_READ|_IOC_WRITE, 0x46, 0x2a, 0x20), 0x7ffd2da6bad0) = 0
3113638 openat(AT_FDCWD, "/dev/nvidiactl", O_RDWR|O_CLOEXEC) = 25
3113638 ioctl(8, _IOC(_IOC_READ|_IOC_WRITE, 0x46, 0x4e, 0x38), 0x7ffd2da6cc90) = 0
3113638 close(25)                       = 0
3113638 ioctl(8, _IOC(_IOC_READ|_IOC_WRITE, 0x46, 0x2b, 0x30), 0x7ffd2da6d5b0) = 0
3113638 ioctl(8, _IOC(_IOC_READ|_IOC_WRITE, 0x46, 0x2a, 0x20), 0x7ffd2da6c620) = 0
3113638 ioctl(8, _IOC(_IOC_READ|_IOC_WRITE, 0x46, 0x2b, 0x30), 0x7ffd2da6d6c0) = 0
3113638 ioctl(8, _IOC(_IOC_READ|_IOC_WRITE, 0x46, 0x2a, 0x20), 0x7ffd2da6c5e0) = 0
3113638 ioctl(8, _IOC(_IOC_READ|_IOC_WRITE, 0x46, 0x2a, 0x20), 0x7ffd2da6c630) = 0
3113638 ioctl(8, _IOC(_IOC_READ|_IOC_WRITE, 0x46, 0x2b, 0x30), 0x7ffd2da6cc10) = 0
3113638 ioctl(8, _IOC(_IOC_READ|_IOC_WRITE, 0x46, 0x2a, 0x20), 0x7ffd2da6bad0) = 0
3113638 openat(AT_FDCWD, "/dev/nvidiactl", O_RDWR|O_CLOEXEC) = 25
3113638 ioctl(8, _IOC(_IOC_READ|_IOC_WRITE, 0x46, 0x4e, 0x38), 0x7ffd2da6cc90) = 0
3113638 close(25)                       = 0
3113638 ioctl(8, _IOC(_IOC_READ|_IOC_WRITE, 0x46, 0x2b, 0x30), 0x7ffd2da6d5b0) = 0
3113638 ioctl(8, _IOC(_IOC_READ|_IOC_WRITE, 0x46, 0x2a, 0x20), 0x7ffd2da6c620) = 0
3113638 ioctl(8, _IOC(_IOC_READ|_IOC_WRITE, 0x46, 0x2b, 0x30), 0x7ffd2da6d6c0) = 0
3113638 ioctl(8, _IOC(_IOC_READ|_IOC_WRITE, 0x46, 0x2a, 0x20), 0x7ffd2da6c5e0) = 0
3113638 ioctl(8, _IOC(_IOC_READ|_IOC_WRITE, 0x46, 0x2a, 0x20), 0x7ffd2da6c630) = 0
3113638 ioctl(8, _IOC(_IOC_READ|_IOC_WRITE, 0x46, 0x2b, 0x30), 0x7ffd2da6cc10) = 0
3113638 ioctl(8, _IOC(_IOC_READ|_IOC_WRITE, 0x46, 0x2a, 0x20), 0x7ffd2da6bad0) = 0
3113638 openat(AT_FDCWD, "/dev/nvidiactl", O_RDWR|O_CLOEXEC) = 25
3113638 ioctl(8, _IOC(_IOC_READ|_IOC_WRITE, 0x46, 0x4e, 0x38), 0x7ffd2da6cc90) = 0
3113638 close(25)                       = 0
3113638 ioctl(8, _IOC(_IOC_READ|_IOC_WRITE, 0x46, 0x2b, 0x30), 0x7ffd2da6d5b0) = 0
3113638 ioctl(8, _IOC(_IOC_READ|_IOC_WRITE, 0x46, 0x2a, 0x20), 0x7ffd2da6c620) = 0
3113638 ioctl(8, _IOC(_IOC_READ|_IOC_WRITE, 0x46, 0x2b, 0x30), 0x7ffd2da6d6c0) = 0
3113638 ioctl(8, _IOC(_IOC_READ|_IOC_WRITE, 0x46, 0x2a, 0x20), 0x7ffd2da6c5e0) = 0
3113638 ioctl(8, _IOC(_IOC_READ|_IOC_WRITE, 0x46, 0x2a, 0x20), 0x7ffd2da6c630) = 0
3113638 ioctl(9, _IOC(_IOC_NONE, 0, 0x1b, 0), 0x7ffd2da6dd70) = 0
3113638 ioctl(9, _IOC(_IOC_NONE, 0, 0x1b, 0), 0x7ffd2da6dd70) = 0
3113638 ioctl(9, _IOC(_IOC_NONE, 0, 0x1b, 0), 0x7ffd2da6dd70) = 0
3113638 ioctl(9, _IOC(_IOC_NONE, 0, 0x1b, 0), 0x7ffd2da6dd70) = 0
3113638 ioctl(8, _IOC(_IOC_READ|_IOC_WRITE, 0x46, 0x2a, 0x20), 0x7ffd2da6cc80) = 0
3113638 openat(AT_FDCWD, "/dev/nvidia0", O_RDWR|O_CLOEXEC) = 25
3113638 ioctl(25, _IOC(_IOC_READ|_IOC_WRITE, 0x46, 0xc9, 0x4), 0x7ffd2da6dc70) = 0
3113638 ioctl(25, _IOC(_IOC_READ|_IOC_WRITE, 0x46, 0xce, 0x10), 0x7ffd2da6dc60) = 0
3113638 ioctl(25, _IOC(_IOC_READ|_IOC_WRITE, 0x46, 0x2b, 0x30), 0x7ffd2da6dc50) = 0
3113638 ioctl(8, _IOC(_IOC_READ|_IOC_WRITE, 0x46, 0x2b, 0x30), 0x7ffd2da6dbc0) = 0
3113638 ioctl(8, _IOC(_IOC_READ|_IOC_WRITE, 0x46, 0x2b, 0x30), 0x7ffd2da6cc10) = 0
3113638 ioctl(8, _IOC(_IOC_READ|_IOC_WRITE, 0x46, 0x2a, 0x20), 0x7ffd2da6bad0) = 0
3113638 openat(AT_FDCWD, "/dev/nvidiactl", O_RDWR|O_CLOEXEC) = 27
3113638 ioctl(8, _IOC(_IOC_READ|_IOC_WRITE, 0x46, 0x4e, 0x38), 0x7ffd2da6cc90) = 0
3113638 close(27)                       = 0
3113638 ioctl(8, _IOC(_IOC_READ|_IOC_WRITE, 0x46, 0x2b, 0x30), 0x7ffd2da6d5b0) = 0
3113638 ioctl(8, _IOC(_IOC_READ|_IOC_WRITE, 0x46, 0x2a, 0x20), 0x7ffd2da6c620) = 0
3113638 ioctl(8, _IOC(_IOC_READ|_IOC_WRITE, 0x46, 0x2b, 0x30), 0x7ffd2da6d6c0) = 0
3113638 ioctl(8, _IOC(_IOC_READ|_IOC_WRITE, 0x46, 0x2a, 0x20), 0x7ffd2da6c5e0) = 0
3113638 ioctl(8, _IOC(_IOC_READ|_IOC_WRITE, 0x46, 0x2a, 0x20), 0x7ffd2da6c630) = 0
3113638 ioctl(8, _IOC(_IOC_READ|_IOC_WRITE, 0x46, 0x2b, 0x30), 0x7ffd2da6cc10) = 0
3113638 ioctl(8, _IOC(_IOC_READ|_IOC_WRITE, 0x46, 0x2a, 0x20), 0x7ffd2da6bad0) = 0
3113638 openat(AT_FDCWD, "/dev/nvidiactl", O_RDWR|O_CLOEXEC) = 27
3113638 ioctl(8, _IOC(_IOC_READ|_IOC_WRITE, 0x46, 0x4e, 0x38), 0x7ffd2da6cc90) = 0
3113638 close(27)                       = 0
3113638 ioctl(8, _IOC(_IOC_READ|_IOC_WRITE, 0x46, 0x2b, 0x30), 0x7ffd2da6d5b0) = 0
3113638 ioctl(8, _IOC(_IOC_READ|_IOC_WRITE, 0x46, 0x2a, 0x20), 0x7ffd2da6c620) = 0
3113638 ioctl(8, _IOC(_IOC_READ|_IOC_WRITE, 0x46, 0x2b, 0x30), 0x7ffd2da6d6c0) = 0
3113638 ioctl(8, _IOC(_IOC_READ|_IOC_WRITE, 0x46, 0x2a, 0x20), 0x7ffd2da6c5e0) = 0
3113638 ioctl(8, _IOC(_IOC_READ|_IOC_WRITE, 0x46, 0x2a, 0x20), 0x7ffd2da6c630) = 0
3113638 ioctl(8, _IOC(_IOC_READ|_IOC_WRITE, 0x46, 0x2b, 0x30), 0x7ffd2da6cc10) = 0
3113638 ioctl(8, _IOC(_IOC_READ|_IOC_WRITE, 0x46, 0x2a, 0x20), 0x7ffd2da6bad0) = 0
3113638 openat(AT_FDCWD, "/dev/nvidiactl", O_RDWR|O_CLOEXEC) = 27
3113638 ioctl(8, _IOC(_IOC_READ|_IOC_WRITE, 0x46, 0x4e, 0x38), 0x7ffd2da6cc90) = 0
3113638 close(27)                       = 0
3113638 ioctl(8, _IOC(_IOC_READ|_IOC_WRITE, 0x46, 0x2b, 0x30), 0x7ffd2da6d5b0) = 0
3113638 ioctl(8, _IOC(_IOC_READ|_IOC_WRITE, 0x46, 0x2a, 0x20), 0x7ffd2da6c620) = 0
3113638 ioctl(8, _IOC(_IOC_READ|_IOC_WRITE, 0x46, 0x2b, 0x30), 0x7ffd2da6d6c0) = 0
3113638 ioctl(8, _IOC(_IOC_READ|_IOC_WRITE, 0x46, 0x2a, 0x20), 0x7ffd2da6c5e0) = 0
3113638 ioctl(8, _IOC(_IOC_READ|_IOC_WRITE, 0x46, 0x2a, 0x20), 0x7ffd2da6c630) = 0
3113638 ioctl(8, _IOC(_IOC_READ|_IOC_WRITE, 0x46, 0x2b, 0x30), 0x7ffd2da6cc10) = 0
3113638 ioctl(8, _IOC(_IOC_READ|_IOC_WRITE, 0x46, 0x2a, 0x20), 0x7ffd2da6bad0) = 0
3113638 openat(AT_FDCWD, "/dev/nvidiactl", O_RDWR|O_CLOEXEC) = 27
3113638 ioctl(8, _IOC(_IOC_READ|_IOC_WRITE, 0x46, 0x4e, 0x38), 0x7ffd2da6cc90) = 0
3113638 close(27)                       = 0
3113638 ioctl(8, _IOC(_IOC_READ|_IOC_WRITE, 0x46, 0x2b, 0x30), 0x7ffd2da6d5b0) = 0
3113638 ioctl(8, _IOC(_IOC_READ|_IOC_WRITE, 0x46, 0x2a, 0x20), 0x7ffd2da6c620) = 0
3113638 ioctl(8, _IOC(_IOC_READ|_IOC_WRITE, 0x46, 0x2b, 0x30), 0x7ffd2da6d6c0) = 0
3113638 ioctl(8, _IOC(_IOC_READ|_IOC_WRITE, 0x46, 0x2a, 0x20), 0x7ffd2da6c5e0) = 0
3113638 ioctl(8, _IOC(_IOC_READ|_IOC_WRITE, 0x46, 0x2a, 0x20), 0x7ffd2da6c630) = 0
3113638 ioctl(9, _IOC(_IOC_NONE, 0, 0x1b, 0), 0x7ffd2da6dd70) = 0
3113638 ioctl(9, _IOC(_IOC_NONE, 0, 0x1b, 0), 0x7ffd2da6dd70) = 0
3113638 ioctl(9, _IOC(_IOC_NONE, 0, 0x1b, 0), 0x7ffd2da6dd70) = 0
3113638 ioctl(9, _IOC(_IOC_NONE, 0, 0x1b, 0), 0x7ffd2da6dd70) = 0
3113638 ioctl(8, _IOC(_IOC_READ|_IOC_WRITE, 0x46, 0x2a, 0x20), 0x7ffd2da6cc80) = 0
3113638 openat(AT_FDCWD, "/dev/nvidia0", O_RDWR|O_CLOEXEC) = 27
3113638 ioctl(27, _IOC(_IOC_READ|_IOC_WRITE, 0x46, 0xc9, 0x4), 0x7ffd2da6dc70) = 0
3113638 ioctl(27, _IOC(_IOC_READ|_IOC_WRITE, 0x46, 0xce, 0x10), 0x7ffd2da6dc60) = 0
3113638 ioctl(27, _IOC(_IOC_READ|_IOC_WRITE, 0x46, 0x2b, 0x30), 0x7ffd2da6dc50) = 0
3113638 ioctl(8, _IOC(_IOC_READ|_IOC_WRITE, 0x46, 0x2b, 0x30), 0x7ffd2da6d050) = 0
3113638 ioctl(8, _IOC(_IOC_READ|_IOC_WRITE, 0x46, 0x2a, 0x20), 0x7ffd2da6bf10) = 0
3113638 openat(AT_FDCWD, "/dev/nvidiactl", O_RDWR|O_CLOEXEC) = 29
3113638 ioctl(8, _IOC(_IOC_READ|_IOC_WRITE, 0x46, 0x4e, 0x38), 0x7ffd2da6d0d0) = 0
3113638 close(29)                       = 0
3113638 ioctl(9, _IOC(_IOC_NONE, 0, 0x49, 0), 0x7ffd2da6cd30) = 0
3113638 ioctl(9, _IOC(_IOC_NONE, 0, 0x21, 0), 0x7ffd2da6a920) = 0
3113638 ioctl(8, _IOC(_IOC_READ|_IOC_WRITE, 0x46, 0x2b, 0x30), 0x7ffd2da6d0f0) = 0
3113638 ioctl(9, _IOC(_IOC_NONE, 0, 0x49, 0), 0x7ffd2da6cdd0) = 0
3113638 ioctl(9, _IOC(_IOC_NONE, 0, 0x21, 0), 0x7ffd2da6a9c0) = 0
3113638 ioctl(9, _IOC(_IOC_NONE, 0, 0x44, 0), 0x7ffd2da6a880) = 0
3113638 ioctl(9, _IOC(_IOC_NONE, 0, 0x48, 0), 0x7ffd2da6a350) = 0
3113638 ioctl(9, _IOC(_IOC_NONE, 0, 0x17, 0), 0x7ffd2da6dea0) = 0
3113638 ioctl(9, _IOC(_IOC_NONE, 0, 0x17, 0), 0x7ffd2da6dea0) = 0
3113638 ioctl(9, _IOC(_IOC_NONE, 0, 0x17, 0), 0x7ffd2da6dea0) = 0
3113638 ioctl(9, _IOC(_IOC_NONE, 0, 0x17, 0), 0x7ffd2da6dea0) = 0
3113638 ioctl(9, _IOC(_IOC_NONE, 0, 0x17, 0), 0x7ffd2da6dea0) = 0
3113638 ioctl(9, _IOC(_IOC_NONE, 0, 0x17, 0), 0x7ffd2da6dea0) = 0
3113638 ioctl(9, _IOC(_IOC_NONE, 0, 0x17, 0), 0x7ffd2da6dea0) = 0
3113638 ioctl(9, _IOC(_IOC_NONE, 0, 0x17, 0), 0x7ffd2da6dea0) = 0
3113638 ioctl(9, _IOC(_IOC_NONE, 0, 0x17, 0), 0x7ffd2da6dea0) = 0
3113638 ioctl(8, _IOC(_IOC_READ|_IOC_WRITE, 0x46, 0x2b, 0x30), 0x7ffd2da6cf30) = 0
3113638 ioctl(8, _IOC(_IOC_READ|_IOC_WRITE, 0x46, 0x2a, 0x20), 0x7ffd2da6bdf0) = 0
3113638 openat(AT_FDCWD, "/dev/nvidiactl", O_RDWR|O_CLOEXEC) = 30
3113638 ioctl(8, _IOC(_IOC_READ|_IOC_WRITE, 0x46, 0x4e, 0x38), 0x7ffd2da6cfb0) = 0
3113638 close(30)                       = 0
3113638 ioctl(9, _IOC(_IOC_NONE, 0, 0x49, 0), 0x7ffd2da6cc10) = 0
3113638 ioctl(9, _IOC(_IOC_NONE, 0, 0x21, 0), 0x7ffd2da6a800) = 0
3113638 ioctl(13, _IOC(_IOC_READ|_IOC_WRITE, 0x46, 0x27, 0x38), 0x7ffd2da6cf20) = 0
3113638 ioctl(9, _IOC(_IOC_NONE, 0, 0x49, 0), 0x7ffd2da6cc10) = 0
3113638 ioctl(9, _IOC(_IOC_NONE, 0, 0x21, 0), 0x7ffd2da6a800) = 0
3113638 ioctl(8, _IOC(_IOC_READ|_IOC_WRITE, 0x46, 0x2b, 0x30), 0x7ffd2da6d280) = 0
3113638 ioctl(9, _IOC(_IOC_NONE, 0, 0x49, 0), 0x7ffd2da6cf60) = 0
3113638 ioctl(9, _IOC(_IOC_NONE, 0, 0x21, 0), 0x7ffd2da6ab50) = 0
3113638 ioctl(13, _IOC(_IOC_READ|_IOC_WRITE, 0x46, 0x27, 0x38), 0x7ffd2da6d020) = 0
3113638 ioctl(9, _IOC(_IOC_NONE, 0, 0x49, 0), 0x7ffd2da6cd10) = 0
3113638 ioctl(9, _IOC(_IOC_NONE, 0, 0x21, 0), 0x7ffd2da6a900) = 0
3113638 ioctl(8, _IOC(_IOC_READ|_IOC_WRITE, 0x46, 0x2b, 0x30), 0x7ffd2da6d030) = 0
3113638 ioctl(9, _IOC(_IOC_NONE, 0, 0x49, 0), 0x7ffd2da6cd10) = 0
3113638 ioctl(9, _IOC(_IOC_NONE, 0, 0x21, 0), 0x7ffd2da6a900) = 0
3113638 ioctl(9, _IOC(_IOC_NONE, 0, 0x41, 0), 0x7ffd2da6d140) = 0
3113638 ioctl(13, _IOC(_IOC_READ|_IOC_WRITE, 0x46, 0x27, 0x38), 0x7ffd2da6d460) = 0
3113638 ioctl(9, _IOC(_IOC_NONE, 0, 0x49, 0), 0x7ffd2da6d150) = 0
3113638 ioctl(9, _IOC(_IOC_NONE, 0, 0x21, 0), 0x7ffd2da6ad40) = 0
3113638 ioctl(13, _IOC(_IOC_READ|_IOC_WRITE, 0x46, 0x27, 0x38), 0x7ffd2da6d230) = 0
3113638 ioctl(9, _IOC(_IOC_NONE, 0, 0x49, 0), 0x7ffd2da6cf20) = 0
3113638 ioctl(9, _IOC(_IOC_NONE, 0, 0x21, 0), 0x7ffd2da6ab10) = 0
3113638 ioctl(8, _IOC(_IOC_READ|_IOC_WRITE, 0x46, 0x2b, 0x30), 0x7ffd2da6c920) = 0
3113638 ioctl(9, _IOC(_IOC_NONE, 0, 0x49, 0), 0x7ffd2da6c600) = 0
3113638 ioctl(9, _IOC(_IOC_NONE, 0, 0x21, 0), 0x7ffd2da6a1f0) = 0
3113638 ioctl(8, _IOC(_IOC_READ|_IOC_WRITE, 0x46, 0x2b, 0x30), 0x7ffd2da6d230) = 0
3113638 ioctl(8, _IOC(_IOC_READ|_IOC_WRITE, 0x46, 0x2a, 0x20), 0x7ffd2da6c0f0) = 0
3113638 openat(AT_FDCWD, "/dev/nvidiactl", O_RDWR|O_CLOEXEC) = 30
3113638 ioctl(8, _IOC(_IOC_READ|_IOC_WRITE, 0x46, 0x4e, 0x38), 0x7ffd2da6d2b0) = 0
3113638 close(30)                       = 0
3113638 ioctl(9, _IOC(_IOC_NONE, 0, 0x49, 0), 0x7ffd2da6cf10) = 0
3113638 ioctl(9, _IOC(_IOC_NONE, 0, 0x21, 0), 0x7ffd2da6ab00) = 0
3113638 ioctl(13, _IOC(_IOC_READ|_IOC_WRITE, 0x46, 0x27, 0x38), 0x7ffd2da6d210) = 0
3113638 ioctl(9, _IOC(_IOC_NONE, 0, 0x49, 0), 0x7ffd2da6cf00) = 0
3113638 ioctl(9, _IOC(_IOC_NONE, 0, 0x21, 0), 0x7ffd2da6aaf0) = 0
3113638 ioctl(8, _IOC(_IOC_READ|_IOC_WRITE, 0x46, 0x2b, 0x30), 0x7ffd2da6df20) = 0
3113638 ioctl(8, _IOC(_IOC_READ|_IOC_WRITE, 0x46, 0x2b, 0x30), 0x7ffd2da6d0b0) = 0
3113638 ioctl(8, _IOC(_IOC_READ|_IOC_WRITE, 0x46, 0x2a, 0x20), 0x7ffd2da6bf70) = 0
3113638 openat(AT_FDCWD, "/dev/nvidiactl", O_RDWR|O_CLOEXEC) = 30
3113638 ioctl(8, _IOC(_IOC_READ|_IOC_WRITE, 0x46, 0x4e, 0x38), 0x7ffd2da6d130) = 0
3113638 close(30)                       = 0
3113638 ioctl(9, _IOC(_IOC_NONE, 0, 0x49, 0), 0x7ffd2da6cd90) = 0
3113638 ioctl(9, _IOC(_IOC_NONE, 0, 0x21, 0), 0x7ffd2da6a980) = 0
3113638 ioctl(8, _IOC(_IOC_READ|_IOC_WRITE, 0x46, 0x2b, 0x30), 0x7ffd2da6d1f0) = 0
3113638 ioctl(9, _IOC(_IOC_NONE, 0, 0x49, 0), 0x7ffd2da6ced0) = 0
3113638 ioctl(9, _IOC(_IOC_NONE, 0, 0x21, 0), 0x7ffd2da6aac0) = 0
3113638 ioctl(8, _IOC(_IOC_READ|_IOC_WRITE, 0x46, 0x2b, 0x30), 0x7ffd2da6d1f0) = 0
3113638 ioctl(9, _IOC(_IOC_NONE, 0, 0x49, 0), 0x7ffd2da6ced0) = 0
3113638 ioctl(9, _IOC(_IOC_NONE, 0, 0x21, 0), 0x7ffd2da6aac0) = 0
3113638 ioctl(8, _IOC(_IOC_READ|_IOC_WRITE, 0x46, 0x2b, 0x30), 0x7ffd2da6c8f0) = 0
3113638 ioctl(9, _IOC(_IOC_NONE, 0, 0x49, 0), 0x7ffd2da6c5d0) = 0
3113638 ioctl(9, _IOC(_IOC_NONE, 0, 0x21, 0), 0x7ffd2da6a1c0) = 0
3113638 openat(AT_FDCWD, "/dev/nvidia0", O_RDWR|O_CLOEXEC) = 30
3113638 ioctl(30, _IOC(_IOC_READ|_IOC_WRITE, 0x46, 0xc9, 0x4), 0x7ffd2da6ddd0) = 0
3113638 ioctl(30, _IOC(_IOC_READ|_IOC_WRITE, 0x46, 0xce, 0x10), 0x7ffd2da6ddc0) = 0
3113638 ioctl(30, _IOC(_IOC_READ|_IOC_WRITE, 0x46, 0x2b, 0x30), 0x7ffd2da6ddb0) = 0
3113638 openat(AT_FDCWD, "/dev/nvidia0", O_RDWR|O_CLOEXEC) = 32
3113638 ioctl(32, _IOC(_IOC_READ|_IOC_WRITE, 0x46, 0xc9, 0x4), 0x7ffd2da6ddd0) = 0
3113638 ioctl(32, _IOC(_IOC_READ|_IOC_WRITE, 0x46, 0xce, 0x10), 0x7ffd2da6ddc0) = 0
3113638 ioctl(32, _IOC(_IOC_READ|_IOC_WRITE, 0x46, 0x2b, 0x30), 0x7ffd2da6ddb0) = 0
3113638 openat(AT_FDCWD, "/dev/nvidia0", O_RDWR|O_CLOEXEC) = 34
3113638 ioctl(34, _IOC(_IOC_READ|_IOC_WRITE, 0x46, 0xc9, 0x4), 0x7ffd2da6ddd0) = 0
3113638 ioctl(34, _IOC(_IOC_READ|_IOC_WRITE, 0x46, 0xce, 0x10), 0x7ffd2da6ddc0) = 0
3113638 ioctl(34, _IOC(_IOC_READ|_IOC_WRITE, 0x46, 0x2b, 0x30), 0x7ffd2da6ddb0) = 0
3113638 openat(AT_FDCWD, "/dev/nvidia0", O_RDWR|O_CLOEXEC) = 36
3113638 ioctl(36, _IOC(_IOC_READ|_IOC_WRITE, 0x46, 0xc9, 0x4), 0x7ffd2da6ddd0) = 0
3113638 ioctl(36, _IOC(_IOC_READ|_IOC_WRITE, 0x46, 0xce, 0x10), 0x7ffd2da6ddc0) = 0
3113638 ioctl(36, _IOC(_IOC_READ|_IOC_WRITE, 0x46, 0x2b, 0x30), 0x7ffd2da6ddb0) = 0
3113638 ioctl(8, _IOC(_IOC_READ|_IOC_WRITE, 0x46, 0x2a, 0x20), 0x7ffd2da6cd20) = 0
3113638 ioctl(8, _IOC(_IOC_READ|_IOC_WRITE, 0x46, 0x2a, 0x20), 0x7ffd2da6cdd0) = 0
3113638 ioctl(8, _IOC(_IOC_READ|_IOC_WRITE, 0x46, 0x2a, 0x20), 0x7ffd2da6ce60) = 0
3113638 ioctl(8, _IOC(_IOC_READ|_IOC_WRITE, 0x46, 0x2b, 0x30), 0x7ffd2da6d1d0) = 0
3113638 ioctl(9, _IOC(_IOC_NONE, 0, 0x49, 0), 0x7ffd2da6ceb0) = 0
3113638 ioctl(9, _IOC(_IOC_NONE, 0, 0x21, 0), 0x7ffd2da6aaa0) = 0
3113638 ioctl(8, _IOC(_IOC_READ|_IOC_WRITE, 0x46, 0x2a, 0x20), 0x7ffd2da6ce60) = 0
3113638 openat(AT_FDCWD, "/proc/self/task/3113657/comm", O_WRONLY|O_CREAT|O_TRUNC, 0666) = 38
3113638 close(38)                       = 0
3113657 +++ exited with 0 +++
3113656 +++ exited with 0 +++
3113639 +++ exited with 0 +++
3113638 +++ exited with 0 +++
