3947883 openat(AT_FDCWD, "/usr/local/cuda/lib64/glibc-hwcaps/x86-64-v4/libcuda.so.1", O_RDONLY|O_CLOEXEC) = -1 ENOENT (No such file or directory)
3947883 openat(AT_FDCWD, "/usr/local/cuda/lib64/glibc-hwcaps/x86-64-v3/libcuda.so.1", O_RDONLY|O_CLOEXEC) = -1 ENOENT (No such file or directory)
3947883 openat(AT_FDCWD, "/usr/local/cuda/lib64/glibc-hwcaps/x86-64-v2/libcuda.so.1", O_RDONLY|O_CLOEXEC) = -1 ENOENT (No such file or directory)
3947883 openat(AT_FDCWD, "/usr/local/cuda/lib64/tls/haswell/avx512_1/x86_64/libcuda.so.1", O_RDONLY|O_CLOEXEC) = -1 ENOENT (No such file or directory)
3947883 openat(AT_FDCWD, "/usr/local/cuda/lib64/tls/haswell/avx512_1/libcuda.so.1", O_RDONLY|O_CLOEXEC) = -1 ENOENT (No such file or directory)
3947883 openat(AT_FDCWD, "/usr/local/cuda/lib64/tls/haswell/x86_64/libcuda.so.1", O_RDONLY|O_CLOEXEC) = -1 ENOENT (No such file or directory)
3947883 openat(AT_FDCWD, "/usr/local/cuda/lib64/tls/haswell/libcuda.so.1", O_RDONLY|O_CLOEXEC) = -1 ENOENT (No such file or directory)
3947883 openat(AT_FDCWD, "/usr/local/cuda/lib64/tls/avx512_1/x86_64/libcuda.so.1", O_RDONLY|O_CLOEXEC) = -1 ENOENT (No such file or directory)
3947883 openat(AT_FDCWD, "/usr/local/cuda/lib64/tls/avx512_1/libcuda.so.1", O_RDONLY|O_CLOEXEC) = -1 ENOENT (No such file or directory)
3947883 openat(AT_FDCWD, "/usr/local/cuda/lib64/tls/x86_64/libcuda.so.1", O_RDONLY|O_CLOEXEC) = -1 ENOENT (No such file or directory)
3947883 openat(AT_FDCWD, "/usr/local/cuda/lib64/tls/libcuda.so.1", O_RDONLY|O_CLOEXEC) = -1 ENOENT (No such file or directory)
3947883 openat(AT_FDCWD, "/usr/local/cuda/lib64/haswell/avx512_1/x86_64/libcuda.so.1", O_RDONLY|O_CLOEXEC) = -1 ENOENT (No such file or directory)
3947883 openat(AT_FDCWD, "/usr/local/cuda/lib64/haswell/avx512_1/libcuda.so.1", O_RDONLY|O_CLOEXEC) = -1 ENOENT (No such file or directory)
3947883 openat(AT_FDCWD, "/usr/local/cuda/lib64/haswell/x86_64/libcuda.so.1", O_RDONLY|O_CLOEXEC) = -1 ENOENT (No such file or directory)
3947883 openat(AT_FDCWD, "/usr/local/cuda/lib64/haswell/libcuda.so.1", O_RDONLY|O_CLOEXEC) = -1 ENOENT (No such file or directory)
3947883 openat(AT_FDCWD, "/usr/local/cuda/lib64/avx512_1/x86_64/libcuda.so.1", O_RDONLY|O_CLOEXEC) = -1 ENOENT (No such file or directory)
3947883 openat(AT_FDCWD, "/usr/local/cuda/lib64/avx512_1/libcuda.so.1", O_RDONLY|O_CLOEXEC) = -1 ENOENT (No such file or directory)
3947883 openat(AT_FDCWD, "/usr/local/cuda/lib64/x86_64/libcuda.so.1", O_RDONLY|O_CLOEXEC) = -1 ENOENT (No such file or directory)
3947883 openat(AT_FDCWD, "/usr/local/cuda/lib64/libcuda.so.1", O_RDONLY|O_CLOEXEC) = -1 ENOENT (No such file or directory)
3947883 openat(AT_FDCWD, "/usr/local/cuda-12.5/lib64/glibc-hwcaps/x86-64-v4/libcuda.so.1", O_RDONLY|O_CLOEXEC) = -1 ENOENT (No such file or directory)
3947883 openat(AT_FDCWD, "/usr/local/cuda-12.5/lib64/glibc-hwcaps/x86-64-v3/libcuda.so.1", O_RDONLY|O_CLOEXEC) = -1 ENOENT (No such file or directory)
3947883 openat(AT_FDCWD, "/usr/local/cuda-12.5/lib64/glibc-hwcaps/x86-64-v2/libcuda.so.1", O_RDONLY|O_CLOEXEC) = -1 ENOENT (No such file or directory)
3947883 openat(AT_FDCWD, "/usr/local/cuda-12.5/lib64/tls/haswell/avx512_1/x86_64/libcuda.so.1", O_RDONLY|O_CLOEXEC) = -1 ENOENT (No such file or directory)
3947883 openat(AT_FDCWD, "/usr/local/cuda-12.5/lib64/tls/haswell/avx512_1/libcuda.so.1", O_RDONLY|O_CLOEXEC) = -1 ENOENT (No such file or directory)
3947883 openat(AT_FDCWD, "/usr/local/cuda-12.5/lib64/tls/haswell/x86_64/libcuda.so.1", O_RDONLY|O_CLOEXEC) = -1 ENOENT (No such file or directory)
3947883 openat(AT_FDCWD, "/usr/local/cuda-12.5/lib64/tls/haswell/libcuda.so.1", O_RDONLY|O_CLOEXEC) = -1 ENOENT (No such file or directory)
3947883 openat(AT_FDCWD, "/usr/local/cuda-12.5/lib64/tls/avx512_1/x86_64/libcuda.so.1", O_RDONLY|O_CLOEXEC) = -1 ENOENT (No such file or directory)
3947883 openat(AT_FDCWD, "/usr/local/cuda-12.5/lib64/tls/avx512_1/libcuda.so.1", O_RDONLY|O_CLOEXEC) = -1 ENOENT (No such file or directory)
3947883 openat(AT_FDCWD, "/usr/local/cuda-12.5/lib64/tls/x86_64/libcuda.so.1", O_RDONLY|O_CLOEXEC) = -1 ENOENT (No such file or directory)
3947883 openat(AT_FDCWD, "/usr/local/cuda-12.5/lib64/tls/libcuda.so.1", O_RDONLY|O_CLOEXEC) = -1 ENOENT (No such file or directory)
3947883 openat(AT_FDCWD, "/usr/local/cuda-12.5/lib64/haswell/avx512_1/x86_64/libcuda.so.1", O_RDONLY|O_CLOEXEC) = -1 ENOENT (No such file or directory)
3947883 openat(AT_FDCWD, "/usr/local/cuda-12.5/lib64/haswell/avx512_1/libcuda.so.1", O_RDONLY|O_CLOEXEC) = -1 ENOENT (No such file or directory)
3947883 openat(AT_FDCWD, "/usr/local/cuda-12.5/lib64/haswell/x86_64/libcuda.so.1", O_RDONLY|O_CLOEXEC) = -1 ENOENT (No such file or directory)
3947883 openat(AT_FDCWD, "/usr/local/cuda-12.5/lib64/haswell/libcuda.so.1", O_RDONLY|O_CLOEXEC) = -1 ENOENT (No such file or directory)
3947883 openat(AT_FDCWD, "/usr/local/cuda-12.5/lib64/avx512_1/x86_64/libcuda.so.1", O_RDONLY|O_CLOEXEC) = -1 ENOENT (No such file or directory)
3947883 openat(AT_FDCWD, "/usr/local/cuda-12.5/lib64/avx512_1/libcuda.so.1", O_RDONLY|O_CLOEXEC) = -1 ENOENT (No such file or directory)
3947883 openat(AT_FDCWD, "/usr/local/cuda-12.5/lib64/x86_64/libcuda.so.1", O_RDONLY|O_CLOEXEC) = -1 ENOENT (No such file or directory)
3947883 openat(AT_FDCWD, "/usr/local/cuda-12.5/lib64/libcuda.so.1", O_RDONLY|O_CLOEXEC) = -1 ENOENT (No such file or directory)
3947883 openat(AT_FDCWD, "/etc/ld.so.cache", O_RDONLY|O_CLOEXEC) = 3
3947883 close(3)                        = 0
3947883 openat(AT_FDCWD, "/lib/x86_64-linux-gnu/libcuda.so.1", O_RDONLY|O_CLOEXEC) = 3
3947883 close(3)                        = 0
3947883 openat(AT_FDCWD, "/usr/local/cuda-12.5/lib64/libc.so.6", O_RDONLY|O_CLOEXEC) = -1 ENOENT (No such file or directory)
3947883 openat(AT_FDCWD, "/lib/x86_64-linux-gnu/libc.so.6", O_RDONLY|O_CLOEXEC) = 3
3947883 close(3)                        = 0
3947883 openat(AT_FDCWD, "/usr/local/cuda-12.5/lib64/libm.so.6", O_RDONLY|O_CLOEXEC) = -1 ENOENT (No such file or directory)
3947883 openat(AT_FDCWD, "/lib/x86_64-linux-gnu/libm.so.6", O_RDONLY|O_CLOEXEC) = 3
3947883 close(3)                        = 0
3947883 openat(AT_FDCWD, "/usr/local/cuda-12.5/lib64/libdl.so.2", O_RDONLY|O_CLOEXEC) = -1 ENOENT (No such file or directory)
3947883 openat(AT_FDCWD, "/lib/x86_64-linux-gnu/libdl.so.2", O_RDONLY|O_CLOEXEC) = 3
3947883 close(3)                        = 0
3947883 openat(AT_FDCWD, "/usr/local/cuda-12.5/lib64/libpthread.so.0", O_RDONLY|O_CLOEXEC) = -1 ENOENT (No such file or directory)
3947883 openat(AT_FDCWD, "/lib/x86_64-linux-gnu/libpthread.so.0", O_RDONLY|O_CLOEXEC) = 3
3947883 close(3)                        = 0
3947883 openat(AT_FDCWD, "/usr/local/cuda-12.5/lib64/librt.so.1", O_RDONLY|O_CLOEXEC) = -1 ENOENT (No such file or directory)
3947883 openat(AT_FDCWD, "/lib/x86_64-linux-gnu/librt.so.1", O_RDONLY|O_CLOEXEC) = 3
3947883 close(3)                        = 0
3947883 openat(AT_FDCWD, "/sys/devices/system/cpu/online", O_RDONLY|O_CLOEXEC) = 3
3947883 close(3)                        = 0
3947883 openat(AT_FDCWD, "/sys/devices/system/cpu/online", O_RDONLY|O_CLOEXEC) = 3
3947883 close(3)                        = 0
3947883 openat(AT_FDCWD, "/proc/sys/vm/mmap_min_addr", O_RDONLY) = 3
3947883 close(3)                        = 0
3947883 openat(AT_FDCWD, "/proc/cpuinfo", O_RDONLY) = 3
3947883 close(3)                        = 0
3947883 openat(AT_FDCWD, "/proc/self/maps", O_RDONLY) = 3
3947883 close(3)                        = 0
3947883 openat(AT_FDCWD, "/sys/devices/system/cpu/online", O_RDONLY|O_CLOEXEC) = 3
3947883 close(3)                        = 0
3947883 openat(AT_FDCWD, "/proc/self/task/3947884/comm", O_WRONLY|O_CREAT|O_TRUNC, 0666) = 8
3947883 close(8)                        = 0
3947883 openat(AT_FDCWD, "/dev/shm/cuda_injection_path_shm", O_RDWR|O_NOFOLLOW|O_CLOEXEC) = -1 ENOENT (No such file or directory)
3947883 openat(AT_FDCWD, "/home/pulak/.nv/nvidia-application-profile-globals-rc", O_RDONLY) = -1 ENOENT (No such file or directory)
3947883 openat(AT_FDCWD, "/home/pulak/.nv/nvidia-application-profiles-rc", O_RDONLY) = -1 ENOENT (No such file or directory)
3947883 openat(AT_FDCWD, "/home/pulak/.nv/nvidia-application-profiles-rc.d", O_RDONLY) = -1 ENOENT (No such file or directory)
3947883 openat(AT_FDCWD, "/etc/nvidia/nvidia-application-profiles-rc", O_RDONLY) = -1 ENOENT (No such file or directory)
3947883 openat(AT_FDCWD, "/etc/nvidia/nvidia-application-profiles-rc.d/", O_RDONLY) = -1 ENOENT (No such file or directory)
3947883 openat(AT_FDCWD, "/usr/share/nvidia/nvidia-application-profiles-555.42.06-rc", O_RDONLY) = 8
3947883 close(8)                        = 0
3947883 openat(AT_FDCWD, "/usr/share/nvidia/nvidia-application-profiles-rc", O_RDONLY) = -1 ENOENT (No such file or directory)
3947883 openat(AT_FDCWD, "/proc/self/cmdline", O_RDONLY) = 8
3947883 close(8)                        = 0
3947883 close(8)                        = 0
3947883 openat(AT_FDCWD, "/proc/modules", O_RDONLY) = 8
3947883 close(8)                        = 0
3947883 openat(AT_FDCWD, "/proc/driver/nvidia/params", O_RDONLY) = 8
3947883 close(8)                        = 0
3947883 openat(AT_FDCWD, "/proc/driver/nvidia/params", O_RDONLY) = 8
3947883 close(8)                        = 0
3947883 openat(AT_FDCWD, "/dev/nvidiactl", O_RDWR) = 8
3947883 openat(AT_FDCWD, "/sys/devices/system/memory/block_size_bytes", O_RDONLY) = 9
3947883 close(9)                        = 0
3947883 ioctl(8, _IOC(_IOC_READ|_IOC_WRITE, 0x46, 0xd6, 0x8), 0x7ffd01309fc0) = 0
3947883 ioctl(8, _IOC(_IOC_READ|_IOC_WRITE, 0x46, 0xc8, 0x900), 0x72aa1db1aae0) = 0
3947883 openat(AT_FDCWD, "/proc/driver/nvidia/params", O_RDONLY) = 9
3947883 close(9)                        = 0
3947883 ioctl(8, _IOC(_IOC_READ|_IOC_WRITE, 0x46, 0x2b, 0x20), 0x7ffd0130a110) = 0
3947883 ioctl(8, _IOC(_IOC_READ|_IOC_WRITE, 0x46, 0x2a, 0x20), 0x7ffd01309010) = 0
3947883 ioctl(8, _IOC(_IOC_READ|_IOC_WRITE, 0x46, 0x29, 0x10), 0x7ffd0130a0f0) = 0
3947883 close(8)                        = 0
3947883 openat(AT_FDCWD, "/proc/modules", O_RDONLY) = 8
3947883 close(8)                        = 0
3947883 openat(AT_FDCWD, "/proc/driver/nvidia/params", O_RDONLY) = 8
3947883 close(8)                        = 0
3947883 openat(AT_FDCWD, "/proc/driver/nvidia/params", O_RDONLY) = 8
3947883 close(8)                        = 0
3947883 openat(AT_FDCWD, "/dev/nvidiactl", O_RDWR) = 8
3947883 openat(AT_FDCWD, "/sys/devices/system/memory/block_size_bytes", O_RDONLY) = 9
3947883 close(9)                        = 0
3947883 ioctl(8, _IOC(_IOC_READ|_IOC_WRITE, 0x46, 0xd6, 0x8), 0x7ffd0130a580) = 0
3947883 ioctl(8, _IOC(_IOC_READ|_IOC_WRITE, 0x46, 0xc8, 0x900), 0x72aa1db1aae0) = 0
3947883 openat(AT_FDCWD, "/proc/driver/nvidia/params", O_RDONLY) = 9
3947883 close(9)                        = 0
3947883 ioctl(8, _IOC(_IOC_READ|_IOC_WRITE, 0x46, 0x2b, 0x20), 0x7ffd0130a6d0) = 0
3947883 ioctl(8, _IOC(_IOC_READ|_IOC_WRITE, 0x46, 0x2a, 0x20), 0x7ffd01309590) = 0
3947883 ioctl(8, _IOC(_IOC_READ|_IOC_WRITE, 0x46, 0x2a, 0x20), 0x7ffd01309590) = 0
3947883 ioctl(8, _IOC(_IOC_READ|_IOC_WRITE, 0x46, 0x2b, 0x30), 0x7ffd0130a6c0) = 0
3947883 ioctl(8, _IOC(_IOC_READ|_IOC_WRITE, 0x46, 0x2a, 0x20), 0x7ffd013095a0) = 0
3947883 openat(AT_FDCWD, "/sys/devices/system/cpu/online", O_RDONLY|O_CLOEXEC) = 9
3947883 close(9)                        = 0
3947883 openat(AT_FDCWD, "/proc/self/status", O_RDONLY) = 9
3947883 close(9)                        = 0
3947883 openat(AT_FDCWD, "/sys/devices/system/node", O_RDONLY|O_NONBLOCK|O_CLOEXEC|O_DIRECTORY) = 9
3947883 openat(AT_FDCWD, "/sys/devices/system/node/node0/cpumap", O_RDONLY) = 10
3947883 close(10)                       = 0
3947883 openat(AT_FDCWD, "/sys/devices/system/node/node1/cpumap", O_RDONLY) = 10
3947883 close(10)                       = 0
3947883 close(9)                        = 0
3947883 openat(AT_FDCWD, "/proc/modules", O_RDONLY) = 9
3947883 close(9)                        = 0
3947883 openat(AT_FDCWD, "/proc/devices", O_RDONLY) = 9
3947883 close(9)                        = 0
3947883 openat(AT_FDCWD, "/dev/nvidia-uvm", O_RDWR|O_CLOEXEC) = 9
3947883 openat(AT_FDCWD, "/dev/nvidia-uvm", O_RDWR|O_CLOEXEC) = 10
3947883 ioctl(9, _IOC(_IOC_NONE, 0, 0x1, 0x3000), 0x7ffd0130a6d0) = 0
3947883 ioctl(10, _IOC(_IOC_NONE, 0, 0x4b, 0), 0x7ffd0130a6d0) = 0
3947883 ioctl(9, _IOC(_IOC_NONE, 0, 0x27, 0), 0x7ffd0130a6d0) = 0
3947883 ioctl(8, _IOC(_IOC_READ|_IOC_WRITE, 0x46, 0x2a, 0x20), 0x7ffd01307740) = 0
3947883 ioctl(8, _IOC(_IOC_READ|_IOC_WRITE, 0x46, 0x2a, 0x20), 0x7ffd01306f70) = 0
3947883 ioctl(8, _IOC(_IOC_READ|_IOC_WRITE, 0x46, 0x2a, 0x20), 0x7ffd01307680) = 0
3947883 openat(AT_FDCWD, "/proc/driver/nvidia/params", O_RDONLY) = 11
3947883 close(11)                       = 0
3947883 openat(AT_FDCWD, "/proc/driver/nvidia/params", O_RDONLY) = 11
3947883 close(11)                       = 0
3947883 openat(AT_FDCWD, "/dev/nvidia0", O_RDWR|O_CLOEXEC) = 11
3947883 ioctl(8, _IOC(_IOC_READ|_IOC_WRITE, 0x46, 0x2a, 0x20), 0x7ffd01307680) = 0
3947883 openat(AT_FDCWD, "/proc/driver/nvidia/params", O_RDONLY) = 12
3947883 close(12)                       = 0
3947883 openat(AT_FDCWD, "/proc/driver/nvidia/params", O_RDONLY) = 12
3947883 close(12)                       = 0
3947883 openat(AT_FDCWD, "/dev/nvidia1", O_RDWR|O_CLOEXEC) = 12
3947883 ioctl(8, _IOC(_IOC_READ|_IOC_WRITE, 0x46, 0x2a, 0x20), 0x7ffd01307680) = 0
3947883 openat(AT_FDCWD, "/proc/driver/nvidia/params", O_RDONLY) = 13
3947883 close(13)                       = 0
3947883 openat(AT_FDCWD, "/proc/driver/nvidia/params", O_RDONLY) = 13
3947883 close(13)                       = 0
3947883 openat(AT_FDCWD, "/dev/nvidia2", O_RDWR|O_CLOEXEC) = 13
3947883 ioctl(8, _IOC(_IOC_READ|_IOC_WRITE, 0x46, 0x2a, 0x20), 0x7ffd01307680) = 0
3947883 openat(AT_FDCWD, "/proc/driver/nvidia/params", O_RDONLY) = 14
3947883 close(14)                       = 0
3947883 openat(AT_FDCWD, "/proc/driver/nvidia/params", O_RDONLY) = 14
3947883 close(14)                       = 0
3947883 openat(AT_FDCWD, "/dev/nvidia3", O_RDWR|O_CLOEXEC) = 14
3947883 ioctl(8, _IOC(_IOC_READ|_IOC_WRITE, 0x46, 0x2a, 0x20), 0x7ffd01307840) = 0
3947883 ioctl(8, _IOC(_IOC_READ|_IOC_WRITE, 0x46, 0x2a, 0x20), 0x7ffd01307830) = 0
3947883 ioctl(8, _IOC(_IOC_READ|_IOC_WRITE, 0x46, 0x29, 0x10), 0x7ffd013088d0) = 0
3947883 ioctl(8, _IOC(_IOC_READ|_IOC_WRITE, 0x46, 0x2a, 0x20), 0x7ffd013076c0) = 0
3947883 ioctl(8, _IOC(_IOC_READ|_IOC_WRITE, 0x46, 0x2a, 0x20), 0x7ffd013076c0) = 0
3947883 openat(AT_FDCWD, "/proc/driver/nvidia/params", O_RDONLY) = 15
3947883 close(15)                       = 0
3947883 openat(AT_FDCWD, "/proc/driver/nvidia/params", O_RDONLY) = 15
3947883 close(15)                       = 0
3947883 openat(AT_FDCWD, "/dev/nvidia0", O_RDWR|O_CLOEXEC) = 15
3947883 ioctl(15, _IOC(_IOC_READ|_IOC_WRITE, 0x46, 0xc9, 0x4), 0x7ffd01308840) = 0
3947883 ioctl(15, _IOC(_IOC_READ|_IOC_WRITE, 0x46, 0xd7, 0x230), 0x7ffd013085c0) = 0
3947883 ioctl(8, _IOC(_IOC_READ|_IOC_WRITE, 0x46, 0x2b, 0x30), 0x7ffd01308910) = 0
3947883 ioctl(8, _IOC(_IOC_READ|_IOC_WRITE, 0x46, 0x2a, 0x20), 0x7ffd01307840) = 0
3947883 ioctl(8, _IOC(_IOC_READ|_IOC_WRITE, 0x46, 0x2a, 0x20), 0x7ffd013076a0) = 0
3947883 ioctl(8, _IOC(_IOC_READ|_IOC_WRITE, 0x46, 0x2a, 0x20), 0x7ffd01307840) = 0
3947883 ioctl(8, _IOC(_IOC_READ|_IOC_WRITE, 0x46, 0x2a, 0x20), 0x7ffd013077b0) = 0
3947883 ioctl(8, _IOC(_IOC_READ|_IOC_WRITE, 0x46, 0x2a, 0x20), 0x7ffd013076b0) = 0
3947883 ioctl(8, _IOC(_IOC_READ|_IOC_WRITE, 0x46, 0x2a, 0x20), 0x7ffd013076b0) = 0
3947883 openat(AT_FDCWD, "/proc/driver/nvidia/params", O_RDONLY) = 16
3947883 close(16)                       = 0
3947883 openat(AT_FDCWD, "/proc/driver/nvidia/params", O_RDONLY) = 16
3947883 close(16)                       = 0
3947883 openat(AT_FDCWD, "/dev/nvidia0", O_RDWR|O_CLOEXEC) = 16
3947883 ioctl(16, _IOC(_IOC_READ|_IOC_WRITE, 0x46, 0xc9, 0x4), 0x7ffd01308830) = 0
3947883 ioctl(8, _IOC(_IOC_READ|_IOC_WRITE, 0x46, 0x2b, 0x30), 0x7ffd01308940) = 0
3947883 ioctl(8, _IOC(_IOC_READ|_IOC_WRITE, 0x46, 0x2b, 0x30), 0x7ffd01308960) = 0
3947883 ioctl(8, _IOC(_IOC_READ|_IOC_WRITE, 0x46, 0x2a, 0x20), 0x7ffd01307690) = 0
3947883 ioctl(8, _IOC(_IOC_READ|_IOC_WRITE, 0x46, 0x2a, 0x20), 0x7ffd01307190) = 0
3947883 ioctl(8, _IOC(_IOC_READ|_IOC_WRITE, 0x46, 0x2a, 0x20), 0x7ffd01307740) = 0
3947883 ioctl(8, _IOC(_IOC_READ|_IOC_WRITE, 0x46, 0x2a, 0x20), 0x7ffd01306db0) = 0
3947883 ioctl(8, _IOC(_IOC_READ|_IOC_WRITE, 0x46, 0x2a, 0x20), 0x7ffd013065a0) = 0
3947883 ioctl(8, _IOC(_IOC_READ|_IOC_WRITE, 0x46, 0x2a, 0x20), 0x7ffd01306bf0) = 0
3947883 ioctl(8, _IOC(_IOC_READ|_IOC_WRITE, 0x46, 0x2a, 0x20), 0x7ffd01307460) = 0
3947883 ioctl(8, _IOC(_IOC_READ|_IOC_WRITE, 0x46, 0x2a, 0x20), 0x7ffd01307630) = 0
3947883 ioctl(8, _IOC(_IOC_READ|_IOC_WRITE, 0x46, 0x2a, 0x20), 0x7ffd01307320) = 0
3947883 ioctl(8, _IOC(_IOC_READ|_IOC_WRITE, 0x46, 0x2a, 0x20), 0x7ffd01307320) = 0
3947883 ioctl(8, _IOC(_IOC_READ|_IOC_WRITE, 0x46, 0x2a, 0x20), 0x7ffd01307320) = 0
3947883 ioctl(8, _IOC(_IOC_READ|_IOC_WRITE, 0x46, 0x2a, 0x20), 0x7ffd01307320) = 0
3947883 ioctl(8, _IOC(_IOC_READ|_IOC_WRITE, 0x46, 0x2a, 0x20), 0x7ffd01307320) = 0
3947883 ioctl(8, _IOC(_IOC_READ|_IOC_WRITE, 0x46, 0x2a, 0x20), 0x7ffd01307170) = 0
3947883 ioctl(8, _IOC(_IOC_READ|_IOC_WRITE, 0x46, 0x2a, 0x20), 0x7ffd01307480) = 0
3947883 ioctl(8, _IOC(_IOC_READ|_IOC_WRITE, 0x46, 0x2a, 0x20), 0x7ffd01307520) = 0
3947883 ioctl(8, _IOC(_IOC_READ|_IOC_WRITE, 0x46, 0x2a, 0x20), 0x7ffd01307630) = 0
3947883 ioctl(8, _IOC(_IOC_READ|_IOC_WRITE, 0x46, 0x2a, 0x20), 0x7ffd01307630) = 0
3947883 openat(AT_FDCWD, "/dev/nvidia0", O_RDWR|O_CLOEXEC) = 17
3947883 ioctl(17, _IOC(_IOC_READ|_IOC_WRITE, 0x46, 0xc9, 0x4), 0x7ffd013086f0) = 0
3947883 ioctl(17, _IOC(_IOC_READ|_IOC_WRITE, 0x46, 0xce, 0x10), 0x7ffd013086e0) = 0
3947883 ioctl(8, _IOC(_IOC_READ|_IOC_WRITE, 0x46, 0x2a, 0x20), 0x7ffd01307380) = 0
3947883 ioctl(8, _IOC(_IOC_READ|_IOC_WRITE, 0x46, 0x2a, 0x20), 0x7ffd01307560) = 0
3947883 ioctl(8, _IOC(_IOC_READ|_IOC_WRITE, 0x46, 0x2a, 0x20), 0x7ffd01307560) = 0
3947883 ioctl(8, _IOC(_IOC_READ|_IOC_WRITE, 0x46, 0x2a, 0x20), 0x7ffd01307560) = 0
3947883 ioctl(8, _IOC(_IOC_READ|_IOC_WRITE, 0x46, 0x2a, 0x20), 0x7ffd01307560) = 0
3947883 ioctl(8, _IOC(_IOC_READ|_IOC_WRITE, 0x46, 0x2a, 0x20), 0x7ffd01307560) = 0
3947883 ioctl(8, _IOC(_IOC_READ|_IOC_WRITE, 0x46, 0x2a, 0x20), 0x7ffd01307560) = 0
3947883 ioctl(8, _IOC(_IOC_READ|_IOC_WRITE, 0x46, 0x2a, 0x20), 0x7ffd01307560) = 0
3947883 ioctl(8, _IOC(_IOC_READ|_IOC_WRITE, 0x46, 0x2a, 0x20), 0x7ffd01307550) = 0
3947883 ioctl(8, _IOC(_IOC_READ|_IOC_WRITE, 0x46, 0x2a, 0x20), 0x7ffd013074d0) = 0
3947883 ioctl(8, _IOC(_IOC_READ|_IOC_WRITE, 0x46, 0x2a, 0x20), 0x7ffd01307460) = 0
3947883 ioctl(8, _IOC(_IOC_READ|_IOC_WRITE, 0x46, 0x2a, 0x20), 0x7ffd01304fb0) = 0
3947883 ioctl(8, _IOC(_IOC_READ|_IOC_WRITE, 0x46, 0x2a, 0x20), 0x7ffd01306060) = 0
3947883 ioctl(8, _IOC(_IOC_READ|_IOC_WRITE, 0x46, 0x2a, 0x20), 0x7ffd01307660) = 0
3947883 ioctl(8, _IOC(_IOC_READ|_IOC_WRITE, 0x46, 0x2a, 0x20), 0x7ffd013074b0) = 0
3947883 ioctl(8, _IOC(_IOC_READ|_IOC_WRITE, 0x46, 0x2b, 0x30), 0x7ffd013086d0) = 0
3947883 ioctl(8, _IOC(_IOC_READ|_IOC_WRITE, 0x46, 0x2a, 0x20), 0x7ffd013074a0) = 0
3947883 openat(AT_FDCWD, "/dev/nvidia0", O_RDWR|O_CLOEXEC) = 18
3947883 ioctl(8, _IOC(_IOC_READ|_IOC_WRITE, 0x46, 0x4e, 0x38), 0x7ffd01308660) = 0
3947883 close(18)                       = 0
3947883 ioctl(8, _IOC(_IOC_READ|_IOC_WRITE, 0x46, 0x2b, 0x30), 0x7ffd013086e0) = 0
3947883 ioctl(8, _IOC(_IOC_READ|_IOC_WRITE, 0x46, 0x2a, 0x20), 0x7ffd01307660) = 0
3947883 ioctl(8, _IOC(_IOC_READ|_IOC_WRITE, 0x46, 0x2a, 0x20), 0x7ffd01307600) = 0
3947883 ioctl(8, _IOC(_IOC_READ|_IOC_WRITE, 0x46, 0x2b, 0x30), 0x7ffd01308750) = 0
3947883 ioctl(8, _IOC(_IOC_READ|_IOC_WRITE, 0x46, 0x2b, 0x30), 0x7ffd01308750) = 0
3947883 ioctl(8, _IOC(_IOC_READ|_IOC_WRITE, 0x46, 0x2a, 0x20), 0x7ffd01307630) = 0
3947883 ioctl(8, _IOC(_IOC_READ|_IOC_WRITE, 0x46, 0x2a, 0x20), 0x7ffd01307590) = 0
3947883 ioctl(8, _IOC(_IOC_READ|_IOC_WRITE, 0x46, 0x2a, 0x20), 0x7ffd01307590) = 0
3947883 ioctl(8, _IOC(_IOC_READ|_IOC_WRITE, 0x46, 0x2a, 0x20), 0x7ffd01307690) = 0
3947883 ioctl(8, _IOC(_IOC_READ|_IOC_WRITE, 0x46, 0x2a, 0x20), 0x7ffd01307550) = 0
3947883 openat(AT_FDCWD, "/sys/bus/pci/devices/0000:17:00.0/numa_node", O_RDONLY) = 18
3947883 close(18)                       = 0
3947883 ioctl(8, _IOC(_IOC_READ|_IOC_WRITE, 0x46, 0x2a, 0x20), 0x7ffd01307830) = 0
3947883 ioctl(8, _IOC(_IOC_READ|_IOC_WRITE, 0x46, 0x29, 0x10), 0x7ffd013088d0) = 0
3947883 ioctl(8, _IOC(_IOC_READ|_IOC_WRITE, 0x46, 0x2a, 0x20), 0x7ffd013076c0) = 0
3947883 ioctl(8, _IOC(_IOC_READ|_IOC_WRITE, 0x46, 0x2a, 0x20), 0x7ffd013076c0) = 0
3947883 ioctl(8, _IOC(_IOC_READ|_IOC_WRITE, 0x46, 0x2a, 0x20), 0x7ffd013076c0) = 0
3947883 openat(AT_FDCWD, "/proc/driver/nvidia/params", O_RDONLY) = 18
3947883 close(18)                       = 0
3947883 openat(AT_FDCWD, "/proc/driver/nvidia/params", O_RDONLY) = 18
3947883 close(18)                       = 0
3947883 openat(AT_FDCWD, "/dev/nvidia1", O_RDWR|O_CLOEXEC) = 18
3947883 ioctl(18, _IOC(_IOC_READ|_IOC_WRITE, 0x46, 0xc9, 0x4), 0x7ffd01308840) = 0
3947883 ioctl(18, _IOC(_IOC_READ|_IOC_WRITE, 0x46, 0xd7, 0x230), 0x7ffd013085c0) = 0
3947883 ioctl(8, _IOC(_IOC_READ|_IOC_WRITE, 0x46, 0x2b, 0x30), 0x7ffd01308910) = 0
3947883 ioctl(8, _IOC(_IOC_READ|_IOC_WRITE, 0x46, 0x2a, 0x20), 0x7ffd01307840) = 0
3947883 ioctl(8, _IOC(_IOC_READ|_IOC_WRITE, 0x46, 0x2a, 0x20), 0x7ffd013076a0) = 0
3947883 ioctl(8, _IOC(_IOC_READ|_IOC_WRITE, 0x46, 0x2a, 0x20), 0x7ffd01307840) = 0
3947883 ioctl(8, _IOC(_IOC_READ|_IOC_WRITE, 0x46, 0x2a, 0x20), 0x7ffd013077b0) = 0
3947883 ioctl(8, _IOC(_IOC_READ|_IOC_WRITE, 0x46, 0x2a, 0x20), 0x7ffd013076b0) = 0
3947883 ioctl(8, _IOC(_IOC_READ|_IOC_WRITE, 0x46, 0x2a, 0x20), 0x7ffd013076b0) = 0
3947883 ioctl(8, _IOC(_IOC_READ|_IOC_WRITE, 0x46, 0x2a, 0x20), 0x7ffd013076b0) = 0
3947883 openat(AT_FDCWD, "/proc/driver/nvidia/params", O_RDONLY) = 19
3947883 close(19)                       = 0
3947883 openat(AT_FDCWD, "/proc/driver/nvidia/params", O_RDONLY) = 19
3947883 close(19)                       = 0
3947883 openat(AT_FDCWD, "/dev/nvidia1", O_RDWR|O_CLOEXEC) = 19
3947883 ioctl(19, _IOC(_IOC_READ|_IOC_WRITE, 0x46, 0xc9, 0x4), 0x7ffd01308830) = 0
3947883 ioctl(8, _IOC(_IOC_READ|_IOC_WRITE, 0x46, 0x2b, 0x30), 0x7ffd01308940) = 0
3947883 ioctl(8, _IOC(_IOC_READ|_IOC_WRITE, 0x46, 0x2b, 0x30), 0x7ffd01308960) = 0
3947883 ioctl(8, _IOC(_IOC_READ|_IOC_WRITE, 0x46, 0x2a, 0x20), 0x7ffd01307690) = 0
3947883 ioctl(8, _IOC(_IOC_READ|_IOC_WRITE, 0x46, 0x2a, 0x20), 0x7ffd01307190) = 0
3947883 ioctl(8, _IOC(_IOC_READ|_IOC_WRITE, 0x46, 0x2a, 0x20), 0x7ffd01307740) = 0
3947883 ioctl(8, _IOC(_IOC_READ|_IOC_WRITE, 0x46, 0x2a, 0x20), 0x7ffd01306db0) = 0
3947883 ioctl(8, _IOC(_IOC_READ|_IOC_WRITE, 0x46, 0x2a, 0x20), 0x7ffd013065a0) = 0
3947883 ioctl(8, _IOC(_IOC_READ|_IOC_WRITE, 0x46, 0x2a, 0x20), 0x7ffd01306bf0) = 0
3947883 ioctl(8, _IOC(_IOC_READ|_IOC_WRITE, 0x46, 0x2a, 0x20), 0x7ffd01307460) = 0
3947883 ioctl(8, _IOC(_IOC_READ|_IOC_WRITE, 0x46, 0x2a, 0x20), 0x7ffd01307630) = 0
3947883 ioctl(8, _IOC(_IOC_READ|_IOC_WRITE, 0x46, 0x2a, 0x20), 0x7ffd01307320) = 0
3947883 ioctl(8, _IOC(_IOC_READ|_IOC_WRITE, 0x46, 0x2a, 0x20), 0x7ffd01307320) = 0
3947883 ioctl(8, _IOC(_IOC_READ|_IOC_WRITE, 0x46, 0x2a, 0x20), 0x7ffd01307320) = 0
3947883 ioctl(8, _IOC(_IOC_READ|_IOC_WRITE, 0x46, 0x2a, 0x20), 0x7ffd01307320) = 0
3947883 ioctl(8, _IOC(_IOC_READ|_IOC_WRITE, 0x46, 0x2a, 0x20), 0x7ffd01307320) = 0
3947883 ioctl(8, _IOC(_IOC_READ|_IOC_WRITE, 0x46, 0x2a, 0x20), 0x7ffd01307170) = 0
3947883 ioctl(8, _IOC(_IOC_READ|_IOC_WRITE, 0x46, 0x2a, 0x20), 0x7ffd01307480) = 0
3947883 ioctl(8, _IOC(_IOC_READ|_IOC_WRITE, 0x46, 0x2a, 0x20), 0x7ffd01307520) = 0
3947883 ioctl(8, _IOC(_IOC_READ|_IOC_WRITE, 0x46, 0x2a, 0x20), 0x7ffd01307630) = 0
3947883 ioctl(8, _IOC(_IOC_READ|_IOC_WRITE, 0x46, 0x2a, 0x20), 0x7ffd01307630) = 0
3947883 openat(AT_FDCWD, "/dev/nvidia1", O_RDWR|O_CLOEXEC) = 20
3947883 ioctl(20, _IOC(_IOC_READ|_IOC_WRITE, 0x46, 0xc9, 0x4), 0x7ffd013086f0) = 0
3947883 ioctl(20, _IOC(_IOC_READ|_IOC_WRITE, 0x46, 0xce, 0x10), 0x7ffd013086e0) = 0
3947883 ioctl(8, _IOC(_IOC_READ|_IOC_WRITE, 0x46, 0x2a, 0x20), 0x7ffd01307380) = 0
3947883 ioctl(8, _IOC(_IOC_READ|_IOC_WRITE, 0x46, 0x2a, 0x20), 0x7ffd01307560) = 0
3947883 ioctl(8, _IOC(_IOC_READ|_IOC_WRITE, 0x46, 0x2a, 0x20), 0x7ffd01307560) = 0
3947883 ioctl(8, _IOC(_IOC_READ|_IOC_WRITE, 0x46, 0x2a, 0x20), 0x7ffd01307560) = 0
3947883 ioctl(8, _IOC(_IOC_READ|_IOC_WRITE, 0x46, 0x2a, 0x20), 0x7ffd01307560) = 0
3947883 ioctl(8, _IOC(_IOC_READ|_IOC_WRITE, 0x46, 0x2a, 0x20), 0x7ffd01307560) = 0
3947883 ioctl(8, _IOC(_IOC_READ|_IOC_WRITE, 0x46, 0x2a, 0x20), 0x7ffd01307560) = 0
3947883 ioctl(8, _IOC(_IOC_READ|_IOC_WRITE, 0x46, 0x2a, 0x20), 0x7ffd01307560) = 0
3947883 ioctl(8, _IOC(_IOC_READ|_IOC_WRITE, 0x46, 0x2a, 0x20), 0x7ffd01307550) = 0
3947883 ioctl(8, _IOC(_IOC_READ|_IOC_WRITE, 0x46, 0x2a, 0x20), 0x7ffd013074d0) = 0
3947883 ioctl(8, _IOC(_IOC_READ|_IOC_WRITE, 0x46, 0x2a, 0x20), 0x7ffd01307460) = 0
3947883 ioctl(8, _IOC(_IOC_READ|_IOC_WRITE, 0x46, 0x2a, 0x20), 0x7ffd01304fb0) = 0
3947883 ioctl(8, _IOC(_IOC_READ|_IOC_WRITE, 0x46, 0x2a, 0x20), 0x7ffd01306060) = 0
3947883 ioctl(8, _IOC(_IOC_READ|_IOC_WRITE, 0x46, 0x2a, 0x20), 0x7ffd01307660) = 0
3947883 ioctl(8, _IOC(_IOC_READ|_IOC_WRITE, 0x46, 0x2a, 0x20), 0x7ffd013074b0) = 0
3947883 ioctl(8, _IOC(_IOC_READ|_IOC_WRITE, 0x46, 0x2b, 0x30), 0x7ffd013086d0) = 0
3947883 ioctl(8, _IOC(_IOC_READ|_IOC_WRITE, 0x46, 0x2a, 0x20), 0x7ffd013074a0) = 0
3947883 openat(AT_FDCWD, "/dev/nvidia1", O_RDWR|O_CLOEXEC) = 21
3947883 ioctl(8, _IOC(_IOC_READ|_IOC_WRITE, 0x46, 0x4e, 0x38), 0x7ffd01308660) = 0
3947883 close(21)                       = 0
3947883 ioctl(8, _IOC(_IOC_READ|_IOC_WRITE, 0x46, 0x2b, 0x30), 0x7ffd013086e0) = 0
3947883 ioctl(8, _IOC(_IOC_READ|_IOC_WRITE, 0x46, 0x2a, 0x20), 0x7ffd01307660) = 0
3947883 ioctl(8, _IOC(_IOC_READ|_IOC_WRITE, 0x46, 0x2a, 0x20), 0x7ffd01307600) = 0
3947883 ioctl(8, _IOC(_IOC_READ|_IOC_WRITE, 0x46, 0x2b, 0x30), 0x7ffd01308750) = 0
3947883 ioctl(8, _IOC(_IOC_READ|_IOC_WRITE, 0x46, 0x2b, 0x30), 0x7ffd01308750) = 0
3947883 ioctl(8, _IOC(_IOC_READ|_IOC_WRITE, 0x46, 0x2a, 0x20), 0x7ffd01307630) = 0
3947883 ioctl(8, _IOC(_IOC_READ|_IOC_WRITE, 0x46, 0x2a, 0x20), 0x7ffd01307590) = 0
3947883 ioctl(8, _IOC(_IOC_READ|_IOC_WRITE, 0x46, 0x2a, 0x20), 0x7ffd01307590) = 0
3947883 ioctl(8, _IOC(_IOC_READ|_IOC_WRITE, 0x46, 0x2a, 0x20), 0x7ffd01307690) = 0
3947883 ioctl(8, _IOC(_IOC_READ|_IOC_WRITE, 0x46, 0x2a, 0x20), 0x7ffd01307550) = 0
3947883 openat(AT_FDCWD, "/sys/bus/pci/devices/0000:65:00.0/numa_node", O_RDONLY) = 21
3947883 close(21)                       = 0
3947883 ioctl(8, _IOC(_IOC_READ|_IOC_WRITE, 0x46, 0x2a, 0x20), 0x7ffd01307830) = 0
3947883 ioctl(8, _IOC(_IOC_READ|_IOC_WRITE, 0x46, 0x29, 0x10), 0x7ffd013088d0) = 0
3947883 ioctl(8, _IOC(_IOC_READ|_IOC_WRITE, 0x46, 0x2a, 0x20), 0x7ffd013076c0) = 0
3947883 ioctl(8, _IOC(_IOC_READ|_IOC_WRITE, 0x46, 0x2a, 0x20), 0x7ffd013076c0) = 0
3947883 ioctl(8, _IOC(_IOC_READ|_IOC_WRITE, 0x46, 0x2a, 0x20), 0x7ffd013076c0) = 0
3947883 ioctl(8, _IOC(_IOC_READ|_IOC_WRITE, 0x46, 0x2a, 0x20), 0x7ffd013076c0) = 0
3947883 openat(AT_FDCWD, "/proc/driver/nvidia/params", O_RDONLY) = 21
3947883 close(21)                       = 0
3947883 openat(AT_FDCWD, "/proc/driver/nvidia/params", O_RDONLY) = 21
3947883 close(21)                       = 0
3947883 openat(AT_FDCWD, "/dev/nvidia2", O_RDWR|O_CLOEXEC) = 21
3947883 ioctl(21, _IOC(_IOC_READ|_IOC_WRITE, 0x46, 0xc9, 0x4), 0x7ffd01308840) = 0
3947883 ioctl(21, _IOC(_IOC_READ|_IOC_WRITE, 0x46, 0xd7, 0x230), 0x7ffd013085c0) = 0
3947883 ioctl(8, _IOC(_IOC_READ|_IOC_WRITE, 0x46, 0x2b, 0x30), 0x7ffd01308910) = 0
3947883 ioctl(8, _IOC(_IOC_READ|_IOC_WRITE, 0x46, 0x2a, 0x20), 0x7ffd01307840) = 0
3947883 ioctl(8, _IOC(_IOC_READ|_IOC_WRITE, 0x46, 0x2a, 0x20), 0x7ffd013076a0) = 0
3947883 ioctl(8, _IOC(_IOC_READ|_IOC_WRITE, 0x46, 0x2a, 0x20), 0x7ffd01307840) = 0
3947883 ioctl(8, _IOC(_IOC_READ|_IOC_WRITE, 0x46, 0x2a, 0x20), 0x7ffd013077b0) = 0
3947883 ioctl(8, _IOC(_IOC_READ|_IOC_WRITE, 0x46, 0x2a, 0x20), 0x7ffd013076b0) = 0
3947883 ioctl(8, _IOC(_IOC_READ|_IOC_WRITE, 0x46, 0x2a, 0x20), 0x7ffd013076b0) = 0
3947883 ioctl(8, _IOC(_IOC_READ|_IOC_WRITE, 0x46, 0x2a, 0x20), 0x7ffd013076b0) = 0
3947883 ioctl(8, _IOC(_IOC_READ|_IOC_WRITE, 0x46, 0x2a, 0x20), 0x7ffd013076b0) = 0
3947883 openat(AT_FDCWD, "/proc/driver/nvidia/params", O_RDONLY) = 22
3947883 close(22)                       = 0
3947883 openat(AT_FDCWD, "/proc/driver/nvidia/params", O_RDONLY) = 22
3947883 close(22)                       = 0
3947883 openat(AT_FDCWD, "/dev/nvidia2", O_RDWR|O_CLOEXEC) = 22
3947883 ioctl(22, _IOC(_IOC_READ|_IOC_WRITE, 0x46, 0xc9, 0x4), 0x7ffd01308830) = 0
3947883 ioctl(8, _IOC(_IOC_READ|_IOC_WRITE, 0x46, 0x2b, 0x30), 0x7ffd01308940) = 0
3947883 ioctl(8, _IOC(_IOC_READ|_IOC_WRITE, 0x46, 0x2b, 0x30), 0x7ffd01308960) = 0
3947883 ioctl(8, _IOC(_IOC_READ|_IOC_WRITE, 0x46, 0x2a, 0x20), 0x7ffd01307690) = 0
3947883 ioctl(8, _IOC(_IOC_READ|_IOC_WRITE, 0x46, 0x2a, 0x20), 0x7ffd01307190) = 0
3947883 ioctl(8, _IOC(_IOC_READ|_IOC_WRITE, 0x46, 0x2a, 0x20), 0x7ffd01307740) = 0
3947883 ioctl(8, _IOC(_IOC_READ|_IOC_WRITE, 0x46, 0x2a, 0x20), 0x7ffd01306db0) = 0
3947883 ioctl(8, _IOC(_IOC_READ|_IOC_WRITE, 0x46, 0x2a, 0x20), 0x7ffd013065a0) = 0
3947883 ioctl(8, _IOC(_IOC_READ|_IOC_WRITE, 0x46, 0x2a, 0x20), 0x7ffd01306bf0) = 0
3947883 ioctl(8, _IOC(_IOC_READ|_IOC_WRITE, 0x46, 0x2a, 0x20), 0x7ffd01307460) = 0
3947883 ioctl(8, _IOC(_IOC_READ|_IOC_WRITE, 0x46, 0x2a, 0x20), 0x7ffd01307630) = 0
3947883 ioctl(8, _IOC(_IOC_READ|_IOC_WRITE, 0x46, 0x2a, 0x20), 0x7ffd01307320) = 0
3947883 ioctl(8, _IOC(_IOC_READ|_IOC_WRITE, 0x46, 0x2a, 0x20), 0x7ffd01307320) = 0
3947883 ioctl(8, _IOC(_IOC_READ|_IOC_WRITE, 0x46, 0x2a, 0x20), 0x7ffd01307320) = 0
3947883 ioctl(8, _IOC(_IOC_READ|_IOC_WRITE, 0x46, 0x2a, 0x20), 0x7ffd01307320) = 0
3947883 ioctl(8, _IOC(_IOC_READ|_IOC_WRITE, 0x46, 0x2a, 0x20), 0x7ffd01307320) = 0
3947883 ioctl(8, _IOC(_IOC_READ|_IOC_WRITE, 0x46, 0x2a, 0x20), 0x7ffd01307170) = 0
3947883 ioctl(8, _IOC(_IOC_READ|_IOC_WRITE, 0x46, 0x2a, 0x20), 0x7ffd01307480) = 0
3947883 ioctl(8, _IOC(_IOC_READ|_IOC_WRITE, 0x46, 0x2a, 0x20), 0x7ffd01307520) = 0
3947883 ioctl(8, _IOC(_IOC_READ|_IOC_WRITE, 0x46, 0x2a, 0x20), 0x7ffd01307630) = 0
3947883 ioctl(8, _IOC(_IOC_READ|_IOC_WRITE, 0x46, 0x2a, 0x20), 0x7ffd01307630) = 0
3947883 openat(AT_FDCWD, "/dev/nvidia2", O_RDWR|O_CLOEXEC) = 23
3947883 ioctl(23, _IOC(_IOC_READ|_IOC_WRITE, 0x46, 0xc9, 0x4), 0x7ffd013086f0) = 0
3947883 ioctl(23, _IOC(_IOC_READ|_IOC_WRITE, 0x46, 0xce, 0x10), 0x7ffd013086e0) = 0
3947883 ioctl(8, _IOC(_IOC_READ|_IOC_WRITE, 0x46, 0x2a, 0x20), 0x7ffd01307380) = 0
3947883 ioctl(8, _IOC(_IOC_READ|_IOC_WRITE, 0x46, 0x2a, 0x20), 0x7ffd01307560) = 0
3947883 ioctl(8, _IOC(_IOC_READ|_IOC_WRITE, 0x46, 0x2a, 0x20), 0x7ffd01307560) = 0
3947883 ioctl(8, _IOC(_IOC_READ|_IOC_WRITE, 0x46, 0x2a, 0x20), 0x7ffd01307560) = 0
3947883 ioctl(8, _IOC(_IOC_READ|_IOC_WRITE, 0x46, 0x2a, 0x20), 0x7ffd01307560) = 0
3947883 ioctl(8, _IOC(_IOC_READ|_IOC_WRITE, 0x46, 0x2a, 0x20), 0x7ffd01307560) = 0
3947883 ioctl(8, _IOC(_IOC_READ|_IOC_WRITE, 0x46, 0x2a, 0x20), 0x7ffd01307560) = 0
3947883 ioctl(8, _IOC(_IOC_READ|_IOC_WRITE, 0x46, 0x2a, 0x20), 0x7ffd01307560) = 0
3947883 ioctl(8, _IOC(_IOC_READ|_IOC_WRITE, 0x46, 0x2a, 0x20), 0x7ffd01307550) = 0
3947883 ioctl(8, _IOC(_IOC_READ|_IOC_WRITE, 0x46, 0x2a, 0x20), 0x7ffd013074d0) = 0
3947883 ioctl(8, _IOC(_IOC_READ|_IOC_WRITE, 0x46, 0x2a, 0x20), 0x7ffd01307460) = 0
3947883 ioctl(8, _IOC(_IOC_READ|_IOC_WRITE, 0x46, 0x2a, 0x20), 0x7ffd01304fb0) = 0
3947883 ioctl(8, _IOC(_IOC_READ|_IOC_WRITE, 0x46, 0x2a, 0x20), 0x7ffd01306060) = 0
3947883 ioctl(8, _IOC(_IOC_READ|_IOC_WRITE, 0x46, 0x2a, 0x20), 0x7ffd01307660) = 0
3947883 ioctl(8, _IOC(_IOC_READ|_IOC_WRITE, 0x46, 0x2a, 0x20), 0x7ffd013074b0) = 0
3947883 ioctl(8, _IOC(_IOC_READ|_IOC_WRITE, 0x46, 0x2b, 0x30), 0x7ffd013086d0) = 0
3947883 ioctl(8, _IOC(_IOC_READ|_IOC_WRITE, 0x46, 0x2a, 0x20), 0x7ffd013074a0) = 0
3947883 openat(AT_FDCWD, "/dev/nvidia2", O_RDWR|O_CLOEXEC) = 24
3947883 ioctl(8, _IOC(_IOC_READ|_IOC_WRITE, 0x46, 0x4e, 0x38), 0x7ffd01308660) = 0
3947883 close(24)                       = 0
3947883 ioctl(8, _IOC(_IOC_READ|_IOC_WRITE, 0x46, 0x2b, 0x30), 0x7ffd013086e0) = 0
3947883 ioctl(8, _IOC(_IOC_READ|_IOC_WRITE, 0x46, 0x2a, 0x20), 0x7ffd01307660) = 0
3947883 ioctl(8, _IOC(_IOC_READ|_IOC_WRITE, 0x46, 0x2a, 0x20), 0x7ffd01307600) = 0
3947883 ioctl(8, _IOC(_IOC_READ|_IOC_WRITE, 0x46, 0x2b, 0x30), 0x7ffd01308750) = 0
3947883 ioctl(8, _IOC(_IOC_READ|_IOC_WRITE, 0x46, 0x2b, 0x30), 0x7ffd01308750) = 0
3947883 ioctl(8, _IOC(_IOC_READ|_IOC_WRITE, 0x46, 0x2a, 0x20), 0x7ffd01307630) = 0
3947883 ioctl(8, _IOC(_IOC_READ|_IOC_WRITE, 0x46, 0x2a, 0x20), 0x7ffd01307590) = 0
3947883 ioctl(8, _IOC(_IOC_READ|_IOC_WRITE, 0x46, 0x2a, 0x20), 0x7ffd01307590) = 0
3947883 ioctl(8, _IOC(_IOC_READ|_IOC_WRITE, 0x46, 0x2a, 0x20), 0x7ffd01307690) = 0
3947883 ioctl(8, _IOC(_IOC_READ|_IOC_WRITE, 0x46, 0x2a, 0x20), 0x7ffd01307550) = 0
3947883 openat(AT_FDCWD, "/sys/bus/pci/devices/0000:ca:00.0/numa_node", O_RDONLY) = 24
3947883 close(24)                       = 0
3947883 ioctl(8, _IOC(_IOC_READ|_IOC_WRITE, 0x46, 0x2a, 0x20), 0x7ffd01307830) = 0
3947883 ioctl(8, _IOC(_IOC_READ|_IOC_WRITE, 0x46, 0x29, 0x10), 0x7ffd013088d0) = 0
3947883 ioctl(8, _IOC(_IOC_READ|_IOC_WRITE, 0x46, 0x2a, 0x20), 0x7ffd013076c0) = 0
3947883 ioctl(8, _IOC(_IOC_READ|_IOC_WRITE, 0x46, 0x2a, 0x20), 0x7ffd013076c0) = 0
3947883 ioctl(8, _IOC(_IOC_READ|_IOC_WRITE, 0x46, 0x2a, 0x20), 0x7ffd013076c0) = 0
3947883 ioctl(8, _IOC(_IOC_READ|_IOC_WRITE, 0x46, 0x2a, 0x20), 0x7ffd013076c0) = 0
3947883 ioctl(8, _IOC(_IOC_READ|_IOC_WRITE, 0x46, 0x2a, 0x20), 0x7ffd013076c0) = 0
3947883 openat(AT_FDCWD, "/proc/driver/nvidia/params", O_RDONLY) = 24
3947883 close(24)                       = 0
3947883 openat(AT_FDCWD, "/proc/driver/nvidia/params", O_RDONLY) = 24
3947883 close(24)                       = 0
3947883 openat(AT_FDCWD, "/dev/nvidia3", O_RDWR|O_CLOEXEC) = 24
3947883 ioctl(24, _IOC(_IOC_READ|_IOC_WRITE, 0x46, 0xc9, 0x4), 0x7ffd01308840) = 0
3947883 ioctl(24, _IOC(_IOC_READ|_IOC_WRITE, 0x46, 0xd7, 0x230), 0x7ffd013085c0) = 0
3947883 ioctl(8, _IOC(_IOC_READ|_IOC_WRITE, 0x46, 0x2b, 0x30), 0x7ffd01308910) = 0
3947883 ioctl(8, _IOC(_IOC_READ|_IOC_WRITE, 0x46, 0x2a, 0x20), 0x7ffd01307840) = 0
3947883 ioctl(8, _IOC(_IOC_READ|_IOC_WRITE, 0x46, 0x2a, 0x20), 0x7ffd013076a0) = 0
3947883 ioctl(8, _IOC(_IOC_READ|_IOC_WRITE, 0x46, 0x2a, 0x20), 0x7ffd01307840) = 0
3947883 ioctl(8, _IOC(_IOC_READ|_IOC_WRITE, 0x46, 0x2a, 0x20), 0x7ffd013077b0) = 0
3947883 ioctl(8, _IOC(_IOC_READ|_IOC_WRITE, 0x46, 0x2a, 0x20), 0x7ffd013076b0) = 0
3947883 ioctl(8, _IOC(_IOC_READ|_IOC_WRITE, 0x46, 0x2a, 0x20), 0x7ffd013076b0) = 0
3947883 ioctl(8, _IOC(_IOC_READ|_IOC_WRITE, 0x46, 0x2a, 0x20), 0x7ffd013076b0) = 0
3947883 ioctl(8, _IOC(_IOC_READ|_IOC_WRITE, 0x46, 0x2a, 0x20), 0x7ffd013076b0) = 0
3947883 ioctl(8, _IOC(_IOC_READ|_IOC_WRITE, 0x46, 0x2a, 0x20), 0x7ffd013076b0) = 0
3947883 openat(AT_FDCWD, "/proc/driver/nvidia/params", O_RDONLY) = 25
3947883 close(25)                       = 0
3947883 openat(AT_FDCWD, "/proc/driver/nvidia/params", O_RDONLY) = 25
3947883 close(25)                       = 0
3947883 openat(AT_FDCWD, "/dev/nvidia3", O_RDWR|O_CLOEXEC) = 25
3947883 ioctl(25, _IOC(_IOC_READ|_IOC_WRITE, 0x46, 0xc9, 0x4), 0x7ffd01308830) = 0
3947883 ioctl(8, _IOC(_IOC_READ|_IOC_WRITE, 0x46, 0x2b, 0x30), 0x7ffd01308940) = 0
3947883 ioctl(8, _IOC(_IOC_READ|_IOC_WRITE, 0x46, 0x2b, 0x30), 0x7ffd01308960) = 0
3947883 ioctl(8, _IOC(_IOC_READ|_IOC_WRITE, 0x46, 0x2a, 0x20), 0x7ffd01307690) = 0
3947883 ioctl(8, _IOC(_IOC_READ|_IOC_WRITE, 0x46, 0x2a, 0x20), 0x7ffd01307190) = 0
3947883 ioctl(8, _IOC(_IOC_READ|_IOC_WRITE, 0x46, 0x2a, 0x20), 0x7ffd01307740) = 0
3947883 ioctl(8, _IOC(_IOC_READ|_IOC_WRITE, 0x46, 0x2a, 0x20), 0x7ffd01306db0) = 0
3947883 ioctl(8, _IOC(_IOC_READ|_IOC_WRITE, 0x46, 0x2a, 0x20), 0x7ffd013065a0) = 0
3947883 ioctl(8, _IOC(_IOC_READ|_IOC_WRITE, 0x46, 0x2a, 0x20), 0x7ffd01306bf0) = 0
3947883 ioctl(8, _IOC(_IOC_READ|_IOC_WRITE, 0x46, 0x2a, 0x20), 0x7ffd01307460) = 0
3947883 ioctl(8, _IOC(_IOC_READ|_IOC_WRITE, 0x46, 0x2a, 0x20), 0x7ffd01307630) = 0
3947883 ioctl(8, _IOC(_IOC_READ|_IOC_WRITE, 0x46, 0x2a, 0x20), 0x7ffd01307320) = 0
3947883 ioctl(8, _IOC(_IOC_READ|_IOC_WRITE, 0x46, 0x2a, 0x20), 0x7ffd01307320) = 0
3947883 ioctl(8, _IOC(_IOC_READ|_IOC_WRITE, 0x46, 0x2a, 0x20), 0x7ffd01307320) = 0
3947883 ioctl(8, _IOC(_IOC_READ|_IOC_WRITE, 0x46, 0x2a, 0x20), 0x7ffd01307320) = 0
3947883 ioctl(8, _IOC(_IOC_READ|_IOC_WRITE, 0x46, 0x2a, 0x20), 0x7ffd01307320) = 0
3947883 ioctl(8, _IOC(_IOC_READ|_IOC_WRITE, 0x46, 0x2a, 0x20), 0x7ffd01307170) = 0
3947883 ioctl(8, _IOC(_IOC_READ|_IOC_WRITE, 0x46, 0x2a, 0x20), 0x7ffd01307480) = 0
3947883 ioctl(8, _IOC(_IOC_READ|_IOC_WRITE, 0x46, 0x2a, 0x20), 0x7ffd01307520) = 0
3947883 ioctl(8, _IOC(_IOC_READ|_IOC_WRITE, 0x46, 0x2a, 0x20), 0x7ffd01307630) = 0
3947883 ioctl(8, _IOC(_IOC_READ|_IOC_WRITE, 0x46, 0x2a, 0x20), 0x7ffd01307630) = 0
3947883 openat(AT_FDCWD, "/dev/nvidia3", O_RDWR|O_CLOEXEC) = 26
3947883 ioctl(26, _IOC(_IOC_READ|_IOC_WRITE, 0x46, 0xc9, 0x4), 0x7ffd013086f0) = 0
3947883 ioctl(26, _IOC(_IOC_READ|_IOC_WRITE, 0x46, 0xce, 0x10), 0x7ffd013086e0) = 0
3947883 ioctl(8, _IOC(_IOC_READ|_IOC_WRITE, 0x46, 0x2a, 0x20), 0x7ffd01307380) = 0
3947883 ioctl(8, _IOC(_IOC_READ|_IOC_WRITE, 0x46, 0x2a, 0x20), 0x7ffd01307560) = 0
3947883 ioctl(8, _IOC(_IOC_READ|_IOC_WRITE, 0x46, 0x2a, 0x20), 0x7ffd01307560) = 0
3947883 ioctl(8, _IOC(_IOC_READ|_IOC_WRITE, 0x46, 0x2a, 0x20), 0x7ffd01307560) = 0
3947883 ioctl(8, _IOC(_IOC_READ|_IOC_WRITE, 0x46, 0x2a, 0x20), 0x7ffd01307560) = 0
3947883 ioctl(8, _IOC(_IOC_READ|_IOC_WRITE, 0x46, 0x2a, 0x20), 0x7ffd01307560) = 0
3947883 ioctl(8, _IOC(_IOC_READ|_IOC_WRITE, 0x46, 0x2a, 0x20), 0x7ffd01307560) = 0
3947883 ioctl(8, _IOC(_IOC_READ|_IOC_WRITE, 0x46, 0x2a, 0x20), 0x7ffd01307560) = 0
3947883 ioctl(8, _IOC(_IOC_READ|_IOC_WRITE, 0x46, 0x2a, 0x20), 0x7ffd01307550) = 0
3947883 ioctl(8, _IOC(_IOC_READ|_IOC_WRITE, 0x46, 0x2a, 0x20), 0x7ffd013074d0) = 0
3947883 ioctl(8, _IOC(_IOC_READ|_IOC_WRITE, 0x46, 0x2a, 0x20), 0x7ffd01307460) = 0
3947883 ioctl(8, _IOC(_IOC_READ|_IOC_WRITE, 0x46, 0x2a, 0x20), 0x7ffd01304fb0) = 0
3947883 ioctl(8, _IOC(_IOC_READ|_IOC_WRITE, 0x46, 0x2a, 0x20), 0x7ffd01306060) = 0
3947883 ioctl(8, _IOC(_IOC_READ|_IOC_WRITE, 0x46, 0x2a, 0x20), 0x7ffd01307660) = 0
3947883 ioctl(8, _IOC(_IOC_READ|_IOC_WRITE, 0x46, 0x2a, 0x20), 0x7ffd013074b0) = 0
3947883 ioctl(8, _IOC(_IOC_READ|_IOC_WRITE, 0x46, 0x2b, 0x30), 0x7ffd013086d0) = 0
3947883 ioctl(8, _IOC(_IOC_READ|_IOC_WRITE, 0x46, 0x2a, 0x20), 0x7ffd013074a0) = 0
3947883 openat(AT_FDCWD, "/dev/nvidia3", O_RDWR|O_CLOEXEC) = 27
3947883 ioctl(8, _IOC(_IOC_READ|_IOC_WRITE, 0x46, 0x4e, 0x38), 0x7ffd01308660) = 0
3947883 close(27)                       = 0
3947883 ioctl(8, _IOC(_IOC_READ|_IOC_WRITE, 0x46, 0x2b, 0x30), 0x7ffd013086e0) = 0
3947883 ioctl(8, _IOC(_IOC_READ|_IOC_WRITE, 0x46, 0x2a, 0x20), 0x7ffd01307660) = 0
3947883 ioctl(8, _IOC(_IOC_READ|_IOC_WRITE, 0x46, 0x2a, 0x20), 0x7ffd01307600) = 0
3947883 ioctl(8, _IOC(_IOC_READ|_IOC_WRITE, 0x46, 0x2b, 0x30), 0x7ffd01308750) = 0
3947883 ioctl(8, _IOC(_IOC_READ|_IOC_WRITE, 0x46, 0x2b, 0x30), 0x7ffd01308750) = 0
3947883 ioctl(8, _IOC(_IOC_READ|_IOC_WRITE, 0x46, 0x2a, 0x20), 0x7ffd01307630) = 0
3947883 ioctl(8, _IOC(_IOC_READ|_IOC_WRITE, 0x46, 0x2a, 0x20), 0x7ffd01307590) = 0
3947883 ioctl(8, _IOC(_IOC_READ|_IOC_WRITE, 0x46, 0x2a, 0x20), 0x7ffd01307590) = 0
3947883 ioctl(8, _IOC(_IOC_READ|_IOC_WRITE, 0x46, 0x2a, 0x20), 0x7ffd01307690) = 0
3947883 ioctl(8, _IOC(_IOC_READ|_IOC_WRITE, 0x46, 0x2a, 0x20), 0x7ffd01307550) = 0
3947883 openat(AT_FDCWD, "/sys/bus/pci/devices/0000:e3:00.0/numa_node", O_RDONLY) = 27
3947883 close(27)                       = 0
3947883 ioctl(8, _IOC(_IOC_READ|_IOC_WRITE, 0x46, 0x2a, 0x20), 0x7ffd01307840) = 0
3947883 ioctl(8, _IOC(_IOC_READ|_IOC_WRITE, 0x46, 0x2a, 0x20), 0x7ffd013089a0) = 0
3947883 ioctl(8, _IOC(_IOC_READ|_IOC_WRITE, 0x46, 0x2a, 0x20), 0x7ffd013089a0) = 0
3947883 ioctl(8, _IOC(_IOC_READ|_IOC_WRITE, 0x46, 0x2a, 0x20), 0x7ffd013089a0) = 0
3947883 ioctl(8, _IOC(_IOC_READ|_IOC_WRITE, 0x46, 0x2a, 0x20), 0x7ffd013089a0) = 0
3947883 ioctl(8, _IOC(_IOC_READ|_IOC_WRITE, 0x46, 0x2a, 0x20), 0x7ffd013089a0) = 0
3947883 ioctl(8, _IOC(_IOC_READ|_IOC_WRITE, 0x46, 0x2a, 0x20), 0x7ffd013089a0) = 0
3947883 ioctl(8, _IOC(_IOC_READ|_IOC_WRITE, 0x46, 0x2a, 0x20), 0x7ffd013089a0) = 0
3947883 ioctl(8, _IOC(_IOC_READ|_IOC_WRITE, 0x46, 0x2a, 0x20), 0x7ffd013089a0) = 0
3947883 ioctl(8, _IOC(_IOC_READ|_IOC_WRITE, 0x46, 0x2a, 0x20), 0x7ffd01307af0) = 0
3947883 ioctl(8, _IOC(_IOC_READ|_IOC_WRITE, 0x46, 0x2a, 0x20), 0x7ffd01307af0) = 0
3947883 ioctl(8, _IOC(_IOC_READ|_IOC_WRITE, 0x46, 0x2a, 0x20), 0x7ffd01307af0) = 0
3947883 ioctl(8, _IOC(_IOC_READ|_IOC_WRITE, 0x46, 0x2a, 0x20), 0x7ffd01307af0) = 0
3947883 ioctl(8, _IOC(_IOC_READ|_IOC_WRITE, 0x46, 0x2a, 0x20), 0x7ffd01307af0) = 0
3947883 ioctl(8, _IOC(_IOC_READ|_IOC_WRITE, 0x46, 0x2a, 0x20), 0x7ffd01308370) = 0
3947883 ioctl(8, _IOC(_IOC_READ|_IOC_WRITE, 0x46, 0x2a, 0x20), 0x7ffd01306b70) = 0
3947883 ioctl(8, _IOC(_IOC_READ|_IOC_WRITE, 0x46, 0x2a, 0x20), 0x7ffd01308370) = 0
3947883 ioctl(8, _IOC(_IOC_READ|_IOC_WRITE, 0x46, 0x2a, 0x20), 0x7ffd01306b70) = 0
3947883 ioctl(8, _IOC(_IOC_READ|_IOC_WRITE, 0x46, 0x2a, 0x20), 0x7ffd01308370) = 0
3947883 ioctl(8, _IOC(_IOC_READ|_IOC_WRITE, 0x46, 0x2a, 0x20), 0x7ffd01306b70) = 0
3947883 ioctl(8, _IOC(_IOC_READ|_IOC_WRITE, 0x46, 0x2a, 0x20), 0x7ffd01308370) = 0
3947883 ioctl(8, _IOC(_IOC_READ|_IOC_WRITE, 0x46, 0x2a, 0x20), 0x7ffd01306b70) = 0
3947883 ioctl(9, _IOC(_IOC_NONE, 0, 0x25, 0), 0x7ffd0130a240) = 0
3947883 ioctl(9, _IOC(_IOC_NONE, 0, 0x46, 0), 0x7ffd0130a2b0) = 0
3947883 ioctl(9, _IOC(_IOC_NONE, 0, 0x25, 0), 0x7ffd0130a240) = 0
3947883 ioctl(9, _IOC(_IOC_NONE, 0, 0x46, 0), 0x7ffd0130a2b0) = 0
3947883 ioctl(9, _IOC(_IOC_NONE, 0, 0x25, 0), 0x7ffd0130a240) = 0
3947883 ioctl(9, _IOC(_IOC_NONE, 0, 0x46, 0), 0x7ffd0130a2b0) = 0
3947883 ioctl(9, _IOC(_IOC_NONE, 0, 0x25, 0), 0x7ffd0130a240) = 0
3947883 ioctl(9, _IOC(_IOC_NONE, 0, 0x46, 0), 0x7ffd0130a2b0) = 0
3947883 ioctl(9, _IOC(_IOC_NONE, 0, 0x17, 0), 0x7ffd0130a710) = 0
3947883 ioctl(8, _IOC(_IOC_READ|_IOC_WRITE, 0x46, 0x2b, 0x30), 0x7ffd0130a470) = 0
3947883 ioctl(8, _IOC(_IOC_READ|_IOC_WRITE, 0x46, 0x2b, 0x30), 0x7ffd0130a470) = 0
3947883 ioctl(8, _IOC(_IOC_READ|_IOC_WRITE, 0x46, 0x2b, 0x30), 0x7ffd0130a470) = 0
3947883 ioctl(8, _IOC(_IOC_READ|_IOC_WRITE, 0x46, 0x2b, 0x30), 0x7ffd0130a470) = 0
3947883 ioctl(8, _IOC(_IOC_READ|_IOC_WRITE, 0x46, 0x2b, 0x30), 0x7ffd0130a6b0) = 0
3947883 ioctl(8, _IOC(_IOC_READ|_IOC_WRITE, 0x46, 0x2a, 0x20), 0x7ffd01309590) = 0
3947883 ioctl(8, _IOC(_IOC_READ|_IOC_WRITE, 0x46, 0x2b, 0x30), 0x7ffd0130a6b0) = 0
3947883 ioctl(8, _IOC(_IOC_READ|_IOC_WRITE, 0x46, 0x2a, 0x20), 0x7ffd01309590) = 0
3947883 ioctl(8, _IOC(_IOC_READ|_IOC_WRITE, 0x46, 0x2b, 0x30), 0x7ffd0130a6b0) = 0
3947883 ioctl(8, _IOC(_IOC_READ|_IOC_WRITE, 0x46, 0x2a, 0x20), 0x7ffd01309590) = 0
3947883 ioctl(8, _IOC(_IOC_READ|_IOC_WRITE, 0x46, 0x2b, 0x30), 0x7ffd0130a6b0) = 0
3947883 ioctl(8, _IOC(_IOC_READ|_IOC_WRITE, 0x46, 0x2a, 0x20), 0x7ffd01309590) = 0
3947883 ioctl(8, _IOC(_IOC_READ|_IOC_WRITE, 0x46, 0x2a, 0x20), 0x7ffd01308ce0) = 0
3947883 ioctl(8, _IOC(_IOC_READ|_IOC_WRITE, 0x46, 0x2a, 0x20), 0x7ffd01308cf0) = 0
3947883 ioctl(8, _IOC(_IOC_READ|_IOC_WRITE, 0x46, 0x2a, 0x20), 0x7ffd01308d20) = 0
3947883 ioctl(9, _IOC(_IOC_NONE, 0, 0x19, 0), 0x7ffd01309e00) = 0
3947883 ioctl(8, _IOC(_IOC_READ|_IOC_WRITE, 0x46, 0x2b, 0x30), 0x7ffd013090d0) = 0
3947883 ioctl(9, _IOC(_IOC_NONE, 0, 0x49, 0), 0x7ffd01308db0) = 0
3947883 ioctl(9, _IOC(_IOC_NONE, 0, 0x21, 0), 0x7ffd013069a0) = 0
3947883 ioctl(8, _IOC(_IOC_READ|_IOC_WRITE, 0x46, 0x2b, 0x30), 0x7ffd01308fb0) = 0
3947883 ioctl(9, _IOC(_IOC_NONE, 0, 0x49, 0), 0x7ffd01308c90) = 0
3947883 ioctl(9, _IOC(_IOC_NONE, 0, 0x21, 0), 0x7ffd01306880) = 0
3947883 ioctl(8, _IOC(_IOC_READ|_IOC_WRITE, 0x46, 0x2b, 0x30), 0x7ffd01308fb0) = 0
3947883 ioctl(9, _IOC(_IOC_NONE, 0, 0x49, 0), 0x7ffd01308c90) = 0
3947883 ioctl(9, _IOC(_IOC_NONE, 0, 0x21, 0), 0x7ffd01306880) = 0
3947883 ioctl(8, _IOC(_IOC_READ|_IOC_WRITE, 0x46, 0x2b, 0x30), 0x7ffd013091b0) = 0
3947883 ioctl(9, _IOC(_IOC_NONE, 0, 0x49, 0), 0x7ffd01308e90) = 0
3947883 ioctl(9, _IOC(_IOC_NONE, 0, 0x21, 0), 0x7ffd01306a80) = 0
3947883 ioctl(8, _IOC(_IOC_READ|_IOC_WRITE, 0x46, 0x2b, 0x30), 0x7ffd01309a90) = 0
3947883 ioctl(8, _IOC(_IOC_READ|_IOC_WRITE, 0x46, 0x2b, 0x30), 0x7ffd01309a80) = 0
3947883 ioctl(8, _IOC(_IOC_READ|_IOC_WRITE, 0x46, 0x2b, 0x30), 0x7ffd01308960) = 0
3947883 ioctl(8, _IOC(_IOC_READ|_IOC_WRITE, 0x46, 0x2a, 0x20), 0x7ffd01307820) = 0
3947883 openat(AT_FDCWD, "/dev/nvidia0", O_RDWR|O_CLOEXEC) = 29
3947883 ioctl(8, _IOC(_IOC_READ|_IOC_WRITE, 0x46, 0x4e, 0x38), 0x7ffd013089e0) = 0
3947883 ioctl(8, _IOC(_IOC_READ|_IOC_WRITE, 0x46, 0x5e, 0x28), 0x7ffd013089b0) = 0
3947883 close(29)                       = 0
3947883 ioctl(9, _IOC(_IOC_NONE, 0, 0x49, 0), 0x7ffd01308640) = 0
3947883 ioctl(9, _IOC(_IOC_NONE, 0, 0x21, 0), 0x7ffd01306230) = 0
3947883 ioctl(8, _IOC(_IOC_READ|_IOC_WRITE, 0x46, 0x2b, 0x30), 0x7ffd01308780) = 0
3947883 ioctl(8, _IOC(_IOC_READ|_IOC_WRITE, 0x46, 0x2a, 0x20), 0x7ffd01307640) = 0
3947883 openat(AT_FDCWD, "/dev/nvidiactl", O_RDWR|O_CLOEXEC) = 29
3947883 ioctl(8, _IOC(_IOC_READ|_IOC_WRITE, 0x46, 0x4e, 0x38), 0x7ffd01308800) = 0
3947883 close(29)                       = 0
3947883 ioctl(9, _IOC(_IOC_NONE, 0, 0x49, 0), 0x7ffd01308460) = 0
3947883 ioctl(9, _IOC(_IOC_NONE, 0, 0x21, 0), 0x7ffd01306050) = 0
3947883 ioctl(8, _IOC(_IOC_READ|_IOC_WRITE, 0x46, 0x2b, 0x30), 0x7ffd01308ae0) = 0
3947883 ioctl(8, _IOC(_IOC_READ|_IOC_WRITE, 0x46, 0x2a, 0x20), 0x7ffd013079a0) = 0
3947883 openat(AT_FDCWD, "/dev/nvidiactl", O_RDWR|O_CLOEXEC) = 29
3947883 ioctl(8, _IOC(_IOC_READ|_IOC_WRITE, 0x46, 0x4e, 0x38), 0x7ffd01308b60) = 0
3947883 close(29)                       = 0
3947883 ioctl(8, _IOC(_IOC_READ|_IOC_WRITE, 0x46, 0x2b, 0x30), 0x7ffd01309480) = 0
3947883 ioctl(8, _IOC(_IOC_READ|_IOC_WRITE, 0x46, 0x2a, 0x20), 0x7ffd013084f0) = 0
3947883 ioctl(8, _IOC(_IOC_READ|_IOC_WRITE, 0x46, 0x2b, 0x30), 0x7ffd01309590) = 0
3947883 ioctl(8, _IOC(_IOC_READ|_IOC_WRITE, 0x46, 0x2a, 0x20), 0x7ffd013084b0) = 0
3947883 ioctl(8, _IOC(_IOC_READ|_IOC_WRITE, 0x46, 0x2b, 0x30), 0x7ffd01309590) = 0
3947883 ioctl(8, _IOC(_IOC_READ|_IOC_WRITE, 0x46, 0x2a, 0x20), 0x7ffd013084b0) = 0
3947883 ioctl(8, _IOC(_IOC_READ|_IOC_WRITE, 0x46, 0x2a, 0x20), 0x7ffd01308500) = 0
3947883 ioctl(8, _IOC(_IOC_READ|_IOC_WRITE, 0x46, 0x2a, 0x20), 0x7ffd01308500) = 0
3947883 ioctl(8, _IOC(_IOC_READ|_IOC_WRITE, 0x46, 0x2b, 0x30), 0x7ffd01308e80) = 0
3947883 ioctl(8, _IOC(_IOC_READ|_IOC_WRITE, 0x46, 0x2a, 0x20), 0x7ffd01307d40) = 0
3947883 openat(AT_FDCWD, "/dev/nvidiactl", O_RDWR|O_CLOEXEC) = 29
3947883 ioctl(8, _IOC(_IOC_READ|_IOC_WRITE, 0x46, 0x4e, 0x38), 0x7ffd01308f00) = 0
3947883 close(29)                       = 0
3947883 ioctl(9, _IOC(_IOC_NONE, 0, 0x49, 0), 0x7ffd01308b60) = 0
3947883 ioctl(9, _IOC(_IOC_NONE, 0, 0x21, 0), 0x7ffd01306750) = 0
3947883 ioctl(8, _IOC(_IOC_READ|_IOC_WRITE, 0x46, 0x2b, 0x30), 0x7ffd01308ae0) = 0
3947883 ioctl(8, _IOC(_IOC_READ|_IOC_WRITE, 0x46, 0x2a, 0x20), 0x7ffd013079a0) = 0
3947883 openat(AT_FDCWD, "/dev/nvidiactl", O_RDWR|O_CLOEXEC) = 29
3947883 ioctl(8, _IOC(_IOC_READ|_IOC_WRITE, 0x46, 0x4e, 0x38), 0x7ffd01308b60) = 0
3947883 close(29)                       = 0
3947883 ioctl(8, _IOC(_IOC_READ|_IOC_WRITE, 0x46, 0x2b, 0x30), 0x7ffd01309480) = 0
3947883 ioctl(8, _IOC(_IOC_READ|_IOC_WRITE, 0x46, 0x2a, 0x20), 0x7ffd013084f0) = 0
3947883 ioctl(8, _IOC(_IOC_READ|_IOC_WRITE, 0x46, 0x2b, 0x30), 0x7ffd01309590) = 0
3947883 ioctl(8, _IOC(_IOC_READ|_IOC_WRITE, 0x46, 0x2a, 0x20), 0x7ffd013084b0) = 0
3947883 ioctl(8, _IOC(_IOC_READ|_IOC_WRITE, 0x46, 0x2b, 0x30), 0x7ffd01309590) = 0
3947883 ioctl(8, _IOC(_IOC_READ|_IOC_WRITE, 0x46, 0x2a, 0x20), 0x7ffd013084b0) = 0
3947883 ioctl(8, _IOC(_IOC_READ|_IOC_WRITE, 0x46, 0x2a, 0x20), 0x7ffd01308500) = 0
3947883 ioctl(8, _IOC(_IOC_READ|_IOC_WRITE, 0x46, 0x2a, 0x20), 0x7ffd01308500) = 0
3947883 ioctl(8, _IOC(_IOC_READ|_IOC_WRITE, 0x46, 0x2b, 0x30), 0x7ffd01308ae0) = 0
3947883 ioctl(8, _IOC(_IOC_READ|_IOC_WRITE, 0x46, 0x2a, 0x20), 0x7ffd013079a0) = 0
3947883 openat(AT_FDCWD, "/dev/nvidiactl", O_RDWR|O_CLOEXEC) = 29
3947883 ioctl(8, _IOC(_IOC_READ|_IOC_WRITE, 0x46, 0x4e, 0x38), 0x7ffd01308b60) = 0
3947883 close(29)                       = 0
3947883 ioctl(8, _IOC(_IOC_READ|_IOC_WRITE, 0x46, 0x2b, 0x30), 0x7ffd01309480) = 0
3947883 ioctl(8, _IOC(_IOC_READ|_IOC_WRITE, 0x46, 0x2a, 0x20), 0x7ffd013084f0) = 0
3947883 ioctl(8, _IOC(_IOC_READ|_IOC_WRITE, 0x46, 0x2b, 0x30), 0x7ffd01309590) = 0
3947883 ioctl(8, _IOC(_IOC_READ|_IOC_WRITE, 0x46, 0x2a, 0x20), 0x7ffd013084b0) = 0
3947883 ioctl(8, _IOC(_IOC_READ|_IOC_WRITE, 0x46, 0x2b, 0x30), 0x7ffd01309590) = 0
3947883 ioctl(8, _IOC(_IOC_READ|_IOC_WRITE, 0x46, 0x2a, 0x20), 0x7ffd013084b0) = 0
3947883 ioctl(8, _IOC(_IOC_READ|_IOC_WRITE, 0x46, 0x2a, 0x20), 0x7ffd01308500) = 0
3947883 ioctl(8, _IOC(_IOC_READ|_IOC_WRITE, 0x46, 0x2a, 0x20), 0x7ffd01308500) = 0
3947883 ioctl(8, _IOC(_IOC_READ|_IOC_WRITE, 0x46, 0x2b, 0x30), 0x7ffd01308ae0) = 0
3947883 ioctl(8, _IOC(_IOC_READ|_IOC_WRITE, 0x46, 0x2a, 0x20), 0x7ffd013079a0) = 0
3947883 openat(AT_FDCWD, "/dev/nvidiactl", O_RDWR|O_CLOEXEC) = 29
3947883 ioctl(8, _IOC(_IOC_READ|_IOC_WRITE, 0x46, 0x4e, 0x38), 0x7ffd01308b60) = 0
3947883 close(29)                       = 0
3947883 ioctl(8, _IOC(_IOC_READ|_IOC_WRITE, 0x46, 0x2b, 0x30), 0x7ffd01309480) = 0
3947883 ioctl(8, _IOC(_IOC_READ|_IOC_WRITE, 0x46, 0x2a, 0x20), 0x7ffd013084f0) = 0
3947883 ioctl(8, _IOC(_IOC_READ|_IOC_WRITE, 0x46, 0x2b, 0x30), 0x7ffd01309590) = 0
3947883 ioctl(8, _IOC(_IOC_READ|_IOC_WRITE, 0x46, 0x2a, 0x20), 0x7ffd013084b0) = 0
3947883 ioctl(8, _IOC(_IOC_READ|_IOC_WRITE, 0x46, 0x2b, 0x30), 0x7ffd01309590) = 0
3947883 ioctl(8, _IOC(_IOC_READ|_IOC_WRITE, 0x46, 0x2a, 0x20), 0x7ffd013084b0) = 0
3947883 ioctl(8, _IOC(_IOC_READ|_IOC_WRITE, 0x46, 0x2a, 0x20), 0x7ffd01308500) = 0
3947883 ioctl(8, _IOC(_IOC_READ|_IOC_WRITE, 0x46, 0x2a, 0x20), 0x7ffd01308500) = 0
3947883 ioctl(8, _IOC(_IOC_READ|_IOC_WRITE, 0x46, 0x2b, 0x30), 0x7ffd01308ae0) = 0
3947883 ioctl(8, _IOC(_IOC_READ|_IOC_WRITE, 0x46, 0x2a, 0x20), 0x7ffd013079a0) = 0
3947883 openat(AT_FDCWD, "/dev/nvidiactl", O_RDWR|O_CLOEXEC) = 29
3947883 ioctl(8, _IOC(_IOC_READ|_IOC_WRITE, 0x46, 0x4e, 0x38), 0x7ffd01308b60) = 0
3947883 close(29)                       = 0
3947883 ioctl(8, _IOC(_IOC_READ|_IOC_WRITE, 0x46, 0x2b, 0x30), 0x7ffd01309480) = 0
3947883 ioctl(8, _IOC(_IOC_READ|_IOC_WRITE, 0x46, 0x2a, 0x20), 0x7ffd013084f0) = 0
3947883 ioctl(8, _IOC(_IOC_READ|_IOC_WRITE, 0x46, 0x2b, 0x30), 0x7ffd01309590) = 0
3947883 ioctl(8, _IOC(_IOC_READ|_IOC_WRITE, 0x46, 0x2a, 0x20), 0x7ffd013084b0) = 0
3947883 ioctl(8, _IOC(_IOC_READ|_IOC_WRITE, 0x46, 0x2b, 0x30), 0x7ffd01309590) = 0
3947883 ioctl(8, _IOC(_IOC_READ|_IOC_WRITE, 0x46, 0x2a, 0x20), 0x7ffd013084b0) = 0
3947883 ioctl(8, _IOC(_IOC_READ|_IOC_WRITE, 0x46, 0x2a, 0x20), 0x7ffd01308500) = 0
3947883 ioctl(8, _IOC(_IOC_READ|_IOC_WRITE, 0x46, 0x2a, 0x20), 0x7ffd01308500) = 0
3947883 ioctl(8, _IOC(_IOC_READ|_IOC_WRITE, 0x46, 0x2b, 0x30), 0x7ffd01308ae0) = 0
3947883 ioctl(8, _IOC(_IOC_READ|_IOC_WRITE, 0x46, 0x2a, 0x20), 0x7ffd013079a0) = 0
3947883 openat(AT_FDCWD, "/dev/nvidiactl", O_RDWR|O_CLOEXEC) = 29
3947883 ioctl(8, _IOC(_IOC_READ|_IOC_WRITE, 0x46, 0x4e, 0x38), 0x7ffd01308b60) = 0
3947883 close(29)                       = 0
3947883 ioctl(8, _IOC(_IOC_READ|_IOC_WRITE, 0x46, 0x2b, 0x30), 0x7ffd01309480) = 0
3947883 ioctl(8, _IOC(_IOC_READ|_IOC_WRITE, 0x46, 0x2a, 0x20), 0x7ffd013084f0) = 0
3947883 ioctl(8, _IOC(_IOC_READ|_IOC_WRITE, 0x46, 0x2b, 0x30), 0x7ffd01309590) = 0
3947883 ioctl(8, _IOC(_IOC_READ|_IOC_WRITE, 0x46, 0x2a, 0x20), 0x7ffd013084b0) = 0
3947883 ioctl(8, _IOC(_IOC_READ|_IOC_WRITE, 0x46, 0x2b, 0x30), 0x7ffd01309590) = 0
3947883 ioctl(8, _IOC(_IOC_READ|_IOC_WRITE, 0x46, 0x2a, 0x20), 0x7ffd013084b0) = 0
3947883 ioctl(8, _IOC(_IOC_READ|_IOC_WRITE, 0x46, 0x2a, 0x20), 0x7ffd01308500) = 0
3947883 ioctl(8, _IOC(_IOC_READ|_IOC_WRITE, 0x46, 0x2a, 0x20), 0x7ffd01308500) = 0
3947883 ioctl(8, _IOC(_IOC_READ|_IOC_WRITE, 0x46, 0x2b, 0x30), 0x7ffd01308ae0) = 0
3947883 ioctl(8, _IOC(_IOC_READ|_IOC_WRITE, 0x46, 0x2a, 0x20), 0x7ffd013079a0) = 0
3947883 openat(AT_FDCWD, "/dev/nvidiactl", O_RDWR|O_CLOEXEC) = 29
3947883 ioctl(8, _IOC(_IOC_READ|_IOC_WRITE, 0x46, 0x4e, 0x38), 0x7ffd01308b60) = 0
3947883 close(29)                       = 0
3947883 ioctl(8, _IOC(_IOC_READ|_IOC_WRITE, 0x46, 0x2b, 0x30), 0x7ffd01309480) = 0
3947883 ioctl(8, _IOC(_IOC_READ|_IOC_WRITE, 0x46, 0x2a, 0x20), 0x7ffd013084f0) = 0
3947883 ioctl(8, _IOC(_IOC_READ|_IOC_WRITE, 0x46, 0x2b, 0x30), 0x7ffd01309590) = 0
3947883 ioctl(8, _IOC(_IOC_READ|_IOC_WRITE, 0x46, 0x2a, 0x20), 0x7ffd013084b0) = 0
3947883 ioctl(8, _IOC(_IOC_READ|_IOC_WRITE, 0x46, 0x2b, 0x30), 0x7ffd01309590) = 0
3947883 ioctl(8, _IOC(_IOC_READ|_IOC_WRITE, 0x46, 0x2a, 0x20), 0x7ffd013084b0) = 0
3947883 ioctl(8, _IOC(_IOC_READ|_IOC_WRITE, 0x46, 0x2a, 0x20), 0x7ffd01308500) = 0
3947883 ioctl(8, _IOC(_IOC_READ|_IOC_WRITE, 0x46, 0x2a, 0x20), 0x7ffd01308500) = 0
3947883 ioctl(8, _IOC(_IOC_READ|_IOC_WRITE, 0x46, 0x2b, 0x30), 0x7ffd01308ae0) = 0
3947883 ioctl(8, _IOC(_IOC_READ|_IOC_WRITE, 0x46, 0x2a, 0x20), 0x7ffd013079a0) = 0
3947883 openat(AT_FDCWD, "/dev/nvidiactl", O_RDWR|O_CLOEXEC) = 29
3947883 ioctl(8, _IOC(_IOC_READ|_IOC_WRITE, 0x46, 0x4e, 0x38), 0x7ffd01308b60) = 0
3947883 close(29)                       = 0
3947883 ioctl(8, _IOC(_IOC_READ|_IOC_WRITE, 0x46, 0x2b, 0x30), 0x7ffd01309480) = 0
3947883 ioctl(8, _IOC(_IOC_READ|_IOC_WRITE, 0x46, 0x2a, 0x20), 0x7ffd013084f0) = 0
3947883 ioctl(8, _IOC(_IOC_READ|_IOC_WRITE, 0x46, 0x2b, 0x30), 0x7ffd01309590) = 0
3947883 ioctl(8, _IOC(_IOC_READ|_IOC_WRITE, 0x46, 0x2a, 0x20), 0x7ffd013084b0) = 0
3947883 ioctl(8, _IOC(_IOC_READ|_IOC_WRITE, 0x46, 0x2b, 0x30), 0x7ffd01309590) = 0
3947883 ioctl(8, _IOC(_IOC_READ|_IOC_WRITE, 0x46, 0x2a, 0x20), 0x7ffd013084b0) = 0
3947883 ioctl(8, _IOC(_IOC_READ|_IOC_WRITE, 0x46, 0x2a, 0x20), 0x7ffd01308500) = 0
3947883 ioctl(8, _IOC(_IOC_READ|_IOC_WRITE, 0x46, 0x2a, 0x20), 0x7ffd01308500) = 0
3947883 ioctl(9, _IOC(_IOC_NONE, 0, 0x1b, 0), 0x7ffd01309c40) = 0
3947883 ioctl(9, _IOC(_IOC_NONE, 0, 0x1b, 0), 0x7ffd01309c40) = 0
3947883 ioctl(9, _IOC(_IOC_NONE, 0, 0x1b, 0), 0x7ffd01309c40) = 0
3947883 ioctl(9, _IOC(_IOC_NONE, 0, 0x1b, 0), 0x7ffd01309c40) = 0
3947883 ioctl(9, _IOC(_IOC_NONE, 0, 0x1b, 0), 0x7ffd01309c40) = 0
3947883 ioctl(9, _IOC(_IOC_NONE, 0, 0x1b, 0), 0x7ffd01309c40) = 0
3947883 ioctl(9, _IOC(_IOC_NONE, 0, 0x1b, 0), 0x7ffd01309c40) = 0
3947883 ioctl(9, _IOC(_IOC_NONE, 0, 0x1b, 0), 0x7ffd01309c40) = 0
3947883 ioctl(8, _IOC(_IOC_READ|_IOC_WRITE, 0x46, 0x2a, 0x20), 0x7ffd01308b50) = 0
3947883 openat(AT_FDCWD, "/dev/nvidia0", O_RDWR|O_CLOEXEC) = 29
3947883 ioctl(29, _IOC(_IOC_READ|_IOC_WRITE, 0x46, 0xc9, 0x4), 0x7ffd01309b40) = 0
3947883 ioctl(29, _IOC(_IOC_READ|_IOC_WRITE, 0x46, 0xce, 0x10), 0x7ffd01309b30) = 0
3947883 ioctl(29, _IOC(_IOC_READ|_IOC_WRITE, 0x46, 0x2b, 0x30), 0x7ffd01309b20) = 0
3947883 ioctl(8, _IOC(_IOC_READ|_IOC_WRITE, 0x46, 0x2b, 0x30), 0x7ffd01309a90) = 0
3947883 ioctl(8, _IOC(_IOC_READ|_IOC_WRITE, 0x46, 0x2b, 0x30), 0x7ffd01308ae0) = 0
3947883 ioctl(8, _IOC(_IOC_READ|_IOC_WRITE, 0x46, 0x2a, 0x20), 0x7ffd013079a0) = 0
3947883 openat(AT_FDCWD, "/dev/nvidiactl", O_RDWR|O_CLOEXEC) = 31
3947883 ioctl(8, _IOC(_IOC_READ|_IOC_WRITE, 0x46, 0x4e, 0x38), 0x7ffd01308b60) = 0
3947883 close(31)                       = 0
3947883 ioctl(8, _IOC(_IOC_READ|_IOC_WRITE, 0x46, 0x2b, 0x30), 0x7ffd01309480) = 0
3947883 ioctl(8, _IOC(_IOC_READ|_IOC_WRITE, 0x46, 0x2a, 0x20), 0x7ffd013084f0) = 0
3947883 ioctl(8, _IOC(_IOC_READ|_IOC_WRITE, 0x46, 0x2b, 0x30), 0x7ffd01309590) = 0
3947883 ioctl(8, _IOC(_IOC_READ|_IOC_WRITE, 0x46, 0x2a, 0x20), 0x7ffd013084b0) = 0
3947883 ioctl(8, _IOC(_IOC_READ|_IOC_WRITE, 0x46, 0x2a, 0x20), 0x7ffd01308500) = 0
3947883 ioctl(8, _IOC(_IOC_READ|_IOC_WRITE, 0x46, 0x2b, 0x30), 0x7ffd01308ae0) = 0
3947883 ioctl(8, _IOC(_IOC_READ|_IOC_WRITE, 0x46, 0x2a, 0x20), 0x7ffd013079a0) = 0
3947883 openat(AT_FDCWD, "/dev/nvidiactl", O_RDWR|O_CLOEXEC) = 31
3947883 ioctl(8, _IOC(_IOC_READ|_IOC_WRITE, 0x46, 0x4e, 0x38), 0x7ffd01308b60) = 0
3947883 close(31)                       = 0
3947883 ioctl(8, _IOC(_IOC_READ|_IOC_WRITE, 0x46, 0x2b, 0x30), 0x7ffd01309480) = 0
3947883 ioctl(8, _IOC(_IOC_READ|_IOC_WRITE, 0x46, 0x2a, 0x20), 0x7ffd013084f0) = 0
3947883 ioctl(8, _IOC(_IOC_READ|_IOC_WRITE, 0x46, 0x2b, 0x30), 0x7ffd01309590) = 0
3947883 ioctl(8, _IOC(_IOC_READ|_IOC_WRITE, 0x46, 0x2a, 0x20), 0x7ffd013084b0) = 0
3947883 ioctl(8, _IOC(_IOC_READ|_IOC_WRITE, 0x46, 0x2a, 0x20), 0x7ffd01308500) = 0
3947883 ioctl(8, _IOC(_IOC_READ|_IOC_WRITE, 0x46, 0x2b, 0x30), 0x7ffd01308ae0) = 0
3947883 ioctl(8, _IOC(_IOC_READ|_IOC_WRITE, 0x46, 0x2a, 0x20), 0x7ffd013079a0) = 0
3947883 openat(AT_FDCWD, "/dev/nvidiactl", O_RDWR|O_CLOEXEC) = 31
3947883 ioctl(8, _IOC(_IOC_READ|_IOC_WRITE, 0x46, 0x4e, 0x38), 0x7ffd01308b60) = 0
3947883 close(31)                       = 0
3947883 ioctl(8, _IOC(_IOC_READ|_IOC_WRITE, 0x46, 0x2b, 0x30), 0x7ffd01309480) = 0
3947883 ioctl(8, _IOC(_IOC_READ|_IOC_WRITE, 0x46, 0x2a, 0x20), 0x7ffd013084f0) = 0
3947883 ioctl(8, _IOC(_IOC_READ|_IOC_WRITE, 0x46, 0x2b, 0x30), 0x7ffd01309590) = 0
3947883 ioctl(8, _IOC(_IOC_READ|_IOC_WRITE, 0x46, 0x2a, 0x20), 0x7ffd013084b0) = 0
3947883 ioctl(8, _IOC(_IOC_READ|_IOC_WRITE, 0x46, 0x2a, 0x20), 0x7ffd01308500) = 0
3947883 ioctl(8, _IOC(_IOC_READ|_IOC_WRITE, 0x46, 0x2b, 0x30), 0x7ffd01308ae0) = 0
3947883 ioctl(8, _IOC(_IOC_READ|_IOC_WRITE, 0x46, 0x2a, 0x20), 0x7ffd013079a0) = 0
3947883 openat(AT_FDCWD, "/dev/nvidiactl", O_RDWR|O_CLOEXEC) = 31
3947883 ioctl(8, _IOC(_IOC_READ|_IOC_WRITE, 0x46, 0x4e, 0x38), 0x7ffd01308b60) = 0
3947883 close(31)                       = 0
3947883 ioctl(8, _IOC(_IOC_READ|_IOC_WRITE, 0x46, 0x2b, 0x30), 0x7ffd01309480) = 0
3947883 ioctl(8, _IOC(_IOC_READ|_IOC_WRITE, 0x46, 0x2a, 0x20), 0x7ffd013084f0) = 0
3947883 ioctl(8, _IOC(_IOC_READ|_IOC_WRITE, 0x46, 0x2b, 0x30), 0x7ffd01309590) = 0
3947883 ioctl(8, _IOC(_IOC_READ|_IOC_WRITE, 0x46, 0x2a, 0x20), 0x7ffd013084b0) = 0
3947883 ioctl(8, _IOC(_IOC_READ|_IOC_WRITE, 0x46, 0x2a, 0x20), 0x7ffd01308500) = 0
3947883 ioctl(9, _IOC(_IOC_NONE, 0, 0x1b, 0), 0x7ffd01309c40) = 0
3947883 ioctl(9, _IOC(_IOC_NONE, 0, 0x1b, 0), 0x7ffd01309c40) = 0
3947883 ioctl(9, _IOC(_IOC_NONE, 0, 0x1b, 0), 0x7ffd01309c40) = 0
3947883 ioctl(9, _IOC(_IOC_NONE, 0, 0x1b, 0), 0x7ffd01309c40) = 0
3947883 ioctl(8, _IOC(_IOC_READ|_IOC_WRITE, 0x46, 0x2a, 0x20), 0x7ffd01308b50) = 0
3947883 openat(AT_FDCWD, "/dev/nvidia0", O_RDWR|O_CLOEXEC) = 31
3947883 ioctl(31, _IOC(_IOC_READ|_IOC_WRITE, 0x46, 0xc9, 0x4), 0x7ffd01309b40) = 0
3947883 ioctl(31, _IOC(_IOC_READ|_IOC_WRITE, 0x46, 0xce, 0x10), 0x7ffd01309b30) = 0
3947883 ioctl(31, _IOC(_IOC_READ|_IOC_WRITE, 0x46, 0x2b, 0x30), 0x7ffd01309b20) = 0
3947883 ioctl(8, _IOC(_IOC_READ|_IOC_WRITE, 0x46, 0x2b, 0x30), 0x7ffd01309a90) = 0
3947883 ioctl(8, _IOC(_IOC_READ|_IOC_WRITE, 0x46, 0x2b, 0x30), 0x7ffd01308ae0) = 0
3947883 ioctl(8, _IOC(_IOC_READ|_IOC_WRITE, 0x46, 0x2a, 0x20), 0x7ffd013079a0) = 0
3947883 openat(AT_FDCWD, "/dev/nvidiactl", O_RDWR|O_CLOEXEC) = 33
3947883 ioctl(8, _IOC(_IOC_READ|_IOC_WRITE, 0x46, 0x4e, 0x38), 0x7ffd01308b60) = 0
3947883 close(33)                       = 0
3947883 ioctl(8, _IOC(_IOC_READ|_IOC_WRITE, 0x46, 0x2b, 0x30), 0x7ffd01309480) = 0
3947883 ioctl(8, _IOC(_IOC_READ|_IOC_WRITE, 0x46, 0x2a, 0x20), 0x7ffd013084f0) = 0
3947883 ioctl(8, _IOC(_IOC_READ|_IOC_WRITE, 0x46, 0x2b, 0x30), 0x7ffd01309590) = 0
3947883 ioctl(8, _IOC(_IOC_READ|_IOC_WRITE, 0x46, 0x2a, 0x20), 0x7ffd013084b0) = 0
3947883 ioctl(8, _IOC(_IOC_READ|_IOC_WRITE, 0x46, 0x2a, 0x20), 0x7ffd01308500) = 0
3947883 ioctl(8, _IOC(_IOC_READ|_IOC_WRITE, 0x46, 0x2b, 0x30), 0x7ffd01308ae0) = 0
3947883 ioctl(8, _IOC(_IOC_READ|_IOC_WRITE, 0x46, 0x2a, 0x20), 0x7ffd013079a0) = 0
3947883 openat(AT_FDCWD, "/dev/nvidiactl", O_RDWR|O_CLOEXEC) = 33
3947883 ioctl(8, _IOC(_IOC_READ|_IOC_WRITE, 0x46, 0x4e, 0x38), 0x7ffd01308b60) = 0
3947883 close(33)                       = 0
3947883 ioctl(8, _IOC(_IOC_READ|_IOC_WRITE, 0x46, 0x2b, 0x30), 0x7ffd01309480) = 0
3947883 ioctl(8, _IOC(_IOC_READ|_IOC_WRITE, 0x46, 0x2a, 0x20), 0x7ffd013084f0) = 0
3947883 ioctl(8, _IOC(_IOC_READ|_IOC_WRITE, 0x46, 0x2b, 0x30), 0x7ffd01309590) = 0
3947883 ioctl(8, _IOC(_IOC_READ|_IOC_WRITE, 0x46, 0x2a, 0x20), 0x7ffd013084b0) = 0
3947883 ioctl(8, _IOC(_IOC_READ|_IOC_WRITE, 0x46, 0x2a, 0x20), 0x7ffd01308500) = 0
3947883 ioctl(8, _IOC(_IOC_READ|_IOC_WRITE, 0x46, 0x2b, 0x30), 0x7ffd01308ae0) = 0
3947883 ioctl(8, _IOC(_IOC_READ|_IOC_WRITE, 0x46, 0x2a, 0x20), 0x7ffd013079a0) = 0
3947883 openat(AT_FDCWD, "/dev/nvidiactl", O_RDWR|O_CLOEXEC) = 33
3947883 ioctl(8, _IOC(_IOC_READ|_IOC_WRITE, 0x46, 0x4e, 0x38), 0x7ffd01308b60) = 0
3947883 close(33)                       = 0
3947883 ioctl(8, _IOC(_IOC_READ|_IOC_WRITE, 0x46, 0x2b, 0x30), 0x7ffd01309480) = 0
3947883 ioctl(8, _IOC(_IOC_READ|_IOC_WRITE, 0x46, 0x2a, 0x20), 0x7ffd013084f0) = 0
3947883 ioctl(8, _IOC(_IOC_READ|_IOC_WRITE, 0x46, 0x2b, 0x30), 0x7ffd01309590) = 0
3947883 ioctl(8, _IOC(_IOC_READ|_IOC_WRITE, 0x46, 0x2a, 0x20), 0x7ffd013084b0) = 0
3947883 ioctl(8, _IOC(_IOC_READ|_IOC_WRITE, 0x46, 0x2a, 0x20), 0x7ffd01308500) = 0
3947883 ioctl(8, _IOC(_IOC_READ|_IOC_WRITE, 0x46, 0x2b, 0x30), 0x7ffd01308ae0) = 0
3947883 ioctl(8, _IOC(_IOC_READ|_IOC_WRITE, 0x46, 0x2a, 0x20), 0x7ffd013079a0) = 0
3947883 openat(AT_FDCWD, "/dev/nvidiactl", O_RDWR|O_CLOEXEC) = 33
3947883 ioctl(8, _IOC(_IOC_READ|_IOC_WRITE, 0x46, 0x4e, 0x38), 0x7ffd01308b60) = 0
3947883 close(33)                       = 0
3947883 ioctl(8, _IOC(_IOC_READ|_IOC_WRITE, 0x46, 0x2b, 0x30), 0x7ffd01309480) = 0
3947883 ioctl(8, _IOC(_IOC_READ|_IOC_WRITE, 0x46, 0x2a, 0x20), 0x7ffd013084f0) = 0
3947883 ioctl(8, _IOC(_IOC_READ|_IOC_WRITE, 0x46, 0x2b, 0x30), 0x7ffd01309590) = 0
3947883 ioctl(8, _IOC(_IOC_READ|_IOC_WRITE, 0x46, 0x2a, 0x20), 0x7ffd013084b0) = 0
3947883 ioctl(8, _IOC(_IOC_READ|_IOC_WRITE, 0x46, 0x2a, 0x20), 0x7ffd01308500) = 0
3947883 ioctl(9, _IOC(_IOC_NONE, 0, 0x1b, 0), 0x7ffd01309c40) = 0
3947883 ioctl(9, _IOC(_IOC_NONE, 0, 0x1b, 0), 0x7ffd01309c40) = 0
3947883 ioctl(9, _IOC(_IOC_NONE, 0, 0x1b, 0), 0x7ffd01309c40) = 0
3947883 ioctl(9, _IOC(_IOC_NONE, 0, 0x1b, 0), 0x7ffd01309c40) = 0
3947883 ioctl(8, _IOC(_IOC_READ|_IOC_WRITE, 0x46, 0x2a, 0x20), 0x7ffd01308b50) = 0
3947883 openat(AT_FDCWD, "/dev/nvidia0", O_RDWR|O_CLOEXEC) = 33
3947883 ioctl(33, _IOC(_IOC_READ|_IOC_WRITE, 0x46, 0xc9, 0x4), 0x7ffd01309b40) = 0
3947883 ioctl(33, _IOC(_IOC_READ|_IOC_WRITE, 0x46, 0xce, 0x10), 0x7ffd01309b30) = 0
3947883 ioctl(33, _IOC(_IOC_READ|_IOC_WRITE, 0x46, 0x2b, 0x30), 0x7ffd01309b20) = 0
3947883 ioctl(8, _IOC(_IOC_READ|_IOC_WRITE, 0x46, 0x2b, 0x30), 0x7ffd01308f20) = 0
3947883 ioctl(8, _IOC(_IOC_READ|_IOC_WRITE, 0x46, 0x2a, 0x20), 0x7ffd01307de0) = 0
3947883 openat(AT_FDCWD, "/dev/nvidiactl", O_RDWR|O_CLOEXEC) = 35
3947883 ioctl(8, _IOC(_IOC_READ|_IOC_WRITE, 0x46, 0x4e, 0x38), 0x7ffd01308fa0) = 0
3947883 close(35)                       = 0
3947883 ioctl(9, _IOC(_IOC_NONE, 0, 0x49, 0), 0x7ffd01308c00) = 0
3947883 ioctl(9, _IOC(_IOC_NONE, 0, 0x21, 0), 0x7ffd013067f0) = 0
3947883 ioctl(8, _IOC(_IOC_READ|_IOC_WRITE, 0x46, 0x2a, 0x20), 0x7ffd01308700) = 0
3947883 ioctl(8, _IOC(_IOC_READ|_IOC_WRITE, 0x46, 0x2a, 0x20), 0x7ffd01308450) = 0
3947883 ioctl(8, _IOC(_IOC_READ|_IOC_WRITE, 0x46, 0x2b, 0x30), 0x7ffd01308fc0) = 0
3947883 ioctl(9, _IOC(_IOC_NONE, 0, 0x49, 0), 0x7ffd01308ca0) = 0
3947883 ioctl(9, _IOC(_IOC_NONE, 0, 0x21, 0), 0x7ffd01306890) = 0
3947883 ioctl(9, _IOC(_IOC_NONE, 0, 0x44, 0), 0x7ffd01306750) = 0
3947883 ioctl(9, _IOC(_IOC_NONE, 0, 0x48, 0), 0x7ffd01306220) = 0
3947883 ioctl(9, _IOC(_IOC_NONE, 0, 0x17, 0), 0x7ffd01309d70) = 0
3947883 ioctl(9, _IOC(_IOC_NONE, 0, 0x17, 0), 0x7ffd01309d70) = 0
3947883 ioctl(9, _IOC(_IOC_NONE, 0, 0x17, 0), 0x7ffd01309d70) = 0
3947883 ioctl(9, _IOC(_IOC_NONE, 0, 0x17, 0), 0x7ffd01309d70) = 0
3947883 ioctl(9, _IOC(_IOC_NONE, 0, 0x17, 0), 0x7ffd01309d70) = 0
3947883 ioctl(9, _IOC(_IOC_NONE, 0, 0x17, 0), 0x7ffd01309d70) = 0
3947883 ioctl(9, _IOC(_IOC_NONE, 0, 0x17, 0), 0x7ffd01309d70) = 0
3947883 ioctl(9, _IOC(_IOC_NONE, 0, 0x17, 0), 0x7ffd01309d70) = 0
3947883 ioctl(9, _IOC(_IOC_NONE, 0, 0x17, 0), 0x7ffd01309d70) = 0
3947883 ioctl(9, _IOC(_IOC_NONE, 0, 0x17, 0), 0x7ffd01309d70) = 0
3947883 ioctl(8, _IOC(_IOC_READ|_IOC_WRITE, 0x46, 0x2b, 0x30), 0x7ffd01308e00) = 0
3947883 ioctl(8, _IOC(_IOC_READ|_IOC_WRITE, 0x46, 0x2a, 0x20), 0x7ffd01307cc0) = 0
3947883 openat(AT_FDCWD, "/dev/nvidiactl", O_RDWR|O_CLOEXEC) = 36
3947883 ioctl(8, _IOC(_IOC_READ|_IOC_WRITE, 0x46, 0x4e, 0x38), 0x7ffd01308e80) = 0
3947883 close(36)                       = 0
3947883 ioctl(9, _IOC(_IOC_NONE, 0, 0x49, 0), 0x7ffd01308ae0) = 0
3947883 ioctl(9, _IOC(_IOC_NONE, 0, 0x21, 0), 0x7ffd013066d0) = 0
3947883 ioctl(15, _IOC(_IOC_READ|_IOC_WRITE, 0x46, 0x27, 0x38), 0x7ffd01308df0) = 0
3947883 ioctl(9, _IOC(_IOC_NONE, 0, 0x49, 0), 0x7ffd01308ae0) = 0
3947883 ioctl(9, _IOC(_IOC_NONE, 0, 0x21, 0), 0x7ffd013066d0) = 0
3947883 ioctl(8, _IOC(_IOC_READ|_IOC_WRITE, 0x46, 0x2b, 0x30), 0x7ffd01309150) = 0
3947883 ioctl(9, _IOC(_IOC_NONE, 0, 0x49, 0), 0x7ffd01308e30) = 0
3947883 ioctl(9, _IOC(_IOC_NONE, 0, 0x21, 0), 0x7ffd01306a20) = 0
3947883 ioctl(15, _IOC(_IOC_READ|_IOC_WRITE, 0x46, 0x27, 0x38), 0x7ffd01308ef0) = 0
3947883 ioctl(9, _IOC(_IOC_NONE, 0, 0x49, 0), 0x7ffd01308be0) = 0
3947883 ioctl(9, _IOC(_IOC_NONE, 0, 0x21, 0), 0x7ffd013067d0) = 0
3947883 ioctl(8, _IOC(_IOC_READ|_IOC_WRITE, 0x46, 0x2b, 0x30), 0x7ffd01308f00) = 0
3947883 ioctl(9, _IOC(_IOC_NONE, 0, 0x49, 0), 0x7ffd01308be0) = 0
3947883 ioctl(9, _IOC(_IOC_NONE, 0, 0x21, 0), 0x7ffd013067d0) = 0
3947883 ioctl(9, _IOC(_IOC_NONE, 0, 0x41, 0), 0x7ffd01309010) = 0
3947883 ioctl(15, _IOC(_IOC_READ|_IOC_WRITE, 0x46, 0x27, 0x38), 0x7ffd01309330) = 0
3947883 ioctl(9, _IOC(_IOC_NONE, 0, 0x49, 0), 0x7ffd01309020) = 0
3947883 ioctl(9, _IOC(_IOC_NONE, 0, 0x21, 0), 0x7ffd01306c10) = 0
3947883 ioctl(8, _IOC(_IOC_READ|_IOC_WRITE, 0x46, 0x2b, 0x30), 0x7ffd013087e0) = 0
3947883 ioctl(9, _IOC(_IOC_NONE, 0, 0x49, 0), 0x7ffd013084c0) = 0
3947883 ioctl(9, _IOC(_IOC_NONE, 0, 0x21, 0), 0x7ffd013060b0) = 0
3947883 ioctl(8, _IOC(_IOC_READ|_IOC_WRITE, 0x46, 0x2b, 0x30), 0x7ffd01309100) = 0
3947883 ioctl(8, _IOC(_IOC_READ|_IOC_WRITE, 0x46, 0x2a, 0x20), 0x7ffd01307fc0) = 0
3947883 openat(AT_FDCWD, "/dev/nvidiactl", O_RDWR|O_CLOEXEC) = 36
3947883 ioctl(8, _IOC(_IOC_READ|_IOC_WRITE, 0x46, 0x4e, 0x38), 0x7ffd01309180) = 0
3947883 close(36)                       = 0
3947883 ioctl(9, _IOC(_IOC_NONE, 0, 0x49, 0), 0x7ffd01308de0) = 0
3947883 ioctl(9, _IOC(_IOC_NONE, 0, 0x21, 0), 0x7ffd013069d0) = 0
3947883 ioctl(8, _IOC(_IOC_READ|_IOC_WRITE, 0x46, 0x2b, 0x30), 0x7ffd01308010) = 0
3947883 ioctl(9, _IOC(_IOC_NONE, 0, 0x49, 0), 0x7ffd01307cf0) = 0
3947883 ioctl(9, _IOC(_IOC_NONE, 0, 0x21, 0), 0x7ffd013058e0) = 0
3947883 ioctl(15, _IOC(_IOC_READ|_IOC_WRITE, 0x46, 0x27, 0x38), 0x7ffd013090e0) = 0
3947883 ioctl(9, _IOC(_IOC_NONE, 0, 0x49, 0), 0x7ffd01308dd0) = 0
3947883 ioctl(9, _IOC(_IOC_NONE, 0, 0x21, 0), 0x7ffd013069c0) = 0
3947883 ioctl(8, _IOC(_IOC_READ|_IOC_WRITE, 0x46, 0x2b, 0x30), 0x7ffd01309df0) = 0
3947883 ioctl(8, _IOC(_IOC_READ|_IOC_WRITE, 0x46, 0x2b, 0x30), 0x7ffd01308f80) = 0
3947883 ioctl(8, _IOC(_IOC_READ|_IOC_WRITE, 0x46, 0x2a, 0x20), 0x7ffd01307e40) = 0
3947883 openat(AT_FDCWD, "/dev/nvidiactl", O_RDWR|O_CLOEXEC) = 36
3947883 ioctl(8, _IOC(_IOC_READ|_IOC_WRITE, 0x46, 0x4e, 0x38), 0x7ffd01309000) = 0
3947883 close(36)                       = 0
3947883 ioctl(9, _IOC(_IOC_NONE, 0, 0x49, 0), 0x7ffd01308c60) = 0
3947883 ioctl(9, _IOC(_IOC_NONE, 0, 0x21, 0), 0x7ffd01306850) = 0
3947883 ioctl(8, _IOC(_IOC_READ|_IOC_WRITE, 0x46, 0x2b, 0x30), 0x7ffd013090c0) = 0
3947883 ioctl(9, _IOC(_IOC_NONE, 0, 0x49, 0), 0x7ffd01308da0) = 0
3947883 ioctl(9, _IOC(_IOC_NONE, 0, 0x21, 0), 0x7ffd01306990) = 0
3947883 ioctl(8, _IOC(_IOC_READ|_IOC_WRITE, 0x46, 0x2b, 0x30), 0x7ffd013090c0) = 0
3947883 ioctl(9, _IOC(_IOC_NONE, 0, 0x49, 0), 0x7ffd01308da0) = 0
3947883 ioctl(9, _IOC(_IOC_NONE, 0, 0x21, 0), 0x7ffd01306990) = 0
3947883 openat(AT_FDCWD, "/dev/nvidia0", O_RDWR|O_CLOEXEC) = 36
3947883 ioctl(36, _IOC(_IOC_READ|_IOC_WRITE, 0x46, 0xc9, 0x4), 0x7ffd01309ca0) = 0
3947883 ioctl(36, _IOC(_IOC_READ|_IOC_WRITE, 0x46, 0xce, 0x10), 0x7ffd01309c90) = 0
3947883 ioctl(36, _IOC(_IOC_READ|_IOC_WRITE, 0x46, 0x2b, 0x30), 0x7ffd01309c80) = 0
3947883 openat(AT_FDCWD, "/dev/nvidia0", O_RDWR|O_CLOEXEC) = 38
3947883 ioctl(38, _IOC(_IOC_READ|_IOC_WRITE, 0x46, 0xc9, 0x4), 0x7ffd01309ca0) = 0
3947883 ioctl(38, _IOC(_IOC_READ|_IOC_WRITE, 0x46, 0xce, 0x10), 0x7ffd01309c90) = 0
3947883 ioctl(38, _IOC(_IOC_READ|_IOC_WRITE, 0x46, 0x2b, 0x30), 0x7ffd01309c80) = 0
3947883 openat(AT_FDCWD, "/dev/nvidia0", O_RDWR|O_CLOEXEC) = 40
3947883 ioctl(40, _IOC(_IOC_READ|_IOC_WRITE, 0x46, 0xc9, 0x4), 0x7ffd01309ca0) = 0
3947883 ioctl(40, _IOC(_IOC_READ|_IOC_WRITE, 0x46, 0xce, 0x10), 0x7ffd01309c90) = 0
3947883 ioctl(40, _IOC(_IOC_READ|_IOC_WRITE, 0x46, 0x2b, 0x30), 0x7ffd01309c80) = 0
3947883 openat(AT_FDCWD, "/dev/nvidia0", O_RDWR|O_CLOEXEC) = 42
3947883 ioctl(42, _IOC(_IOC_READ|_IOC_WRITE, 0x46, 0xc9, 0x4), 0x7ffd01309ca0) = 0
3947883 ioctl(42, _IOC(_IOC_READ|_IOC_WRITE, 0x46, 0xce, 0x10), 0x7ffd01309c90) = 0
3947883 ioctl(42, _IOC(_IOC_READ|_IOC_WRITE, 0x46, 0x2b, 0x30), 0x7ffd01309c80) = 0
3947883 ioctl(8, _IOC(_IOC_READ|_IOC_WRITE, 0x46, 0x2a, 0x20), 0x7ffd01308bf0) = 0
3947883 ioctl(8, _IOC(_IOC_READ|_IOC_WRITE, 0x46, 0x2a, 0x20), 0x7ffd01308ca0) = 0
3947883 ioctl(8, _IOC(_IOC_READ|_IOC_WRITE, 0x46, 0x2a, 0x20), 0x7ffd01308d30) = 0
3947883 ioctl(8, _IOC(_IOC_READ|_IOC_WRITE, 0x46, 0x2b, 0x30), 0x7ffd013090a0) = 0
3947883 ioctl(9, _IOC(_IOC_NONE, 0, 0x49, 0), 0x7ffd01308d80) = 0
3947883 ioctl(9, _IOC(_IOC_NONE, 0, 0x21, 0), 0x7ffd01306970) = 0
3947883 ioctl(8, _IOC(_IOC_READ|_IOC_WRITE, 0x46, 0x2a, 0x20), 0x7ffd01308d30) = 0
3947883 openat(AT_FDCWD, "/proc/self/task/3947897/comm", O_WRONLY|O_CREAT|O_TRUNC, 0666) = 44
3947883 close(44)                       = 0
3947883 ioctl(9, _IOC(_IOC_NONE, 0, 0x22, 0), 0x7ffd0130a2d0) = 0
3947883 ioctl(8, _IOC(_IOC_READ|_IOC_WRITE, 0x46, 0x29, 0x10), 0x7ffd0130a370) = 0
3947883 ioctl(9, _IOC(_IOC_NONE, 0, 0x22, 0), 0x7ffd0130a2d0) = 0
3947883 ioctl(8, _IOC(_IOC_READ|_IOC_WRITE, 0x46, 0x29, 0x10), 0x7ffd0130a370) = 0
3947883 ioctl(8, _IOC(_IOC_READ|_IOC_WRITE, 0x46, 0x29, 0x10), 0x7ffd0130a600) = 0
3947883 close(39)                       = 0
3947883 ioctl(38, _IOC(_IOC_READ|_IOC_WRITE, 0x46, 0xcf, 0x10), 0x7ffd0130a610) = 0
3947883 close(38)                       = 0
3947883 ioctl(8, _IOC(_IOC_READ|_IOC_WRITE, 0x46, 0x29, 0x10), 0x7ffd0130a600) = 0
3947883 close(41)                       = 0
3947883 ioctl(40, _IOC(_IOC_READ|_IOC_WRITE, 0x46, 0xcf, 0x10), 0x7ffd0130a610) = 0
3947883 close(40)                       = 0
3947883 ioctl(8, _IOC(_IOC_READ|_IOC_WRITE, 0x46, 0x29, 0x10), 0x7ffd0130a600) = 0
3947883 close(37)                       = 0
3947883 ioctl(36, _IOC(_IOC_READ|_IOC_WRITE, 0x46, 0xcf, 0x10), 0x7ffd0130a610) = 0
3947883 close(36)                       = 0
3947883 ioctl(8, _IOC(_IOC_READ|_IOC_WRITE, 0x46, 0x29, 0x10), 0x7ffd0130a600) = 0
3947883 close(43)                       = 0
3947883 ioctl(42, _IOC(_IOC_READ|_IOC_WRITE, 0x46, 0xcf, 0x10), 0x7ffd0130a610) = 0
3947883 close(42)                       = 0
3947883 ioctl(9, _IOC(_IOC_NONE, 0, 0x22, 0), 0x7ffd0130a260) = 0
3947883 ioctl(8, _IOC(_IOC_READ|_IOC_WRITE, 0x46, 0x29, 0x10), 0x7ffd0130a300) = 0
3947883 ioctl(9, _IOC(_IOC_NONE, 0, 0x22, 0), 0x7ffd0130a260) = 0
3947883 ioctl(8, _IOC(_IOC_READ|_IOC_WRITE, 0x46, 0x29, 0x10), 0x7ffd0130a300) = 0
3947883 ioctl(9, _IOC(_IOC_NONE, 0, 0x22, 0), 0x7ffd0130a2e0) = 0
3947883 ioctl(8, _IOC(_IOC_READ|_IOC_WRITE, 0x46, 0x4f, 0x20), 0x7ffd0130a3d0) = 0
3947883 ioctl(8, _IOC(_IOC_READ|_IOC_WRITE, 0x46, 0x29, 0x10), 0x7ffd0130a380) = 0
3947883 ioctl(8, _IOC(_IOC_READ|_IOC_WRITE, 0x46, 0x29, 0x10), 0x7ffd0130a660) = 0
3947883 ioctl(9, _IOC(_IOC_NONE, 0, 0x22, 0), 0x7ffd0130a2d0) = 0
3947883 ioctl(8, _IOC(_IOC_READ|_IOC_WRITE, 0x46, 0x29, 0x10), 0x7ffd0130a370) = 0
3947883 ioctl(9, _IOC(_IOC_NONE, 0, 0x22, 0), 0x7ffd0130a2d0) = 0
3947883 ioctl(8, _IOC(_IOC_READ|_IOC_WRITE, 0x46, 0x4f, 0x20), 0x7ffd0130a3c0) = 0
3947883 ioctl(8, _IOC(_IOC_READ|_IOC_WRITE, 0x46, 0x29, 0x10), 0x7ffd0130a370) = 0
3947883 ioctl(8, _IOC(_IOC_READ|_IOC_WRITE, 0x46, 0x2a, 0x20), 0x7ffd013092c0) = 0
3947883 ioctl(9, _IOC(_IOC_NONE, 0, 0x22, 0), 0x7ffd0130a230) = 0
3947883 ioctl(8, _IOC(_IOC_READ|_IOC_WRITE, 0x46, 0x29, 0x10), 0x7ffd0130a2d0) = 0
3947883 ioctl(8, _IOC(_IOC_READ|_IOC_WRITE, 0x46, 0x2a, 0x20), 0x7ffd01309610) = 0
3947883 close(45)                       = 0
3947883 close(44)                       = 0
3947883 ioctl(9, _IOC(_IOC_NONE, 0, 0x22, 0), 0x7ffd0130a310) = 0
3947883 ioctl(9, _IOC(_IOC_NONE, 0, 0x22, 0), 0x7ffd0130a310) = 0
3947883 ioctl(8, _IOC(_IOC_READ|_IOC_WRITE, 0x46, 0x29, 0x10), 0x7ffd0130a3b0) = 0
3947883 ioctl(9, _IOC(_IOC_NONE, 0, 0x22, 0), 0x7ffd0130a2e0) = 0
3947883 ioctl(8, _IOC(_IOC_READ|_IOC_WRITE, 0x46, 0x29, 0x10), 0x7ffd0130a380) = 0
3947883 ioctl(9, _IOC(_IOC_NONE, 0, 0x22, 0), 0x7ffd0130a310) = 0
3947883 ioctl(8, _IOC(_IOC_READ|_IOC_WRITE, 0x46, 0x4f, 0x20), 0x7ffd0130a400) = 0
3947883 ioctl(8, _IOC(_IOC_READ|_IOC_WRITE, 0x46, 0x29, 0x10), 0x7ffd0130a3b0) = 0
3947883 ioctl(9, _IOC(_IOC_NONE, 0, 0x18, 0), 0x7ffd0130a6e0) = 0
3947883 ioctl(9, _IOC(_IOC_NONE, 0, 0x18, 0), 0x7ffd0130a6e0) = 0
3947883 ioctl(9, _IOC(_IOC_NONE, 0, 0x18, 0), 0x7ffd0130a6e0) = 0
3947883 ioctl(9, _IOC(_IOC_NONE, 0, 0x18, 0), 0x7ffd0130a6e0) = 0
3947883 ioctl(9, _IOC(_IOC_NONE, 0, 0x18, 0), 0x7ffd0130a6e0) = 0
3947883 ioctl(9, _IOC(_IOC_NONE, 0, 0x18, 0), 0x7ffd0130a6e0) = 0
3947883 ioctl(9, _IOC(_IOC_NONE, 0, 0x18, 0), 0x7ffd0130a6e0) = 0
3947883 ioctl(9, _IOC(_IOC_NONE, 0, 0x18, 0), 0x7ffd0130a6e0) = 0
3947883 ioctl(9, _IOC(_IOC_NONE, 0, 0x18, 0), 0x7ffd0130a6e0) = 0
3947883 ioctl(9, _IOC(_IOC_NONE, 0, 0x18, 0), 0x7ffd0130a6e0) = 0
3947883 ioctl(9, _IOC(_IOC_NONE, 0, 0x22, 0), 0x7ffd0130a2a0) = 0
3947883 ioctl(8, _IOC(_IOC_READ|_IOC_WRITE, 0x46, 0x29, 0x10), 0x7ffd0130a340) = 0
3947883 ioctl(8, _IOC(_IOC_READ|_IOC_WRITE, 0x46, 0x2a, 0x20), 0x7ffd01309610) = 0
3947883 ioctl(9, _IOC(_IOC_NONE, 0, 0x22, 0), 0x7ffd0130a310) = 0
3947883 ioctl(8, _IOC(_IOC_READ|_IOC_WRITE, 0x46, 0x29, 0x10), 0x7ffd0130a3b0) = 0
3947883 close(35)                       = 0
3947883 ioctl(8, _IOC(_IOC_READ|_IOC_WRITE, 0x46, 0x29, 0x10), 0x7ffd0130a5c0) = 0
3947883 close(30)                       = 0
3947883 ioctl(29, _IOC(_IOC_READ|_IOC_WRITE, 0x46, 0xcf, 0x10), 0x7ffd0130a5d0) = 0
3947883 close(29)                       = 0
3947883 ioctl(9, _IOC(_IOC_NONE, 0, 0x1c, 0), 0x7ffd0130a640) = 0
3947883 ioctl(9, _IOC(_IOC_NONE, 0, 0x1c, 0), 0x7ffd0130a640) = 0
3947883 ioctl(9, _IOC(_IOC_NONE, 0, 0x1c, 0), 0x7ffd0130a640) = 0
3947883 ioctl(9, _IOC(_IOC_NONE, 0, 0x1c, 0), 0x7ffd0130a640) = 0
3947883 ioctl(9, _IOC(_IOC_NONE, 0, 0x1c, 0), 0x7ffd0130a640) = 0
3947883 ioctl(9, _IOC(_IOC_NONE, 0, 0x1c, 0), 0x7ffd0130a640) = 0
3947883 ioctl(9, _IOC(_IOC_NONE, 0, 0x1c, 0), 0x7ffd0130a640) = 0
3947883 ioctl(9, _IOC(_IOC_NONE, 0, 0x1c, 0), 0x7ffd0130a640) = 0
3947883 ioctl(8, _IOC(_IOC_READ|_IOC_WRITE, 0x46, 0x29, 0x10), 0x7ffd0130a550) = 0
3947883 ioctl(8, _IOC(_IOC_READ|_IOC_WRITE, 0x46, 0x29, 0x10), 0x7ffd0130a550) = 0
3947883 ioctl(8, _IOC(_IOC_READ|_IOC_WRITE, 0x46, 0x29, 0x10), 0x7ffd0130a580) = 0
3947883 ioctl(8, _IOC(_IOC_READ|_IOC_WRITE, 0x46, 0x4f, 0x20), 0x7ffd0130a2f0) = 0
3947883 ioctl(8, _IOC(_IOC_READ|_IOC_WRITE, 0x46, 0x29, 0x10), 0x7ffd0130a2a0) = 0
3947883 ioctl(8, _IOC(_IOC_READ|_IOC_WRITE, 0x46, 0x29, 0x10), 0x7ffd0130a550) = 0
3947883 ioctl(8, _IOC(_IOC_READ|_IOC_WRITE, 0x46, 0x29, 0x10), 0x7ffd0130a550) = 0
3947883 ioctl(8, _IOC(_IOC_READ|_IOC_WRITE, 0x46, 0x29, 0x10), 0x7ffd0130a580) = 0
3947883 ioctl(8, _IOC(_IOC_READ|_IOC_WRITE, 0x46, 0x4f, 0x20), 0x7ffd0130a2f0) = 0
3947883 ioctl(8, _IOC(_IOC_READ|_IOC_WRITE, 0x46, 0x29, 0x10), 0x7ffd0130a2a0) = 0
3947883 ioctl(8, _IOC(_IOC_READ|_IOC_WRITE, 0x46, 0x29, 0x10), 0x7ffd0130a550) = 0
3947883 ioctl(8, _IOC(_IOC_READ|_IOC_WRITE, 0x46, 0x29, 0x10), 0x7ffd0130a550) = 0
3947883 ioctl(8, _IOC(_IOC_READ|_IOC_WRITE, 0x46, 0x29, 0x10), 0x7ffd0130a580) = 0
3947883 ioctl(8, _IOC(_IOC_READ|_IOC_WRITE, 0x46, 0x4f, 0x20), 0x7ffd0130a2f0) = 0
3947883 ioctl(8, _IOC(_IOC_READ|_IOC_WRITE, 0x46, 0x29, 0x10), 0x7ffd0130a2a0) = 0
3947883 ioctl(8, _IOC(_IOC_READ|_IOC_WRITE, 0x46, 0x29, 0x10), 0x7ffd0130a550) = 0
3947883 ioctl(8, _IOC(_IOC_READ|_IOC_WRITE, 0x46, 0x29, 0x10), 0x7ffd0130a550) = 0
3947883 ioctl(8, _IOC(_IOC_READ|_IOC_WRITE, 0x46, 0x29, 0x10), 0x7ffd0130a580) = 0
3947883 ioctl(8, _IOC(_IOC_READ|_IOC_WRITE, 0x46, 0x4f, 0x20), 0x7ffd0130a2f0) = 0
3947883 ioctl(8, _IOC(_IOC_READ|_IOC_WRITE, 0x46, 0x29, 0x10), 0x7ffd0130a2a0) = 0
3947883 ioctl(8, _IOC(_IOC_READ|_IOC_WRITE, 0x46, 0x29, 0x10), 0x7ffd0130a550) = 0
3947883 ioctl(8, _IOC(_IOC_READ|_IOC_WRITE, 0x46, 0x29, 0x10), 0x7ffd0130a550) = 0
3947883 ioctl(8, _IOC(_IOC_READ|_IOC_WRITE, 0x46, 0x29, 0x10), 0x7ffd0130a580) = 0
3947883 ioctl(8, _IOC(_IOC_READ|_IOC_WRITE, 0x46, 0x4f, 0x20), 0x7ffd0130a2f0) = 0
3947883 ioctl(8, _IOC(_IOC_READ|_IOC_WRITE, 0x46, 0x29, 0x10), 0x7ffd0130a2a0) = 0
3947883 ioctl(8, _IOC(_IOC_READ|_IOC_WRITE, 0x46, 0x29, 0x10), 0x7ffd0130a550) = 0
3947883 ioctl(8, _IOC(_IOC_READ|_IOC_WRITE, 0x46, 0x29, 0x10), 0x7ffd0130a550) = 0
3947883 ioctl(8, _IOC(_IOC_READ|_IOC_WRITE, 0x46, 0x29, 0x10), 0x7ffd0130a580) = 0
3947883 ioctl(8, _IOC(_IOC_READ|_IOC_WRITE, 0x46, 0x4f, 0x20), 0x7ffd0130a2f0) = 0
3947883 ioctl(8, _IOC(_IOC_READ|_IOC_WRITE, 0x46, 0x29, 0x10), 0x7ffd0130a2a0) = 0
3947883 ioctl(8, _IOC(_IOC_READ|_IOC_WRITE, 0x46, 0x29, 0x10), 0x7ffd0130a550) = 0
3947883 ioctl(8, _IOC(_IOC_READ|_IOC_WRITE, 0x46, 0x29, 0x10), 0x7ffd0130a550) = 0
3947883 ioctl(8, _IOC(_IOC_READ|_IOC_WRITE, 0x46, 0x29, 0x10), 0x7ffd0130a580) = 0
3947883 ioctl(8, _IOC(_IOC_READ|_IOC_WRITE, 0x46, 0x4f, 0x20), 0x7ffd0130a2f0) = 0
3947883 ioctl(8, _IOC(_IOC_READ|_IOC_WRITE, 0x46, 0x29, 0x10), 0x7ffd0130a2a0) = 0
3947883 ioctl(8, _IOC(_IOC_READ|_IOC_WRITE, 0x46, 0x29, 0x10), 0x7ffd0130a550) = 0
3947883 ioctl(8, _IOC(_IOC_READ|_IOC_WRITE, 0x46, 0x29, 0x10), 0x7ffd0130a550) = 0
3947883 ioctl(8, _IOC(_IOC_READ|_IOC_WRITE, 0x46, 0x29, 0x10), 0x7ffd0130a580) = 0
3947883 ioctl(8, _IOC(_IOC_READ|_IOC_WRITE, 0x46, 0x4f, 0x20), 0x7ffd0130a2f0) = 0
3947883 ioctl(8, _IOC(_IOC_READ|_IOC_WRITE, 0x46, 0x29, 0x10), 0x7ffd0130a2a0) = 0
3947883 ioctl(8, _IOC(_IOC_READ|_IOC_WRITE, 0x46, 0x29, 0x10), 0x7ffd0130a600) = 0
3947883 ioctl(8, _IOC(_IOC_READ|_IOC_WRITE, 0x46, 0x29, 0x10), 0x7ffd0130a600) = 0
3947883 ioctl(8, _IOC(_IOC_READ|_IOC_WRITE, 0x46, 0x29, 0x10), 0x7ffd0130a5c0) = 0
3947883 close(32)                       = 0
3947883 ioctl(31, _IOC(_IOC_READ|_IOC_WRITE, 0x46, 0xcf, 0x10), 0x7ffd0130a5d0) = 0
3947883 close(31)                       = 0
3947883 ioctl(9, _IOC(_IOC_NONE, 0, 0x1c, 0), 0x7ffd0130a640) = 0
3947883 ioctl(9, _IOC(_IOC_NONE, 0, 0x1c, 0), 0x7ffd0130a640) = 0
3947883 ioctl(9, _IOC(_IOC_NONE, 0, 0x1c, 0), 0x7ffd0130a640) = 0
3947883 ioctl(9, _IOC(_IOC_NONE, 0, 0x1c, 0), 0x7ffd0130a640) = 0
3947883 ioctl(8, _IOC(_IOC_READ|_IOC_WRITE, 0x46, 0x29, 0x10), 0x7ffd0130a550) = 0
3947883 ioctl(8, _IOC(_IOC_READ|_IOC_WRITE, 0x46, 0x29, 0x10), 0x7ffd0130a580) = 0
3947883 ioctl(8, _IOC(_IOC_READ|_IOC_WRITE, 0x46, 0x4f, 0x20), 0x7ffd0130a2f0) = 0
3947883 ioctl(8, _IOC(_IOC_READ|_IOC_WRITE, 0x46, 0x29, 0x10), 0x7ffd0130a2a0) = 0
3947883 ioctl(8, _IOC(_IOC_READ|_IOC_WRITE, 0x46, 0x29, 0x10), 0x7ffd0130a550) = 0
3947883 ioctl(8, _IOC(_IOC_READ|_IOC_WRITE, 0x46, 0x29, 0x10), 0x7ffd0130a580) = 0
3947883 ioctl(8, _IOC(_IOC_READ|_IOC_WRITE, 0x46, 0x4f, 0x20), 0x7ffd0130a2f0) = 0
3947883 ioctl(8, _IOC(_IOC_READ|_IOC_WRITE, 0x46, 0x29, 0x10), 0x7ffd0130a2a0) = 0
3947883 ioctl(8, _IOC(_IOC_READ|_IOC_WRITE, 0x46, 0x29, 0x10), 0x7ffd0130a550) = 0
3947883 ioctl(8, _IOC(_IOC_READ|_IOC_WRITE, 0x46, 0x29, 0x10), 0x7ffd0130a580) = 0
3947883 ioctl(8, _IOC(_IOC_READ|_IOC_WRITE, 0x46, 0x4f, 0x20), 0x7ffd0130a2f0) = 0
3947883 ioctl(8, _IOC(_IOC_READ|_IOC_WRITE, 0x46, 0x29, 0x10), 0x7ffd0130a2a0) = 0
3947883 ioctl(8, _IOC(_IOC_READ|_IOC_WRITE, 0x46, 0x29, 0x10), 0x7ffd0130a550) = 0
3947883 ioctl(8, _IOC(_IOC_READ|_IOC_WRITE, 0x46, 0x29, 0x10), 0x7ffd0130a580) = 0
3947883 ioctl(8, _IOC(_IOC_READ|_IOC_WRITE, 0x46, 0x4f, 0x20), 0x7ffd0130a2f0) = 0
3947883 ioctl(8, _IOC(_IOC_READ|_IOC_WRITE, 0x46, 0x29, 0x10), 0x7ffd0130a2a0) = 0
3947883 ioctl(8, _IOC(_IOC_READ|_IOC_WRITE, 0x46, 0x29, 0x10), 0x7ffd0130a600) = 0
3947883 ioctl(8, _IOC(_IOC_READ|_IOC_WRITE, 0x46, 0x29, 0x10), 0x7ffd0130a5c0) = 0
3947883 close(34)                       = 0
3947883 ioctl(33, _IOC(_IOC_READ|_IOC_WRITE, 0x46, 0xcf, 0x10), 0x7ffd0130a5d0) = 0
3947883 close(33)                       = 0
3947883 ioctl(9, _IOC(_IOC_NONE, 0, 0x1c, 0), 0x7ffd0130a640) = 0
3947883 ioctl(9, _IOC(_IOC_NONE, 0, 0x1c, 0), 0x7ffd0130a640) = 0
3947883 ioctl(9, _IOC(_IOC_NONE, 0, 0x1c, 0), 0x7ffd0130a640) = 0
3947883 ioctl(9, _IOC(_IOC_NONE, 0, 0x1c, 0), 0x7ffd0130a640) = 0
3947883 ioctl(8, _IOC(_IOC_READ|_IOC_WRITE, 0x46, 0x29, 0x10), 0x7ffd0130a550) = 0
3947883 ioctl(8, _IOC(_IOC_READ|_IOC_WRITE, 0x46, 0x29, 0x10), 0x7ffd0130a580) = 0
3947883 ioctl(8, _IOC(_IOC_READ|_IOC_WRITE, 0x46, 0x4f, 0x20), 0x7ffd0130a2f0) = 0
3947883 ioctl(8, _IOC(_IOC_READ|_IOC_WRITE, 0x46, 0x29, 0x10), 0x7ffd0130a2a0) = 0
3947883 ioctl(8, _IOC(_IOC_READ|_IOC_WRITE, 0x46, 0x29, 0x10), 0x7ffd0130a550) = 0
3947883 ioctl(8, _IOC(_IOC_READ|_IOC_WRITE, 0x46, 0x29, 0x10), 0x7ffd0130a580) = 0
3947883 ioctl(8, _IOC(_IOC_READ|_IOC_WRITE, 0x46, 0x4f, 0x20), 0x7ffd0130a2f0) = 0
3947883 ioctl(8, _IOC(_IOC_READ|_IOC_WRITE, 0x46, 0x29, 0x10), 0x7ffd0130a2a0) = 0
3947883 ioctl(8, _IOC(_IOC_READ|_IOC_WRITE, 0x46, 0x29, 0x10), 0x7ffd0130a550) = 0
3947883 ioctl(8, _IOC(_IOC_READ|_IOC_WRITE, 0x46, 0x29, 0x10), 0x7ffd0130a580) = 0
3947883 ioctl(8, _IOC(_IOC_READ|_IOC_WRITE, 0x46, 0x4f, 0x20), 0x7ffd0130a2f0) = 0
3947883 ioctl(8, _IOC(_IOC_READ|_IOC_WRITE, 0x46, 0x29, 0x10), 0x7ffd0130a2a0) = 0
3947883 ioctl(8, _IOC(_IOC_READ|_IOC_WRITE, 0x46, 0x29, 0x10), 0x7ffd0130a550) = 0
3947883 ioctl(8, _IOC(_IOC_READ|_IOC_WRITE, 0x46, 0x29, 0x10), 0x7ffd0130a580) = 0
3947883 ioctl(8, _IOC(_IOC_READ|_IOC_WRITE, 0x46, 0x4f, 0x20), 0x7ffd0130a2f0) = 0
3947883 ioctl(8, _IOC(_IOC_READ|_IOC_WRITE, 0x46, 0x29, 0x10), 0x7ffd0130a2a0) = 0
3947883 ioctl(9, _IOC(_IOC_NONE, 0, 0x22, 0), 0x7ffd0130a1d0) = 0
3947883 ioctl(8, _IOC(_IOC_READ|_IOC_WRITE, 0x46, 0x4f, 0x20), 0x7ffd0130a2c0) = 0
3947883 ioctl(8, _IOC(_IOC_READ|_IOC_WRITE, 0x46, 0x29, 0x10), 0x7ffd0130a270) = 0
3947883 ioctl(9, _IOC(_IOC_NONE, 0, 0x22, 0), 0x7ffd0130a1d0) = 0
3947883 ioctl(8, _IOC(_IOC_READ|_IOC_WRITE, 0x46, 0x4f, 0x20), 0x7ffd0130a2c0) = 0
3947883 ioctl(8, _IOC(_IOC_READ|_IOC_WRITE, 0x46, 0x29, 0x10), 0x7ffd0130a270) = 0
3947883 ioctl(8, _IOC(_IOC_READ|_IOC_WRITE, 0x46, 0x29, 0x10), 0x7ffd0130a600) = 0
3947897 +++ exited with 0 +++
3947883 close(28)                       = 0
3947883 ioctl(9, _IOC(_IOC_NONE, 0, 0x22, 0), 0x7ffd0130a310) = 0
3947883 ioctl(8, _IOC(_IOC_READ|_IOC_WRITE, 0x46, 0x29, 0x10), 0x7ffd0130a3b0) = 0
3947883 ioctl(9, _IOC(_IOC_NONE, 0, 0x22, 0), 0x7ffd0130a310) = 0
3947883 ioctl(8, _IOC(_IOC_READ|_IOC_WRITE, 0x46, 0x29, 0x10), 0x7ffd0130a3b0) = 0
3947883 ioctl(9, _IOC(_IOC_NONE, 0, 0x22, 0), 0x7ffd0130a2e0) = 0
3947883 ioctl(8, _IOC(_IOC_READ|_IOC_WRITE, 0x46, 0x29, 0x10), 0x7ffd0130a380) = 0
3947883 ioctl(9, _IOC(_IOC_NONE, 0, 0x22, 0), 0x7ffd0130a2d0) = 0
3947883 ioctl(8, _IOC(_IOC_READ|_IOC_WRITE, 0x46, 0x4f, 0x20), 0x7ffd0130a3c0) = 0
3947883 ioctl(8, _IOC(_IOC_READ|_IOC_WRITE, 0x46, 0x29, 0x10), 0x7ffd0130a370) = 0
3947883 ioctl(9, _IOC(_IOC_NONE, 0, 0x22, 0), 0x7ffd0130a2d0) = 0
3947883 ioctl(8, _IOC(_IOC_READ|_IOC_WRITE, 0x46, 0x4f, 0x20), 0x7ffd0130a3c0) = 0
3947883 ioctl(8, _IOC(_IOC_READ|_IOC_WRITE, 0x46, 0x29, 0x10), 0x7ffd0130a370) = 0
3947883 ioctl(9, _IOC(_IOC_NONE, 0, 0x22, 0), 0x7ffd0130a2e0) = 0
3947883 ioctl(8, _IOC(_IOC_READ|_IOC_WRITE, 0x46, 0x29, 0x10), 0x7ffd0130a380) = 0
3947883 ioctl(9, _IOC(_IOC_NONE, 0, 0x22, 0), 0x7ffd0130a2e0) = 0
3947883 ioctl(8, _IOC(_IOC_READ|_IOC_WRITE, 0x46, 0x29, 0x10), 0x7ffd0130a380) = 0
3947883 ioctl(9, _IOC(_IOC_NONE, 0, 0x22, 0), 0x7ffd0130a380) = 0
3947883 ioctl(9, _IOC(_IOC_NONE, 0, 0x22, 0), 0x7ffd0130a2e0) = 0
3947883 ioctl(8, _IOC(_IOC_READ|_IOC_WRITE, 0x46, 0x29, 0x10), 0x7ffd0130a380) = 0
3947883 ioctl(9, _IOC(_IOC_NONE, 0, 0x1a, 0), 0x7ffd0130a710) = 0
3947883 ioctl(8, _IOC(_IOC_READ|_IOC_WRITE, 0x46, 0x2a, 0x20), 0x7ffd01309600) = 0
3947884 +++ exited with 0 +++
3947883 +++ exited with 0 +++
