3113591 openat(AT_FDCWD, "/etc/ld.so.cache", O_RDONLY|O_CLOEXEC) = 3
3113591 close(3)                        = 0
3113591 openat(AT_FDCWD, "/lib/x86_64-linux-gnu/libcuda.so.1", O_RDONLY|O_CLOEXEC) = 3
3113591 close(3)                        = 0
3113591 openat(AT_FDCWD, "/lib/x86_64-linux-gnu/libc.so.6", O_RDONLY|O_CLOEXEC) = 3
3113591 close(3)                        = 0
3113591 openat(AT_FDCWD, "/lib/x86_64-linux-gnu/libm.so.6", O_RDONLY|O_CLOEXEC) = 3
3113591 close(3)                        = 0
3113591 openat(AT_FDCWD, "/lib/x86_64-linux-gnu/libdl.so.2", O_RDONLY|O_CLOEXEC) = 3
3113591 close(3)                        = 0
3113591 openat(AT_FDCWD, "/lib/x86_64-linux-gnu/libpthread.so.0", O_RDONLY|O_CLOEXEC) = 3
3113591 close(3)                        = 0
3113591 openat(AT_FDCWD, "/lib/x86_64-linux-gnu/librt.so.1", O_RDONLY|O_CLOEXEC) = 3
3113591 close(3)                        = 0
3113591 openat(AT_FDCWD, "/sys/devices/system/cpu/online", O_RDONLY|O_CLOEXEC) = 3
3113591 close(3)                        = 0
3113591 openat(AT_FDCWD, "/sys/devices/system/cpu/online", O_RDONLY|O_CLOEXEC) = 3
3113591 close(3)                        = 0
3113591 openat(AT_FDCWD, "/proc/sys/vm/mmap_min_addr", O_RDONLY) = 3
3113591 close(3)                        = 0
3113591 openat(AT_FDCWD, "/proc/cpuinfo", O_RDONLY) = 3
3113591 close(3)                        = 0
3113591 openat(AT_FDCWD, "/proc/self/maps", O_RDONLY) = 3
3113591 close(3)                        = 0
3113591 openat(AT_FDCWD, "/sys/devices/system/cpu/online", O_RDONLY|O_CLOEXEC) = 3
3113591 close(3)                        = 0
3113591 openat(AT_FDCWD, "/proc/self/task/3113592/comm", O_WRONLY|O_CREAT|O_TRUNC, 0666) = 8
3113591 close(8)                        = 0
3113591 openat(AT_FDCWD, "/dev/shm/cuda_injection_path_shm", O_RDWR|O_NOFOLLOW|O_CLOEXEC) = -1 ENOENT (No such file or directory)
3113591 openat(AT_FDCWD, "/home/pm3371/.nv/nvidia-application-profile-globals-rc", O_RDONLY) = -1 ENOENT (No such file or directory)
3113591 openat(AT_FDCWD, "/home/pm3371/.nv/nvidia-application-profiles-rc", O_RDONLY) = -1 ENOENT (No such file or directory)
3113591 openat(AT_FDCWD, "/home/pm3371/.nv/nvidia-application-profiles-rc.d", O_RDONLY) = -1 ENOENT (No such file or directory)
3113591 openat(AT_FDCWD, "/etc/nvidia/nvidia-application-profiles-rc", O_RDONLY) = -1 ENOENT (No such file or directory)
3113591 openat(AT_FDCWD, "/etc/nvidia/nvidia-application-profiles-rc.d/", O_RDONLY) = -1 ENOENT (No such file or directory)
3113591 openat(AT_FDCWD, "/usr/share/nvidia/nvidia-application-profiles-555.42.02-rc", O_RDONLY) = 8
3113591 close(8)                        = 0
3113591 openat(AT_FDCWD, "/usr/share/nvidia/nvidia-application-profiles-rc", O_RDONLY) = -1 ENOENT (No such file or directory)
3113591 openat(AT_FDCWD, "/proc/self/cmdline", O_RDONLY) = 8
3113591 close(8)                        = 0
3113591 close(8)                        = 0
3113591 openat(AT_FDCWD, "/proc/modules", O_RDONLY) = 8
3113591 close(8)                        = 0
3113591 openat(AT_FDCWD, "/proc/driver/nvidia/params", O_RDONLY) = 8
3113591 close(8)                        = 0
3113591 openat(AT_FDCWD, "/dev/nvidiactl", O_RDWR) = 8
3113591 openat(AT_FDCWD, "/sys/devices/system/memory/block_size_bytes", O_RDONLY) = 9
3113591 close(9)                        = 0
3113591 ioctl(8, _IOC(_IOC_READ|_IOC_WRITE, 0x46, 0xd6, 0x8), 0x7ffda50836f0) = 0
3113591 ioctl(8, _IOC(_IOC_READ|_IOC_WRITE, 0x46, 0xc8, 0x900), 0x7f33d30fbae0) = 0
3113591 openat(AT_FDCWD, "/proc/driver/nvidia/params", O_RDONLY) = 9
3113591 close(9)                        = 0
3113591 ioctl(8, _IOC(_IOC_READ|_IOC_WRITE, 0x46, 0x2b, 0x20), 0x7ffda5083840) = 0
3113591 ioctl(8, _IOC(_IOC_READ|_IOC_WRITE, 0x46, 0x2a, 0x20), 0x7ffda5082740) = 0
3113591 ioctl(8, _IOC(_IOC_READ|_IOC_WRITE, 0x46, 0x29, 0x10), 0x7ffda5083820) = 0
3113591 close(8)                        = 0
3113591 openat(AT_FDCWD, "/proc/modules", O_RDONLY) = 8
3113591 close(8)                        = 0
3113591 openat(AT_FDCWD, "/proc/driver/nvidia/params", O_RDONLY) = 8
3113591 close(8)                        = 0
3113591 openat(AT_FDCWD, "/dev/nvidiactl", O_RDWR) = 8
3113591 openat(AT_FDCWD, "/sys/devices/system/memory/block_size_bytes", O_RDONLY) = 9
3113591 close(9)                        = 0
3113591 ioctl(8, _IOC(_IOC_READ|_IOC_WRITE, 0x46, 0xd6, 0x8), 0x7ffda5083cb0) = 0
3113591 ioctl(8, _IOC(_IOC_READ|_IOC_WRITE, 0x46, 0xc8, 0x900), 0x7f33d30fbae0) = 0
3113591 openat(AT_FDCWD, "/proc/driver/nvidia/params", O_RDONLY) = 9
3113591 close(9)                        = 0
3113591 ioctl(8, _IOC(_IOC_READ|_IOC_WRITE, 0x46, 0x2b, 0x20), 0x7ffda5083e00) = 0
3113591 ioctl(8, _IOC(_IOC_READ|_IOC_WRITE, 0x46, 0x2a, 0x20), 0x7ffda5082cc0) = 0
3113591 ioctl(8, _IOC(_IOC_READ|_IOC_WRITE, 0x46, 0x2a, 0x20), 0x7ffda5082cc0) = 0
3113591 ioctl(8, _IOC(_IOC_READ|_IOC_WRITE, 0x46, 0x2b, 0x30), 0x7ffda5083df0) = 0
3113591 ioctl(8, _IOC(_IOC_READ|_IOC_WRITE, 0x46, 0x2a, 0x20), 0x7ffda5082cd0) = 0
3113591 openat(AT_FDCWD, "/sys/devices/system/cpu/online", O_RDONLY|O_CLOEXEC) = 9
3113591 close(9)                        = 0
3113591 openat(AT_FDCWD, "/proc/self/status", O_RDONLY) = 9
3113591 close(9)                        = 0
3113591 openat(AT_FDCWD, "/sys/devices/system/node", O_RDONLY|O_NONBLOCK|O_CLOEXEC|O_DIRECTORY) = 9
3113591 openat(AT_FDCWD, "/sys/devices/system/node/node0/cpumap", O_RDONLY) = 10
3113591 close(10)                       = 0
3113591 openat(AT_FDCWD, "/sys/devices/system/node/node1/cpumap", O_RDONLY) = 10
3113591 close(10)                       = 0
3113591 close(9)                        = 0
3113591 openat(AT_FDCWD, "/proc/modules", O_RDONLY) = 9
3113591 close(9)                        = 0
3113591 openat(AT_FDCWD, "/proc/devices", O_RDONLY) = 9
3113591 close(9)                        = 0
3113591 openat(AT_FDCWD, "/dev/nvidia-uvm", O_RDWR|O_CLOEXEC) = 9
3113591 openat(AT_FDCWD, "/dev/nvidia-uvm", O_RDWR|O_CLOEXEC) = 10
3113591 ioctl(9, _IOC(_IOC_NONE, 0, 0x1, 0x3000), 0x7ffda5083e00) = 0
3113591 ioctl(10, _IOC(_IOC_NONE, 0, 0x4b, 0), 0x7ffda5083e00) = 0
3113591 close(10)                       = 0
3113591 ioctl(9, _IOC(_IOC_NONE, 0, 0x27, 0), 0x7ffda5083e00) = 0
3113591 ioctl(8, _IOC(_IOC_READ|_IOC_WRITE, 0x46, 0x2a, 0x20), 0x7ffda5080e70) = 0
3113591 ioctl(8, _IOC(_IOC_READ|_IOC_WRITE, 0x46, 0x2a, 0x20), 0x7ffda50806a0) = 0
3113591 ioctl(8, _IOC(_IOC_READ|_IOC_WRITE, 0x46, 0x2a, 0x20), 0x7ffda5080db0) = 0
3113591 openat(AT_FDCWD, "/proc/driver/nvidia/params", O_RDONLY) = 10
3113591 close(10)                       = 0
3113591 openat(AT_FDCWD, "/dev/nvidia0", O_RDWR|O_CLOEXEC) = 10
3113591 ioctl(8, _IOC(_IOC_READ|_IOC_WRITE, 0x46, 0x2a, 0x20), 0x7ffda5080db0) = 0
3113591 openat(AT_FDCWD, "/proc/driver/nvidia/params", O_RDONLY) = 11
3113591 close(11)                       = 0
3113591 openat(AT_FDCWD, "/dev/nvidia1", O_RDWR|O_CLOEXEC) = 11
3113591 ioctl(8, _IOC(_IOC_READ|_IOC_WRITE, 0x46, 0x2a, 0x20), 0x7ffda5080db0) = 0
3113591 openat(AT_FDCWD, "/proc/driver/nvidia/params", O_RDONLY) = 12
3113591 close(12)                       = 0
3113591 openat(AT_FDCWD, "/dev/nvidia2", O_RDWR|O_CLOEXEC) = 12
3113591 ioctl(8, _IOC(_IOC_READ|_IOC_WRITE, 0x46, 0x2a, 0x20), 0x7ffda5080db0) = 0
3113591 openat(AT_FDCWD, "/proc/driver/nvidia/params", O_RDONLY) = 13
3113591 close(13)                       = 0
3113591 openat(AT_FDCWD, "/dev/nvidia3", O_RDWR|O_CLOEXEC) = -1 EIO (Input/output error)
3113591 openat(AT_FDCWD, "/dev/nvidia3", O_RDWR) = -1 EIO (Input/output error)
3113591 ioctl(8, _IOC(_IOC_READ|_IOC_WRITE, 0x46, 0xd1, 0xc), 0x7ffda5080c84) = 0
3113591 ioctl(8, _IOC(_IOC_READ|_IOC_WRITE, 0x46, 0x2a, 0x20), 0x7ffda5080f70) = 0
3113591 ioctl(8, _IOC(_IOC_READ|_IOC_WRITE, 0x46, 0x2a, 0x20), 0x7ffda5080f60) = 0
3113591 ioctl(8, _IOC(_IOC_READ|_IOC_WRITE, 0x46, 0x29, 0x10), 0x7ffda5082000) = 0
3113591 ioctl(8, _IOC(_IOC_READ|_IOC_WRITE, 0x46, 0x2a, 0x20), 0x7ffda5080df0) = 0
3113591 ioctl(8, _IOC(_IOC_READ|_IOC_WRITE, 0x46, 0x2a, 0x20), 0x7ffda5080df0) = 0
3113591 openat(AT_FDCWD, "/proc/driver/nvidia/params", O_RDONLY) = 13
3113591 close(13)                       = 0
3113591 openat(AT_FDCWD, "/dev/nvidia0", O_RDWR|O_CLOEXEC) = 13
3113591 ioctl(13, _IOC(_IOC_READ|_IOC_WRITE, 0x46, 0xc9, 0x4), 0x7ffda5081f70) = 0
3113591 ioctl(13, _IOC(_IOC_READ|_IOC_WRITE, 0x46, 0xd7, 0x230), 0x7ffda5081cf0) = 0
3113591 ioctl(8, _IOC(_IOC_READ|_IOC_WRITE, 0x46, 0x2b, 0x30), 0x7ffda5082040) = 0
3113591 ioctl(8, _IOC(_IOC_READ|_IOC_WRITE, 0x46, 0x2a, 0x20), 0x7ffda5080f70) = 0
3113591 ioctl(8, _IOC(_IOC_READ|_IOC_WRITE, 0x46, 0x2a, 0x20), 0x7ffda5080dd0) = 0
3113591 ioctl(8, _IOC(_IOC_READ|_IOC_WRITE, 0x46, 0x2a, 0x20), 0x7ffda5080f70) = 0
3113591 ioctl(8, _IOC(_IOC_READ|_IOC_WRITE, 0x46, 0x2a, 0x20), 0x7ffda5080ee0) = 0
3113591 ioctl(8, _IOC(_IOC_READ|_IOC_WRITE, 0x46, 0x2a, 0x20), 0x7ffda5080de0) = 0
3113591 ioctl(8, _IOC(_IOC_READ|_IOC_WRITE, 0x46, 0x2a, 0x20), 0x7ffda5080de0) = 0
3113591 openat(AT_FDCWD, "/proc/driver/nvidia/params", O_RDONLY) = 14
3113591 close(14)                       = 0
3113591 openat(AT_FDCWD, "/dev/nvidia0", O_RDWR|O_CLOEXEC) = 14
3113591 ioctl(14, _IOC(_IOC_READ|_IOC_WRITE, 0x46, 0xc9, 0x4), 0x7ffda5081f60) = 0
3113591 ioctl(8, _IOC(_IOC_READ|_IOC_WRITE, 0x46, 0x2b, 0x30), 0x7ffda5082070) = 0
3113591 ioctl(8, _IOC(_IOC_READ|_IOC_WRITE, 0x46, 0x2b, 0x30), 0x7ffda5082090) = 0
3113591 ioctl(8, _IOC(_IOC_READ|_IOC_WRITE, 0x46, 0x2a, 0x20), 0x7ffda5080dc0) = 0
3113591 ioctl(8, _IOC(_IOC_READ|_IOC_WRITE, 0x46, 0x2a, 0x20), 0x7ffda50808c0) = 0
3113591 ioctl(8, _IOC(_IOC_READ|_IOC_WRITE, 0x46, 0x2a, 0x20), 0x7ffda5080e70) = 0
3113591 ioctl(8, _IOC(_IOC_READ|_IOC_WRITE, 0x46, 0x2a, 0x20), 0x7ffda50804e0) = 0
3113591 ioctl(8, _IOC(_IOC_READ|_IOC_WRITE, 0x46, 0x2a, 0x20), 0x7ffda507fcd0) = 0
3113591 ioctl(8, _IOC(_IOC_READ|_IOC_WRITE, 0x46, 0x2a, 0x20), 0x7ffda5080320) = 0
3113591 ioctl(8, _IOC(_IOC_READ|_IOC_WRITE, 0x46, 0x2a, 0x20), 0x7ffda5080b90) = 0
3113591 ioctl(8, _IOC(_IOC_READ|_IOC_WRITE, 0x46, 0x2a, 0x20), 0x7ffda5080d60) = 0
3113591 ioctl(8, _IOC(_IOC_READ|_IOC_WRITE, 0x46, 0x2a, 0x20), 0x7ffda5080a50) = 0
3113591 ioctl(8, _IOC(_IOC_READ|_IOC_WRITE, 0x46, 0x2a, 0x20), 0x7ffda5080a50) = 0
3113591 ioctl(8, _IOC(_IOC_READ|_IOC_WRITE, 0x46, 0x2a, 0x20), 0x7ffda5080a50) = 0
3113591 ioctl(8, _IOC(_IOC_READ|_IOC_WRITE, 0x46, 0x2a, 0x20), 0x7ffda5080a50) = 0
3113591 ioctl(8, _IOC(_IOC_READ|_IOC_WRITE, 0x46, 0x2a, 0x20), 0x7ffda5080a50) = 0
3113591 ioctl(8, _IOC(_IOC_READ|_IOC_WRITE, 0x46, 0x2a, 0x20), 0x7ffda50808a0) = 0
3113591 ioctl(8, _IOC(_IOC_READ|_IOC_WRITE, 0x46, 0x2a, 0x20), 0x7ffda5080bb0) = 0
3113591 ioctl(8, _IOC(_IOC_READ|_IOC_WRITE, 0x46, 0x2a, 0x20), 0x7ffda5080c50) = 0
3113591 ioctl(8, _IOC(_IOC_READ|_IOC_WRITE, 0x46, 0x2a, 0x20), 0x7ffda5080d60) = 0
3113591 ioctl(8, _IOC(_IOC_READ|_IOC_WRITE, 0x46, 0x2a, 0x20), 0x7ffda5080d60) = 0
3113591 ioctl(8, _IOC(_IOC_READ|_IOC_WRITE, 0x46, 0x2a, 0x20), 0x7ffda5080ab0) = 0
3113591 ioctl(8, _IOC(_IOC_READ|_IOC_WRITE, 0x46, 0x2a, 0x20), 0x7ffda5080c90) = 0
3113591 ioctl(8, _IOC(_IOC_READ|_IOC_WRITE, 0x46, 0x2a, 0x20), 0x7ffda5080c90) = 0
3113591 ioctl(8, _IOC(_IOC_READ|_IOC_WRITE, 0x46, 0x2a, 0x20), 0x7ffda5080c90) = 0
3113591 ioctl(8, _IOC(_IOC_READ|_IOC_WRITE, 0x46, 0x2a, 0x20), 0x7ffda5080c90) = 0
3113591 ioctl(8, _IOC(_IOC_READ|_IOC_WRITE, 0x46, 0x2a, 0x20), 0x7ffda5080c90) = 0
3113591 ioctl(8, _IOC(_IOC_READ|_IOC_WRITE, 0x46, 0x2a, 0x20), 0x7ffda5080c90) = 0
3113591 ioctl(8, _IOC(_IOC_READ|_IOC_WRITE, 0x46, 0x2a, 0x20), 0x7ffda5080c90) = 0
3113591 ioctl(8, _IOC(_IOC_READ|_IOC_WRITE, 0x46, 0x2a, 0x20), 0x7ffda5080c80) = 0
3113591 ioctl(8, _IOC(_IOC_READ|_IOC_WRITE, 0x46, 0x2a, 0x20), 0x7ffda5080c00) = 0
3113591 ioctl(8, _IOC(_IOC_READ|_IOC_WRITE, 0x46, 0x2a, 0x20), 0x7ffda507e6e0) = 0
3113591 ioctl(8, _IOC(_IOC_READ|_IOC_WRITE, 0x46, 0x2a, 0x20), 0x7ffda507f790) = 0
3113591 ioctl(8, _IOC(_IOC_READ|_IOC_WRITE, 0x46, 0x2a, 0x20), 0x7ffda5080d90) = 0
3113591 ioctl(8, _IOC(_IOC_READ|_IOC_WRITE, 0x46, 0x2a, 0x20), 0x7ffda5080be0) = 0
3113591 ioctl(8, _IOC(_IOC_READ|_IOC_WRITE, 0x46, 0x2b, 0x30), 0x7ffda5081e00) = 0
3113591 ioctl(8, _IOC(_IOC_READ|_IOC_WRITE, 0x46, 0x2a, 0x20), 0x7ffda5080bd0) = 0
3113591 openat(AT_FDCWD, "/dev/nvidia0", O_RDWR|O_CLOEXEC) = 15
3113591 ioctl(8, _IOC(_IOC_READ|_IOC_WRITE, 0x46, 0x4e, 0x38), 0x7ffda5081d90) = 0
3113591 close(15)                       = 0
3113591 ioctl(8, _IOC(_IOC_READ|_IOC_WRITE, 0x46, 0x2a, 0x20), 0x7ffda5080d30) = 0
3113591 ioctl(8, _IOC(_IOC_READ|_IOC_WRITE, 0x46, 0x2b, 0x30), 0x7ffda5081e80) = 0
3113591 ioctl(8, _IOC(_IOC_READ|_IOC_WRITE, 0x46, 0x2b, 0x30), 0x7ffda5081e80) = 0
3113591 ioctl(8, _IOC(_IOC_READ|_IOC_WRITE, 0x46, 0x2a, 0x20), 0x7ffda5080d60) = 0
3113591 ioctl(8, _IOC(_IOC_READ|_IOC_WRITE, 0x46, 0x2a, 0x20), 0x7ffda5080cc0) = 0
3113591 ioctl(8, _IOC(_IOC_READ|_IOC_WRITE, 0x46, 0x2a, 0x20), 0x7ffda5080cc0) = 0
3113591 ioctl(8, _IOC(_IOC_READ|_IOC_WRITE, 0x46, 0x2a, 0x20), 0x7ffda5080dc0) = 0
3113591 ioctl(8, _IOC(_IOC_READ|_IOC_WRITE, 0x46, 0x2a, 0x20), 0x7ffda5080c80) = 0
3113591 openat(AT_FDCWD, "/sys/bus/pci/devices/0000:3f:00.0/numa_node", O_RDONLY) = 15
3113591 close(15)                       = 0
3113591 ioctl(8, _IOC(_IOC_READ|_IOC_WRITE, 0x46, 0x2a, 0x20), 0x7ffda5080f60) = 0
3113591 ioctl(8, _IOC(_IOC_READ|_IOC_WRITE, 0x46, 0x29, 0x10), 0x7ffda5082000) = 0
3113591 ioctl(8, _IOC(_IOC_READ|_IOC_WRITE, 0x46, 0x2a, 0x20), 0x7ffda5080df0) = 0
3113591 ioctl(8, _IOC(_IOC_READ|_IOC_WRITE, 0x46, 0x2a, 0x20), 0x7ffda5080df0) = 0
3113591 ioctl(8, _IOC(_IOC_READ|_IOC_WRITE, 0x46, 0x2a, 0x20), 0x7ffda5080df0) = 0
3113591 openat(AT_FDCWD, "/proc/driver/nvidia/params", O_RDONLY) = 15
3113591 close(15)                       = 0
3113591 openat(AT_FDCWD, "/dev/nvidia1", O_RDWR|O_CLOEXEC) = 15
3113591 ioctl(15, _IOC(_IOC_READ|_IOC_WRITE, 0x46, 0xc9, 0x4), 0x7ffda5081f70) = 0
3113591 ioctl(15, _IOC(_IOC_READ|_IOC_WRITE, 0x46, 0xd7, 0x230), 0x7ffda5081cf0) = 0
3113591 ioctl(8, _IOC(_IOC_READ|_IOC_WRITE, 0x46, 0x2b, 0x30), 0x7ffda5082040) = 0
3113591 ioctl(8, _IOC(_IOC_READ|_IOC_WRITE, 0x46, 0x2a, 0x20), 0x7ffda5080f70) = 0
3113591 ioctl(8, _IOC(_IOC_READ|_IOC_WRITE, 0x46, 0x2a, 0x20), 0x7ffda5080dd0) = 0
3113591 ioctl(8, _IOC(_IOC_READ|_IOC_WRITE, 0x46, 0x2a, 0x20), 0x7ffda5080f70) = 0
3113591 ioctl(8, _IOC(_IOC_READ|_IOC_WRITE, 0x46, 0x2a, 0x20), 0x7ffda5080ee0) = 0
3113591 ioctl(8, _IOC(_IOC_READ|_IOC_WRITE, 0x46, 0x2a, 0x20), 0x7ffda5080de0) = 0
3113591 ioctl(8, _IOC(_IOC_READ|_IOC_WRITE, 0x46, 0x2a, 0x20), 0x7ffda5080de0) = 0
3113591 ioctl(8, _IOC(_IOC_READ|_IOC_WRITE, 0x46, 0x2a, 0x20), 0x7ffda5080de0) = 0
3113591 openat(AT_FDCWD, "/proc/driver/nvidia/params", O_RDONLY) = 16
3113591 close(16)                       = 0
3113591 openat(AT_FDCWD, "/dev/nvidia1", O_RDWR|O_CLOEXEC) = 16
3113591 ioctl(16, _IOC(_IOC_READ|_IOC_WRITE, 0x46, 0xc9, 0x4), 0x7ffda5081f60) = 0
3113591 ioctl(8, _IOC(_IOC_READ|_IOC_WRITE, 0x46, 0x2b, 0x30), 0x7ffda5082070) = 0
3113591 ioctl(8, _IOC(_IOC_READ|_IOC_WRITE, 0x46, 0x2b, 0x30), 0x7ffda5082090) = 0
3113591 ioctl(8, _IOC(_IOC_READ|_IOC_WRITE, 0x46, 0x2a, 0x20), 0x7ffda5080dc0) = 0
3113591 ioctl(8, _IOC(_IOC_READ|_IOC_WRITE, 0x46, 0x2a, 0x20), 0x7ffda50808c0) = 0
3113591 ioctl(8, _IOC(_IOC_READ|_IOC_WRITE, 0x46, 0x2a, 0x20), 0x7ffda5080e70) = 0
3113591 ioctl(8, _IOC(_IOC_READ|_IOC_WRITE, 0x46, 0x2a, 0x20), 0x7ffda50804e0) = 0
3113591 ioctl(8, _IOC(_IOC_READ|_IOC_WRITE, 0x46, 0x2a, 0x20), 0x7ffda507fcd0) = 0
3113591 ioctl(8, _IOC(_IOC_READ|_IOC_WRITE, 0x46, 0x2a, 0x20), 0x7ffda5080320) = 0
3113591 ioctl(8, _IOC(_IOC_READ|_IOC_WRITE, 0x46, 0x2a, 0x20), 0x7ffda5080b90) = 0
3113591 ioctl(8, _IOC(_IOC_READ|_IOC_WRITE, 0x46, 0x2a, 0x20), 0x7ffda5080d60) = 0
3113591 ioctl(8, _IOC(_IOC_READ|_IOC_WRITE, 0x46, 0x2a, 0x20), 0x7ffda5080a50) = 0
3113591 ioctl(8, _IOC(_IOC_READ|_IOC_WRITE, 0x46, 0x2a, 0x20), 0x7ffda5080a50) = 0
3113591 ioctl(8, _IOC(_IOC_READ|_IOC_WRITE, 0x46, 0x2a, 0x20), 0x7ffda5080a50) = 0
3113591 ioctl(8, _IOC(_IOC_READ|_IOC_WRITE, 0x46, 0x2a, 0x20), 0x7ffda5080a50) = 0
3113591 ioctl(8, _IOC(_IOC_READ|_IOC_WRITE, 0x46, 0x2a, 0x20), 0x7ffda5080a50) = 0
3113591 ioctl(8, _IOC(_IOC_READ|_IOC_WRITE, 0x46, 0x2a, 0x20), 0x7ffda50808a0) = 0
3113591 ioctl(8, _IOC(_IOC_READ|_IOC_WRITE, 0x46, 0x2a, 0x20), 0x7ffda5080bb0) = 0
3113591 ioctl(8, _IOC(_IOC_READ|_IOC_WRITE, 0x46, 0x2a, 0x20), 0x7ffda5080c50) = 0
3113591 ioctl(8, _IOC(_IOC_READ|_IOC_WRITE, 0x46, 0x2a, 0x20), 0x7ffda5080d60) = 0
3113591 ioctl(8, _IOC(_IOC_READ|_IOC_WRITE, 0x46, 0x2a, 0x20), 0x7ffda5080d60) = 0
3113591 ioctl(8, _IOC(_IOC_READ|_IOC_WRITE, 0x46, 0x2a, 0x20), 0x7ffda5080ab0) = 0
3113591 ioctl(8, _IOC(_IOC_READ|_IOC_WRITE, 0x46, 0x2a, 0x20), 0x7ffda5080c90) = 0
3113591 ioctl(8, _IOC(_IOC_READ|_IOC_WRITE, 0x46, 0x2a, 0x20), 0x7ffda5080c90) = 0
3113591 ioctl(8, _IOC(_IOC_READ|_IOC_WRITE, 0x46, 0x2a, 0x20), 0x7ffda5080c90) = 0
3113591 ioctl(8, _IOC(_IOC_READ|_IOC_WRITE, 0x46, 0x2a, 0x20), 0x7ffda5080c90) = 0
3113591 ioctl(8, _IOC(_IOC_READ|_IOC_WRITE, 0x46, 0x2a, 0x20), 0x7ffda5080c90) = 0
3113591 ioctl(8, _IOC(_IOC_READ|_IOC_WRITE, 0x46, 0x2a, 0x20), 0x7ffda5080c90) = 0
3113591 ioctl(8, _IOC(_IOC_READ|_IOC_WRITE, 0x46, 0x2a, 0x20), 0x7ffda5080c90) = 0
3113591 ioctl(8, _IOC(_IOC_READ|_IOC_WRITE, 0x46, 0x2a, 0x20), 0x7ffda5080c80) = 0
3113591 ioctl(8, _IOC(_IOC_READ|_IOC_WRITE, 0x46, 0x2a, 0x20), 0x7ffda5080c00) = 0
3113591 ioctl(8, _IOC(_IOC_READ|_IOC_WRITE, 0x46, 0x2a, 0x20), 0x7ffda507e6e0) = 0
3113591 ioctl(8, _IOC(_IOC_READ|_IOC_WRITE, 0x46, 0x2a, 0x20), 0x7ffda507f790) = 0
3113591 ioctl(8, _IOC(_IOC_READ|_IOC_WRITE, 0x46, 0x2a, 0x20), 0x7ffda5080d90) = 0
3113591 ioctl(8, _IOC(_IOC_READ|_IOC_WRITE, 0x46, 0x2a, 0x20), 0x7ffda5080be0) = 0
3113591 ioctl(8, _IOC(_IOC_READ|_IOC_WRITE, 0x46, 0x2b, 0x30), 0x7ffda5081e00) = 0
3113591 ioctl(8, _IOC(_IOC_READ|_IOC_WRITE, 0x46, 0x2a, 0x20), 0x7ffda5080bd0) = 0
3113591 openat(AT_FDCWD, "/dev/nvidia1", O_RDWR|O_CLOEXEC) = 17
3113591 ioctl(8, _IOC(_IOC_READ|_IOC_WRITE, 0x46, 0x4e, 0x38), 0x7ffda5081d90) = 0
3113591 close(17)                       = 0
3113591 ioctl(8, _IOC(_IOC_READ|_IOC_WRITE, 0x46, 0x2a, 0x20), 0x7ffda5080d30) = 0
3113591 ioctl(8, _IOC(_IOC_READ|_IOC_WRITE, 0x46, 0x2b, 0x30), 0x7ffda5081e80) = 0
3113591 ioctl(8, _IOC(_IOC_READ|_IOC_WRITE, 0x46, 0x2b, 0x30), 0x7ffda5081e80) = 0
3113591 ioctl(8, _IOC(_IOC_READ|_IOC_WRITE, 0x46, 0x2a, 0x20), 0x7ffda5080d60) = 0
3113591 ioctl(8, _IOC(_IOC_READ|_IOC_WRITE, 0x46, 0x2a, 0x20), 0x7ffda5080cc0) = 0
3113591 ioctl(8, _IOC(_IOC_READ|_IOC_WRITE, 0x46, 0x2a, 0x20), 0x7ffda5080cc0) = 0
3113591 ioctl(8, _IOC(_IOC_READ|_IOC_WRITE, 0x46, 0x2a, 0x20), 0x7ffda5080dc0) = 0
3113591 ioctl(8, _IOC(_IOC_READ|_IOC_WRITE, 0x46, 0x2a, 0x20), 0x7ffda5080c80) = 0
3113591 openat(AT_FDCWD, "/sys/bus/pci/devices/0000:40:00.0/numa_node", O_RDONLY) = 17
3113591 close(17)                       = 0
3113591 ioctl(8, _IOC(_IOC_READ|_IOC_WRITE, 0x46, 0x2a, 0x20), 0x7ffda5080f60) = 0
3113591 ioctl(8, _IOC(_IOC_READ|_IOC_WRITE, 0x46, 0x29, 0x10), 0x7ffda5082000) = 0
3113591 ioctl(8, _IOC(_IOC_READ|_IOC_WRITE, 0x46, 0x2a, 0x20), 0x7ffda5080df0) = 0
3113591 ioctl(8, _IOC(_IOC_READ|_IOC_WRITE, 0x46, 0x2a, 0x20), 0x7ffda5080df0) = 0
3113591 ioctl(8, _IOC(_IOC_READ|_IOC_WRITE, 0x46, 0x2a, 0x20), 0x7ffda5080df0) = 0
3113591 ioctl(8, _IOC(_IOC_READ|_IOC_WRITE, 0x46, 0x2a, 0x20), 0x7ffda5080df0) = 0
3113591 openat(AT_FDCWD, "/proc/driver/nvidia/params", O_RDONLY) = 17
3113591 close(17)                       = 0
3113591 openat(AT_FDCWD, "/dev/nvidia2", O_RDWR|O_CLOEXEC) = 17
3113591 ioctl(17, _IOC(_IOC_READ|_IOC_WRITE, 0x46, 0xc9, 0x4), 0x7ffda5081f70) = 0
3113591 ioctl(17, _IOC(_IOC_READ|_IOC_WRITE, 0x46, 0xd7, 0x230), 0x7ffda5081cf0) = 0
3113591 ioctl(8, _IOC(_IOC_READ|_IOC_WRITE, 0x46, 0x2b, 0x30), 0x7ffda5082040) = 0
3113591 ioctl(8, _IOC(_IOC_READ|_IOC_WRITE, 0x46, 0x2a, 0x20), 0x7ffda5080f70) = 0
3113591 ioctl(8, _IOC(_IOC_READ|_IOC_WRITE, 0x46, 0x2a, 0x20), 0x7ffda5080dd0) = 0
3113591 ioctl(8, _IOC(_IOC_READ|_IOC_WRITE, 0x46, 0x2a, 0x20), 0x7ffda5080f70) = 0
3113591 ioctl(8, _IOC(_IOC_READ|_IOC_WRITE, 0x46, 0x2a, 0x20), 0x7ffda5080ee0) = 0
3113591 ioctl(8, _IOC(_IOC_READ|_IOC_WRITE, 0x46, 0x2a, 0x20), 0x7ffda5080de0) = 0
3113591 ioctl(8, _IOC(_IOC_READ|_IOC_WRITE, 0x46, 0x2a, 0x20), 0x7ffda5080de0) = 0
3113591 ioctl(8, _IOC(_IOC_READ|_IOC_WRITE, 0x46, 0x2a, 0x20), 0x7ffda5080de0) = 0
3113591 ioctl(8, _IOC(_IOC_READ|_IOC_WRITE, 0x46, 0x2a, 0x20), 0x7ffda5080de0) = 0
3113591 openat(AT_FDCWD, "/proc/driver/nvidia/params", O_RDONLY) = 18
3113591 close(18)                       = 0
3113591 openat(AT_FDCWD, "/dev/nvidia2", O_RDWR|O_CLOEXEC) = 18
3113591 ioctl(18, _IOC(_IOC_READ|_IOC_WRITE, 0x46, 0xc9, 0x4), 0x7ffda5081f60) = 0
3113591 ioctl(8, _IOC(_IOC_READ|_IOC_WRITE, 0x46, 0x2b, 0x30), 0x7ffda5082070) = 0
3113591 ioctl(8, _IOC(_IOC_READ|_IOC_WRITE, 0x46, 0x2b, 0x30), 0x7ffda5082090) = 0
3113591 ioctl(8, _IOC(_IOC_READ|_IOC_WRITE, 0x46, 0x2a, 0x20), 0x7ffda5080dc0) = 0
3113591 ioctl(8, _IOC(_IOC_READ|_IOC_WRITE, 0x46, 0x2a, 0x20), 0x7ffda50808c0) = 0
3113591 ioctl(8, _IOC(_IOC_READ|_IOC_WRITE, 0x46, 0x2a, 0x20), 0x7ffda5080e70) = 0
3113591 ioctl(8, _IOC(_IOC_READ|_IOC_WRITE, 0x46, 0x2a, 0x20), 0x7ffda50804e0) = 0
3113591 ioctl(8, _IOC(_IOC_READ|_IOC_WRITE, 0x46, 0x2a, 0x20), 0x7ffda507fcd0) = 0
3113591 ioctl(8, _IOC(_IOC_READ|_IOC_WRITE, 0x46, 0x2a, 0x20), 0x7ffda5080320) = 0
3113591 ioctl(8, _IOC(_IOC_READ|_IOC_WRITE, 0x46, 0x2a, 0x20), 0x7ffda5080b90) = 0
3113591 ioctl(8, _IOC(_IOC_READ|_IOC_WRITE, 0x46, 0x2a, 0x20), 0x7ffda5080d60) = 0
3113591 ioctl(8, _IOC(_IOC_READ|_IOC_WRITE, 0x46, 0x2a, 0x20), 0x7ffda5080a50) = 0
3113591 ioctl(8, _IOC(_IOC_READ|_IOC_WRITE, 0x46, 0x2a, 0x20), 0x7ffda5080a50) = 0
3113591 ioctl(8, _IOC(_IOC_READ|_IOC_WRITE, 0x46, 0x2a, 0x20), 0x7ffda5080a50) = 0
3113591 ioctl(8, _IOC(_IOC_READ|_IOC_WRITE, 0x46, 0x2a, 0x20), 0x7ffda5080a50) = 0
3113591 ioctl(8, _IOC(_IOC_READ|_IOC_WRITE, 0x46, 0x2a, 0x20), 0x7ffda5080a50) = 0
3113591 ioctl(8, _IOC(_IOC_READ|_IOC_WRITE, 0x46, 0x2a, 0x20), 0x7ffda50808a0) = 0
3113591 ioctl(8, _IOC(_IOC_READ|_IOC_WRITE, 0x46, 0x2a, 0x20), 0x7ffda5080bb0) = 0
3113591 ioctl(8, _IOC(_IOC_READ|_IOC_WRITE, 0x46, 0x2a, 0x20), 0x7ffda5080c50) = 0
3113591 ioctl(8, _IOC(_IOC_READ|_IOC_WRITE, 0x46, 0x2a, 0x20), 0x7ffda5080d60) = 0
3113591 ioctl(8, _IOC(_IOC_READ|_IOC_WRITE, 0x46, 0x2a, 0x20), 0x7ffda5080d60) = 0
3113591 ioctl(8, _IOC(_IOC_READ|_IOC_WRITE, 0x46, 0x2a, 0x20), 0x7ffda5080ab0) = 0
3113591 ioctl(8, _IOC(_IOC_READ|_IOC_WRITE, 0x46, 0x2a, 0x20), 0x7ffda5080c90) = 0
3113591 ioctl(8, _IOC(_IOC_READ|_IOC_WRITE, 0x46, 0x2a, 0x20), 0x7ffda5080c90) = 0
3113591 ioctl(8, _IOC(_IOC_READ|_IOC_WRITE, 0x46, 0x2a, 0x20), 0x7ffda5080c90) = 0
3113591 ioctl(8, _IOC(_IOC_READ|_IOC_WRITE, 0x46, 0x2a, 0x20), 0x7ffda5080c90) = 0
3113591 ioctl(8, _IOC(_IOC_READ|_IOC_WRITE, 0x46, 0x2a, 0x20), 0x7ffda5080c90) = 0
3113591 ioctl(8, _IOC(_IOC_READ|_IOC_WRITE, 0x46, 0x2a, 0x20), 0x7ffda5080c90) = 0
3113591 ioctl(8, _IOC(_IOC_READ|_IOC_WRITE, 0x46, 0x2a, 0x20), 0x7ffda5080c90) = 0
3113591 ioctl(8, _IOC(_IOC_READ|_IOC_WRITE, 0x46, 0x2a, 0x20), 0x7ffda5080c80) = 0
3113591 ioctl(8, _IOC(_IOC_READ|_IOC_WRITE, 0x46, 0x2a, 0x20), 0x7ffda5080c00) = 0
3113591 ioctl(8, _IOC(_IOC_READ|_IOC_WRITE, 0x46, 0x2a, 0x20), 0x7ffda507e6e0) = 0
3113591 ioctl(8, _IOC(_IOC_READ|_IOC_WRITE, 0x46, 0x2a, 0x20), 0x7ffda507f790) = 0
3113591 ioctl(8, _IOC(_IOC_READ|_IOC_WRITE, 0x46, 0x2a, 0x20), 0x7ffda5080d90) = 0
3113591 ioctl(8, _IOC(_IOC_READ|_IOC_WRITE, 0x46, 0x2a, 0x20), 0x7ffda5080be0) = 0
3113591 ioctl(8, _IOC(_IOC_READ|_IOC_WRITE, 0x46, 0x2b, 0x30), 0x7ffda5081e00) = 0
3113591 ioctl(8, _IOC(_IOC_READ|_IOC_WRITE, 0x46, 0x2a, 0x20), 0x7ffda5080bd0) = 0
3113591 openat(AT_FDCWD, "/dev/nvidia2", O_RDWR|O_CLOEXEC) = 19
3113591 ioctl(8, _IOC(_IOC_READ|_IOC_WRITE, 0x46, 0x4e, 0x38), 0x7ffda5081d90) = 0
3113591 close(19)                       = 0
3113591 ioctl(8, _IOC(_IOC_READ|_IOC_WRITE, 0x46, 0x2a, 0x20), 0x7ffda5080d30) = 0
3113591 ioctl(8, _IOC(_IOC_READ|_IOC_WRITE, 0x46, 0x2b, 0x30), 0x7ffda5081e80) = 0
3113591 ioctl(8, _IOC(_IOC_READ|_IOC_WRITE, 0x46, 0x2b, 0x30), 0x7ffda5081e80) = 0
3113591 ioctl(8, _IOC(_IOC_READ|_IOC_WRITE, 0x46, 0x2a, 0x20), 0x7ffda5080d60) = 0
3113591 ioctl(8, _IOC(_IOC_READ|_IOC_WRITE, 0x46, 0x2a, 0x20), 0x7ffda5080cc0) = 0
3113591 ioctl(8, _IOC(_IOC_READ|_IOC_WRITE, 0x46, 0x2a, 0x20), 0x7ffda5080cc0) = 0
3113591 ioctl(8, _IOC(_IOC_READ|_IOC_WRITE, 0x46, 0x2a, 0x20), 0x7ffda5080dc0) = 0
3113591 ioctl(8, _IOC(_IOC_READ|_IOC_WRITE, 0x46, 0x2a, 0x20), 0x7ffda5080c80) = 0
3113591 openat(AT_FDCWD, "/sys/bus/pci/devices/0000:60:00.0/numa_node", O_RDONLY) = 19
3113591 close(19)                       = 0
3113591 ioctl(8, _IOC(_IOC_READ|_IOC_WRITE, 0x46, 0x2a, 0x20), 0x7ffda5080f70) = 0
3113591 ioctl(8, _IOC(_IOC_READ|_IOC_WRITE, 0x46, 0x2a, 0x20), 0x7ffda50820d0) = 0
3113591 ioctl(8, _IOC(_IOC_READ|_IOC_WRITE, 0x46, 0x2a, 0x20), 0x7ffda50820d0) = 0
3113591 ioctl(8, _IOC(_IOC_READ|_IOC_WRITE, 0x46, 0x2a, 0x20), 0x7ffda50820d0) = 0
3113591 ioctl(8, _IOC(_IOC_READ|_IOC_WRITE, 0x46, 0x2a, 0x20), 0x7ffda50820d0) = 0
3113591 ioctl(8, _IOC(_IOC_READ|_IOC_WRITE, 0x46, 0x2a, 0x20), 0x7ffda50820d0) = 0
3113591 ioctl(8, _IOC(_IOC_READ|_IOC_WRITE, 0x46, 0x2a, 0x20), 0x7ffda50820d0) = 0
3113591 ioctl(8, _IOC(_IOC_READ|_IOC_WRITE, 0x46, 0x2a, 0x20), 0x7ffda5081220) = 0
3113591 ioctl(8, _IOC(_IOC_READ|_IOC_WRITE, 0x46, 0x2a, 0x20), 0x7ffda5081220) = 0
3113591 ioctl(8, _IOC(_IOC_READ|_IOC_WRITE, 0x46, 0x2a, 0x20), 0x7ffda5081220) = 0
3113591 ioctl(8, _IOC(_IOC_READ|_IOC_WRITE, 0x46, 0x2a, 0x20), 0x7ffda5081220) = 0
3113591 ioctl(8, _IOC(_IOC_READ|_IOC_WRITE, 0x46, 0x2a, 0x20), 0x7ffda50802a0) = 0
3113591 ioctl(8, _IOC(_IOC_READ|_IOC_WRITE, 0x46, 0x2a, 0x20), 0x7ffda5081aa0) = 0
3113591 ioctl(8, _IOC(_IOC_READ|_IOC_WRITE, 0x46, 0x2a, 0x20), 0x7ffda50802a0) = 0
3113591 ioctl(8, _IOC(_IOC_READ|_IOC_WRITE, 0x46, 0x2a, 0x20), 0x7ffda5081aa0) = 0
3113591 ioctl(8, _IOC(_IOC_READ|_IOC_WRITE, 0x46, 0x2a, 0x20), 0x7ffda5081aa0) = 0
3113591 ioctl(8, _IOC(_IOC_READ|_IOC_WRITE, 0x46, 0x2a, 0x20), 0x7ffda50802a0) = 0
3113591 ioctl(9, _IOC(_IOC_NONE, 0, 0x25, 0), 0x7ffda5083970) = 0
3113591 ioctl(9, _IOC(_IOC_NONE, 0, 0x25, 0), 0x7ffda5083970) = 0
3113591 ioctl(9, _IOC(_IOC_NONE, 0, 0x25, 0), 0x7ffda5083970) = 0
3113591 ioctl(9, _IOC(_IOC_NONE, 0, 0x17, 0), 0x7ffda5083e40) = 0
3113591 ioctl(8, _IOC(_IOC_READ|_IOC_WRITE, 0x46, 0x2b, 0x30), 0x7ffda5083ba0) = 0
3113591 ioctl(8, _IOC(_IOC_READ|_IOC_WRITE, 0x46, 0x2b, 0x30), 0x7ffda5083ba0) = 0
3113591 ioctl(8, _IOC(_IOC_READ|_IOC_WRITE, 0x46, 0x2b, 0x30), 0x7ffda5083ba0) = 0
3113591 ioctl(8, _IOC(_IOC_READ|_IOC_WRITE, 0x46, 0x2a, 0x20), 0x7ffda5082410) = 0
3113591 ioctl(8, _IOC(_IOC_READ|_IOC_WRITE, 0x46, 0x2a, 0x20), 0x7ffda5082420) = 0
3113591 ioctl(8, _IOC(_IOC_READ|_IOC_WRITE, 0x46, 0x2a, 0x20), 0x7ffda5082450) = 0
3113591 ioctl(9, _IOC(_IOC_NONE, 0, 0x19, 0), 0x7ffda5083530) = 0
3113591 ioctl(8, _IOC(_IOC_READ|_IOC_WRITE, 0x46, 0x2b, 0x30), 0x7ffda5082800) = 0
3113591 ioctl(9, _IOC(_IOC_NONE, 0, 0x49, 0), 0x7ffda50824e0) = 0
3113591 ioctl(9, _IOC(_IOC_NONE, 0, 0x21, 0), 0x7ffda50800d0) = 0
3113591 ioctl(8, _IOC(_IOC_READ|_IOC_WRITE, 0x46, 0x2b, 0x30), 0x7ffda50826e0) = 0
3113591 ioctl(9, _IOC(_IOC_NONE, 0, 0x49, 0), 0x7ffda50823c0) = 0
3113591 ioctl(9, _IOC(_IOC_NONE, 0, 0x21, 0), 0x7ffda507ffb0) = 0
3113591 ioctl(8, _IOC(_IOC_READ|_IOC_WRITE, 0x46, 0x2b, 0x30), 0x7ffda50826e0) = 0
3113591 ioctl(9, _IOC(_IOC_NONE, 0, 0x49, 0), 0x7ffda50823c0) = 0
3113591 ioctl(9, _IOC(_IOC_NONE, 0, 0x21, 0), 0x7ffda507ffb0) = 0
3113591 ioctl(8, _IOC(_IOC_READ|_IOC_WRITE, 0x46, 0x2b, 0x30), 0x7ffda50828e0) = 0
3113591 ioctl(9, _IOC(_IOC_NONE, 0, 0x49, 0), 0x7ffda50825c0) = 0
3113591 ioctl(9, _IOC(_IOC_NONE, 0, 0x21, 0), 0x7ffda50801b0) = 0
3113591 ioctl(8, _IOC(_IOC_READ|_IOC_WRITE, 0x46, 0x2b, 0x30), 0x7ffda50831c0) = 0
3113591 ioctl(8, _IOC(_IOC_READ|_IOC_WRITE, 0x46, 0x2b, 0x30), 0x7ffda50831b0) = 0
3113591 ioctl(8, _IOC(_IOC_READ|_IOC_WRITE, 0x46, 0x2b, 0x30), 0x7ffda5082090) = 0
3113591 ioctl(8, _IOC(_IOC_READ|_IOC_WRITE, 0x46, 0x2a, 0x20), 0x7ffda5080f50) = 0
3113591 openat(AT_FDCWD, "/dev/nvidia0", O_RDWR|O_CLOEXEC) = 21
3113591 ioctl(8, _IOC(_IOC_READ|_IOC_WRITE, 0x46, 0x4e, 0x38), 0x7ffda5082110) = 0
3113591 ioctl(8, _IOC(_IOC_READ|_IOC_WRITE, 0x46, 0x5e, 0x28), 0x7ffda50820e0) = 0
3113591 close(21)                       = 0
3113591 ioctl(9, _IOC(_IOC_NONE, 0, 0x49, 0), 0x7ffda5081d70) = 0
3113591 ioctl(9, _IOC(_IOC_NONE, 0, 0x21, 0), 0x7ffda507f960) = 0
3113591 ioctl(8, _IOC(_IOC_READ|_IOC_WRITE, 0x46, 0x2b, 0x30), 0x7ffda5081eb0) = 0
3113591 ioctl(8, _IOC(_IOC_READ|_IOC_WRITE, 0x46, 0x2a, 0x20), 0x7ffda5080d70) = 0
3113591 openat(AT_FDCWD, "/dev/nvidiactl", O_RDWR|O_CLOEXEC) = 21
3113591 ioctl(8, _IOC(_IOC_READ|_IOC_WRITE, 0x46, 0x4e, 0x38), 0x7ffda5081f30) = 0
3113591 close(21)                       = 0
3113591 ioctl(9, _IOC(_IOC_NONE, 0, 0x49, 0), 0x7ffda5081b90) = 0
3113591 ioctl(9, _IOC(_IOC_NONE, 0, 0x21, 0), 0x7ffda507f780) = 0
3113591 ioctl(8, _IOC(_IOC_READ|_IOC_WRITE, 0x46, 0x2b, 0x30), 0x7ffda5082210) = 0
3113591 ioctl(8, _IOC(_IOC_READ|_IOC_WRITE, 0x46, 0x2a, 0x20), 0x7ffda50810d0) = 0
3113591 openat(AT_FDCWD, "/dev/nvidiactl", O_RDWR|O_CLOEXEC) = 21
3113591 ioctl(8, _IOC(_IOC_READ|_IOC_WRITE, 0x46, 0x4e, 0x38), 0x7ffda5082290) = 0
3113591 close(21)                       = 0
3113591 ioctl(8, _IOC(_IOC_READ|_IOC_WRITE, 0x46, 0x2b, 0x30), 0x7ffda5082bb0) = 0
3113591 ioctl(8, _IOC(_IOC_READ|_IOC_WRITE, 0x46, 0x2a, 0x20), 0x7ffda5081c20) = 0
3113591 ioctl(8, _IOC(_IOC_READ|_IOC_WRITE, 0x46, 0x2b, 0x30), 0x7ffda5082cc0) = 0
3113591 ioctl(8, _IOC(_IOC_READ|_IOC_WRITE, 0x46, 0x2a, 0x20), 0x7ffda5081be0) = 0
3113591 ioctl(8, _IOC(_IOC_READ|_IOC_WRITE, 0x46, 0x2b, 0x30), 0x7ffda5082cc0) = 0
3113591 ioctl(8, _IOC(_IOC_READ|_IOC_WRITE, 0x46, 0x2a, 0x20), 0x7ffda5081be0) = 0
3113591 ioctl(8, _IOC(_IOC_READ|_IOC_WRITE, 0x46, 0x2a, 0x20), 0x7ffda5081c30) = 0
3113591 ioctl(8, _IOC(_IOC_READ|_IOC_WRITE, 0x46, 0x2a, 0x20), 0x7ffda5081c30) = 0
3113591 ioctl(8, _IOC(_IOC_READ|_IOC_WRITE, 0x46, 0x2b, 0x30), 0x7ffda50825b0) = 0
3113591 ioctl(8, _IOC(_IOC_READ|_IOC_WRITE, 0x46, 0x2a, 0x20), 0x7ffda5081470) = 0
3113591 openat(AT_FDCWD, "/dev/nvidiactl", O_RDWR|O_CLOEXEC) = 21
3113591 ioctl(8, _IOC(_IOC_READ|_IOC_WRITE, 0x46, 0x4e, 0x38), 0x7ffda5082630) = 0
3113591 close(21)                       = 0
3113591 ioctl(9, _IOC(_IOC_NONE, 0, 0x49, 0), 0x7ffda5082290) = 0
3113591 ioctl(9, _IOC(_IOC_NONE, 0, 0x21, 0), 0x7ffda507fe80) = 0
3113591 ioctl(8, _IOC(_IOC_READ|_IOC_WRITE, 0x46, 0x2b, 0x30), 0x7ffda5082210) = 0
3113591 ioctl(8, _IOC(_IOC_READ|_IOC_WRITE, 0x46, 0x2a, 0x20), 0x7ffda50810d0) = 0
3113591 openat(AT_FDCWD, "/dev/nvidiactl", O_RDWR|O_CLOEXEC) = 21
3113591 ioctl(8, _IOC(_IOC_READ|_IOC_WRITE, 0x46, 0x4e, 0x38), 0x7ffda5082290) = 0
3113591 close(21)                       = 0
3113591 ioctl(8, _IOC(_IOC_READ|_IOC_WRITE, 0x46, 0x2b, 0x30), 0x7ffda5082bb0) = 0
3113591 ioctl(8, _IOC(_IOC_READ|_IOC_WRITE, 0x46, 0x2a, 0x20), 0x7ffda5081c20) = 0
3113591 ioctl(8, _IOC(_IOC_READ|_IOC_WRITE, 0x46, 0x2b, 0x30), 0x7ffda5082cc0) = 0
3113591 ioctl(8, _IOC(_IOC_READ|_IOC_WRITE, 0x46, 0x2a, 0x20), 0x7ffda5081be0) = 0
3113591 ioctl(8, _IOC(_IOC_READ|_IOC_WRITE, 0x46, 0x2b, 0x30), 0x7ffda5082cc0) = 0
3113591 ioctl(8, _IOC(_IOC_READ|_IOC_WRITE, 0x46, 0x2a, 0x20), 0x7ffda5081be0) = 0
3113591 ioctl(8, _IOC(_IOC_READ|_IOC_WRITE, 0x46, 0x2a, 0x20), 0x7ffda5081c30) = 0
3113591 ioctl(8, _IOC(_IOC_READ|_IOC_WRITE, 0x46, 0x2a, 0x20), 0x7ffda5081c30) = 0
3113591 ioctl(8, _IOC(_IOC_READ|_IOC_WRITE, 0x46, 0x2b, 0x30), 0x7ffda5082210) = 0
3113591 ioctl(8, _IOC(_IOC_READ|_IOC_WRITE, 0x46, 0x2a, 0x20), 0x7ffda50810d0) = 0
3113591 openat(AT_FDCWD, "/dev/nvidiactl", O_RDWR|O_CLOEXEC) = 21
3113591 ioctl(8, _IOC(_IOC_READ|_IOC_WRITE, 0x46, 0x4e, 0x38), 0x7ffda5082290) = 0
3113591 close(21)                       = 0
3113591 ioctl(8, _IOC(_IOC_READ|_IOC_WRITE, 0x46, 0x2b, 0x30), 0x7ffda5082bb0) = 0
3113591 ioctl(8, _IOC(_IOC_READ|_IOC_WRITE, 0x46, 0x2a, 0x20), 0x7ffda5081c20) = 0
3113591 ioctl(8, _IOC(_IOC_READ|_IOC_WRITE, 0x46, 0x2b, 0x30), 0x7ffda5082cc0) = 0
3113591 ioctl(8, _IOC(_IOC_READ|_IOC_WRITE, 0x46, 0x2a, 0x20), 0x7ffda5081be0) = 0
3113591 ioctl(8, _IOC(_IOC_READ|_IOC_WRITE, 0x46, 0x2b, 0x30), 0x7ffda5082cc0) = 0
3113591 ioctl(8, _IOC(_IOC_READ|_IOC_WRITE, 0x46, 0x2a, 0x20), 0x7ffda5081be0) = 0
3113591 ioctl(8, _IOC(_IOC_READ|_IOC_WRITE, 0x46, 0x2a, 0x20), 0x7ffda5081c30) = 0
3113591 ioctl(8, _IOC(_IOC_READ|_IOC_WRITE, 0x46, 0x2a, 0x20), 0x7ffda5081c30) = 0
3113591 ioctl(8, _IOC(_IOC_READ|_IOC_WRITE, 0x46, 0x2b, 0x30), 0x7ffda5082210) = 0
3113591 ioctl(8, _IOC(_IOC_READ|_IOC_WRITE, 0x46, 0x2a, 0x20), 0x7ffda50810d0) = 0
3113591 openat(AT_FDCWD, "/dev/nvidiactl", O_RDWR|O_CLOEXEC) = 21
3113591 ioctl(8, _IOC(_IOC_READ|_IOC_WRITE, 0x46, 0x4e, 0x38), 0x7ffda5082290) = 0
3113591 close(21)                       = 0
3113591 ioctl(8, _IOC(_IOC_READ|_IOC_WRITE, 0x46, 0x2b, 0x30), 0x7ffda5082bb0) = 0
3113591 ioctl(8, _IOC(_IOC_READ|_IOC_WRITE, 0x46, 0x2a, 0x20), 0x7ffda5081c20) = 0
3113591 ioctl(8, _IOC(_IOC_READ|_IOC_WRITE, 0x46, 0x2b, 0x30), 0x7ffda5082cc0) = 0
3113591 ioctl(8, _IOC(_IOC_READ|_IOC_WRITE, 0x46, 0x2a, 0x20), 0x7ffda5081be0) = 0
3113591 ioctl(8, _IOC(_IOC_READ|_IOC_WRITE, 0x46, 0x2b, 0x30), 0x7ffda5082cc0) = 0
3113591 ioctl(8, _IOC(_IOC_READ|_IOC_WRITE, 0x46, 0x2a, 0x20), 0x7ffda5081be0) = 0
3113591 ioctl(8, _IOC(_IOC_READ|_IOC_WRITE, 0x46, 0x2a, 0x20), 0x7ffda5081c30) = 0
3113591 ioctl(8, _IOC(_IOC_READ|_IOC_WRITE, 0x46, 0x2a, 0x20), 0x7ffda5081c30) = 0
3113591 ioctl(8, _IOC(_IOC_READ|_IOC_WRITE, 0x46, 0x2b, 0x30), 0x7ffda5082210) = 0
3113591 ioctl(8, _IOC(_IOC_READ|_IOC_WRITE, 0x46, 0x2a, 0x20), 0x7ffda50810d0) = 0
3113591 openat(AT_FDCWD, "/dev/nvidiactl", O_RDWR|O_CLOEXEC) = 21
3113591 ioctl(8, _IOC(_IOC_READ|_IOC_WRITE, 0x46, 0x4e, 0x38), 0x7ffda5082290) = 0
3113591 close(21)                       = 0
3113591 ioctl(8, _IOC(_IOC_READ|_IOC_WRITE, 0x46, 0x2b, 0x30), 0x7ffda5082bb0) = 0
3113591 ioctl(8, _IOC(_IOC_READ|_IOC_WRITE, 0x46, 0x2a, 0x20), 0x7ffda5081c20) = 0
3113591 ioctl(8, _IOC(_IOC_READ|_IOC_WRITE, 0x46, 0x2b, 0x30), 0x7ffda5082cc0) = 0
3113591 ioctl(8, _IOC(_IOC_READ|_IOC_WRITE, 0x46, 0x2a, 0x20), 0x7ffda5081be0) = 0
3113591 ioctl(8, _IOC(_IOC_READ|_IOC_WRITE, 0x46, 0x2b, 0x30), 0x7ffda5082cc0) = 0
3113591 ioctl(8, _IOC(_IOC_READ|_IOC_WRITE, 0x46, 0x2a, 0x20), 0x7ffda5081be0) = 0
3113591 ioctl(8, _IOC(_IOC_READ|_IOC_WRITE, 0x46, 0x2a, 0x20), 0x7ffda5081c30) = 0
3113591 ioctl(8, _IOC(_IOC_READ|_IOC_WRITE, 0x46, 0x2a, 0x20), 0x7ffda5081c30) = 0
3113591 ioctl(8, _IOC(_IOC_READ|_IOC_WRITE, 0x46, 0x2b, 0x30), 0x7ffda5082210) = 0
3113591 ioctl(8, _IOC(_IOC_READ|_IOC_WRITE, 0x46, 0x2a, 0x20), 0x7ffda50810d0) = 0
3113591 openat(AT_FDCWD, "/dev/nvidiactl", O_RDWR|O_CLOEXEC) = 21
3113591 ioctl(8, _IOC(_IOC_READ|_IOC_WRITE, 0x46, 0x4e, 0x38), 0x7ffda5082290) = 0
3113591 close(21)                       = 0
3113591 ioctl(8, _IOC(_IOC_READ|_IOC_WRITE, 0x46, 0x2b, 0x30), 0x7ffda5082bb0) = 0
3113591 ioctl(8, _IOC(_IOC_READ|_IOC_WRITE, 0x46, 0x2a, 0x20), 0x7ffda5081c20) = 0
3113591 ioctl(8, _IOC(_IOC_READ|_IOC_WRITE, 0x46, 0x2b, 0x30), 0x7ffda5082cc0) = 0
3113591 ioctl(8, _IOC(_IOC_READ|_IOC_WRITE, 0x46, 0x2a, 0x20), 0x7ffda5081be0) = 0
3113591 ioctl(8, _IOC(_IOC_READ|_IOC_WRITE, 0x46, 0x2b, 0x30), 0x7ffda5082cc0) = 0
3113591 ioctl(8, _IOC(_IOC_READ|_IOC_WRITE, 0x46, 0x2a, 0x20), 0x7ffda5081be0) = 0
3113591 ioctl(8, _IOC(_IOC_READ|_IOC_WRITE, 0x46, 0x2a, 0x20), 0x7ffda5081c30) = 0
3113591 ioctl(8, _IOC(_IOC_READ|_IOC_WRITE, 0x46, 0x2a, 0x20), 0x7ffda5081c30) = 0
3113591 ioctl(8, _IOC(_IOC_READ|_IOC_WRITE, 0x46, 0x2b, 0x30), 0x7ffda5082210) = 0
3113591 ioctl(8, _IOC(_IOC_READ|_IOC_WRITE, 0x46, 0x2a, 0x20), 0x7ffda50810d0) = 0
3113591 openat(AT_FDCWD, "/dev/nvidiactl", O_RDWR|O_CLOEXEC) = 21
3113591 ioctl(8, _IOC(_IOC_READ|_IOC_WRITE, 0x46, 0x4e, 0x38), 0x7ffda5082290) = 0
3113591 close(21)                       = 0
3113591 ioctl(8, _IOC(_IOC_READ|_IOC_WRITE, 0x46, 0x2b, 0x30), 0x7ffda5082bb0) = 0
3113591 ioctl(8, _IOC(_IOC_READ|_IOC_WRITE, 0x46, 0x2a, 0x20), 0x7ffda5081c20) = 0
3113591 ioctl(8, _IOC(_IOC_READ|_IOC_WRITE, 0x46, 0x2b, 0x30), 0x7ffda5082cc0) = 0
3113591 ioctl(8, _IOC(_IOC_READ|_IOC_WRITE, 0x46, 0x2a, 0x20), 0x7ffda5081be0) = 0
3113591 ioctl(8, _IOC(_IOC_READ|_IOC_WRITE, 0x46, 0x2b, 0x30), 0x7ffda5082cc0) = 0
3113591 ioctl(8, _IOC(_IOC_READ|_IOC_WRITE, 0x46, 0x2a, 0x20), 0x7ffda5081be0) = 0
3113591 ioctl(8, _IOC(_IOC_READ|_IOC_WRITE, 0x46, 0x2a, 0x20), 0x7ffda5081c30) = 0
3113591 ioctl(8, _IOC(_IOC_READ|_IOC_WRITE, 0x46, 0x2a, 0x20), 0x7ffda5081c30) = 0
3113591 ioctl(8, _IOC(_IOC_READ|_IOC_WRITE, 0x46, 0x2b, 0x30), 0x7ffda5082210) = 0
3113591 ioctl(8, _IOC(_IOC_READ|_IOC_WRITE, 0x46, 0x2a, 0x20), 0x7ffda50810d0) = 0
3113591 openat(AT_FDCWD, "/dev/nvidiactl", O_RDWR|O_CLOEXEC) = 21
3113591 ioctl(8, _IOC(_IOC_READ|_IOC_WRITE, 0x46, 0x4e, 0x38), 0x7ffda5082290) = 0
3113591 close(21)                       = 0
3113591 ioctl(8, _IOC(_IOC_READ|_IOC_WRITE, 0x46, 0x2b, 0x30), 0x7ffda5082bb0) = 0
3113591 ioctl(8, _IOC(_IOC_READ|_IOC_WRITE, 0x46, 0x2a, 0x20), 0x7ffda5081c20) = 0
3113591 ioctl(8, _IOC(_IOC_READ|_IOC_WRITE, 0x46, 0x2b, 0x30), 0x7ffda5082cc0) = 0
3113591 ioctl(8, _IOC(_IOC_READ|_IOC_WRITE, 0x46, 0x2a, 0x20), 0x7ffda5081be0) = 0
3113591 ioctl(8, _IOC(_IOC_READ|_IOC_WRITE, 0x46, 0x2b, 0x30), 0x7ffda5082cc0) = 0
3113591 ioctl(8, _IOC(_IOC_READ|_IOC_WRITE, 0x46, 0x2a, 0x20), 0x7ffda5081be0) = 0
3113591 ioctl(8, _IOC(_IOC_READ|_IOC_WRITE, 0x46, 0x2a, 0x20), 0x7ffda5081c30) = 0
3113591 ioctl(8, _IOC(_IOC_READ|_IOC_WRITE, 0x46, 0x2a, 0x20), 0x7ffda5081c30) = 0
3113591 ioctl(9, _IOC(_IOC_NONE, 0, 0x1b, 0), 0x7ffda5083370) = 0
3113591 ioctl(9, _IOC(_IOC_NONE, 0, 0x1b, 0), 0x7ffda5083370) = 0
3113591 ioctl(9, _IOC(_IOC_NONE, 0, 0x1b, 0), 0x7ffda5083370) = 0
3113591 ioctl(9, _IOC(_IOC_NONE, 0, 0x1b, 0), 0x7ffda5083370) = 0
3113591 ioctl(9, _IOC(_IOC_NONE, 0, 0x1b, 0), 0x7ffda5083370) = 0
3113591 ioctl(9, _IOC(_IOC_NONE, 0, 0x1b, 0), 0x7ffda5083370) = 0
3113591 ioctl(9, _IOC(_IOC_NONE, 0, 0x1b, 0), 0x7ffda5083370) = 0
3113591 ioctl(9, _IOC(_IOC_NONE, 0, 0x1b, 0), 0x7ffda5083370) = 0
3113591 ioctl(8, _IOC(_IOC_READ|_IOC_WRITE, 0x46, 0x2a, 0x20), 0x7ffda5082280) = 0
3113591 openat(AT_FDCWD, "/dev/nvidia0", O_RDWR|O_CLOEXEC) = 21
3113591 ioctl(21, _IOC(_IOC_READ|_IOC_WRITE, 0x46, 0xc9, 0x4), 0x7ffda5083270) = 0
3113591 ioctl(21, _IOC(_IOC_READ|_IOC_WRITE, 0x46, 0xce, 0x10), 0x7ffda5083260) = 0
3113591 ioctl(21, _IOC(_IOC_READ|_IOC_WRITE, 0x46, 0x2b, 0x30), 0x7ffda5083250) = 0
3113591 ioctl(8, _IOC(_IOC_READ|_IOC_WRITE, 0x46, 0x2b, 0x30), 0x7ffda50831c0) = 0
3113591 ioctl(8, _IOC(_IOC_READ|_IOC_WRITE, 0x46, 0x2b, 0x30), 0x7ffda5082210) = 0
3113591 ioctl(8, _IOC(_IOC_READ|_IOC_WRITE, 0x46, 0x2a, 0x20), 0x7ffda50810d0) = 0
3113591 openat(AT_FDCWD, "/dev/nvidiactl", O_RDWR|O_CLOEXEC) = 23
3113591 ioctl(8, _IOC(_IOC_READ|_IOC_WRITE, 0x46, 0x4e, 0x38), 0x7ffda5082290) = 0
3113591 close(23)                       = 0
3113591 ioctl(8, _IOC(_IOC_READ|_IOC_WRITE, 0x46, 0x2b, 0x30), 0x7ffda5082bb0) = 0
3113591 ioctl(8, _IOC(_IOC_READ|_IOC_WRITE, 0x46, 0x2a, 0x20), 0x7ffda5081c20) = 0
3113591 ioctl(8, _IOC(_IOC_READ|_IOC_WRITE, 0x46, 0x2b, 0x30), 0x7ffda5082cc0) = 0
3113591 ioctl(8, _IOC(_IOC_READ|_IOC_WRITE, 0x46, 0x2a, 0x20), 0x7ffda5081be0) = 0
3113591 ioctl(8, _IOC(_IOC_READ|_IOC_WRITE, 0x46, 0x2a, 0x20), 0x7ffda5081c30) = 0
3113591 ioctl(8, _IOC(_IOC_READ|_IOC_WRITE, 0x46, 0x2b, 0x30), 0x7ffda5082210) = 0
3113591 ioctl(8, _IOC(_IOC_READ|_IOC_WRITE, 0x46, 0x2a, 0x20), 0x7ffda50810d0) = 0
3113591 openat(AT_FDCWD, "/dev/nvidiactl", O_RDWR|O_CLOEXEC) = 23
3113591 ioctl(8, _IOC(_IOC_READ|_IOC_WRITE, 0x46, 0x4e, 0x38), 0x7ffda5082290) = 0
3113591 close(23)                       = 0
3113591 ioctl(8, _IOC(_IOC_READ|_IOC_WRITE, 0x46, 0x2b, 0x30), 0x7ffda5082bb0) = 0
3113591 ioctl(8, _IOC(_IOC_READ|_IOC_WRITE, 0x46, 0x2a, 0x20), 0x7ffda5081c20) = 0
3113591 ioctl(8, _IOC(_IOC_READ|_IOC_WRITE, 0x46, 0x2b, 0x30), 0x7ffda5082cc0) = 0
3113591 ioctl(8, _IOC(_IOC_READ|_IOC_WRITE, 0x46, 0x2a, 0x20), 0x7ffda5081be0) = 0
3113591 ioctl(8, _IOC(_IOC_READ|_IOC_WRITE, 0x46, 0x2a, 0x20), 0x7ffda5081c30) = 0
3113591 ioctl(8, _IOC(_IOC_READ|_IOC_WRITE, 0x46, 0x2b, 0x30), 0x7ffda5082210) = 0
3113591 ioctl(8, _IOC(_IOC_READ|_IOC_WRITE, 0x46, 0x2a, 0x20), 0x7ffda50810d0) = 0
3113591 openat(AT_FDCWD, "/dev/nvidiactl", O_RDWR|O_CLOEXEC) = 23
3113591 ioctl(8, _IOC(_IOC_READ|_IOC_WRITE, 0x46, 0x4e, 0x38), 0x7ffda5082290) = 0
3113591 close(23)                       = 0
3113591 ioctl(8, _IOC(_IOC_READ|_IOC_WRITE, 0x46, 0x2b, 0x30), 0x7ffda5082bb0) = 0
3113591 ioctl(8, _IOC(_IOC_READ|_IOC_WRITE, 0x46, 0x2a, 0x20), 0x7ffda5081c20) = 0
3113591 ioctl(8, _IOC(_IOC_READ|_IOC_WRITE, 0x46, 0x2b, 0x30), 0x7ffda5082cc0) = 0
3113591 ioctl(8, _IOC(_IOC_READ|_IOC_WRITE, 0x46, 0x2a, 0x20), 0x7ffda5081be0) = 0
3113591 ioctl(8, _IOC(_IOC_READ|_IOC_WRITE, 0x46, 0x2a, 0x20), 0x7ffda5081c30) = 0
3113591 ioctl(8, _IOC(_IOC_READ|_IOC_WRITE, 0x46, 0x2b, 0x30), 0x7ffda5082210) = 0
3113591 ioctl(8, _IOC(_IOC_READ|_IOC_WRITE, 0x46, 0x2a, 0x20), 0x7ffda50810d0) = 0
3113591 openat(AT_FDCWD, "/dev/nvidiactl", O_RDWR|O_CLOEXEC) = 23
3113591 ioctl(8, _IOC(_IOC_READ|_IOC_WRITE, 0x46, 0x4e, 0x38), 0x7ffda5082290) = 0
3113591 close(23)                       = 0
3113591 ioctl(8, _IOC(_IOC_READ|_IOC_WRITE, 0x46, 0x2b, 0x30), 0x7ffda5082bb0) = 0
3113591 ioctl(8, _IOC(_IOC_READ|_IOC_WRITE, 0x46, 0x2a, 0x20), 0x7ffda5081c20) = 0
3113591 ioctl(8, _IOC(_IOC_READ|_IOC_WRITE, 0x46, 0x2b, 0x30), 0x7ffda5082cc0) = 0
3113591 ioctl(8, _IOC(_IOC_READ|_IOC_WRITE, 0x46, 0x2a, 0x20), 0x7ffda5081be0) = 0
3113591 ioctl(8, _IOC(_IOC_READ|_IOC_WRITE, 0x46, 0x2a, 0x20), 0x7ffda5081c30) = 0
3113591 ioctl(9, _IOC(_IOC_NONE, 0, 0x1b, 0), 0x7ffda5083370) = 0
3113591 ioctl(9, _IOC(_IOC_NONE, 0, 0x1b, 0), 0x7ffda5083370) = 0
3113591 ioctl(9, _IOC(_IOC_NONE, 0, 0x1b, 0), 0x7ffda5083370) = 0
3113591 ioctl(9, _IOC(_IOC_NONE, 0, 0x1b, 0), 0x7ffda5083370) = 0
3113591 ioctl(8, _IOC(_IOC_READ|_IOC_WRITE, 0x46, 0x2a, 0x20), 0x7ffda5082280) = 0
3113591 openat(AT_FDCWD, "/dev/nvidia0", O_RDWR|O_CLOEXEC) = 23
3113591 ioctl(23, _IOC(_IOC_READ|_IOC_WRITE, 0x46, 0xc9, 0x4), 0x7ffda5083270) = 0
3113591 ioctl(23, _IOC(_IOC_READ|_IOC_WRITE, 0x46, 0xce, 0x10), 0x7ffda5083260) = 0
3113591 ioctl(23, _IOC(_IOC_READ|_IOC_WRITE, 0x46, 0x2b, 0x30), 0x7ffda5083250) = 0
3113591 ioctl(8, _IOC(_IOC_READ|_IOC_WRITE, 0x46, 0x2b, 0x30), 0x7ffda50831c0) = 0
3113591 ioctl(8, _IOC(_IOC_READ|_IOC_WRITE, 0x46, 0x2b, 0x30), 0x7ffda5082210) = 0
3113591 ioctl(8, _IOC(_IOC_READ|_IOC_WRITE, 0x46, 0x2a, 0x20), 0x7ffda50810d0) = 0
3113591 openat(AT_FDCWD, "/dev/nvidiactl", O_RDWR|O_CLOEXEC) = 25
3113591 ioctl(8, _IOC(_IOC_READ|_IOC_WRITE, 0x46, 0x4e, 0x38), 0x7ffda5082290) = 0
3113591 close(25)                       = 0
3113591 ioctl(8, _IOC(_IOC_READ|_IOC_WRITE, 0x46, 0x2b, 0x30), 0x7ffda5082bb0) = 0
3113591 ioctl(8, _IOC(_IOC_READ|_IOC_WRITE, 0x46, 0x2a, 0x20), 0x7ffda5081c20) = 0
3113591 ioctl(8, _IOC(_IOC_READ|_IOC_WRITE, 0x46, 0x2b, 0x30), 0x7ffda5082cc0) = 0
3113591 ioctl(8, _IOC(_IOC_READ|_IOC_WRITE, 0x46, 0x2a, 0x20), 0x7ffda5081be0) = 0
3113591 ioctl(8, _IOC(_IOC_READ|_IOC_WRITE, 0x46, 0x2a, 0x20), 0x7ffda5081c30) = 0
3113591 ioctl(8, _IOC(_IOC_READ|_IOC_WRITE, 0x46, 0x2b, 0x30), 0x7ffda5082210) = 0
3113591 ioctl(8, _IOC(_IOC_READ|_IOC_WRITE, 0x46, 0x2a, 0x20), 0x7ffda50810d0) = 0
3113591 openat(AT_FDCWD, "/dev/nvidiactl", O_RDWR|O_CLOEXEC) = 25
3113591 ioctl(8, _IOC(_IOC_READ|_IOC_WRITE, 0x46, 0x4e, 0x38), 0x7ffda5082290) = 0
3113591 close(25)                       = 0
3113591 ioctl(8, _IOC(_IOC_READ|_IOC_WRITE, 0x46, 0x2b, 0x30), 0x7ffda5082bb0) = 0
3113591 ioctl(8, _IOC(_IOC_READ|_IOC_WRITE, 0x46, 0x2a, 0x20), 0x7ffda5081c20) = 0
3113591 ioctl(8, _IOC(_IOC_READ|_IOC_WRITE, 0x46, 0x2b, 0x30), 0x7ffda5082cc0) = 0
3113591 ioctl(8, _IOC(_IOC_READ|_IOC_WRITE, 0x46, 0x2a, 0x20), 0x7ffda5081be0) = 0
3113591 ioctl(8, _IOC(_IOC_READ|_IOC_WRITE, 0x46, 0x2a, 0x20), 0x7ffda5081c30) = 0
3113591 ioctl(8, _IOC(_IOC_READ|_IOC_WRITE, 0x46, 0x2b, 0x30), 0x7ffda5082210) = 0
3113591 ioctl(8, _IOC(_IOC_READ|_IOC_WRITE, 0x46, 0x2a, 0x20), 0x7ffda50810d0) = 0
3113591 openat(AT_FDCWD, "/dev/nvidiactl", O_RDWR|O_CLOEXEC) = 25
3113591 ioctl(8, _IOC(_IOC_READ|_IOC_WRITE, 0x46, 0x4e, 0x38), 0x7ffda5082290) = 0
3113591 close(25)                       = 0
3113591 ioctl(8, _IOC(_IOC_READ|_IOC_WRITE, 0x46, 0x2b, 0x30), 0x7ffda5082bb0) = 0
3113591 ioctl(8, _IOC(_IOC_READ|_IOC_WRITE, 0x46, 0x2a, 0x20), 0x7ffda5081c20) = 0
3113591 ioctl(8, _IOC(_IOC_READ|_IOC_WRITE, 0x46, 0x2b, 0x30), 0x7ffda5082cc0) = 0
3113591 ioctl(8, _IOC(_IOC_READ|_IOC_WRITE, 0x46, 0x2a, 0x20), 0x7ffda5081be0) = 0
3113591 ioctl(8, _IOC(_IOC_READ|_IOC_WRITE, 0x46, 0x2a, 0x20), 0x7ffda5081c30) = 0
3113591 ioctl(8, _IOC(_IOC_READ|_IOC_WRITE, 0x46, 0x2b, 0x30), 0x7ffda5082210) = 0
3113591 ioctl(8, _IOC(_IOC_READ|_IOC_WRITE, 0x46, 0x2a, 0x20), 0x7ffda50810d0) = 0
3113591 openat(AT_FDCWD, "/dev/nvidiactl", O_RDWR|O_CLOEXEC) = 25
3113591 ioctl(8, _IOC(_IOC_READ|_IOC_WRITE, 0x46, 0x4e, 0x38), 0x7ffda5082290) = 0
3113591 close(25)                       = 0
3113591 ioctl(8, _IOC(_IOC_READ|_IOC_WRITE, 0x46, 0x2b, 0x30), 0x7ffda5082bb0) = 0
3113591 ioctl(8, _IOC(_IOC_READ|_IOC_WRITE, 0x46, 0x2a, 0x20), 0x7ffda5081c20) = 0
3113591 ioctl(8, _IOC(_IOC_READ|_IOC_WRITE, 0x46, 0x2b, 0x30), 0x7ffda5082cc0) = 0
3113591 ioctl(8, _IOC(_IOC_READ|_IOC_WRITE, 0x46, 0x2a, 0x20), 0x7ffda5081be0) = 0
3113591 ioctl(8, _IOC(_IOC_READ|_IOC_WRITE, 0x46, 0x2a, 0x20), 0x7ffda5081c30) = 0
3113591 ioctl(9, _IOC(_IOC_NONE, 0, 0x1b, 0), 0x7ffda5083370) = 0
3113591 ioctl(9, _IOC(_IOC_NONE, 0, 0x1b, 0), 0x7ffda5083370) = 0
3113591 ioctl(9, _IOC(_IOC_NONE, 0, 0x1b, 0), 0x7ffda5083370) = 0
3113591 ioctl(9, _IOC(_IOC_NONE, 0, 0x1b, 0), 0x7ffda5083370) = 0
3113591 ioctl(8, _IOC(_IOC_READ|_IOC_WRITE, 0x46, 0x2a, 0x20), 0x7ffda5082280) = 0
3113591 openat(AT_FDCWD, "/dev/nvidia0", O_RDWR|O_CLOEXEC) = 25
3113591 ioctl(25, _IOC(_IOC_READ|_IOC_WRITE, 0x46, 0xc9, 0x4), 0x7ffda5083270) = 0
3113591 ioctl(25, _IOC(_IOC_READ|_IOC_WRITE, 0x46, 0xce, 0x10), 0x7ffda5083260) = 0
3113591 ioctl(25, _IOC(_IOC_READ|_IOC_WRITE, 0x46, 0x2b, 0x30), 0x7ffda5083250) = 0
3113591 ioctl(8, _IOC(_IOC_READ|_IOC_WRITE, 0x46, 0x2b, 0x30), 0x7ffda50831c0) = 0
3113591 ioctl(8, _IOC(_IOC_READ|_IOC_WRITE, 0x46, 0x2b, 0x30), 0x7ffda5082210) = 0
3113591 ioctl(8, _IOC(_IOC_READ|_IOC_WRITE, 0x46, 0x2a, 0x20), 0x7ffda50810d0) = 0
3113591 openat(AT_FDCWD, "/dev/nvidiactl", O_RDWR|O_CLOEXEC) = 27
3113591 ioctl(8, _IOC(_IOC_READ|_IOC_WRITE, 0x46, 0x4e, 0x38), 0x7ffda5082290) = 0
3113591 close(27)                       = 0
3113591 ioctl(8, _IOC(_IOC_READ|_IOC_WRITE, 0x46, 0x2b, 0x30), 0x7ffda5082bb0) = 0
3113591 ioctl(8, _IOC(_IOC_READ|_IOC_WRITE, 0x46, 0x2a, 0x20), 0x7ffda5081c20) = 0
3113591 ioctl(8, _IOC(_IOC_READ|_IOC_WRITE, 0x46, 0x2b, 0x30), 0x7ffda5082cc0) = 0
3113591 ioctl(8, _IOC(_IOC_READ|_IOC_WRITE, 0x46, 0x2a, 0x20), 0x7ffda5081be0) = 0
3113591 ioctl(8, _IOC(_IOC_READ|_IOC_WRITE, 0x46, 0x2a, 0x20), 0x7ffda5081c30) = 0
3113591 ioctl(8, _IOC(_IOC_READ|_IOC_WRITE, 0x46, 0x2b, 0x30), 0x7ffda5082210) = 0
3113591 ioctl(8, _IOC(_IOC_READ|_IOC_WRITE, 0x46, 0x2a, 0x20), 0x7ffda50810d0) = 0
3113591 openat(AT_FDCWD, "/dev/nvidiactl", O_RDWR|O_CLOEXEC) = 27
3113591 ioctl(8, _IOC(_IOC_READ|_IOC_WRITE, 0x46, 0x4e, 0x38), 0x7ffda5082290) = 0
3113591 close(27)                       = 0
3113591 ioctl(8, _IOC(_IOC_READ|_IOC_WRITE, 0x46, 0x2b, 0x30), 0x7ffda5082bb0) = 0
3113591 ioctl(8, _IOC(_IOC_READ|_IOC_WRITE, 0x46, 0x2a, 0x20), 0x7ffda5081c20) = 0
3113591 ioctl(8, _IOC(_IOC_READ|_IOC_WRITE, 0x46, 0x2b, 0x30), 0x7ffda5082cc0) = 0
3113591 ioctl(8, _IOC(_IOC_READ|_IOC_WRITE, 0x46, 0x2a, 0x20), 0x7ffda5081be0) = 0
3113591 ioctl(8, _IOC(_IOC_READ|_IOC_WRITE, 0x46, 0x2a, 0x20), 0x7ffda5081c30) = 0
3113591 ioctl(8, _IOC(_IOC_READ|_IOC_WRITE, 0x46, 0x2b, 0x30), 0x7ffda5082210) = 0
3113591 ioctl(8, _IOC(_IOC_READ|_IOC_WRITE, 0x46, 0x2a, 0x20), 0x7ffda50810d0) = 0
3113591 openat(AT_FDCWD, "/dev/nvidiactl", O_RDWR|O_CLOEXEC) = 27
3113591 ioctl(8, _IOC(_IOC_READ|_IOC_WRITE, 0x46, 0x4e, 0x38), 0x7ffda5082290) = 0
3113591 close(27)                       = 0
3113591 ioctl(8, _IOC(_IOC_READ|_IOC_WRITE, 0x46, 0x2b, 0x30), 0x7ffda5082bb0) = 0
3113591 ioctl(8, _IOC(_IOC_READ|_IOC_WRITE, 0x46, 0x2a, 0x20), 0x7ffda5081c20) = 0
3113591 ioctl(8, _IOC(_IOC_READ|_IOC_WRITE, 0x46, 0x2b, 0x30), 0x7ffda5082cc0) = 0
3113591 ioctl(8, _IOC(_IOC_READ|_IOC_WRITE, 0x46, 0x2a, 0x20), 0x7ffda5081be0) = 0
3113591 ioctl(8, _IOC(_IOC_READ|_IOC_WRITE, 0x46, 0x2a, 0x20), 0x7ffda5081c30) = 0
3113591 ioctl(8, _IOC(_IOC_READ|_IOC_WRITE, 0x46, 0x2b, 0x30), 0x7ffda5082210) = 0
3113591 ioctl(8, _IOC(_IOC_READ|_IOC_WRITE, 0x46, 0x2a, 0x20), 0x7ffda50810d0) = 0
3113591 openat(AT_FDCWD, "/dev/nvidiactl", O_RDWR|O_CLOEXEC) = 27
3113591 ioctl(8, _IOC(_IOC_READ|_IOC_WRITE, 0x46, 0x4e, 0x38), 0x7ffda5082290) = 0
3113591 close(27)                       = 0
3113591 ioctl(8, _IOC(_IOC_READ|_IOC_WRITE, 0x46, 0x2b, 0x30), 0x7ffda5082bb0) = 0
3113591 ioctl(8, _IOC(_IOC_READ|_IOC_WRITE, 0x46, 0x2a, 0x20), 0x7ffda5081c20) = 0
3113591 ioctl(8, _IOC(_IOC_READ|_IOC_WRITE, 0x46, 0x2b, 0x30), 0x7ffda5082cc0) = 0
3113591 ioctl(8, _IOC(_IOC_READ|_IOC_WRITE, 0x46, 0x2a, 0x20), 0x7ffda5081be0) = 0
3113591 ioctl(8, _IOC(_IOC_READ|_IOC_WRITE, 0x46, 0x2a, 0x20), 0x7ffda5081c30) = 0
3113591 ioctl(9, _IOC(_IOC_NONE, 0, 0x1b, 0), 0x7ffda5083370) = 0
3113591 ioctl(9, _IOC(_IOC_NONE, 0, 0x1b, 0), 0x7ffda5083370) = 0
3113591 ioctl(9, _IOC(_IOC_NONE, 0, 0x1b, 0), 0x7ffda5083370) = 0
3113591 ioctl(9, _IOC(_IOC_NONE, 0, 0x1b, 0), 0x7ffda5083370) = 0
3113591 ioctl(8, _IOC(_IOC_READ|_IOC_WRITE, 0x46, 0x2a, 0x20), 0x7ffda5082280) = 0
3113591 openat(AT_FDCWD, "/dev/nvidia0", O_RDWR|O_CLOEXEC) = 27
3113591 ioctl(27, _IOC(_IOC_READ|_IOC_WRITE, 0x46, 0xc9, 0x4), 0x7ffda5083270) = 0
3113591 ioctl(27, _IOC(_IOC_READ|_IOC_WRITE, 0x46, 0xce, 0x10), 0x7ffda5083260) = 0
3113591 ioctl(27, _IOC(_IOC_READ|_IOC_WRITE, 0x46, 0x2b, 0x30), 0x7ffda5083250) = 0
3113591 ioctl(8, _IOC(_IOC_READ|_IOC_WRITE, 0x46, 0x2b, 0x30), 0x7ffda5082650) = 0
3113591 ioctl(8, _IOC(_IOC_READ|_IOC_WRITE, 0x46, 0x2a, 0x20), 0x7ffda5081510) = 0
3113591 openat(AT_FDCWD, "/dev/nvidiactl", O_RDWR|O_CLOEXEC) = 29
3113591 ioctl(8, _IOC(_IOC_READ|_IOC_WRITE, 0x46, 0x4e, 0x38), 0x7ffda50826d0) = 0
3113591 close(29)                       = 0
3113591 ioctl(9, _IOC(_IOC_NONE, 0, 0x49, 0), 0x7ffda5082330) = 0
3113591 ioctl(9, _IOC(_IOC_NONE, 0, 0x21, 0), 0x7ffda507ff20) = 0
3113591 ioctl(8, _IOC(_IOC_READ|_IOC_WRITE, 0x46, 0x2b, 0x30), 0x7ffda50826f0) = 0
3113591 ioctl(9, _IOC(_IOC_NONE, 0, 0x49, 0), 0x7ffda50823d0) = 0
3113591 ioctl(9, _IOC(_IOC_NONE, 0, 0x21, 0), 0x7ffda507ffc0) = 0
3113591 ioctl(9, _IOC(_IOC_NONE, 0, 0x44, 0), 0x7ffda507fe80) = 0
3113591 ioctl(9, _IOC(_IOC_NONE, 0, 0x48, 0), 0x7ffda507f950) = 0
3113591 ioctl(9, _IOC(_IOC_NONE, 0, 0x17, 0), 0x7ffda50834a0) = 0
3113591 ioctl(9, _IOC(_IOC_NONE, 0, 0x17, 0), 0x7ffda50834a0) = 0
3113591 ioctl(9, _IOC(_IOC_NONE, 0, 0x17, 0), 0x7ffda50834a0) = 0
3113591 ioctl(9, _IOC(_IOC_NONE, 0, 0x17, 0), 0x7ffda50834a0) = 0
3113591 ioctl(9, _IOC(_IOC_NONE, 0, 0x17, 0), 0x7ffda50834a0) = 0
3113591 ioctl(9, _IOC(_IOC_NONE, 0, 0x17, 0), 0x7ffda50834a0) = 0
3113591 ioctl(9, _IOC(_IOC_NONE, 0, 0x17, 0), 0x7ffda50834a0) = 0
3113591 ioctl(9, _IOC(_IOC_NONE, 0, 0x17, 0), 0x7ffda50834a0) = 0
3113591 ioctl(9, _IOC(_IOC_NONE, 0, 0x17, 0), 0x7ffda50834a0) = 0
3113591 ioctl(8, _IOC(_IOC_READ|_IOC_WRITE, 0x46, 0x2b, 0x30), 0x7ffda5082530) = 0
3113591 ioctl(8, _IOC(_IOC_READ|_IOC_WRITE, 0x46, 0x2a, 0x20), 0x7ffda50813f0) = 0
3113591 openat(AT_FDCWD, "/dev/nvidiactl", O_RDWR|O_CLOEXEC) = 30
3113591 ioctl(8, _IOC(_IOC_READ|_IOC_WRITE, 0x46, 0x4e, 0x38), 0x7ffda50825b0) = 0
3113591 close(30)                       = 0
3113591 ioctl(9, _IOC(_IOC_NONE, 0, 0x49, 0), 0x7ffda5082210) = 0
3113591 ioctl(9, _IOC(_IOC_NONE, 0, 0x21, 0), 0x7ffda507fe00) = 0
3113591 ioctl(13, _IOC(_IOC_READ|_IOC_WRITE, 0x46, 0x27, 0x38), 0x7ffda5082520) = 0
3113591 ioctl(9, _IOC(_IOC_NONE, 0, 0x49, 0), 0x7ffda5082210) = 0
3113591 ioctl(9, _IOC(_IOC_NONE, 0, 0x21, 0), 0x7ffda507fe00) = 0
3113591 ioctl(8, _IOC(_IOC_READ|_IOC_WRITE, 0x46, 0x2b, 0x30), 0x7ffda5082880) = 0
3113591 ioctl(9, _IOC(_IOC_NONE, 0, 0x49, 0), 0x7ffda5082560) = 0
3113591 ioctl(9, _IOC(_IOC_NONE, 0, 0x21, 0), 0x7ffda5080150) = 0
3113591 ioctl(13, _IOC(_IOC_READ|_IOC_WRITE, 0x46, 0x27, 0x38), 0x7ffda5082620) = 0
3113591 ioctl(9, _IOC(_IOC_NONE, 0, 0x49, 0), 0x7ffda5082310) = 0
3113591 ioctl(9, _IOC(_IOC_NONE, 0, 0x21, 0), 0x7ffda507ff00) = 0
3113591 ioctl(8, _IOC(_IOC_READ|_IOC_WRITE, 0x46, 0x2b, 0x30), 0x7ffda5082630) = 0
3113591 ioctl(9, _IOC(_IOC_NONE, 0, 0x49, 0), 0x7ffda5082310) = 0
3113591 ioctl(9, _IOC(_IOC_NONE, 0, 0x21, 0), 0x7ffda507ff00) = 0
3113591 ioctl(9, _IOC(_IOC_NONE, 0, 0x41, 0), 0x7ffda5082740) = 0
3113591 ioctl(13, _IOC(_IOC_READ|_IOC_WRITE, 0x46, 0x27, 0x38), 0x7ffda5082a60) = 0
3113591 ioctl(9, _IOC(_IOC_NONE, 0, 0x49, 0), 0x7ffda5082750) = 0
3113591 ioctl(9, _IOC(_IOC_NONE, 0, 0x21, 0), 0x7ffda5080340) = 0
3113591 ioctl(13, _IOC(_IOC_READ|_IOC_WRITE, 0x46, 0x27, 0x38), 0x7ffda5082830) = 0
3113591 ioctl(9, _IOC(_IOC_NONE, 0, 0x49, 0), 0x7ffda5082520) = 0
3113591 ioctl(9, _IOC(_IOC_NONE, 0, 0x21, 0), 0x7ffda5080110) = 0
3113591 ioctl(8, _IOC(_IOC_READ|_IOC_WRITE, 0x46, 0x2b, 0x30), 0x7ffda5081f20) = 0
3113591 ioctl(9, _IOC(_IOC_NONE, 0, 0x49, 0), 0x7ffda5081c00) = 0
3113591 ioctl(9, _IOC(_IOC_NONE, 0, 0x21, 0), 0x7ffda507f7f0) = 0
3113591 ioctl(8, _IOC(_IOC_READ|_IOC_WRITE, 0x46, 0x2b, 0x30), 0x7ffda5082830) = 0
3113591 ioctl(8, _IOC(_IOC_READ|_IOC_WRITE, 0x46, 0x2a, 0x20), 0x7ffda50816f0) = 0
3113591 openat(AT_FDCWD, "/dev/nvidiactl", O_RDWR|O_CLOEXEC) = 30
3113591 ioctl(8, _IOC(_IOC_READ|_IOC_WRITE, 0x46, 0x4e, 0x38), 0x7ffda50828b0) = 0
3113591 close(30)                       = 0
3113591 ioctl(9, _IOC(_IOC_NONE, 0, 0x49, 0), 0x7ffda5082510) = 0
3113591 ioctl(9, _IOC(_IOC_NONE, 0, 0x21, 0), 0x7ffda5080100) = 0
3113591 ioctl(13, _IOC(_IOC_READ|_IOC_WRITE, 0x46, 0x27, 0x38), 0x7ffda5082810) = 0
3113591 ioctl(9, _IOC(_IOC_NONE, 0, 0x49, 0), 0x7ffda5082500) = 0
3113591 ioctl(9, _IOC(_IOC_NONE, 0, 0x21, 0), 0x7ffda50800f0) = 0
3113591 ioctl(8, _IOC(_IOC_READ|_IOC_WRITE, 0x46, 0x2b, 0x30), 0x7ffda5083520) = 0
3113591 ioctl(8, _IOC(_IOC_READ|_IOC_WRITE, 0x46, 0x2b, 0x30), 0x7ffda50826b0) = 0
3113591 ioctl(8, _IOC(_IOC_READ|_IOC_WRITE, 0x46, 0x2a, 0x20), 0x7ffda5081570) = 0
3113591 openat(AT_FDCWD, "/dev/nvidiactl", O_RDWR|O_CLOEXEC) = 30
3113591 ioctl(8, _IOC(_IOC_READ|_IOC_WRITE, 0x46, 0x4e, 0x38), 0x7ffda5082730) = 0
3113591 close(30)                       = 0
3113591 ioctl(9, _IOC(_IOC_NONE, 0, 0x49, 0), 0x7ffda5082390) = 0
3113591 ioctl(9, _IOC(_IOC_NONE, 0, 0x21, 0), 0x7ffda507ff80) = 0
3113591 ioctl(8, _IOC(_IOC_READ|_IOC_WRITE, 0x46, 0x2b, 0x30), 0x7ffda50827f0) = 0
3113591 ioctl(9, _IOC(_IOC_NONE, 0, 0x49, 0), 0x7ffda50824d0) = 0
3113591 ioctl(9, _IOC(_IOC_NONE, 0, 0x21, 0), 0x7ffda50800c0) = 0
3113591 ioctl(8, _IOC(_IOC_READ|_IOC_WRITE, 0x46, 0x2b, 0x30), 0x7ffda50827f0) = 0
3113591 ioctl(9, _IOC(_IOC_NONE, 0, 0x49, 0), 0x7ffda50824d0) = 0
3113591 ioctl(9, _IOC(_IOC_NONE, 0, 0x21, 0), 0x7ffda50800c0) = 0
3113591 ioctl(8, _IOC(_IOC_READ|_IOC_WRITE, 0x46, 0x2b, 0x30), 0x7ffda5081ef0) = 0
3113591 ioctl(9, _IOC(_IOC_NONE, 0, 0x49, 0), 0x7ffda5081bd0) = 0
3113591 ioctl(9, _IOC(_IOC_NONE, 0, 0x21, 0), 0x7ffda507f7c0) = 0
3113591 openat(AT_FDCWD, "/dev/nvidia0", O_RDWR|O_CLOEXEC) = 30
3113591 ioctl(30, _IOC(_IOC_READ|_IOC_WRITE, 0x46, 0xc9, 0x4), 0x7ffda50833d0) = 0
3113591 ioctl(30, _IOC(_IOC_READ|_IOC_WRITE, 0x46, 0xce, 0x10), 0x7ffda50833c0) = 0
3113591 ioctl(30, _IOC(_IOC_READ|_IOC_WRITE, 0x46, 0x2b, 0x30), 0x7ffda50833b0) = 0
3113591 openat(AT_FDCWD, "/dev/nvidia0", O_RDWR|O_CLOEXEC) = 32
3113591 ioctl(32, _IOC(_IOC_READ|_IOC_WRITE, 0x46, 0xc9, 0x4), 0x7ffda50833d0) = 0
3113591 ioctl(32, _IOC(_IOC_READ|_IOC_WRITE, 0x46, 0xce, 0x10), 0x7ffda50833c0) = 0
3113591 ioctl(32, _IOC(_IOC_READ|_IOC_WRITE, 0x46, 0x2b, 0x30), 0x7ffda50833b0) = 0
3113591 openat(AT_FDCWD, "/dev/nvidia0", O_RDWR|O_CLOEXEC) = 34
3113591 ioctl(34, _IOC(_IOC_READ|_IOC_WRITE, 0x46, 0xc9, 0x4), 0x7ffda50833d0) = 0
3113591 ioctl(34, _IOC(_IOC_READ|_IOC_WRITE, 0x46, 0xce, 0x10), 0x7ffda50833c0) = 0
3113591 ioctl(34, _IOC(_IOC_READ|_IOC_WRITE, 0x46, 0x2b, 0x30), 0x7ffda50833b0) = 0
3113591 openat(AT_FDCWD, "/dev/nvidia0", O_RDWR|O_CLOEXEC) = 36
3113591 ioctl(36, _IOC(_IOC_READ|_IOC_WRITE, 0x46, 0xc9, 0x4), 0x7ffda50833d0) = 0
3113591 ioctl(36, _IOC(_IOC_READ|_IOC_WRITE, 0x46, 0xce, 0x10), 0x7ffda50833c0) = 0
3113591 ioctl(36, _IOC(_IOC_READ|_IOC_WRITE, 0x46, 0x2b, 0x30), 0x7ffda50833b0) = 0
3113591 ioctl(8, _IOC(_IOC_READ|_IOC_WRITE, 0x46, 0x2a, 0x20), 0x7ffda5082320) = 0
3113591 ioctl(8, _IOC(_IOC_READ|_IOC_WRITE, 0x46, 0x2a, 0x20), 0x7ffda50823d0) = 0
3113591 ioctl(8, _IOC(_IOC_READ|_IOC_WRITE, 0x46, 0x2a, 0x20), 0x7ffda5082460) = 0
3113591 ioctl(8, _IOC(_IOC_READ|_IOC_WRITE, 0x46, 0x2b, 0x30), 0x7ffda50827d0) = 0
3113591 ioctl(9, _IOC(_IOC_NONE, 0, 0x49, 0), 0x7ffda50824b0) = 0
3113591 ioctl(9, _IOC(_IOC_NONE, 0, 0x21, 0), 0x7ffda50800a0) = 0
3113591 ioctl(8, _IOC(_IOC_READ|_IOC_WRITE, 0x46, 0x2a, 0x20), 0x7ffda5082460) = 0
3113591 openat(AT_FDCWD, "/proc/self/task/3113609/comm", O_WRONLY|O_CREAT|O_TRUNC, 0666) = 38
3113591 close(38)                       = 0
3113609 +++ exited with 0 +++
3113608 +++ exited with 0 +++
3113592 +++ exited with 0 +++
3113591 +++ exited with 0 +++
