3947862 openat(AT_FDCWD, "/usr/local/cuda/lib64/glibc-hwcaps/x86-64-v4/libcuda.so.1", O_RDONLY|O_CLOEXEC) = -1 ENOENT (No such file or directory)
3947862 openat(AT_FDCWD, "/usr/local/cuda/lib64/glibc-hwcaps/x86-64-v3/libcuda.so.1", O_RDONLY|O_CLOEXEC) = -1 ENOENT (No such file or directory)
3947862 openat(AT_FDCWD, "/usr/local/cuda/lib64/glibc-hwcaps/x86-64-v2/libcuda.so.1", O_RDONLY|O_CLOEXEC) = -1 ENOENT (No such file or directory)
3947862 openat(AT_FDCWD, "/usr/local/cuda/lib64/tls/haswell/avx512_1/x86_64/libcuda.so.1", O_RDONLY|O_CLOEXEC) = -1 ENOENT (No such file or directory)
3947862 openat(AT_FDCWD, "/usr/local/cuda/lib64/tls/haswell/avx512_1/libcuda.so.1", O_RDONLY|O_CLOEXEC) = -1 ENOENT (No such file or directory)
3947862 openat(AT_FDCWD, "/usr/local/cuda/lib64/tls/haswell/x86_64/libcuda.so.1", O_RDONLY|O_CLOEXEC) = -1 ENOENT (No such file or directory)
3947862 openat(AT_FDCWD, "/usr/local/cuda/lib64/tls/haswell/libcuda.so.1", O_RDONLY|O_CLOEXEC) = -1 ENOENT (No such file or directory)
3947862 openat(AT_FDCWD, "/usr/local/cuda/lib64/tls/avx512_1/x86_64/libcuda.so.1", O_RDONLY|O_CLOEXEC) = -1 ENOENT (No such file or directory)
3947862 openat(AT_FDCWD, "/usr/local/cuda/lib64/tls/avx512_1/libcuda.so.1", O_RDONLY|O_CLOEXEC) = -1 ENOENT (No such file or directory)
3947862 openat(AT_FDCWD, "/usr/local/cuda/lib64/tls/x86_64/libcuda.so.1", O_RDONLY|O_CLOEXEC) = -1 ENOENT (No such file or directory)
3947862 openat(AT_FDCWD, "/usr/local/cuda/lib64/tls/libcuda.so.1", O_RDONLY|O_CLOEXEC) = -1 ENOENT (No such file or directory)
3947862 openat(AT_FDCWD, "/usr/local/cuda/lib64/haswell/avx512_1/x86_64/libcuda.so.1", O_RDONLY|O_CLOEXEC) = -1 ENOENT (No such file or directory)
3947862 openat(AT_FDCWD, "/usr/local/cuda/lib64/haswell/avx512_1/libcuda.so.1", O_RDONLY|O_CLOEXEC) = -1 ENOENT (No such file or directory)
3947862 openat(AT_FDCWD, "/usr/local/cuda/lib64/haswell/x86_64/libcuda.so.1", O_RDONLY|O_CLOEXEC) = -1 ENOENT (No such file or directory)
3947862 openat(AT_FDCWD, "/usr/local/cuda/lib64/haswell/libcuda.so.1", O_RDONLY|O_CLOEXEC) = -1 ENOENT (No such file or directory)
3947862 openat(AT_FDCWD, "/usr/local/cuda/lib64/avx512_1/x86_64/libcuda.so.1", O_RDONLY|O_CLOEXEC) = -1 ENOENT (No such file or directory)
3947862 openat(AT_FDCWD, "/usr/local/cuda/lib64/avx512_1/libcuda.so.1", O_RDONLY|O_CLOEXEC) = -1 ENOENT (No such file or directory)
3947862 openat(AT_FDCWD, "/usr/local/cuda/lib64/x86_64/libcuda.so.1", O_RDONLY|O_CLOEXEC) = -1 ENOENT (No such file or directory)
3947862 openat(AT_FDCWD, "/usr/local/cuda/lib64/libcuda.so.1", O_RDONLY|O_CLOEXEC) = -1 ENOENT (No such file or directory)
3947862 openat(AT_FDCWD, "/usr/local/cuda-12.5/lib64/glibc-hwcaps/x86-64-v4/libcuda.so.1", O_RDONLY|O_CLOEXEC) = -1 ENOENT (No such file or directory)
3947862 openat(AT_FDCWD, "/usr/local/cuda-12.5/lib64/glibc-hwcaps/x86-64-v3/libcuda.so.1", O_RDONLY|O_CLOEXEC) = -1 ENOENT (No such file or directory)
3947862 openat(AT_FDCWD, "/usr/local/cuda-12.5/lib64/glibc-hwcaps/x86-64-v2/libcuda.so.1", O_RDONLY|O_CLOEXEC) = -1 ENOENT (No such file or directory)
3947862 openat(AT_FDCWD, "/usr/local/cuda-12.5/lib64/tls/haswell/avx512_1/x86_64/libcuda.so.1", O_RDONLY|O_CLOEXEC) = -1 ENOENT (No such file or directory)
3947862 openat(AT_FDCWD, "/usr/local/cuda-12.5/lib64/tls/haswell/avx512_1/libcuda.so.1", O_RDONLY|O_CLOEXEC) = -1 ENOENT (No such file or directory)
3947862 openat(AT_FDCWD, "/usr/local/cuda-12.5/lib64/tls/haswell/x86_64/libcuda.so.1", O_RDONLY|O_CLOEXEC) = -1 ENOENT (No such file or directory)
3947862 openat(AT_FDCWD, "/usr/local/cuda-12.5/lib64/tls/haswell/libcuda.so.1", O_RDONLY|O_CLOEXEC) = -1 ENOENT (No such file or directory)
3947862 openat(AT_FDCWD, "/usr/local/cuda-12.5/lib64/tls/avx512_1/x86_64/libcuda.so.1", O_RDONLY|O_CLOEXEC) = -1 ENOENT (No such file or directory)
3947862 openat(AT_FDCWD, "/usr/local/cuda-12.5/lib64/tls/avx512_1/libcuda.so.1", O_RDONLY|O_CLOEXEC) = -1 ENOENT (No such file or directory)
3947862 openat(AT_FDCWD, "/usr/local/cuda-12.5/lib64/tls/x86_64/libcuda.so.1", O_RDONLY|O_CLOEXEC) = -1 ENOENT (No such file or directory)
3947862 openat(AT_FDCWD, "/usr/local/cuda-12.5/lib64/tls/libcuda.so.1", O_RDONLY|O_CLOEXEC) = -1 ENOENT (No such file or directory)
3947862 openat(AT_FDCWD, "/usr/local/cuda-12.5/lib64/haswell/avx512_1/x86_64/libcuda.so.1", O_RDONLY|O_CLOEXEC) = -1 ENOENT (No such file or directory)
3947862 openat(AT_FDCWD, "/usr/local/cuda-12.5/lib64/haswell/avx512_1/libcuda.so.1", O_RDONLY|O_CLOEXEC) = -1 ENOENT (No such file or directory)
3947862 openat(AT_FDCWD, "/usr/local/cuda-12.5/lib64/haswell/x86_64/libcuda.so.1", O_RDONLY|O_CLOEXEC) = -1 ENOENT (No such file or directory)
3947862 openat(AT_FDCWD, "/usr/local/cuda-12.5/lib64/haswell/libcuda.so.1", O_RDONLY|O_CLOEXEC) = -1 ENOENT (No such file or directory)
3947862 openat(AT_FDCWD, "/usr/local/cuda-12.5/lib64/avx512_1/x86_64/libcuda.so.1", O_RDONLY|O_CLOEXEC) = -1 ENOENT (No such file or directory)
3947862 openat(AT_FDCWD, "/usr/local/cuda-12.5/lib64/avx512_1/libcuda.so.1", O_RDONLY|O_CLOEXEC) = -1 ENOENT (No such file or directory)
3947862 openat(AT_FDCWD, "/usr/local/cuda-12.5/lib64/x86_64/libcuda.so.1", O_RDONLY|O_CLOEXEC) = -1 ENOENT (No such file or directory)
3947862 openat(AT_FDCWD, "/usr/local/cuda-12.5/lib64/libcuda.so.1", O_RDONLY|O_CLOEXEC) = -1 ENOENT (No such file or directory)
3947862 openat(AT_FDCWD, "/etc/ld.so.cache", O_RDONLY|O_CLOEXEC) = 3
3947862 close(3)                        = 0
3947862 openat(AT_FDCWD, "/lib/x86_64-linux-gnu/libcuda.so.1", O_RDONLY|O_CLOEXEC) = 3
3947862 close(3)                        = 0
3947862 openat(AT_FDCWD, "/usr/local/cuda-12.5/lib64/libc.so.6", O_RDONLY|O_CLOEXEC) = -1 ENOENT (No such file or directory)
3947862 openat(AT_FDCWD, "/lib/x86_64-linux-gnu/libc.so.6", O_RDONLY|O_CLOEXEC) = 3
3947862 close(3)                        = 0
3947862 openat(AT_FDCWD, "/usr/local/cuda-12.5/lib64/libm.so.6", O_RDONLY|O_CLOEXEC) = -1 ENOENT (No such file or directory)
3947862 openat(AT_FDCWD, "/lib/x86_64-linux-gnu/libm.so.6", O_RDONLY|O_CLOEXEC) = 3
3947862 close(3)                        = 0
3947862 openat(AT_FDCWD, "/usr/local/cuda-12.5/lib64/libdl.so.2", O_RDONLY|O_CLOEXEC) = -1 ENOENT (No such file or directory)
3947862 openat(AT_FDCWD, "/lib/x86_64-linux-gnu/libdl.so.2", O_RDONLY|O_CLOEXEC) = 3
3947862 close(3)                        = 0
3947862 openat(AT_FDCWD, "/usr/local/cuda-12.5/lib64/libpthread.so.0", O_RDONLY|O_CLOEXEC) = -1 ENOENT (No such file or directory)
3947862 openat(AT_FDCWD, "/lib/x86_64-linux-gnu/libpthread.so.0", O_RDONLY|O_CLOEXEC) = 3
3947862 close(3)                        = 0
3947862 openat(AT_FDCWD, "/usr/local/cuda-12.5/lib64/librt.so.1", O_RDONLY|O_CLOEXEC) = -1 ENOENT (No such file or directory)
3947862 openat(AT_FDCWD, "/lib/x86_64-linux-gnu/librt.so.1", O_RDONLY|O_CLOEXEC) = 3
3947862 close(3)                        = 0
3947862 openat(AT_FDCWD, "/sys/devices/system/cpu/online", O_RDONLY|O_CLOEXEC) = 3
3947862 close(3)                        = 0
3947862 openat(AT_FDCWD, "/sys/devices/system/cpu/online", O_RDONLY|O_CLOEXEC) = 3
3947862 close(3)                        = 0
3947862 openat(AT_FDCWD, "/proc/sys/vm/mmap_min_addr", O_RDONLY) = 3
3947862 close(3)                        = 0
3947862 openat(AT_FDCWD, "/proc/cpuinfo", O_RDONLY) = 3
3947862 close(3)                        = 0
3947862 openat(AT_FDCWD, "/proc/self/maps", O_RDONLY) = 3
3947862 close(3)                        = 0
3947862 openat(AT_FDCWD, "/sys/devices/system/cpu/online", O_RDONLY|O_CLOEXEC) = 3
3947862 close(3)                        = 0
3947862 openat(AT_FDCWD, "/proc/self/task/3947863/comm", O_WRONLY|O_CREAT|O_TRUNC, 0666) = 8
3947862 close(8)                        = 0
3947862 openat(AT_FDCWD, "/dev/shm/cuda_injection_path_shm", O_RDWR|O_NOFOLLOW|O_CLOEXEC) = -1 ENOENT (No such file or directory)
3947862 openat(AT_FDCWD, "/home/pulak/.nv/nvidia-application-profile-globals-rc", O_RDONLY) = -1 ENOENT (No such file or directory)
3947862 openat(AT_FDCWD, "/home/pulak/.nv/nvidia-application-profiles-rc", O_RDONLY) = -1 ENOENT (No such file or directory)
3947862 openat(AT_FDCWD, "/home/pulak/.nv/nvidia-application-profiles-rc.d", O_RDONLY) = -1 ENOENT (No such file or directory)
3947862 openat(AT_FDCWD, "/etc/nvidia/nvidia-application-profiles-rc", O_RDONLY) = -1 ENOENT (No such file or directory)
3947862 openat(AT_FDCWD, "/etc/nvidia/nvidia-application-profiles-rc.d/", O_RDONLY) = -1 ENOENT (No such file or directory)
3947862 openat(AT_FDCWD, "/usr/share/nvidia/nvidia-application-profiles-555.42.06-rc", O_RDONLY) = 8
3947862 close(8)                        = 0
3947862 openat(AT_FDCWD, "/usr/share/nvidia/nvidia-application-profiles-rc", O_RDONLY) = -1 ENOENT (No such file or directory)
3947862 openat(AT_FDCWD, "/proc/self/cmdline", O_RDONLY) = 8
3947862 close(8)                        = 0
3947862 close(8)                        = 0
3947862 openat(AT_FDCWD, "/proc/modules", O_RDONLY) = 8
3947862 close(8)                        = 0
3947862 openat(AT_FDCWD, "/proc/driver/nvidia/params", O_RDONLY) = 8
3947862 close(8)                        = 0
3947862 openat(AT_FDCWD, "/proc/driver/nvidia/params", O_RDONLY) = 8
3947862 close(8)                        = 0
3947862 openat(AT_FDCWD, "/dev/nvidiactl", O_RDWR) = 8
3947862 openat(AT_FDCWD, "/sys/devices/system/memory/block_size_bytes", O_RDONLY) = 9
3947862 close(9)                        = 0
3947862 ioctl(8, _IOC(_IOC_READ|_IOC_WRITE, 0x46, 0xd6, 0x8), 0x7ffc5061d840) = 0
3947862 ioctl(8, _IOC(_IOC_READ|_IOC_WRITE, 0x46, 0xc8, 0x900), 0x70d4f0f1aae0) = 0
3947862 openat(AT_FDCWD, "/proc/driver/nvidia/params", O_RDONLY) = 9
3947862 close(9)                        = 0
3947862 ioctl(8, _IOC(_IOC_READ|_IOC_WRITE, 0x46, 0x2b, 0x20), 0x7ffc5061d990) = 0
3947862 ioctl(8, _IOC(_IOC_READ|_IOC_WRITE, 0x46, 0x2a, 0x20), 0x7ffc5061c890) = 0
3947862 ioctl(8, _IOC(_IOC_READ|_IOC_WRITE, 0x46, 0x29, 0x10), 0x7ffc5061d970) = 0
3947862 close(8)                        = 0
3947862 openat(AT_FDCWD, "/proc/modules", O_RDONLY) = 8
3947862 close(8)                        = 0
3947862 openat(AT_FDCWD, "/proc/driver/nvidia/params", O_RDONLY) = 8
3947862 close(8)                        = 0
3947862 openat(AT_FDCWD, "/proc/driver/nvidia/params", O_RDONLY) = 8
3947862 close(8)                        = 0
3947862 openat(AT_FDCWD, "/dev/nvidiactl", O_RDWR) = 8
3947862 openat(AT_FDCWD, "/sys/devices/system/memory/block_size_bytes", O_RDONLY) = 9
3947862 close(9)                        = 0
3947862 ioctl(8, _IOC(_IOC_READ|_IOC_WRITE, 0x46, 0xd6, 0x8), 0x7ffc5061de00) = 0
3947862 ioctl(8, _IOC(_IOC_READ|_IOC_WRITE, 0x46, 0xc8, 0x900), 0x70d4f0f1aae0) = 0
3947862 openat(AT_FDCWD, "/proc/driver/nvidia/params", O_RDONLY) = 9
3947862 close(9)                        = 0
3947862 ioctl(8, _IOC(_IOC_READ|_IOC_WRITE, 0x46, 0x2b, 0x20), 0x7ffc5061df50) = 0
3947862 ioctl(8, _IOC(_IOC_READ|_IOC_WRITE, 0x46, 0x2a, 0x20), 0x7ffc5061ce10) = 0
3947862 ioctl(8, _IOC(_IOC_READ|_IOC_WRITE, 0x46, 0x2a, 0x20), 0x7ffc5061ce10) = 0
3947862 ioctl(8, _IOC(_IOC_READ|_IOC_WRITE, 0x46, 0x2b, 0x30), 0x7ffc5061df40) = 0
3947862 ioctl(8, _IOC(_IOC_READ|_IOC_WRITE, 0x46, 0x2a, 0x20), 0x7ffc5061ce20) = 0
3947862 openat(AT_FDCWD, "/sys/devices/system/cpu/online", O_RDONLY|O_CLOEXEC) = 9
3947862 close(9)                        = 0
3947862 openat(AT_FDCWD, "/proc/self/status", O_RDONLY) = 9
3947862 close(9)                        = 0
3947862 openat(AT_FDCWD, "/sys/devices/system/node", O_RDONLY|O_NONBLOCK|O_CLOEXEC|O_DIRECTORY) = 9
3947862 openat(AT_FDCWD, "/sys/devices/system/node/node0/cpumap", O_RDONLY) = 10
3947862 close(10)                       = 0
3947862 openat(AT_FDCWD, "/sys/devices/system/node/node1/cpumap", O_RDONLY) = 10
3947862 close(10)                       = 0
3947862 close(9)                        = 0
3947862 openat(AT_FDCWD, "/proc/modules", O_RDONLY) = 9
3947862 close(9)                        = 0
3947862 openat(AT_FDCWD, "/proc/devices", O_RDONLY) = 9
3947862 close(9)                        = 0
3947862 openat(AT_FDCWD, "/dev/nvidia-uvm", O_RDWR|O_CLOEXEC) = 9
3947862 openat(AT_FDCWD, "/dev/nvidia-uvm", O_RDWR|O_CLOEXEC) = 10
3947862 ioctl(9, _IOC(_IOC_NONE, 0, 0x1, 0x3000), 0x7ffc5061df50) = 0
3947862 ioctl(10, _IOC(_IOC_NONE, 0, 0x4b, 0), 0x7ffc5061df50) = 0
3947862 ioctl(9, _IOC(_IOC_NONE, 0, 0x27, 0), 0x7ffc5061df50) = 0
3947862 ioctl(8, _IOC(_IOC_READ|_IOC_WRITE, 0x46, 0x2a, 0x20), 0x7ffc5061afc0) = 0
3947862 ioctl(8, _IOC(_IOC_READ|_IOC_WRITE, 0x46, 0x2a, 0x20), 0x7ffc5061a7f0) = 0
3947862 ioctl(8, _IOC(_IOC_READ|_IOC_WRITE, 0x46, 0x2a, 0x20), 0x7ffc5061af00) = 0
3947862 openat(AT_FDCWD, "/proc/driver/nvidia/params", O_RDONLY) = 11
3947862 close(11)                       = 0
3947862 openat(AT_FDCWD, "/proc/driver/nvidia/params", O_RDONLY) = 11
3947862 close(11)                       = 0
3947862 openat(AT_FDCWD, "/dev/nvidia0", O_RDWR|O_CLOEXEC) = 11
3947862 ioctl(8, _IOC(_IOC_READ|_IOC_WRITE, 0x46, 0x2a, 0x20), 0x7ffc5061af00) = 0
3947862 openat(AT_FDCWD, "/proc/driver/nvidia/params", O_RDONLY) = 12
3947862 close(12)                       = 0
3947862 openat(AT_FDCWD, "/proc/driver/nvidia/params", O_RDONLY) = 12
3947862 close(12)                       = 0
3947862 openat(AT_FDCWD, "/dev/nvidia1", O_RDWR|O_CLOEXEC) = 12
3947862 ioctl(8, _IOC(_IOC_READ|_IOC_WRITE, 0x46, 0x2a, 0x20), 0x7ffc5061af00) = 0
3947862 openat(AT_FDCWD, "/proc/driver/nvidia/params", O_RDONLY) = 13
3947862 close(13)                       = 0
3947862 openat(AT_FDCWD, "/proc/driver/nvidia/params", O_RDONLY) = 13
3947862 close(13)                       = 0
3947862 openat(AT_FDCWD, "/dev/nvidia2", O_RDWR|O_CLOEXEC) = 13
3947862 ioctl(8, _IOC(_IOC_READ|_IOC_WRITE, 0x46, 0x2a, 0x20), 0x7ffc5061af00) = 0
3947862 openat(AT_FDCWD, "/proc/driver/nvidia/params", O_RDONLY) = 14
3947862 close(14)                       = 0
3947862 openat(AT_FDCWD, "/proc/driver/nvidia/params", O_RDONLY) = 14
3947862 close(14)                       = 0
3947862 openat(AT_FDCWD, "/dev/nvidia3", O_RDWR|O_CLOEXEC) = 14
3947862 ioctl(8, _IOC(_IOC_READ|_IOC_WRITE, 0x46, 0x2a, 0x20), 0x7ffc5061b0c0) = 0
3947862 ioctl(8, _IOC(_IOC_READ|_IOC_WRITE, 0x46, 0x2a, 0x20), 0x7ffc5061b0b0) = 0
3947862 ioctl(8, _IOC(_IOC_READ|_IOC_WRITE, 0x46, 0x29, 0x10), 0x7ffc5061c150) = 0
3947862 ioctl(8, _IOC(_IOC_READ|_IOC_WRITE, 0x46, 0x2a, 0x20), 0x7ffc5061af40) = 0
3947862 ioctl(8, _IOC(_IOC_READ|_IOC_WRITE, 0x46, 0x2a, 0x20), 0x7ffc5061af40) = 0
3947862 openat(AT_FDCWD, "/proc/driver/nvidia/params", O_RDONLY) = 15
3947862 close(15)                       = 0
3947862 openat(AT_FDCWD, "/proc/driver/nvidia/params", O_RDONLY) = 15
3947862 close(15)                       = 0
3947862 openat(AT_FDCWD, "/dev/nvidia0", O_RDWR|O_CLOEXEC) = 15
3947862 ioctl(15, _IOC(_IOC_READ|_IOC_WRITE, 0x46, 0xc9, 0x4), 0x7ffc5061c0c0) = 0
3947862 ioctl(15, _IOC(_IOC_READ|_IOC_WRITE, 0x46, 0xd7, 0x230), 0x7ffc5061be40) = 0
3947862 ioctl(8, _IOC(_IOC_READ|_IOC_WRITE, 0x46, 0x2b, 0x30), 0x7ffc5061c190) = 0
3947862 ioctl(8, _IOC(_IOC_READ|_IOC_WRITE, 0x46, 0x2a, 0x20), 0x7ffc5061b0c0) = 0
3947862 ioctl(8, _IOC(_IOC_READ|_IOC_WRITE, 0x46, 0x2a, 0x20), 0x7ffc5061af20) = 0
3947862 ioctl(8, _IOC(_IOC_READ|_IOC_WRITE, 0x46, 0x2a, 0x20), 0x7ffc5061b0c0) = 0
3947862 ioctl(8, _IOC(_IOC_READ|_IOC_WRITE, 0x46, 0x2a, 0x20), 0x7ffc5061b030) = 0
3947862 ioctl(8, _IOC(_IOC_READ|_IOC_WRITE, 0x46, 0x2a, 0x20), 0x7ffc5061af30) = 0
3947862 ioctl(8, _IOC(_IOC_READ|_IOC_WRITE, 0x46, 0x2a, 0x20), 0x7ffc5061af30) = 0
3947862 openat(AT_FDCWD, "/proc/driver/nvidia/params", O_RDONLY) = 16
3947862 close(16)                       = 0
3947862 openat(AT_FDCWD, "/proc/driver/nvidia/params", O_RDONLY) = 16
3947862 close(16)                       = 0
3947862 openat(AT_FDCWD, "/dev/nvidia0", O_RDWR|O_CLOEXEC) = 16
3947862 ioctl(16, _IOC(_IOC_READ|_IOC_WRITE, 0x46, 0xc9, 0x4), 0x7ffc5061c0b0) = 0
3947862 ioctl(8, _IOC(_IOC_READ|_IOC_WRITE, 0x46, 0x2b, 0x30), 0x7ffc5061c1c0) = 0
3947862 ioctl(8, _IOC(_IOC_READ|_IOC_WRITE, 0x46, 0x2b, 0x30), 0x7ffc5061c1e0) = 0
3947862 ioctl(8, _IOC(_IOC_READ|_IOC_WRITE, 0x46, 0x2a, 0x20), 0x7ffc5061af10) = 0
3947862 ioctl(8, _IOC(_IOC_READ|_IOC_WRITE, 0x46, 0x2a, 0x20), 0x7ffc5061aa10) = 0
3947862 ioctl(8, _IOC(_IOC_READ|_IOC_WRITE, 0x46, 0x2a, 0x20), 0x7ffc5061afc0) = 0
3947862 ioctl(8, _IOC(_IOC_READ|_IOC_WRITE, 0x46, 0x2a, 0x20), 0x7ffc5061a630) = 0
3947862 ioctl(8, _IOC(_IOC_READ|_IOC_WRITE, 0x46, 0x2a, 0x20), 0x7ffc50619e20) = 0
3947862 ioctl(8, _IOC(_IOC_READ|_IOC_WRITE, 0x46, 0x2a, 0x20), 0x7ffc5061a470) = 0
3947862 ioctl(8, _IOC(_IOC_READ|_IOC_WRITE, 0x46, 0x2a, 0x20), 0x7ffc5061ace0) = 0
3947862 ioctl(8, _IOC(_IOC_READ|_IOC_WRITE, 0x46, 0x2a, 0x20), 0x7ffc5061aeb0) = 0
3947862 ioctl(8, _IOC(_IOC_READ|_IOC_WRITE, 0x46, 0x2a, 0x20), 0x7ffc5061aba0) = 0
3947862 ioctl(8, _IOC(_IOC_READ|_IOC_WRITE, 0x46, 0x2a, 0x20), 0x7ffc5061aba0) = 0
3947862 ioctl(8, _IOC(_IOC_READ|_IOC_WRITE, 0x46, 0x2a, 0x20), 0x7ffc5061aba0) = 0
3947862 ioctl(8, _IOC(_IOC_READ|_IOC_WRITE, 0x46, 0x2a, 0x20), 0x7ffc5061aba0) = 0
3947862 ioctl(8, _IOC(_IOC_READ|_IOC_WRITE, 0x46, 0x2a, 0x20), 0x7ffc5061aba0) = 0
3947862 ioctl(8, _IOC(_IOC_READ|_IOC_WRITE, 0x46, 0x2a, 0x20), 0x7ffc5061a9f0) = 0
3947862 ioctl(8, _IOC(_IOC_READ|_IOC_WRITE, 0x46, 0x2a, 0x20), 0x7ffc5061ad00) = 0
3947862 ioctl(8, _IOC(_IOC_READ|_IOC_WRITE, 0x46, 0x2a, 0x20), 0x7ffc5061ada0) = 0
3947862 ioctl(8, _IOC(_IOC_READ|_IOC_WRITE, 0x46, 0x2a, 0x20), 0x7ffc5061aeb0) = 0
3947862 ioctl(8, _IOC(_IOC_READ|_IOC_WRITE, 0x46, 0x2a, 0x20), 0x7ffc5061aeb0) = 0
3947862 openat(AT_FDCWD, "/dev/nvidia0", O_RDWR|O_CLOEXEC) = 17
3947862 ioctl(17, _IOC(_IOC_READ|_IOC_WRITE, 0x46, 0xc9, 0x4), 0x7ffc5061bf70) = 0
3947862 ioctl(17, _IOC(_IOC_READ|_IOC_WRITE, 0x46, 0xce, 0x10), 0x7ffc5061bf60) = 0
3947862 ioctl(8, _IOC(_IOC_READ|_IOC_WRITE, 0x46, 0x2a, 0x20), 0x7ffc5061ac00) = 0
3947862 ioctl(8, _IOC(_IOC_READ|_IOC_WRITE, 0x46, 0x2a, 0x20), 0x7ffc5061ade0) = 0
3947862 ioctl(8, _IOC(_IOC_READ|_IOC_WRITE, 0x46, 0x2a, 0x20), 0x7ffc5061ade0) = 0
3947862 ioctl(8, _IOC(_IOC_READ|_IOC_WRITE, 0x46, 0x2a, 0x20), 0x7ffc5061ade0) = 0
3947862 ioctl(8, _IOC(_IOC_READ|_IOC_WRITE, 0x46, 0x2a, 0x20), 0x7ffc5061ade0) = 0
3947862 ioctl(8, _IOC(_IOC_READ|_IOC_WRITE, 0x46, 0x2a, 0x20), 0x7ffc5061ade0) = 0
3947862 ioctl(8, _IOC(_IOC_READ|_IOC_WRITE, 0x46, 0x2a, 0x20), 0x7ffc5061ade0) = 0
3947862 ioctl(8, _IOC(_IOC_READ|_IOC_WRITE, 0x46, 0x2a, 0x20), 0x7ffc5061ade0) = 0
3947862 ioctl(8, _IOC(_IOC_READ|_IOC_WRITE, 0x46, 0x2a, 0x20), 0x7ffc5061add0) = 0
3947862 ioctl(8, _IOC(_IOC_READ|_IOC_WRITE, 0x46, 0x2a, 0x20), 0x7ffc5061ad50) = 0
3947862 ioctl(8, _IOC(_IOC_READ|_IOC_WRITE, 0x46, 0x2a, 0x20), 0x7ffc5061ace0) = 0
3947862 ioctl(8, _IOC(_IOC_READ|_IOC_WRITE, 0x46, 0x2a, 0x20), 0x7ffc50618830) = 0
3947862 ioctl(8, _IOC(_IOC_READ|_IOC_WRITE, 0x46, 0x2a, 0x20), 0x7ffc506198e0) = 0
3947862 ioctl(8, _IOC(_IOC_READ|_IOC_WRITE, 0x46, 0x2a, 0x20), 0x7ffc5061aee0) = 0
3947862 ioctl(8, _IOC(_IOC_READ|_IOC_WRITE, 0x46, 0x2a, 0x20), 0x7ffc5061ad30) = 0
3947862 ioctl(8, _IOC(_IOC_READ|_IOC_WRITE, 0x46, 0x2b, 0x30), 0x7ffc5061bf50) = 0
3947862 ioctl(8, _IOC(_IOC_READ|_IOC_WRITE, 0x46, 0x2a, 0x20), 0x7ffc5061ad20) = 0
3947862 openat(AT_FDCWD, "/dev/nvidia0", O_RDWR|O_CLOEXEC) = 18
3947862 ioctl(8, _IOC(_IOC_READ|_IOC_WRITE, 0x46, 0x4e, 0x38), 0x7ffc5061bee0) = 0
3947862 close(18)                       = 0
3947862 ioctl(8, _IOC(_IOC_READ|_IOC_WRITE, 0x46, 0x2b, 0x30), 0x7ffc5061bf60) = 0
3947862 ioctl(8, _IOC(_IOC_READ|_IOC_WRITE, 0x46, 0x2a, 0x20), 0x7ffc5061aee0) = 0
3947862 ioctl(8, _IOC(_IOC_READ|_IOC_WRITE, 0x46, 0x2a, 0x20), 0x7ffc5061ae80) = 0
3947862 ioctl(8, _IOC(_IOC_READ|_IOC_WRITE, 0x46, 0x2b, 0x30), 0x7ffc5061bfd0) = 0
3947862 ioctl(8, _IOC(_IOC_READ|_IOC_WRITE, 0x46, 0x2b, 0x30), 0x7ffc5061bfd0) = 0
3947862 ioctl(8, _IOC(_IOC_READ|_IOC_WRITE, 0x46, 0x2a, 0x20), 0x7ffc5061aeb0) = 0
3947862 ioctl(8, _IOC(_IOC_READ|_IOC_WRITE, 0x46, 0x2a, 0x20), 0x7ffc5061ae10) = 0
3947862 ioctl(8, _IOC(_IOC_READ|_IOC_WRITE, 0x46, 0x2a, 0x20), 0x7ffc5061ae10) = 0
3947862 ioctl(8, _IOC(_IOC_READ|_IOC_WRITE, 0x46, 0x2a, 0x20), 0x7ffc5061af10) = 0
3947862 ioctl(8, _IOC(_IOC_READ|_IOC_WRITE, 0x46, 0x2a, 0x20), 0x7ffc5061add0) = 0
3947862 openat(AT_FDCWD, "/sys/bus/pci/devices/0000:17:00.0/numa_node", O_RDONLY) = 18
3947862 close(18)                       = 0
3947862 ioctl(8, _IOC(_IOC_READ|_IOC_WRITE, 0x46, 0x2a, 0x20), 0x7ffc5061b0b0) = 0
3947862 ioctl(8, _IOC(_IOC_READ|_IOC_WRITE, 0x46, 0x29, 0x10), 0x7ffc5061c150) = 0
3947862 ioctl(8, _IOC(_IOC_READ|_IOC_WRITE, 0x46, 0x2a, 0x20), 0x7ffc5061af40) = 0
3947862 ioctl(8, _IOC(_IOC_READ|_IOC_WRITE, 0x46, 0x2a, 0x20), 0x7ffc5061af40) = 0
3947862 ioctl(8, _IOC(_IOC_READ|_IOC_WRITE, 0x46, 0x2a, 0x20), 0x7ffc5061af40) = 0
3947862 openat(AT_FDCWD, "/proc/driver/nvidia/params", O_RDONLY) = 18
3947862 close(18)                       = 0
3947862 openat(AT_FDCWD, "/proc/driver/nvidia/params", O_RDONLY) = 18
3947862 close(18)                       = 0
3947862 openat(AT_FDCWD, "/dev/nvidia1", O_RDWR|O_CLOEXEC) = 18
3947862 ioctl(18, _IOC(_IOC_READ|_IOC_WRITE, 0x46, 0xc9, 0x4), 0x7ffc5061c0c0) = 0
3947862 ioctl(18, _IOC(_IOC_READ|_IOC_WRITE, 0x46, 0xd7, 0x230), 0x7ffc5061be40) = 0
3947862 ioctl(8, _IOC(_IOC_READ|_IOC_WRITE, 0x46, 0x2b, 0x30), 0x7ffc5061c190) = 0
3947862 ioctl(8, _IOC(_IOC_READ|_IOC_WRITE, 0x46, 0x2a, 0x20), 0x7ffc5061b0c0) = 0
3947862 ioctl(8, _IOC(_IOC_READ|_IOC_WRITE, 0x46, 0x2a, 0x20), 0x7ffc5061af20) = 0
3947862 ioctl(8, _IOC(_IOC_READ|_IOC_WRITE, 0x46, 0x2a, 0x20), 0x7ffc5061b0c0) = 0
3947862 ioctl(8, _IOC(_IOC_READ|_IOC_WRITE, 0x46, 0x2a, 0x20), 0x7ffc5061b030) = 0
3947862 ioctl(8, _IOC(_IOC_READ|_IOC_WRITE, 0x46, 0x2a, 0x20), 0x7ffc5061af30) = 0
3947862 ioctl(8, _IOC(_IOC_READ|_IOC_WRITE, 0x46, 0x2a, 0x20), 0x7ffc5061af30) = 0
3947862 ioctl(8, _IOC(_IOC_READ|_IOC_WRITE, 0x46, 0x2a, 0x20), 0x7ffc5061af30) = 0
3947862 openat(AT_FDCWD, "/proc/driver/nvidia/params", O_RDONLY) = 19
3947862 close(19)                       = 0
3947862 openat(AT_FDCWD, "/proc/driver/nvidia/params", O_RDONLY) = 19
3947862 close(19)                       = 0
3947862 openat(AT_FDCWD, "/dev/nvidia1", O_RDWR|O_CLOEXEC) = 19
3947862 ioctl(19, _IOC(_IOC_READ|_IOC_WRITE, 0x46, 0xc9, 0x4), 0x7ffc5061c0b0) = 0
3947862 ioctl(8, _IOC(_IOC_READ|_IOC_WRITE, 0x46, 0x2b, 0x30), 0x7ffc5061c1c0) = 0
3947862 ioctl(8, _IOC(_IOC_READ|_IOC_WRITE, 0x46, 0x2b, 0x30), 0x7ffc5061c1e0) = 0
3947862 ioctl(8, _IOC(_IOC_READ|_IOC_WRITE, 0x46, 0x2a, 0x20), 0x7ffc5061af10) = 0
3947862 ioctl(8, _IOC(_IOC_READ|_IOC_WRITE, 0x46, 0x2a, 0x20), 0x7ffc5061aa10) = 0
3947862 ioctl(8, _IOC(_IOC_READ|_IOC_WRITE, 0x46, 0x2a, 0x20), 0x7ffc5061afc0) = 0
3947862 ioctl(8, _IOC(_IOC_READ|_IOC_WRITE, 0x46, 0x2a, 0x20), 0x7ffc5061a630) = 0
3947862 ioctl(8, _IOC(_IOC_READ|_IOC_WRITE, 0x46, 0x2a, 0x20), 0x7ffc50619e20) = 0
3947862 ioctl(8, _IOC(_IOC_READ|_IOC_WRITE, 0x46, 0x2a, 0x20), 0x7ffc5061a470) = 0
3947862 ioctl(8, _IOC(_IOC_READ|_IOC_WRITE, 0x46, 0x2a, 0x20), 0x7ffc5061ace0) = 0
3947862 ioctl(8, _IOC(_IOC_READ|_IOC_WRITE, 0x46, 0x2a, 0x20), 0x7ffc5061aeb0) = 0
3947862 ioctl(8, _IOC(_IOC_READ|_IOC_WRITE, 0x46, 0x2a, 0x20), 0x7ffc5061aba0) = 0
3947862 ioctl(8, _IOC(_IOC_READ|_IOC_WRITE, 0x46, 0x2a, 0x20), 0x7ffc5061aba0) = 0
3947862 ioctl(8, _IOC(_IOC_READ|_IOC_WRITE, 0x46, 0x2a, 0x20), 0x7ffc5061aba0) = 0
3947862 ioctl(8, _IOC(_IOC_READ|_IOC_WRITE, 0x46, 0x2a, 0x20), 0x7ffc5061aba0) = 0
3947862 ioctl(8, _IOC(_IOC_READ|_IOC_WRITE, 0x46, 0x2a, 0x20), 0x7ffc5061aba0) = 0
3947862 ioctl(8, _IOC(_IOC_READ|_IOC_WRITE, 0x46, 0x2a, 0x20), 0x7ffc5061a9f0) = 0
3947862 ioctl(8, _IOC(_IOC_READ|_IOC_WRITE, 0x46, 0x2a, 0x20), 0x7ffc5061ad00) = 0
3947862 ioctl(8, _IOC(_IOC_READ|_IOC_WRITE, 0x46, 0x2a, 0x20), 0x7ffc5061ada0) = 0
3947862 ioctl(8, _IOC(_IOC_READ|_IOC_WRITE, 0x46, 0x2a, 0x20), 0x7ffc5061aeb0) = 0
3947862 ioctl(8, _IOC(_IOC_READ|_IOC_WRITE, 0x46, 0x2a, 0x20), 0x7ffc5061aeb0) = 0
3947862 openat(AT_FDCWD, "/dev/nvidia1", O_RDWR|O_CLOEXEC) = 20
3947862 ioctl(20, _IOC(_IOC_READ|_IOC_WRITE, 0x46, 0xc9, 0x4), 0x7ffc5061bf70) = 0
3947862 ioctl(20, _IOC(_IOC_READ|_IOC_WRITE, 0x46, 0xce, 0x10), 0x7ffc5061bf60) = 0
3947862 ioctl(8, _IOC(_IOC_READ|_IOC_WRITE, 0x46, 0x2a, 0x20), 0x7ffc5061ac00) = 0
3947862 ioctl(8, _IOC(_IOC_READ|_IOC_WRITE, 0x46, 0x2a, 0x20), 0x7ffc5061ade0) = 0
3947862 ioctl(8, _IOC(_IOC_READ|_IOC_WRITE, 0x46, 0x2a, 0x20), 0x7ffc5061ade0) = 0
3947862 ioctl(8, _IOC(_IOC_READ|_IOC_WRITE, 0x46, 0x2a, 0x20), 0x7ffc5061ade0) = 0
3947862 ioctl(8, _IOC(_IOC_READ|_IOC_WRITE, 0x46, 0x2a, 0x20), 0x7ffc5061ade0) = 0
3947862 ioctl(8, _IOC(_IOC_READ|_IOC_WRITE, 0x46, 0x2a, 0x20), 0x7ffc5061ade0) = 0
3947862 ioctl(8, _IOC(_IOC_READ|_IOC_WRITE, 0x46, 0x2a, 0x20), 0x7ffc5061ade0) = 0
3947862 ioctl(8, _IOC(_IOC_READ|_IOC_WRITE, 0x46, 0x2a, 0x20), 0x7ffc5061ade0) = 0
3947862 ioctl(8, _IOC(_IOC_READ|_IOC_WRITE, 0x46, 0x2a, 0x20), 0x7ffc5061add0) = 0
3947862 ioctl(8, _IOC(_IOC_READ|_IOC_WRITE, 0x46, 0x2a, 0x20), 0x7ffc5061ad50) = 0
3947862 ioctl(8, _IOC(_IOC_READ|_IOC_WRITE, 0x46, 0x2a, 0x20), 0x7ffc5061ace0) = 0
3947862 ioctl(8, _IOC(_IOC_READ|_IOC_WRITE, 0x46, 0x2a, 0x20), 0x7ffc50618830) = 0
3947862 ioctl(8, _IOC(_IOC_READ|_IOC_WRITE, 0x46, 0x2a, 0x20), 0x7ffc506198e0) = 0
3947862 ioctl(8, _IOC(_IOC_READ|_IOC_WRITE, 0x46, 0x2a, 0x20), 0x7ffc5061aee0) = 0
3947862 ioctl(8, _IOC(_IOC_READ|_IOC_WRITE, 0x46, 0x2a, 0x20), 0x7ffc5061ad30) = 0
3947862 ioctl(8, _IOC(_IOC_READ|_IOC_WRITE, 0x46, 0x2b, 0x30), 0x7ffc5061bf50) = 0
3947862 ioctl(8, _IOC(_IOC_READ|_IOC_WRITE, 0x46, 0x2a, 0x20), 0x7ffc5061ad20) = 0
3947862 openat(AT_FDCWD, "/dev/nvidia1", O_RDWR|O_CLOEXEC) = 21
3947862 ioctl(8, _IOC(_IOC_READ|_IOC_WRITE, 0x46, 0x4e, 0x38), 0x7ffc5061bee0) = 0
3947862 close(21)                       = 0
3947862 ioctl(8, _IOC(_IOC_READ|_IOC_WRITE, 0x46, 0x2b, 0x30), 0x7ffc5061bf60) = 0
3947862 ioctl(8, _IOC(_IOC_READ|_IOC_WRITE, 0x46, 0x2a, 0x20), 0x7ffc5061aee0) = 0
3947862 ioctl(8, _IOC(_IOC_READ|_IOC_WRITE, 0x46, 0x2a, 0x20), 0x7ffc5061ae80) = 0
3947862 ioctl(8, _IOC(_IOC_READ|_IOC_WRITE, 0x46, 0x2b, 0x30), 0x7ffc5061bfd0) = 0
3947862 ioctl(8, _IOC(_IOC_READ|_IOC_WRITE, 0x46, 0x2b, 0x30), 0x7ffc5061bfd0) = 0
3947862 ioctl(8, _IOC(_IOC_READ|_IOC_WRITE, 0x46, 0x2a, 0x20), 0x7ffc5061aeb0) = 0
3947862 ioctl(8, _IOC(_IOC_READ|_IOC_WRITE, 0x46, 0x2a, 0x20), 0x7ffc5061ae10) = 0
3947862 ioctl(8, _IOC(_IOC_READ|_IOC_WRITE, 0x46, 0x2a, 0x20), 0x7ffc5061ae10) = 0
3947862 ioctl(8, _IOC(_IOC_READ|_IOC_WRITE, 0x46, 0x2a, 0x20), 0x7ffc5061af10) = 0
3947862 ioctl(8, _IOC(_IOC_READ|_IOC_WRITE, 0x46, 0x2a, 0x20), 0x7ffc5061add0) = 0
3947862 openat(AT_FDCWD, "/sys/bus/pci/devices/0000:65:00.0/numa_node", O_RDONLY) = 21
3947862 close(21)                       = 0
3947862 ioctl(8, _IOC(_IOC_READ|_IOC_WRITE, 0x46, 0x2a, 0x20), 0x7ffc5061b0b0) = 0
3947862 ioctl(8, _IOC(_IOC_READ|_IOC_WRITE, 0x46, 0x29, 0x10), 0x7ffc5061c150) = 0
3947862 ioctl(8, _IOC(_IOC_READ|_IOC_WRITE, 0x46, 0x2a, 0x20), 0x7ffc5061af40) = 0
3947862 ioctl(8, _IOC(_IOC_READ|_IOC_WRITE, 0x46, 0x2a, 0x20), 0x7ffc5061af40) = 0
3947862 ioctl(8, _IOC(_IOC_READ|_IOC_WRITE, 0x46, 0x2a, 0x20), 0x7ffc5061af40) = 0
3947862 ioctl(8, _IOC(_IOC_READ|_IOC_WRITE, 0x46, 0x2a, 0x20), 0x7ffc5061af40) = 0
3947862 openat(AT_FDCWD, "/proc/driver/nvidia/params", O_RDONLY) = 21
3947862 close(21)                       = 0
3947862 openat(AT_FDCWD, "/proc/driver/nvidia/params", O_RDONLY) = 21
3947862 close(21)                       = 0
3947862 openat(AT_FDCWD, "/dev/nvidia2", O_RDWR|O_CLOEXEC) = 21
3947862 ioctl(21, _IOC(_IOC_READ|_IOC_WRITE, 0x46, 0xc9, 0x4), 0x7ffc5061c0c0) = 0
3947862 ioctl(21, _IOC(_IOC_READ|_IOC_WRITE, 0x46, 0xd7, 0x230), 0x7ffc5061be40) = 0
3947862 ioctl(8, _IOC(_IOC_READ|_IOC_WRITE, 0x46, 0x2b, 0x30), 0x7ffc5061c190) = 0
3947862 ioctl(8, _IOC(_IOC_READ|_IOC_WRITE, 0x46, 0x2a, 0x20), 0x7ffc5061b0c0) = 0
3947862 ioctl(8, _IOC(_IOC_READ|_IOC_WRITE, 0x46, 0x2a, 0x20), 0x7ffc5061af20) = 0
3947862 ioctl(8, _IOC(_IOC_READ|_IOC_WRITE, 0x46, 0x2a, 0x20), 0x7ffc5061b0c0) = 0
3947862 ioctl(8, _IOC(_IOC_READ|_IOC_WRITE, 0x46, 0x2a, 0x20), 0x7ffc5061b030) = 0
3947862 ioctl(8, _IOC(_IOC_READ|_IOC_WRITE, 0x46, 0x2a, 0x20), 0x7ffc5061af30) = 0
3947862 ioctl(8, _IOC(_IOC_READ|_IOC_WRITE, 0x46, 0x2a, 0x20), 0x7ffc5061af30) = 0
3947862 ioctl(8, _IOC(_IOC_READ|_IOC_WRITE, 0x46, 0x2a, 0x20), 0x7ffc5061af30) = 0
3947862 ioctl(8, _IOC(_IOC_READ|_IOC_WRITE, 0x46, 0x2a, 0x20), 0x7ffc5061af30) = 0
3947862 openat(AT_FDCWD, "/proc/driver/nvidia/params", O_RDONLY) = 22
3947862 close(22)                       = 0
3947862 openat(AT_FDCWD, "/proc/driver/nvidia/params", O_RDONLY) = 22
3947862 close(22)                       = 0
3947862 openat(AT_FDCWD, "/dev/nvidia2", O_RDWR|O_CLOEXEC) = 22
3947862 ioctl(22, _IOC(_IOC_READ|_IOC_WRITE, 0x46, 0xc9, 0x4), 0x7ffc5061c0b0) = 0
3947862 ioctl(8, _IOC(_IOC_READ|_IOC_WRITE, 0x46, 0x2b, 0x30), 0x7ffc5061c1c0) = 0
3947862 ioctl(8, _IOC(_IOC_READ|_IOC_WRITE, 0x46, 0x2b, 0x30), 0x7ffc5061c1e0) = 0
3947862 ioctl(8, _IOC(_IOC_READ|_IOC_WRITE, 0x46, 0x2a, 0x20), 0x7ffc5061af10) = 0
3947862 ioctl(8, _IOC(_IOC_READ|_IOC_WRITE, 0x46, 0x2a, 0x20), 0x7ffc5061aa10) = 0
3947862 ioctl(8, _IOC(_IOC_READ|_IOC_WRITE, 0x46, 0x2a, 0x20), 0x7ffc5061afc0) = 0
3947862 ioctl(8, _IOC(_IOC_READ|_IOC_WRITE, 0x46, 0x2a, 0x20), 0x7ffc5061a630) = 0
3947862 ioctl(8, _IOC(_IOC_READ|_IOC_WRITE, 0x46, 0x2a, 0x20), 0x7ffc50619e20) = 0
3947862 ioctl(8, _IOC(_IOC_READ|_IOC_WRITE, 0x46, 0x2a, 0x20), 0x7ffc5061a470) = 0
3947862 ioctl(8, _IOC(_IOC_READ|_IOC_WRITE, 0x46, 0x2a, 0x20), 0x7ffc5061ace0) = 0
3947862 ioctl(8, _IOC(_IOC_READ|_IOC_WRITE, 0x46, 0x2a, 0x20), 0x7ffc5061aeb0) = 0
3947862 ioctl(8, _IOC(_IOC_READ|_IOC_WRITE, 0x46, 0x2a, 0x20), 0x7ffc5061aba0) = 0
3947862 ioctl(8, _IOC(_IOC_READ|_IOC_WRITE, 0x46, 0x2a, 0x20), 0x7ffc5061aba0) = 0
3947862 ioctl(8, _IOC(_IOC_READ|_IOC_WRITE, 0x46, 0x2a, 0x20), 0x7ffc5061aba0) = 0
3947862 ioctl(8, _IOC(_IOC_READ|_IOC_WRITE, 0x46, 0x2a, 0x20), 0x7ffc5061aba0) = 0
3947862 ioctl(8, _IOC(_IOC_READ|_IOC_WRITE, 0x46, 0x2a, 0x20), 0x7ffc5061aba0) = 0
3947862 ioctl(8, _IOC(_IOC_READ|_IOC_WRITE, 0x46, 0x2a, 0x20), 0x7ffc5061a9f0) = 0
3947862 ioctl(8, _IOC(_IOC_READ|_IOC_WRITE, 0x46, 0x2a, 0x20), 0x7ffc5061ad00) = 0
3947862 ioctl(8, _IOC(_IOC_READ|_IOC_WRITE, 0x46, 0x2a, 0x20), 0x7ffc5061ada0) = 0
3947862 ioctl(8, _IOC(_IOC_READ|_IOC_WRITE, 0x46, 0x2a, 0x20), 0x7ffc5061aeb0) = 0
3947862 ioctl(8, _IOC(_IOC_READ|_IOC_WRITE, 0x46, 0x2a, 0x20), 0x7ffc5061aeb0) = 0
3947862 openat(AT_FDCWD, "/dev/nvidia2", O_RDWR|O_CLOEXEC) = 23
3947862 ioctl(23, _IOC(_IOC_READ|_IOC_WRITE, 0x46, 0xc9, 0x4), 0x7ffc5061bf70) = 0
3947862 ioctl(23, _IOC(_IOC_READ|_IOC_WRITE, 0x46, 0xce, 0x10), 0x7ffc5061bf60) = 0
3947862 ioctl(8, _IOC(_IOC_READ|_IOC_WRITE, 0x46, 0x2a, 0x20), 0x7ffc5061ac00) = 0
3947862 ioctl(8, _IOC(_IOC_READ|_IOC_WRITE, 0x46, 0x2a, 0x20), 0x7ffc5061ade0) = 0
3947862 ioctl(8, _IOC(_IOC_READ|_IOC_WRITE, 0x46, 0x2a, 0x20), 0x7ffc5061ade0) = 0
3947862 ioctl(8, _IOC(_IOC_READ|_IOC_WRITE, 0x46, 0x2a, 0x20), 0x7ffc5061ade0) = 0
3947862 ioctl(8, _IOC(_IOC_READ|_IOC_WRITE, 0x46, 0x2a, 0x20), 0x7ffc5061ade0) = 0
3947862 ioctl(8, _IOC(_IOC_READ|_IOC_WRITE, 0x46, 0x2a, 0x20), 0x7ffc5061ade0) = 0
3947862 ioctl(8, _IOC(_IOC_READ|_IOC_WRITE, 0x46, 0x2a, 0x20), 0x7ffc5061ade0) = 0
3947862 ioctl(8, _IOC(_IOC_READ|_IOC_WRITE, 0x46, 0x2a, 0x20), 0x7ffc5061ade0) = 0
3947862 ioctl(8, _IOC(_IOC_READ|_IOC_WRITE, 0x46, 0x2a, 0x20), 0x7ffc5061add0) = 0
3947862 ioctl(8, _IOC(_IOC_READ|_IOC_WRITE, 0x46, 0x2a, 0x20), 0x7ffc5061ad50) = 0
3947862 ioctl(8, _IOC(_IOC_READ|_IOC_WRITE, 0x46, 0x2a, 0x20), 0x7ffc5061ace0) = 0
3947862 ioctl(8, _IOC(_IOC_READ|_IOC_WRITE, 0x46, 0x2a, 0x20), 0x7ffc50618830) = 0
3947862 ioctl(8, _IOC(_IOC_READ|_IOC_WRITE, 0x46, 0x2a, 0x20), 0x7ffc506198e0) = 0
3947862 ioctl(8, _IOC(_IOC_READ|_IOC_WRITE, 0x46, 0x2a, 0x20), 0x7ffc5061aee0) = 0
3947862 ioctl(8, _IOC(_IOC_READ|_IOC_WRITE, 0x46, 0x2a, 0x20), 0x7ffc5061ad30) = 0
3947862 ioctl(8, _IOC(_IOC_READ|_IOC_WRITE, 0x46, 0x2b, 0x30), 0x7ffc5061bf50) = 0
3947862 ioctl(8, _IOC(_IOC_READ|_IOC_WRITE, 0x46, 0x2a, 0x20), 0x7ffc5061ad20) = 0
3947862 openat(AT_FDCWD, "/dev/nvidia2", O_RDWR|O_CLOEXEC) = 24
3947862 ioctl(8, _IOC(_IOC_READ|_IOC_WRITE, 0x46, 0x4e, 0x38), 0x7ffc5061bee0) = 0
3947862 close(24)                       = 0
3947862 ioctl(8, _IOC(_IOC_READ|_IOC_WRITE, 0x46, 0x2b, 0x30), 0x7ffc5061bf60) = 0
3947862 ioctl(8, _IOC(_IOC_READ|_IOC_WRITE, 0x46, 0x2a, 0x20), 0x7ffc5061aee0) = 0
3947862 ioctl(8, _IOC(_IOC_READ|_IOC_WRITE, 0x46, 0x2a, 0x20), 0x7ffc5061ae80) = 0
3947862 ioctl(8, _IOC(_IOC_READ|_IOC_WRITE, 0x46, 0x2b, 0x30), 0x7ffc5061bfd0) = 0
3947862 ioctl(8, _IOC(_IOC_READ|_IOC_WRITE, 0x46, 0x2b, 0x30), 0x7ffc5061bfd0) = 0
3947862 ioctl(8, _IOC(_IOC_READ|_IOC_WRITE, 0x46, 0x2a, 0x20), 0x7ffc5061aeb0) = 0
3947862 ioctl(8, _IOC(_IOC_READ|_IOC_WRITE, 0x46, 0x2a, 0x20), 0x7ffc5061ae10) = 0
3947862 ioctl(8, _IOC(_IOC_READ|_IOC_WRITE, 0x46, 0x2a, 0x20), 0x7ffc5061ae10) = 0
3947862 ioctl(8, _IOC(_IOC_READ|_IOC_WRITE, 0x46, 0x2a, 0x20), 0x7ffc5061af10) = 0
3947862 ioctl(8, _IOC(_IOC_READ|_IOC_WRITE, 0x46, 0x2a, 0x20), 0x7ffc5061add0) = 0
3947862 openat(AT_FDCWD, "/sys/bus/pci/devices/0000:ca:00.0/numa_node", O_RDONLY) = 24
3947862 close(24)                       = 0
3947862 ioctl(8, _IOC(_IOC_READ|_IOC_WRITE, 0x46, 0x2a, 0x20), 0x7ffc5061b0b0) = 0
3947862 ioctl(8, _IOC(_IOC_READ|_IOC_WRITE, 0x46, 0x29, 0x10), 0x7ffc5061c150) = 0
3947862 ioctl(8, _IOC(_IOC_READ|_IOC_WRITE, 0x46, 0x2a, 0x20), 0x7ffc5061af40) = 0
3947862 ioctl(8, _IOC(_IOC_READ|_IOC_WRITE, 0x46, 0x2a, 0x20), 0x7ffc5061af40) = 0
3947862 ioctl(8, _IOC(_IOC_READ|_IOC_WRITE, 0x46, 0x2a, 0x20), 0x7ffc5061af40) = 0
3947862 ioctl(8, _IOC(_IOC_READ|_IOC_WRITE, 0x46, 0x2a, 0x20), 0x7ffc5061af40) = 0
3947862 ioctl(8, _IOC(_IOC_READ|_IOC_WRITE, 0x46, 0x2a, 0x20), 0x7ffc5061af40) = 0
3947862 openat(AT_FDCWD, "/proc/driver/nvidia/params", O_RDONLY) = 24
3947862 close(24)                       = 0
3947862 openat(AT_FDCWD, "/proc/driver/nvidia/params", O_RDONLY) = 24
3947862 close(24)                       = 0
3947862 openat(AT_FDCWD, "/dev/nvidia3", O_RDWR|O_CLOEXEC) = 24
3947862 ioctl(24, _IOC(_IOC_READ|_IOC_WRITE, 0x46, 0xc9, 0x4), 0x7ffc5061c0c0) = 0
3947862 ioctl(24, _IOC(_IOC_READ|_IOC_WRITE, 0x46, 0xd7, 0x230), 0x7ffc5061be40) = 0
3947862 ioctl(8, _IOC(_IOC_READ|_IOC_WRITE, 0x46, 0x2b, 0x30), 0x7ffc5061c190) = 0
3947862 ioctl(8, _IOC(_IOC_READ|_IOC_WRITE, 0x46, 0x2a, 0x20), 0x7ffc5061b0c0) = 0
3947862 ioctl(8, _IOC(_IOC_READ|_IOC_WRITE, 0x46, 0x2a, 0x20), 0x7ffc5061af20) = 0
3947862 ioctl(8, _IOC(_IOC_READ|_IOC_WRITE, 0x46, 0x2a, 0x20), 0x7ffc5061b0c0) = 0
3947862 ioctl(8, _IOC(_IOC_READ|_IOC_WRITE, 0x46, 0x2a, 0x20), 0x7ffc5061b030) = 0
3947862 ioctl(8, _IOC(_IOC_READ|_IOC_WRITE, 0x46, 0x2a, 0x20), 0x7ffc5061af30) = 0
3947862 ioctl(8, _IOC(_IOC_READ|_IOC_WRITE, 0x46, 0x2a, 0x20), 0x7ffc5061af30) = 0
3947862 ioctl(8, _IOC(_IOC_READ|_IOC_WRITE, 0x46, 0x2a, 0x20), 0x7ffc5061af30) = 0
3947862 ioctl(8, _IOC(_IOC_READ|_IOC_WRITE, 0x46, 0x2a, 0x20), 0x7ffc5061af30) = 0
3947862 ioctl(8, _IOC(_IOC_READ|_IOC_WRITE, 0x46, 0x2a, 0x20), 0x7ffc5061af30) = 0
3947862 openat(AT_FDCWD, "/proc/driver/nvidia/params", O_RDONLY) = 25
3947862 close(25)                       = 0
3947862 openat(AT_FDCWD, "/proc/driver/nvidia/params", O_RDONLY) = 25
3947862 close(25)                       = 0
3947862 openat(AT_FDCWD, "/dev/nvidia3", O_RDWR|O_CLOEXEC) = 25
3947862 ioctl(25, _IOC(_IOC_READ|_IOC_WRITE, 0x46, 0xc9, 0x4), 0x7ffc5061c0b0) = 0
3947862 ioctl(8, _IOC(_IOC_READ|_IOC_WRITE, 0x46, 0x2b, 0x30), 0x7ffc5061c1c0) = 0
3947862 ioctl(8, _IOC(_IOC_READ|_IOC_WRITE, 0x46, 0x2b, 0x30), 0x7ffc5061c1e0) = 0
3947862 ioctl(8, _IOC(_IOC_READ|_IOC_WRITE, 0x46, 0x2a, 0x20), 0x7ffc5061af10) = 0
3947862 ioctl(8, _IOC(_IOC_READ|_IOC_WRITE, 0x46, 0x2a, 0x20), 0x7ffc5061aa10) = 0
3947862 ioctl(8, _IOC(_IOC_READ|_IOC_WRITE, 0x46, 0x2a, 0x20), 0x7ffc5061afc0) = 0
3947862 ioctl(8, _IOC(_IOC_READ|_IOC_WRITE, 0x46, 0x2a, 0x20), 0x7ffc5061a630) = 0
3947862 ioctl(8, _IOC(_IOC_READ|_IOC_WRITE, 0x46, 0x2a, 0x20), 0x7ffc50619e20) = 0
3947862 ioctl(8, _IOC(_IOC_READ|_IOC_WRITE, 0x46, 0x2a, 0x20), 0x7ffc5061a470) = 0
3947862 ioctl(8, _IOC(_IOC_READ|_IOC_WRITE, 0x46, 0x2a, 0x20), 0x7ffc5061ace0) = 0
3947862 ioctl(8, _IOC(_IOC_READ|_IOC_WRITE, 0x46, 0x2a, 0x20), 0x7ffc5061aeb0) = 0
3947862 ioctl(8, _IOC(_IOC_READ|_IOC_WRITE, 0x46, 0x2a, 0x20), 0x7ffc5061aba0) = 0
3947862 ioctl(8, _IOC(_IOC_READ|_IOC_WRITE, 0x46, 0x2a, 0x20), 0x7ffc5061aba0) = 0
3947862 ioctl(8, _IOC(_IOC_READ|_IOC_WRITE, 0x46, 0x2a, 0x20), 0x7ffc5061aba0) = 0
3947862 ioctl(8, _IOC(_IOC_READ|_IOC_WRITE, 0x46, 0x2a, 0x20), 0x7ffc5061aba0) = 0
3947862 ioctl(8, _IOC(_IOC_READ|_IOC_WRITE, 0x46, 0x2a, 0x20), 0x7ffc5061aba0) = 0
3947862 ioctl(8, _IOC(_IOC_READ|_IOC_WRITE, 0x46, 0x2a, 0x20), 0x7ffc5061a9f0) = 0
3947862 ioctl(8, _IOC(_IOC_READ|_IOC_WRITE, 0x46, 0x2a, 0x20), 0x7ffc5061ad00) = 0
3947862 ioctl(8, _IOC(_IOC_READ|_IOC_WRITE, 0x46, 0x2a, 0x20), 0x7ffc5061ada0) = 0
3947862 ioctl(8, _IOC(_IOC_READ|_IOC_WRITE, 0x46, 0x2a, 0x20), 0x7ffc5061aeb0) = 0
3947862 ioctl(8, _IOC(_IOC_READ|_IOC_WRITE, 0x46, 0x2a, 0x20), 0x7ffc5061aeb0) = 0
3947862 openat(AT_FDCWD, "/dev/nvidia3", O_RDWR|O_CLOEXEC) = 26
3947862 ioctl(26, _IOC(_IOC_READ|_IOC_WRITE, 0x46, 0xc9, 0x4), 0x7ffc5061bf70) = 0
3947862 ioctl(26, _IOC(_IOC_READ|_IOC_WRITE, 0x46, 0xce, 0x10), 0x7ffc5061bf60) = 0
3947862 ioctl(8, _IOC(_IOC_READ|_IOC_WRITE, 0x46, 0x2a, 0x20), 0x7ffc5061ac00) = 0
3947862 ioctl(8, _IOC(_IOC_READ|_IOC_WRITE, 0x46, 0x2a, 0x20), 0x7ffc5061ade0) = 0
3947862 ioctl(8, _IOC(_IOC_READ|_IOC_WRITE, 0x46, 0x2a, 0x20), 0x7ffc5061ade0) = 0
3947862 ioctl(8, _IOC(_IOC_READ|_IOC_WRITE, 0x46, 0x2a, 0x20), 0x7ffc5061ade0) = 0
3947862 ioctl(8, _IOC(_IOC_READ|_IOC_WRITE, 0x46, 0x2a, 0x20), 0x7ffc5061ade0) = 0
3947862 ioctl(8, _IOC(_IOC_READ|_IOC_WRITE, 0x46, 0x2a, 0x20), 0x7ffc5061ade0) = 0
3947862 ioctl(8, _IOC(_IOC_READ|_IOC_WRITE, 0x46, 0x2a, 0x20), 0x7ffc5061ade0) = 0
3947862 ioctl(8, _IOC(_IOC_READ|_IOC_WRITE, 0x46, 0x2a, 0x20), 0x7ffc5061ade0) = 0
3947862 ioctl(8, _IOC(_IOC_READ|_IOC_WRITE, 0x46, 0x2a, 0x20), 0x7ffc5061add0) = 0
3947862 ioctl(8, _IOC(_IOC_READ|_IOC_WRITE, 0x46, 0x2a, 0x20), 0x7ffc5061ad50) = 0
3947862 ioctl(8, _IOC(_IOC_READ|_IOC_WRITE, 0x46, 0x2a, 0x20), 0x7ffc5061ace0) = 0
3947862 ioctl(8, _IOC(_IOC_READ|_IOC_WRITE, 0x46, 0x2a, 0x20), 0x7ffc50618830) = 0
3947862 ioctl(8, _IOC(_IOC_READ|_IOC_WRITE, 0x46, 0x2a, 0x20), 0x7ffc506198e0) = 0
3947862 ioctl(8, _IOC(_IOC_READ|_IOC_WRITE, 0x46, 0x2a, 0x20), 0x7ffc5061aee0) = 0
3947862 ioctl(8, _IOC(_IOC_READ|_IOC_WRITE, 0x46, 0x2a, 0x20), 0x7ffc5061ad30) = 0
3947862 ioctl(8, _IOC(_IOC_READ|_IOC_WRITE, 0x46, 0x2b, 0x30), 0x7ffc5061bf50) = 0
3947862 ioctl(8, _IOC(_IOC_READ|_IOC_WRITE, 0x46, 0x2a, 0x20), 0x7ffc5061ad20) = 0
3947862 openat(AT_FDCWD, "/dev/nvidia3", O_RDWR|O_CLOEXEC) = 27
3947862 ioctl(8, _IOC(_IOC_READ|_IOC_WRITE, 0x46, 0x4e, 0x38), 0x7ffc5061bee0) = 0
3947862 close(27)                       = 0
3947862 ioctl(8, _IOC(_IOC_READ|_IOC_WRITE, 0x46, 0x2b, 0x30), 0x7ffc5061bf60) = 0
3947862 ioctl(8, _IOC(_IOC_READ|_IOC_WRITE, 0x46, 0x2a, 0x20), 0x7ffc5061aee0) = 0
3947862 ioctl(8, _IOC(_IOC_READ|_IOC_WRITE, 0x46, 0x2a, 0x20), 0x7ffc5061ae80) = 0
3947862 ioctl(8, _IOC(_IOC_READ|_IOC_WRITE, 0x46, 0x2b, 0x30), 0x7ffc5061bfd0) = 0
3947862 ioctl(8, _IOC(_IOC_READ|_IOC_WRITE, 0x46, 0x2b, 0x30), 0x7ffc5061bfd0) = 0
3947862 ioctl(8, _IOC(_IOC_READ|_IOC_WRITE, 0x46, 0x2a, 0x20), 0x7ffc5061aeb0) = 0
3947862 ioctl(8, _IOC(_IOC_READ|_IOC_WRITE, 0x46, 0x2a, 0x20), 0x7ffc5061ae10) = 0
3947862 ioctl(8, _IOC(_IOC_READ|_IOC_WRITE, 0x46, 0x2a, 0x20), 0x7ffc5061ae10) = 0
3947862 ioctl(8, _IOC(_IOC_READ|_IOC_WRITE, 0x46, 0x2a, 0x20), 0x7ffc5061af10) = 0
3947862 ioctl(8, _IOC(_IOC_READ|_IOC_WRITE, 0x46, 0x2a, 0x20), 0x7ffc5061add0) = 0
3947862 openat(AT_FDCWD, "/sys/bus/pci/devices/0000:e3:00.0/numa_node", O_RDONLY) = 27
3947862 close(27)                       = 0
3947862 ioctl(8, _IOC(_IOC_READ|_IOC_WRITE, 0x46, 0x2a, 0x20), 0x7ffc5061b0c0) = 0
3947862 ioctl(8, _IOC(_IOC_READ|_IOC_WRITE, 0x46, 0x2a, 0x20), 0x7ffc5061c220) = 0
3947862 ioctl(8, _IOC(_IOC_READ|_IOC_WRITE, 0x46, 0x2a, 0x20), 0x7ffc5061c220) = 0
3947862 ioctl(8, _IOC(_IOC_READ|_IOC_WRITE, 0x46, 0x2a, 0x20), 0x7ffc5061c220) = 0
3947862 ioctl(8, _IOC(_IOC_READ|_IOC_WRITE, 0x46, 0x2a, 0x20), 0x7ffc5061c220) = 0
3947862 ioctl(8, _IOC(_IOC_READ|_IOC_WRITE, 0x46, 0x2a, 0x20), 0x7ffc5061c220) = 0
3947862 ioctl(8, _IOC(_IOC_READ|_IOC_WRITE, 0x46, 0x2a, 0x20), 0x7ffc5061c220) = 0
3947862 ioctl(8, _IOC(_IOC_READ|_IOC_WRITE, 0x46, 0x2a, 0x20), 0x7ffc5061c220) = 0
3947862 ioctl(8, _IOC(_IOC_READ|_IOC_WRITE, 0x46, 0x2a, 0x20), 0x7ffc5061c220) = 0
3947862 ioctl(8, _IOC(_IOC_READ|_IOC_WRITE, 0x46, 0x2a, 0x20), 0x7ffc5061b370) = 0
3947862 ioctl(8, _IOC(_IOC_READ|_IOC_WRITE, 0x46, 0x2a, 0x20), 0x7ffc5061b370) = 0
3947862 ioctl(8, _IOC(_IOC_READ|_IOC_WRITE, 0x46, 0x2a, 0x20), 0x7ffc5061b370) = 0
3947862 ioctl(8, _IOC(_IOC_READ|_IOC_WRITE, 0x46, 0x2a, 0x20), 0x7ffc5061b370) = 0
3947862 ioctl(8, _IOC(_IOC_READ|_IOC_WRITE, 0x46, 0x2a, 0x20), 0x7ffc5061b370) = 0
3947862 ioctl(8, _IOC(_IOC_READ|_IOC_WRITE, 0x46, 0x2a, 0x20), 0x7ffc5061bbf0) = 0
3947862 ioctl(8, _IOC(_IOC_READ|_IOC_WRITE, 0x46, 0x2a, 0x20), 0x7ffc5061a3f0) = 0
3947862 ioctl(8, _IOC(_IOC_READ|_IOC_WRITE, 0x46, 0x2a, 0x20), 0x7ffc5061bbf0) = 0
3947862 ioctl(8, _IOC(_IOC_READ|_IOC_WRITE, 0x46, 0x2a, 0x20), 0x7ffc5061a3f0) = 0
3947862 ioctl(8, _IOC(_IOC_READ|_IOC_WRITE, 0x46, 0x2a, 0x20), 0x7ffc5061bbf0) = 0
3947862 ioctl(8, _IOC(_IOC_READ|_IOC_WRITE, 0x46, 0x2a, 0x20), 0x7ffc5061a3f0) = 0
3947862 ioctl(8, _IOC(_IOC_READ|_IOC_WRITE, 0x46, 0x2a, 0x20), 0x7ffc5061bbf0) = 0
3947862 ioctl(8, _IOC(_IOC_READ|_IOC_WRITE, 0x46, 0x2a, 0x20), 0x7ffc5061a3f0) = 0
3947862 ioctl(9, _IOC(_IOC_NONE, 0, 0x25, 0), 0x7ffc5061dac0) = 0
3947862 ioctl(9, _IOC(_IOC_NONE, 0, 0x46, 0), 0x7ffc5061db30) = 0
3947862 ioctl(9, _IOC(_IOC_NONE, 0, 0x25, 0), 0x7ffc5061dac0) = 0
3947862 ioctl(9, _IOC(_IOC_NONE, 0, 0x46, 0), 0x7ffc5061db30) = 0
3947862 ioctl(9, _IOC(_IOC_NONE, 0, 0x25, 0), 0x7ffc5061dac0) = 0
3947862 ioctl(9, _IOC(_IOC_NONE, 0, 0x46, 0), 0x7ffc5061db30) = 0
3947862 ioctl(9, _IOC(_IOC_NONE, 0, 0x25, 0), 0x7ffc5061dac0) = 0
3947862 ioctl(9, _IOC(_IOC_NONE, 0, 0x46, 0), 0x7ffc5061db30) = 0
3947862 ioctl(9, _IOC(_IOC_NONE, 0, 0x17, 0), 0x7ffc5061df90) = 0
3947862 ioctl(8, _IOC(_IOC_READ|_IOC_WRITE, 0x46, 0x2b, 0x30), 0x7ffc5061dcf0) = 0
3947862 ioctl(8, _IOC(_IOC_READ|_IOC_WRITE, 0x46, 0x2b, 0x30), 0x7ffc5061dcf0) = 0
3947862 ioctl(8, _IOC(_IOC_READ|_IOC_WRITE, 0x46, 0x2b, 0x30), 0x7ffc5061dcf0) = 0
3947862 ioctl(8, _IOC(_IOC_READ|_IOC_WRITE, 0x46, 0x2b, 0x30), 0x7ffc5061dcf0) = 0
3947862 ioctl(8, _IOC(_IOC_READ|_IOC_WRITE, 0x46, 0x2b, 0x30), 0x7ffc5061df30) = 0
3947862 ioctl(8, _IOC(_IOC_READ|_IOC_WRITE, 0x46, 0x2a, 0x20), 0x7ffc5061ce10) = 0
3947862 ioctl(8, _IOC(_IOC_READ|_IOC_WRITE, 0x46, 0x2b, 0x30), 0x7ffc5061df30) = 0
3947862 ioctl(8, _IOC(_IOC_READ|_IOC_WRITE, 0x46, 0x2a, 0x20), 0x7ffc5061ce10) = 0
3947862 ioctl(8, _IOC(_IOC_READ|_IOC_WRITE, 0x46, 0x2b, 0x30), 0x7ffc5061df30) = 0
3947862 ioctl(8, _IOC(_IOC_READ|_IOC_WRITE, 0x46, 0x2a, 0x20), 0x7ffc5061ce10) = 0
3947862 ioctl(8, _IOC(_IOC_READ|_IOC_WRITE, 0x46, 0x2b, 0x30), 0x7ffc5061df30) = 0
3947862 ioctl(8, _IOC(_IOC_READ|_IOC_WRITE, 0x46, 0x2a, 0x20), 0x7ffc5061ce10) = 0
3947862 ioctl(8, _IOC(_IOC_READ|_IOC_WRITE, 0x46, 0x2a, 0x20), 0x7ffc5061c560) = 0
3947862 ioctl(8, _IOC(_IOC_READ|_IOC_WRITE, 0x46, 0x2a, 0x20), 0x7ffc5061c570) = 0
3947862 ioctl(8, _IOC(_IOC_READ|_IOC_WRITE, 0x46, 0x2a, 0x20), 0x7ffc5061c5a0) = 0
3947862 ioctl(9, _IOC(_IOC_NONE, 0, 0x19, 0), 0x7ffc5061d680) = 0
3947862 ioctl(8, _IOC(_IOC_READ|_IOC_WRITE, 0x46, 0x2b, 0x30), 0x7ffc5061c950) = 0
3947862 ioctl(9, _IOC(_IOC_NONE, 0, 0x49, 0), 0x7ffc5061c630) = 0
3947862 ioctl(9, _IOC(_IOC_NONE, 0, 0x21, 0), 0x7ffc5061a220) = 0
3947862 ioctl(8, _IOC(_IOC_READ|_IOC_WRITE, 0x46, 0x2b, 0x30), 0x7ffc5061c830) = 0
3947862 ioctl(9, _IOC(_IOC_NONE, 0, 0x49, 0), 0x7ffc5061c510) = 0
3947862 ioctl(9, _IOC(_IOC_NONE, 0, 0x21, 0), 0x7ffc5061a100) = 0
3947862 ioctl(8, _IOC(_IOC_READ|_IOC_WRITE, 0x46, 0x2b, 0x30), 0x7ffc5061c830) = 0
3947862 ioctl(9, _IOC(_IOC_NONE, 0, 0x49, 0), 0x7ffc5061c510) = 0
3947862 ioctl(9, _IOC(_IOC_NONE, 0, 0x21, 0), 0x7ffc5061a100) = 0
3947862 ioctl(8, _IOC(_IOC_READ|_IOC_WRITE, 0x46, 0x2b, 0x30), 0x7ffc5061ca30) = 0
3947862 ioctl(9, _IOC(_IOC_NONE, 0, 0x49, 0), 0x7ffc5061c710) = 0
3947862 ioctl(9, _IOC(_IOC_NONE, 0, 0x21, 0), 0x7ffc5061a300) = 0
3947862 ioctl(8, _IOC(_IOC_READ|_IOC_WRITE, 0x46, 0x2b, 0x30), 0x7ffc5061d310) = 0
3947862 ioctl(8, _IOC(_IOC_READ|_IOC_WRITE, 0x46, 0x2b, 0x30), 0x7ffc5061d300) = 0
3947862 ioctl(8, _IOC(_IOC_READ|_IOC_WRITE, 0x46, 0x2b, 0x30), 0x7ffc5061c1e0) = 0
3947862 ioctl(8, _IOC(_IOC_READ|_IOC_WRITE, 0x46, 0x2a, 0x20), 0x7ffc5061b0a0) = 0
3947862 openat(AT_FDCWD, "/dev/nvidia0", O_RDWR|O_CLOEXEC) = 29
3947862 ioctl(8, _IOC(_IOC_READ|_IOC_WRITE, 0x46, 0x4e, 0x38), 0x7ffc5061c260) = 0
3947862 ioctl(8, _IOC(_IOC_READ|_IOC_WRITE, 0x46, 0x5e, 0x28), 0x7ffc5061c230) = 0
3947862 close(29)                       = 0
3947862 ioctl(9, _IOC(_IOC_NONE, 0, 0x49, 0), 0x7ffc5061bec0) = 0
3947862 ioctl(9, _IOC(_IOC_NONE, 0, 0x21, 0), 0x7ffc50619ab0) = 0
3947862 ioctl(8, _IOC(_IOC_READ|_IOC_WRITE, 0x46, 0x2b, 0x30), 0x7ffc5061c000) = 0
3947862 ioctl(8, _IOC(_IOC_READ|_IOC_WRITE, 0x46, 0x2a, 0x20), 0x7ffc5061aec0) = 0
3947862 openat(AT_FDCWD, "/dev/nvidiactl", O_RDWR|O_CLOEXEC) = 29
3947862 ioctl(8, _IOC(_IOC_READ|_IOC_WRITE, 0x46, 0x4e, 0x38), 0x7ffc5061c080) = 0
3947862 close(29)                       = 0
3947862 ioctl(9, _IOC(_IOC_NONE, 0, 0x49, 0), 0x7ffc5061bce0) = 0
3947862 ioctl(9, _IOC(_IOC_NONE, 0, 0x21, 0), 0x7ffc506198d0) = 0
3947862 ioctl(8, _IOC(_IOC_READ|_IOC_WRITE, 0x46, 0x2b, 0x30), 0x7ffc5061c360) = 0
3947862 ioctl(8, _IOC(_IOC_READ|_IOC_WRITE, 0x46, 0x2a, 0x20), 0x7ffc5061b220) = 0
3947862 openat(AT_FDCWD, "/dev/nvidiactl", O_RDWR|O_CLOEXEC) = 29
3947862 ioctl(8, _IOC(_IOC_READ|_IOC_WRITE, 0x46, 0x4e, 0x38), 0x7ffc5061c3e0) = 0
3947862 close(29)                       = 0
3947862 ioctl(8, _IOC(_IOC_READ|_IOC_WRITE, 0x46, 0x2b, 0x30), 0x7ffc5061cd00) = 0
3947862 ioctl(8, _IOC(_IOC_READ|_IOC_WRITE, 0x46, 0x2a, 0x20), 0x7ffc5061bd70) = 0
3947862 ioctl(8, _IOC(_IOC_READ|_IOC_WRITE, 0x46, 0x2b, 0x30), 0x7ffc5061ce10) = 0
3947862 ioctl(8, _IOC(_IOC_READ|_IOC_WRITE, 0x46, 0x2a, 0x20), 0x7ffc5061bd30) = 0
3947862 ioctl(8, _IOC(_IOC_READ|_IOC_WRITE, 0x46, 0x2b, 0x30), 0x7ffc5061ce10) = 0
3947862 ioctl(8, _IOC(_IOC_READ|_IOC_WRITE, 0x46, 0x2a, 0x20), 0x7ffc5061bd30) = 0
3947862 ioctl(8, _IOC(_IOC_READ|_IOC_WRITE, 0x46, 0x2a, 0x20), 0x7ffc5061bd80) = 0
3947862 ioctl(8, _IOC(_IOC_READ|_IOC_WRITE, 0x46, 0x2a, 0x20), 0x7ffc5061bd80) = 0
3947862 ioctl(8, _IOC(_IOC_READ|_IOC_WRITE, 0x46, 0x2b, 0x30), 0x7ffc5061c700) = 0
3947862 ioctl(8, _IOC(_IOC_READ|_IOC_WRITE, 0x46, 0x2a, 0x20), 0x7ffc5061b5c0) = 0
3947862 openat(AT_FDCWD, "/dev/nvidiactl", O_RDWR|O_CLOEXEC) = 29
3947862 ioctl(8, _IOC(_IOC_READ|_IOC_WRITE, 0x46, 0x4e, 0x38), 0x7ffc5061c780) = 0
3947862 close(29)                       = 0
3947862 ioctl(9, _IOC(_IOC_NONE, 0, 0x49, 0), 0x7ffc5061c3e0) = 0
3947862 ioctl(9, _IOC(_IOC_NONE, 0, 0x21, 0), 0x7ffc50619fd0) = 0
3947862 ioctl(8, _IOC(_IOC_READ|_IOC_WRITE, 0x46, 0x2b, 0x30), 0x7ffc5061c360) = 0
3947862 ioctl(8, _IOC(_IOC_READ|_IOC_WRITE, 0x46, 0x2a, 0x20), 0x7ffc5061b220) = 0
3947862 openat(AT_FDCWD, "/dev/nvidiactl", O_RDWR|O_CLOEXEC) = 29
3947862 ioctl(8, _IOC(_IOC_READ|_IOC_WRITE, 0x46, 0x4e, 0x38), 0x7ffc5061c3e0) = 0
3947862 close(29)                       = 0
3947862 ioctl(8, _IOC(_IOC_READ|_IOC_WRITE, 0x46, 0x2b, 0x30), 0x7ffc5061cd00) = 0
3947862 ioctl(8, _IOC(_IOC_READ|_IOC_WRITE, 0x46, 0x2a, 0x20), 0x7ffc5061bd70) = 0
3947862 ioctl(8, _IOC(_IOC_READ|_IOC_WRITE, 0x46, 0x2b, 0x30), 0x7ffc5061ce10) = 0
3947862 ioctl(8, _IOC(_IOC_READ|_IOC_WRITE, 0x46, 0x2a, 0x20), 0x7ffc5061bd30) = 0
3947862 ioctl(8, _IOC(_IOC_READ|_IOC_WRITE, 0x46, 0x2b, 0x30), 0x7ffc5061ce10) = 0
3947862 ioctl(8, _IOC(_IOC_READ|_IOC_WRITE, 0x46, 0x2a, 0x20), 0x7ffc5061bd30) = 0
3947862 ioctl(8, _IOC(_IOC_READ|_IOC_WRITE, 0x46, 0x2a, 0x20), 0x7ffc5061bd80) = 0
3947862 ioctl(8, _IOC(_IOC_READ|_IOC_WRITE, 0x46, 0x2a, 0x20), 0x7ffc5061bd80) = 0
3947862 ioctl(8, _IOC(_IOC_READ|_IOC_WRITE, 0x46, 0x2b, 0x30), 0x7ffc5061c360) = 0
3947862 ioctl(8, _IOC(_IOC_READ|_IOC_WRITE, 0x46, 0x2a, 0x20), 0x7ffc5061b220) = 0
3947862 openat(AT_FDCWD, "/dev/nvidiactl", O_RDWR|O_CLOEXEC) = 29
3947862 ioctl(8, _IOC(_IOC_READ|_IOC_WRITE, 0x46, 0x4e, 0x38), 0x7ffc5061c3e0) = 0
3947862 close(29)                       = 0
3947862 ioctl(8, _IOC(_IOC_READ|_IOC_WRITE, 0x46, 0x2b, 0x30), 0x7ffc5061cd00) = 0
3947862 ioctl(8, _IOC(_IOC_READ|_IOC_WRITE, 0x46, 0x2a, 0x20), 0x7ffc5061bd70) = 0
3947862 ioctl(8, _IOC(_IOC_READ|_IOC_WRITE, 0x46, 0x2b, 0x30), 0x7ffc5061ce10) = 0
3947862 ioctl(8, _IOC(_IOC_READ|_IOC_WRITE, 0x46, 0x2a, 0x20), 0x7ffc5061bd30) = 0
3947862 ioctl(8, _IOC(_IOC_READ|_IOC_WRITE, 0x46, 0x2b, 0x30), 0x7ffc5061ce10) = 0
3947862 ioctl(8, _IOC(_IOC_READ|_IOC_WRITE, 0x46, 0x2a, 0x20), 0x7ffc5061bd30) = 0
3947862 ioctl(8, _IOC(_IOC_READ|_IOC_WRITE, 0x46, 0x2a, 0x20), 0x7ffc5061bd80) = 0
3947862 ioctl(8, _IOC(_IOC_READ|_IOC_WRITE, 0x46, 0x2a, 0x20), 0x7ffc5061bd80) = 0
3947862 ioctl(8, _IOC(_IOC_READ|_IOC_WRITE, 0x46, 0x2b, 0x30), 0x7ffc5061c360) = 0
3947862 ioctl(8, _IOC(_IOC_READ|_IOC_WRITE, 0x46, 0x2a, 0x20), 0x7ffc5061b220) = 0
3947862 openat(AT_FDCWD, "/dev/nvidiactl", O_RDWR|O_CLOEXEC) = 29
3947862 ioctl(8, _IOC(_IOC_READ|_IOC_WRITE, 0x46, 0x4e, 0x38), 0x7ffc5061c3e0) = 0
3947862 close(29)                       = 0
3947862 ioctl(8, _IOC(_IOC_READ|_IOC_WRITE, 0x46, 0x2b, 0x30), 0x7ffc5061cd00) = 0
3947862 ioctl(8, _IOC(_IOC_READ|_IOC_WRITE, 0x46, 0x2a, 0x20), 0x7ffc5061bd70) = 0
3947862 ioctl(8, _IOC(_IOC_READ|_IOC_WRITE, 0x46, 0x2b, 0x30), 0x7ffc5061ce10) = 0
3947862 ioctl(8, _IOC(_IOC_READ|_IOC_WRITE, 0x46, 0x2a, 0x20), 0x7ffc5061bd30) = 0
3947862 ioctl(8, _IOC(_IOC_READ|_IOC_WRITE, 0x46, 0x2b, 0x30), 0x7ffc5061ce10) = 0
3947862 ioctl(8, _IOC(_IOC_READ|_IOC_WRITE, 0x46, 0x2a, 0x20), 0x7ffc5061bd30) = 0
3947862 ioctl(8, _IOC(_IOC_READ|_IOC_WRITE, 0x46, 0x2a, 0x20), 0x7ffc5061bd80) = 0
3947862 ioctl(8, _IOC(_IOC_READ|_IOC_WRITE, 0x46, 0x2a, 0x20), 0x7ffc5061bd80) = 0
3947862 ioctl(8, _IOC(_IOC_READ|_IOC_WRITE, 0x46, 0x2b, 0x30), 0x7ffc5061c360) = 0
3947862 ioctl(8, _IOC(_IOC_READ|_IOC_WRITE, 0x46, 0x2a, 0x20), 0x7ffc5061b220) = 0
3947862 openat(AT_FDCWD, "/dev/nvidiactl", O_RDWR|O_CLOEXEC) = 29
3947862 ioctl(8, _IOC(_IOC_READ|_IOC_WRITE, 0x46, 0x4e, 0x38), 0x7ffc5061c3e0) = 0
3947862 close(29)                       = 0
3947862 ioctl(8, _IOC(_IOC_READ|_IOC_WRITE, 0x46, 0x2b, 0x30), 0x7ffc5061cd00) = 0
3947862 ioctl(8, _IOC(_IOC_READ|_IOC_WRITE, 0x46, 0x2a, 0x20), 0x7ffc5061bd70) = 0
3947862 ioctl(8, _IOC(_IOC_READ|_IOC_WRITE, 0x46, 0x2b, 0x30), 0x7ffc5061ce10) = 0
3947862 ioctl(8, _IOC(_IOC_READ|_IOC_WRITE, 0x46, 0x2a, 0x20), 0x7ffc5061bd30) = 0
3947862 ioctl(8, _IOC(_IOC_READ|_IOC_WRITE, 0x46, 0x2b, 0x30), 0x7ffc5061ce10) = 0
3947862 ioctl(8, _IOC(_IOC_READ|_IOC_WRITE, 0x46, 0x2a, 0x20), 0x7ffc5061bd30) = 0
3947862 ioctl(8, _IOC(_IOC_READ|_IOC_WRITE, 0x46, 0x2a, 0x20), 0x7ffc5061bd80) = 0
3947862 ioctl(8, _IOC(_IOC_READ|_IOC_WRITE, 0x46, 0x2a, 0x20), 0x7ffc5061bd80) = 0
3947862 ioctl(8, _IOC(_IOC_READ|_IOC_WRITE, 0x46, 0x2b, 0x30), 0x7ffc5061c360) = 0
3947862 ioctl(8, _IOC(_IOC_READ|_IOC_WRITE, 0x46, 0x2a, 0x20), 0x7ffc5061b220) = 0
3947862 openat(AT_FDCWD, "/dev/nvidiactl", O_RDWR|O_CLOEXEC) = 29
3947862 ioctl(8, _IOC(_IOC_READ|_IOC_WRITE, 0x46, 0x4e, 0x38), 0x7ffc5061c3e0) = 0
3947862 close(29)                       = 0
3947862 ioctl(8, _IOC(_IOC_READ|_IOC_WRITE, 0x46, 0x2b, 0x30), 0x7ffc5061cd00) = 0
3947862 ioctl(8, _IOC(_IOC_READ|_IOC_WRITE, 0x46, 0x2a, 0x20), 0x7ffc5061bd70) = 0
3947862 ioctl(8, _IOC(_IOC_READ|_IOC_WRITE, 0x46, 0x2b, 0x30), 0x7ffc5061ce10) = 0
3947862 ioctl(8, _IOC(_IOC_READ|_IOC_WRITE, 0x46, 0x2a, 0x20), 0x7ffc5061bd30) = 0
3947862 ioctl(8, _IOC(_IOC_READ|_IOC_WRITE, 0x46, 0x2b, 0x30), 0x7ffc5061ce10) = 0
3947862 ioctl(8, _IOC(_IOC_READ|_IOC_WRITE, 0x46, 0x2a, 0x20), 0x7ffc5061bd30) = 0
3947862 ioctl(8, _IOC(_IOC_READ|_IOC_WRITE, 0x46, 0x2a, 0x20), 0x7ffc5061bd80) = 0
3947862 ioctl(8, _IOC(_IOC_READ|_IOC_WRITE, 0x46, 0x2a, 0x20), 0x7ffc5061bd80) = 0
3947862 ioctl(8, _IOC(_IOC_READ|_IOC_WRITE, 0x46, 0x2b, 0x30), 0x7ffc5061c360) = 0
3947862 ioctl(8, _IOC(_IOC_READ|_IOC_WRITE, 0x46, 0x2a, 0x20), 0x7ffc5061b220) = 0
3947862 openat(AT_FDCWD, "/dev/nvidiactl", O_RDWR|O_CLOEXEC) = 29
3947862 ioctl(8, _IOC(_IOC_READ|_IOC_WRITE, 0x46, 0x4e, 0x38), 0x7ffc5061c3e0) = 0
3947862 close(29)                       = 0
3947862 ioctl(8, _IOC(_IOC_READ|_IOC_WRITE, 0x46, 0x2b, 0x30), 0x7ffc5061cd00) = 0
3947862 ioctl(8, _IOC(_IOC_READ|_IOC_WRITE, 0x46, 0x2a, 0x20), 0x7ffc5061bd70) = 0
3947862 ioctl(8, _IOC(_IOC_READ|_IOC_WRITE, 0x46, 0x2b, 0x30), 0x7ffc5061ce10) = 0
3947862 ioctl(8, _IOC(_IOC_READ|_IOC_WRITE, 0x46, 0x2a, 0x20), 0x7ffc5061bd30) = 0
3947862 ioctl(8, _IOC(_IOC_READ|_IOC_WRITE, 0x46, 0x2b, 0x30), 0x7ffc5061ce10) = 0
3947862 ioctl(8, _IOC(_IOC_READ|_IOC_WRITE, 0x46, 0x2a, 0x20), 0x7ffc5061bd30) = 0
3947862 ioctl(8, _IOC(_IOC_READ|_IOC_WRITE, 0x46, 0x2a, 0x20), 0x7ffc5061bd80) = 0
3947862 ioctl(8, _IOC(_IOC_READ|_IOC_WRITE, 0x46, 0x2a, 0x20), 0x7ffc5061bd80) = 0
3947862 ioctl(8, _IOC(_IOC_READ|_IOC_WRITE, 0x46, 0x2b, 0x30), 0x7ffc5061c360) = 0
3947862 ioctl(8, _IOC(_IOC_READ|_IOC_WRITE, 0x46, 0x2a, 0x20), 0x7ffc5061b220) = 0
3947862 openat(AT_FDCWD, "/dev/nvidiactl", O_RDWR|O_CLOEXEC) = 29
3947862 ioctl(8, _IOC(_IOC_READ|_IOC_WRITE, 0x46, 0x4e, 0x38), 0x7ffc5061c3e0) = 0
3947862 close(29)                       = 0
3947862 ioctl(8, _IOC(_IOC_READ|_IOC_WRITE, 0x46, 0x2b, 0x30), 0x7ffc5061cd00) = 0
3947862 ioctl(8, _IOC(_IOC_READ|_IOC_WRITE, 0x46, 0x2a, 0x20), 0x7ffc5061bd70) = 0
3947862 ioctl(8, _IOC(_IOC_READ|_IOC_WRITE, 0x46, 0x2b, 0x30), 0x7ffc5061ce10) = 0
3947862 ioctl(8, _IOC(_IOC_READ|_IOC_WRITE, 0x46, 0x2a, 0x20), 0x7ffc5061bd30) = 0
3947862 ioctl(8, _IOC(_IOC_READ|_IOC_WRITE, 0x46, 0x2b, 0x30), 0x7ffc5061ce10) = 0
3947862 ioctl(8, _IOC(_IOC_READ|_IOC_WRITE, 0x46, 0x2a, 0x20), 0x7ffc5061bd30) = 0
3947862 ioctl(8, _IOC(_IOC_READ|_IOC_WRITE, 0x46, 0x2a, 0x20), 0x7ffc5061bd80) = 0
3947862 ioctl(8, _IOC(_IOC_READ|_IOC_WRITE, 0x46, 0x2a, 0x20), 0x7ffc5061bd80) = 0
3947862 ioctl(9, _IOC(_IOC_NONE, 0, 0x1b, 0), 0x7ffc5061d4c0) = 0
3947862 ioctl(9, _IOC(_IOC_NONE, 0, 0x1b, 0), 0x7ffc5061d4c0) = 0
3947862 ioctl(9, _IOC(_IOC_NONE, 0, 0x1b, 0), 0x7ffc5061d4c0) = 0
3947862 ioctl(9, _IOC(_IOC_NONE, 0, 0x1b, 0), 0x7ffc5061d4c0) = 0
3947862 ioctl(9, _IOC(_IOC_NONE, 0, 0x1b, 0), 0x7ffc5061d4c0) = 0
3947862 ioctl(9, _IOC(_IOC_NONE, 0, 0x1b, 0), 0x7ffc5061d4c0) = 0
3947862 ioctl(9, _IOC(_IOC_NONE, 0, 0x1b, 0), 0x7ffc5061d4c0) = 0
3947862 ioctl(9, _IOC(_IOC_NONE, 0, 0x1b, 0), 0x7ffc5061d4c0) = 0
3947862 ioctl(8, _IOC(_IOC_READ|_IOC_WRITE, 0x46, 0x2a, 0x20), 0x7ffc5061c3d0) = 0
3947862 openat(AT_FDCWD, "/dev/nvidia0", O_RDWR|O_CLOEXEC) = 29
3947862 ioctl(29, _IOC(_IOC_READ|_IOC_WRITE, 0x46, 0xc9, 0x4), 0x7ffc5061d3c0) = 0
3947862 ioctl(29, _IOC(_IOC_READ|_IOC_WRITE, 0x46, 0xce, 0x10), 0x7ffc5061d3b0) = 0
3947862 ioctl(29, _IOC(_IOC_READ|_IOC_WRITE, 0x46, 0x2b, 0x30), 0x7ffc5061d3a0) = 0
3947862 ioctl(8, _IOC(_IOC_READ|_IOC_WRITE, 0x46, 0x2b, 0x30), 0x7ffc5061d310) = 0
3947862 ioctl(8, _IOC(_IOC_READ|_IOC_WRITE, 0x46, 0x2b, 0x30), 0x7ffc5061c360) = 0
3947862 ioctl(8, _IOC(_IOC_READ|_IOC_WRITE, 0x46, 0x2a, 0x20), 0x7ffc5061b220) = 0
3947862 openat(AT_FDCWD, "/dev/nvidiactl", O_RDWR|O_CLOEXEC) = 31
3947862 ioctl(8, _IOC(_IOC_READ|_IOC_WRITE, 0x46, 0x4e, 0x38), 0x7ffc5061c3e0) = 0
3947862 close(31)                       = 0
3947862 ioctl(8, _IOC(_IOC_READ|_IOC_WRITE, 0x46, 0x2b, 0x30), 0x7ffc5061cd00) = 0
3947862 ioctl(8, _IOC(_IOC_READ|_IOC_WRITE, 0x46, 0x2a, 0x20), 0x7ffc5061bd70) = 0
3947862 ioctl(8, _IOC(_IOC_READ|_IOC_WRITE, 0x46, 0x2b, 0x30), 0x7ffc5061ce10) = 0
3947862 ioctl(8, _IOC(_IOC_READ|_IOC_WRITE, 0x46, 0x2a, 0x20), 0x7ffc5061bd30) = 0
3947862 ioctl(8, _IOC(_IOC_READ|_IOC_WRITE, 0x46, 0x2a, 0x20), 0x7ffc5061bd80) = 0
3947862 ioctl(8, _IOC(_IOC_READ|_IOC_WRITE, 0x46, 0x2b, 0x30), 0x7ffc5061c360) = 0
3947862 ioctl(8, _IOC(_IOC_READ|_IOC_WRITE, 0x46, 0x2a, 0x20), 0x7ffc5061b220) = 0
3947862 openat(AT_FDCWD, "/dev/nvidiactl", O_RDWR|O_CLOEXEC) = 31
3947862 ioctl(8, _IOC(_IOC_READ|_IOC_WRITE, 0x46, 0x4e, 0x38), 0x7ffc5061c3e0) = 0
3947862 close(31)                       = 0
3947862 ioctl(8, _IOC(_IOC_READ|_IOC_WRITE, 0x46, 0x2b, 0x30), 0x7ffc5061cd00) = 0
3947862 ioctl(8, _IOC(_IOC_READ|_IOC_WRITE, 0x46, 0x2a, 0x20), 0x7ffc5061bd70) = 0
3947862 ioctl(8, _IOC(_IOC_READ|_IOC_WRITE, 0x46, 0x2b, 0x30), 0x7ffc5061ce10) = 0
3947862 ioctl(8, _IOC(_IOC_READ|_IOC_WRITE, 0x46, 0x2a, 0x20), 0x7ffc5061bd30) = 0
3947862 ioctl(8, _IOC(_IOC_READ|_IOC_WRITE, 0x46, 0x2a, 0x20), 0x7ffc5061bd80) = 0
3947862 ioctl(8, _IOC(_IOC_READ|_IOC_WRITE, 0x46, 0x2b, 0x30), 0x7ffc5061c360) = 0
3947862 ioctl(8, _IOC(_IOC_READ|_IOC_WRITE, 0x46, 0x2a, 0x20), 0x7ffc5061b220) = 0
3947862 openat(AT_FDCWD, "/dev/nvidiactl", O_RDWR|O_CLOEXEC) = 31
3947862 ioctl(8, _IOC(_IOC_READ|_IOC_WRITE, 0x46, 0x4e, 0x38), 0x7ffc5061c3e0) = 0
3947862 close(31)                       = 0
3947862 ioctl(8, _IOC(_IOC_READ|_IOC_WRITE, 0x46, 0x2b, 0x30), 0x7ffc5061cd00) = 0
3947862 ioctl(8, _IOC(_IOC_READ|_IOC_WRITE, 0x46, 0x2a, 0x20), 0x7ffc5061bd70) = 0
3947862 ioctl(8, _IOC(_IOC_READ|_IOC_WRITE, 0x46, 0x2b, 0x30), 0x7ffc5061ce10) = 0
3947862 ioctl(8, _IOC(_IOC_READ|_IOC_WRITE, 0x46, 0x2a, 0x20), 0x7ffc5061bd30) = 0
3947862 ioctl(8, _IOC(_IOC_READ|_IOC_WRITE, 0x46, 0x2a, 0x20), 0x7ffc5061bd80) = 0
3947862 ioctl(8, _IOC(_IOC_READ|_IOC_WRITE, 0x46, 0x2b, 0x30), 0x7ffc5061c360) = 0
3947862 ioctl(8, _IOC(_IOC_READ|_IOC_WRITE, 0x46, 0x2a, 0x20), 0x7ffc5061b220) = 0
3947862 openat(AT_FDCWD, "/dev/nvidiactl", O_RDWR|O_CLOEXEC) = 31
3947862 ioctl(8, _IOC(_IOC_READ|_IOC_WRITE, 0x46, 0x4e, 0x38), 0x7ffc5061c3e0) = 0
3947862 close(31)                       = 0
3947862 ioctl(8, _IOC(_IOC_READ|_IOC_WRITE, 0x46, 0x2b, 0x30), 0x7ffc5061cd00) = 0
3947862 ioctl(8, _IOC(_IOC_READ|_IOC_WRITE, 0x46, 0x2a, 0x20), 0x7ffc5061bd70) = 0
3947862 ioctl(8, _IOC(_IOC_READ|_IOC_WRITE, 0x46, 0x2b, 0x30), 0x7ffc5061ce10) = 0
3947862 ioctl(8, _IOC(_IOC_READ|_IOC_WRITE, 0x46, 0x2a, 0x20), 0x7ffc5061bd30) = 0
3947862 ioctl(8, _IOC(_IOC_READ|_IOC_WRITE, 0x46, 0x2a, 0x20), 0x7ffc5061bd80) = 0
3947862 ioctl(9, _IOC(_IOC_NONE, 0, 0x1b, 0), 0x7ffc5061d4c0) = 0
3947862 ioctl(9, _IOC(_IOC_NONE, 0, 0x1b, 0), 0x7ffc5061d4c0) = 0
3947862 ioctl(9, _IOC(_IOC_NONE, 0, 0x1b, 0), 0x7ffc5061d4c0) = 0
3947862 ioctl(9, _IOC(_IOC_NONE, 0, 0x1b, 0), 0x7ffc5061d4c0) = 0
3947862 ioctl(8, _IOC(_IOC_READ|_IOC_WRITE, 0x46, 0x2a, 0x20), 0x7ffc5061c3d0) = 0
3947862 openat(AT_FDCWD, "/dev/nvidia0", O_RDWR|O_CLOEXEC) = 31
3947862 ioctl(31, _IOC(_IOC_READ|_IOC_WRITE, 0x46, 0xc9, 0x4), 0x7ffc5061d3c0) = 0
3947862 ioctl(31, _IOC(_IOC_READ|_IOC_WRITE, 0x46, 0xce, 0x10), 0x7ffc5061d3b0) = 0
3947862 ioctl(31, _IOC(_IOC_READ|_IOC_WRITE, 0x46, 0x2b, 0x30), 0x7ffc5061d3a0) = 0
3947862 ioctl(8, _IOC(_IOC_READ|_IOC_WRITE, 0x46, 0x2b, 0x30), 0x7ffc5061d310) = 0
3947862 ioctl(8, _IOC(_IOC_READ|_IOC_WRITE, 0x46, 0x2b, 0x30), 0x7ffc5061c360) = 0
3947862 ioctl(8, _IOC(_IOC_READ|_IOC_WRITE, 0x46, 0x2a, 0x20), 0x7ffc5061b220) = 0
3947862 openat(AT_FDCWD, "/dev/nvidiactl", O_RDWR|O_CLOEXEC) = 33
3947862 ioctl(8, _IOC(_IOC_READ|_IOC_WRITE, 0x46, 0x4e, 0x38), 0x7ffc5061c3e0) = 0
3947862 close(33)                       = 0
3947862 ioctl(8, _IOC(_IOC_READ|_IOC_WRITE, 0x46, 0x2b, 0x30), 0x7ffc5061cd00) = 0
3947862 ioctl(8, _IOC(_IOC_READ|_IOC_WRITE, 0x46, 0x2a, 0x20), 0x7ffc5061bd70) = 0
3947862 ioctl(8, _IOC(_IOC_READ|_IOC_WRITE, 0x46, 0x2b, 0x30), 0x7ffc5061ce10) = 0
3947862 ioctl(8, _IOC(_IOC_READ|_IOC_WRITE, 0x46, 0x2a, 0x20), 0x7ffc5061bd30) = 0
3947862 ioctl(8, _IOC(_IOC_READ|_IOC_WRITE, 0x46, 0x2a, 0x20), 0x7ffc5061bd80) = 0
3947862 ioctl(8, _IOC(_IOC_READ|_IOC_WRITE, 0x46, 0x2b, 0x30), 0x7ffc5061c360) = 0
3947862 ioctl(8, _IOC(_IOC_READ|_IOC_WRITE, 0x46, 0x2a, 0x20), 0x7ffc5061b220) = 0
3947862 openat(AT_FDCWD, "/dev/nvidiactl", O_RDWR|O_CLOEXEC) = 33
3947862 ioctl(8, _IOC(_IOC_READ|_IOC_WRITE, 0x46, 0x4e, 0x38), 0x7ffc5061c3e0) = 0
3947862 close(33)                       = 0
3947862 ioctl(8, _IOC(_IOC_READ|_IOC_WRITE, 0x46, 0x2b, 0x30), 0x7ffc5061cd00) = 0
3947862 ioctl(8, _IOC(_IOC_READ|_IOC_WRITE, 0x46, 0x2a, 0x20), 0x7ffc5061bd70) = 0
3947862 ioctl(8, _IOC(_IOC_READ|_IOC_WRITE, 0x46, 0x2b, 0x30), 0x7ffc5061ce10) = 0
3947862 ioctl(8, _IOC(_IOC_READ|_IOC_WRITE, 0x46, 0x2a, 0x20), 0x7ffc5061bd30) = 0
3947862 ioctl(8, _IOC(_IOC_READ|_IOC_WRITE, 0x46, 0x2a, 0x20), 0x7ffc5061bd80) = 0
3947862 ioctl(8, _IOC(_IOC_READ|_IOC_WRITE, 0x46, 0x2b, 0x30), 0x7ffc5061c360) = 0
3947862 ioctl(8, _IOC(_IOC_READ|_IOC_WRITE, 0x46, 0x2a, 0x20), 0x7ffc5061b220) = 0
3947862 openat(AT_FDCWD, "/dev/nvidiactl", O_RDWR|O_CLOEXEC) = 33
3947862 ioctl(8, _IOC(_IOC_READ|_IOC_WRITE, 0x46, 0x4e, 0x38), 0x7ffc5061c3e0) = 0
3947862 close(33)                       = 0
3947862 ioctl(8, _IOC(_IOC_READ|_IOC_WRITE, 0x46, 0x2b, 0x30), 0x7ffc5061cd00) = 0
3947862 ioctl(8, _IOC(_IOC_READ|_IOC_WRITE, 0x46, 0x2a, 0x20), 0x7ffc5061bd70) = 0
3947862 ioctl(8, _IOC(_IOC_READ|_IOC_WRITE, 0x46, 0x2b, 0x30), 0x7ffc5061ce10) = 0
3947862 ioctl(8, _IOC(_IOC_READ|_IOC_WRITE, 0x46, 0x2a, 0x20), 0x7ffc5061bd30) = 0
3947862 ioctl(8, _IOC(_IOC_READ|_IOC_WRITE, 0x46, 0x2a, 0x20), 0x7ffc5061bd80) = 0
3947862 ioctl(8, _IOC(_IOC_READ|_IOC_WRITE, 0x46, 0x2b, 0x30), 0x7ffc5061c360) = 0
3947862 ioctl(8, _IOC(_IOC_READ|_IOC_WRITE, 0x46, 0x2a, 0x20), 0x7ffc5061b220) = 0
3947862 openat(AT_FDCWD, "/dev/nvidiactl", O_RDWR|O_CLOEXEC) = 33
3947862 ioctl(8, _IOC(_IOC_READ|_IOC_WRITE, 0x46, 0x4e, 0x38), 0x7ffc5061c3e0) = 0
3947862 close(33)                       = 0
3947862 ioctl(8, _IOC(_IOC_READ|_IOC_WRITE, 0x46, 0x2b, 0x30), 0x7ffc5061cd00) = 0
3947862 ioctl(8, _IOC(_IOC_READ|_IOC_WRITE, 0x46, 0x2a, 0x20), 0x7ffc5061bd70) = 0
3947862 ioctl(8, _IOC(_IOC_READ|_IOC_WRITE, 0x46, 0x2b, 0x30), 0x7ffc5061ce10) = 0
3947862 ioctl(8, _IOC(_IOC_READ|_IOC_WRITE, 0x46, 0x2a, 0x20), 0x7ffc5061bd30) = 0
3947862 ioctl(8, _IOC(_IOC_READ|_IOC_WRITE, 0x46, 0x2a, 0x20), 0x7ffc5061bd80) = 0
3947862 ioctl(9, _IOC(_IOC_NONE, 0, 0x1b, 0), 0x7ffc5061d4c0) = 0
3947862 ioctl(9, _IOC(_IOC_NONE, 0, 0x1b, 0), 0x7ffc5061d4c0) = 0
3947862 ioctl(9, _IOC(_IOC_NONE, 0, 0x1b, 0), 0x7ffc5061d4c0) = 0
3947862 ioctl(9, _IOC(_IOC_NONE, 0, 0x1b, 0), 0x7ffc5061d4c0) = 0
3947862 ioctl(8, _IOC(_IOC_READ|_IOC_WRITE, 0x46, 0x2a, 0x20), 0x7ffc5061c3d0) = 0
3947862 openat(AT_FDCWD, "/dev/nvidia0", O_RDWR|O_CLOEXEC) = 33
3947862 ioctl(33, _IOC(_IOC_READ|_IOC_WRITE, 0x46, 0xc9, 0x4), 0x7ffc5061d3c0) = 0
3947862 ioctl(33, _IOC(_IOC_READ|_IOC_WRITE, 0x46, 0xce, 0x10), 0x7ffc5061d3b0) = 0
3947862 ioctl(33, _IOC(_IOC_READ|_IOC_WRITE, 0x46, 0x2b, 0x30), 0x7ffc5061d3a0) = 0
3947862 ioctl(8, _IOC(_IOC_READ|_IOC_WRITE, 0x46, 0x2b, 0x30), 0x7ffc5061c7a0) = 0
3947862 ioctl(8, _IOC(_IOC_READ|_IOC_WRITE, 0x46, 0x2a, 0x20), 0x7ffc5061b660) = 0
3947862 openat(AT_FDCWD, "/dev/nvidiactl", O_RDWR|O_CLOEXEC) = 35
3947862 ioctl(8, _IOC(_IOC_READ|_IOC_WRITE, 0x46, 0x4e, 0x38), 0x7ffc5061c820) = 0
3947862 close(35)                       = 0
3947862 ioctl(9, _IOC(_IOC_NONE, 0, 0x49, 0), 0x7ffc5061c480) = 0
3947862 ioctl(9, _IOC(_IOC_NONE, 0, 0x21, 0), 0x7ffc5061a070) = 0
3947862 ioctl(8, _IOC(_IOC_READ|_IOC_WRITE, 0x46, 0x2a, 0x20), 0x7ffc5061bf80) = 0
3947862 ioctl(8, _IOC(_IOC_READ|_IOC_WRITE, 0x46, 0x2a, 0x20), 0x7ffc5061bcd0) = 0
3947862 ioctl(8, _IOC(_IOC_READ|_IOC_WRITE, 0x46, 0x2b, 0x30), 0x7ffc5061c840) = 0
3947862 ioctl(9, _IOC(_IOC_NONE, 0, 0x49, 0), 0x7ffc5061c520) = 0
3947862 ioctl(9, _IOC(_IOC_NONE, 0, 0x21, 0), 0x7ffc5061a110) = 0
3947862 ioctl(9, _IOC(_IOC_NONE, 0, 0x44, 0), 0x7ffc50619fd0) = 0
3947862 ioctl(9, _IOC(_IOC_NONE, 0, 0x48, 0), 0x7ffc50619aa0) = 0
3947862 ioctl(9, _IOC(_IOC_NONE, 0, 0x17, 0), 0x7ffc5061d5f0) = 0
3947862 ioctl(9, _IOC(_IOC_NONE, 0, 0x17, 0), 0x7ffc5061d5f0) = 0
3947862 ioctl(9, _IOC(_IOC_NONE, 0, 0x17, 0), 0x7ffc5061d5f0) = 0
3947862 ioctl(9, _IOC(_IOC_NONE, 0, 0x17, 0), 0x7ffc5061d5f0) = 0
3947862 ioctl(9, _IOC(_IOC_NONE, 0, 0x17, 0), 0x7ffc5061d5f0) = 0
3947862 ioctl(9, _IOC(_IOC_NONE, 0, 0x17, 0), 0x7ffc5061d5f0) = 0
3947862 ioctl(9, _IOC(_IOC_NONE, 0, 0x17, 0), 0x7ffc5061d5f0) = 0
3947862 ioctl(9, _IOC(_IOC_NONE, 0, 0x17, 0), 0x7ffc5061d5f0) = 0
3947862 ioctl(9, _IOC(_IOC_NONE, 0, 0x17, 0), 0x7ffc5061d5f0) = 0
3947862 ioctl(9, _IOC(_IOC_NONE, 0, 0x17, 0), 0x7ffc5061d5f0) = 0
3947862 ioctl(8, _IOC(_IOC_READ|_IOC_WRITE, 0x46, 0x2b, 0x30), 0x7ffc5061c680) = 0
3947862 ioctl(8, _IOC(_IOC_READ|_IOC_WRITE, 0x46, 0x2a, 0x20), 0x7ffc5061b540) = 0
3947862 openat(AT_FDCWD, "/dev/nvidiactl", O_RDWR|O_CLOEXEC) = 36
3947862 ioctl(8, _IOC(_IOC_READ|_IOC_WRITE, 0x46, 0x4e, 0x38), 0x7ffc5061c700) = 0
3947862 close(36)                       = 0
3947862 ioctl(9, _IOC(_IOC_NONE, 0, 0x49, 0), 0x7ffc5061c360) = 0
3947862 ioctl(9, _IOC(_IOC_NONE, 0, 0x21, 0), 0x7ffc50619f50) = 0
3947862 ioctl(15, _IOC(_IOC_READ|_IOC_WRITE, 0x46, 0x27, 0x38), 0x7ffc5061c670) = 0
3947862 ioctl(9, _IOC(_IOC_NONE, 0, 0x49, 0), 0x7ffc5061c360) = 0
3947862 ioctl(9, _IOC(_IOC_NONE, 0, 0x21, 0), 0x7ffc50619f50) = 0
3947862 ioctl(8, _IOC(_IOC_READ|_IOC_WRITE, 0x46, 0x2b, 0x30), 0x7ffc5061c9d0) = 0
3947862 ioctl(9, _IOC(_IOC_NONE, 0, 0x49, 0), 0x7ffc5061c6b0) = 0
3947862 ioctl(9, _IOC(_IOC_NONE, 0, 0x21, 0), 0x7ffc5061a2a0) = 0
3947862 ioctl(15, _IOC(_IOC_READ|_IOC_WRITE, 0x46, 0x27, 0x38), 0x7ffc5061c770) = 0
3947862 ioctl(9, _IOC(_IOC_NONE, 0, 0x49, 0), 0x7ffc5061c460) = 0
3947862 ioctl(9, _IOC(_IOC_NONE, 0, 0x21, 0), 0x7ffc5061a050) = 0
3947862 ioctl(8, _IOC(_IOC_READ|_IOC_WRITE, 0x46, 0x2b, 0x30), 0x7ffc5061c780) = 0
3947862 ioctl(9, _IOC(_IOC_NONE, 0, 0x49, 0), 0x7ffc5061c460) = 0
3947862 ioctl(9, _IOC(_IOC_NONE, 0, 0x21, 0), 0x7ffc5061a050) = 0
3947862 ioctl(9, _IOC(_IOC_NONE, 0, 0x41, 0), 0x7ffc5061c890) = 0
3947862 ioctl(15, _IOC(_IOC_READ|_IOC_WRITE, 0x46, 0x27, 0x38), 0x7ffc5061cbb0) = 0
3947862 ioctl(9, _IOC(_IOC_NONE, 0, 0x49, 0), 0x7ffc5061c8a0) = 0
3947862 ioctl(9, _IOC(_IOC_NONE, 0, 0x21, 0), 0x7ffc5061a490) = 0
3947862 ioctl(8, _IOC(_IOC_READ|_IOC_WRITE, 0x46, 0x2b, 0x30), 0x7ffc5061c060) = 0
3947862 ioctl(9, _IOC(_IOC_NONE, 0, 0x49, 0), 0x7ffc5061bd40) = 0
3947862 ioctl(9, _IOC(_IOC_NONE, 0, 0x21, 0), 0x7ffc50619930) = 0
3947862 ioctl(8, _IOC(_IOC_READ|_IOC_WRITE, 0x46, 0x2b, 0x30), 0x7ffc5061c980) = 0
3947862 ioctl(8, _IOC(_IOC_READ|_IOC_WRITE, 0x46, 0x2a, 0x20), 0x7ffc5061b840) = 0
3947862 openat(AT_FDCWD, "/dev/nvidiactl", O_RDWR|O_CLOEXEC) = 36
3947862 ioctl(8, _IOC(_IOC_READ|_IOC_WRITE, 0x46, 0x4e, 0x38), 0x7ffc5061ca00) = 0
3947862 close(36)                       = 0
3947862 ioctl(9, _IOC(_IOC_NONE, 0, 0x49, 0), 0x7ffc5061c660) = 0
3947862 ioctl(9, _IOC(_IOC_NONE, 0, 0x21, 0), 0x7ffc5061a250) = 0
3947862 ioctl(8, _IOC(_IOC_READ|_IOC_WRITE, 0x46, 0x2b, 0x30), 0x7ffc5061b890) = 0
3947862 ioctl(9, _IOC(_IOC_NONE, 0, 0x49, 0), 0x7ffc5061b570) = 0
3947862 ioctl(9, _IOC(_IOC_NONE, 0, 0x21, 0), 0x7ffc50619160) = 0
3947862 ioctl(15, _IOC(_IOC_READ|_IOC_WRITE, 0x46, 0x27, 0x38), 0x7ffc5061c960) = 0
3947862 ioctl(9, _IOC(_IOC_NONE, 0, 0x49, 0), 0x7ffc5061c650) = 0
3947862 ioctl(9, _IOC(_IOC_NONE, 0, 0x21, 0), 0x7ffc5061a240) = 0
3947862 ioctl(8, _IOC(_IOC_READ|_IOC_WRITE, 0x46, 0x2b, 0x30), 0x7ffc5061d670) = 0
3947862 ioctl(8, _IOC(_IOC_READ|_IOC_WRITE, 0x46, 0x2b, 0x30), 0x7ffc5061c800) = 0
3947862 ioctl(8, _IOC(_IOC_READ|_IOC_WRITE, 0x46, 0x2a, 0x20), 0x7ffc5061b6c0) = 0
3947862 openat(AT_FDCWD, "/dev/nvidiactl", O_RDWR|O_CLOEXEC) = 36
3947862 ioctl(8, _IOC(_IOC_READ|_IOC_WRITE, 0x46, 0x4e, 0x38), 0x7ffc5061c880) = 0
3947862 close(36)                       = 0
3947862 ioctl(9, _IOC(_IOC_NONE, 0, 0x49, 0), 0x7ffc5061c4e0) = 0
3947862 ioctl(9, _IOC(_IOC_NONE, 0, 0x21, 0), 0x7ffc5061a0d0) = 0
3947862 ioctl(8, _IOC(_IOC_READ|_IOC_WRITE, 0x46, 0x2b, 0x30), 0x7ffc5061c940) = 0
3947862 ioctl(9, _IOC(_IOC_NONE, 0, 0x49, 0), 0x7ffc5061c620) = 0
3947862 ioctl(9, _IOC(_IOC_NONE, 0, 0x21, 0), 0x7ffc5061a210) = 0
3947862 ioctl(8, _IOC(_IOC_READ|_IOC_WRITE, 0x46, 0x2b, 0x30), 0x7ffc5061c940) = 0
3947862 ioctl(9, _IOC(_IOC_NONE, 0, 0x49, 0), 0x7ffc5061c620) = 0
3947862 ioctl(9, _IOC(_IOC_NONE, 0, 0x21, 0), 0x7ffc5061a210) = 0
3947862 openat(AT_FDCWD, "/dev/nvidia0", O_RDWR|O_CLOEXEC) = 36
3947862 ioctl(36, _IOC(_IOC_READ|_IOC_WRITE, 0x46, 0xc9, 0x4), 0x7ffc5061d520) = 0
3947862 ioctl(36, _IOC(_IOC_READ|_IOC_WRITE, 0x46, 0xce, 0x10), 0x7ffc5061d510) = 0
3947862 ioctl(36, _IOC(_IOC_READ|_IOC_WRITE, 0x46, 0x2b, 0x30), 0x7ffc5061d500) = 0
3947862 openat(AT_FDCWD, "/dev/nvidia0", O_RDWR|O_CLOEXEC) = 38
3947862 ioctl(38, _IOC(_IOC_READ|_IOC_WRITE, 0x46, 0xc9, 0x4), 0x7ffc5061d520) = 0
3947862 ioctl(38, _IOC(_IOC_READ|_IOC_WRITE, 0x46, 0xce, 0x10), 0x7ffc5061d510) = 0
3947862 ioctl(38, _IOC(_IOC_READ|_IOC_WRITE, 0x46, 0x2b, 0x30), 0x7ffc5061d500) = 0
3947862 openat(AT_FDCWD, "/dev/nvidia0", O_RDWR|O_CLOEXEC) = 40
3947862 ioctl(40, _IOC(_IOC_READ|_IOC_WRITE, 0x46, 0xc9, 0x4), 0x7ffc5061d520) = 0
3947862 ioctl(40, _IOC(_IOC_READ|_IOC_WRITE, 0x46, 0xce, 0x10), 0x7ffc5061d510) = 0
3947862 ioctl(40, _IOC(_IOC_READ|_IOC_WRITE, 0x46, 0x2b, 0x30), 0x7ffc5061d500) = 0
3947862 openat(AT_FDCWD, "/dev/nvidia0", O_RDWR|O_CLOEXEC) = 42
3947862 ioctl(42, _IOC(_IOC_READ|_IOC_WRITE, 0x46, 0xc9, 0x4), 0x7ffc5061d520) = 0
3947862 ioctl(42, _IOC(_IOC_READ|_IOC_WRITE, 0x46, 0xce, 0x10), 0x7ffc5061d510) = 0
3947862 ioctl(42, _IOC(_IOC_READ|_IOC_WRITE, 0x46, 0x2b, 0x30), 0x7ffc5061d500) = 0
3947862 ioctl(8, _IOC(_IOC_READ|_IOC_WRITE, 0x46, 0x2a, 0x20), 0x7ffc5061c470) = 0
3947862 ioctl(8, _IOC(_IOC_READ|_IOC_WRITE, 0x46, 0x2a, 0x20), 0x7ffc5061c520) = 0
3947862 ioctl(8, _IOC(_IOC_READ|_IOC_WRITE, 0x46, 0x2a, 0x20), 0x7ffc5061c5b0) = 0
3947862 ioctl(8, _IOC(_IOC_READ|_IOC_WRITE, 0x46, 0x2b, 0x30), 0x7ffc5061c920) = 0
3947862 ioctl(9, _IOC(_IOC_NONE, 0, 0x49, 0), 0x7ffc5061c600) = 0
3947862 ioctl(9, _IOC(_IOC_NONE, 0, 0x21, 0), 0x7ffc5061a1f0) = 0
3947862 ioctl(8, _IOC(_IOC_READ|_IOC_WRITE, 0x46, 0x2a, 0x20), 0x7ffc5061c5b0) = 0
3947862 openat(AT_FDCWD, "/proc/self/task/3947876/comm", O_WRONLY|O_CREAT|O_TRUNC, 0666) = 44
3947862 close(44)                       = 0
3947862 ioctl(9, _IOC(_IOC_NONE, 0, 0x22, 0), 0x7ffc5061db50) = 0
3947862 ioctl(8, _IOC(_IOC_READ|_IOC_WRITE, 0x46, 0x29, 0x10), 0x7ffc5061dbf0) = 0
3947862 ioctl(9, _IOC(_IOC_NONE, 0, 0x22, 0), 0x7ffc5061db50) = 0
3947862 ioctl(8, _IOC(_IOC_READ|_IOC_WRITE, 0x46, 0x29, 0x10), 0x7ffc5061dbf0) = 0
3947862 ioctl(8, _IOC(_IOC_READ|_IOC_WRITE, 0x46, 0x29, 0x10), 0x7ffc5061de80) = 0
3947862 close(39)                       = 0
3947862 ioctl(38, _IOC(_IOC_READ|_IOC_WRITE, 0x46, 0xcf, 0x10), 0x7ffc5061de90) = 0
3947862 close(38)                       = 0
3947862 ioctl(8, _IOC(_IOC_READ|_IOC_WRITE, 0x46, 0x29, 0x10), 0x7ffc5061de80) = 0
3947862 close(41)                       = 0
3947862 ioctl(40, _IOC(_IOC_READ|_IOC_WRITE, 0x46, 0xcf, 0x10), 0x7ffc5061de90) = 0
3947862 close(40)                       = 0
3947862 ioctl(8, _IOC(_IOC_READ|_IOC_WRITE, 0x46, 0x29, 0x10), 0x7ffc5061de80) = 0
3947862 close(37)                       = 0
3947862 ioctl(36, _IOC(_IOC_READ|_IOC_WRITE, 0x46, 0xcf, 0x10), 0x7ffc5061de90) = 0
3947862 close(36)                       = 0
3947862 ioctl(8, _IOC(_IOC_READ|_IOC_WRITE, 0x46, 0x29, 0x10), 0x7ffc5061de80) = 0
3947862 close(43)                       = 0
3947862 ioctl(42, _IOC(_IOC_READ|_IOC_WRITE, 0x46, 0xcf, 0x10), 0x7ffc5061de90) = 0
3947862 close(42)                       = 0
3947862 ioctl(9, _IOC(_IOC_NONE, 0, 0x22, 0), 0x7ffc5061dae0) = 0
3947862 ioctl(8, _IOC(_IOC_READ|_IOC_WRITE, 0x46, 0x29, 0x10), 0x7ffc5061db80) = 0
3947862 ioctl(9, _IOC(_IOC_NONE, 0, 0x22, 0), 0x7ffc5061dae0) = 0
3947862 ioctl(8, _IOC(_IOC_READ|_IOC_WRITE, 0x46, 0x29, 0x10), 0x7ffc5061db80) = 0
3947862 ioctl(9, _IOC(_IOC_NONE, 0, 0x22, 0), 0x7ffc5061db60) = 0
3947862 ioctl(8, _IOC(_IOC_READ|_IOC_WRITE, 0x46, 0x4f, 0x20), 0x7ffc5061dc50) = 0
3947862 ioctl(8, _IOC(_IOC_READ|_IOC_WRITE, 0x46, 0x29, 0x10), 0x7ffc5061dc00) = 0
3947862 ioctl(8, _IOC(_IOC_READ|_IOC_WRITE, 0x46, 0x29, 0x10), 0x7ffc5061dee0) = 0
3947862 ioctl(9, _IOC(_IOC_NONE, 0, 0x22, 0), 0x7ffc5061db50) = 0
3947862 ioctl(8, _IOC(_IOC_READ|_IOC_WRITE, 0x46, 0x29, 0x10), 0x7ffc5061dbf0) = 0
3947862 ioctl(9, _IOC(_IOC_NONE, 0, 0x22, 0), 0x7ffc5061db50) = 0
3947862 ioctl(8, _IOC(_IOC_READ|_IOC_WRITE, 0x46, 0x4f, 0x20), 0x7ffc5061dc40) = 0
3947862 ioctl(8, _IOC(_IOC_READ|_IOC_WRITE, 0x46, 0x29, 0x10), 0x7ffc5061dbf0) = 0
3947862 ioctl(8, _IOC(_IOC_READ|_IOC_WRITE, 0x46, 0x2a, 0x20), 0x7ffc5061cb40) = 0
3947862 ioctl(9, _IOC(_IOC_NONE, 0, 0x22, 0), 0x7ffc5061dab0) = 0
3947862 ioctl(8, _IOC(_IOC_READ|_IOC_WRITE, 0x46, 0x29, 0x10), 0x7ffc5061db50) = 0
3947862 ioctl(8, _IOC(_IOC_READ|_IOC_WRITE, 0x46, 0x2a, 0x20), 0x7ffc5061ce90) = 0
3947862 close(45)                       = 0
3947862 close(44)                       = 0
3947862 ioctl(9, _IOC(_IOC_NONE, 0, 0x22, 0), 0x7ffc5061db90) = 0
3947862 ioctl(9, _IOC(_IOC_NONE, 0, 0x22, 0), 0x7ffc5061db90) = 0
3947862 ioctl(8, _IOC(_IOC_READ|_IOC_WRITE, 0x46, 0x29, 0x10), 0x7ffc5061dc30) = 0
3947862 ioctl(9, _IOC(_IOC_NONE, 0, 0x22, 0), 0x7ffc5061db60) = 0
3947862 ioctl(8, _IOC(_IOC_READ|_IOC_WRITE, 0x46, 0x29, 0x10), 0x7ffc5061dc00) = 0
3947862 ioctl(9, _IOC(_IOC_NONE, 0, 0x22, 0), 0x7ffc5061db90) = 0
3947862 ioctl(8, _IOC(_IOC_READ|_IOC_WRITE, 0x46, 0x4f, 0x20), 0x7ffc5061dc80) = 0
3947862 ioctl(8, _IOC(_IOC_READ|_IOC_WRITE, 0x46, 0x29, 0x10), 0x7ffc5061dc30) = 0
3947862 ioctl(9, _IOC(_IOC_NONE, 0, 0x18, 0), 0x7ffc5061df60) = 0
3947862 ioctl(9, _IOC(_IOC_NONE, 0, 0x18, 0), 0x7ffc5061df60) = 0
3947862 ioctl(9, _IOC(_IOC_NONE, 0, 0x18, 0), 0x7ffc5061df60) = 0
3947862 ioctl(9, _IOC(_IOC_NONE, 0, 0x18, 0), 0x7ffc5061df60) = 0
3947862 ioctl(9, _IOC(_IOC_NONE, 0, 0x18, 0), 0x7ffc5061df60) = 0
3947862 ioctl(9, _IOC(_IOC_NONE, 0, 0x18, 0), 0x7ffc5061df60) = 0
3947862 ioctl(9, _IOC(_IOC_NONE, 0, 0x18, 0), 0x7ffc5061df60) = 0
3947862 ioctl(9, _IOC(_IOC_NONE, 0, 0x18, 0), 0x7ffc5061df60) = 0
3947862 ioctl(9, _IOC(_IOC_NONE, 0, 0x18, 0), 0x7ffc5061df60) = 0
3947862 ioctl(9, _IOC(_IOC_NONE, 0, 0x18, 0), 0x7ffc5061df60) = 0
3947862 ioctl(9, _IOC(_IOC_NONE, 0, 0x22, 0), 0x7ffc5061db20) = 0
3947862 ioctl(8, _IOC(_IOC_READ|_IOC_WRITE, 0x46, 0x29, 0x10), 0x7ffc5061dbc0) = 0
3947862 ioctl(8, _IOC(_IOC_READ|_IOC_WRITE, 0x46, 0x2a, 0x20), 0x7ffc5061ce90) = 0
3947862 ioctl(9, _IOC(_IOC_NONE, 0, 0x22, 0), 0x7ffc5061db90) = 0
3947862 ioctl(8, _IOC(_IOC_READ|_IOC_WRITE, 0x46, 0x29, 0x10), 0x7ffc5061dc30) = 0
3947862 close(35)                       = 0
3947862 ioctl(8, _IOC(_IOC_READ|_IOC_WRITE, 0x46, 0x29, 0x10), 0x7ffc5061de40) = 0
3947862 close(30)                       = 0
3947862 ioctl(29, _IOC(_IOC_READ|_IOC_WRITE, 0x46, 0xcf, 0x10), 0x7ffc5061de50) = 0
3947862 close(29)                       = 0
3947862 ioctl(9, _IOC(_IOC_NONE, 0, 0x1c, 0), 0x7ffc5061dec0) = 0
3947862 ioctl(9, _IOC(_IOC_NONE, 0, 0x1c, 0), 0x7ffc5061dec0) = 0
3947862 ioctl(9, _IOC(_IOC_NONE, 0, 0x1c, 0), 0x7ffc5061dec0) = 0
3947862 ioctl(9, _IOC(_IOC_NONE, 0, 0x1c, 0), 0x7ffc5061dec0) = 0
3947862 ioctl(9, _IOC(_IOC_NONE, 0, 0x1c, 0), 0x7ffc5061dec0) = 0
3947862 ioctl(9, _IOC(_IOC_NONE, 0, 0x1c, 0), 0x7ffc5061dec0) = 0
3947862 ioctl(9, _IOC(_IOC_NONE, 0, 0x1c, 0), 0x7ffc5061dec0) = 0
3947862 ioctl(9, _IOC(_IOC_NONE, 0, 0x1c, 0), 0x7ffc5061dec0) = 0
3947862 ioctl(8, _IOC(_IOC_READ|_IOC_WRITE, 0x46, 0x29, 0x10), 0x7ffc5061ddd0) = 0
3947862 ioctl(8, _IOC(_IOC_READ|_IOC_WRITE, 0x46, 0x29, 0x10), 0x7ffc5061ddd0) = 0
3947862 ioctl(8, _IOC(_IOC_READ|_IOC_WRITE, 0x46, 0x29, 0x10), 0x7ffc5061de00) = 0
3947862 ioctl(8, _IOC(_IOC_READ|_IOC_WRITE, 0x46, 0x4f, 0x20), 0x7ffc5061db70) = 0
3947862 ioctl(8, _IOC(_IOC_READ|_IOC_WRITE, 0x46, 0x29, 0x10), 0x7ffc5061db20) = 0
3947862 ioctl(8, _IOC(_IOC_READ|_IOC_WRITE, 0x46, 0x29, 0x10), 0x7ffc5061ddd0) = 0
3947862 ioctl(8, _IOC(_IOC_READ|_IOC_WRITE, 0x46, 0x29, 0x10), 0x7ffc5061ddd0) = 0
3947862 ioctl(8, _IOC(_IOC_READ|_IOC_WRITE, 0x46, 0x29, 0x10), 0x7ffc5061de00) = 0
3947862 ioctl(8, _IOC(_IOC_READ|_IOC_WRITE, 0x46, 0x4f, 0x20), 0x7ffc5061db70) = 0
3947862 ioctl(8, _IOC(_IOC_READ|_IOC_WRITE, 0x46, 0x29, 0x10), 0x7ffc5061db20) = 0
3947862 ioctl(8, _IOC(_IOC_READ|_IOC_WRITE, 0x46, 0x29, 0x10), 0x7ffc5061ddd0) = 0
3947862 ioctl(8, _IOC(_IOC_READ|_IOC_WRITE, 0x46, 0x29, 0x10), 0x7ffc5061ddd0) = 0
3947862 ioctl(8, _IOC(_IOC_READ|_IOC_WRITE, 0x46, 0x29, 0x10), 0x7ffc5061de00) = 0
3947862 ioctl(8, _IOC(_IOC_READ|_IOC_WRITE, 0x46, 0x4f, 0x20), 0x7ffc5061db70) = 0
3947862 ioctl(8, _IOC(_IOC_READ|_IOC_WRITE, 0x46, 0x29, 0x10), 0x7ffc5061db20) = 0
3947862 ioctl(8, _IOC(_IOC_READ|_IOC_WRITE, 0x46, 0x29, 0x10), 0x7ffc5061ddd0) = 0
3947862 ioctl(8, _IOC(_IOC_READ|_IOC_WRITE, 0x46, 0x29, 0x10), 0x7ffc5061ddd0) = 0
3947862 ioctl(8, _IOC(_IOC_READ|_IOC_WRITE, 0x46, 0x29, 0x10), 0x7ffc5061de00) = 0
3947862 ioctl(8, _IOC(_IOC_READ|_IOC_WRITE, 0x46, 0x4f, 0x20), 0x7ffc5061db70) = 0
3947862 ioctl(8, _IOC(_IOC_READ|_IOC_WRITE, 0x46, 0x29, 0x10), 0x7ffc5061db20) = 0
3947862 ioctl(8, _IOC(_IOC_READ|_IOC_WRITE, 0x46, 0x29, 0x10), 0x7ffc5061ddd0) = 0
3947862 ioctl(8, _IOC(_IOC_READ|_IOC_WRITE, 0x46, 0x29, 0x10), 0x7ffc5061ddd0) = 0
3947862 ioctl(8, _IOC(_IOC_READ|_IOC_WRITE, 0x46, 0x29, 0x10), 0x7ffc5061de00) = 0
3947862 ioctl(8, _IOC(_IOC_READ|_IOC_WRITE, 0x46, 0x4f, 0x20), 0x7ffc5061db70) = 0
3947862 ioctl(8, _IOC(_IOC_READ|_IOC_WRITE, 0x46, 0x29, 0x10), 0x7ffc5061db20) = 0
3947862 ioctl(8, _IOC(_IOC_READ|_IOC_WRITE, 0x46, 0x29, 0x10), 0x7ffc5061ddd0) = 0
3947862 ioctl(8, _IOC(_IOC_READ|_IOC_WRITE, 0x46, 0x29, 0x10), 0x7ffc5061ddd0) = 0
3947862 ioctl(8, _IOC(_IOC_READ|_IOC_WRITE, 0x46, 0x29, 0x10), 0x7ffc5061de00) = 0
3947862 ioctl(8, _IOC(_IOC_READ|_IOC_WRITE, 0x46, 0x4f, 0x20), 0x7ffc5061db70) = 0
3947862 ioctl(8, _IOC(_IOC_READ|_IOC_WRITE, 0x46, 0x29, 0x10), 0x7ffc5061db20) = 0
3947862 ioctl(8, _IOC(_IOC_READ|_IOC_WRITE, 0x46, 0x29, 0x10), 0x7ffc5061ddd0) = 0
3947862 ioctl(8, _IOC(_IOC_READ|_IOC_WRITE, 0x46, 0x29, 0x10), 0x7ffc5061ddd0) = 0
3947862 ioctl(8, _IOC(_IOC_READ|_IOC_WRITE, 0x46, 0x29, 0x10), 0x7ffc5061de00) = 0
3947862 ioctl(8, _IOC(_IOC_READ|_IOC_WRITE, 0x46, 0x4f, 0x20), 0x7ffc5061db70) = 0
3947862 ioctl(8, _IOC(_IOC_READ|_IOC_WRITE, 0x46, 0x29, 0x10), 0x7ffc5061db20) = 0
3947862 ioctl(8, _IOC(_IOC_READ|_IOC_WRITE, 0x46, 0x29, 0x10), 0x7ffc5061ddd0) = 0
3947862 ioctl(8, _IOC(_IOC_READ|_IOC_WRITE, 0x46, 0x29, 0x10), 0x7ffc5061ddd0) = 0
3947862 ioctl(8, _IOC(_IOC_READ|_IOC_WRITE, 0x46, 0x29, 0x10), 0x7ffc5061de00) = 0
3947862 ioctl(8, _IOC(_IOC_READ|_IOC_WRITE, 0x46, 0x4f, 0x20), 0x7ffc5061db70) = 0
3947862 ioctl(8, _IOC(_IOC_READ|_IOC_WRITE, 0x46, 0x29, 0x10), 0x7ffc5061db20) = 0
3947862 ioctl(8, _IOC(_IOC_READ|_IOC_WRITE, 0x46, 0x29, 0x10), 0x7ffc5061de80) = 0
3947862 ioctl(8, _IOC(_IOC_READ|_IOC_WRITE, 0x46, 0x29, 0x10), 0x7ffc5061de80) = 0
3947862 ioctl(8, _IOC(_IOC_READ|_IOC_WRITE, 0x46, 0x29, 0x10), 0x7ffc5061de40) = 0
3947862 close(32)                       = 0
3947862 ioctl(31, _IOC(_IOC_READ|_IOC_WRITE, 0x46, 0xcf, 0x10), 0x7ffc5061de50) = 0
3947862 close(31)                       = 0
3947862 ioctl(9, _IOC(_IOC_NONE, 0, 0x1c, 0), 0x7ffc5061dec0) = 0
3947862 ioctl(9, _IOC(_IOC_NONE, 0, 0x1c, 0), 0x7ffc5061dec0) = 0
3947862 ioctl(9, _IOC(_IOC_NONE, 0, 0x1c, 0), 0x7ffc5061dec0) = 0
3947862 ioctl(9, _IOC(_IOC_NONE, 0, 0x1c, 0), 0x7ffc5061dec0) = 0
3947862 ioctl(8, _IOC(_IOC_READ|_IOC_WRITE, 0x46, 0x29, 0x10), 0x7ffc5061ddd0) = 0
3947862 ioctl(8, _IOC(_IOC_READ|_IOC_WRITE, 0x46, 0x29, 0x10), 0x7ffc5061de00) = 0
3947862 ioctl(8, _IOC(_IOC_READ|_IOC_WRITE, 0x46, 0x4f, 0x20), 0x7ffc5061db70) = 0
3947862 ioctl(8, _IOC(_IOC_READ|_IOC_WRITE, 0x46, 0x29, 0x10), 0x7ffc5061db20) = 0
3947862 ioctl(8, _IOC(_IOC_READ|_IOC_WRITE, 0x46, 0x29, 0x10), 0x7ffc5061ddd0) = 0
3947862 ioctl(8, _IOC(_IOC_READ|_IOC_WRITE, 0x46, 0x29, 0x10), 0x7ffc5061de00) = 0
3947862 ioctl(8, _IOC(_IOC_READ|_IOC_WRITE, 0x46, 0x4f, 0x20), 0x7ffc5061db70) = 0
3947862 ioctl(8, _IOC(_IOC_READ|_IOC_WRITE, 0x46, 0x29, 0x10), 0x7ffc5061db20) = 0
3947862 ioctl(8, _IOC(_IOC_READ|_IOC_WRITE, 0x46, 0x29, 0x10), 0x7ffc5061ddd0) = 0
3947862 ioctl(8, _IOC(_IOC_READ|_IOC_WRITE, 0x46, 0x29, 0x10), 0x7ffc5061de00) = 0
3947862 ioctl(8, _IOC(_IOC_READ|_IOC_WRITE, 0x46, 0x4f, 0x20), 0x7ffc5061db70) = 0
3947862 ioctl(8, _IOC(_IOC_READ|_IOC_WRITE, 0x46, 0x29, 0x10), 0x7ffc5061db20) = 0
3947862 ioctl(8, _IOC(_IOC_READ|_IOC_WRITE, 0x46, 0x29, 0x10), 0x7ffc5061ddd0) = 0
3947862 ioctl(8, _IOC(_IOC_READ|_IOC_WRITE, 0x46, 0x29, 0x10), 0x7ffc5061de00) = 0
3947862 ioctl(8, _IOC(_IOC_READ|_IOC_WRITE, 0x46, 0x4f, 0x20), 0x7ffc5061db70) = 0
3947862 ioctl(8, _IOC(_IOC_READ|_IOC_WRITE, 0x46, 0x29, 0x10), 0x7ffc5061db20) = 0
3947862 ioctl(8, _IOC(_IOC_READ|_IOC_WRITE, 0x46, 0x29, 0x10), 0x7ffc5061de80) = 0
3947862 ioctl(8, _IOC(_IOC_READ|_IOC_WRITE, 0x46, 0x29, 0x10), 0x7ffc5061de40) = 0
3947862 close(34)                       = 0
3947862 ioctl(33, _IOC(_IOC_READ|_IOC_WRITE, 0x46, 0xcf, 0x10), 0x7ffc5061de50) = 0
3947862 close(33)                       = 0
3947862 ioctl(9, _IOC(_IOC_NONE, 0, 0x1c, 0), 0x7ffc5061dec0) = 0
3947862 ioctl(9, _IOC(_IOC_NONE, 0, 0x1c, 0), 0x7ffc5061dec0) = 0
3947862 ioctl(9, _IOC(_IOC_NONE, 0, 0x1c, 0), 0x7ffc5061dec0) = 0
3947862 ioctl(9, _IOC(_IOC_NONE, 0, 0x1c, 0), 0x7ffc5061dec0) = 0
3947862 ioctl(8, _IOC(_IOC_READ|_IOC_WRITE, 0x46, 0x29, 0x10), 0x7ffc5061ddd0) = 0
3947862 ioctl(8, _IOC(_IOC_READ|_IOC_WRITE, 0x46, 0x29, 0x10), 0x7ffc5061de00) = 0
3947862 ioctl(8, _IOC(_IOC_READ|_IOC_WRITE, 0x46, 0x4f, 0x20), 0x7ffc5061db70) = 0
3947862 ioctl(8, _IOC(_IOC_READ|_IOC_WRITE, 0x46, 0x29, 0x10), 0x7ffc5061db20) = 0
3947862 ioctl(8, _IOC(_IOC_READ|_IOC_WRITE, 0x46, 0x29, 0x10), 0x7ffc5061ddd0) = 0
3947862 ioctl(8, _IOC(_IOC_READ|_IOC_WRITE, 0x46, 0x29, 0x10), 0x7ffc5061de00) = 0
3947862 ioctl(8, _IOC(_IOC_READ|_IOC_WRITE, 0x46, 0x4f, 0x20), 0x7ffc5061db70) = 0
3947862 ioctl(8, _IOC(_IOC_READ|_IOC_WRITE, 0x46, 0x29, 0x10), 0x7ffc5061db20) = 0
3947862 ioctl(8, _IOC(_IOC_READ|_IOC_WRITE, 0x46, 0x29, 0x10), 0x7ffc5061ddd0) = 0
3947862 ioctl(8, _IOC(_IOC_READ|_IOC_WRITE, 0x46, 0x29, 0x10), 0x7ffc5061de00) = 0
3947862 ioctl(8, _IOC(_IOC_READ|_IOC_WRITE, 0x46, 0x4f, 0x20), 0x7ffc5061db70) = 0
3947862 ioctl(8, _IOC(_IOC_READ|_IOC_WRITE, 0x46, 0x29, 0x10), 0x7ffc5061db20) = 0
3947862 ioctl(8, _IOC(_IOC_READ|_IOC_WRITE, 0x46, 0x29, 0x10), 0x7ffc5061ddd0) = 0
3947862 ioctl(8, _IOC(_IOC_READ|_IOC_WRITE, 0x46, 0x29, 0x10), 0x7ffc5061de00) = 0
3947862 ioctl(8, _IOC(_IOC_READ|_IOC_WRITE, 0x46, 0x4f, 0x20), 0x7ffc5061db70) = 0
3947862 ioctl(8, _IOC(_IOC_READ|_IOC_WRITE, 0x46, 0x29, 0x10), 0x7ffc5061db20) = 0
3947862 ioctl(9, _IOC(_IOC_NONE, 0, 0x22, 0), 0x7ffc5061da50) = 0
3947862 ioctl(8, _IOC(_IOC_READ|_IOC_WRITE, 0x46, 0x4f, 0x20), 0x7ffc5061db40) = 0
3947862 ioctl(8, _IOC(_IOC_READ|_IOC_WRITE, 0x46, 0x29, 0x10), 0x7ffc5061daf0) = 0
3947862 ioctl(9, _IOC(_IOC_NONE, 0, 0x22, 0), 0x7ffc5061da50) = 0
3947862 ioctl(8, _IOC(_IOC_READ|_IOC_WRITE, 0x46, 0x4f, 0x20), 0x7ffc5061db40) = 0
3947862 ioctl(8, _IOC(_IOC_READ|_IOC_WRITE, 0x46, 0x29, 0x10), 0x7ffc5061daf0) = 0
3947862 ioctl(8, _IOC(_IOC_READ|_IOC_WRITE, 0x46, 0x29, 0x10), 0x7ffc5061de80) = 0
3947876 +++ exited with 0 +++
3947862 close(28)                       = 0
3947862 ioctl(9, _IOC(_IOC_NONE, 0, 0x22, 0), 0x7ffc5061db90) = 0
3947862 ioctl(8, _IOC(_IOC_READ|_IOC_WRITE, 0x46, 0x29, 0x10), 0x7ffc5061dc30) = 0
3947862 ioctl(9, _IOC(_IOC_NONE, 0, 0x22, 0), 0x7ffc5061db90) = 0
3947862 ioctl(8, _IOC(_IOC_READ|_IOC_WRITE, 0x46, 0x29, 0x10), 0x7ffc5061dc30) = 0
3947862 ioctl(9, _IOC(_IOC_NONE, 0, 0x22, 0), 0x7ffc5061db60) = 0
3947862 ioctl(8, _IOC(_IOC_READ|_IOC_WRITE, 0x46, 0x29, 0x10), 0x7ffc5061dc00) = 0
3947862 ioctl(9, _IOC(_IOC_NONE, 0, 0x22, 0), 0x7ffc5061db50) = 0
3947862 ioctl(8, _IOC(_IOC_READ|_IOC_WRITE, 0x46, 0x4f, 0x20), 0x7ffc5061dc40) = 0
3947862 ioctl(8, _IOC(_IOC_READ|_IOC_WRITE, 0x46, 0x29, 0x10), 0x7ffc5061dbf0) = 0
3947862 ioctl(9, _IOC(_IOC_NONE, 0, 0x22, 0), 0x7ffc5061db50) = 0
3947862 ioctl(8, _IOC(_IOC_READ|_IOC_WRITE, 0x46, 0x4f, 0x20), 0x7ffc5061dc40) = 0
3947862 ioctl(8, _IOC(_IOC_READ|_IOC_WRITE, 0x46, 0x29, 0x10), 0x7ffc5061dbf0) = 0
3947862 ioctl(9, _IOC(_IOC_NONE, 0, 0x22, 0), 0x7ffc5061db60) = 0
3947862 ioctl(8, _IOC(_IOC_READ|_IOC_WRITE, 0x46, 0x29, 0x10), 0x7ffc5061dc00) = 0
3947862 ioctl(9, _IOC(_IOC_NONE, 0, 0x22, 0), 0x7ffc5061db60) = 0
3947862 ioctl(8, _IOC(_IOC_READ|_IOC_WRITE, 0x46, 0x29, 0x10), 0x7ffc5061dc00) = 0
3947862 ioctl(9, _IOC(_IOC_NONE, 0, 0x22, 0), 0x7ffc5061dc00) = 0
3947862 ioctl(9, _IOC(_IOC_NONE, 0, 0x22, 0), 0x7ffc5061db60) = 0
3947862 ioctl(8, _IOC(_IOC_READ|_IOC_WRITE, 0x46, 0x29, 0x10), 0x7ffc5061dc00) = 0
3947862 ioctl(9, _IOC(_IOC_NONE, 0, 0x1a, 0), 0x7ffc5061df90) = 0
3947862 ioctl(8, _IOC(_IOC_READ|_IOC_WRITE, 0x46, 0x2a, 0x20), 0x7ffc5061ce80) = 0
3947863 +++ exited with 0 +++
3947862 +++ exited with 0 +++
