3113377 openat(AT_FDCWD, "/etc/ld.so.cache", O_RDONLY|O_CLOEXEC) = 3
3113377 close(3)                        = 0
3113377 openat(AT_FDCWD, "/lib/x86_64-linux-gnu/libcuda.so.1", O_RDONLY|O_CLOEXEC) = 3
3113377 close(3)                        = 0
3113377 openat(AT_FDCWD, "/lib/x86_64-linux-gnu/libc.so.6", O_RDONLY|O_CLOEXEC) = 3
3113377 close(3)                        = 0
3113377 openat(AT_FDCWD, "/lib/x86_64-linux-gnu/libm.so.6", O_RDONLY|O_CLOEXEC) = 3
3113377 close(3)                        = 0
3113377 openat(AT_FDCWD, "/lib/x86_64-linux-gnu/libdl.so.2", O_RDONLY|O_CLOEXEC) = 3
3113377 close(3)                        = 0
3113377 openat(AT_FDCWD, "/lib/x86_64-linux-gnu/libpthread.so.0", O_RDONLY|O_CLOEXEC) = 3
3113377 close(3)                        = 0
3113377 openat(AT_FDCWD, "/lib/x86_64-linux-gnu/librt.so.1", O_RDONLY|O_CLOEXEC) = 3
3113377 close(3)                        = 0
3113377 openat(AT_FDCWD, "/sys/devices/system/cpu/online", O_RDONLY|O_CLOEXEC) = 3
3113377 close(3)                        = 0
3113377 openat(AT_FDCWD, "/sys/devices/system/cpu/online", O_RDONLY|O_CLOEXEC) = 3
3113377 close(3)                        = 0
3113377 openat(AT_FDCWD, "/proc/sys/vm/mmap_min_addr", O_RDONLY) = 3
3113377 close(3)                        = 0
3113377 openat(AT_FDCWD, "/proc/cpuinfo", O_RDONLY) = 3
3113377 close(3)                        = 0
3113377 openat(AT_FDCWD, "/proc/self/maps", O_RDONLY) = 3
3113377 close(3)                        = 0
3113377 openat(AT_FDCWD, "/sys/devices/system/cpu/online", O_RDONLY|O_CLOEXEC) = 3
3113377 close(3)                        = 0
3113377 openat(AT_FDCWD, "/proc/self/task/3113378/comm", O_WRONLY|O_CREAT|O_TRUNC, 0666) = 8
3113377 close(8)                        = 0
3113377 openat(AT_FDCWD, "/dev/shm/cuda_injection_path_shm", O_RDWR|O_NOFOLLOW|O_CLOEXEC) = -1 ENOENT (No such file or directory)
3113377 openat(AT_FDCWD, "/home/pm3371/.nv/nvidia-application-profile-globals-rc", O_RDONLY) = -1 ENOENT (No such file or directory)
3113377 openat(AT_FDCWD, "/home/pm3371/.nv/nvidia-application-profiles-rc", O_RDONLY) = -1 ENOENT (No such file or directory)
3113377 openat(AT_FDCWD, "/home/pm3371/.nv/nvidia-application-profiles-rc.d", O_RDONLY) = -1 ENOENT (No such file or directory)
3113377 openat(AT_FDCWD, "/etc/nvidia/nvidia-application-profiles-rc", O_RDONLY) = -1 ENOENT (No such file or directory)
3113377 openat(AT_FDCWD, "/etc/nvidia/nvidia-application-profiles-rc.d/", O_RDONLY) = -1 ENOENT (No such file or directory)
3113377 openat(AT_FDCWD, "/usr/share/nvidia/nvidia-application-profiles-555.42.02-rc", O_RDONLY) = 8
3113377 close(8)                        = 0
3113377 openat(AT_FDCWD, "/usr/share/nvidia/nvidia-application-profiles-rc", O_RDONLY) = -1 ENOENT (No such file or directory)
3113377 openat(AT_FDCWD, "/proc/self/cmdline", O_RDONLY) = 8
3113377 close(8)                        = 0
3113377 close(8)                        = 0
3113377 openat(AT_FDCWD, "/proc/modules", O_RDONLY) = 8
3113377 close(8)                        = 0
3113377 openat(AT_FDCWD, "/proc/driver/nvidia/params", O_RDONLY) = 8
3113377 close(8)                        = 0
3113377 openat(AT_FDCWD, "/dev/nvidiactl", O_RDWR) = 8
3113377 openat(AT_FDCWD, "/sys/devices/system/memory/block_size_bytes", O_RDONLY) = 9
3113377 close(9)                        = 0
3113377 ioctl(8, _IOC(_IOC_READ|_IOC_WRITE, 0x46, 0xd6, 0x8), 0x7ffeb6b3df80) = 0
3113377 ioctl(8, _IOC(_IOC_READ|_IOC_WRITE, 0x46, 0xc8, 0x900), 0x7f173d665ae0) = 0
3113377 openat(AT_FDCWD, "/proc/driver/nvidia/params", O_RDONLY) = 9
3113377 close(9)                        = 0
3113377 ioctl(8, _IOC(_IOC_READ|_IOC_WRITE, 0x46, 0x2b, 0x20), 0x7ffeb6b3e0d0) = 0
3113377 ioctl(8, _IOC(_IOC_READ|_IOC_WRITE, 0x46, 0x2a, 0x20), 0x7ffeb6b3cfd0) = 0
3113377 ioctl(8, _IOC(_IOC_READ|_IOC_WRITE, 0x46, 0x29, 0x10), 0x7ffeb6b3e0b0) = 0
3113377 close(8)                        = 0
3113377 openat(AT_FDCWD, "/proc/modules", O_RDONLY) = 8
3113377 close(8)                        = 0
3113377 openat(AT_FDCWD, "/proc/driver/nvidia/params", O_RDONLY) = 8
3113377 close(8)                        = 0
3113377 openat(AT_FDCWD, "/dev/nvidiactl", O_RDWR) = 8
3113377 openat(AT_FDCWD, "/sys/devices/system/memory/block_size_bytes", O_RDONLY) = 9
3113377 close(9)                        = 0
3113377 ioctl(8, _IOC(_IOC_READ|_IOC_WRITE, 0x46, 0xd6, 0x8), 0x7ffeb6b3e540) = 0
3113377 ioctl(8, _IOC(_IOC_READ|_IOC_WRITE, 0x46, 0xc8, 0x900), 0x7f173d665ae0) = 0
3113377 openat(AT_FDCWD, "/proc/driver/nvidia/params", O_RDONLY) = 9
3113377 close(9)                        = 0
3113377 ioctl(8, _IOC(_IOC_READ|_IOC_WRITE, 0x46, 0x2b, 0x20), 0x7ffeb6b3e690) = 0
3113377 ioctl(8, _IOC(_IOC_READ|_IOC_WRITE, 0x46, 0x2a, 0x20), 0x7ffeb6b3d550) = 0
3113377 ioctl(8, _IOC(_IOC_READ|_IOC_WRITE, 0x46, 0x2a, 0x20), 0x7ffeb6b3d550) = 0
3113377 ioctl(8, _IOC(_IOC_READ|_IOC_WRITE, 0x46, 0x2b, 0x30), 0x7ffeb6b3e680) = 0
3113377 ioctl(8, _IOC(_IOC_READ|_IOC_WRITE, 0x46, 0x2a, 0x20), 0x7ffeb6b3d560) = 0
3113377 openat(AT_FDCWD, "/sys/devices/system/cpu/online", O_RDONLY|O_CLOEXEC) = 9
3113377 close(9)                        = 0
3113377 openat(AT_FDCWD, "/proc/self/status", O_RDONLY) = 9
3113377 close(9)                        = 0
3113377 openat(AT_FDCWD, "/sys/devices/system/node", O_RDONLY|O_NONBLOCK|O_CLOEXEC|O_DIRECTORY) = 9
3113377 openat(AT_FDCWD, "/sys/devices/system/node/node0/cpumap", O_RDONLY) = 10
3113377 close(10)                       = 0
3113377 openat(AT_FDCWD, "/sys/devices/system/node/node1/cpumap", O_RDONLY) = 10
3113377 close(10)                       = 0
3113377 close(9)                        = 0
3113377 openat(AT_FDCWD, "/proc/modules", O_RDONLY) = 9
3113377 close(9)                        = 0
3113377 openat(AT_FDCWD, "/proc/devices", O_RDONLY) = 9
3113377 close(9)                        = 0
3113377 openat(AT_FDCWD, "/dev/nvidia-uvm", O_RDWR|O_CLOEXEC) = 9
3113377 openat(AT_FDCWD, "/dev/nvidia-uvm", O_RDWR|O_CLOEXEC) = 10
3113377 ioctl(9, _IOC(_IOC_NONE, 0, 0x1, 0x3000), 0x7ffeb6b3e690) = 0
3113377 ioctl(10, _IOC(_IOC_NONE, 0, 0x4b, 0), 0x7ffeb6b3e690) = 0
3113377 close(10)                       = 0
3113377 ioctl(9, _IOC(_IOC_NONE, 0, 0x27, 0), 0x7ffeb6b3e690) = 0
3113377 ioctl(8, _IOC(_IOC_READ|_IOC_WRITE, 0x46, 0x2a, 0x20), 0x7ffeb6b3b700) = 0
3113377 ioctl(8, _IOC(_IOC_READ|_IOC_WRITE, 0x46, 0x2a, 0x20), 0x7ffeb6b3af30) = 0
3113377 ioctl(8, _IOC(_IOC_READ|_IOC_WRITE, 0x46, 0x2a, 0x20), 0x7ffeb6b3b640) = 0
3113377 openat(AT_FDCWD, "/proc/driver/nvidia/params", O_RDONLY) = 10
3113377 close(10)                       = 0
3113377 openat(AT_FDCWD, "/dev/nvidia0", O_RDWR|O_CLOEXEC) = 10
3113377 ioctl(8, _IOC(_IOC_READ|_IOC_WRITE, 0x46, 0x2a, 0x20), 0x7ffeb6b3b640) = 0
3113377 openat(AT_FDCWD, "/proc/driver/nvidia/params", O_RDONLY) = 11
3113377 close(11)                       = 0
3113377 openat(AT_FDCWD, "/dev/nvidia1", O_RDWR|O_CLOEXEC) = 11
3113377 ioctl(8, _IOC(_IOC_READ|_IOC_WRITE, 0x46, 0x2a, 0x20), 0x7ffeb6b3b640) = 0
3113377 openat(AT_FDCWD, "/proc/driver/nvidia/params", O_RDONLY) = 12
3113377 close(12)                       = 0
3113377 openat(AT_FDCWD, "/dev/nvidia2", O_RDWR|O_CLOEXEC) = 12
3113377 ioctl(8, _IOC(_IOC_READ|_IOC_WRITE, 0x46, 0x2a, 0x20), 0x7ffeb6b3b640) = 0
3113377 openat(AT_FDCWD, "/proc/driver/nvidia/params", O_RDONLY) = 13
3113377 close(13)                       = 0
3113377 openat(AT_FDCWD, "/dev/nvidia3", O_RDWR|O_CLOEXEC) = -1 EIO (Input/output error)
3113377 openat(AT_FDCWD, "/dev/nvidia3", O_RDWR) = -1 EIO (Input/output error)
3113377 ioctl(8, _IOC(_IOC_READ|_IOC_WRITE, 0x46, 0xd1, 0xc), 0x7ffeb6b3b514) = 0
3113377 ioctl(8, _IOC(_IOC_READ|_IOC_WRITE, 0x46, 0x2a, 0x20), 0x7ffeb6b3b800) = 0
3113377 ioctl(8, _IOC(_IOC_READ|_IOC_WRITE, 0x46, 0x2a, 0x20), 0x7ffeb6b3b7f0) = 0
3113377 ioctl(8, _IOC(_IOC_READ|_IOC_WRITE, 0x46, 0x29, 0x10), 0x7ffeb6b3c890) = 0
3113377 ioctl(8, _IOC(_IOC_READ|_IOC_WRITE, 0x46, 0x2a, 0x20), 0x7ffeb6b3b680) = 0
3113377 ioctl(8, _IOC(_IOC_READ|_IOC_WRITE, 0x46, 0x2a, 0x20), 0x7ffeb6b3b680) = 0
3113377 openat(AT_FDCWD, "/proc/driver/nvidia/params", O_RDONLY) = 13
3113377 close(13)                       = 0
3113377 openat(AT_FDCWD, "/dev/nvidia0", O_RDWR|O_CLOEXEC) = 13
3113377 ioctl(13, _IOC(_IOC_READ|_IOC_WRITE, 0x46, 0xc9, 0x4), 0x7ffeb6b3c800) = 0
3113377 ioctl(13, _IOC(_IOC_READ|_IOC_WRITE, 0x46, 0xd7, 0x230), 0x7ffeb6b3c580) = 0
3113377 ioctl(8, _IOC(_IOC_READ|_IOC_WRITE, 0x46, 0x2b, 0x30), 0x7ffeb6b3c8d0) = 0
3113377 ioctl(8, _IOC(_IOC_READ|_IOC_WRITE, 0x46, 0x2a, 0x20), 0x7ffeb6b3b800) = 0
3113377 ioctl(8, _IOC(_IOC_READ|_IOC_WRITE, 0x46, 0x2a, 0x20), 0x7ffeb6b3b660) = 0
3113377 ioctl(8, _IOC(_IOC_READ|_IOC_WRITE, 0x46, 0x2a, 0x20), 0x7ffeb6b3b800) = 0
3113377 ioctl(8, _IOC(_IOC_READ|_IOC_WRITE, 0x46, 0x2a, 0x20), 0x7ffeb6b3b770) = 0
3113377 ioctl(8, _IOC(_IOC_READ|_IOC_WRITE, 0x46, 0x2a, 0x20), 0x7ffeb6b3b670) = 0
3113377 ioctl(8, _IOC(_IOC_READ|_IOC_WRITE, 0x46, 0x2a, 0x20), 0x7ffeb6b3b670) = 0
3113377 openat(AT_FDCWD, "/proc/driver/nvidia/params", O_RDONLY) = 14
3113377 close(14)                       = 0
3113377 openat(AT_FDCWD, "/dev/nvidia0", O_RDWR|O_CLOEXEC) = 14
3113377 ioctl(14, _IOC(_IOC_READ|_IOC_WRITE, 0x46, 0xc9, 0x4), 0x7ffeb6b3c7f0) = 0
3113377 ioctl(8, _IOC(_IOC_READ|_IOC_WRITE, 0x46, 0x2b, 0x30), 0x7ffeb6b3c900) = 0
3113377 ioctl(8, _IOC(_IOC_READ|_IOC_WRITE, 0x46, 0x2b, 0x30), 0x7ffeb6b3c920) = 0
3113377 ioctl(8, _IOC(_IOC_READ|_IOC_WRITE, 0x46, 0x2a, 0x20), 0x7ffeb6b3b650) = 0
3113377 ioctl(8, _IOC(_IOC_READ|_IOC_WRITE, 0x46, 0x2a, 0x20), 0x7ffeb6b3b150) = 0
3113377 ioctl(8, _IOC(_IOC_READ|_IOC_WRITE, 0x46, 0x2a, 0x20), 0x7ffeb6b3b700) = 0
3113377 ioctl(8, _IOC(_IOC_READ|_IOC_WRITE, 0x46, 0x2a, 0x20), 0x7ffeb6b3ad70) = 0
3113377 ioctl(8, _IOC(_IOC_READ|_IOC_WRITE, 0x46, 0x2a, 0x20), 0x7ffeb6b3a560) = 0
3113377 ioctl(8, _IOC(_IOC_READ|_IOC_WRITE, 0x46, 0x2a, 0x20), 0x7ffeb6b3abb0) = 0
3113377 ioctl(8, _IOC(_IOC_READ|_IOC_WRITE, 0x46, 0x2a, 0x20), 0x7ffeb6b3b420) = 0
3113377 ioctl(8, _IOC(_IOC_READ|_IOC_WRITE, 0x46, 0x2a, 0x20), 0x7ffeb6b3b5f0) = 0
3113377 ioctl(8, _IOC(_IOC_READ|_IOC_WRITE, 0x46, 0x2a, 0x20), 0x7ffeb6b3b2e0) = 0
3113377 ioctl(8, _IOC(_IOC_READ|_IOC_WRITE, 0x46, 0x2a, 0x20), 0x7ffeb6b3b2e0) = 0
3113377 ioctl(8, _IOC(_IOC_READ|_IOC_WRITE, 0x46, 0x2a, 0x20), 0x7ffeb6b3b2e0) = 0
3113377 ioctl(8, _IOC(_IOC_READ|_IOC_WRITE, 0x46, 0x2a, 0x20), 0x7ffeb6b3b2e0) = 0
3113377 ioctl(8, _IOC(_IOC_READ|_IOC_WRITE, 0x46, 0x2a, 0x20), 0x7ffeb6b3b2e0) = 0
3113377 ioctl(8, _IOC(_IOC_READ|_IOC_WRITE, 0x46, 0x2a, 0x20), 0x7ffeb6b3b130) = 0
3113377 ioctl(8, _IOC(_IOC_READ|_IOC_WRITE, 0x46, 0x2a, 0x20), 0x7ffeb6b3b440) = 0
3113377 ioctl(8, _IOC(_IOC_READ|_IOC_WRITE, 0x46, 0x2a, 0x20), 0x7ffeb6b3b4e0) = 0
3113377 ioctl(8, _IOC(_IOC_READ|_IOC_WRITE, 0x46, 0x2a, 0x20), 0x7ffeb6b3b5f0) = 0
3113377 ioctl(8, _IOC(_IOC_READ|_IOC_WRITE, 0x46, 0x2a, 0x20), 0x7ffeb6b3b5f0) = 0
3113377 ioctl(8, _IOC(_IOC_READ|_IOC_WRITE, 0x46, 0x2a, 0x20), 0x7ffeb6b3b340) = 0
3113377 ioctl(8, _IOC(_IOC_READ|_IOC_WRITE, 0x46, 0x2a, 0x20), 0x7ffeb6b3b520) = 0
3113377 ioctl(8, _IOC(_IOC_READ|_IOC_WRITE, 0x46, 0x2a, 0x20), 0x7ffeb6b3b520) = 0
3113377 ioctl(8, _IOC(_IOC_READ|_IOC_WRITE, 0x46, 0x2a, 0x20), 0x7ffeb6b3b520) = 0
3113377 ioctl(8, _IOC(_IOC_READ|_IOC_WRITE, 0x46, 0x2a, 0x20), 0x7ffeb6b3b520) = 0
3113377 ioctl(8, _IOC(_IOC_READ|_IOC_WRITE, 0x46, 0x2a, 0x20), 0x7ffeb6b3b520) = 0
3113377 ioctl(8, _IOC(_IOC_READ|_IOC_WRITE, 0x46, 0x2a, 0x20), 0x7ffeb6b3b520) = 0
3113377 ioctl(8, _IOC(_IOC_READ|_IOC_WRITE, 0x46, 0x2a, 0x20), 0x7ffeb6b3b520) = 0
3113377 ioctl(8, _IOC(_IOC_READ|_IOC_WRITE, 0x46, 0x2a, 0x20), 0x7ffeb6b3b510) = 0
3113377 ioctl(8, _IOC(_IOC_READ|_IOC_WRITE, 0x46, 0x2a, 0x20), 0x7ffeb6b3b490) = 0
3113377 ioctl(8, _IOC(_IOC_READ|_IOC_WRITE, 0x46, 0x2a, 0x20), 0x7ffeb6b38f70) = 0
3113377 ioctl(8, _IOC(_IOC_READ|_IOC_WRITE, 0x46, 0x2a, 0x20), 0x7ffeb6b3a020) = 0
3113377 ioctl(8, _IOC(_IOC_READ|_IOC_WRITE, 0x46, 0x2a, 0x20), 0x7ffeb6b3b620) = 0
3113377 ioctl(8, _IOC(_IOC_READ|_IOC_WRITE, 0x46, 0x2a, 0x20), 0x7ffeb6b3b470) = 0
3113377 ioctl(8, _IOC(_IOC_READ|_IOC_WRITE, 0x46, 0x2b, 0x30), 0x7ffeb6b3c690) = 0
3113377 ioctl(8, _IOC(_IOC_READ|_IOC_WRITE, 0x46, 0x2a, 0x20), 0x7ffeb6b3b460) = 0
3113377 openat(AT_FDCWD, "/dev/nvidia0", O_RDWR|O_CLOEXEC) = 15
3113377 ioctl(8, _IOC(_IOC_READ|_IOC_WRITE, 0x46, 0x4e, 0x38), 0x7ffeb6b3c620) = 0
3113377 close(15)                       = 0
3113377 ioctl(8, _IOC(_IOC_READ|_IOC_WRITE, 0x46, 0x2a, 0x20), 0x7ffeb6b3b5c0) = 0
3113377 ioctl(8, _IOC(_IOC_READ|_IOC_WRITE, 0x46, 0x2b, 0x30), 0x7ffeb6b3c710) = 0
3113377 ioctl(8, _IOC(_IOC_READ|_IOC_WRITE, 0x46, 0x2b, 0x30), 0x7ffeb6b3c710) = 0
3113377 ioctl(8, _IOC(_IOC_READ|_IOC_WRITE, 0x46, 0x2a, 0x20), 0x7ffeb6b3b5f0) = 0
3113377 ioctl(8, _IOC(_IOC_READ|_IOC_WRITE, 0x46, 0x2a, 0x20), 0x7ffeb6b3b550) = 0
3113377 ioctl(8, _IOC(_IOC_READ|_IOC_WRITE, 0x46, 0x2a, 0x20), 0x7ffeb6b3b550) = 0
3113377 ioctl(8, _IOC(_IOC_READ|_IOC_WRITE, 0x46, 0x2a, 0x20), 0x7ffeb6b3b650) = 0
3113377 ioctl(8, _IOC(_IOC_READ|_IOC_WRITE, 0x46, 0x2a, 0x20), 0x7ffeb6b3b510) = 0
3113377 openat(AT_FDCWD, "/sys/bus/pci/devices/0000:3f:00.0/numa_node", O_RDONLY) = 15
3113377 close(15)                       = 0
3113377 ioctl(8, _IOC(_IOC_READ|_IOC_WRITE, 0x46, 0x2a, 0x20), 0x7ffeb6b3b7f0) = 0
3113377 ioctl(8, _IOC(_IOC_READ|_IOC_WRITE, 0x46, 0x29, 0x10), 0x7ffeb6b3c890) = 0
3113377 ioctl(8, _IOC(_IOC_READ|_IOC_WRITE, 0x46, 0x2a, 0x20), 0x7ffeb6b3b680) = 0
3113377 ioctl(8, _IOC(_IOC_READ|_IOC_WRITE, 0x46, 0x2a, 0x20), 0x7ffeb6b3b680) = 0
3113377 ioctl(8, _IOC(_IOC_READ|_IOC_WRITE, 0x46, 0x2a, 0x20), 0x7ffeb6b3b680) = 0
3113377 openat(AT_FDCWD, "/proc/driver/nvidia/params", O_RDONLY) = 15
3113377 close(15)                       = 0
3113377 openat(AT_FDCWD, "/dev/nvidia1", O_RDWR|O_CLOEXEC) = 15
3113377 ioctl(15, _IOC(_IOC_READ|_IOC_WRITE, 0x46, 0xc9, 0x4), 0x7ffeb6b3c800) = 0
3113377 ioctl(15, _IOC(_IOC_READ|_IOC_WRITE, 0x46, 0xd7, 0x230), 0x7ffeb6b3c580) = 0
3113377 ioctl(8, _IOC(_IOC_READ|_IOC_WRITE, 0x46, 0x2b, 0x30), 0x7ffeb6b3c8d0) = 0
3113377 ioctl(8, _IOC(_IOC_READ|_IOC_WRITE, 0x46, 0x2a, 0x20), 0x7ffeb6b3b800) = 0
3113377 ioctl(8, _IOC(_IOC_READ|_IOC_WRITE, 0x46, 0x2a, 0x20), 0x7ffeb6b3b660) = 0
3113377 ioctl(8, _IOC(_IOC_READ|_IOC_WRITE, 0x46, 0x2a, 0x20), 0x7ffeb6b3b800) = 0
3113377 ioctl(8, _IOC(_IOC_READ|_IOC_WRITE, 0x46, 0x2a, 0x20), 0x7ffeb6b3b770) = 0
3113377 ioctl(8, _IOC(_IOC_READ|_IOC_WRITE, 0x46, 0x2a, 0x20), 0x7ffeb6b3b670) = 0
3113377 ioctl(8, _IOC(_IOC_READ|_IOC_WRITE, 0x46, 0x2a, 0x20), 0x7ffeb6b3b670) = 0
3113377 ioctl(8, _IOC(_IOC_READ|_IOC_WRITE, 0x46, 0x2a, 0x20), 0x7ffeb6b3b670) = 0
3113377 openat(AT_FDCWD, "/proc/driver/nvidia/params", O_RDONLY) = 16
3113377 close(16)                       = 0
3113377 openat(AT_FDCWD, "/dev/nvidia1", O_RDWR|O_CLOEXEC) = 16
3113377 ioctl(16, _IOC(_IOC_READ|_IOC_WRITE, 0x46, 0xc9, 0x4), 0x7ffeb6b3c7f0) = 0
3113377 ioctl(8, _IOC(_IOC_READ|_IOC_WRITE, 0x46, 0x2b, 0x30), 0x7ffeb6b3c900) = 0
3113377 ioctl(8, _IOC(_IOC_READ|_IOC_WRITE, 0x46, 0x2b, 0x30), 0x7ffeb6b3c920) = 0
3113377 ioctl(8, _IOC(_IOC_READ|_IOC_WRITE, 0x46, 0x2a, 0x20), 0x7ffeb6b3b650) = 0
3113377 ioctl(8, _IOC(_IOC_READ|_IOC_WRITE, 0x46, 0x2a, 0x20), 0x7ffeb6b3b150) = 0
3113377 ioctl(8, _IOC(_IOC_READ|_IOC_WRITE, 0x46, 0x2a, 0x20), 0x7ffeb6b3b700) = 0
3113377 ioctl(8, _IOC(_IOC_READ|_IOC_WRITE, 0x46, 0x2a, 0x20), 0x7ffeb6b3ad70) = 0
3113377 ioctl(8, _IOC(_IOC_READ|_IOC_WRITE, 0x46, 0x2a, 0x20), 0x7ffeb6b3a560) = 0
3113377 ioctl(8, _IOC(_IOC_READ|_IOC_WRITE, 0x46, 0x2a, 0x20), 0x7ffeb6b3abb0) = 0
3113377 ioctl(8, _IOC(_IOC_READ|_IOC_WRITE, 0x46, 0x2a, 0x20), 0x7ffeb6b3b420) = 0
3113377 ioctl(8, _IOC(_IOC_READ|_IOC_WRITE, 0x46, 0x2a, 0x20), 0x7ffeb6b3b5f0) = 0
3113377 ioctl(8, _IOC(_IOC_READ|_IOC_WRITE, 0x46, 0x2a, 0x20), 0x7ffeb6b3b2e0) = 0
3113377 ioctl(8, _IOC(_IOC_READ|_IOC_WRITE, 0x46, 0x2a, 0x20), 0x7ffeb6b3b2e0) = 0
3113377 ioctl(8, _IOC(_IOC_READ|_IOC_WRITE, 0x46, 0x2a, 0x20), 0x7ffeb6b3b2e0) = 0
3113377 ioctl(8, _IOC(_IOC_READ|_IOC_WRITE, 0x46, 0x2a, 0x20), 0x7ffeb6b3b2e0) = 0
3113377 ioctl(8, _IOC(_IOC_READ|_IOC_WRITE, 0x46, 0x2a, 0x20), 0x7ffeb6b3b2e0) = 0
3113377 ioctl(8, _IOC(_IOC_READ|_IOC_WRITE, 0x46, 0x2a, 0x20), 0x7ffeb6b3b130) = 0
3113377 ioctl(8, _IOC(_IOC_READ|_IOC_WRITE, 0x46, 0x2a, 0x20), 0x7ffeb6b3b440) = 0
3113377 ioctl(8, _IOC(_IOC_READ|_IOC_WRITE, 0x46, 0x2a, 0x20), 0x7ffeb6b3b4e0) = 0
3113377 ioctl(8, _IOC(_IOC_READ|_IOC_WRITE, 0x46, 0x2a, 0x20), 0x7ffeb6b3b5f0) = 0
3113377 ioctl(8, _IOC(_IOC_READ|_IOC_WRITE, 0x46, 0x2a, 0x20), 0x7ffeb6b3b5f0) = 0
3113377 ioctl(8, _IOC(_IOC_READ|_IOC_WRITE, 0x46, 0x2a, 0x20), 0x7ffeb6b3b340) = 0
3113377 ioctl(8, _IOC(_IOC_READ|_IOC_WRITE, 0x46, 0x2a, 0x20), 0x7ffeb6b3b520) = 0
3113377 ioctl(8, _IOC(_IOC_READ|_IOC_WRITE, 0x46, 0x2a, 0x20), 0x7ffeb6b3b520) = 0
3113377 ioctl(8, _IOC(_IOC_READ|_IOC_WRITE, 0x46, 0x2a, 0x20), 0x7ffeb6b3b520) = 0
3113377 ioctl(8, _IOC(_IOC_READ|_IOC_WRITE, 0x46, 0x2a, 0x20), 0x7ffeb6b3b520) = 0
3113377 ioctl(8, _IOC(_IOC_READ|_IOC_WRITE, 0x46, 0x2a, 0x20), 0x7ffeb6b3b520) = 0
3113377 ioctl(8, _IOC(_IOC_READ|_IOC_WRITE, 0x46, 0x2a, 0x20), 0x7ffeb6b3b520) = 0
3113377 ioctl(8, _IOC(_IOC_READ|_IOC_WRITE, 0x46, 0x2a, 0x20), 0x7ffeb6b3b520) = 0
3113377 ioctl(8, _IOC(_IOC_READ|_IOC_WRITE, 0x46, 0x2a, 0x20), 0x7ffeb6b3b510) = 0
3113377 ioctl(8, _IOC(_IOC_READ|_IOC_WRITE, 0x46, 0x2a, 0x20), 0x7ffeb6b3b490) = 0
3113377 ioctl(8, _IOC(_IOC_READ|_IOC_WRITE, 0x46, 0x2a, 0x20), 0x7ffeb6b38f70) = 0
3113377 ioctl(8, _IOC(_IOC_READ|_IOC_WRITE, 0x46, 0x2a, 0x20), 0x7ffeb6b3a020) = 0
3113377 ioctl(8, _IOC(_IOC_READ|_IOC_WRITE, 0x46, 0x2a, 0x20), 0x7ffeb6b3b620) = 0
3113377 ioctl(8, _IOC(_IOC_READ|_IOC_WRITE, 0x46, 0x2a, 0x20), 0x7ffeb6b3b470) = 0
3113377 ioctl(8, _IOC(_IOC_READ|_IOC_WRITE, 0x46, 0x2b, 0x30), 0x7ffeb6b3c690) = 0
3113377 ioctl(8, _IOC(_IOC_READ|_IOC_WRITE, 0x46, 0x2a, 0x20), 0x7ffeb6b3b460) = 0
3113377 openat(AT_FDCWD, "/dev/nvidia1", O_RDWR|O_CLOEXEC) = 17
3113377 ioctl(8, _IOC(_IOC_READ|_IOC_WRITE, 0x46, 0x4e, 0x38), 0x7ffeb6b3c620) = 0
3113377 close(17)                       = 0
3113377 ioctl(8, _IOC(_IOC_READ|_IOC_WRITE, 0x46, 0x2a, 0x20), 0x7ffeb6b3b5c0) = 0
3113377 ioctl(8, _IOC(_IOC_READ|_IOC_WRITE, 0x46, 0x2b, 0x30), 0x7ffeb6b3c710) = 0
3113377 ioctl(8, _IOC(_IOC_READ|_IOC_WRITE, 0x46, 0x2b, 0x30), 0x7ffeb6b3c710) = 0
3113377 ioctl(8, _IOC(_IOC_READ|_IOC_WRITE, 0x46, 0x2a, 0x20), 0x7ffeb6b3b5f0) = 0
3113377 ioctl(8, _IOC(_IOC_READ|_IOC_WRITE, 0x46, 0x2a, 0x20), 0x7ffeb6b3b550) = 0
3113377 ioctl(8, _IOC(_IOC_READ|_IOC_WRITE, 0x46, 0x2a, 0x20), 0x7ffeb6b3b550) = 0
3113377 ioctl(8, _IOC(_IOC_READ|_IOC_WRITE, 0x46, 0x2a, 0x20), 0x7ffeb6b3b650) = 0
3113377 ioctl(8, _IOC(_IOC_READ|_IOC_WRITE, 0x46, 0x2a, 0x20), 0x7ffeb6b3b510) = 0
3113377 openat(AT_FDCWD, "/sys/bus/pci/devices/0000:40:00.0/numa_node", O_RDONLY) = 17
3113377 close(17)                       = 0
3113377 ioctl(8, _IOC(_IOC_READ|_IOC_WRITE, 0x46, 0x2a, 0x20), 0x7ffeb6b3b7f0) = 0
3113377 ioctl(8, _IOC(_IOC_READ|_IOC_WRITE, 0x46, 0x29, 0x10), 0x7ffeb6b3c890) = 0
3113377 ioctl(8, _IOC(_IOC_READ|_IOC_WRITE, 0x46, 0x2a, 0x20), 0x7ffeb6b3b680) = 0
3113377 ioctl(8, _IOC(_IOC_READ|_IOC_WRITE, 0x46, 0x2a, 0x20), 0x7ffeb6b3b680) = 0
3113377 ioctl(8, _IOC(_IOC_READ|_IOC_WRITE, 0x46, 0x2a, 0x20), 0x7ffeb6b3b680) = 0
3113377 ioctl(8, _IOC(_IOC_READ|_IOC_WRITE, 0x46, 0x2a, 0x20), 0x7ffeb6b3b680) = 0
3113377 openat(AT_FDCWD, "/proc/driver/nvidia/params", O_RDONLY) = 17
3113377 close(17)                       = 0
3113377 openat(AT_FDCWD, "/dev/nvidia2", O_RDWR|O_CLOEXEC) = 17
3113377 ioctl(17, _IOC(_IOC_READ|_IOC_WRITE, 0x46, 0xc9, 0x4), 0x7ffeb6b3c800) = 0
3113377 ioctl(17, _IOC(_IOC_READ|_IOC_WRITE, 0x46, 0xd7, 0x230), 0x7ffeb6b3c580) = 0
3113377 ioctl(8, _IOC(_IOC_READ|_IOC_WRITE, 0x46, 0x2b, 0x30), 0x7ffeb6b3c8d0) = 0
3113377 ioctl(8, _IOC(_IOC_READ|_IOC_WRITE, 0x46, 0x2a, 0x20), 0x7ffeb6b3b800) = 0
3113377 ioctl(8, _IOC(_IOC_READ|_IOC_WRITE, 0x46, 0x2a, 0x20), 0x7ffeb6b3b660) = 0
3113377 ioctl(8, _IOC(_IOC_READ|_IOC_WRITE, 0x46, 0x2a, 0x20), 0x7ffeb6b3b800) = 0
3113377 ioctl(8, _IOC(_IOC_READ|_IOC_WRITE, 0x46, 0x2a, 0x20), 0x7ffeb6b3b770) = 0
3113377 ioctl(8, _IOC(_IOC_READ|_IOC_WRITE, 0x46, 0x2a, 0x20), 0x7ffeb6b3b670) = 0
3113377 ioctl(8, _IOC(_IOC_READ|_IOC_WRITE, 0x46, 0x2a, 0x20), 0x7ffeb6b3b670) = 0
3113377 ioctl(8, _IOC(_IOC_READ|_IOC_WRITE, 0x46, 0x2a, 0x20), 0x7ffeb6b3b670) = 0
3113377 ioctl(8, _IOC(_IOC_READ|_IOC_WRITE, 0x46, 0x2a, 0x20), 0x7ffeb6b3b670) = 0
3113377 openat(AT_FDCWD, "/proc/driver/nvidia/params", O_RDONLY) = 18
3113377 close(18)                       = 0
3113377 openat(AT_FDCWD, "/dev/nvidia2", O_RDWR|O_CLOEXEC) = 18
3113377 ioctl(18, _IOC(_IOC_READ|_IOC_WRITE, 0x46, 0xc9, 0x4), 0x7ffeb6b3c7f0) = 0
3113377 ioctl(8, _IOC(_IOC_READ|_IOC_WRITE, 0x46, 0x2b, 0x30), 0x7ffeb6b3c900) = 0
3113377 ioctl(8, _IOC(_IOC_READ|_IOC_WRITE, 0x46, 0x2b, 0x30), 0x7ffeb6b3c920) = 0
3113377 ioctl(8, _IOC(_IOC_READ|_IOC_WRITE, 0x46, 0x2a, 0x20), 0x7ffeb6b3b650) = 0
3113377 ioctl(8, _IOC(_IOC_READ|_IOC_WRITE, 0x46, 0x2a, 0x20), 0x7ffeb6b3b150) = 0
3113377 ioctl(8, _IOC(_IOC_READ|_IOC_WRITE, 0x46, 0x2a, 0x20), 0x7ffeb6b3b700) = 0
3113377 ioctl(8, _IOC(_IOC_READ|_IOC_WRITE, 0x46, 0x2a, 0x20), 0x7ffeb6b3ad70) = 0
3113377 ioctl(8, _IOC(_IOC_READ|_IOC_WRITE, 0x46, 0x2a, 0x20), 0x7ffeb6b3a560) = 0
3113377 ioctl(8, _IOC(_IOC_READ|_IOC_WRITE, 0x46, 0x2a, 0x20), 0x7ffeb6b3abb0) = 0
3113377 ioctl(8, _IOC(_IOC_READ|_IOC_WRITE, 0x46, 0x2a, 0x20), 0x7ffeb6b3b420) = 0
3113377 ioctl(8, _IOC(_IOC_READ|_IOC_WRITE, 0x46, 0x2a, 0x20), 0x7ffeb6b3b5f0) = 0
3113377 ioctl(8, _IOC(_IOC_READ|_IOC_WRITE, 0x46, 0x2a, 0x20), 0x7ffeb6b3b2e0) = 0
3113377 ioctl(8, _IOC(_IOC_READ|_IOC_WRITE, 0x46, 0x2a, 0x20), 0x7ffeb6b3b2e0) = 0
3113377 ioctl(8, _IOC(_IOC_READ|_IOC_WRITE, 0x46, 0x2a, 0x20), 0x7ffeb6b3b2e0) = 0
3113377 ioctl(8, _IOC(_IOC_READ|_IOC_WRITE, 0x46, 0x2a, 0x20), 0x7ffeb6b3b2e0) = 0
3113377 ioctl(8, _IOC(_IOC_READ|_IOC_WRITE, 0x46, 0x2a, 0x20), 0x7ffeb6b3b2e0) = 0
3113377 ioctl(8, _IOC(_IOC_READ|_IOC_WRITE, 0x46, 0x2a, 0x20), 0x7ffeb6b3b130) = 0
3113377 ioctl(8, _IOC(_IOC_READ|_IOC_WRITE, 0x46, 0x2a, 0x20), 0x7ffeb6b3b440) = 0
3113377 ioctl(8, _IOC(_IOC_READ|_IOC_WRITE, 0x46, 0x2a, 0x20), 0x7ffeb6b3b4e0) = 0
3113377 ioctl(8, _IOC(_IOC_READ|_IOC_WRITE, 0x46, 0x2a, 0x20), 0x7ffeb6b3b5f0) = 0
3113377 ioctl(8, _IOC(_IOC_READ|_IOC_WRITE, 0x46, 0x2a, 0x20), 0x7ffeb6b3b5f0) = 0
3113377 ioctl(8, _IOC(_IOC_READ|_IOC_WRITE, 0x46, 0x2a, 0x20), 0x7ffeb6b3b340) = 0
3113377 ioctl(8, _IOC(_IOC_READ|_IOC_WRITE, 0x46, 0x2a, 0x20), 0x7ffeb6b3b520) = 0
3113377 ioctl(8, _IOC(_IOC_READ|_IOC_WRITE, 0x46, 0x2a, 0x20), 0x7ffeb6b3b520) = 0
3113377 ioctl(8, _IOC(_IOC_READ|_IOC_WRITE, 0x46, 0x2a, 0x20), 0x7ffeb6b3b520) = 0
3113377 ioctl(8, _IOC(_IOC_READ|_IOC_WRITE, 0x46, 0x2a, 0x20), 0x7ffeb6b3b520) = 0
3113377 ioctl(8, _IOC(_IOC_READ|_IOC_WRITE, 0x46, 0x2a, 0x20), 0x7ffeb6b3b520) = 0
3113377 ioctl(8, _IOC(_IOC_READ|_IOC_WRITE, 0x46, 0x2a, 0x20), 0x7ffeb6b3b520) = 0
3113377 ioctl(8, _IOC(_IOC_READ|_IOC_WRITE, 0x46, 0x2a, 0x20), 0x7ffeb6b3b520) = 0
3113377 ioctl(8, _IOC(_IOC_READ|_IOC_WRITE, 0x46, 0x2a, 0x20), 0x7ffeb6b3b510) = 0
3113377 ioctl(8, _IOC(_IOC_READ|_IOC_WRITE, 0x46, 0x2a, 0x20), 0x7ffeb6b3b490) = 0
3113377 ioctl(8, _IOC(_IOC_READ|_IOC_WRITE, 0x46, 0x2a, 0x20), 0x7ffeb6b38f70) = 0
3113377 ioctl(8, _IOC(_IOC_READ|_IOC_WRITE, 0x46, 0x2a, 0x20), 0x7ffeb6b3a020) = 0
3113377 ioctl(8, _IOC(_IOC_READ|_IOC_WRITE, 0x46, 0x2a, 0x20), 0x7ffeb6b3b620) = 0
3113377 ioctl(8, _IOC(_IOC_READ|_IOC_WRITE, 0x46, 0x2a, 0x20), 0x7ffeb6b3b470) = 0
3113377 ioctl(8, _IOC(_IOC_READ|_IOC_WRITE, 0x46, 0x2b, 0x30), 0x7ffeb6b3c690) = 0
3113377 ioctl(8, _IOC(_IOC_READ|_IOC_WRITE, 0x46, 0x2a, 0x20), 0x7ffeb6b3b460) = 0
3113377 openat(AT_FDCWD, "/dev/nvidia2", O_RDWR|O_CLOEXEC) = 19
3113377 ioctl(8, _IOC(_IOC_READ|_IOC_WRITE, 0x46, 0x4e, 0x38), 0x7ffeb6b3c620) = 0
3113377 close(19)                       = 0
3113377 ioctl(8, _IOC(_IOC_READ|_IOC_WRITE, 0x46, 0x2a, 0x20), 0x7ffeb6b3b5c0) = 0
3113377 ioctl(8, _IOC(_IOC_READ|_IOC_WRITE, 0x46, 0x2b, 0x30), 0x7ffeb6b3c710) = 0
3113377 ioctl(8, _IOC(_IOC_READ|_IOC_WRITE, 0x46, 0x2b, 0x30), 0x7ffeb6b3c710) = 0
3113377 ioctl(8, _IOC(_IOC_READ|_IOC_WRITE, 0x46, 0x2a, 0x20), 0x7ffeb6b3b5f0) = 0
3113377 ioctl(8, _IOC(_IOC_READ|_IOC_WRITE, 0x46, 0x2a, 0x20), 0x7ffeb6b3b550) = 0
3113377 ioctl(8, _IOC(_IOC_READ|_IOC_WRITE, 0x46, 0x2a, 0x20), 0x7ffeb6b3b550) = 0
3113377 ioctl(8, _IOC(_IOC_READ|_IOC_WRITE, 0x46, 0x2a, 0x20), 0x7ffeb6b3b650) = 0
3113377 ioctl(8, _IOC(_IOC_READ|_IOC_WRITE, 0x46, 0x2a, 0x20), 0x7ffeb6b3b510) = 0
3113377 openat(AT_FDCWD, "/sys/bus/pci/devices/0000:60:00.0/numa_node", O_RDONLY) = 19
3113377 close(19)                       = 0
3113377 ioctl(8, _IOC(_IOC_READ|_IOC_WRITE, 0x46, 0x2a, 0x20), 0x7ffeb6b3b800) = 0
3113377 ioctl(8, _IOC(_IOC_READ|_IOC_WRITE, 0x46, 0x2a, 0x20), 0x7ffeb6b3c960) = 0
3113377 ioctl(8, _IOC(_IOC_READ|_IOC_WRITE, 0x46, 0x2a, 0x20), 0x7ffeb6b3c960) = 0
3113377 ioctl(8, _IOC(_IOC_READ|_IOC_WRITE, 0x46, 0x2a, 0x20), 0x7ffeb6b3c960) = 0
3113377 ioctl(8, _IOC(_IOC_READ|_IOC_WRITE, 0x46, 0x2a, 0x20), 0x7ffeb6b3c960) = 0
3113377 ioctl(8, _IOC(_IOC_READ|_IOC_WRITE, 0x46, 0x2a, 0x20), 0x7ffeb6b3c960) = 0
3113377 ioctl(8, _IOC(_IOC_READ|_IOC_WRITE, 0x46, 0x2a, 0x20), 0x7ffeb6b3c960) = 0
3113377 ioctl(8, _IOC(_IOC_READ|_IOC_WRITE, 0x46, 0x2a, 0x20), 0x7ffeb6b3bab0) = 0
3113377 ioctl(8, _IOC(_IOC_READ|_IOC_WRITE, 0x46, 0x2a, 0x20), 0x7ffeb6b3bab0) = 0
3113377 ioctl(8, _IOC(_IOC_READ|_IOC_WRITE, 0x46, 0x2a, 0x20), 0x7ffeb6b3bab0) = 0
3113377 ioctl(8, _IOC(_IOC_READ|_IOC_WRITE, 0x46, 0x2a, 0x20), 0x7ffeb6b3bab0) = 0
3113377 ioctl(8, _IOC(_IOC_READ|_IOC_WRITE, 0x46, 0x2a, 0x20), 0x7ffeb6b3ab30) = 0
3113377 ioctl(8, _IOC(_IOC_READ|_IOC_WRITE, 0x46, 0x2a, 0x20), 0x7ffeb6b3c330) = 0
3113377 ioctl(8, _IOC(_IOC_READ|_IOC_WRITE, 0x46, 0x2a, 0x20), 0x7ffeb6b3ab30) = 0
3113377 ioctl(8, _IOC(_IOC_READ|_IOC_WRITE, 0x46, 0x2a, 0x20), 0x7ffeb6b3c330) = 0
3113377 ioctl(8, _IOC(_IOC_READ|_IOC_WRITE, 0x46, 0x2a, 0x20), 0x7ffeb6b3c330) = 0
3113377 ioctl(8, _IOC(_IOC_READ|_IOC_WRITE, 0x46, 0x2a, 0x20), 0x7ffeb6b3ab30) = 0
3113377 ioctl(9, _IOC(_IOC_NONE, 0, 0x25, 0), 0x7ffeb6b3e200) = 0
3113377 ioctl(9, _IOC(_IOC_NONE, 0, 0x25, 0), 0x7ffeb6b3e200) = 0
3113377 ioctl(9, _IOC(_IOC_NONE, 0, 0x25, 0), 0x7ffeb6b3e200) = 0
3113377 ioctl(9, _IOC(_IOC_NONE, 0, 0x17, 0), 0x7ffeb6b3e6d0) = 0
3113377 ioctl(8, _IOC(_IOC_READ|_IOC_WRITE, 0x46, 0x2b, 0x30), 0x7ffeb6b3e430) = 0
3113377 ioctl(8, _IOC(_IOC_READ|_IOC_WRITE, 0x46, 0x2b, 0x30), 0x7ffeb6b3e430) = 0
3113377 ioctl(8, _IOC(_IOC_READ|_IOC_WRITE, 0x46, 0x2b, 0x30), 0x7ffeb6b3e430) = 0
3113378 +++ exited with 0 +++
3113377 +++ exited with 0 +++
