3113453 openat(AT_FDCWD, "/etc/ld.so.cache", O_RDONLY|O_CLOEXEC) = 3
3113453 close(3)                        = 0
3113453 openat(AT_FDCWD, "/lib/x86_64-linux-gnu/libcuda.so.1", O_RDONLY|O_CLOEXEC) = 3
3113453 close(3)                        = 0
3113453 openat(AT_FDCWD, "/lib/x86_64-linux-gnu/libc.so.6", O_RDONLY|O_CLOEXEC) = 3
3113453 close(3)                        = 0
3113453 openat(AT_FDCWD, "/lib/x86_64-linux-gnu/libm.so.6", O_RDONLY|O_CLOEXEC) = 3
3113453 close(3)                        = 0
3113453 openat(AT_FDCWD, "/lib/x86_64-linux-gnu/libdl.so.2", O_RDONLY|O_CLOEXEC) = 3
3113453 close(3)                        = 0
3113453 openat(AT_FDCWD, "/lib/x86_64-linux-gnu/libpthread.so.0", O_RDONLY|O_CLOEXEC) = 3
3113453 close(3)                        = 0
3113453 openat(AT_FDCWD, "/lib/x86_64-linux-gnu/librt.so.1", O_RDONLY|O_CLOEXEC) = 3
3113453 close(3)                        = 0
3113453 openat(AT_FDCWD, "/sys/devices/system/cpu/online", O_RDONLY|O_CLOEXEC) = 3
3113453 close(3)                        = 0
3113453 openat(AT_FDCWD, "/sys/devices/system/cpu/online", O_RDONLY|O_CLOEXEC) = 3
3113453 close(3)                        = 0
3113453 openat(AT_FDCWD, "/proc/sys/vm/mmap_min_addr", O_RDONLY) = 3
3113453 close(3)                        = 0
3113453 openat(AT_FDCWD, "/proc/cpuinfo", O_RDONLY) = 3
3113453 close(3)                        = 0
3113453 openat(AT_FDCWD, "/proc/self/maps", O_RDONLY) = 3
3113453 close(3)                        = 0
3113453 openat(AT_FDCWD, "/sys/devices/system/cpu/online", O_RDONLY|O_CLOEXEC) = 3
3113453 close(3)                        = 0
3113453 openat(AT_FDCWD, "/proc/self/task/3113454/comm", O_WRONLY|O_CREAT|O_TRUNC, 0666) = 8
3113453 close(8)                        = 0
3113453 openat(AT_FDCWD, "/dev/shm/cuda_injection_path_shm", O_RDWR|O_NOFOLLOW|O_CLOEXEC) = -1 ENOENT (No such file or directory)
3113453 openat(AT_FDCWD, "/home/pm3371/.nv/nvidia-application-profile-globals-rc", O_RDONLY) = -1 ENOENT (No such file or directory)
3113453 openat(AT_FDCWD, "/home/pm3371/.nv/nvidia-application-profiles-rc", O_RDONLY) = -1 ENOENT (No such file or directory)
3113453 openat(AT_FDCWD, "/home/pm3371/.nv/nvidia-application-profiles-rc.d", O_RDONLY) = -1 ENOENT (No such file or directory)
3113453 openat(AT_FDCWD, "/etc/nvidia/nvidia-application-profiles-rc", O_RDONLY) = -1 ENOENT (No such file or directory)
3113453 openat(AT_FDCWD, "/etc/nvidia/nvidia-application-profiles-rc.d/", O_RDONLY) = -1 ENOENT (No such file or directory)
3113453 openat(AT_FDCWD, "/usr/share/nvidia/nvidia-application-profiles-555.42.02-rc", O_RDONLY) = 8
3113453 close(8)                        = 0
3113453 openat(AT_FDCWD, "/usr/share/nvidia/nvidia-application-profiles-rc", O_RDONLY) = -1 ENOENT (No such file or directory)
3113453 openat(AT_FDCWD, "/proc/self/cmdline", O_RDONLY) = 8
3113453 close(8)                        = 0
3113453 close(8)                        = 0
3113453 openat(AT_FDCWD, "/proc/modules", O_RDONLY) = 8
3113453 close(8)                        = 0
3113453 openat(AT_FDCWD, "/proc/driver/nvidia/params", O_RDONLY) = 8
3113453 close(8)                        = 0
3113453 openat(AT_FDCWD, "/dev/nvidiactl", O_RDWR) = 8
3113453 openat(AT_FDCWD, "/sys/devices/system/memory/block_size_bytes", O_RDONLY) = 9
3113453 close(9)                        = 0
3113453 ioctl(8, _IOC(_IOC_READ|_IOC_WRITE, 0x46, 0xd6, 0x8), 0x7fff3ba77ac0) = 0
3113453 ioctl(8, _IOC(_IOC_READ|_IOC_WRITE, 0x46, 0xc8, 0x900), 0x7f261c949ae0) = 0
3113453 openat(AT_FDCWD, "/proc/driver/nvidia/params", O_RDONLY) = 9
3113453 close(9)                        = 0
3113453 ioctl(8, _IOC(_IOC_READ|_IOC_WRITE, 0x46, 0x2b, 0x20), 0x7fff3ba77c10) = 0
3113453 ioctl(8, _IOC(_IOC_READ|_IOC_WRITE, 0x46, 0x2a, 0x20), 0x7fff3ba76b10) = 0
3113453 ioctl(8, _IOC(_IOC_READ|_IOC_WRITE, 0x46, 0x29, 0x10), 0x7fff3ba77bf0) = 0
3113453 close(8)                        = 0
3113453 openat(AT_FDCWD, "/proc/modules", O_RDONLY) = 8
3113453 close(8)                        = 0
3113453 openat(AT_FDCWD, "/proc/driver/nvidia/params", O_RDONLY) = 8
3113453 close(8)                        = 0
3113453 openat(AT_FDCWD, "/dev/nvidiactl", O_RDWR) = 8
3113453 openat(AT_FDCWD, "/sys/devices/system/memory/block_size_bytes", O_RDONLY) = 9
3113453 close(9)                        = 0
3113453 ioctl(8, _IOC(_IOC_READ|_IOC_WRITE, 0x46, 0xd6, 0x8), 0x7fff3ba78080) = 0
3113453 ioctl(8, _IOC(_IOC_READ|_IOC_WRITE, 0x46, 0xc8, 0x900), 0x7f261c949ae0) = 0
3113453 openat(AT_FDCWD, "/proc/driver/nvidia/params", O_RDONLY) = 9
3113453 close(9)                        = 0
3113453 ioctl(8, _IOC(_IOC_READ|_IOC_WRITE, 0x46, 0x2b, 0x20), 0x7fff3ba781d0) = 0
3113453 ioctl(8, _IOC(_IOC_READ|_IOC_WRITE, 0x46, 0x2a, 0x20), 0x7fff3ba77090) = 0
3113453 ioctl(8, _IOC(_IOC_READ|_IOC_WRITE, 0x46, 0x2a, 0x20), 0x7fff3ba77090) = 0
3113453 ioctl(8, _IOC(_IOC_READ|_IOC_WRITE, 0x46, 0x2b, 0x30), 0x7fff3ba781c0) = 0
3113453 ioctl(8, _IOC(_IOC_READ|_IOC_WRITE, 0x46, 0x2a, 0x20), 0x7fff3ba770a0) = 0
3113453 openat(AT_FDCWD, "/sys/devices/system/cpu/online", O_RDONLY|O_CLOEXEC) = 9
3113453 close(9)                        = 0
3113453 openat(AT_FDCWD, "/proc/self/status", O_RDONLY) = 9
3113453 close(9)                        = 0
3113453 openat(AT_FDCWD, "/sys/devices/system/node", O_RDONLY|O_NONBLOCK|O_CLOEXEC|O_DIRECTORY) = 9
3113453 openat(AT_FDCWD, "/sys/devices/system/node/node0/cpumap", O_RDONLY) = 10
3113453 close(10)                       = 0
3113453 openat(AT_FDCWD, "/sys/devices/system/node/node1/cpumap", O_RDONLY) = 10
3113453 close(10)                       = 0
3113453 close(9)                        = 0
3113453 openat(AT_FDCWD, "/proc/modules", O_RDONLY) = 9
3113453 close(9)                        = 0
3113453 openat(AT_FDCWD, "/proc/devices", O_RDONLY) = 9
3113453 close(9)                        = 0
3113453 openat(AT_FDCWD, "/dev/nvidia-uvm", O_RDWR|O_CLOEXEC) = 9
3113453 openat(AT_FDCWD, "/dev/nvidia-uvm", O_RDWR|O_CLOEXEC) = 10
3113453 ioctl(9, _IOC(_IOC_NONE, 0, 0x1, 0x3000), 0x7fff3ba781d0) = 0
3113453 ioctl(10, _IOC(_IOC_NONE, 0, 0x4b, 0), 0x7fff3ba781d0) = 0
3113453 close(10)                       = 0
3113453 ioctl(9, _IOC(_IOC_NONE, 0, 0x27, 0), 0x7fff3ba781d0) = 0
3113453 ioctl(8, _IOC(_IOC_READ|_IOC_WRITE, 0x46, 0x2a, 0x20), 0x7fff3ba75240) = 0
3113453 ioctl(8, _IOC(_IOC_READ|_IOC_WRITE, 0x46, 0x2a, 0x20), 0x7fff3ba74a70) = 0
3113453 ioctl(8, _IOC(_IOC_READ|_IOC_WRITE, 0x46, 0x2a, 0x20), 0x7fff3ba75180) = 0
3113453 openat(AT_FDCWD, "/proc/driver/nvidia/params", O_RDONLY) = 10
3113453 close(10)                       = 0
3113453 openat(AT_FDCWD, "/dev/nvidia0", O_RDWR|O_CLOEXEC) = 10
3113453 ioctl(8, _IOC(_IOC_READ|_IOC_WRITE, 0x46, 0x2a, 0x20), 0x7fff3ba75180) = 0
3113453 openat(AT_FDCWD, "/proc/driver/nvidia/params", O_RDONLY) = 11
3113453 close(11)                       = 0
3113453 openat(AT_FDCWD, "/dev/nvidia1", O_RDWR|O_CLOEXEC) = 11
3113453 ioctl(8, _IOC(_IOC_READ|_IOC_WRITE, 0x46, 0x2a, 0x20), 0x7fff3ba75180) = 0
3113453 openat(AT_FDCWD, "/proc/driver/nvidia/params", O_RDONLY) = 12
3113453 close(12)                       = 0
3113453 openat(AT_FDCWD, "/dev/nvidia2", O_RDWR|O_CLOEXEC) = 12
3113453 ioctl(8, _IOC(_IOC_READ|_IOC_WRITE, 0x46, 0x2a, 0x20), 0x7fff3ba75180) = 0
3113453 openat(AT_FDCWD, "/proc/driver/nvidia/params", O_RDONLY) = 13
3113453 close(13)                       = 0
3113453 openat(AT_FDCWD, "/dev/nvidia3", O_RDWR|O_CLOEXEC) = -1 EIO (Input/output error)
3113453 openat(AT_FDCWD, "/dev/nvidia3", O_RDWR) = -1 EIO (Input/output error)
3113453 ioctl(8, _IOC(_IOC_READ|_IOC_WRITE, 0x46, 0xd1, 0xc), 0x7fff3ba75054) = 0
3113453 ioctl(8, _IOC(_IOC_READ|_IOC_WRITE, 0x46, 0x2a, 0x20), 0x7fff3ba75340) = 0
3113453 ioctl(8, _IOC(_IOC_READ|_IOC_WRITE, 0x46, 0x2a, 0x20), 0x7fff3ba75330) = 0
3113453 ioctl(8, _IOC(_IOC_READ|_IOC_WRITE, 0x46, 0x29, 0x10), 0x7fff3ba763d0) = 0
3113453 ioctl(8, _IOC(_IOC_READ|_IOC_WRITE, 0x46, 0x2a, 0x20), 0x7fff3ba751c0) = 0
3113453 ioctl(8, _IOC(_IOC_READ|_IOC_WRITE, 0x46, 0x2a, 0x20), 0x7fff3ba751c0) = 0
3113453 openat(AT_FDCWD, "/proc/driver/nvidia/params", O_RDONLY) = 13
3113453 close(13)                       = 0
3113453 openat(AT_FDCWD, "/dev/nvidia0", O_RDWR|O_CLOEXEC) = 13
3113453 ioctl(13, _IOC(_IOC_READ|_IOC_WRITE, 0x46, 0xc9, 0x4), 0x7fff3ba76340) = 0
3113453 ioctl(13, _IOC(_IOC_READ|_IOC_WRITE, 0x46, 0xd7, 0x230), 0x7fff3ba760c0) = 0
3113453 ioctl(8, _IOC(_IOC_READ|_IOC_WRITE, 0x46, 0x2b, 0x30), 0x7fff3ba76410) = 0
3113453 ioctl(8, _IOC(_IOC_READ|_IOC_WRITE, 0x46, 0x2a, 0x20), 0x7fff3ba75340) = 0
3113453 ioctl(8, _IOC(_IOC_READ|_IOC_WRITE, 0x46, 0x2a, 0x20), 0x7fff3ba751a0) = 0
3113453 ioctl(8, _IOC(_IOC_READ|_IOC_WRITE, 0x46, 0x2a, 0x20), 0x7fff3ba75340) = 0
3113453 ioctl(8, _IOC(_IOC_READ|_IOC_WRITE, 0x46, 0x2a, 0x20), 0x7fff3ba752b0) = 0
3113453 ioctl(8, _IOC(_IOC_READ|_IOC_WRITE, 0x46, 0x2a, 0x20), 0x7fff3ba751b0) = 0
3113453 ioctl(8, _IOC(_IOC_READ|_IOC_WRITE, 0x46, 0x2a, 0x20), 0x7fff3ba751b0) = 0
3113453 openat(AT_FDCWD, "/proc/driver/nvidia/params", O_RDONLY) = 14
3113453 close(14)                       = 0
3113453 openat(AT_FDCWD, "/dev/nvidia0", O_RDWR|O_CLOEXEC) = 14
3113453 ioctl(14, _IOC(_IOC_READ|_IOC_WRITE, 0x46, 0xc9, 0x4), 0x7fff3ba76330) = 0
3113453 ioctl(8, _IOC(_IOC_READ|_IOC_WRITE, 0x46, 0x2b, 0x30), 0x7fff3ba76440) = 0
3113453 ioctl(8, _IOC(_IOC_READ|_IOC_WRITE, 0x46, 0x2b, 0x30), 0x7fff3ba76460) = 0
3113453 ioctl(8, _IOC(_IOC_READ|_IOC_WRITE, 0x46, 0x2a, 0x20), 0x7fff3ba75190) = 0
3113453 ioctl(8, _IOC(_IOC_READ|_IOC_WRITE, 0x46, 0x2a, 0x20), 0x7fff3ba74c90) = 0
3113453 ioctl(8, _IOC(_IOC_READ|_IOC_WRITE, 0x46, 0x2a, 0x20), 0x7fff3ba75240) = 0
3113453 ioctl(8, _IOC(_IOC_READ|_IOC_WRITE, 0x46, 0x2a, 0x20), 0x7fff3ba748b0) = 0
3113453 ioctl(8, _IOC(_IOC_READ|_IOC_WRITE, 0x46, 0x2a, 0x20), 0x7fff3ba740a0) = 0
3113453 ioctl(8, _IOC(_IOC_READ|_IOC_WRITE, 0x46, 0x2a, 0x20), 0x7fff3ba746f0) = 0
3113453 ioctl(8, _IOC(_IOC_READ|_IOC_WRITE, 0x46, 0x2a, 0x20), 0x7fff3ba74f60) = 0
3113453 ioctl(8, _IOC(_IOC_READ|_IOC_WRITE, 0x46, 0x2a, 0x20), 0x7fff3ba75130) = 0
3113453 ioctl(8, _IOC(_IOC_READ|_IOC_WRITE, 0x46, 0x2a, 0x20), 0x7fff3ba74e20) = 0
3113453 ioctl(8, _IOC(_IOC_READ|_IOC_WRITE, 0x46, 0x2a, 0x20), 0x7fff3ba74e20) = 0
3113453 ioctl(8, _IOC(_IOC_READ|_IOC_WRITE, 0x46, 0x2a, 0x20), 0x7fff3ba74e20) = 0
3113453 ioctl(8, _IOC(_IOC_READ|_IOC_WRITE, 0x46, 0x2a, 0x20), 0x7fff3ba74e20) = 0
3113453 ioctl(8, _IOC(_IOC_READ|_IOC_WRITE, 0x46, 0x2a, 0x20), 0x7fff3ba74e20) = 0
3113453 ioctl(8, _IOC(_IOC_READ|_IOC_WRITE, 0x46, 0x2a, 0x20), 0x7fff3ba74c70) = 0
3113453 ioctl(8, _IOC(_IOC_READ|_IOC_WRITE, 0x46, 0x2a, 0x20), 0x7fff3ba74f80) = 0
3113453 ioctl(8, _IOC(_IOC_READ|_IOC_WRITE, 0x46, 0x2a, 0x20), 0x7fff3ba75020) = 0
3113453 ioctl(8, _IOC(_IOC_READ|_IOC_WRITE, 0x46, 0x2a, 0x20), 0x7fff3ba75130) = 0
3113453 ioctl(8, _IOC(_IOC_READ|_IOC_WRITE, 0x46, 0x2a, 0x20), 0x7fff3ba75130) = 0
3113453 ioctl(8, _IOC(_IOC_READ|_IOC_WRITE, 0x46, 0x2a, 0x20), 0x7fff3ba74e80) = 0
3113453 ioctl(8, _IOC(_IOC_READ|_IOC_WRITE, 0x46, 0x2a, 0x20), 0x7fff3ba75060) = 0
3113453 ioctl(8, _IOC(_IOC_READ|_IOC_WRITE, 0x46, 0x2a, 0x20), 0x7fff3ba75060) = 0
3113453 ioctl(8, _IOC(_IOC_READ|_IOC_WRITE, 0x46, 0x2a, 0x20), 0x7fff3ba75060) = 0
3113453 ioctl(8, _IOC(_IOC_READ|_IOC_WRITE, 0x46, 0x2a, 0x20), 0x7fff3ba75060) = 0
3113453 ioctl(8, _IOC(_IOC_READ|_IOC_WRITE, 0x46, 0x2a, 0x20), 0x7fff3ba75060) = 0
3113453 ioctl(8, _IOC(_IOC_READ|_IOC_WRITE, 0x46, 0x2a, 0x20), 0x7fff3ba75060) = 0
3113453 ioctl(8, _IOC(_IOC_READ|_IOC_WRITE, 0x46, 0x2a, 0x20), 0x7fff3ba75060) = 0
3113453 ioctl(8, _IOC(_IOC_READ|_IOC_WRITE, 0x46, 0x2a, 0x20), 0x7fff3ba75050) = 0
3113453 ioctl(8, _IOC(_IOC_READ|_IOC_WRITE, 0x46, 0x2a, 0x20), 0x7fff3ba74fd0) = 0
3113453 ioctl(8, _IOC(_IOC_READ|_IOC_WRITE, 0x46, 0x2a, 0x20), 0x7fff3ba72ab0) = 0
3113453 ioctl(8, _IOC(_IOC_READ|_IOC_WRITE, 0x46, 0x2a, 0x20), 0x7fff3ba73b60) = 0
3113453 ioctl(8, _IOC(_IOC_READ|_IOC_WRITE, 0x46, 0x2a, 0x20), 0x7fff3ba75160) = 0
3113453 ioctl(8, _IOC(_IOC_READ|_IOC_WRITE, 0x46, 0x2a, 0x20), 0x7fff3ba74fb0) = 0
3113453 ioctl(8, _IOC(_IOC_READ|_IOC_WRITE, 0x46, 0x2b, 0x30), 0x7fff3ba761d0) = 0
3113453 ioctl(8, _IOC(_IOC_READ|_IOC_WRITE, 0x46, 0x2a, 0x20), 0x7fff3ba74fa0) = 0
3113453 openat(AT_FDCWD, "/dev/nvidia0", O_RDWR|O_CLOEXEC) = 15
3113453 ioctl(8, _IOC(_IOC_READ|_IOC_WRITE, 0x46, 0x4e, 0x38), 0x7fff3ba76160) = 0
3113453 close(15)                       = 0
3113453 ioctl(8, _IOC(_IOC_READ|_IOC_WRITE, 0x46, 0x2a, 0x20), 0x7fff3ba75100) = 0
3113453 ioctl(8, _IOC(_IOC_READ|_IOC_WRITE, 0x46, 0x2b, 0x30), 0x7fff3ba76250) = 0
3113453 ioctl(8, _IOC(_IOC_READ|_IOC_WRITE, 0x46, 0x2b, 0x30), 0x7fff3ba76250) = 0
3113453 ioctl(8, _IOC(_IOC_READ|_IOC_WRITE, 0x46, 0x2a, 0x20), 0x7fff3ba75130) = 0
3113453 ioctl(8, _IOC(_IOC_READ|_IOC_WRITE, 0x46, 0x2a, 0x20), 0x7fff3ba75090) = 0
3113453 ioctl(8, _IOC(_IOC_READ|_IOC_WRITE, 0x46, 0x2a, 0x20), 0x7fff3ba75090) = 0
3113453 ioctl(8, _IOC(_IOC_READ|_IOC_WRITE, 0x46, 0x2a, 0x20), 0x7fff3ba75190) = 0
3113453 ioctl(8, _IOC(_IOC_READ|_IOC_WRITE, 0x46, 0x2a, 0x20), 0x7fff3ba75050) = 0
3113453 openat(AT_FDCWD, "/sys/bus/pci/devices/0000:3f:00.0/numa_node", O_RDONLY) = 15
3113453 close(15)                       = 0
3113453 ioctl(8, _IOC(_IOC_READ|_IOC_WRITE, 0x46, 0x2a, 0x20), 0x7fff3ba75330) = 0
3113453 ioctl(8, _IOC(_IOC_READ|_IOC_WRITE, 0x46, 0x29, 0x10), 0x7fff3ba763d0) = 0
3113453 ioctl(8, _IOC(_IOC_READ|_IOC_WRITE, 0x46, 0x2a, 0x20), 0x7fff3ba751c0) = 0
3113453 ioctl(8, _IOC(_IOC_READ|_IOC_WRITE, 0x46, 0x2a, 0x20), 0x7fff3ba751c0) = 0
3113453 ioctl(8, _IOC(_IOC_READ|_IOC_WRITE, 0x46, 0x2a, 0x20), 0x7fff3ba751c0) = 0
3113453 openat(AT_FDCWD, "/proc/driver/nvidia/params", O_RDONLY) = 15
3113453 close(15)                       = 0
3113453 openat(AT_FDCWD, "/dev/nvidia1", O_RDWR|O_CLOEXEC) = 15
3113453 ioctl(15, _IOC(_IOC_READ|_IOC_WRITE, 0x46, 0xc9, 0x4), 0x7fff3ba76340) = 0
3113453 ioctl(15, _IOC(_IOC_READ|_IOC_WRITE, 0x46, 0xd7, 0x230), 0x7fff3ba760c0) = 0
3113453 ioctl(8, _IOC(_IOC_READ|_IOC_WRITE, 0x46, 0x2b, 0x30), 0x7fff3ba76410) = 0
3113453 ioctl(8, _IOC(_IOC_READ|_IOC_WRITE, 0x46, 0x2a, 0x20), 0x7fff3ba75340) = 0
3113453 ioctl(8, _IOC(_IOC_READ|_IOC_WRITE, 0x46, 0x2a, 0x20), 0x7fff3ba751a0) = 0
3113453 ioctl(8, _IOC(_IOC_READ|_IOC_WRITE, 0x46, 0x2a, 0x20), 0x7fff3ba75340) = 0
3113453 ioctl(8, _IOC(_IOC_READ|_IOC_WRITE, 0x46, 0x2a, 0x20), 0x7fff3ba752b0) = 0
3113453 ioctl(8, _IOC(_IOC_READ|_IOC_WRITE, 0x46, 0x2a, 0x20), 0x7fff3ba751b0) = 0
3113453 ioctl(8, _IOC(_IOC_READ|_IOC_WRITE, 0x46, 0x2a, 0x20), 0x7fff3ba751b0) = 0
3113453 ioctl(8, _IOC(_IOC_READ|_IOC_WRITE, 0x46, 0x2a, 0x20), 0x7fff3ba751b0) = 0
3113453 openat(AT_FDCWD, "/proc/driver/nvidia/params", O_RDONLY) = 16
3113453 close(16)                       = 0
3113453 openat(AT_FDCWD, "/dev/nvidia1", O_RDWR|O_CLOEXEC) = 16
3113453 ioctl(16, _IOC(_IOC_READ|_IOC_WRITE, 0x46, 0xc9, 0x4), 0x7fff3ba76330) = 0
3113453 ioctl(8, _IOC(_IOC_READ|_IOC_WRITE, 0x46, 0x2b, 0x30), 0x7fff3ba76440) = 0
3113453 ioctl(8, _IOC(_IOC_READ|_IOC_WRITE, 0x46, 0x2b, 0x30), 0x7fff3ba76460) = 0
3113453 ioctl(8, _IOC(_IOC_READ|_IOC_WRITE, 0x46, 0x2a, 0x20), 0x7fff3ba75190) = 0
3113453 ioctl(8, _IOC(_IOC_READ|_IOC_WRITE, 0x46, 0x2a, 0x20), 0x7fff3ba74c90) = 0
3113453 ioctl(8, _IOC(_IOC_READ|_IOC_WRITE, 0x46, 0x2a, 0x20), 0x7fff3ba75240) = 0
3113453 ioctl(8, _IOC(_IOC_READ|_IOC_WRITE, 0x46, 0x2a, 0x20), 0x7fff3ba748b0) = 0
3113453 ioctl(8, _IOC(_IOC_READ|_IOC_WRITE, 0x46, 0x2a, 0x20), 0x7fff3ba740a0) = 0
3113453 ioctl(8, _IOC(_IOC_READ|_IOC_WRITE, 0x46, 0x2a, 0x20), 0x7fff3ba746f0) = 0
3113453 ioctl(8, _IOC(_IOC_READ|_IOC_WRITE, 0x46, 0x2a, 0x20), 0x7fff3ba74f60) = 0
3113453 ioctl(8, _IOC(_IOC_READ|_IOC_WRITE, 0x46, 0x2a, 0x20), 0x7fff3ba75130) = 0
3113453 ioctl(8, _IOC(_IOC_READ|_IOC_WRITE, 0x46, 0x2a, 0x20), 0x7fff3ba74e20) = 0
3113453 ioctl(8, _IOC(_IOC_READ|_IOC_WRITE, 0x46, 0x2a, 0x20), 0x7fff3ba74e20) = 0
3113453 ioctl(8, _IOC(_IOC_READ|_IOC_WRITE, 0x46, 0x2a, 0x20), 0x7fff3ba74e20) = 0
3113453 ioctl(8, _IOC(_IOC_READ|_IOC_WRITE, 0x46, 0x2a, 0x20), 0x7fff3ba74e20) = 0
3113453 ioctl(8, _IOC(_IOC_READ|_IOC_WRITE, 0x46, 0x2a, 0x20), 0x7fff3ba74e20) = 0
3113453 ioctl(8, _IOC(_IOC_READ|_IOC_WRITE, 0x46, 0x2a, 0x20), 0x7fff3ba74c70) = 0
3113453 ioctl(8, _IOC(_IOC_READ|_IOC_WRITE, 0x46, 0x2a, 0x20), 0x7fff3ba74f80) = 0
3113453 ioctl(8, _IOC(_IOC_READ|_IOC_WRITE, 0x46, 0x2a, 0x20), 0x7fff3ba75020) = 0
3113453 ioctl(8, _IOC(_IOC_READ|_IOC_WRITE, 0x46, 0x2a, 0x20), 0x7fff3ba75130) = 0
3113453 ioctl(8, _IOC(_IOC_READ|_IOC_WRITE, 0x46, 0x2a, 0x20), 0x7fff3ba75130) = 0
3113453 ioctl(8, _IOC(_IOC_READ|_IOC_WRITE, 0x46, 0x2a, 0x20), 0x7fff3ba74e80) = 0
3113453 ioctl(8, _IOC(_IOC_READ|_IOC_WRITE, 0x46, 0x2a, 0x20), 0x7fff3ba75060) = 0
3113453 ioctl(8, _IOC(_IOC_READ|_IOC_WRITE, 0x46, 0x2a, 0x20), 0x7fff3ba75060) = 0
3113453 ioctl(8, _IOC(_IOC_READ|_IOC_WRITE, 0x46, 0x2a, 0x20), 0x7fff3ba75060) = 0
3113453 ioctl(8, _IOC(_IOC_READ|_IOC_WRITE, 0x46, 0x2a, 0x20), 0x7fff3ba75060) = 0
3113453 ioctl(8, _IOC(_IOC_READ|_IOC_WRITE, 0x46, 0x2a, 0x20), 0x7fff3ba75060) = 0
3113453 ioctl(8, _IOC(_IOC_READ|_IOC_WRITE, 0x46, 0x2a, 0x20), 0x7fff3ba75060) = 0
3113453 ioctl(8, _IOC(_IOC_READ|_IOC_WRITE, 0x46, 0x2a, 0x20), 0x7fff3ba75060) = 0
3113453 ioctl(8, _IOC(_IOC_READ|_IOC_WRITE, 0x46, 0x2a, 0x20), 0x7fff3ba75050) = 0
3113453 ioctl(8, _IOC(_IOC_READ|_IOC_WRITE, 0x46, 0x2a, 0x20), 0x7fff3ba74fd0) = 0
3113453 ioctl(8, _IOC(_IOC_READ|_IOC_WRITE, 0x46, 0x2a, 0x20), 0x7fff3ba72ab0) = 0
3113453 ioctl(8, _IOC(_IOC_READ|_IOC_WRITE, 0x46, 0x2a, 0x20), 0x7fff3ba73b60) = 0
3113453 ioctl(8, _IOC(_IOC_READ|_IOC_WRITE, 0x46, 0x2a, 0x20), 0x7fff3ba75160) = 0
3113453 ioctl(8, _IOC(_IOC_READ|_IOC_WRITE, 0x46, 0x2a, 0x20), 0x7fff3ba74fb0) = 0
3113453 ioctl(8, _IOC(_IOC_READ|_IOC_WRITE, 0x46, 0x2b, 0x30), 0x7fff3ba761d0) = 0
3113453 ioctl(8, _IOC(_IOC_READ|_IOC_WRITE, 0x46, 0x2a, 0x20), 0x7fff3ba74fa0) = 0
3113453 openat(AT_FDCWD, "/dev/nvidia1", O_RDWR|O_CLOEXEC) = 17
3113453 ioctl(8, _IOC(_IOC_READ|_IOC_WRITE, 0x46, 0x4e, 0x38), 0x7fff3ba76160) = 0
3113453 close(17)                       = 0
3113453 ioctl(8, _IOC(_IOC_READ|_IOC_WRITE, 0x46, 0x2a, 0x20), 0x7fff3ba75100) = 0
3113453 ioctl(8, _IOC(_IOC_READ|_IOC_WRITE, 0x46, 0x2b, 0x30), 0x7fff3ba76250) = 0
3113453 ioctl(8, _IOC(_IOC_READ|_IOC_WRITE, 0x46, 0x2b, 0x30), 0x7fff3ba76250) = 0
3113453 ioctl(8, _IOC(_IOC_READ|_IOC_WRITE, 0x46, 0x2a, 0x20), 0x7fff3ba75130) = 0
3113453 ioctl(8, _IOC(_IOC_READ|_IOC_WRITE, 0x46, 0x2a, 0x20), 0x7fff3ba75090) = 0
3113453 ioctl(8, _IOC(_IOC_READ|_IOC_WRITE, 0x46, 0x2a, 0x20), 0x7fff3ba75090) = 0
3113453 ioctl(8, _IOC(_IOC_READ|_IOC_WRITE, 0x46, 0x2a, 0x20), 0x7fff3ba75190) = 0
3113453 ioctl(8, _IOC(_IOC_READ|_IOC_WRITE, 0x46, 0x2a, 0x20), 0x7fff3ba75050) = 0
3113453 openat(AT_FDCWD, "/sys/bus/pci/devices/0000:40:00.0/numa_node", O_RDONLY) = 17
3113453 close(17)                       = 0
3113453 ioctl(8, _IOC(_IOC_READ|_IOC_WRITE, 0x46, 0x2a, 0x20), 0x7fff3ba75330) = 0
3113453 ioctl(8, _IOC(_IOC_READ|_IOC_WRITE, 0x46, 0x29, 0x10), 0x7fff3ba763d0) = 0
3113453 ioctl(8, _IOC(_IOC_READ|_IOC_WRITE, 0x46, 0x2a, 0x20), 0x7fff3ba751c0) = 0
3113453 ioctl(8, _IOC(_IOC_READ|_IOC_WRITE, 0x46, 0x2a, 0x20), 0x7fff3ba751c0) = 0
3113453 ioctl(8, _IOC(_IOC_READ|_IOC_WRITE, 0x46, 0x2a, 0x20), 0x7fff3ba751c0) = 0
3113453 ioctl(8, _IOC(_IOC_READ|_IOC_WRITE, 0x46, 0x2a, 0x20), 0x7fff3ba751c0) = 0
3113453 openat(AT_FDCWD, "/proc/driver/nvidia/params", O_RDONLY) = 17
3113453 close(17)                       = 0
3113453 openat(AT_FDCWD, "/dev/nvidia2", O_RDWR|O_CLOEXEC) = 17
3113453 ioctl(17, _IOC(_IOC_READ|_IOC_WRITE, 0x46, 0xc9, 0x4), 0x7fff3ba76340) = 0
3113453 ioctl(17, _IOC(_IOC_READ|_IOC_WRITE, 0x46, 0xd7, 0x230), 0x7fff3ba760c0) = 0
3113453 ioctl(8, _IOC(_IOC_READ|_IOC_WRITE, 0x46, 0x2b, 0x30), 0x7fff3ba76410) = 0
3113453 ioctl(8, _IOC(_IOC_READ|_IOC_WRITE, 0x46, 0x2a, 0x20), 0x7fff3ba75340) = 0
3113453 ioctl(8, _IOC(_IOC_READ|_IOC_WRITE, 0x46, 0x2a, 0x20), 0x7fff3ba751a0) = 0
3113453 ioctl(8, _IOC(_IOC_READ|_IOC_WRITE, 0x46, 0x2a, 0x20), 0x7fff3ba75340) = 0
3113453 ioctl(8, _IOC(_IOC_READ|_IOC_WRITE, 0x46, 0x2a, 0x20), 0x7fff3ba752b0) = 0
3113453 ioctl(8, _IOC(_IOC_READ|_IOC_WRITE, 0x46, 0x2a, 0x20), 0x7fff3ba751b0) = 0
3113453 ioctl(8, _IOC(_IOC_READ|_IOC_WRITE, 0x46, 0x2a, 0x20), 0x7fff3ba751b0) = 0
3113453 ioctl(8, _IOC(_IOC_READ|_IOC_WRITE, 0x46, 0x2a, 0x20), 0x7fff3ba751b0) = 0
3113453 ioctl(8, _IOC(_IOC_READ|_IOC_WRITE, 0x46, 0x2a, 0x20), 0x7fff3ba751b0) = 0
3113453 openat(AT_FDCWD, "/proc/driver/nvidia/params", O_RDONLY) = 18
3113453 close(18)                       = 0
3113453 openat(AT_FDCWD, "/dev/nvidia2", O_RDWR|O_CLOEXEC) = 18
3113453 ioctl(18, _IOC(_IOC_READ|_IOC_WRITE, 0x46, 0xc9, 0x4), 0x7fff3ba76330) = 0
3113453 ioctl(8, _IOC(_IOC_READ|_IOC_WRITE, 0x46, 0x2b, 0x30), 0x7fff3ba76440) = 0
3113453 ioctl(8, _IOC(_IOC_READ|_IOC_WRITE, 0x46, 0x2b, 0x30), 0x7fff3ba76460) = 0
3113453 ioctl(8, _IOC(_IOC_READ|_IOC_WRITE, 0x46, 0x2a, 0x20), 0x7fff3ba75190) = 0
3113453 ioctl(8, _IOC(_IOC_READ|_IOC_WRITE, 0x46, 0x2a, 0x20), 0x7fff3ba74c90) = 0
3113453 ioctl(8, _IOC(_IOC_READ|_IOC_WRITE, 0x46, 0x2a, 0x20), 0x7fff3ba75240) = 0
3113453 ioctl(8, _IOC(_IOC_READ|_IOC_WRITE, 0x46, 0x2a, 0x20), 0x7fff3ba748b0) = 0
3113453 ioctl(8, _IOC(_IOC_READ|_IOC_WRITE, 0x46, 0x2a, 0x20), 0x7fff3ba740a0) = 0
3113453 ioctl(8, _IOC(_IOC_READ|_IOC_WRITE, 0x46, 0x2a, 0x20), 0x7fff3ba746f0) = 0
3113453 ioctl(8, _IOC(_IOC_READ|_IOC_WRITE, 0x46, 0x2a, 0x20), 0x7fff3ba74f60) = 0
3113453 ioctl(8, _IOC(_IOC_READ|_IOC_WRITE, 0x46, 0x2a, 0x20), 0x7fff3ba75130) = 0
3113453 ioctl(8, _IOC(_IOC_READ|_IOC_WRITE, 0x46, 0x2a, 0x20), 0x7fff3ba74e20) = 0
3113453 ioctl(8, _IOC(_IOC_READ|_IOC_WRITE, 0x46, 0x2a, 0x20), 0x7fff3ba74e20) = 0
3113453 ioctl(8, _IOC(_IOC_READ|_IOC_WRITE, 0x46, 0x2a, 0x20), 0x7fff3ba74e20) = 0
3113453 ioctl(8, _IOC(_IOC_READ|_IOC_WRITE, 0x46, 0x2a, 0x20), 0x7fff3ba74e20) = 0
3113453 ioctl(8, _IOC(_IOC_READ|_IOC_WRITE, 0x46, 0x2a, 0x20), 0x7fff3ba74e20) = 0
3113453 ioctl(8, _IOC(_IOC_READ|_IOC_WRITE, 0x46, 0x2a, 0x20), 0x7fff3ba74c70) = 0
3113453 ioctl(8, _IOC(_IOC_READ|_IOC_WRITE, 0x46, 0x2a, 0x20), 0x7fff3ba74f80) = 0
3113453 ioctl(8, _IOC(_IOC_READ|_IOC_WRITE, 0x46, 0x2a, 0x20), 0x7fff3ba75020) = 0
3113453 ioctl(8, _IOC(_IOC_READ|_IOC_WRITE, 0x46, 0x2a, 0x20), 0x7fff3ba75130) = 0
3113453 ioctl(8, _IOC(_IOC_READ|_IOC_WRITE, 0x46, 0x2a, 0x20), 0x7fff3ba75130) = 0
3113453 ioctl(8, _IOC(_IOC_READ|_IOC_WRITE, 0x46, 0x2a, 0x20), 0x7fff3ba74e80) = 0
3113453 ioctl(8, _IOC(_IOC_READ|_IOC_WRITE, 0x46, 0x2a, 0x20), 0x7fff3ba75060) = 0
3113453 ioctl(8, _IOC(_IOC_READ|_IOC_WRITE, 0x46, 0x2a, 0x20), 0x7fff3ba75060) = 0
3113453 ioctl(8, _IOC(_IOC_READ|_IOC_WRITE, 0x46, 0x2a, 0x20), 0x7fff3ba75060) = 0
3113453 ioctl(8, _IOC(_IOC_READ|_IOC_WRITE, 0x46, 0x2a, 0x20), 0x7fff3ba75060) = 0
3113453 ioctl(8, _IOC(_IOC_READ|_IOC_WRITE, 0x46, 0x2a, 0x20), 0x7fff3ba75060) = 0
3113453 ioctl(8, _IOC(_IOC_READ|_IOC_WRITE, 0x46, 0x2a, 0x20), 0x7fff3ba75060) = 0
3113453 ioctl(8, _IOC(_IOC_READ|_IOC_WRITE, 0x46, 0x2a, 0x20), 0x7fff3ba75060) = 0
3113453 ioctl(8, _IOC(_IOC_READ|_IOC_WRITE, 0x46, 0x2a, 0x20), 0x7fff3ba75050) = 0
3113453 ioctl(8, _IOC(_IOC_READ|_IOC_WRITE, 0x46, 0x2a, 0x20), 0x7fff3ba74fd0) = 0
3113453 ioctl(8, _IOC(_IOC_READ|_IOC_WRITE, 0x46, 0x2a, 0x20), 0x7fff3ba72ab0) = 0
3113453 ioctl(8, _IOC(_IOC_READ|_IOC_WRITE, 0x46, 0x2a, 0x20), 0x7fff3ba73b60) = 0
3113453 ioctl(8, _IOC(_IOC_READ|_IOC_WRITE, 0x46, 0x2a, 0x20), 0x7fff3ba75160) = 0
3113453 ioctl(8, _IOC(_IOC_READ|_IOC_WRITE, 0x46, 0x2a, 0x20), 0x7fff3ba74fb0) = 0
3113453 ioctl(8, _IOC(_IOC_READ|_IOC_WRITE, 0x46, 0x2b, 0x30), 0x7fff3ba761d0) = 0
3113453 ioctl(8, _IOC(_IOC_READ|_IOC_WRITE, 0x46, 0x2a, 0x20), 0x7fff3ba74fa0) = 0
3113453 openat(AT_FDCWD, "/dev/nvidia2", O_RDWR|O_CLOEXEC) = 19
3113453 ioctl(8, _IOC(_IOC_READ|_IOC_WRITE, 0x46, 0x4e, 0x38), 0x7fff3ba76160) = 0
3113453 close(19)                       = 0
3113453 ioctl(8, _IOC(_IOC_READ|_IOC_WRITE, 0x46, 0x2a, 0x20), 0x7fff3ba75100) = 0
3113453 ioctl(8, _IOC(_IOC_READ|_IOC_WRITE, 0x46, 0x2b, 0x30), 0x7fff3ba76250) = 0
3113453 ioctl(8, _IOC(_IOC_READ|_IOC_WRITE, 0x46, 0x2b, 0x30), 0x7fff3ba76250) = 0
3113453 ioctl(8, _IOC(_IOC_READ|_IOC_WRITE, 0x46, 0x2a, 0x20), 0x7fff3ba75130) = 0
3113453 ioctl(8, _IOC(_IOC_READ|_IOC_WRITE, 0x46, 0x2a, 0x20), 0x7fff3ba75090) = 0
3113453 ioctl(8, _IOC(_IOC_READ|_IOC_WRITE, 0x46, 0x2a, 0x20), 0x7fff3ba75090) = 0
3113453 ioctl(8, _IOC(_IOC_READ|_IOC_WRITE, 0x46, 0x2a, 0x20), 0x7fff3ba75190) = 0
3113453 ioctl(8, _IOC(_IOC_READ|_IOC_WRITE, 0x46, 0x2a, 0x20), 0x7fff3ba75050) = 0
3113453 openat(AT_FDCWD, "/sys/bus/pci/devices/0000:60:00.0/numa_node", O_RDONLY) = 19
3113453 close(19)                       = 0
3113453 ioctl(8, _IOC(_IOC_READ|_IOC_WRITE, 0x46, 0x2a, 0x20), 0x7fff3ba75340) = 0
3113453 ioctl(8, _IOC(_IOC_READ|_IOC_WRITE, 0x46, 0x2a, 0x20), 0x7fff3ba764a0) = 0
3113453 ioctl(8, _IOC(_IOC_READ|_IOC_WRITE, 0x46, 0x2a, 0x20), 0x7fff3ba764a0) = 0
3113453 ioctl(8, _IOC(_IOC_READ|_IOC_WRITE, 0x46, 0x2a, 0x20), 0x7fff3ba764a0) = 0
3113453 ioctl(8, _IOC(_IOC_READ|_IOC_WRITE, 0x46, 0x2a, 0x20), 0x7fff3ba764a0) = 0
3113453 ioctl(8, _IOC(_IOC_READ|_IOC_WRITE, 0x46, 0x2a, 0x20), 0x7fff3ba764a0) = 0
3113453 ioctl(8, _IOC(_IOC_READ|_IOC_WRITE, 0x46, 0x2a, 0x20), 0x7fff3ba764a0) = 0
3113453 ioctl(8, _IOC(_IOC_READ|_IOC_WRITE, 0x46, 0x2a, 0x20), 0x7fff3ba755f0) = 0
3113453 ioctl(8, _IOC(_IOC_READ|_IOC_WRITE, 0x46, 0x2a, 0x20), 0x7fff3ba755f0) = 0
3113453 ioctl(8, _IOC(_IOC_READ|_IOC_WRITE, 0x46, 0x2a, 0x20), 0x7fff3ba755f0) = 0
3113453 ioctl(8, _IOC(_IOC_READ|_IOC_WRITE, 0x46, 0x2a, 0x20), 0x7fff3ba755f0) = 0
3113453 ioctl(8, _IOC(_IOC_READ|_IOC_WRITE, 0x46, 0x2a, 0x20), 0x7fff3ba74670) = 0
3113453 ioctl(8, _IOC(_IOC_READ|_IOC_WRITE, 0x46, 0x2a, 0x20), 0x7fff3ba75e70) = 0
3113453 ioctl(8, _IOC(_IOC_READ|_IOC_WRITE, 0x46, 0x2a, 0x20), 0x7fff3ba74670) = 0
3113453 ioctl(8, _IOC(_IOC_READ|_IOC_WRITE, 0x46, 0x2a, 0x20), 0x7fff3ba75e70) = 0
3113453 ioctl(8, _IOC(_IOC_READ|_IOC_WRITE, 0x46, 0x2a, 0x20), 0x7fff3ba75e70) = 0
3113453 ioctl(8, _IOC(_IOC_READ|_IOC_WRITE, 0x46, 0x2a, 0x20), 0x7fff3ba74670) = 0
3113453 ioctl(9, _IOC(_IOC_NONE, 0, 0x25, 0), 0x7fff3ba77d40) = 0
3113453 ioctl(9, _IOC(_IOC_NONE, 0, 0x25, 0), 0x7fff3ba77d40) = 0
3113453 ioctl(9, _IOC(_IOC_NONE, 0, 0x25, 0), 0x7fff3ba77d40) = 0
3113453 ioctl(9, _IOC(_IOC_NONE, 0, 0x17, 0), 0x7fff3ba78210) = 0
3113453 ioctl(8, _IOC(_IOC_READ|_IOC_WRITE, 0x46, 0x2b, 0x30), 0x7fff3ba77f70) = 0
3113453 ioctl(8, _IOC(_IOC_READ|_IOC_WRITE, 0x46, 0x2b, 0x30), 0x7fff3ba77f70) = 0
3113453 ioctl(8, _IOC(_IOC_READ|_IOC_WRITE, 0x46, 0x2b, 0x30), 0x7fff3ba77f70) = 0
3113454 +++ exited with 0 +++
3113453 +++ exited with 0 +++
