3947773 openat(AT_FDCWD, "/usr/local/cuda/lib64/glibc-hwcaps/x86-64-v4/libcuda.so.1", O_RDONLY|O_CLOEXEC) = -1 ENOENT (No such file or directory)
3947773 openat(AT_FDCWD, "/usr/local/cuda/lib64/glibc-hwcaps/x86-64-v3/libcuda.so.1", O_RDONLY|O_CLOEXEC) = -1 ENOENT (No such file or directory)
3947773 openat(AT_FDCWD, "/usr/local/cuda/lib64/glibc-hwcaps/x86-64-v2/libcuda.so.1", O_RDONLY|O_CLOEXEC) = -1 ENOENT (No such file or directory)
3947773 openat(AT_FDCWD, "/usr/local/cuda/lib64/tls/haswell/avx512_1/x86_64/libcuda.so.1", O_RDONLY|O_CLOEXEC) = -1 ENOENT (No such file or directory)
3947773 openat(AT_FDCWD, "/usr/local/cuda/lib64/tls/haswell/avx512_1/libcuda.so.1", O_RDONLY|O_CLOEXEC) = -1 ENOENT (No such file or directory)
3947773 openat(AT_FDCWD, "/usr/local/cuda/lib64/tls/haswell/x86_64/libcuda.so.1", O_RDONLY|O_CLOEXEC) = -1 ENOENT (No such file or directory)
3947773 openat(AT_FDCWD, "/usr/local/cuda/lib64/tls/haswell/libcuda.so.1", O_RDONLY|O_CLOEXEC) = -1 ENOENT (No such file or directory)
3947773 openat(AT_FDCWD, "/usr/local/cuda/lib64/tls/avx512_1/x86_64/libcuda.so.1", O_RDONLY|O_CLOEXEC) = -1 ENOENT (No such file or directory)
3947773 openat(AT_FDCWD, "/usr/local/cuda/lib64/tls/avx512_1/libcuda.so.1", O_RDONLY|O_CLOEXEC) = -1 ENOENT (No such file or directory)
3947773 openat(AT_FDCWD, "/usr/local/cuda/lib64/tls/x86_64/libcuda.so.1", O_RDONLY|O_CLOEXEC) = -1 ENOENT (No such file or directory)
3947773 openat(AT_FDCWD, "/usr/local/cuda/lib64/tls/libcuda.so.1", O_RDONLY|O_CLOEXEC) = -1 ENOENT (No such file or directory)
3947773 openat(AT_FDCWD, "/usr/local/cuda/lib64/haswell/avx512_1/x86_64/libcuda.so.1", O_RDONLY|O_CLOEXEC) = -1 ENOENT (No such file or directory)
3947773 openat(AT_FDCWD, "/usr/local/cuda/lib64/haswell/avx512_1/libcuda.so.1", O_RDONLY|O_CLOEXEC) = -1 ENOENT (No such file or directory)
3947773 openat(AT_FDCWD, "/usr/local/cuda/lib64/haswell/x86_64/libcuda.so.1", O_RDONLY|O_CLOEXEC) = -1 ENOENT (No such file or directory)
3947773 openat(AT_FDCWD, "/usr/local/cuda/lib64/haswell/libcuda.so.1", O_RDONLY|O_CLOEXEC) = -1 ENOENT (No such file or directory)
3947773 openat(AT_FDCWD, "/usr/local/cuda/lib64/avx512_1/x86_64/libcuda.so.1", O_RDONLY|O_CLOEXEC) = -1 ENOENT (No such file or directory)
3947773 openat(AT_FDCWD, "/usr/local/cuda/lib64/avx512_1/libcuda.so.1", O_RDONLY|O_CLOEXEC) = -1 ENOENT (No such file or directory)
3947773 openat(AT_FDCWD, "/usr/local/cuda/lib64/x86_64/libcuda.so.1", O_RDONLY|O_CLOEXEC) = -1 ENOENT (No such file or directory)
3947773 openat(AT_FDCWD, "/usr/local/cuda/lib64/libcuda.so.1", O_RDONLY|O_CLOEXEC) = -1 ENOENT (No such file or directory)
3947773 openat(AT_FDCWD, "/usr/local/cuda-12.5/lib64/glibc-hwcaps/x86-64-v4/libcuda.so.1", O_RDONLY|O_CLOEXEC) = -1 ENOENT (No such file or directory)
3947773 openat(AT_FDCWD, "/usr/local/cuda-12.5/lib64/glibc-hwcaps/x86-64-v3/libcuda.so.1", O_RDONLY|O_CLOEXEC) = -1 ENOENT (No such file or directory)
3947773 openat(AT_FDCWD, "/usr/local/cuda-12.5/lib64/glibc-hwcaps/x86-64-v2/libcuda.so.1", O_RDONLY|O_CLOEXEC) = -1 ENOENT (No such file or directory)
3947773 openat(AT_FDCWD, "/usr/local/cuda-12.5/lib64/tls/haswell/avx512_1/x86_64/libcuda.so.1", O_RDONLY|O_CLOEXEC) = -1 ENOENT (No such file or directory)
3947773 openat(AT_FDCWD, "/usr/local/cuda-12.5/lib64/tls/haswell/avx512_1/libcuda.so.1", O_RDONLY|O_CLOEXEC) = -1 ENOENT (No such file or directory)
3947773 openat(AT_FDCWD, "/usr/local/cuda-12.5/lib64/tls/haswell/x86_64/libcuda.so.1", O_RDONLY|O_CLOEXEC) = -1 ENOENT (No such file or directory)
3947773 openat(AT_FDCWD, "/usr/local/cuda-12.5/lib64/tls/haswell/libcuda.so.1", O_RDONLY|O_CLOEXEC) = -1 ENOENT (No such file or directory)
3947773 openat(AT_FDCWD, "/usr/local/cuda-12.5/lib64/tls/avx512_1/x86_64/libcuda.so.1", O_RDONLY|O_CLOEXEC) = -1 ENOENT (No such file or directory)
3947773 openat(AT_FDCWD, "/usr/local/cuda-12.5/lib64/tls/avx512_1/libcuda.so.1", O_RDONLY|O_CLOEXEC) = -1 ENOENT (No such file or directory)
3947773 openat(AT_FDCWD, "/usr/local/cuda-12.5/lib64/tls/x86_64/libcuda.so.1", O_RDONLY|O_CLOEXEC) = -1 ENOENT (No such file or directory)
3947773 openat(AT_FDCWD, "/usr/local/cuda-12.5/lib64/tls/libcuda.so.1", O_RDONLY|O_CLOEXEC) = -1 ENOENT (No such file or directory)
3947773 openat(AT_FDCWD, "/usr/local/cuda-12.5/lib64/haswell/avx512_1/x86_64/libcuda.so.1", O_RDONLY|O_CLOEXEC) = -1 ENOENT (No such file or directory)
3947773 openat(AT_FDCWD, "/usr/local/cuda-12.5/lib64/haswell/avx512_1/libcuda.so.1", O_RDONLY|O_CLOEXEC) = -1 ENOENT (No such file or directory)
3947773 openat(AT_FDCWD, "/usr/local/cuda-12.5/lib64/haswell/x86_64/libcuda.so.1", O_RDONLY|O_CLOEXEC) = -1 ENOENT (No such file or directory)
3947773 openat(AT_FDCWD, "/usr/local/cuda-12.5/lib64/haswell/libcuda.so.1", O_RDONLY|O_CLOEXEC) = -1 ENOENT (No such file or directory)
3947773 openat(AT_FDCWD, "/usr/local/cuda-12.5/lib64/avx512_1/x86_64/libcuda.so.1", O_RDONLY|O_CLOEXEC) = -1 ENOENT (No such file or directory)
3947773 openat(AT_FDCWD, "/usr/local/cuda-12.5/lib64/avx512_1/libcuda.so.1", O_RDONLY|O_CLOEXEC) = -1 ENOENT (No such file or directory)
3947773 openat(AT_FDCWD, "/usr/local/cuda-12.5/lib64/x86_64/libcuda.so.1", O_RDONLY|O_CLOEXEC) = -1 ENOENT (No such file or directory)
3947773 openat(AT_FDCWD, "/usr/local/cuda-12.5/lib64/libcuda.so.1", O_RDONLY|O_CLOEXEC) = -1 ENOENT (No such file or directory)
3947773 openat(AT_FDCWD, "/etc/ld.so.cache", O_RDONLY|O_CLOEXEC) = 3
3947773 close(3)                        = 0
3947773 openat(AT_FDCWD, "/lib/x86_64-linux-gnu/libcuda.so.1", O_RDONLY|O_CLOEXEC) = 3
3947773 close(3)                        = 0
3947773 openat(AT_FDCWD, "/usr/local/cuda-12.5/lib64/libc.so.6", O_RDONLY|O_CLOEXEC) = -1 ENOENT (No such file or directory)
3947773 openat(AT_FDCWD, "/lib/x86_64-linux-gnu/libc.so.6", O_RDONLY|O_CLOEXEC) = 3
3947773 close(3)                        = 0
3947773 openat(AT_FDCWD, "/usr/local/cuda-12.5/lib64/libm.so.6", O_RDONLY|O_CLOEXEC) = -1 ENOENT (No such file or directory)
3947773 openat(AT_FDCWD, "/lib/x86_64-linux-gnu/libm.so.6", O_RDONLY|O_CLOEXEC) = 3
3947773 close(3)                        = 0
3947773 openat(AT_FDCWD, "/usr/local/cuda-12.5/lib64/libdl.so.2", O_RDONLY|O_CLOEXEC) = -1 ENOENT (No such file or directory)
3947773 openat(AT_FDCWD, "/lib/x86_64-linux-gnu/libdl.so.2", O_RDONLY|O_CLOEXEC) = 3
3947773 close(3)                        = 0
3947773 openat(AT_FDCWD, "/usr/local/cuda-12.5/lib64/libpthread.so.0", O_RDONLY|O_CLOEXEC) = -1 ENOENT (No such file or directory)
3947773 openat(AT_FDCWD, "/lib/x86_64-linux-gnu/libpthread.so.0", O_RDONLY|O_CLOEXEC) = 3
3947773 close(3)                        = 0
3947773 openat(AT_FDCWD, "/usr/local/cuda-12.5/lib64/librt.so.1", O_RDONLY|O_CLOEXEC) = -1 ENOENT (No such file or directory)
3947773 openat(AT_FDCWD, "/lib/x86_64-linux-gnu/librt.so.1", O_RDONLY|O_CLOEXEC) = 3
3947773 close(3)                        = 0
3947773 openat(AT_FDCWD, "/sys/devices/system/cpu/online", O_RDONLY|O_CLOEXEC) = 3
3947773 close(3)                        = 0
3947773 openat(AT_FDCWD, "/sys/devices/system/cpu/online", O_RDONLY|O_CLOEXEC) = 3
3947773 close(3)                        = 0
3947773 openat(AT_FDCWD, "/proc/sys/vm/mmap_min_addr", O_RDONLY) = 3
3947773 close(3)                        = 0
3947773 openat(AT_FDCWD, "/proc/cpuinfo", O_RDONLY) = 3
3947773 close(3)                        = 0
3947773 openat(AT_FDCWD, "/proc/self/maps", O_RDONLY) = 3
3947773 close(3)                        = 0
3947773 openat(AT_FDCWD, "/sys/devices/system/cpu/online", O_RDONLY|O_CLOEXEC) = 3
3947773 close(3)                        = 0
3947773 openat(AT_FDCWD, "/proc/self/task/3947774/comm", O_WRONLY|O_CREAT|O_TRUNC, 0666) = 8
3947773 close(8)                        = 0
3947773 openat(AT_FDCWD, "/dev/shm/cuda_injection_path_shm", O_RDWR|O_NOFOLLOW|O_CLOEXEC) = -1 ENOENT (No such file or directory)
3947773 openat(AT_FDCWD, "/home/pulak/.nv/nvidia-application-profile-globals-rc", O_RDONLY) = -1 ENOENT (No such file or directory)
3947773 openat(AT_FDCWD, "/home/pulak/.nv/nvidia-application-profiles-rc", O_RDONLY) = -1 ENOENT (No such file or directory)
3947773 openat(AT_FDCWD, "/home/pulak/.nv/nvidia-application-profiles-rc.d", O_RDONLY) = -1 ENOENT (No such file or directory)
3947773 openat(AT_FDCWD, "/etc/nvidia/nvidia-application-profiles-rc", O_RDONLY) = -1 ENOENT (No such file or directory)
3947773 openat(AT_FDCWD, "/etc/nvidia/nvidia-application-profiles-rc.d/", O_RDONLY) = -1 ENOENT (No such file or directory)
3947773 openat(AT_FDCWD, "/usr/share/nvidia/nvidia-application-profiles-555.42.06-rc", O_RDONLY) = 8
3947773 close(8)                        = 0
3947773 openat(AT_FDCWD, "/usr/share/nvidia/nvidia-application-profiles-rc", O_RDONLY) = -1 ENOENT (No such file or directory)
3947773 openat(AT_FDCWD, "/proc/self/cmdline", O_RDONLY) = 8
3947773 close(8)                        = 0
3947773 close(8)                        = 0
3947773 openat(AT_FDCWD, "/proc/modules", O_RDONLY) = 8
3947773 close(8)                        = 0
3947773 openat(AT_FDCWD, "/proc/driver/nvidia/params", O_RDONLY) = 8
3947773 close(8)                        = 0
3947773 openat(AT_FDCWD, "/proc/driver/nvidia/params", O_RDONLY) = 8
3947773 close(8)                        = 0
3947773 openat(AT_FDCWD, "/dev/nvidiactl", O_RDWR) = 8
3947773 openat(AT_FDCWD, "/sys/devices/system/memory/block_size_bytes", O_RDONLY) = 9
3947773 close(9)                        = 0
3947773 ioctl(8, _IOC(_IOC_READ|_IOC_WRITE, 0x46, 0xd6, 0x8), 0x7ffe5ca64610) = 0
3947773 ioctl(8, _IOC(_IOC_READ|_IOC_WRITE, 0x46, 0xc8, 0x900), 0x765c85b1aae0) = 0
3947773 openat(AT_FDCWD, "/proc/driver/nvidia/params", O_RDONLY) = 9
3947773 close(9)                        = 0
3947773 ioctl(8, _IOC(_IOC_READ|_IOC_WRITE, 0x46, 0x2b, 0x20), 0x7ffe5ca64760) = 0
3947773 ioctl(8, _IOC(_IOC_READ|_IOC_WRITE, 0x46, 0x2a, 0x20), 0x7ffe5ca63660) = 0
3947773 ioctl(8, _IOC(_IOC_READ|_IOC_WRITE, 0x46, 0x29, 0x10), 0x7ffe5ca64740) = 0
3947773 close(8)                        = 0
3947773 openat(AT_FDCWD, "/proc/modules", O_RDONLY) = 8
3947773 close(8)                        = 0
3947773 openat(AT_FDCWD, "/proc/driver/nvidia/params", O_RDONLY) = 8
3947773 close(8)                        = 0
3947773 openat(AT_FDCWD, "/proc/driver/nvidia/params", O_RDONLY) = 8
3947773 close(8)                        = 0
3947773 openat(AT_FDCWD, "/dev/nvidiactl", O_RDWR) = 8
3947773 openat(AT_FDCWD, "/sys/devices/system/memory/block_size_bytes", O_RDONLY) = 9
3947773 close(9)                        = 0
3947773 ioctl(8, _IOC(_IOC_READ|_IOC_WRITE, 0x46, 0xd6, 0x8), 0x7ffe5ca64bd0) = 0
3947773 ioctl(8, _IOC(_IOC_READ|_IOC_WRITE, 0x46, 0xc8, 0x900), 0x765c85b1aae0) = 0
3947773 openat(AT_FDCWD, "/proc/driver/nvidia/params", O_RDONLY) = 9
3947773 close(9)                        = 0
3947773 ioctl(8, _IOC(_IOC_READ|_IOC_WRITE, 0x46, 0x2b, 0x20), 0x7ffe5ca64d20) = 0
3947773 ioctl(8, _IOC(_IOC_READ|_IOC_WRITE, 0x46, 0x2a, 0x20), 0x7ffe5ca63be0) = 0
3947773 ioctl(8, _IOC(_IOC_READ|_IOC_WRITE, 0x46, 0x2a, 0x20), 0x7ffe5ca63be0) = 0
3947773 ioctl(8, _IOC(_IOC_READ|_IOC_WRITE, 0x46, 0x2b, 0x30), 0x7ffe5ca64d10) = 0
3947773 ioctl(8, _IOC(_IOC_READ|_IOC_WRITE, 0x46, 0x2a, 0x20), 0x7ffe5ca63bf0) = 0
3947773 openat(AT_FDCWD, "/sys/devices/system/cpu/online", O_RDONLY|O_CLOEXEC) = 9
3947773 close(9)                        = 0
3947773 openat(AT_FDCWD, "/proc/self/status", O_RDONLY) = 9
3947773 close(9)                        = 0
3947773 openat(AT_FDCWD, "/sys/devices/system/node", O_RDONLY|O_NONBLOCK|O_CLOEXEC|O_DIRECTORY) = 9
3947773 openat(AT_FDCWD, "/sys/devices/system/node/node0/cpumap", O_RDONLY) = 10
3947773 close(10)                       = 0
3947773 openat(AT_FDCWD, "/sys/devices/system/node/node1/cpumap", O_RDONLY) = 10
3947773 close(10)                       = 0
3947773 close(9)                        = 0
3947773 openat(AT_FDCWD, "/proc/modules", O_RDONLY) = 9
3947773 close(9)                        = 0
3947773 openat(AT_FDCWD, "/proc/devices", O_RDONLY) = 9
3947773 close(9)                        = 0
3947773 openat(AT_FDCWD, "/dev/nvidia-uvm", O_RDWR|O_CLOEXEC) = 9
3947773 openat(AT_FDCWD, "/dev/nvidia-uvm", O_RDWR|O_CLOEXEC) = 10
3947773 ioctl(9, _IOC(_IOC_NONE, 0, 0x1, 0x3000), 0x7ffe5ca64d20) = 0
3947773 ioctl(10, _IOC(_IOC_NONE, 0, 0x4b, 0), 0x7ffe5ca64d20) = 0
3947773 ioctl(9, _IOC(_IOC_NONE, 0, 0x27, 0), 0x7ffe5ca64d20) = 0
3947773 ioctl(8, _IOC(_IOC_READ|_IOC_WRITE, 0x46, 0x2a, 0x20), 0x7ffe5ca61d90) = 0
3947773 ioctl(8, _IOC(_IOC_READ|_IOC_WRITE, 0x46, 0x2a, 0x20), 0x7ffe5ca615c0) = 0
3947773 ioctl(8, _IOC(_IOC_READ|_IOC_WRITE, 0x46, 0x2a, 0x20), 0x7ffe5ca61cd0) = 0
3947773 openat(AT_FDCWD, "/proc/driver/nvidia/params", O_RDONLY) = 11
3947773 close(11)                       = 0
3947773 openat(AT_FDCWD, "/proc/driver/nvidia/params", O_RDONLY) = 11
3947773 close(11)                       = 0
3947773 openat(AT_FDCWD, "/dev/nvidia0", O_RDWR|O_CLOEXEC) = 11
3947773 ioctl(8, _IOC(_IOC_READ|_IOC_WRITE, 0x46, 0x2a, 0x20), 0x7ffe5ca61cd0) = 0
3947773 openat(AT_FDCWD, "/proc/driver/nvidia/params", O_RDONLY) = 12
3947773 close(12)                       = 0
3947773 openat(AT_FDCWD, "/proc/driver/nvidia/params", O_RDONLY) = 12
3947773 close(12)                       = 0
3947773 openat(AT_FDCWD, "/dev/nvidia1", O_RDWR|O_CLOEXEC) = 12
3947773 ioctl(8, _IOC(_IOC_READ|_IOC_WRITE, 0x46, 0x2a, 0x20), 0x7ffe5ca61cd0) = 0
3947773 openat(AT_FDCWD, "/proc/driver/nvidia/params", O_RDONLY) = 13
3947773 close(13)                       = 0
3947773 openat(AT_FDCWD, "/proc/driver/nvidia/params", O_RDONLY) = 13
3947773 close(13)                       = 0
3947773 openat(AT_FDCWD, "/dev/nvidia2", O_RDWR|O_CLOEXEC) = 13
3947773 ioctl(8, _IOC(_IOC_READ|_IOC_WRITE, 0x46, 0x2a, 0x20), 0x7ffe5ca61cd0) = 0
3947773 openat(AT_FDCWD, "/proc/driver/nvidia/params", O_RDONLY) = 14
3947773 close(14)                       = 0
3947773 openat(AT_FDCWD, "/proc/driver/nvidia/params", O_RDONLY) = 14
3947773 close(14)                       = 0
3947773 openat(AT_FDCWD, "/dev/nvidia3", O_RDWR|O_CLOEXEC) = 14
3947773 ioctl(8, _IOC(_IOC_READ|_IOC_WRITE, 0x46, 0x2a, 0x20), 0x7ffe5ca61e90) = 0
3947773 ioctl(8, _IOC(_IOC_READ|_IOC_WRITE, 0x46, 0x2a, 0x20), 0x7ffe5ca61e80) = 0
3947773 ioctl(8, _IOC(_IOC_READ|_IOC_WRITE, 0x46, 0x29, 0x10), 0x7ffe5ca62f20) = 0
3947773 ioctl(8, _IOC(_IOC_READ|_IOC_WRITE, 0x46, 0x2a, 0x20), 0x7ffe5ca61d10) = 0
3947773 ioctl(8, _IOC(_IOC_READ|_IOC_WRITE, 0x46, 0x2a, 0x20), 0x7ffe5ca61d10) = 0
3947773 openat(AT_FDCWD, "/proc/driver/nvidia/params", O_RDONLY) = 15
3947773 close(15)                       = 0
3947773 openat(AT_FDCWD, "/proc/driver/nvidia/params", O_RDONLY) = 15
3947773 close(15)                       = 0
3947773 openat(AT_FDCWD, "/dev/nvidia0", O_RDWR|O_CLOEXEC) = 15
3947773 ioctl(15, _IOC(_IOC_READ|_IOC_WRITE, 0x46, 0xc9, 0x4), 0x7ffe5ca62e90) = 0
3947773 ioctl(15, _IOC(_IOC_READ|_IOC_WRITE, 0x46, 0xd7, 0x230), 0x7ffe5ca62c10) = 0
3947773 ioctl(8, _IOC(_IOC_READ|_IOC_WRITE, 0x46, 0x2b, 0x30), 0x7ffe5ca62f60) = 0
3947773 ioctl(8, _IOC(_IOC_READ|_IOC_WRITE, 0x46, 0x2a, 0x20), 0x7ffe5ca61e90) = 0
3947773 ioctl(8, _IOC(_IOC_READ|_IOC_WRITE, 0x46, 0x2a, 0x20), 0x7ffe5ca61cf0) = 0
3947773 ioctl(8, _IOC(_IOC_READ|_IOC_WRITE, 0x46, 0x2a, 0x20), 0x7ffe5ca61e90) = 0
3947773 ioctl(8, _IOC(_IOC_READ|_IOC_WRITE, 0x46, 0x2a, 0x20), 0x7ffe5ca61e00) = 0
3947773 ioctl(8, _IOC(_IOC_READ|_IOC_WRITE, 0x46, 0x2a, 0x20), 0x7ffe5ca61d00) = 0
3947773 ioctl(8, _IOC(_IOC_READ|_IOC_WRITE, 0x46, 0x2a, 0x20), 0x7ffe5ca61d00) = 0
3947773 openat(AT_FDCWD, "/proc/driver/nvidia/params", O_RDONLY) = 16
3947773 close(16)                       = 0
3947773 openat(AT_FDCWD, "/proc/driver/nvidia/params", O_RDONLY) = 16
3947773 close(16)                       = 0
3947773 openat(AT_FDCWD, "/dev/nvidia0", O_RDWR|O_CLOEXEC) = 16
3947773 ioctl(16, _IOC(_IOC_READ|_IOC_WRITE, 0x46, 0xc9, 0x4), 0x7ffe5ca62e80) = 0
3947773 ioctl(8, _IOC(_IOC_READ|_IOC_WRITE, 0x46, 0x2b, 0x30), 0x7ffe5ca62f90) = 0
3947773 ioctl(8, _IOC(_IOC_READ|_IOC_WRITE, 0x46, 0x2b, 0x30), 0x7ffe5ca62fb0) = 0
3947773 ioctl(8, _IOC(_IOC_READ|_IOC_WRITE, 0x46, 0x2a, 0x20), 0x7ffe5ca61ce0) = 0
3947773 ioctl(8, _IOC(_IOC_READ|_IOC_WRITE, 0x46, 0x2a, 0x20), 0x7ffe5ca617e0) = 0
3947773 ioctl(8, _IOC(_IOC_READ|_IOC_WRITE, 0x46, 0x2a, 0x20), 0x7ffe5ca61d90) = 0
3947773 ioctl(8, _IOC(_IOC_READ|_IOC_WRITE, 0x46, 0x2a, 0x20), 0x7ffe5ca61400) = 0
3947773 ioctl(8, _IOC(_IOC_READ|_IOC_WRITE, 0x46, 0x2a, 0x20), 0x7ffe5ca60bf0) = 0
3947773 ioctl(8, _IOC(_IOC_READ|_IOC_WRITE, 0x46, 0x2a, 0x20), 0x7ffe5ca61240) = 0
3947773 ioctl(8, _IOC(_IOC_READ|_IOC_WRITE, 0x46, 0x2a, 0x20), 0x7ffe5ca61ab0) = 0
3947773 ioctl(8, _IOC(_IOC_READ|_IOC_WRITE, 0x46, 0x2a, 0x20), 0x7ffe5ca61c80) = 0
3947773 ioctl(8, _IOC(_IOC_READ|_IOC_WRITE, 0x46, 0x2a, 0x20), 0x7ffe5ca61970) = 0
3947773 ioctl(8, _IOC(_IOC_READ|_IOC_WRITE, 0x46, 0x2a, 0x20), 0x7ffe5ca61970) = 0
3947773 ioctl(8, _IOC(_IOC_READ|_IOC_WRITE, 0x46, 0x2a, 0x20), 0x7ffe5ca61970) = 0
3947773 ioctl(8, _IOC(_IOC_READ|_IOC_WRITE, 0x46, 0x2a, 0x20), 0x7ffe5ca61970) = 0
3947773 ioctl(8, _IOC(_IOC_READ|_IOC_WRITE, 0x46, 0x2a, 0x20), 0x7ffe5ca61970) = 0
3947773 ioctl(8, _IOC(_IOC_READ|_IOC_WRITE, 0x46, 0x2a, 0x20), 0x7ffe5ca617c0) = 0
3947773 ioctl(8, _IOC(_IOC_READ|_IOC_WRITE, 0x46, 0x2a, 0x20), 0x7ffe5ca61ad0) = 0
3947773 ioctl(8, _IOC(_IOC_READ|_IOC_WRITE, 0x46, 0x2a, 0x20), 0x7ffe5ca61b70) = 0
3947773 ioctl(8, _IOC(_IOC_READ|_IOC_WRITE, 0x46, 0x2a, 0x20), 0x7ffe5ca61c80) = 0
3947773 ioctl(8, _IOC(_IOC_READ|_IOC_WRITE, 0x46, 0x2a, 0x20), 0x7ffe5ca61c80) = 0
3947773 openat(AT_FDCWD, "/dev/nvidia0", O_RDWR|O_CLOEXEC) = 17
3947773 ioctl(17, _IOC(_IOC_READ|_IOC_WRITE, 0x46, 0xc9, 0x4), 0x7ffe5ca62d40) = 0
3947773 ioctl(17, _IOC(_IOC_READ|_IOC_WRITE, 0x46, 0xce, 0x10), 0x7ffe5ca62d30) = 0
3947773 ioctl(8, _IOC(_IOC_READ|_IOC_WRITE, 0x46, 0x2a, 0x20), 0x7ffe5ca619d0) = 0
3947773 ioctl(8, _IOC(_IOC_READ|_IOC_WRITE, 0x46, 0x2a, 0x20), 0x7ffe5ca61bb0) = 0
3947773 ioctl(8, _IOC(_IOC_READ|_IOC_WRITE, 0x46, 0x2a, 0x20), 0x7ffe5ca61bb0) = 0
3947773 ioctl(8, _IOC(_IOC_READ|_IOC_WRITE, 0x46, 0x2a, 0x20), 0x7ffe5ca61bb0) = 0
3947773 ioctl(8, _IOC(_IOC_READ|_IOC_WRITE, 0x46, 0x2a, 0x20), 0x7ffe5ca61bb0) = 0
3947773 ioctl(8, _IOC(_IOC_READ|_IOC_WRITE, 0x46, 0x2a, 0x20), 0x7ffe5ca61bb0) = 0
3947773 ioctl(8, _IOC(_IOC_READ|_IOC_WRITE, 0x46, 0x2a, 0x20), 0x7ffe5ca61bb0) = 0
3947773 ioctl(8, _IOC(_IOC_READ|_IOC_WRITE, 0x46, 0x2a, 0x20), 0x7ffe5ca61bb0) = 0
3947773 ioctl(8, _IOC(_IOC_READ|_IOC_WRITE, 0x46, 0x2a, 0x20), 0x7ffe5ca61ba0) = 0
3947773 ioctl(8, _IOC(_IOC_READ|_IOC_WRITE, 0x46, 0x2a, 0x20), 0x7ffe5ca61b20) = 0
3947773 ioctl(8, _IOC(_IOC_READ|_IOC_WRITE, 0x46, 0x2a, 0x20), 0x7ffe5ca61ab0) = 0
3947773 ioctl(8, _IOC(_IOC_READ|_IOC_WRITE, 0x46, 0x2a, 0x20), 0x7ffe5ca5f600) = 0
3947773 ioctl(8, _IOC(_IOC_READ|_IOC_WRITE, 0x46, 0x2a, 0x20), 0x7ffe5ca606b0) = 0
3947773 ioctl(8, _IOC(_IOC_READ|_IOC_WRITE, 0x46, 0x2a, 0x20), 0x7ffe5ca61cb0) = 0
3947773 ioctl(8, _IOC(_IOC_READ|_IOC_WRITE, 0x46, 0x2a, 0x20), 0x7ffe5ca61b00) = 0
3947773 ioctl(8, _IOC(_IOC_READ|_IOC_WRITE, 0x46, 0x2b, 0x30), 0x7ffe5ca62d20) = 0
3947773 ioctl(8, _IOC(_IOC_READ|_IOC_WRITE, 0x46, 0x2a, 0x20), 0x7ffe5ca61af0) = 0
3947773 openat(AT_FDCWD, "/dev/nvidia0", O_RDWR|O_CLOEXEC) = 18
3947773 ioctl(8, _IOC(_IOC_READ|_IOC_WRITE, 0x46, 0x4e, 0x38), 0x7ffe5ca62cb0) = 0
3947773 close(18)                       = 0
3947773 ioctl(8, _IOC(_IOC_READ|_IOC_WRITE, 0x46, 0x2b, 0x30), 0x7ffe5ca62d30) = 0
3947773 ioctl(8, _IOC(_IOC_READ|_IOC_WRITE, 0x46, 0x2a, 0x20), 0x7ffe5ca61cb0) = 0
3947773 ioctl(8, _IOC(_IOC_READ|_IOC_WRITE, 0x46, 0x2a, 0x20), 0x7ffe5ca61c50) = 0
3947773 ioctl(8, _IOC(_IOC_READ|_IOC_WRITE, 0x46, 0x2b, 0x30), 0x7ffe5ca62da0) = 0
3947773 ioctl(8, _IOC(_IOC_READ|_IOC_WRITE, 0x46, 0x2b, 0x30), 0x7ffe5ca62da0) = 0
3947773 ioctl(8, _IOC(_IOC_READ|_IOC_WRITE, 0x46, 0x2a, 0x20), 0x7ffe5ca61c80) = 0
3947773 ioctl(8, _IOC(_IOC_READ|_IOC_WRITE, 0x46, 0x2a, 0x20), 0x7ffe5ca61be0) = 0
3947773 ioctl(8, _IOC(_IOC_READ|_IOC_WRITE, 0x46, 0x2a, 0x20), 0x7ffe5ca61be0) = 0
3947773 ioctl(8, _IOC(_IOC_READ|_IOC_WRITE, 0x46, 0x2a, 0x20), 0x7ffe5ca61ce0) = 0
3947773 ioctl(8, _IOC(_IOC_READ|_IOC_WRITE, 0x46, 0x2a, 0x20), 0x7ffe5ca61ba0) = 0
3947773 openat(AT_FDCWD, "/sys/bus/pci/devices/0000:17:00.0/numa_node", O_RDONLY) = 18
3947773 close(18)                       = 0
3947773 ioctl(8, _IOC(_IOC_READ|_IOC_WRITE, 0x46, 0x2a, 0x20), 0x7ffe5ca61e80) = 0
3947773 ioctl(8, _IOC(_IOC_READ|_IOC_WRITE, 0x46, 0x29, 0x10), 0x7ffe5ca62f20) = 0
3947773 ioctl(8, _IOC(_IOC_READ|_IOC_WRITE, 0x46, 0x2a, 0x20), 0x7ffe5ca61d10) = 0
3947773 ioctl(8, _IOC(_IOC_READ|_IOC_WRITE, 0x46, 0x2a, 0x20), 0x7ffe5ca61d10) = 0
3947773 ioctl(8, _IOC(_IOC_READ|_IOC_WRITE, 0x46, 0x2a, 0x20), 0x7ffe5ca61d10) = 0
3947773 openat(AT_FDCWD, "/proc/driver/nvidia/params", O_RDONLY) = 18
3947773 close(18)                       = 0
3947773 openat(AT_FDCWD, "/proc/driver/nvidia/params", O_RDONLY) = 18
3947773 close(18)                       = 0
3947773 openat(AT_FDCWD, "/dev/nvidia1", O_RDWR|O_CLOEXEC) = 18
3947773 ioctl(18, _IOC(_IOC_READ|_IOC_WRITE, 0x46, 0xc9, 0x4), 0x7ffe5ca62e90) = 0
3947773 ioctl(18, _IOC(_IOC_READ|_IOC_WRITE, 0x46, 0xd7, 0x230), 0x7ffe5ca62c10) = 0
3947773 ioctl(8, _IOC(_IOC_READ|_IOC_WRITE, 0x46, 0x2b, 0x30), 0x7ffe5ca62f60) = 0
3947773 ioctl(8, _IOC(_IOC_READ|_IOC_WRITE, 0x46, 0x2a, 0x20), 0x7ffe5ca61e90) = 0
3947773 ioctl(8, _IOC(_IOC_READ|_IOC_WRITE, 0x46, 0x2a, 0x20), 0x7ffe5ca61cf0) = 0
3947773 ioctl(8, _IOC(_IOC_READ|_IOC_WRITE, 0x46, 0x2a, 0x20), 0x7ffe5ca61e90) = 0
3947773 ioctl(8, _IOC(_IOC_READ|_IOC_WRITE, 0x46, 0x2a, 0x20), 0x7ffe5ca61e00) = 0
3947773 ioctl(8, _IOC(_IOC_READ|_IOC_WRITE, 0x46, 0x2a, 0x20), 0x7ffe5ca61d00) = 0
3947773 ioctl(8, _IOC(_IOC_READ|_IOC_WRITE, 0x46, 0x2a, 0x20), 0x7ffe5ca61d00) = 0
3947773 ioctl(8, _IOC(_IOC_READ|_IOC_WRITE, 0x46, 0x2a, 0x20), 0x7ffe5ca61d00) = 0
3947773 openat(AT_FDCWD, "/proc/driver/nvidia/params", O_RDONLY) = 19
3947773 close(19)                       = 0
3947773 openat(AT_FDCWD, "/proc/driver/nvidia/params", O_RDONLY) = 19
3947773 close(19)                       = 0
3947773 openat(AT_FDCWD, "/dev/nvidia1", O_RDWR|O_CLOEXEC) = 19
3947773 ioctl(19, _IOC(_IOC_READ|_IOC_WRITE, 0x46, 0xc9, 0x4), 0x7ffe5ca62e80) = 0
3947773 ioctl(8, _IOC(_IOC_READ|_IOC_WRITE, 0x46, 0x2b, 0x30), 0x7ffe5ca62f90) = 0
3947773 ioctl(8, _IOC(_IOC_READ|_IOC_WRITE, 0x46, 0x2b, 0x30), 0x7ffe5ca62fb0) = 0
3947773 ioctl(8, _IOC(_IOC_READ|_IOC_WRITE, 0x46, 0x2a, 0x20), 0x7ffe5ca61ce0) = 0
3947773 ioctl(8, _IOC(_IOC_READ|_IOC_WRITE, 0x46, 0x2a, 0x20), 0x7ffe5ca617e0) = 0
3947773 ioctl(8, _IOC(_IOC_READ|_IOC_WRITE, 0x46, 0x2a, 0x20), 0x7ffe5ca61d90) = 0
3947773 ioctl(8, _IOC(_IOC_READ|_IOC_WRITE, 0x46, 0x2a, 0x20), 0x7ffe5ca61400) = 0
3947773 ioctl(8, _IOC(_IOC_READ|_IOC_WRITE, 0x46, 0x2a, 0x20), 0x7ffe5ca60bf0) = 0
3947773 ioctl(8, _IOC(_IOC_READ|_IOC_WRITE, 0x46, 0x2a, 0x20), 0x7ffe5ca61240) = 0
3947773 ioctl(8, _IOC(_IOC_READ|_IOC_WRITE, 0x46, 0x2a, 0x20), 0x7ffe5ca61ab0) = 0
3947773 ioctl(8, _IOC(_IOC_READ|_IOC_WRITE, 0x46, 0x2a, 0x20), 0x7ffe5ca61c80) = 0
3947773 ioctl(8, _IOC(_IOC_READ|_IOC_WRITE, 0x46, 0x2a, 0x20), 0x7ffe5ca61970) = 0
3947773 ioctl(8, _IOC(_IOC_READ|_IOC_WRITE, 0x46, 0x2a, 0x20), 0x7ffe5ca61970) = 0
3947773 ioctl(8, _IOC(_IOC_READ|_IOC_WRITE, 0x46, 0x2a, 0x20), 0x7ffe5ca61970) = 0
3947773 ioctl(8, _IOC(_IOC_READ|_IOC_WRITE, 0x46, 0x2a, 0x20), 0x7ffe5ca61970) = 0
3947773 ioctl(8, _IOC(_IOC_READ|_IOC_WRITE, 0x46, 0x2a, 0x20), 0x7ffe5ca61970) = 0
3947773 ioctl(8, _IOC(_IOC_READ|_IOC_WRITE, 0x46, 0x2a, 0x20), 0x7ffe5ca617c0) = 0
3947773 ioctl(8, _IOC(_IOC_READ|_IOC_WRITE, 0x46, 0x2a, 0x20), 0x7ffe5ca61ad0) = 0
3947773 ioctl(8, _IOC(_IOC_READ|_IOC_WRITE, 0x46, 0x2a, 0x20), 0x7ffe5ca61b70) = 0
3947773 ioctl(8, _IOC(_IOC_READ|_IOC_WRITE, 0x46, 0x2a, 0x20), 0x7ffe5ca61c80) = 0
3947773 ioctl(8, _IOC(_IOC_READ|_IOC_WRITE, 0x46, 0x2a, 0x20), 0x7ffe5ca61c80) = 0
3947773 openat(AT_FDCWD, "/dev/nvidia1", O_RDWR|O_CLOEXEC) = 20
3947773 ioctl(20, _IOC(_IOC_READ|_IOC_WRITE, 0x46, 0xc9, 0x4), 0x7ffe5ca62d40) = 0
3947773 ioctl(20, _IOC(_IOC_READ|_IOC_WRITE, 0x46, 0xce, 0x10), 0x7ffe5ca62d30) = 0
3947773 ioctl(8, _IOC(_IOC_READ|_IOC_WRITE, 0x46, 0x2a, 0x20), 0x7ffe5ca619d0) = 0
3947773 ioctl(8, _IOC(_IOC_READ|_IOC_WRITE, 0x46, 0x2a, 0x20), 0x7ffe5ca61bb0) = 0
3947773 ioctl(8, _IOC(_IOC_READ|_IOC_WRITE, 0x46, 0x2a, 0x20), 0x7ffe5ca61bb0) = 0
3947773 ioctl(8, _IOC(_IOC_READ|_IOC_WRITE, 0x46, 0x2a, 0x20), 0x7ffe5ca61bb0) = 0
3947773 ioctl(8, _IOC(_IOC_READ|_IOC_WRITE, 0x46, 0x2a, 0x20), 0x7ffe5ca61bb0) = 0
3947773 ioctl(8, _IOC(_IOC_READ|_IOC_WRITE, 0x46, 0x2a, 0x20), 0x7ffe5ca61bb0) = 0
3947773 ioctl(8, _IOC(_IOC_READ|_IOC_WRITE, 0x46, 0x2a, 0x20), 0x7ffe5ca61bb0) = 0
3947773 ioctl(8, _IOC(_IOC_READ|_IOC_WRITE, 0x46, 0x2a, 0x20), 0x7ffe5ca61bb0) = 0
3947773 ioctl(8, _IOC(_IOC_READ|_IOC_WRITE, 0x46, 0x2a, 0x20), 0x7ffe5ca61ba0) = 0
3947773 ioctl(8, _IOC(_IOC_READ|_IOC_WRITE, 0x46, 0x2a, 0x20), 0x7ffe5ca61b20) = 0
3947773 ioctl(8, _IOC(_IOC_READ|_IOC_WRITE, 0x46, 0x2a, 0x20), 0x7ffe5ca61ab0) = 0
3947773 ioctl(8, _IOC(_IOC_READ|_IOC_WRITE, 0x46, 0x2a, 0x20), 0x7ffe5ca5f600) = 0
3947773 ioctl(8, _IOC(_IOC_READ|_IOC_WRITE, 0x46, 0x2a, 0x20), 0x7ffe5ca606b0) = 0
3947773 ioctl(8, _IOC(_IOC_READ|_IOC_WRITE, 0x46, 0x2a, 0x20), 0x7ffe5ca61cb0) = 0
3947773 ioctl(8, _IOC(_IOC_READ|_IOC_WRITE, 0x46, 0x2a, 0x20), 0x7ffe5ca61b00) = 0
3947773 ioctl(8, _IOC(_IOC_READ|_IOC_WRITE, 0x46, 0x2b, 0x30), 0x7ffe5ca62d20) = 0
3947773 ioctl(8, _IOC(_IOC_READ|_IOC_WRITE, 0x46, 0x2a, 0x20), 0x7ffe5ca61af0) = 0
3947773 openat(AT_FDCWD, "/dev/nvidia1", O_RDWR|O_CLOEXEC) = 21
3947773 ioctl(8, _IOC(_IOC_READ|_IOC_WRITE, 0x46, 0x4e, 0x38), 0x7ffe5ca62cb0) = 0
3947773 close(21)                       = 0
3947773 ioctl(8, _IOC(_IOC_READ|_IOC_WRITE, 0x46, 0x2b, 0x30), 0x7ffe5ca62d30) = 0
3947773 ioctl(8, _IOC(_IOC_READ|_IOC_WRITE, 0x46, 0x2a, 0x20), 0x7ffe5ca61cb0) = 0
3947773 ioctl(8, _IOC(_IOC_READ|_IOC_WRITE, 0x46, 0x2a, 0x20), 0x7ffe5ca61c50) = 0
3947773 ioctl(8, _IOC(_IOC_READ|_IOC_WRITE, 0x46, 0x2b, 0x30), 0x7ffe5ca62da0) = 0
3947773 ioctl(8, _IOC(_IOC_READ|_IOC_WRITE, 0x46, 0x2b, 0x30), 0x7ffe5ca62da0) = 0
3947773 ioctl(8, _IOC(_IOC_READ|_IOC_WRITE, 0x46, 0x2a, 0x20), 0x7ffe5ca61c80) = 0
3947773 ioctl(8, _IOC(_IOC_READ|_IOC_WRITE, 0x46, 0x2a, 0x20), 0x7ffe5ca61be0) = 0
3947773 ioctl(8, _IOC(_IOC_READ|_IOC_WRITE, 0x46, 0x2a, 0x20), 0x7ffe5ca61be0) = 0
3947773 ioctl(8, _IOC(_IOC_READ|_IOC_WRITE, 0x46, 0x2a, 0x20), 0x7ffe5ca61ce0) = 0
3947773 ioctl(8, _IOC(_IOC_READ|_IOC_WRITE, 0x46, 0x2a, 0x20), 0x7ffe5ca61ba0) = 0
3947773 openat(AT_FDCWD, "/sys/bus/pci/devices/0000:65:00.0/numa_node", O_RDONLY) = 21
3947773 close(21)                       = 0
3947773 ioctl(8, _IOC(_IOC_READ|_IOC_WRITE, 0x46, 0x2a, 0x20), 0x7ffe5ca61e80) = 0
3947773 ioctl(8, _IOC(_IOC_READ|_IOC_WRITE, 0x46, 0x29, 0x10), 0x7ffe5ca62f20) = 0
3947773 ioctl(8, _IOC(_IOC_READ|_IOC_WRITE, 0x46, 0x2a, 0x20), 0x7ffe5ca61d10) = 0
3947773 ioctl(8, _IOC(_IOC_READ|_IOC_WRITE, 0x46, 0x2a, 0x20), 0x7ffe5ca61d10) = 0
3947773 ioctl(8, _IOC(_IOC_READ|_IOC_WRITE, 0x46, 0x2a, 0x20), 0x7ffe5ca61d10) = 0
3947773 ioctl(8, _IOC(_IOC_READ|_IOC_WRITE, 0x46, 0x2a, 0x20), 0x7ffe5ca61d10) = 0
3947773 openat(AT_FDCWD, "/proc/driver/nvidia/params", O_RDONLY) = 21
3947773 close(21)                       = 0
3947773 openat(AT_FDCWD, "/proc/driver/nvidia/params", O_RDONLY) = 21
3947773 close(21)                       = 0
3947773 openat(AT_FDCWD, "/dev/nvidia2", O_RDWR|O_CLOEXEC) = 21
3947773 ioctl(21, _IOC(_IOC_READ|_IOC_WRITE, 0x46, 0xc9, 0x4), 0x7ffe5ca62e90) = 0
3947773 ioctl(21, _IOC(_IOC_READ|_IOC_WRITE, 0x46, 0xd7, 0x230), 0x7ffe5ca62c10) = 0
3947773 ioctl(8, _IOC(_IOC_READ|_IOC_WRITE, 0x46, 0x2b, 0x30), 0x7ffe5ca62f60) = 0
3947773 ioctl(8, _IOC(_IOC_READ|_IOC_WRITE, 0x46, 0x2a, 0x20), 0x7ffe5ca61e90) = 0
3947773 ioctl(8, _IOC(_IOC_READ|_IOC_WRITE, 0x46, 0x2a, 0x20), 0x7ffe5ca61cf0) = 0
3947773 ioctl(8, _IOC(_IOC_READ|_IOC_WRITE, 0x46, 0x2a, 0x20), 0x7ffe5ca61e90) = 0
3947773 ioctl(8, _IOC(_IOC_READ|_IOC_WRITE, 0x46, 0x2a, 0x20), 0x7ffe5ca61e00) = 0
3947773 ioctl(8, _IOC(_IOC_READ|_IOC_WRITE, 0x46, 0x2a, 0x20), 0x7ffe5ca61d00) = 0
3947773 ioctl(8, _IOC(_IOC_READ|_IOC_WRITE, 0x46, 0x2a, 0x20), 0x7ffe5ca61d00) = 0
3947773 ioctl(8, _IOC(_IOC_READ|_IOC_WRITE, 0x46, 0x2a, 0x20), 0x7ffe5ca61d00) = 0
3947773 ioctl(8, _IOC(_IOC_READ|_IOC_WRITE, 0x46, 0x2a, 0x20), 0x7ffe5ca61d00) = 0
3947773 openat(AT_FDCWD, "/proc/driver/nvidia/params", O_RDONLY) = 22
3947773 close(22)                       = 0
3947773 openat(AT_FDCWD, "/proc/driver/nvidia/params", O_RDONLY) = 22
3947773 close(22)                       = 0
3947773 openat(AT_FDCWD, "/dev/nvidia2", O_RDWR|O_CLOEXEC) = 22
3947773 ioctl(22, _IOC(_IOC_READ|_IOC_WRITE, 0x46, 0xc9, 0x4), 0x7ffe5ca62e80) = 0
3947773 ioctl(8, _IOC(_IOC_READ|_IOC_WRITE, 0x46, 0x2b, 0x30), 0x7ffe5ca62f90) = 0
3947773 ioctl(8, _IOC(_IOC_READ|_IOC_WRITE, 0x46, 0x2b, 0x30), 0x7ffe5ca62fb0) = 0
3947773 ioctl(8, _IOC(_IOC_READ|_IOC_WRITE, 0x46, 0x2a, 0x20), 0x7ffe5ca61ce0) = 0
3947773 ioctl(8, _IOC(_IOC_READ|_IOC_WRITE, 0x46, 0x2a, 0x20), 0x7ffe5ca617e0) = 0
3947773 ioctl(8, _IOC(_IOC_READ|_IOC_WRITE, 0x46, 0x2a, 0x20), 0x7ffe5ca61d90) = 0
3947773 ioctl(8, _IOC(_IOC_READ|_IOC_WRITE, 0x46, 0x2a, 0x20), 0x7ffe5ca61400) = 0
3947773 ioctl(8, _IOC(_IOC_READ|_IOC_WRITE, 0x46, 0x2a, 0x20), 0x7ffe5ca60bf0) = 0
3947773 ioctl(8, _IOC(_IOC_READ|_IOC_WRITE, 0x46, 0x2a, 0x20), 0x7ffe5ca61240) = 0
3947773 ioctl(8, _IOC(_IOC_READ|_IOC_WRITE, 0x46, 0x2a, 0x20), 0x7ffe5ca61ab0) = 0
3947773 ioctl(8, _IOC(_IOC_READ|_IOC_WRITE, 0x46, 0x2a, 0x20), 0x7ffe5ca61c80) = 0
3947773 ioctl(8, _IOC(_IOC_READ|_IOC_WRITE, 0x46, 0x2a, 0x20), 0x7ffe5ca61970) = 0
3947773 ioctl(8, _IOC(_IOC_READ|_IOC_WRITE, 0x46, 0x2a, 0x20), 0x7ffe5ca61970) = 0
3947773 ioctl(8, _IOC(_IOC_READ|_IOC_WRITE, 0x46, 0x2a, 0x20), 0x7ffe5ca61970) = 0
3947773 ioctl(8, _IOC(_IOC_READ|_IOC_WRITE, 0x46, 0x2a, 0x20), 0x7ffe5ca61970) = 0
3947773 ioctl(8, _IOC(_IOC_READ|_IOC_WRITE, 0x46, 0x2a, 0x20), 0x7ffe5ca61970) = 0
3947773 ioctl(8, _IOC(_IOC_READ|_IOC_WRITE, 0x46, 0x2a, 0x20), 0x7ffe5ca617c0) = 0
3947773 ioctl(8, _IOC(_IOC_READ|_IOC_WRITE, 0x46, 0x2a, 0x20), 0x7ffe5ca61ad0) = 0
3947773 ioctl(8, _IOC(_IOC_READ|_IOC_WRITE, 0x46, 0x2a, 0x20), 0x7ffe5ca61b70) = 0
3947773 ioctl(8, _IOC(_IOC_READ|_IOC_WRITE, 0x46, 0x2a, 0x20), 0x7ffe5ca61c80) = 0
3947773 ioctl(8, _IOC(_IOC_READ|_IOC_WRITE, 0x46, 0x2a, 0x20), 0x7ffe5ca61c80) = 0
3947773 openat(AT_FDCWD, "/dev/nvidia2", O_RDWR|O_CLOEXEC) = 23
3947773 ioctl(23, _IOC(_IOC_READ|_IOC_WRITE, 0x46, 0xc9, 0x4), 0x7ffe5ca62d40) = 0
3947773 ioctl(23, _IOC(_IOC_READ|_IOC_WRITE, 0x46, 0xce, 0x10), 0x7ffe5ca62d30) = 0
3947773 ioctl(8, _IOC(_IOC_READ|_IOC_WRITE, 0x46, 0x2a, 0x20), 0x7ffe5ca619d0) = 0
3947773 ioctl(8, _IOC(_IOC_READ|_IOC_WRITE, 0x46, 0x2a, 0x20), 0x7ffe5ca61bb0) = 0
3947773 ioctl(8, _IOC(_IOC_READ|_IOC_WRITE, 0x46, 0x2a, 0x20), 0x7ffe5ca61bb0) = 0
3947773 ioctl(8, _IOC(_IOC_READ|_IOC_WRITE, 0x46, 0x2a, 0x20), 0x7ffe5ca61bb0) = 0
3947773 ioctl(8, _IOC(_IOC_READ|_IOC_WRITE, 0x46, 0x2a, 0x20), 0x7ffe5ca61bb0) = 0
3947773 ioctl(8, _IOC(_IOC_READ|_IOC_WRITE, 0x46, 0x2a, 0x20), 0x7ffe5ca61bb0) = 0
3947773 ioctl(8, _IOC(_IOC_READ|_IOC_WRITE, 0x46, 0x2a, 0x20), 0x7ffe5ca61bb0) = 0
3947773 ioctl(8, _IOC(_IOC_READ|_IOC_WRITE, 0x46, 0x2a, 0x20), 0x7ffe5ca61bb0) = 0
3947773 ioctl(8, _IOC(_IOC_READ|_IOC_WRITE, 0x46, 0x2a, 0x20), 0x7ffe5ca61ba0) = 0
3947773 ioctl(8, _IOC(_IOC_READ|_IOC_WRITE, 0x46, 0x2a, 0x20), 0x7ffe5ca61b20) = 0
3947773 ioctl(8, _IOC(_IOC_READ|_IOC_WRITE, 0x46, 0x2a, 0x20), 0x7ffe5ca61ab0) = 0
3947773 ioctl(8, _IOC(_IOC_READ|_IOC_WRITE, 0x46, 0x2a, 0x20), 0x7ffe5ca5f600) = 0
3947773 ioctl(8, _IOC(_IOC_READ|_IOC_WRITE, 0x46, 0x2a, 0x20), 0x7ffe5ca606b0) = 0
3947773 ioctl(8, _IOC(_IOC_READ|_IOC_WRITE, 0x46, 0x2a, 0x20), 0x7ffe5ca61cb0) = 0
3947773 ioctl(8, _IOC(_IOC_READ|_IOC_WRITE, 0x46, 0x2a, 0x20), 0x7ffe5ca61b00) = 0
3947773 ioctl(8, _IOC(_IOC_READ|_IOC_WRITE, 0x46, 0x2b, 0x30), 0x7ffe5ca62d20) = 0
3947773 ioctl(8, _IOC(_IOC_READ|_IOC_WRITE, 0x46, 0x2a, 0x20), 0x7ffe5ca61af0) = 0
3947773 openat(AT_FDCWD, "/dev/nvidia2", O_RDWR|O_CLOEXEC) = 24
3947773 ioctl(8, _IOC(_IOC_READ|_IOC_WRITE, 0x46, 0x4e, 0x38), 0x7ffe5ca62cb0) = 0
3947773 close(24)                       = 0
3947773 ioctl(8, _IOC(_IOC_READ|_IOC_WRITE, 0x46, 0x2b, 0x30), 0x7ffe5ca62d30) = 0
3947773 ioctl(8, _IOC(_IOC_READ|_IOC_WRITE, 0x46, 0x2a, 0x20), 0x7ffe5ca61cb0) = 0
3947773 ioctl(8, _IOC(_IOC_READ|_IOC_WRITE, 0x46, 0x2a, 0x20), 0x7ffe5ca61c50) = 0
3947773 ioctl(8, _IOC(_IOC_READ|_IOC_WRITE, 0x46, 0x2b, 0x30), 0x7ffe5ca62da0) = 0
3947773 ioctl(8, _IOC(_IOC_READ|_IOC_WRITE, 0x46, 0x2b, 0x30), 0x7ffe5ca62da0) = 0
3947773 ioctl(8, _IOC(_IOC_READ|_IOC_WRITE, 0x46, 0x2a, 0x20), 0x7ffe5ca61c80) = 0
3947773 ioctl(8, _IOC(_IOC_READ|_IOC_WRITE, 0x46, 0x2a, 0x20), 0x7ffe5ca61be0) = 0
3947773 ioctl(8, _IOC(_IOC_READ|_IOC_WRITE, 0x46, 0x2a, 0x20), 0x7ffe5ca61be0) = 0
3947773 ioctl(8, _IOC(_IOC_READ|_IOC_WRITE, 0x46, 0x2a, 0x20), 0x7ffe5ca61ce0) = 0
3947773 ioctl(8, _IOC(_IOC_READ|_IOC_WRITE, 0x46, 0x2a, 0x20), 0x7ffe5ca61ba0) = 0
3947773 openat(AT_FDCWD, "/sys/bus/pci/devices/0000:ca:00.0/numa_node", O_RDONLY) = 24
3947773 close(24)                       = 0
3947773 ioctl(8, _IOC(_IOC_READ|_IOC_WRITE, 0x46, 0x2a, 0x20), 0x7ffe5ca61e80) = 0
3947773 ioctl(8, _IOC(_IOC_READ|_IOC_WRITE, 0x46, 0x29, 0x10), 0x7ffe5ca62f20) = 0
3947773 ioctl(8, _IOC(_IOC_READ|_IOC_WRITE, 0x46, 0x2a, 0x20), 0x7ffe5ca61d10) = 0
3947773 ioctl(8, _IOC(_IOC_READ|_IOC_WRITE, 0x46, 0x2a, 0x20), 0x7ffe5ca61d10) = 0
3947773 ioctl(8, _IOC(_IOC_READ|_IOC_WRITE, 0x46, 0x2a, 0x20), 0x7ffe5ca61d10) = 0
3947773 ioctl(8, _IOC(_IOC_READ|_IOC_WRITE, 0x46, 0x2a, 0x20), 0x7ffe5ca61d10) = 0
3947773 ioctl(8, _IOC(_IOC_READ|_IOC_WRITE, 0x46, 0x2a, 0x20), 0x7ffe5ca61d10) = 0
3947773 openat(AT_FDCWD, "/proc/driver/nvidia/params", O_RDONLY) = 24
3947773 close(24)                       = 0
3947773 openat(AT_FDCWD, "/proc/driver/nvidia/params", O_RDONLY) = 24
3947773 close(24)                       = 0
3947773 openat(AT_FDCWD, "/dev/nvidia3", O_RDWR|O_CLOEXEC) = 24
3947773 ioctl(24, _IOC(_IOC_READ|_IOC_WRITE, 0x46, 0xc9, 0x4), 0x7ffe5ca62e90) = 0
3947773 ioctl(24, _IOC(_IOC_READ|_IOC_WRITE, 0x46, 0xd7, 0x230), 0x7ffe5ca62c10) = 0
3947773 ioctl(8, _IOC(_IOC_READ|_IOC_WRITE, 0x46, 0x2b, 0x30), 0x7ffe5ca62f60) = 0
3947773 ioctl(8, _IOC(_IOC_READ|_IOC_WRITE, 0x46, 0x2a, 0x20), 0x7ffe5ca61e90) = 0
3947773 ioctl(8, _IOC(_IOC_READ|_IOC_WRITE, 0x46, 0x2a, 0x20), 0x7ffe5ca61cf0) = 0
3947773 ioctl(8, _IOC(_IOC_READ|_IOC_WRITE, 0x46, 0x2a, 0x20), 0x7ffe5ca61e90) = 0
3947773 ioctl(8, _IOC(_IOC_READ|_IOC_WRITE, 0x46, 0x2a, 0x20), 0x7ffe5ca61e00) = 0
3947773 ioctl(8, _IOC(_IOC_READ|_IOC_WRITE, 0x46, 0x2a, 0x20), 0x7ffe5ca61d00) = 0
3947773 ioctl(8, _IOC(_IOC_READ|_IOC_WRITE, 0x46, 0x2a, 0x20), 0x7ffe5ca61d00) = 0
3947773 ioctl(8, _IOC(_IOC_READ|_IOC_WRITE, 0x46, 0x2a, 0x20), 0x7ffe5ca61d00) = 0
3947773 ioctl(8, _IOC(_IOC_READ|_IOC_WRITE, 0x46, 0x2a, 0x20), 0x7ffe5ca61d00) = 0
3947773 ioctl(8, _IOC(_IOC_READ|_IOC_WRITE, 0x46, 0x2a, 0x20), 0x7ffe5ca61d00) = 0
3947773 openat(AT_FDCWD, "/proc/driver/nvidia/params", O_RDONLY) = 25
3947773 close(25)                       = 0
3947773 openat(AT_FDCWD, "/proc/driver/nvidia/params", O_RDONLY) = 25
3947773 close(25)                       = 0
3947773 openat(AT_FDCWD, "/dev/nvidia3", O_RDWR|O_CLOEXEC) = 25
3947773 ioctl(25, _IOC(_IOC_READ|_IOC_WRITE, 0x46, 0xc9, 0x4), 0x7ffe5ca62e80) = 0
3947773 ioctl(8, _IOC(_IOC_READ|_IOC_WRITE, 0x46, 0x2b, 0x30), 0x7ffe5ca62f90) = 0
3947773 ioctl(8, _IOC(_IOC_READ|_IOC_WRITE, 0x46, 0x2b, 0x30), 0x7ffe5ca62fb0) = 0
3947773 ioctl(8, _IOC(_IOC_READ|_IOC_WRITE, 0x46, 0x2a, 0x20), 0x7ffe5ca61ce0) = 0
3947773 ioctl(8, _IOC(_IOC_READ|_IOC_WRITE, 0x46, 0x2a, 0x20), 0x7ffe5ca617e0) = 0
3947773 ioctl(8, _IOC(_IOC_READ|_IOC_WRITE, 0x46, 0x2a, 0x20), 0x7ffe5ca61d90) = 0
3947773 ioctl(8, _IOC(_IOC_READ|_IOC_WRITE, 0x46, 0x2a, 0x20), 0x7ffe5ca61400) = 0
3947773 ioctl(8, _IOC(_IOC_READ|_IOC_WRITE, 0x46, 0x2a, 0x20), 0x7ffe5ca60bf0) = 0
3947773 ioctl(8, _IOC(_IOC_READ|_IOC_WRITE, 0x46, 0x2a, 0x20), 0x7ffe5ca61240) = 0
3947773 ioctl(8, _IOC(_IOC_READ|_IOC_WRITE, 0x46, 0x2a, 0x20), 0x7ffe5ca61ab0) = 0
3947773 ioctl(8, _IOC(_IOC_READ|_IOC_WRITE, 0x46, 0x2a, 0x20), 0x7ffe5ca61c80) = 0
3947773 ioctl(8, _IOC(_IOC_READ|_IOC_WRITE, 0x46, 0x2a, 0x20), 0x7ffe5ca61970) = 0
3947773 ioctl(8, _IOC(_IOC_READ|_IOC_WRITE, 0x46, 0x2a, 0x20), 0x7ffe5ca61970) = 0
3947773 ioctl(8, _IOC(_IOC_READ|_IOC_WRITE, 0x46, 0x2a, 0x20), 0x7ffe5ca61970) = 0
3947773 ioctl(8, _IOC(_IOC_READ|_IOC_WRITE, 0x46, 0x2a, 0x20), 0x7ffe5ca61970) = 0
3947773 ioctl(8, _IOC(_IOC_READ|_IOC_WRITE, 0x46, 0x2a, 0x20), 0x7ffe5ca61970) = 0
3947773 ioctl(8, _IOC(_IOC_READ|_IOC_WRITE, 0x46, 0x2a, 0x20), 0x7ffe5ca617c0) = 0
3947773 ioctl(8, _IOC(_IOC_READ|_IOC_WRITE, 0x46, 0x2a, 0x20), 0x7ffe5ca61ad0) = 0
3947773 ioctl(8, _IOC(_IOC_READ|_IOC_WRITE, 0x46, 0x2a, 0x20), 0x7ffe5ca61b70) = 0
3947773 ioctl(8, _IOC(_IOC_READ|_IOC_WRITE, 0x46, 0x2a, 0x20), 0x7ffe5ca61c80) = 0
3947773 ioctl(8, _IOC(_IOC_READ|_IOC_WRITE, 0x46, 0x2a, 0x20), 0x7ffe5ca61c80) = 0
3947773 openat(AT_FDCWD, "/dev/nvidia3", O_RDWR|O_CLOEXEC) = 26
3947773 ioctl(26, _IOC(_IOC_READ|_IOC_WRITE, 0x46, 0xc9, 0x4), 0x7ffe5ca62d40) = 0
3947773 ioctl(26, _IOC(_IOC_READ|_IOC_WRITE, 0x46, 0xce, 0x10), 0x7ffe5ca62d30) = 0
3947773 ioctl(8, _IOC(_IOC_READ|_IOC_WRITE, 0x46, 0x2a, 0x20), 0x7ffe5ca619d0) = 0
3947773 ioctl(8, _IOC(_IOC_READ|_IOC_WRITE, 0x46, 0x2a, 0x20), 0x7ffe5ca61bb0) = 0
3947773 ioctl(8, _IOC(_IOC_READ|_IOC_WRITE, 0x46, 0x2a, 0x20), 0x7ffe5ca61bb0) = 0
3947773 ioctl(8, _IOC(_IOC_READ|_IOC_WRITE, 0x46, 0x2a, 0x20), 0x7ffe5ca61bb0) = 0
3947773 ioctl(8, _IOC(_IOC_READ|_IOC_WRITE, 0x46, 0x2a, 0x20), 0x7ffe5ca61bb0) = 0
3947773 ioctl(8, _IOC(_IOC_READ|_IOC_WRITE, 0x46, 0x2a, 0x20), 0x7ffe5ca61bb0) = 0
3947773 ioctl(8, _IOC(_IOC_READ|_IOC_WRITE, 0x46, 0x2a, 0x20), 0x7ffe5ca61bb0) = 0
3947773 ioctl(8, _IOC(_IOC_READ|_IOC_WRITE, 0x46, 0x2a, 0x20), 0x7ffe5ca61bb0) = 0
3947773 ioctl(8, _IOC(_IOC_READ|_IOC_WRITE, 0x46, 0x2a, 0x20), 0x7ffe5ca61ba0) = 0
3947773 ioctl(8, _IOC(_IOC_READ|_IOC_WRITE, 0x46, 0x2a, 0x20), 0x7ffe5ca61b20) = 0
3947773 ioctl(8, _IOC(_IOC_READ|_IOC_WRITE, 0x46, 0x2a, 0x20), 0x7ffe5ca61ab0) = 0
3947773 ioctl(8, _IOC(_IOC_READ|_IOC_WRITE, 0x46, 0x2a, 0x20), 0x7ffe5ca5f600) = 0
3947773 ioctl(8, _IOC(_IOC_READ|_IOC_WRITE, 0x46, 0x2a, 0x20), 0x7ffe5ca606b0) = 0
3947773 ioctl(8, _IOC(_IOC_READ|_IOC_WRITE, 0x46, 0x2a, 0x20), 0x7ffe5ca61cb0) = 0
3947773 ioctl(8, _IOC(_IOC_READ|_IOC_WRITE, 0x46, 0x2a, 0x20), 0x7ffe5ca61b00) = 0
3947773 ioctl(8, _IOC(_IOC_READ|_IOC_WRITE, 0x46, 0x2b, 0x30), 0x7ffe5ca62d20) = 0
3947773 ioctl(8, _IOC(_IOC_READ|_IOC_WRITE, 0x46, 0x2a, 0x20), 0x7ffe5ca61af0) = 0
3947773 openat(AT_FDCWD, "/dev/nvidia3", O_RDWR|O_CLOEXEC) = 27
3947773 ioctl(8, _IOC(_IOC_READ|_IOC_WRITE, 0x46, 0x4e, 0x38), 0x7ffe5ca62cb0) = 0
3947773 close(27)                       = 0
3947773 ioctl(8, _IOC(_IOC_READ|_IOC_WRITE, 0x46, 0x2b, 0x30), 0x7ffe5ca62d30) = 0
3947773 ioctl(8, _IOC(_IOC_READ|_IOC_WRITE, 0x46, 0x2a, 0x20), 0x7ffe5ca61cb0) = 0
3947773 ioctl(8, _IOC(_IOC_READ|_IOC_WRITE, 0x46, 0x2a, 0x20), 0x7ffe5ca61c50) = 0
3947773 ioctl(8, _IOC(_IOC_READ|_IOC_WRITE, 0x46, 0x2b, 0x30), 0x7ffe5ca62da0) = 0
3947773 ioctl(8, _IOC(_IOC_READ|_IOC_WRITE, 0x46, 0x2b, 0x30), 0x7ffe5ca62da0) = 0
3947773 ioctl(8, _IOC(_IOC_READ|_IOC_WRITE, 0x46, 0x2a, 0x20), 0x7ffe5ca61c80) = 0
3947773 ioctl(8, _IOC(_IOC_READ|_IOC_WRITE, 0x46, 0x2a, 0x20), 0x7ffe5ca61be0) = 0
3947773 ioctl(8, _IOC(_IOC_READ|_IOC_WRITE, 0x46, 0x2a, 0x20), 0x7ffe5ca61be0) = 0
3947773 ioctl(8, _IOC(_IOC_READ|_IOC_WRITE, 0x46, 0x2a, 0x20), 0x7ffe5ca61ce0) = 0
3947773 ioctl(8, _IOC(_IOC_READ|_IOC_WRITE, 0x46, 0x2a, 0x20), 0x7ffe5ca61ba0) = 0
3947773 openat(AT_FDCWD, "/sys/bus/pci/devices/0000:e3:00.0/numa_node", O_RDONLY) = 27
3947773 close(27)                       = 0
3947773 ioctl(8, _IOC(_IOC_READ|_IOC_WRITE, 0x46, 0x2a, 0x20), 0x7ffe5ca61e90) = 0
3947773 ioctl(8, _IOC(_IOC_READ|_IOC_WRITE, 0x46, 0x2a, 0x20), 0x7ffe5ca62ff0) = 0
3947773 ioctl(8, _IOC(_IOC_READ|_IOC_WRITE, 0x46, 0x2a, 0x20), 0x7ffe5ca62ff0) = 0
3947773 ioctl(8, _IOC(_IOC_READ|_IOC_WRITE, 0x46, 0x2a, 0x20), 0x7ffe5ca62ff0) = 0
3947773 ioctl(8, _IOC(_IOC_READ|_IOC_WRITE, 0x46, 0x2a, 0x20), 0x7ffe5ca62ff0) = 0
3947773 ioctl(8, _IOC(_IOC_READ|_IOC_WRITE, 0x46, 0x2a, 0x20), 0x7ffe5ca62ff0) = 0
3947773 ioctl(8, _IOC(_IOC_READ|_IOC_WRITE, 0x46, 0x2a, 0x20), 0x7ffe5ca62ff0) = 0
3947773 ioctl(8, _IOC(_IOC_READ|_IOC_WRITE, 0x46, 0x2a, 0x20), 0x7ffe5ca62ff0) = 0
3947773 ioctl(8, _IOC(_IOC_READ|_IOC_WRITE, 0x46, 0x2a, 0x20), 0x7ffe5ca62ff0) = 0
3947773 ioctl(8, _IOC(_IOC_READ|_IOC_WRITE, 0x46, 0x2a, 0x20), 0x7ffe5ca62140) = 0
3947773 ioctl(8, _IOC(_IOC_READ|_IOC_WRITE, 0x46, 0x2a, 0x20), 0x7ffe5ca62140) = 0
3947773 ioctl(8, _IOC(_IOC_READ|_IOC_WRITE, 0x46, 0x2a, 0x20), 0x7ffe5ca62140) = 0
3947773 ioctl(8, _IOC(_IOC_READ|_IOC_WRITE, 0x46, 0x2a, 0x20), 0x7ffe5ca62140) = 0
3947773 ioctl(8, _IOC(_IOC_READ|_IOC_WRITE, 0x46, 0x2a, 0x20), 0x7ffe5ca62140) = 0
3947773 ioctl(8, _IOC(_IOC_READ|_IOC_WRITE, 0x46, 0x2a, 0x20), 0x7ffe5ca629c0) = 0
3947773 ioctl(8, _IOC(_IOC_READ|_IOC_WRITE, 0x46, 0x2a, 0x20), 0x7ffe5ca611c0) = 0
3947773 ioctl(8, _IOC(_IOC_READ|_IOC_WRITE, 0x46, 0x2a, 0x20), 0x7ffe5ca629c0) = 0
3947773 ioctl(8, _IOC(_IOC_READ|_IOC_WRITE, 0x46, 0x2a, 0x20), 0x7ffe5ca611c0) = 0
3947773 ioctl(8, _IOC(_IOC_READ|_IOC_WRITE, 0x46, 0x2a, 0x20), 0x7ffe5ca629c0) = 0
3947773 ioctl(8, _IOC(_IOC_READ|_IOC_WRITE, 0x46, 0x2a, 0x20), 0x7ffe5ca611c0) = 0
3947773 ioctl(8, _IOC(_IOC_READ|_IOC_WRITE, 0x46, 0x2a, 0x20), 0x7ffe5ca629c0) = 0
3947773 ioctl(8, _IOC(_IOC_READ|_IOC_WRITE, 0x46, 0x2a, 0x20), 0x7ffe5ca611c0) = 0
3947773 ioctl(9, _IOC(_IOC_NONE, 0, 0x25, 0), 0x7ffe5ca64890) = 0
3947773 ioctl(9, _IOC(_IOC_NONE, 0, 0x46, 0), 0x7ffe5ca64900) = 0
3947773 ioctl(9, _IOC(_IOC_NONE, 0, 0x25, 0), 0x7ffe5ca64890) = 0
3947773 ioctl(9, _IOC(_IOC_NONE, 0, 0x46, 0), 0x7ffe5ca64900) = 0
3947773 ioctl(9, _IOC(_IOC_NONE, 0, 0x25, 0), 0x7ffe5ca64890) = 0
3947773 ioctl(9, _IOC(_IOC_NONE, 0, 0x46, 0), 0x7ffe5ca64900) = 0
3947773 ioctl(9, _IOC(_IOC_NONE, 0, 0x25, 0), 0x7ffe5ca64890) = 0
3947773 ioctl(9, _IOC(_IOC_NONE, 0, 0x46, 0), 0x7ffe5ca64900) = 0
3947773 ioctl(9, _IOC(_IOC_NONE, 0, 0x17, 0), 0x7ffe5ca64d60) = 0
3947773 ioctl(8, _IOC(_IOC_READ|_IOC_WRITE, 0x46, 0x2b, 0x30), 0x7ffe5ca64ac0) = 0
3947773 ioctl(8, _IOC(_IOC_READ|_IOC_WRITE, 0x46, 0x2b, 0x30), 0x7ffe5ca64ac0) = 0
3947773 ioctl(8, _IOC(_IOC_READ|_IOC_WRITE, 0x46, 0x2b, 0x30), 0x7ffe5ca64ac0) = 0
3947773 ioctl(8, _IOC(_IOC_READ|_IOC_WRITE, 0x46, 0x2b, 0x30), 0x7ffe5ca64ac0) = 0
3947773 ioctl(8, _IOC(_IOC_READ|_IOC_WRITE, 0x46, 0x2b, 0x30), 0x7ffe5ca64d00) = 0
3947773 ioctl(8, _IOC(_IOC_READ|_IOC_WRITE, 0x46, 0x2a, 0x20), 0x7ffe5ca63be0) = 0
3947773 ioctl(8, _IOC(_IOC_READ|_IOC_WRITE, 0x46, 0x2b, 0x30), 0x7ffe5ca64d00) = 0
3947773 ioctl(8, _IOC(_IOC_READ|_IOC_WRITE, 0x46, 0x2a, 0x20), 0x7ffe5ca63be0) = 0
3947773 ioctl(8, _IOC(_IOC_READ|_IOC_WRITE, 0x46, 0x2b, 0x30), 0x7ffe5ca64d00) = 0
3947773 ioctl(8, _IOC(_IOC_READ|_IOC_WRITE, 0x46, 0x2a, 0x20), 0x7ffe5ca63be0) = 0
3947773 ioctl(8, _IOC(_IOC_READ|_IOC_WRITE, 0x46, 0x2b, 0x30), 0x7ffe5ca64d00) = 0
3947773 ioctl(8, _IOC(_IOC_READ|_IOC_WRITE, 0x46, 0x2a, 0x20), 0x7ffe5ca63be0) = 0
3947773 ioctl(8, _IOC(_IOC_READ|_IOC_WRITE, 0x46, 0x2a, 0x20), 0x7ffe5ca63330) = 0
3947773 ioctl(8, _IOC(_IOC_READ|_IOC_WRITE, 0x46, 0x2a, 0x20), 0x7ffe5ca63340) = 0
3947773 ioctl(8, _IOC(_IOC_READ|_IOC_WRITE, 0x46, 0x2a, 0x20), 0x7ffe5ca63370) = 0
3947773 ioctl(9, _IOC(_IOC_NONE, 0, 0x19, 0), 0x7ffe5ca64450) = 0
3947773 ioctl(8, _IOC(_IOC_READ|_IOC_WRITE, 0x46, 0x2b, 0x30), 0x7ffe5ca63720) = 0
3947773 ioctl(9, _IOC(_IOC_NONE, 0, 0x49, 0), 0x7ffe5ca63400) = 0
3947773 ioctl(9, _IOC(_IOC_NONE, 0, 0x21, 0), 0x7ffe5ca60ff0) = 0
3947773 ioctl(8, _IOC(_IOC_READ|_IOC_WRITE, 0x46, 0x2b, 0x30), 0x7ffe5ca63600) = 0
3947773 ioctl(9, _IOC(_IOC_NONE, 0, 0x49, 0), 0x7ffe5ca632e0) = 0
3947773 ioctl(9, _IOC(_IOC_NONE, 0, 0x21, 0), 0x7ffe5ca60ed0) = 0
3947773 ioctl(8, _IOC(_IOC_READ|_IOC_WRITE, 0x46, 0x2b, 0x30), 0x7ffe5ca63600) = 0
3947773 ioctl(9, _IOC(_IOC_NONE, 0, 0x49, 0), 0x7ffe5ca632e0) = 0
3947773 ioctl(9, _IOC(_IOC_NONE, 0, 0x21, 0), 0x7ffe5ca60ed0) = 0
3947773 ioctl(8, _IOC(_IOC_READ|_IOC_WRITE, 0x46, 0x2b, 0x30), 0x7ffe5ca63800) = 0
3947773 ioctl(9, _IOC(_IOC_NONE, 0, 0x49, 0), 0x7ffe5ca634e0) = 0
3947773 ioctl(9, _IOC(_IOC_NONE, 0, 0x21, 0), 0x7ffe5ca610d0) = 0
3947773 ioctl(8, _IOC(_IOC_READ|_IOC_WRITE, 0x46, 0x2b, 0x30), 0x7ffe5ca640e0) = 0
3947773 ioctl(8, _IOC(_IOC_READ|_IOC_WRITE, 0x46, 0x2b, 0x30), 0x7ffe5ca640d0) = 0
3947773 ioctl(8, _IOC(_IOC_READ|_IOC_WRITE, 0x46, 0x2b, 0x30), 0x7ffe5ca62fb0) = 0
3947773 ioctl(8, _IOC(_IOC_READ|_IOC_WRITE, 0x46, 0x2a, 0x20), 0x7ffe5ca61e70) = 0
3947773 openat(AT_FDCWD, "/dev/nvidia0", O_RDWR|O_CLOEXEC) = 29
3947773 ioctl(8, _IOC(_IOC_READ|_IOC_WRITE, 0x46, 0x4e, 0x38), 0x7ffe5ca63030) = 0
3947773 ioctl(8, _IOC(_IOC_READ|_IOC_WRITE, 0x46, 0x5e, 0x28), 0x7ffe5ca63000) = 0
3947773 close(29)                       = 0
3947773 ioctl(9, _IOC(_IOC_NONE, 0, 0x49, 0), 0x7ffe5ca62c90) = 0
3947773 ioctl(9, _IOC(_IOC_NONE, 0, 0x21, 0), 0x7ffe5ca60880) = 0
3947773 ioctl(8, _IOC(_IOC_READ|_IOC_WRITE, 0x46, 0x2b, 0x30), 0x7ffe5ca62dd0) = 0
3947773 ioctl(8, _IOC(_IOC_READ|_IOC_WRITE, 0x46, 0x2a, 0x20), 0x7ffe5ca61c90) = 0
3947773 openat(AT_FDCWD, "/dev/nvidiactl", O_RDWR|O_CLOEXEC) = 29
3947773 ioctl(8, _IOC(_IOC_READ|_IOC_WRITE, 0x46, 0x4e, 0x38), 0x7ffe5ca62e50) = 0
3947773 close(29)                       = 0
3947773 ioctl(9, _IOC(_IOC_NONE, 0, 0x49, 0), 0x7ffe5ca62ab0) = 0
3947773 ioctl(9, _IOC(_IOC_NONE, 0, 0x21, 0), 0x7ffe5ca606a0) = 0
3947773 ioctl(8, _IOC(_IOC_READ|_IOC_WRITE, 0x46, 0x2b, 0x30), 0x7ffe5ca63130) = 0
3947773 ioctl(8, _IOC(_IOC_READ|_IOC_WRITE, 0x46, 0x2a, 0x20), 0x7ffe5ca61ff0) = 0
3947773 openat(AT_FDCWD, "/dev/nvidiactl", O_RDWR|O_CLOEXEC) = 29
3947773 ioctl(8, _IOC(_IOC_READ|_IOC_WRITE, 0x46, 0x4e, 0x38), 0x7ffe5ca631b0) = 0
3947773 close(29)                       = 0
3947773 ioctl(8, _IOC(_IOC_READ|_IOC_WRITE, 0x46, 0x2b, 0x30), 0x7ffe5ca63ad0) = 0
3947773 ioctl(8, _IOC(_IOC_READ|_IOC_WRITE, 0x46, 0x2a, 0x20), 0x7ffe5ca62b40) = 0
3947773 ioctl(8, _IOC(_IOC_READ|_IOC_WRITE, 0x46, 0x2b, 0x30), 0x7ffe5ca63be0) = 0
3947773 ioctl(8, _IOC(_IOC_READ|_IOC_WRITE, 0x46, 0x2a, 0x20), 0x7ffe5ca62b00) = 0
3947773 ioctl(8, _IOC(_IOC_READ|_IOC_WRITE, 0x46, 0x2b, 0x30), 0x7ffe5ca63be0) = 0
3947773 ioctl(8, _IOC(_IOC_READ|_IOC_WRITE, 0x46, 0x2a, 0x20), 0x7ffe5ca62b00) = 0
3947773 ioctl(8, _IOC(_IOC_READ|_IOC_WRITE, 0x46, 0x2a, 0x20), 0x7ffe5ca62b50) = 0
3947773 ioctl(8, _IOC(_IOC_READ|_IOC_WRITE, 0x46, 0x2a, 0x20), 0x7ffe5ca62b50) = 0
3947773 ioctl(8, _IOC(_IOC_READ|_IOC_WRITE, 0x46, 0x2b, 0x30), 0x7ffe5ca634d0) = 0
3947773 ioctl(8, _IOC(_IOC_READ|_IOC_WRITE, 0x46, 0x2a, 0x20), 0x7ffe5ca62390) = 0
3947773 openat(AT_FDCWD, "/dev/nvidiactl", O_RDWR|O_CLOEXEC) = 29
3947773 ioctl(8, _IOC(_IOC_READ|_IOC_WRITE, 0x46, 0x4e, 0x38), 0x7ffe5ca63550) = 0
3947773 close(29)                       = 0
3947773 ioctl(9, _IOC(_IOC_NONE, 0, 0x49, 0), 0x7ffe5ca631b0) = 0
3947773 ioctl(9, _IOC(_IOC_NONE, 0, 0x21, 0), 0x7ffe5ca60da0) = 0
3947773 ioctl(8, _IOC(_IOC_READ|_IOC_WRITE, 0x46, 0x2b, 0x30), 0x7ffe5ca63130) = 0
3947773 ioctl(8, _IOC(_IOC_READ|_IOC_WRITE, 0x46, 0x2a, 0x20), 0x7ffe5ca61ff0) = 0
3947773 openat(AT_FDCWD, "/dev/nvidiactl", O_RDWR|O_CLOEXEC) = 29
3947773 ioctl(8, _IOC(_IOC_READ|_IOC_WRITE, 0x46, 0x4e, 0x38), 0x7ffe5ca631b0) = 0
3947773 close(29)                       = 0
3947773 ioctl(8, _IOC(_IOC_READ|_IOC_WRITE, 0x46, 0x2b, 0x30), 0x7ffe5ca63ad0) = 0
3947773 ioctl(8, _IOC(_IOC_READ|_IOC_WRITE, 0x46, 0x2a, 0x20), 0x7ffe5ca62b40) = 0
3947773 ioctl(8, _IOC(_IOC_READ|_IOC_WRITE, 0x46, 0x2b, 0x30), 0x7ffe5ca63be0) = 0
3947773 ioctl(8, _IOC(_IOC_READ|_IOC_WRITE, 0x46, 0x2a, 0x20), 0x7ffe5ca62b00) = 0
3947773 ioctl(8, _IOC(_IOC_READ|_IOC_WRITE, 0x46, 0x2b, 0x30), 0x7ffe5ca63be0) = 0
3947773 ioctl(8, _IOC(_IOC_READ|_IOC_WRITE, 0x46, 0x2a, 0x20), 0x7ffe5ca62b00) = 0
3947773 ioctl(8, _IOC(_IOC_READ|_IOC_WRITE, 0x46, 0x2a, 0x20), 0x7ffe5ca62b50) = 0
3947773 ioctl(8, _IOC(_IOC_READ|_IOC_WRITE, 0x46, 0x2a, 0x20), 0x7ffe5ca62b50) = 0
3947773 ioctl(8, _IOC(_IOC_READ|_IOC_WRITE, 0x46, 0x2b, 0x30), 0x7ffe5ca63130) = 0
3947773 ioctl(8, _IOC(_IOC_READ|_IOC_WRITE, 0x46, 0x2a, 0x20), 0x7ffe5ca61ff0) = 0
3947773 openat(AT_FDCWD, "/dev/nvidiactl", O_RDWR|O_CLOEXEC) = 29
3947773 ioctl(8, _IOC(_IOC_READ|_IOC_WRITE, 0x46, 0x4e, 0x38), 0x7ffe5ca631b0) = 0
3947773 close(29)                       = 0
3947773 ioctl(8, _IOC(_IOC_READ|_IOC_WRITE, 0x46, 0x2b, 0x30), 0x7ffe5ca63ad0) = 0
3947773 ioctl(8, _IOC(_IOC_READ|_IOC_WRITE, 0x46, 0x2a, 0x20), 0x7ffe5ca62b40) = 0
3947773 ioctl(8, _IOC(_IOC_READ|_IOC_WRITE, 0x46, 0x2b, 0x30), 0x7ffe5ca63be0) = 0
3947773 ioctl(8, _IOC(_IOC_READ|_IOC_WRITE, 0x46, 0x2a, 0x20), 0x7ffe5ca62b00) = 0
3947773 ioctl(8, _IOC(_IOC_READ|_IOC_WRITE, 0x46, 0x2b, 0x30), 0x7ffe5ca63be0) = 0
3947773 ioctl(8, _IOC(_IOC_READ|_IOC_WRITE, 0x46, 0x2a, 0x20), 0x7ffe5ca62b00) = 0
3947773 ioctl(8, _IOC(_IOC_READ|_IOC_WRITE, 0x46, 0x2a, 0x20), 0x7ffe5ca62b50) = 0
3947773 ioctl(8, _IOC(_IOC_READ|_IOC_WRITE, 0x46, 0x2a, 0x20), 0x7ffe5ca62b50) = 0
3947773 ioctl(8, _IOC(_IOC_READ|_IOC_WRITE, 0x46, 0x2b, 0x30), 0x7ffe5ca63130) = 0
3947773 ioctl(8, _IOC(_IOC_READ|_IOC_WRITE, 0x46, 0x2a, 0x20), 0x7ffe5ca61ff0) = 0
3947773 openat(AT_FDCWD, "/dev/nvidiactl", O_RDWR|O_CLOEXEC) = 29
3947773 ioctl(8, _IOC(_IOC_READ|_IOC_WRITE, 0x46, 0x4e, 0x38), 0x7ffe5ca631b0) = 0
3947773 close(29)                       = 0
3947773 ioctl(8, _IOC(_IOC_READ|_IOC_WRITE, 0x46, 0x2b, 0x30), 0x7ffe5ca63ad0) = 0
3947773 ioctl(8, _IOC(_IOC_READ|_IOC_WRITE, 0x46, 0x2a, 0x20), 0x7ffe5ca62b40) = 0
3947773 ioctl(8, _IOC(_IOC_READ|_IOC_WRITE, 0x46, 0x2b, 0x30), 0x7ffe5ca63be0) = 0
3947773 ioctl(8, _IOC(_IOC_READ|_IOC_WRITE, 0x46, 0x2a, 0x20), 0x7ffe5ca62b00) = 0
3947773 ioctl(8, _IOC(_IOC_READ|_IOC_WRITE, 0x46, 0x2b, 0x30), 0x7ffe5ca63be0) = 0
3947773 ioctl(8, _IOC(_IOC_READ|_IOC_WRITE, 0x46, 0x2a, 0x20), 0x7ffe5ca62b00) = 0
3947773 ioctl(8, _IOC(_IOC_READ|_IOC_WRITE, 0x46, 0x2a, 0x20), 0x7ffe5ca62b50) = 0
3947773 ioctl(8, _IOC(_IOC_READ|_IOC_WRITE, 0x46, 0x2a, 0x20), 0x7ffe5ca62b50) = 0
3947773 ioctl(8, _IOC(_IOC_READ|_IOC_WRITE, 0x46, 0x2b, 0x30), 0x7ffe5ca63130) = 0
3947773 ioctl(8, _IOC(_IOC_READ|_IOC_WRITE, 0x46, 0x2a, 0x20), 0x7ffe5ca61ff0) = 0
3947773 openat(AT_FDCWD, "/dev/nvidiactl", O_RDWR|O_CLOEXEC) = 29
3947773 ioctl(8, _IOC(_IOC_READ|_IOC_WRITE, 0x46, 0x4e, 0x38), 0x7ffe5ca631b0) = 0
3947773 close(29)                       = 0
3947773 ioctl(8, _IOC(_IOC_READ|_IOC_WRITE, 0x46, 0x2b, 0x30), 0x7ffe5ca63ad0) = 0
3947773 ioctl(8, _IOC(_IOC_READ|_IOC_WRITE, 0x46, 0x2a, 0x20), 0x7ffe5ca62b40) = 0
3947773 ioctl(8, _IOC(_IOC_READ|_IOC_WRITE, 0x46, 0x2b, 0x30), 0x7ffe5ca63be0) = 0
3947773 ioctl(8, _IOC(_IOC_READ|_IOC_WRITE, 0x46, 0x2a, 0x20), 0x7ffe5ca62b00) = 0
3947773 ioctl(8, _IOC(_IOC_READ|_IOC_WRITE, 0x46, 0x2b, 0x30), 0x7ffe5ca63be0) = 0
3947773 ioctl(8, _IOC(_IOC_READ|_IOC_WRITE, 0x46, 0x2a, 0x20), 0x7ffe5ca62b00) = 0
3947773 ioctl(8, _IOC(_IOC_READ|_IOC_WRITE, 0x46, 0x2a, 0x20), 0x7ffe5ca62b50) = 0
3947773 ioctl(8, _IOC(_IOC_READ|_IOC_WRITE, 0x46, 0x2a, 0x20), 0x7ffe5ca62b50) = 0
3947773 ioctl(8, _IOC(_IOC_READ|_IOC_WRITE, 0x46, 0x2b, 0x30), 0x7ffe5ca63130) = 0
3947773 ioctl(8, _IOC(_IOC_READ|_IOC_WRITE, 0x46, 0x2a, 0x20), 0x7ffe5ca61ff0) = 0
3947773 openat(AT_FDCWD, "/dev/nvidiactl", O_RDWR|O_CLOEXEC) = 29
3947773 ioctl(8, _IOC(_IOC_READ|_IOC_WRITE, 0x46, 0x4e, 0x38), 0x7ffe5ca631b0) = 0
3947773 close(29)                       = 0
3947773 ioctl(8, _IOC(_IOC_READ|_IOC_WRITE, 0x46, 0x2b, 0x30), 0x7ffe5ca63ad0) = 0
3947773 ioctl(8, _IOC(_IOC_READ|_IOC_WRITE, 0x46, 0x2a, 0x20), 0x7ffe5ca62b40) = 0
3947773 ioctl(8, _IOC(_IOC_READ|_IOC_WRITE, 0x46, 0x2b, 0x30), 0x7ffe5ca63be0) = 0
3947773 ioctl(8, _IOC(_IOC_READ|_IOC_WRITE, 0x46, 0x2a, 0x20), 0x7ffe5ca62b00) = 0
3947773 ioctl(8, _IOC(_IOC_READ|_IOC_WRITE, 0x46, 0x2b, 0x30), 0x7ffe5ca63be0) = 0
3947773 ioctl(8, _IOC(_IOC_READ|_IOC_WRITE, 0x46, 0x2a, 0x20), 0x7ffe5ca62b00) = 0
3947773 ioctl(8, _IOC(_IOC_READ|_IOC_WRITE, 0x46, 0x2a, 0x20), 0x7ffe5ca62b50) = 0
3947773 ioctl(8, _IOC(_IOC_READ|_IOC_WRITE, 0x46, 0x2a, 0x20), 0x7ffe5ca62b50) = 0
3947773 ioctl(8, _IOC(_IOC_READ|_IOC_WRITE, 0x46, 0x2b, 0x30), 0x7ffe5ca63130) = 0
3947773 ioctl(8, _IOC(_IOC_READ|_IOC_WRITE, 0x46, 0x2a, 0x20), 0x7ffe5ca61ff0) = 0
3947773 openat(AT_FDCWD, "/dev/nvidiactl", O_RDWR|O_CLOEXEC) = 29
3947773 ioctl(8, _IOC(_IOC_READ|_IOC_WRITE, 0x46, 0x4e, 0x38), 0x7ffe5ca631b0) = 0
3947773 close(29)                       = 0
3947773 ioctl(8, _IOC(_IOC_READ|_IOC_WRITE, 0x46, 0x2b, 0x30), 0x7ffe5ca63ad0) = 0
3947773 ioctl(8, _IOC(_IOC_READ|_IOC_WRITE, 0x46, 0x2a, 0x20), 0x7ffe5ca62b40) = 0
3947773 ioctl(8, _IOC(_IOC_READ|_IOC_WRITE, 0x46, 0x2b, 0x30), 0x7ffe5ca63be0) = 0
3947773 ioctl(8, _IOC(_IOC_READ|_IOC_WRITE, 0x46, 0x2a, 0x20), 0x7ffe5ca62b00) = 0
3947773 ioctl(8, _IOC(_IOC_READ|_IOC_WRITE, 0x46, 0x2b, 0x30), 0x7ffe5ca63be0) = 0
3947773 ioctl(8, _IOC(_IOC_READ|_IOC_WRITE, 0x46, 0x2a, 0x20), 0x7ffe5ca62b00) = 0
3947773 ioctl(8, _IOC(_IOC_READ|_IOC_WRITE, 0x46, 0x2a, 0x20), 0x7ffe5ca62b50) = 0
3947773 ioctl(8, _IOC(_IOC_READ|_IOC_WRITE, 0x46, 0x2a, 0x20), 0x7ffe5ca62b50) = 0
3947773 ioctl(8, _IOC(_IOC_READ|_IOC_WRITE, 0x46, 0x2b, 0x30), 0x7ffe5ca63130) = 0
3947773 ioctl(8, _IOC(_IOC_READ|_IOC_WRITE, 0x46, 0x2a, 0x20), 0x7ffe5ca61ff0) = 0
3947773 openat(AT_FDCWD, "/dev/nvidiactl", O_RDWR|O_CLOEXEC) = 29
3947773 ioctl(8, _IOC(_IOC_READ|_IOC_WRITE, 0x46, 0x4e, 0x38), 0x7ffe5ca631b0) = 0
3947773 close(29)                       = 0
3947773 ioctl(8, _IOC(_IOC_READ|_IOC_WRITE, 0x46, 0x2b, 0x30), 0x7ffe5ca63ad0) = 0
3947773 ioctl(8, _IOC(_IOC_READ|_IOC_WRITE, 0x46, 0x2a, 0x20), 0x7ffe5ca62b40) = 0
3947773 ioctl(8, _IOC(_IOC_READ|_IOC_WRITE, 0x46, 0x2b, 0x30), 0x7ffe5ca63be0) = 0
3947773 ioctl(8, _IOC(_IOC_READ|_IOC_WRITE, 0x46, 0x2a, 0x20), 0x7ffe5ca62b00) = 0
3947773 ioctl(8, _IOC(_IOC_READ|_IOC_WRITE, 0x46, 0x2b, 0x30), 0x7ffe5ca63be0) = 0
3947773 ioctl(8, _IOC(_IOC_READ|_IOC_WRITE, 0x46, 0x2a, 0x20), 0x7ffe5ca62b00) = 0
3947773 ioctl(8, _IOC(_IOC_READ|_IOC_WRITE, 0x46, 0x2a, 0x20), 0x7ffe5ca62b50) = 0
3947773 ioctl(8, _IOC(_IOC_READ|_IOC_WRITE, 0x46, 0x2a, 0x20), 0x7ffe5ca62b50) = 0
3947773 ioctl(9, _IOC(_IOC_NONE, 0, 0x1b, 0), 0x7ffe5ca64290) = 0
3947773 ioctl(9, _IOC(_IOC_NONE, 0, 0x1b, 0), 0x7ffe5ca64290) = 0
3947773 ioctl(9, _IOC(_IOC_NONE, 0, 0x1b, 0), 0x7ffe5ca64290) = 0
3947773 ioctl(9, _IOC(_IOC_NONE, 0, 0x1b, 0), 0x7ffe5ca64290) = 0
3947773 ioctl(9, _IOC(_IOC_NONE, 0, 0x1b, 0), 0x7ffe5ca64290) = 0
3947773 ioctl(9, _IOC(_IOC_NONE, 0, 0x1b, 0), 0x7ffe5ca64290) = 0
3947773 ioctl(9, _IOC(_IOC_NONE, 0, 0x1b, 0), 0x7ffe5ca64290) = 0
3947773 ioctl(9, _IOC(_IOC_NONE, 0, 0x1b, 0), 0x7ffe5ca64290) = 0
3947773 ioctl(8, _IOC(_IOC_READ|_IOC_WRITE, 0x46, 0x2a, 0x20), 0x7ffe5ca631a0) = 0
3947773 openat(AT_FDCWD, "/dev/nvidia0", O_RDWR|O_CLOEXEC) = 29
3947773 ioctl(29, _IOC(_IOC_READ|_IOC_WRITE, 0x46, 0xc9, 0x4), 0x7ffe5ca64190) = 0
3947773 ioctl(29, _IOC(_IOC_READ|_IOC_WRITE, 0x46, 0xce, 0x10), 0x7ffe5ca64180) = 0
3947773 ioctl(29, _IOC(_IOC_READ|_IOC_WRITE, 0x46, 0x2b, 0x30), 0x7ffe5ca64170) = 0
3947773 ioctl(8, _IOC(_IOC_READ|_IOC_WRITE, 0x46, 0x2b, 0x30), 0x7ffe5ca640e0) = 0
3947773 ioctl(8, _IOC(_IOC_READ|_IOC_WRITE, 0x46, 0x2b, 0x30), 0x7ffe5ca63130) = 0
3947773 ioctl(8, _IOC(_IOC_READ|_IOC_WRITE, 0x46, 0x2a, 0x20), 0x7ffe5ca61ff0) = 0
3947773 openat(AT_FDCWD, "/dev/nvidiactl", O_RDWR|O_CLOEXEC) = 31
3947773 ioctl(8, _IOC(_IOC_READ|_IOC_WRITE, 0x46, 0x4e, 0x38), 0x7ffe5ca631b0) = 0
3947773 close(31)                       = 0
3947773 ioctl(8, _IOC(_IOC_READ|_IOC_WRITE, 0x46, 0x2b, 0x30), 0x7ffe5ca63ad0) = 0
3947773 ioctl(8, _IOC(_IOC_READ|_IOC_WRITE, 0x46, 0x2a, 0x20), 0x7ffe5ca62b40) = 0
3947773 ioctl(8, _IOC(_IOC_READ|_IOC_WRITE, 0x46, 0x2b, 0x30), 0x7ffe5ca63be0) = 0
3947773 ioctl(8, _IOC(_IOC_READ|_IOC_WRITE, 0x46, 0x2a, 0x20), 0x7ffe5ca62b00) = 0
3947773 ioctl(8, _IOC(_IOC_READ|_IOC_WRITE, 0x46, 0x2a, 0x20), 0x7ffe5ca62b50) = 0
3947773 ioctl(8, _IOC(_IOC_READ|_IOC_WRITE, 0x46, 0x2b, 0x30), 0x7ffe5ca63130) = 0
3947773 ioctl(8, _IOC(_IOC_READ|_IOC_WRITE, 0x46, 0x2a, 0x20), 0x7ffe5ca61ff0) = 0
3947773 openat(AT_FDCWD, "/dev/nvidiactl", O_RDWR|O_CLOEXEC) = 31
3947773 ioctl(8, _IOC(_IOC_READ|_IOC_WRITE, 0x46, 0x4e, 0x38), 0x7ffe5ca631b0) = 0
3947773 close(31)                       = 0
3947773 ioctl(8, _IOC(_IOC_READ|_IOC_WRITE, 0x46, 0x2b, 0x30), 0x7ffe5ca63ad0) = 0
3947773 ioctl(8, _IOC(_IOC_READ|_IOC_WRITE, 0x46, 0x2a, 0x20), 0x7ffe5ca62b40) = 0
3947773 ioctl(8, _IOC(_IOC_READ|_IOC_WRITE, 0x46, 0x2b, 0x30), 0x7ffe5ca63be0) = 0
3947773 ioctl(8, _IOC(_IOC_READ|_IOC_WRITE, 0x46, 0x2a, 0x20), 0x7ffe5ca62b00) = 0
3947773 ioctl(8, _IOC(_IOC_READ|_IOC_WRITE, 0x46, 0x2a, 0x20), 0x7ffe5ca62b50) = 0
3947773 ioctl(8, _IOC(_IOC_READ|_IOC_WRITE, 0x46, 0x2b, 0x30), 0x7ffe5ca63130) = 0
3947773 ioctl(8, _IOC(_IOC_READ|_IOC_WRITE, 0x46, 0x2a, 0x20), 0x7ffe5ca61ff0) = 0
3947773 openat(AT_FDCWD, "/dev/nvidiactl", O_RDWR|O_CLOEXEC) = 31
3947773 ioctl(8, _IOC(_IOC_READ|_IOC_WRITE, 0x46, 0x4e, 0x38), 0x7ffe5ca631b0) = 0
3947773 close(31)                       = 0
3947773 ioctl(8, _IOC(_IOC_READ|_IOC_WRITE, 0x46, 0x2b, 0x30), 0x7ffe5ca63ad0) = 0
3947773 ioctl(8, _IOC(_IOC_READ|_IOC_WRITE, 0x46, 0x2a, 0x20), 0x7ffe5ca62b40) = 0
3947773 ioctl(8, _IOC(_IOC_READ|_IOC_WRITE, 0x46, 0x2b, 0x30), 0x7ffe5ca63be0) = 0
3947773 ioctl(8, _IOC(_IOC_READ|_IOC_WRITE, 0x46, 0x2a, 0x20), 0x7ffe5ca62b00) = 0
3947773 ioctl(8, _IOC(_IOC_READ|_IOC_WRITE, 0x46, 0x2a, 0x20), 0x7ffe5ca62b50) = 0
3947773 ioctl(8, _IOC(_IOC_READ|_IOC_WRITE, 0x46, 0x2b, 0x30), 0x7ffe5ca63130) = 0
3947773 ioctl(8, _IOC(_IOC_READ|_IOC_WRITE, 0x46, 0x2a, 0x20), 0x7ffe5ca61ff0) = 0
3947773 openat(AT_FDCWD, "/dev/nvidiactl", O_RDWR|O_CLOEXEC) = 31
3947773 ioctl(8, _IOC(_IOC_READ|_IOC_WRITE, 0x46, 0x4e, 0x38), 0x7ffe5ca631b0) = 0
3947773 close(31)                       = 0
3947773 ioctl(8, _IOC(_IOC_READ|_IOC_WRITE, 0x46, 0x2b, 0x30), 0x7ffe5ca63ad0) = 0
3947773 ioctl(8, _IOC(_IOC_READ|_IOC_WRITE, 0x46, 0x2a, 0x20), 0x7ffe5ca62b40) = 0
3947773 ioctl(8, _IOC(_IOC_READ|_IOC_WRITE, 0x46, 0x2b, 0x30), 0x7ffe5ca63be0) = 0
3947773 ioctl(8, _IOC(_IOC_READ|_IOC_WRITE, 0x46, 0x2a, 0x20), 0x7ffe5ca62b00) = 0
3947773 ioctl(8, _IOC(_IOC_READ|_IOC_WRITE, 0x46, 0x2a, 0x20), 0x7ffe5ca62b50) = 0
3947773 ioctl(9, _IOC(_IOC_NONE, 0, 0x1b, 0), 0x7ffe5ca64290) = 0
3947773 ioctl(9, _IOC(_IOC_NONE, 0, 0x1b, 0), 0x7ffe5ca64290) = 0
3947773 ioctl(9, _IOC(_IOC_NONE, 0, 0x1b, 0), 0x7ffe5ca64290) = 0
3947773 ioctl(9, _IOC(_IOC_NONE, 0, 0x1b, 0), 0x7ffe5ca64290) = 0
3947773 ioctl(8, _IOC(_IOC_READ|_IOC_WRITE, 0x46, 0x2a, 0x20), 0x7ffe5ca631a0) = 0
3947773 openat(AT_FDCWD, "/dev/nvidia0", O_RDWR|O_CLOEXEC) = 31
3947773 ioctl(31, _IOC(_IOC_READ|_IOC_WRITE, 0x46, 0xc9, 0x4), 0x7ffe5ca64190) = 0
3947773 ioctl(31, _IOC(_IOC_READ|_IOC_WRITE, 0x46, 0xce, 0x10), 0x7ffe5ca64180) = 0
3947773 ioctl(31, _IOC(_IOC_READ|_IOC_WRITE, 0x46, 0x2b, 0x30), 0x7ffe5ca64170) = 0
3947773 ioctl(8, _IOC(_IOC_READ|_IOC_WRITE, 0x46, 0x2b, 0x30), 0x7ffe5ca640e0) = 0
3947773 ioctl(8, _IOC(_IOC_READ|_IOC_WRITE, 0x46, 0x2b, 0x30), 0x7ffe5ca63130) = 0
3947773 ioctl(8, _IOC(_IOC_READ|_IOC_WRITE, 0x46, 0x2a, 0x20), 0x7ffe5ca61ff0) = 0
3947773 openat(AT_FDCWD, "/dev/nvidiactl", O_RDWR|O_CLOEXEC) = 33
3947773 ioctl(8, _IOC(_IOC_READ|_IOC_WRITE, 0x46, 0x4e, 0x38), 0x7ffe5ca631b0) = 0
3947773 close(33)                       = 0
3947773 ioctl(8, _IOC(_IOC_READ|_IOC_WRITE, 0x46, 0x2b, 0x30), 0x7ffe5ca63ad0) = 0
3947773 ioctl(8, _IOC(_IOC_READ|_IOC_WRITE, 0x46, 0x2a, 0x20), 0x7ffe5ca62b40) = 0
3947773 ioctl(8, _IOC(_IOC_READ|_IOC_WRITE, 0x46, 0x2b, 0x30), 0x7ffe5ca63be0) = 0
3947773 ioctl(8, _IOC(_IOC_READ|_IOC_WRITE, 0x46, 0x2a, 0x20), 0x7ffe5ca62b00) = 0
3947773 ioctl(8, _IOC(_IOC_READ|_IOC_WRITE, 0x46, 0x2a, 0x20), 0x7ffe5ca62b50) = 0
3947773 ioctl(8, _IOC(_IOC_READ|_IOC_WRITE, 0x46, 0x2b, 0x30), 0x7ffe5ca63130) = 0
3947773 ioctl(8, _IOC(_IOC_READ|_IOC_WRITE, 0x46, 0x2a, 0x20), 0x7ffe5ca61ff0) = 0
3947773 openat(AT_FDCWD, "/dev/nvidiactl", O_RDWR|O_CLOEXEC) = 33
3947773 ioctl(8, _IOC(_IOC_READ|_IOC_WRITE, 0x46, 0x4e, 0x38), 0x7ffe5ca631b0) = 0
3947773 close(33)                       = 0
3947773 ioctl(8, _IOC(_IOC_READ|_IOC_WRITE, 0x46, 0x2b, 0x30), 0x7ffe5ca63ad0) = 0
3947773 ioctl(8, _IOC(_IOC_READ|_IOC_WRITE, 0x46, 0x2a, 0x20), 0x7ffe5ca62b40) = 0
3947773 ioctl(8, _IOC(_IOC_READ|_IOC_WRITE, 0x46, 0x2b, 0x30), 0x7ffe5ca63be0) = 0
3947773 ioctl(8, _IOC(_IOC_READ|_IOC_WRITE, 0x46, 0x2a, 0x20), 0x7ffe5ca62b00) = 0
3947773 ioctl(8, _IOC(_IOC_READ|_IOC_WRITE, 0x46, 0x2a, 0x20), 0x7ffe5ca62b50) = 0
3947773 ioctl(8, _IOC(_IOC_READ|_IOC_WRITE, 0x46, 0x2b, 0x30), 0x7ffe5ca63130) = 0
3947773 ioctl(8, _IOC(_IOC_READ|_IOC_WRITE, 0x46, 0x2a, 0x20), 0x7ffe5ca61ff0) = 0
3947773 openat(AT_FDCWD, "/dev/nvidiactl", O_RDWR|O_CLOEXEC) = 33
3947773 ioctl(8, _IOC(_IOC_READ|_IOC_WRITE, 0x46, 0x4e, 0x38), 0x7ffe5ca631b0) = 0
3947773 close(33)                       = 0
3947773 ioctl(8, _IOC(_IOC_READ|_IOC_WRITE, 0x46, 0x2b, 0x30), 0x7ffe5ca63ad0) = 0
3947773 ioctl(8, _IOC(_IOC_READ|_IOC_WRITE, 0x46, 0x2a, 0x20), 0x7ffe5ca62b40) = 0
3947773 ioctl(8, _IOC(_IOC_READ|_IOC_WRITE, 0x46, 0x2b, 0x30), 0x7ffe5ca63be0) = 0
3947773 ioctl(8, _IOC(_IOC_READ|_IOC_WRITE, 0x46, 0x2a, 0x20), 0x7ffe5ca62b00) = 0
3947773 ioctl(8, _IOC(_IOC_READ|_IOC_WRITE, 0x46, 0x2a, 0x20), 0x7ffe5ca62b50) = 0
3947773 ioctl(8, _IOC(_IOC_READ|_IOC_WRITE, 0x46, 0x2b, 0x30), 0x7ffe5ca63130) = 0
3947773 ioctl(8, _IOC(_IOC_READ|_IOC_WRITE, 0x46, 0x2a, 0x20), 0x7ffe5ca61ff0) = 0
3947773 openat(AT_FDCWD, "/dev/nvidiactl", O_RDWR|O_CLOEXEC) = 33
3947773 ioctl(8, _IOC(_IOC_READ|_IOC_WRITE, 0x46, 0x4e, 0x38), 0x7ffe5ca631b0) = 0
3947773 close(33)                       = 0
3947773 ioctl(8, _IOC(_IOC_READ|_IOC_WRITE, 0x46, 0x2b, 0x30), 0x7ffe5ca63ad0) = 0
3947773 ioctl(8, _IOC(_IOC_READ|_IOC_WRITE, 0x46, 0x2a, 0x20), 0x7ffe5ca62b40) = 0
3947773 ioctl(8, _IOC(_IOC_READ|_IOC_WRITE, 0x46, 0x2b, 0x30), 0x7ffe5ca63be0) = 0
3947773 ioctl(8, _IOC(_IOC_READ|_IOC_WRITE, 0x46, 0x2a, 0x20), 0x7ffe5ca62b00) = 0
3947773 ioctl(8, _IOC(_IOC_READ|_IOC_WRITE, 0x46, 0x2a, 0x20), 0x7ffe5ca62b50) = 0
3947773 ioctl(9, _IOC(_IOC_NONE, 0, 0x1b, 0), 0x7ffe5ca64290) = 0
3947773 ioctl(9, _IOC(_IOC_NONE, 0, 0x1b, 0), 0x7ffe5ca64290) = 0
3947773 ioctl(9, _IOC(_IOC_NONE, 0, 0x1b, 0), 0x7ffe5ca64290) = 0
3947773 ioctl(9, _IOC(_IOC_NONE, 0, 0x1b, 0), 0x7ffe5ca64290) = 0
3947773 ioctl(8, _IOC(_IOC_READ|_IOC_WRITE, 0x46, 0x2a, 0x20), 0x7ffe5ca631a0) = 0
3947773 openat(AT_FDCWD, "/dev/nvidia0", O_RDWR|O_CLOEXEC) = 33
3947773 ioctl(33, _IOC(_IOC_READ|_IOC_WRITE, 0x46, 0xc9, 0x4), 0x7ffe5ca64190) = 0
3947773 ioctl(33, _IOC(_IOC_READ|_IOC_WRITE, 0x46, 0xce, 0x10), 0x7ffe5ca64180) = 0
3947773 ioctl(33, _IOC(_IOC_READ|_IOC_WRITE, 0x46, 0x2b, 0x30), 0x7ffe5ca64170) = 0
3947773 ioctl(8, _IOC(_IOC_READ|_IOC_WRITE, 0x46, 0x2b, 0x30), 0x7ffe5ca63570) = 0
3947773 ioctl(8, _IOC(_IOC_READ|_IOC_WRITE, 0x46, 0x2a, 0x20), 0x7ffe5ca62430) = 0
3947773 openat(AT_FDCWD, "/dev/nvidiactl", O_RDWR|O_CLOEXEC) = 35
3947773 ioctl(8, _IOC(_IOC_READ|_IOC_WRITE, 0x46, 0x4e, 0x38), 0x7ffe5ca635f0) = 0
3947773 close(35)                       = 0
3947773 ioctl(9, _IOC(_IOC_NONE, 0, 0x49, 0), 0x7ffe5ca63250) = 0
3947773 ioctl(9, _IOC(_IOC_NONE, 0, 0x21, 0), 0x7ffe5ca60e40) = 0
3947773 ioctl(8, _IOC(_IOC_READ|_IOC_WRITE, 0x46, 0x2a, 0x20), 0x7ffe5ca62d50) = 0
3947773 ioctl(8, _IOC(_IOC_READ|_IOC_WRITE, 0x46, 0x2a, 0x20), 0x7ffe5ca62aa0) = 0
3947773 ioctl(8, _IOC(_IOC_READ|_IOC_WRITE, 0x46, 0x2b, 0x30), 0x7ffe5ca63610) = 0
3947773 ioctl(9, _IOC(_IOC_NONE, 0, 0x49, 0), 0x7ffe5ca632f0) = 0
3947773 ioctl(9, _IOC(_IOC_NONE, 0, 0x21, 0), 0x7ffe5ca60ee0) = 0
3947773 ioctl(9, _IOC(_IOC_NONE, 0, 0x44, 0), 0x7ffe5ca60da0) = 0
3947773 ioctl(9, _IOC(_IOC_NONE, 0, 0x48, 0), 0x7ffe5ca60870) = 0
3947773 ioctl(9, _IOC(_IOC_NONE, 0, 0x17, 0), 0x7ffe5ca643c0) = 0
3947773 ioctl(9, _IOC(_IOC_NONE, 0, 0x17, 0), 0x7ffe5ca643c0) = 0
3947773 ioctl(9, _IOC(_IOC_NONE, 0, 0x17, 0), 0x7ffe5ca643c0) = 0
3947773 ioctl(9, _IOC(_IOC_NONE, 0, 0x17, 0), 0x7ffe5ca643c0) = 0
3947773 ioctl(9, _IOC(_IOC_NONE, 0, 0x17, 0), 0x7ffe5ca643c0) = 0
3947773 ioctl(9, _IOC(_IOC_NONE, 0, 0x17, 0), 0x7ffe5ca643c0) = 0
3947773 ioctl(9, _IOC(_IOC_NONE, 0, 0x17, 0), 0x7ffe5ca643c0) = 0
3947773 ioctl(9, _IOC(_IOC_NONE, 0, 0x17, 0), 0x7ffe5ca643c0) = 0
3947773 ioctl(9, _IOC(_IOC_NONE, 0, 0x17, 0), 0x7ffe5ca643c0) = 0
3947773 ioctl(9, _IOC(_IOC_NONE, 0, 0x17, 0), 0x7ffe5ca643c0) = 0
3947773 ioctl(8, _IOC(_IOC_READ|_IOC_WRITE, 0x46, 0x2b, 0x30), 0x7ffe5ca63450) = 0
3947773 ioctl(8, _IOC(_IOC_READ|_IOC_WRITE, 0x46, 0x2a, 0x20), 0x7ffe5ca62310) = 0
3947773 openat(AT_FDCWD, "/dev/nvidiactl", O_RDWR|O_CLOEXEC) = 36
3947773 ioctl(8, _IOC(_IOC_READ|_IOC_WRITE, 0x46, 0x4e, 0x38), 0x7ffe5ca634d0) = 0
3947773 close(36)                       = 0
3947773 ioctl(9, _IOC(_IOC_NONE, 0, 0x49, 0), 0x7ffe5ca63130) = 0
3947773 ioctl(9, _IOC(_IOC_NONE, 0, 0x21, 0), 0x7ffe5ca60d20) = 0
3947773 ioctl(15, _IOC(_IOC_READ|_IOC_WRITE, 0x46, 0x27, 0x38), 0x7ffe5ca63440) = 0
3947773 ioctl(9, _IOC(_IOC_NONE, 0, 0x49, 0), 0x7ffe5ca63130) = 0
3947773 ioctl(9, _IOC(_IOC_NONE, 0, 0x21, 0), 0x7ffe5ca60d20) = 0
3947773 ioctl(8, _IOC(_IOC_READ|_IOC_WRITE, 0x46, 0x2b, 0x30), 0x7ffe5ca637a0) = 0
3947773 ioctl(9, _IOC(_IOC_NONE, 0, 0x49, 0), 0x7ffe5ca63480) = 0
3947773 ioctl(9, _IOC(_IOC_NONE, 0, 0x21, 0), 0x7ffe5ca61070) = 0
3947773 ioctl(15, _IOC(_IOC_READ|_IOC_WRITE, 0x46, 0x27, 0x38), 0x7ffe5ca63540) = 0
3947773 ioctl(9, _IOC(_IOC_NONE, 0, 0x49, 0), 0x7ffe5ca63230) = 0
3947773 ioctl(9, _IOC(_IOC_NONE, 0, 0x21, 0), 0x7ffe5ca60e20) = 0
3947773 ioctl(8, _IOC(_IOC_READ|_IOC_WRITE, 0x46, 0x2b, 0x30), 0x7ffe5ca63550) = 0
3947773 ioctl(9, _IOC(_IOC_NONE, 0, 0x49, 0), 0x7ffe5ca63230) = 0
3947773 ioctl(9, _IOC(_IOC_NONE, 0, 0x21, 0), 0x7ffe5ca60e20) = 0
3947773 ioctl(9, _IOC(_IOC_NONE, 0, 0x41, 0), 0x7ffe5ca63660) = 0
3947773 ioctl(15, _IOC(_IOC_READ|_IOC_WRITE, 0x46, 0x27, 0x38), 0x7ffe5ca63980) = 0
3947773 ioctl(9, _IOC(_IOC_NONE, 0, 0x49, 0), 0x7ffe5ca63670) = 0
3947773 ioctl(9, _IOC(_IOC_NONE, 0, 0x21, 0), 0x7ffe5ca61260) = 0
3947773 ioctl(8, _IOC(_IOC_READ|_IOC_WRITE, 0x46, 0x2b, 0x30), 0x7ffe5ca62e30) = 0
3947773 ioctl(9, _IOC(_IOC_NONE, 0, 0x49, 0), 0x7ffe5ca62b10) = 0
3947773 ioctl(9, _IOC(_IOC_NONE, 0, 0x21, 0), 0x7ffe5ca60700) = 0
3947773 ioctl(8, _IOC(_IOC_READ|_IOC_WRITE, 0x46, 0x2b, 0x30), 0x7ffe5ca63750) = 0
3947773 ioctl(8, _IOC(_IOC_READ|_IOC_WRITE, 0x46, 0x2a, 0x20), 0x7ffe5ca62610) = 0
3947773 openat(AT_FDCWD, "/dev/nvidiactl", O_RDWR|O_CLOEXEC) = 36
3947773 ioctl(8, _IOC(_IOC_READ|_IOC_WRITE, 0x46, 0x4e, 0x38), 0x7ffe5ca637d0) = 0
3947773 close(36)                       = 0
3947773 ioctl(9, _IOC(_IOC_NONE, 0, 0x49, 0), 0x7ffe5ca63430) = 0
3947773 ioctl(9, _IOC(_IOC_NONE, 0, 0x21, 0), 0x7ffe5ca61020) = 0
3947773 ioctl(8, _IOC(_IOC_READ|_IOC_WRITE, 0x46, 0x2b, 0x30), 0x7ffe5ca62660) = 0
3947773 ioctl(9, _IOC(_IOC_NONE, 0, 0x49, 0), 0x7ffe5ca62340) = 0
3947773 ioctl(9, _IOC(_IOC_NONE, 0, 0x21, 0), 0x7ffe5ca5ff30) = 0
3947773 ioctl(15, _IOC(_IOC_READ|_IOC_WRITE, 0x46, 0x27, 0x38), 0x7ffe5ca63730) = 0
3947773 ioctl(9, _IOC(_IOC_NONE, 0, 0x49, 0), 0x7ffe5ca63420) = 0
3947773 ioctl(9, _IOC(_IOC_NONE, 0, 0x21, 0), 0x7ffe5ca61010) = 0
3947773 ioctl(8, _IOC(_IOC_READ|_IOC_WRITE, 0x46, 0x2b, 0x30), 0x7ffe5ca64440) = 0
3947773 ioctl(8, _IOC(_IOC_READ|_IOC_WRITE, 0x46, 0x2b, 0x30), 0x7ffe5ca635d0) = 0
3947773 ioctl(8, _IOC(_IOC_READ|_IOC_WRITE, 0x46, 0x2a, 0x20), 0x7ffe5ca62490) = 0
3947773 openat(AT_FDCWD, "/dev/nvidiactl", O_RDWR|O_CLOEXEC) = 36
3947773 ioctl(8, _IOC(_IOC_READ|_IOC_WRITE, 0x46, 0x4e, 0x38), 0x7ffe5ca63650) = 0
3947773 close(36)                       = 0
3947773 ioctl(9, _IOC(_IOC_NONE, 0, 0x49, 0), 0x7ffe5ca632b0) = 0
3947773 ioctl(9, _IOC(_IOC_NONE, 0, 0x21, 0), 0x7ffe5ca60ea0) = 0
3947773 ioctl(8, _IOC(_IOC_READ|_IOC_WRITE, 0x46, 0x2b, 0x30), 0x7ffe5ca63710) = 0
3947773 ioctl(9, _IOC(_IOC_NONE, 0, 0x49, 0), 0x7ffe5ca633f0) = 0
3947773 ioctl(9, _IOC(_IOC_NONE, 0, 0x21, 0), 0x7ffe5ca60fe0) = 0
3947773 ioctl(8, _IOC(_IOC_READ|_IOC_WRITE, 0x46, 0x2b, 0x30), 0x7ffe5ca63710) = 0
3947773 ioctl(9, _IOC(_IOC_NONE, 0, 0x49, 0), 0x7ffe5ca633f0) = 0
3947773 ioctl(9, _IOC(_IOC_NONE, 0, 0x21, 0), 0x7ffe5ca60fe0) = 0
3947773 openat(AT_FDCWD, "/dev/nvidia0", O_RDWR|O_CLOEXEC) = 36
3947773 ioctl(36, _IOC(_IOC_READ|_IOC_WRITE, 0x46, 0xc9, 0x4), 0x7ffe5ca642f0) = 0
3947773 ioctl(36, _IOC(_IOC_READ|_IOC_WRITE, 0x46, 0xce, 0x10), 0x7ffe5ca642e0) = 0
3947773 ioctl(36, _IOC(_IOC_READ|_IOC_WRITE, 0x46, 0x2b, 0x30), 0x7ffe5ca642d0) = 0
3947773 openat(AT_FDCWD, "/dev/nvidia0", O_RDWR|O_CLOEXEC) = 38
3947773 ioctl(38, _IOC(_IOC_READ|_IOC_WRITE, 0x46, 0xc9, 0x4), 0x7ffe5ca642f0) = 0
3947773 ioctl(38, _IOC(_IOC_READ|_IOC_WRITE, 0x46, 0xce, 0x10), 0x7ffe5ca642e0) = 0
3947773 ioctl(38, _IOC(_IOC_READ|_IOC_WRITE, 0x46, 0x2b, 0x30), 0x7ffe5ca642d0) = 0
3947773 openat(AT_FDCWD, "/dev/nvidia0", O_RDWR|O_CLOEXEC) = 40
3947773 ioctl(40, _IOC(_IOC_READ|_IOC_WRITE, 0x46, 0xc9, 0x4), 0x7ffe5ca642f0) = 0
3947773 ioctl(40, _IOC(_IOC_READ|_IOC_WRITE, 0x46, 0xce, 0x10), 0x7ffe5ca642e0) = 0
3947773 ioctl(40, _IOC(_IOC_READ|_IOC_WRITE, 0x46, 0x2b, 0x30), 0x7ffe5ca642d0) = 0
3947773 openat(AT_FDCWD, "/dev/nvidia0", O_RDWR|O_CLOEXEC) = 42
3947773 ioctl(42, _IOC(_IOC_READ|_IOC_WRITE, 0x46, 0xc9, 0x4), 0x7ffe5ca642f0) = 0
3947773 ioctl(42, _IOC(_IOC_READ|_IOC_WRITE, 0x46, 0xce, 0x10), 0x7ffe5ca642e0) = 0
3947773 ioctl(42, _IOC(_IOC_READ|_IOC_WRITE, 0x46, 0x2b, 0x30), 0x7ffe5ca642d0) = 0
3947773 ioctl(8, _IOC(_IOC_READ|_IOC_WRITE, 0x46, 0x2a, 0x20), 0x7ffe5ca63240) = 0
3947773 ioctl(8, _IOC(_IOC_READ|_IOC_WRITE, 0x46, 0x2a, 0x20), 0x7ffe5ca632f0) = 0
3947773 ioctl(8, _IOC(_IOC_READ|_IOC_WRITE, 0x46, 0x2a, 0x20), 0x7ffe5ca63380) = 0
3947773 ioctl(8, _IOC(_IOC_READ|_IOC_WRITE, 0x46, 0x2b, 0x30), 0x7ffe5ca636f0) = 0
3947773 ioctl(9, _IOC(_IOC_NONE, 0, 0x49, 0), 0x7ffe5ca633d0) = 0
3947773 ioctl(9, _IOC(_IOC_NONE, 0, 0x21, 0), 0x7ffe5ca60fc0) = 0
3947773 ioctl(8, _IOC(_IOC_READ|_IOC_WRITE, 0x46, 0x2a, 0x20), 0x7ffe5ca63380) = 0
3947773 openat(AT_FDCWD, "/proc/self/task/3947788/comm", O_WRONLY|O_CREAT|O_TRUNC, 0666) = 44
3947773 close(44)                       = 0
3947788 +++ exited with 0 +++
3947774 +++ exited with 0 +++
3947773 +++ exited with 0 +++
